[2024-05-02T11:17:26.660+0000] {local_task_job_runner.py:120} INFO - ::group::Pre task execution logs
[2024-05-02T11:17:26.673+0000] {taskinstance.py:2073} INFO - Dependencies all met for dep_context=non-requeueable deps ti=<TaskInstance: cep_dag.etl_3 manual__2024-05-02T11:14:12.031292+00:00 [queued]>
[2024-05-02T11:17:26.678+0000] {taskinstance.py:2073} INFO - Dependencies all met for dep_context=requeueable deps ti=<TaskInstance: cep_dag.etl_3 manual__2024-05-02T11:14:12.031292+00:00 [queued]>
[2024-05-02T11:17:26.678+0000] {taskinstance.py:2303} INFO - Starting attempt 1 of 1
[2024-05-02T11:17:26.685+0000] {taskinstance.py:2327} INFO - Executing <Task(_PythonDecoratedOperator): etl_3> on 2024-05-02 11:14:12.031292+00:00
[2024-05-02T11:17:26.691+0000] {warnings.py:110} WARNING - /home/***/.local/lib/python3.12/site-packages/***/task/task_runner/standard_task_runner.py:61: DeprecationWarning: This process (pid=147) is multi-threaded, use of fork() may lead to deadlocks in the child.
  pid = os.fork()

[2024-05-02T11:17:26.692+0000] {standard_task_runner.py:63} INFO - Started process 149 to run task
[2024-05-02T11:17:26.692+0000] {standard_task_runner.py:90} INFO - Running: ['***', 'tasks', 'run', 'cep_dag', 'etl_3', 'manual__2024-05-02T11:14:12.031292+00:00', '--job-id', '20', '--raw', '--subdir', 'DAGS_FOLDER/cep.py', '--cfg-path', '/tmp/tmp0tc3_28m']
[2024-05-02T11:17:26.694+0000] {standard_task_runner.py:91} INFO - Job 20: Subtask etl_3
[2024-05-02T11:17:26.718+0000] {task_command.py:426} INFO - Running <TaskInstance: cep_dag.etl_3 manual__2024-05-02T11:14:12.031292+00:00 [running]> on host 278214997a30
[2024-05-02T11:17:26.765+0000] {taskinstance.py:2644} INFO - Exporting env vars: AIRFLOW_CTX_DAG_OWNER='***' AIRFLOW_CTX_DAG_ID='cep_dag' AIRFLOW_CTX_TASK_ID='etl_3' AIRFLOW_CTX_EXECUTION_DATE='2024-05-02T11:14:12.031292+00:00' AIRFLOW_CTX_TRY_NUMBER='1' AIRFLOW_CTX_DAG_RUN_ID='manual__2024-05-02T11:14:12.031292+00:00'
[2024-05-02T11:17:26.766+0000] {taskinstance.py:430} INFO - ::endgroup::
[2024-05-02T11:17:26.766+0000] {logging_mixin.py:188} INFO - [{'filename': 'log_logradouro_mg.txt', 'tablename': 'log_logradouro', 'columns': ['log_nu', 'ufe_sg', 'loc_nu', 'bai_nu_ini', 'bai_nu_fim', 'log_no', 'log_complemento', 'cep', 'tlo_tx', 'log_sta_tlo', 'log_no_abrev']}]
[2024-05-02T11:17:26.766+0000] {logging_mixin.py:188} INFO - Filename: /opt/***/output/cep/log_logradouro_mg.txt, Table: log_logradouro, Columns: ['log_nu', 'ufe_sg', 'loc_nu', 'bai_nu_ini', 'bai_nu_fim', 'log_no', 'log_complemento', 'cep', 'tlo_tx', 'log_sta_tlo', 'log_no_abrev']
[2024-05-02T11:17:26.879+0000] {logging_mixin.py:188} INFO - /opt/***/output/cep/log_logradouro_mg.txt loaded into dataframe
[2024-05-02T11:17:32.570+0000] {logging_mixin.py:188} INFO - log_logradouro persisted
[2024-05-02T11:17:32.574+0000] {logging_mixin.py:188} INFO - Done
[2024-05-02T11:17:32.574+0000] {python.py:237} INFO - Done. Returned value was: None
[2024-05-02T11:17:32.575+0000] {taskinstance.py:441} INFO - ::group::Post task execution logs
[2024-05-02T11:17:32.581+0000] {taskinstance.py:1205} INFO - Marking task as SUCCESS. dag_id=cep_dag, task_id=etl_3, execution_date=20240502T111412, start_date=20240502T111726, end_date=20240502T111732
[2024-05-02T11:17:32.628+0000] {local_task_job_runner.py:240} INFO - Task exited with return code 0
[2024-05-02T11:17:32.643+0000] {taskinstance.py:3482} INFO - 1 downstream tasks scheduled from follow-on schedule check
[2024-05-02T11:17:32.645+0000] {local_task_job_runner.py:222} INFO - ::endgroup::
