[2024-05-02T11:16:15.967+0000] {local_task_job_runner.py:120} INFO - ::group::Pre task execution logs
[2024-05-02T11:16:15.980+0000] {taskinstance.py:2073} INFO - Dependencies all met for dep_context=non-requeueable deps ti=<TaskInstance: cep_dag.etl_1 manual__2024-05-02T11:14:12.031292+00:00 [queued]>
[2024-05-02T11:16:15.985+0000] {taskinstance.py:2073} INFO - Dependencies all met for dep_context=requeueable deps ti=<TaskInstance: cep_dag.etl_1 manual__2024-05-02T11:14:12.031292+00:00 [queued]>
[2024-05-02T11:16:15.985+0000] {taskinstance.py:2303} INFO - Starting attempt 1 of 1
[2024-05-02T11:16:15.993+0000] {taskinstance.py:2327} INFO - Executing <Task(_PythonDecoratedOperator): etl_1> on 2024-05-02 11:14:12.031292+00:00
[2024-05-02T11:16:15.998+0000] {warnings.py:110} WARNING - /home/***/.local/lib/python3.12/site-packages/***/task/task_runner/standard_task_runner.py:61: DeprecationWarning: This process (pid=127) is multi-threaded, use of fork() may lead to deadlocks in the child.
  pid = os.fork()

[2024-05-02T11:16:15.999+0000] {standard_task_runner.py:63} INFO - Started process 129 to run task
[2024-05-02T11:16:15.999+0000] {standard_task_runner.py:90} INFO - Running: ['***', 'tasks', 'run', 'cep_dag', 'etl_1', 'manual__2024-05-02T11:14:12.031292+00:00', '--job-id', '18', '--raw', '--subdir', 'DAGS_FOLDER/cep.py', '--cfg-path', '/tmp/tmp_168pgc1']
[2024-05-02T11:16:16.000+0000] {standard_task_runner.py:91} INFO - Job 18: Subtask etl_1
[2024-05-02T11:16:16.025+0000] {task_command.py:426} INFO - Running <TaskInstance: cep_dag.etl_1 manual__2024-05-02T11:14:12.031292+00:00 [running]> on host 278214997a30
[2024-05-02T11:16:16.073+0000] {taskinstance.py:2644} INFO - Exporting env vars: AIRFLOW_CTX_DAG_OWNER='***' AIRFLOW_CTX_DAG_ID='cep_dag' AIRFLOW_CTX_TASK_ID='etl_1' AIRFLOW_CTX_EXECUTION_DATE='2024-05-02T11:14:12.031292+00:00' AIRFLOW_CTX_TRY_NUMBER='1' AIRFLOW_CTX_DAG_RUN_ID='manual__2024-05-02T11:14:12.031292+00:00'
[2024-05-02T11:16:16.074+0000] {taskinstance.py:430} INFO - ::endgroup::
[2024-05-02T11:16:16.074+0000] {logging_mixin.py:188} INFO - Filename: /opt/***/output/cep/log_faixa_uf.txt, Table: log_faixa_uf, Columns: ['ufe_sg', 'ufe_cep_ini', 'ufe_cep_fim']
[2024-05-02T11:16:16.079+0000] {logging_mixin.py:188} INFO - /opt/***/output/cep/log_faixa_uf.txt loaded into dataframe
[2024-05-02T11:16:17.594+0000] {logging_mixin.py:188} INFO - log_faixa_uf persisted
[2024-05-02T11:16:17.596+0000] {logging_mixin.py:188} INFO - Filename: /opt/***/output/cep/log_localidade.txt, Table: log_localidade, Columns: ['loc_nu', 'ufe_sg', 'loc_no', 'cep', 'loc_in_sit', 'loc_in_tipo_loc', 'loc_nu_sub', 'loc_no_abrev', 'mun_nu']
[2024-05-02T11:16:17.612+0000] {logging_mixin.py:188} INFO - /opt/***/output/cep/log_localidade.txt loaded into dataframe
[2024-05-02T11:16:18.668+0000] {logging_mixin.py:188} INFO - log_localidade persisted
[2024-05-02T11:16:18.669+0000] {logging_mixin.py:188} INFO - Filename: /opt/***/output/cep/log_var_loc.txt, Table: log_var_loc, Columns: ['loc_nu', 'val_nu', 'val_tx']
[2024-05-02T11:16:18.673+0000] {logging_mixin.py:188} INFO - /opt/***/output/cep/log_var_loc.txt loaded into dataframe
[2024-05-02T11:16:19.205+0000] {logging_mixin.py:188} INFO - log_var_loc persisted
[2024-05-02T11:16:19.206+0000] {logging_mixin.py:188} INFO - Filename: /opt/***/output/cep/log_faixa_localidade.txt, Table: log_faixa_localidade, Columns: ['loc_nu', 'loc_cep_ini', 'loc_cep_fim', 'loc_tipo_faixa']
[2024-05-02T11:16:19.208+0000] {logging_mixin.py:188} INFO - /opt/***/output/cep/log_faixa_localidade.txt loaded into dataframe
[2024-05-02T11:16:19.870+0000] {logging_mixin.py:188} INFO - log_faixa_localidade persisted
[2024-05-02T11:16:19.871+0000] {logging_mixin.py:188} INFO - Filename: /opt/***/output/cep/log_bairro.txt, Table: log_bairro, Columns: ['bai_nu', 'ufe_sf', 'loc_nu', 'bai_no', 'bai_no_abrev']
[2024-05-02T11:16:19.918+0000] {logging_mixin.py:188} INFO - /opt/***/output/cep/log_bairro.txt loaded into dataframe
[2024-05-02T11:16:21.937+0000] {logging_mixin.py:188} INFO - log_bairro persisted
[2024-05-02T11:16:21.943+0000] {logging_mixin.py:188} INFO - Filename: /opt/***/output/cep/log_var_bai.txt, Table: log_var_bai, Columns: ['bai_nu', 'vdb_nu', 'vdb_tx']
[2024-05-02T11:16:21.972+0000] {logging_mixin.py:188} INFO - /opt/***/output/cep/log_var_bai.txt loaded into dataframe
[2024-05-02T11:16:23.090+0000] {logging_mixin.py:188} INFO - log_var_bai persisted
[2024-05-02T11:16:23.092+0000] {logging_mixin.py:188} INFO - Filename: /opt/***/output/cep/log_faixa_bairro.txt, Table: log_faixa_bairro, Columns: ['bai_nu', 'fcb_cep_ini', 'fcb_cep_fim']
[2024-05-02T11:16:23.122+0000] {logging_mixin.py:188} INFO - /opt/***/output/cep/log_faixa_bairro.txt loaded into dataframe
[2024-05-02T11:16:25.783+0000] {logging_mixin.py:188} INFO - log_faixa_bairro persisted
[2024-05-02T11:16:25.783+0000] {logging_mixin.py:188} INFO - Filename: /opt/***/output/cep/log_cpc.txt, Table: log_cpc, Columns: ['cpc_nu', 'ufe_sg', 'loc_nu', 'cpc_no', 'cpc_endereco', 'cep']
[2024-05-02T11:16:25.788+0000] {logging_mixin.py:188} INFO - /opt/***/output/cep/log_cpc.txt loaded into dataframe
[2024-05-02T11:16:26.200+0000] {logging_mixin.py:188} INFO - log_cpc persisted
[2024-05-02T11:16:26.200+0000] {logging_mixin.py:188} INFO - Filename: /opt/***/output/cep/log_faixa_cpc.txt, Table: log_faixa_cpc, Columns: ['cpc_nu', 'cpc_inicial', 'cpc_final']
[2024-05-02T11:16:26.202+0000] {logging_mixin.py:188} INFO - /opt/***/output/cep/log_faixa_cpc.txt loaded into dataframe
[2024-05-02T11:16:26.542+0000] {logging_mixin.py:188} INFO - log_faixa_cpc persisted
[2024-05-02T11:16:26.542+0000] {logging_mixin.py:188} INFO - Filename: /opt/***/output/cep/log_var_log.txt, Table: log_var_log, Columns: ['log_nu', 'vlo_nu', 'tlo_tx', 'vlo_tx']
[2024-05-02T11:16:26.582+0000] {logging_mixin.py:188} INFO - /opt/***/output/cep/log_var_log.txt loaded into dataframe
[2024-05-02T11:16:29.413+0000] {logging_mixin.py:188} INFO - log_var_log persisted
[2024-05-02T11:16:29.420+0000] {logging_mixin.py:188} INFO - Filename: /opt/***/output/cep/log_num_sec.txt, Table: log_num_sec, Columns: ['log_nu', 'sec_nu_ini', 'sec_nu_fim', 'sec_in_lado']
[2024-05-02T11:16:29.451+0000] {logging_mixin.py:188} INFO - /opt/***/output/cep/log_num_sec.txt loaded into dataframe
[2024-05-02T11:16:32.366+0000] {logging_mixin.py:188} INFO - log_num_sec persisted
[2024-05-02T11:16:32.372+0000] {logging_mixin.py:188} INFO - Filename: /opt/***/output/cep/log_grande_usuario.txt, Table: log_grande_usuario, Columns: ['gru_nu', 'ufe_sg', 'loc_nu', 'bai_nu', 'log_nu', 'gru_no', 'gru_endereco', 'cep', 'gru_no_abrev']
[2024-05-02T11:16:32.399+0000] {logging_mixin.py:188} INFO - /opt/***/output/cep/log_grande_usuario.txt loaded into dataframe
[2024-05-02T11:16:33.504+0000] {logging_mixin.py:188} INFO - log_grande_usuario persisted
[2024-05-02T11:16:33.507+0000] {logging_mixin.py:188} INFO - Filename: /opt/***/output/cep/log_unid_oper.txt, Table: log_unid_oper, Columns: ['uop_nu', 'ufe_sg', 'loc_nu', 'bai_nu', 'log_nu', 'uop_no', 'uop_endereco', 'cep', 'uop_in_cp', 'uop_no_abrev']
[2024-05-02T11:16:33.537+0000] {logging_mixin.py:188} INFO - /opt/***/output/cep/log_unid_oper.txt loaded into dataframe
[2024-05-02T11:16:34.844+0000] {logging_mixin.py:188} INFO - log_unid_oper persisted
[2024-05-02T11:16:34.846+0000] {logging_mixin.py:188} INFO - Filename: /opt/***/output/cep/log_faixa_uop.txt, Table: log_faixa_uop, Columns: ['uop_nu', 'fnc_inicial', 'fnc_final']
[2024-05-02T11:16:34.848+0000] {logging_mixin.py:188} INFO - /opt/***/output/cep/log_faixa_uop.txt loaded into dataframe
[2024-05-02T11:16:35.418+0000] {logging_mixin.py:188} INFO - log_faixa_uop persisted
[2024-05-02T11:16:35.418+0000] {logging_mixin.py:188} INFO - Filename: /opt/***/output/cep/ect_pais.txt, Table: ect_pais, Columns: ['pai_sg', 'pai_sg_alternativa', 'pai_no_portugues', 'pai_no_ingles', 'pai_no_frances', 'pai_abreviatura']
[2024-05-02T11:16:35.420+0000] {logging_mixin.py:188} INFO - /opt/***/output/cep/ect_pais.txt loaded into dataframe
[2024-05-02T11:16:35.739+0000] {logging_mixin.py:188} INFO - ect_pais persisted
[2024-05-02T11:16:35.739+0000] {logging_mixin.py:188} INFO - Done
[2024-05-02T11:16:35.740+0000] {python.py:237} INFO - Done. Returned value was: None
[2024-05-02T11:16:35.741+0000] {taskinstance.py:441} INFO - ::group::Post task execution logs
[2024-05-02T11:16:35.751+0000] {taskinstance.py:1205} INFO - Marking task as SUCCESS. dag_id=cep_dag, task_id=etl_1, execution_date=20240502T111412, start_date=20240502T111615, end_date=20240502T111635
[2024-05-02T11:16:35.791+0000] {local_task_job_runner.py:240} INFO - Task exited with return code 0
[2024-05-02T11:16:35.807+0000] {taskinstance.py:3482} INFO - 1 downstream tasks scheduled from follow-on schedule check
[2024-05-02T11:16:35.810+0000] {local_task_job_runner.py:222} INFO - ::endgroup::
