[2024-05-02T11:08:49.100+0000] {local_task_job_runner.py:120} INFO - ::group::Pre task execution logs
[2024-05-02T11:08:49.116+0000] {taskinstance.py:2073} INFO - Dependencies all met for dep_context=non-requeueable deps ti=<TaskInstance: cep_dag.unzip_files scheduled__2024-05-01T00:00:00+00:00 [queued]>
[2024-05-02T11:08:49.121+0000] {taskinstance.py:2073} INFO - Dependencies all met for dep_context=requeueable deps ti=<TaskInstance: cep_dag.unzip_files scheduled__2024-05-01T00:00:00+00:00 [queued]>
[2024-05-02T11:08:49.121+0000] {taskinstance.py:2303} INFO - Starting attempt 1 of 1
[2024-05-02T11:08:49.129+0000] {taskinstance.py:2327} INFO - Executing <Task(_PythonDecoratedOperator): unzip_files> on 2024-05-01 00:00:00+00:00
[2024-05-02T11:08:49.134+0000] {warnings.py:110} WARNING - /home/***/.local/lib/python3.12/site-packages/***/task/task_runner/standard_task_runner.py:61: DeprecationWarning: This process (pid=169) is multi-threaded, use of fork() may lead to deadlocks in the child.
  pid = os.fork()

[2024-05-02T11:08:49.135+0000] {standard_task_runner.py:63} INFO - Started process 171 to run task
[2024-05-02T11:08:49.135+0000] {standard_task_runner.py:90} INFO - Running: ['***', 'tasks', 'run', 'cep_dag', 'unzip_files', 'scheduled__2024-05-01T00:00:00+00:00', '--job-id', '4', '--raw', '--subdir', 'DAGS_FOLDER/cep.py', '--cfg-path', '/tmp/tmpxelskcbt']
[2024-05-02T11:08:49.137+0000] {standard_task_runner.py:91} INFO - Job 4: Subtask unzip_files
[2024-05-02T11:08:49.163+0000] {task_command.py:426} INFO - Running <TaskInstance: cep_dag.unzip_files scheduled__2024-05-01T00:00:00+00:00 [running]> on host 8d3b0ff10584
[2024-05-02T11:08:49.215+0000] {taskinstance.py:2644} INFO - Exporting env vars: AIRFLOW_CTX_DAG_OWNER='***' AIRFLOW_CTX_DAG_ID='cep_dag' AIRFLOW_CTX_TASK_ID='unzip_files' AIRFLOW_CTX_EXECUTION_DATE='2024-05-01T00:00:00+00:00' AIRFLOW_CTX_TRY_NUMBER='1' AIRFLOW_CTX_DAG_RUN_ID='scheduled__2024-05-01T00:00:00+00:00'
[2024-05-02T11:08:49.215+0000] {taskinstance.py:430} INFO - ::endgroup::
[2024-05-02T11:08:49.216+0000] {logging_mixin.py:188} INFO - Timeout for unzip_files(): 0:20:00
[2024-05-02T11:08:49.216+0000] {logging_mixin.py:188} INFO - Found cep.zip
[2024-05-02T11:08:49.219+0000] {logging_mixin.py:188} INFO - Extracted cep/ => /opt/***/output
[2024-05-02T11:08:49.220+0000] {logging_mixin.py:188} INFO - Extracted cep/A_COMUNICADO 4 - Informacao sobre atualizacoes_1704.docx => /opt/***/output
[2024-05-02T11:08:49.220+0000] {logging_mixin.py:188} INFO - Extracted cep/Delimitado/ => /opt/***/output
[2024-05-02T11:08:49.226+0000] {logging_mixin.py:188} INFO - Extracted cep/Delimitado/LOG_UNID_OPER.txt => /opt/***/output
[2024-05-02T11:08:49.234+0000] {logging_mixin.py:188} INFO - Extracted cep/Delimitado/LOG_FAIXA_BAIRRO.TXT => /opt/***/output
[2024-05-02T11:08:49.250+0000] {logging_mixin.py:188} INFO - Extracted cep/Delimitado/LOG_LOGRADOURO_PR.TXT => /opt/***/output
[2024-05-02T11:08:49.252+0000] {logging_mixin.py:188} INFO - Extracted cep/Delimitado/LOG_LOGRADOURO_SE.TXT => /opt/***/output
[2024-05-02T11:08:49.275+0000] {logging_mixin.py:188} INFO - Extracted cep/Delimitado/LOG_LOGRADOURO_MG.TXT => /opt/***/output
[2024-05-02T11:08:49.279+0000] {logging_mixin.py:188} INFO - Extracted cep/Delimitado/LOG_LOGRADOURO_PI.TXT => /opt/***/output
[2024-05-02T11:08:49.350+0000] {logging_mixin.py:188} INFO - Extracted cep/Delimitado/LOG_LOGRADOURO_SP.TXT => /opt/***/output
[2024-05-02T11:08:49.352+0000] {logging_mixin.py:188} INFO - Extracted cep/Delimitado/Cepnet.exe => /opt/***/output
[2024-05-02T11:08:49.355+0000] {logging_mixin.py:188} INFO - Extracted cep/Delimitado/LOG_VAR_BAI.txt => /opt/***/output
[2024-05-02T11:08:49.356+0000] {logging_mixin.py:188} INFO - Extracted cep/Delimitado/Leiautes_delimitador.doc => /opt/***/output
[2024-05-02T11:08:49.364+0000] {logging_mixin.py:188} INFO - Extracted cep/Delimitado/LOG_BAIRRO.TXT => /opt/***/output
[2024-05-02T11:08:49.389+0000] {logging_mixin.py:188} INFO - Extracted cep/Delimitado/LOG_LOGRADOURO_RJ.TXT => /opt/***/output
[2024-05-02T11:08:49.390+0000] {logging_mixin.py:188} INFO - Extracted cep/Delimitado/LOG_FAIXA_CPC.txt => /opt/***/output
[2024-05-02T11:08:49.394+0000] {logging_mixin.py:188} INFO - Extracted cep/Delimitado/LOG_LOGRADOURO_MA.TXT => /opt/***/output
[2024-05-02T11:08:49.395+0000] {logging_mixin.py:188} INFO - Extracted cep/Delimitado/LOG_LOGRADOURO_AC.txt => /opt/***/output
[2024-05-02T11:08:49.401+0000] {logging_mixin.py:188} INFO - Extracted cep/Delimitado/LOG_LOGRADOURO_PA.TXT => /opt/***/output
[2024-05-02T11:08:49.406+0000] {logging_mixin.py:188} INFO - Extracted cep/Delimitado/LOG_LOGRADOURO_MT.TXT => /opt/***/output
[2024-05-02T11:08:49.408+0000] {logging_mixin.py:188} INFO - Extracted cep/Delimitado/LOG_LOGRADOURO_TO.TXT => /opt/***/output
[2024-05-02T11:08:49.412+0000] {logging_mixin.py:188} INFO - Extracted cep/Delimitado/LOG_LOGRADOURO_MS.TXT => /opt/***/output
[2024-05-02T11:08:49.424+0000] {logging_mixin.py:188} INFO - Extracted cep/Delimitado/LOG_LOGRADOURO_SC.TXT => /opt/***/output
[2024-05-02T11:08:49.432+0000] {logging_mixin.py:188} INFO - Extracted cep/Delimitado/LOG_LOGRADOURO_CE.TXT => /opt/***/output
[2024-05-02T11:08:49.433+0000] {logging_mixin.py:188} INFO - Extracted cep/Delimitado/LOG_VAR_LOC.txt => /opt/***/output
[2024-05-02T11:08:49.435+0000] {logging_mixin.py:188} INFO - Extracted cep/Delimitado/LOG_LOCALIDADE.txt => /opt/***/output
[2024-05-02T11:08:49.439+0000] {logging_mixin.py:188} INFO - Extracted cep/Delimitado/LOG_LOGRADOURO_RO.TXT => /opt/***/output
[2024-05-02T11:08:49.446+0000] {logging_mixin.py:188} INFO - Extracted cep/Delimitado/LOG_NUM_SEC.txt => /opt/***/output
[2024-05-02T11:08:49.455+0000] {logging_mixin.py:188} INFO - Extracted cep/Delimitado/LOG_VAR_LOG.txt => /opt/***/output
[2024-05-02T11:08:49.456+0000] {logging_mixin.py:188} INFO - Extracted cep/Delimitado/LOG_LOGRADOURO_AP.TXT => /opt/***/output
[2024-05-02T11:08:49.462+0000] {logging_mixin.py:188} INFO - Extracted cep/Delimitado/LOG_LOGRADOURO_DF.txt => /opt/***/output
[2024-05-02T11:08:49.463+0000] {logging_mixin.py:188} INFO - Extracted cep/Delimitado/LOG_FAIXA_UOP.txt => /opt/***/output
[2024-05-02T11:08:49.465+0000] {logging_mixin.py:188} INFO - Extracted cep/Delimitado/LOG_LOGRADOURO_AL.TXT => /opt/***/output
[2024-05-02T11:08:49.478+0000] {logging_mixin.py:188} INFO - Extracted cep/Delimitado/LOG_LOGRADOURO_RS.TXT => /opt/***/output
[2024-05-02T11:08:49.490+0000] {logging_mixin.py:188} INFO - Extracted cep/Delimitado/LOG_LOGRADOURO_GO.TXT => /opt/***/output
[2024-05-02T11:08:49.495+0000] {logging_mixin.py:188} INFO - Extracted cep/Delimitado/LOG_LOGRADOURO_PB.TXT => /opt/***/output
[2024-05-02T11:08:49.507+0000] {logging_mixin.py:188} INFO - Extracted cep/Delimitado/LOG_LOGRADOURO_PE.TXT => /opt/***/output
[2024-05-02T11:08:49.512+0000] {logging_mixin.py:188} INFO - Extracted cep/Delimitado/LOG_GRANDE_USUARIO.txt => /opt/***/output
[2024-05-02T11:08:49.513+0000] {logging_mixin.py:188} INFO - Extracted cep/Delimitado/LOG_LOGRADOURO_RR.TXT => /opt/***/output
[2024-05-02T11:08:49.513+0000] {logging_mixin.py:188} INFO - Extracted cep/Delimitado/LOG_FAIXA_UF.txt => /opt/***/output
[2024-05-02T11:08:49.517+0000] {logging_mixin.py:188} INFO - Extracted cep/Delimitado/LOG_LOGRADOURO_AM.TXT => /opt/***/output
[2024-05-02T11:08:49.518+0000] {logging_mixin.py:188} INFO - Extracted cep/Delimitado/LOG_CPC.TXT => /opt/***/output
[2024-05-02T11:08:49.519+0000] {logging_mixin.py:188} INFO - Extracted cep/Delimitado/ECT_PAIS.TXT => /opt/***/output
[2024-05-02T11:08:49.521+0000] {logging_mixin.py:188} INFO - Extracted cep/Delimitado/guia tecnico_cepnet.pdf => /opt/***/output
[2024-05-02T11:08:49.533+0000] {logging_mixin.py:188} INFO - Extracted cep/Delimitado/LOG_LOGRADOURO_BA.TXT => /opt/***/output
[2024-05-02T11:08:49.537+0000] {logging_mixin.py:188} INFO - Extracted cep/Delimitado/LOG_LOGRADOURO_RN.TXT => /opt/***/output
[2024-05-02T11:08:49.540+0000] {logging_mixin.py:188} INFO - Extracted cep/Delimitado/guia_formato normal.pdf => /opt/***/output
[2024-05-02T11:08:49.540+0000] {logging_mixin.py:188} INFO - Extracted cep/Delimitado/LOG_FAIXA_LOCALIDADE.txt => /opt/***/output
[2024-05-02T11:08:49.549+0000] {logging_mixin.py:188} INFO - Extracted cep/Delimitado/LOG_LOGRADOURO_ES.txt => /opt/***/output
[2024-05-02T11:08:49.549+0000] {logging_mixin.py:188} INFO - Extracted cep/LEIAME.TXT => /opt/***/output
[2024-05-02T11:08:49.598+0000] {logging_mixin.py:188} INFO - Extracted cep/eDNE_Basico.zip => /opt/***/output
[2024-05-02T11:08:49.599+0000] {logging_mixin.py:188} INFO - Extracted cep/A_COMUNICADO.doc => /opt/***/output
[2024-05-02T11:08:49.599+0000] {logging_mixin.py:188} INFO - Extracted cep/Fixo/ => /opt/***/output
[2024-05-02T11:08:49.599+0000] {logging_mixin.py:188} INFO - Extracted cep/Fixo/DNE_GU_CAIXAS_POSTAIS_COMUNITA.LOG => /opt/***/output
[2024-05-02T11:08:49.611+0000] {logging_mixin.py:188} INFO - Extracted cep/Fixo/DNE_GU_MS_LOGRADOUROS.TXT => /opt/***/output
[2024-05-02T11:08:49.621+0000] {logging_mixin.py:188} INFO - Extracted cep/Fixo/DNE_GU_RN_LOGRADOUROS.TXT => /opt/***/output
[2024-05-02T11:08:49.621+0000] {logging_mixin.py:188} INFO - Extracted cep/Fixo/DNE_GU_TITULOS_PATENTES.LOG => /opt/***/output
[2024-05-02T11:08:49.622+0000] {logging_mixin.py:188} INFO - Extracted cep/Fixo/DNE_GU_SE_LOGRADOUROS.LOG => /opt/***/output
[2024-05-02T11:08:49.666+0000] {logging_mixin.py:188} INFO - Extracted cep/Fixo/DNE_GU_PR_LOGRADOUROS.TXT => /opt/***/output
[2024-05-02T11:08:49.666+0000] {logging_mixin.py:188} INFO - Extracted cep/Fixo/DNE_GU_AC_LOGRADOUROS.LOG => /opt/***/output
[2024-05-02T11:08:49.667+0000] {logging_mixin.py:188} INFO - Extracted cep/Fixo/Cepnet.exe => /opt/***/output
[2024-05-02T11:08:49.706+0000] {logging_mixin.py:188} INFO - Extracted cep/Fixo/DNE_GU_RS_LOGRADOUROS.TXT => /opt/***/output
[2024-05-02T11:08:49.706+0000] {logging_mixin.py:188} INFO - Extracted cep/Fixo/DNE_GU_AP_LOGRADOUROS.LOG => /opt/***/output
[2024-05-02T11:08:49.724+0000] {logging_mixin.py:188} INFO - Extracted cep/Fixo/DNE_GU_PA_LOGRADOUROS.TXT => /opt/***/output
[2024-05-02T11:08:49.724+0000] {logging_mixin.py:188} INFO - Extracted cep/Fixo/DNE_GU_AM_LOGRADOUROS.LOG => /opt/***/output
[2024-05-02T11:08:49.726+0000] {logging_mixin.py:188} INFO - Extracted cep/Fixo/DNE_GU_RR_LOGRADOUROS.TXT => /opt/***/output
[2024-05-02T11:08:49.726+0000] {logging_mixin.py:188} INFO - Extracted cep/Fixo/DNE_GU_RJ_LOGRADOUROS.LOG => /opt/***/output
[2024-05-02T11:08:49.734+0000] {logging_mixin.py:188} INFO - Extracted cep/Fixo/DNE_GU_RO_LOGRADOUROS.TXT => /opt/***/output
[2024-05-02T11:08:49.746+0000] {logging_mixin.py:188} INFO - Extracted cep/Fixo/DNE_GU_MA_LOGRADOUROS.TXT => /opt/***/output
[2024-05-02T11:08:49.746+0000] {logging_mixin.py:188} INFO - Extracted cep/Fixo/DNE_GU_ES_LOGRADOUROS.LOG => /opt/***/output
[2024-05-02T11:08:49.746+0000] {logging_mixin.py:188} INFO - Extracted cep/Fixo/DNE_GU_AL_LOGRADOUROS.LOG => /opt/***/output
[2024-05-02T11:08:49.763+0000] {logging_mixin.py:188} INFO - Extracted cep/Fixo/DNE_GU_BAIRROS.TXT => /opt/***/output
[2024-05-02T11:08:49.763+0000] {logging_mixin.py:188} INFO - Extracted cep/Fixo/DNE_GU_PE_LOGRADOUROS.LOG => /opt/***/output
[2024-05-02T11:08:49.764+0000] {logging_mixin.py:188} INFO - Extracted cep/Fixo/DNE_GU_GRANDES_USUARIOS.LOG => /opt/***/output
[2024-05-02T11:08:49.764+0000] {logging_mixin.py:188} INFO - Extracted cep/Fixo/DNE_GU_LOCALIDADES.LOG => /opt/***/output
[2024-05-02T11:08:49.764+0000] {logging_mixin.py:188} INFO - Extracted cep/Fixo/DNE_GU_GO_LOGRADOUROS.LOG => /opt/***/output
[2024-05-02T11:08:49.764+0000] {logging_mixin.py:188} INFO - Extracted cep/Fixo/DNE_GU_MG_LOGRADOUROS.LOG => /opt/***/output
[2024-05-02T11:08:49.790+0000] {logging_mixin.py:188} INFO - Extracted cep/Fixo/DNE_GU_DF_LOGRADOUROS.TXT => /opt/***/output
[2024-05-02T11:08:49.792+0000] {logging_mixin.py:188} INFO - Extracted cep/Fixo/Leiautes_Fixo.doc => /opt/***/output
[2024-05-02T11:08:49.797+0000] {logging_mixin.py:188} INFO - Extracted cep/Fixo/DNE_GU_TO_LOGRADOUROS.TXT => /opt/***/output
[2024-05-02T11:08:49.819+0000] {logging_mixin.py:188} INFO - Extracted cep/Fixo/DNE_GU_CE_LOGRADOUROS.TXT => /opt/***/output
[2024-05-02T11:08:49.820+0000] {logging_mixin.py:188} INFO - Extracted cep/Fixo/DNE_GU_PAISES.TXT => /opt/***/output
[2024-05-02T11:08:49.820+0000] {logging_mixin.py:188} INFO - Extracted cep/Fixo/DNE_GU_FAIXAS_CEP_UF.TXT => /opt/***/output
[2024-05-02T11:08:49.821+0000] {logging_mixin.py:188} INFO - Extracted cep/Fixo/DNE_GU_MT_LOGRADOUROS.LOG => /opt/***/output
[2024-05-02T11:08:49.821+0000] {logging_mixin.py:188} INFO - Extracted cep/Fixo/DNE_GU_FAIXAS_CEP_BAIRRO.LOG => /opt/***/output
[2024-05-02T11:08:49.832+0000] {logging_mixin.py:188} INFO - Extracted cep/Fixo/DNE_GU_PB_LOGRADOUROS.TXT => /opt/***/output
[2024-05-02T11:08:49.832+0000] {logging_mixin.py:188} INFO - Extracted cep/Fixo/DNE_GU_UNIDADES_OPERACIONAIS.LOG => /opt/***/output
[2024-05-02T11:08:49.832+0000] {logging_mixin.py:188} INFO - Extracted cep/Fixo/DNE_GU_FAIXAS_CEP_LOCALIDADE.LOG => /opt/***/output
[2024-05-02T11:08:49.832+0000] {logging_mixin.py:188} INFO - Extracted cep/Fixo/DNE_GU_UNIDADES_FEDERACAO.TXT => /opt/***/output
[2024-05-02T11:08:49.833+0000] {logging_mixin.py:188} INFO - Extracted cep/Fixo/DNE_GU_TIPOS_LOGRADOURO.LOG => /opt/***/output
[2024-05-02T11:08:50.049+0000] {logging_mixin.py:188} INFO - Extracted cep/Fixo/DNE_GU_SP_LOGRADOUROS.TXT => /opt/***/output
[2024-05-02T11:08:50.050+0000] {logging_mixin.py:188} INFO - Extracted cep/Fixo/DNE_GU_BA_LOGRADOUROS.LOG => /opt/***/output
[2024-05-02T11:08:50.050+0000] {logging_mixin.py:188} INFO - Extracted cep/Fixo/DNE_GU_PI_LOGRADOUROS.LOG => /opt/***/output
[2024-05-02T11:08:50.081+0000] {logging_mixin.py:188} INFO - Extracted cep/Fixo/DNE_GU_SC_LOGRADOUROS.TXT => /opt/***/output
[2024-05-02T11:08:50.093+0000] {logging_mixin.py:188} INFO - Extracted cep/Fixo/DNE_GU_AM_LOGRADOUROS.TXT => /opt/***/output
[2024-05-02T11:08:50.094+0000] {logging_mixin.py:188} INFO - Extracted cep/Fixo/DNE_GU_PA_LOGRADOUROS.LOG => /opt/***/output
[2024-05-02T11:08:50.096+0000] {logging_mixin.py:188} INFO - Extracted cep/Fixo/DNE_GU_AP_LOGRADOUROS.TXT => /opt/***/output
[2024-05-02T11:08:50.099+0000] {logging_mixin.py:188} INFO - Extracted cep/Fixo/DNE_GU_AC_LOGRADOUROS.TXT => /opt/***/output
[2024-05-02T11:08:50.099+0000] {logging_mixin.py:188} INFO - Extracted cep/Fixo/DNE_GU_PR_LOGRADOUROS.LOG => /opt/***/output
[2024-05-02T11:08:50.099+0000] {logging_mixin.py:188} INFO - Extracted cep/Fixo/DNE_GU_RS_LOGRADOUROS.LOG => /opt/***/output
[2024-05-02T11:08:50.100+0000] {logging_mixin.py:188} INFO - Extracted cep/Fixo/DNE_GU_MS_LOGRADOUROS.LOG => /opt/***/output
[2024-05-02T11:08:50.101+0000] {logging_mixin.py:188} INFO - Extracted cep/Fixo/DNE_GU_CAIXAS_POSTAIS_COMUNITA.TXT => /opt/***/output
[2024-05-02T11:08:50.102+0000] {logging_mixin.py:188} INFO - Extracted cep/Fixo/DNE_GU_TITULOS_PATENTES.TXT => /opt/***/output
[2024-05-02T11:08:50.102+0000] {logging_mixin.py:188} INFO - Extracted cep/Fixo/DNE_GU_RN_LOGRADOUROS.LOG => /opt/***/output
[2024-05-02T11:08:50.107+0000] {logging_mixin.py:188} INFO - Extracted cep/Fixo/DNE_GU_SE_LOGRADOUROS.TXT => /opt/***/output
[2024-05-02T11:08:50.107+0000] {logging_mixin.py:188} INFO - Extracted cep/Fixo/A_DNE_MOD_REL_TABELAS.gif => /opt/***/output
[2024-05-02T11:08:50.108+0000] {logging_mixin.py:188} INFO - Extracted cep/Fixo/DNE_GU_BAIRROS.LOG => /opt/***/output
[2024-05-02T11:08:50.143+0000] {logging_mixin.py:188} INFO - Extracted cep/Fixo/DNE_GU_PE_LOGRADOUROS.TXT => /opt/***/output
[2024-05-02T11:08:50.159+0000] {logging_mixin.py:188} INFO - Extracted cep/Fixo/DNE_GU_GRANDES_USUARIOS.TXT => /opt/***/output
[2024-05-02T11:08:50.163+0000] {logging_mixin.py:188} INFO - Extracted cep/Fixo/DNE_GU_LOCALIDADES.TXT => /opt/***/output
[2024-05-02T11:08:50.203+0000] {logging_mixin.py:188} INFO - Extracted cep/Fixo/DNE_GU_GO_LOGRADOUROS.TXT => /opt/***/output
[2024-05-02T11:08:50.204+0000] {logging_mixin.py:188} INFO - Extracted cep/Fixo/DNE_GU_MA_LOGRADOUROS.LOG => /opt/***/output
[2024-05-02T11:08:50.212+0000] {logging_mixin.py:188} INFO - Extracted cep/Fixo/DNE_GU_AL_LOGRADOUROS.TXT => /opt/***/output
[2024-05-02T11:08:50.238+0000] {logging_mixin.py:188} INFO - Extracted cep/Fixo/DNE_GU_ES_LOGRADOUROS.TXT => /opt/***/output
[2024-05-02T11:08:50.316+0000] {logging_mixin.py:188} INFO - Extracted cep/Fixo/DNE_GU_RJ_LOGRADOUROS.TXT => /opt/***/output
[2024-05-02T11:08:50.316+0000] {logging_mixin.py:188} INFO - Extracted cep/Fixo/DNE_GU_RO_LOGRADOUROS.LOG => /opt/***/output
[2024-05-02T11:08:50.316+0000] {logging_mixin.py:188} INFO - Extracted cep/Fixo/DNE_GU_RR_LOGRADOUROS.LOG => /opt/***/output
[2024-05-02T11:08:50.329+0000] {logging_mixin.py:188} INFO - Extracted cep/Fixo/DNE_GU_MT_LOGRADOUROS.TXT => /opt/***/output
[2024-05-02T11:08:50.331+0000] {logging_mixin.py:188} INFO - Extracted cep/Fixo/guia tecnico_cepnet.pdf => /opt/***/output
[2024-05-02T11:08:50.331+0000] {logging_mixin.py:188} INFO - Extracted cep/Fixo/DNE_GU_FAIXAS_CEP_UF.LOG => /opt/***/output
[2024-05-02T11:08:50.360+0000] {logging_mixin.py:188} INFO - Extracted cep/Fixo/DNE_GU_FAIXAS_CEP_BAIRRO.TXT => /opt/***/output
[2024-05-02T11:08:50.360+0000] {logging_mixin.py:188} INFO - Extracted cep/Fixo/DNE_GU_TO_LOGRADOUROS.LOG => /opt/***/output
[2024-05-02T11:08:50.360+0000] {logging_mixin.py:188} INFO - Extracted cep/Fixo/DNE_GU_PAISES.LOG => /opt/***/output
[2024-05-02T11:08:50.361+0000] {logging_mixin.py:188} INFO - Extracted cep/Fixo/DNE_GU_CE_LOGRADOUROS.LOG => /opt/***/output
[2024-05-02T11:08:50.361+0000] {logging_mixin.py:188} INFO - Extracted cep/Fixo/DNE_GU_DF_LOGRADOUROS.LOG => /opt/***/output
[2024-05-02T11:08:50.431+0000] {logging_mixin.py:188} INFO - Extracted cep/Fixo/DNE_GU_MG_LOGRADOUROS.TXT => /opt/***/output
[2024-05-02T11:08:50.432+0000] {logging_mixin.py:188} INFO - Extracted cep/Fixo/DNE_GU_SC_LOGRADOUROS.LOG => /opt/***/output
[2024-05-02T11:08:50.441+0000] {logging_mixin.py:188} INFO - Extracted cep/Fixo/DNE_GU_PI_LOGRADOUROS.TXT => /opt/***/output
[2024-05-02T11:08:50.479+0000] {logging_mixin.py:188} INFO - Extracted cep/Fixo/DNE_GU_BA_LOGRADOUROS.TXT => /opt/***/output
[2024-05-02T11:08:50.480+0000] {logging_mixin.py:188} INFO - Extracted cep/Fixo/DNE_GU_SP_LOGRADOUROS.LOG => /opt/***/output
[2024-05-02T11:08:50.480+0000] {logging_mixin.py:188} INFO - Extracted cep/Fixo/DNE_GU_PB_LOGRADOUROS.LOG => /opt/***/output
[2024-05-02T11:08:50.483+0000] {logging_mixin.py:188} INFO - Extracted cep/Fixo/guia_formato normal.pdf => /opt/***/output
[2024-05-02T11:08:50.483+0000] {logging_mixin.py:188} INFO - Extracted cep/Fixo/DNE_GU_TIPOS_LOGRADOURO.TXT => /opt/***/output
[2024-05-02T11:08:50.483+0000] {logging_mixin.py:188} INFO - Extracted cep/Fixo/DNE_GU_UNIDADES_FEDERACAO.LOG => /opt/***/output
[2024-05-02T11:08:50.485+0000] {logging_mixin.py:188} INFO - Extracted cep/Fixo/DNE_GU_FAIXAS_CEP_LOCALIDADE.TXT => /opt/***/output
[2024-05-02T11:08:50.505+0000] {logging_mixin.py:188} INFO - Extracted cep/Fixo/DNE_GU_UNIDADES_OPERACIONAIS.TXT => /opt/***/output
[2024-05-02T11:08:50.505+0000] {logging_mixin.py:188} INFO - Extracted cep/Alteracao_Leiaute_Arq_Faixas de CEP.docx => /opt/***/output
[2024-05-02T11:08:50.505+0000] {python.py:237} INFO - Done. Returned value was: None
[2024-05-02T11:08:50.506+0000] {taskinstance.py:441} INFO - ::group::Post task execution logs
[2024-05-02T11:08:50.511+0000] {taskinstance.py:1205} INFO - Marking task as SUCCESS. dag_id=cep_dag, task_id=unzip_files, execution_date=20240501T000000, start_date=20240502T110849, end_date=20240502T110850
[2024-05-02T11:08:50.951+0000] {local_task_job_runner.py:240} INFO - Task exited with return code 0
[2024-05-02T11:08:50.959+0000] {warnings.py:110} WARNING - /home/***/.local/lib/python3.12/site-packages/***/models/baseoperator.py:1296: AirflowProviderDeprecationWarning: Call to deprecated class PostgresOperator. (Please use `***.providers.common.sql.operators.sql.SQLExecuteQueryOperator`.Also, you can provide `hook_params={'schema': <database>}`.)
  result = cls.__new__(cls)

[2024-05-02T11:08:50.970+0000] {taskinstance.py:3482} INFO - 1 downstream tasks scheduled from follow-on schedule check
[2024-05-02T11:08:51.403+0000] {local_task_job_runner.py:222} INFO - ::endgroup::
[2024-05-02T12:00:37.658+0000] {local_task_job_runner.py:120} INFO - ::group::Pre task execution logs
[2024-05-02T12:00:37.677+0000] {taskinstance.py:2073} INFO - Dependencies all met for dep_context=non-requeueable deps ti=<TaskInstance: cep_dag.unzip_files scheduled__2024-05-01T00:00:00+00:00 [queued]>
[2024-05-02T12:00:37.683+0000] {taskinstance.py:2073} INFO - Dependencies all met for dep_context=requeueable deps ti=<TaskInstance: cep_dag.unzip_files scheduled__2024-05-01T00:00:00+00:00 [queued]>
[2024-05-02T12:00:37.683+0000] {taskinstance.py:2303} INFO - Starting attempt 1 of 1
[2024-05-02T12:00:37.695+0000] {taskinstance.py:2327} INFO - Executing <Task(_PythonDecoratedOperator): unzip_files> on 2024-05-01 00:00:00+00:00
[2024-05-02T12:00:37.703+0000] {warnings.py:110} WARNING - /home/***/.local/lib/python3.12/site-packages/***/task/task_runner/standard_task_runner.py:61: DeprecationWarning: This process (pid=300) is multi-threaded, use of fork() may lead to deadlocks in the child.
  pid = os.fork()

[2024-05-02T12:00:37.704+0000] {standard_task_runner.py:63} INFO - Started process 302 to run task
[2024-05-02T12:00:37.704+0000] {standard_task_runner.py:90} INFO - Running: ['***', 'tasks', 'run', 'cep_dag', 'unzip_files', 'scheduled__2024-05-01T00:00:00+00:00', '--job-id', '41', '--raw', '--subdir', 'DAGS_FOLDER/cep.py', '--cfg-path', '/tmp/tmpr9p77i7k']
[2024-05-02T12:00:37.706+0000] {standard_task_runner.py:91} INFO - Job 41: Subtask unzip_files
[2024-05-02T12:00:37.748+0000] {task_command.py:426} INFO - Running <TaskInstance: cep_dag.unzip_files scheduled__2024-05-01T00:00:00+00:00 [running]> on host 0e53be1c4f92
[2024-05-02T12:00:37.819+0000] {taskinstance.py:2644} INFO - Exporting env vars: AIRFLOW_CTX_DAG_OWNER='***' AIRFLOW_CTX_DAG_ID='cep_dag' AIRFLOW_CTX_TASK_ID='unzip_files' AIRFLOW_CTX_EXECUTION_DATE='2024-05-01T00:00:00+00:00' AIRFLOW_CTX_TRY_NUMBER='1' AIRFLOW_CTX_DAG_RUN_ID='scheduled__2024-05-01T00:00:00+00:00'
[2024-05-02T12:00:37.820+0000] {taskinstance.py:430} INFO - ::endgroup::
[2024-05-02T12:00:37.821+0000] {logging_mixin.py:188} INFO - Timeout for unzip_files(): 0:20:00
[2024-05-02T12:00:37.821+0000] {logging_mixin.py:188} INFO - Found cep.zip
[2024-05-02T12:00:37.826+0000] {logging_mixin.py:188} INFO - Extracted cep/ => /opt/***/output
[2024-05-02T12:00:37.827+0000] {logging_mixin.py:188} INFO - Extracted cep/A_COMUNICADO 4 - Informacao sobre atualizacoes_1704.docx => /opt/***/output
[2024-05-02T12:00:37.827+0000] {logging_mixin.py:188} INFO - Extracted cep/Delimitado/ => /opt/***/output
[2024-05-02T12:00:37.833+0000] {logging_mixin.py:188} INFO - Extracted cep/Delimitado/LOG_UNID_OPER.txt => /opt/***/output
[2024-05-02T12:00:37.844+0000] {logging_mixin.py:188} INFO - Extracted cep/Delimitado/LOG_FAIXA_BAIRRO.TXT => /opt/***/output
[2024-05-02T12:00:37.861+0000] {logging_mixin.py:188} INFO - Extracted cep/Delimitado/LOG_LOGRADOURO_PR.TXT => /opt/***/output
[2024-05-02T12:00:37.863+0000] {logging_mixin.py:188} INFO - Extracted cep/Delimitado/LOG_LOGRADOURO_SE.TXT => /opt/***/output
[2024-05-02T12:00:37.889+0000] {logging_mixin.py:188} INFO - Extracted cep/Delimitado/LOG_LOGRADOURO_MG.TXT => /opt/***/output
[2024-05-02T12:00:37.893+0000] {logging_mixin.py:188} INFO - Extracted cep/Delimitado/LOG_LOGRADOURO_PI.TXT => /opt/***/output
[2024-05-02T12:00:37.990+0000] {logging_mixin.py:188} INFO - Extracted cep/Delimitado/LOG_LOGRADOURO_SP.TXT => /opt/***/output
[2024-05-02T12:00:37.992+0000] {logging_mixin.py:188} INFO - Extracted cep/Delimitado/Cepnet.exe => /opt/***/output
[2024-05-02T12:00:37.996+0000] {logging_mixin.py:188} INFO - Extracted cep/Delimitado/LOG_VAR_BAI.txt => /opt/***/output
[2024-05-02T12:00:37.997+0000] {logging_mixin.py:188} INFO - Extracted cep/Delimitado/Leiautes_delimitador.doc => /opt/***/output
[2024-05-02T12:00:38.007+0000] {logging_mixin.py:188} INFO - Extracted cep/Delimitado/LOG_BAIRRO.TXT => /opt/***/output
[2024-05-02T12:00:38.042+0000] {logging_mixin.py:188} INFO - Extracted cep/Delimitado/LOG_LOGRADOURO_RJ.TXT => /opt/***/output
[2024-05-02T12:00:38.043+0000] {logging_mixin.py:188} INFO - Extracted cep/Delimitado/LOG_FAIXA_CPC.txt => /opt/***/output
[2024-05-02T12:00:38.048+0000] {logging_mixin.py:188} INFO - Extracted cep/Delimitado/LOG_LOGRADOURO_MA.TXT => /opt/***/output
[2024-05-02T12:00:38.050+0000] {logging_mixin.py:188} INFO - Extracted cep/Delimitado/LOG_LOGRADOURO_AC.txt => /opt/***/output
[2024-05-02T12:00:38.057+0000] {logging_mixin.py:188} INFO - Extracted cep/Delimitado/LOG_LOGRADOURO_PA.TXT => /opt/***/output
[2024-05-02T12:00:38.063+0000] {logging_mixin.py:188} INFO - Extracted cep/Delimitado/LOG_LOGRADOURO_MT.TXT => /opt/***/output
[2024-05-02T12:00:38.066+0000] {logging_mixin.py:188} INFO - Extracted cep/Delimitado/LOG_LOGRADOURO_TO.TXT => /opt/***/output
[2024-05-02T12:00:38.071+0000] {logging_mixin.py:188} INFO - Extracted cep/Delimitado/LOG_LOGRADOURO_MS.TXT => /opt/***/output
[2024-05-02T12:00:38.085+0000] {logging_mixin.py:188} INFO - Extracted cep/Delimitado/LOG_LOGRADOURO_SC.TXT => /opt/***/output
[2024-05-02T12:00:38.095+0000] {logging_mixin.py:188} INFO - Extracted cep/Delimitado/LOG_LOGRADOURO_CE.TXT => /opt/***/output
[2024-05-02T12:00:38.096+0000] {logging_mixin.py:188} INFO - Extracted cep/Delimitado/LOG_VAR_LOC.txt => /opt/***/output
[2024-05-02T12:00:38.099+0000] {logging_mixin.py:188} INFO - Extracted cep/Delimitado/LOG_LOCALIDADE.txt => /opt/***/output
[2024-05-02T12:00:38.103+0000] {logging_mixin.py:188} INFO - Extracted cep/Delimitado/LOG_LOGRADOURO_RO.TXT => /opt/***/output
[2024-05-02T12:00:38.113+0000] {logging_mixin.py:188} INFO - Extracted cep/Delimitado/LOG_NUM_SEC.txt => /opt/***/output
[2024-05-02T12:00:38.124+0000] {logging_mixin.py:188} INFO - Extracted cep/Delimitado/LOG_VAR_LOG.txt => /opt/***/output
[2024-05-02T12:00:38.126+0000] {logging_mixin.py:188} INFO - Extracted cep/Delimitado/LOG_LOGRADOURO_AP.TXT => /opt/***/output
[2024-05-02T12:00:38.133+0000] {logging_mixin.py:188} INFO - Extracted cep/Delimitado/LOG_LOGRADOURO_DF.txt => /opt/***/output
[2024-05-02T12:00:38.134+0000] {logging_mixin.py:188} INFO - Extracted cep/Delimitado/LOG_FAIXA_UOP.txt => /opt/***/output
[2024-05-02T12:00:38.138+0000] {logging_mixin.py:188} INFO - Extracted cep/Delimitado/LOG_LOGRADOURO_AL.TXT => /opt/***/output
[2024-05-02T12:00:38.156+0000] {logging_mixin.py:188} INFO - Extracted cep/Delimitado/LOG_LOGRADOURO_RS.TXT => /opt/***/output
[2024-05-02T12:00:38.171+0000] {logging_mixin.py:188} INFO - Extracted cep/Delimitado/LOG_LOGRADOURO_GO.TXT => /opt/***/output
[2024-05-02T12:00:38.176+0000] {logging_mixin.py:188} INFO - Extracted cep/Delimitado/LOG_LOGRADOURO_PB.TXT => /opt/***/output
[2024-05-02T12:00:38.190+0000] {logging_mixin.py:188} INFO - Extracted cep/Delimitado/LOG_LOGRADOURO_PE.TXT => /opt/***/output
[2024-05-02T12:00:38.196+0000] {logging_mixin.py:188} INFO - Extracted cep/Delimitado/LOG_GRANDE_USUARIO.txt => /opt/***/output
[2024-05-02T12:00:38.198+0000] {logging_mixin.py:188} INFO - Extracted cep/Delimitado/LOG_LOGRADOURO_RR.TXT => /opt/***/output
[2024-05-02T12:00:38.198+0000] {logging_mixin.py:188} INFO - Extracted cep/Delimitado/LOG_FAIXA_UF.txt => /opt/***/output
[2024-05-02T12:00:38.202+0000] {logging_mixin.py:188} INFO - Extracted cep/Delimitado/LOG_LOGRADOURO_AM.TXT => /opt/***/output
[2024-05-02T12:00:38.203+0000] {logging_mixin.py:188} INFO - Extracted cep/Delimitado/LOG_CPC.TXT => /opt/***/output
[2024-05-02T12:00:38.204+0000] {logging_mixin.py:188} INFO - Extracted cep/Delimitado/ECT_PAIS.TXT => /opt/***/output
[2024-05-02T12:00:38.206+0000] {logging_mixin.py:188} INFO - Extracted cep/Delimitado/guia tecnico_cepnet.pdf => /opt/***/output
[2024-05-02T12:00:38.219+0000] {logging_mixin.py:188} INFO - Extracted cep/Delimitado/LOG_LOGRADOURO_BA.TXT => /opt/***/output
[2024-05-02T12:00:38.223+0000] {logging_mixin.py:188} INFO - Extracted cep/Delimitado/LOG_LOGRADOURO_RN.TXT => /opt/***/output
[2024-05-02T12:00:38.227+0000] {logging_mixin.py:188} INFO - Extracted cep/Delimitado/guia_formato normal.pdf => /opt/***/output
[2024-05-02T12:00:38.228+0000] {logging_mixin.py:188} INFO - Extracted cep/Delimitado/LOG_FAIXA_LOCALIDADE.txt => /opt/***/output
[2024-05-02T12:00:38.238+0000] {logging_mixin.py:188} INFO - Extracted cep/Delimitado/LOG_LOGRADOURO_ES.txt => /opt/***/output
[2024-05-02T12:00:38.238+0000] {logging_mixin.py:188} INFO - Extracted cep/LEIAME.TXT => /opt/***/output
[2024-05-02T12:00:38.295+0000] {logging_mixin.py:188} INFO - Extracted cep/eDNE_Basico.zip => /opt/***/output
[2024-05-02T12:00:38.295+0000] {logging_mixin.py:188} INFO - Extracted cep/A_COMUNICADO.doc => /opt/***/output
[2024-05-02T12:00:38.296+0000] {logging_mixin.py:188} INFO - Extracted cep/Fixo/ => /opt/***/output
[2024-05-02T12:00:38.296+0000] {logging_mixin.py:188} INFO - Extracted cep/Fixo/DNE_GU_CAIXAS_POSTAIS_COMUNITA.LOG => /opt/***/output
[2024-05-02T12:00:38.309+0000] {logging_mixin.py:188} INFO - Extracted cep/Fixo/DNE_GU_MS_LOGRADOUROS.TXT => /opt/***/output
[2024-05-02T12:00:38.321+0000] {logging_mixin.py:188} INFO - Extracted cep/Fixo/DNE_GU_RN_LOGRADOUROS.TXT => /opt/***/output
[2024-05-02T12:00:38.321+0000] {logging_mixin.py:188} INFO - Extracted cep/Fixo/DNE_GU_TITULOS_PATENTES.LOG => /opt/***/output
[2024-05-02T12:00:38.322+0000] {logging_mixin.py:188} INFO - Extracted cep/Fixo/DNE_GU_SE_LOGRADOUROS.LOG => /opt/***/output
[2024-05-02T12:00:38.372+0000] {logging_mixin.py:188} INFO - Extracted cep/Fixo/DNE_GU_PR_LOGRADOUROS.TXT => /opt/***/output
[2024-05-02T12:00:38.372+0000] {logging_mixin.py:188} INFO - Extracted cep/Fixo/DNE_GU_AC_LOGRADOUROS.LOG => /opt/***/output
[2024-05-02T12:00:38.374+0000] {logging_mixin.py:188} INFO - Extracted cep/Fixo/Cepnet.exe => /opt/***/output
[2024-05-02T12:00:38.418+0000] {logging_mixin.py:188} INFO - Extracted cep/Fixo/DNE_GU_RS_LOGRADOUROS.TXT => /opt/***/output
[2024-05-02T12:00:38.418+0000] {logging_mixin.py:188} INFO - Extracted cep/Fixo/DNE_GU_AP_LOGRADOUROS.LOG => /opt/***/output
[2024-05-02T12:00:38.438+0000] {logging_mixin.py:188} INFO - Extracted cep/Fixo/DNE_GU_PA_LOGRADOUROS.TXT => /opt/***/output
[2024-05-02T12:00:38.439+0000] {logging_mixin.py:188} INFO - Extracted cep/Fixo/DNE_GU_AM_LOGRADOUROS.LOG => /opt/***/output
[2024-05-02T12:00:38.442+0000] {logging_mixin.py:188} INFO - Extracted cep/Fixo/DNE_GU_RR_LOGRADOUROS.TXT => /opt/***/output
[2024-05-02T12:00:38.442+0000] {logging_mixin.py:188} INFO - Extracted cep/Fixo/DNE_GU_RJ_LOGRADOUROS.LOG => /opt/***/output
[2024-05-02T12:00:38.451+0000] {logging_mixin.py:188} INFO - Extracted cep/Fixo/DNE_GU_RO_LOGRADOUROS.TXT => /opt/***/output
[2024-05-02T12:00:38.463+0000] {logging_mixin.py:188} INFO - Extracted cep/Fixo/DNE_GU_MA_LOGRADOUROS.TXT => /opt/***/output
[2024-05-02T12:00:38.464+0000] {logging_mixin.py:188} INFO - Extracted cep/Fixo/DNE_GU_ES_LOGRADOUROS.LOG => /opt/***/output
[2024-05-02T12:00:38.464+0000] {logging_mixin.py:188} INFO - Extracted cep/Fixo/DNE_GU_AL_LOGRADOUROS.LOG => /opt/***/output
[2024-05-02T12:00:38.481+0000] {logging_mixin.py:188} INFO - Extracted cep/Fixo/DNE_GU_BAIRROS.TXT => /opt/***/output
[2024-05-02T12:00:38.482+0000] {logging_mixin.py:188} INFO - Extracted cep/Fixo/DNE_GU_PE_LOGRADOUROS.LOG => /opt/***/output
[2024-05-02T12:00:38.482+0000] {logging_mixin.py:188} INFO - Extracted cep/Fixo/DNE_GU_GRANDES_USUARIOS.LOG => /opt/***/output
[2024-05-02T12:00:38.482+0000] {logging_mixin.py:188} INFO - Extracted cep/Fixo/DNE_GU_LOCALIDADES.LOG => /opt/***/output
[2024-05-02T12:00:38.483+0000] {logging_mixin.py:188} INFO - Extracted cep/Fixo/DNE_GU_GO_LOGRADOUROS.LOG => /opt/***/output
[2024-05-02T12:00:38.483+0000] {logging_mixin.py:188} INFO - Extracted cep/Fixo/DNE_GU_MG_LOGRADOUROS.LOG => /opt/***/output
[2024-05-02T12:00:38.511+0000] {logging_mixin.py:188} INFO - Extracted cep/Fixo/DNE_GU_DF_LOGRADOUROS.TXT => /opt/***/output
[2024-05-02T12:00:38.513+0000] {logging_mixin.py:188} INFO - Extracted cep/Fixo/Leiautes_Fixo.doc => /opt/***/output
[2024-05-02T12:00:38.519+0000] {logging_mixin.py:188} INFO - Extracted cep/Fixo/DNE_GU_TO_LOGRADOUROS.TXT => /opt/***/output
[2024-05-02T12:00:38.544+0000] {logging_mixin.py:188} INFO - Extracted cep/Fixo/DNE_GU_CE_LOGRADOUROS.TXT => /opt/***/output
[2024-05-02T12:00:38.545+0000] {logging_mixin.py:188} INFO - Extracted cep/Fixo/DNE_GU_PAISES.TXT => /opt/***/output
[2024-05-02T12:00:38.545+0000] {logging_mixin.py:188} INFO - Extracted cep/Fixo/DNE_GU_FAIXAS_CEP_UF.TXT => /opt/***/output
[2024-05-02T12:00:38.545+0000] {logging_mixin.py:188} INFO - Extracted cep/Fixo/DNE_GU_MT_LOGRADOUROS.LOG => /opt/***/output
[2024-05-02T12:00:38.546+0000] {logging_mixin.py:188} INFO - Extracted cep/Fixo/DNE_GU_FAIXAS_CEP_BAIRRO.LOG => /opt/***/output
[2024-05-02T12:00:38.557+0000] {logging_mixin.py:188} INFO - Extracted cep/Fixo/DNE_GU_PB_LOGRADOUROS.TXT => /opt/***/output
[2024-05-02T12:00:38.558+0000] {logging_mixin.py:188} INFO - Extracted cep/Fixo/DNE_GU_UNIDADES_OPERACIONAIS.LOG => /opt/***/output
[2024-05-02T12:00:38.558+0000] {logging_mixin.py:188} INFO - Extracted cep/Fixo/DNE_GU_FAIXAS_CEP_LOCALIDADE.LOG => /opt/***/output
[2024-05-02T12:00:38.558+0000] {logging_mixin.py:188} INFO - Extracted cep/Fixo/DNE_GU_UNIDADES_FEDERACAO.TXT => /opt/***/output
[2024-05-02T12:00:38.559+0000] {logging_mixin.py:188} INFO - Extracted cep/Fixo/DNE_GU_TIPOS_LOGRADOURO.LOG => /opt/***/output
[2024-05-02T12:00:38.806+0000] {logging_mixin.py:188} INFO - Extracted cep/Fixo/DNE_GU_SP_LOGRADOUROS.TXT => /opt/***/output
[2024-05-02T12:00:38.807+0000] {logging_mixin.py:188} INFO - Extracted cep/Fixo/DNE_GU_BA_LOGRADOUROS.LOG => /opt/***/output
[2024-05-02T12:00:38.807+0000] {logging_mixin.py:188} INFO - Extracted cep/Fixo/DNE_GU_PI_LOGRADOUROS.LOG => /opt/***/output
[2024-05-02T12:00:38.843+0000] {logging_mixin.py:188} INFO - Extracted cep/Fixo/DNE_GU_SC_LOGRADOUROS.TXT => /opt/***/output
[2024-05-02T12:00:38.856+0000] {logging_mixin.py:188} INFO - Extracted cep/Fixo/DNE_GU_AM_LOGRADOUROS.TXT => /opt/***/output
[2024-05-02T12:00:38.857+0000] {logging_mixin.py:188} INFO - Extracted cep/Fixo/DNE_GU_PA_LOGRADOUROS.LOG => /opt/***/output
[2024-05-02T12:00:38.859+0000] {logging_mixin.py:188} INFO - Extracted cep/Fixo/DNE_GU_AP_LOGRADOUROS.TXT => /opt/***/output
[2024-05-02T12:00:38.863+0000] {logging_mixin.py:188} INFO - Extracted cep/Fixo/DNE_GU_AC_LOGRADOUROS.TXT => /opt/***/output
[2024-05-02T12:00:38.863+0000] {logging_mixin.py:188} INFO - Extracted cep/Fixo/DNE_GU_PR_LOGRADOUROS.LOG => /opt/***/output
[2024-05-02T12:00:38.864+0000] {logging_mixin.py:188} INFO - Extracted cep/Fixo/DNE_GU_RS_LOGRADOUROS.LOG => /opt/***/output
[2024-05-02T12:00:38.864+0000] {logging_mixin.py:188} INFO - Extracted cep/Fixo/DNE_GU_MS_LOGRADOUROS.LOG => /opt/***/output
[2024-05-02T12:00:38.866+0000] {logging_mixin.py:188} INFO - Extracted cep/Fixo/DNE_GU_CAIXAS_POSTAIS_COMUNITA.TXT => /opt/***/output
[2024-05-02T12:00:38.866+0000] {logging_mixin.py:188} INFO - Extracted cep/Fixo/DNE_GU_TITULOS_PATENTES.TXT => /opt/***/output
[2024-05-02T12:00:38.866+0000] {logging_mixin.py:188} INFO - Extracted cep/Fixo/DNE_GU_RN_LOGRADOUROS.LOG => /opt/***/output
[2024-05-02T12:00:38.871+0000] {logging_mixin.py:188} INFO - Extracted cep/Fixo/DNE_GU_SE_LOGRADOUROS.TXT => /opt/***/output
[2024-05-02T12:00:38.872+0000] {logging_mixin.py:188} INFO - Extracted cep/Fixo/A_DNE_MOD_REL_TABELAS.gif => /opt/***/output
[2024-05-02T12:00:38.872+0000] {logging_mixin.py:188} INFO - Extracted cep/Fixo/DNE_GU_BAIRROS.LOG => /opt/***/output
[2024-05-02T12:00:38.917+0000] {logging_mixin.py:188} INFO - Extracted cep/Fixo/DNE_GU_PE_LOGRADOUROS.TXT => /opt/***/output
[2024-05-02T12:00:38.935+0000] {logging_mixin.py:188} INFO - Extracted cep/Fixo/DNE_GU_GRANDES_USUARIOS.TXT => /opt/***/output
[2024-05-02T12:00:38.939+0000] {logging_mixin.py:188} INFO - Extracted cep/Fixo/DNE_GU_LOCALIDADES.TXT => /opt/***/output
[2024-05-02T12:00:38.987+0000] {logging_mixin.py:188} INFO - Extracted cep/Fixo/DNE_GU_GO_LOGRADOUROS.TXT => /opt/***/output
[2024-05-02T12:00:38.987+0000] {logging_mixin.py:188} INFO - Extracted cep/Fixo/DNE_GU_MA_LOGRADOUROS.LOG => /opt/***/output
[2024-05-02T12:00:38.997+0000] {logging_mixin.py:188} INFO - Extracted cep/Fixo/DNE_GU_AL_LOGRADOUROS.TXT => /opt/***/output
[2024-05-02T12:00:39.027+0000] {logging_mixin.py:188} INFO - Extracted cep/Fixo/DNE_GU_ES_LOGRADOUROS.TXT => /opt/***/output
[2024-05-02T12:00:39.120+0000] {logging_mixin.py:188} INFO - Extracted cep/Fixo/DNE_GU_RJ_LOGRADOUROS.TXT => /opt/***/output
[2024-05-02T12:00:39.120+0000] {logging_mixin.py:188} INFO - Extracted cep/Fixo/DNE_GU_RO_LOGRADOUROS.LOG => /opt/***/output
[2024-05-02T12:00:39.121+0000] {logging_mixin.py:188} INFO - Extracted cep/Fixo/DNE_GU_RR_LOGRADOUROS.LOG => /opt/***/output
[2024-05-02T12:00:39.135+0000] {logging_mixin.py:188} INFO - Extracted cep/Fixo/DNE_GU_MT_LOGRADOUROS.TXT => /opt/***/output
[2024-05-02T12:00:39.137+0000] {logging_mixin.py:188} INFO - Extracted cep/Fixo/guia tecnico_cepnet.pdf => /opt/***/output
[2024-05-02T12:00:39.137+0000] {logging_mixin.py:188} INFO - Extracted cep/Fixo/DNE_GU_FAIXAS_CEP_UF.LOG => /opt/***/output
[2024-05-02T12:00:39.170+0000] {logging_mixin.py:188} INFO - Extracted cep/Fixo/DNE_GU_FAIXAS_CEP_BAIRRO.TXT => /opt/***/output
[2024-05-02T12:00:39.171+0000] {logging_mixin.py:188} INFO - Extracted cep/Fixo/DNE_GU_TO_LOGRADOUROS.LOG => /opt/***/output
[2024-05-02T12:00:39.171+0000] {logging_mixin.py:188} INFO - Extracted cep/Fixo/DNE_GU_PAISES.LOG => /opt/***/output
[2024-05-02T12:00:39.171+0000] {logging_mixin.py:188} INFO - Extracted cep/Fixo/DNE_GU_CE_LOGRADOUROS.LOG => /opt/***/output
[2024-05-02T12:00:39.171+0000] {logging_mixin.py:188} INFO - Extracted cep/Fixo/DNE_GU_DF_LOGRADOUROS.LOG => /opt/***/output
[2024-05-02T12:00:39.251+0000] {logging_mixin.py:188} INFO - Extracted cep/Fixo/DNE_GU_MG_LOGRADOUROS.TXT => /opt/***/output
[2024-05-02T12:00:39.252+0000] {logging_mixin.py:188} INFO - Extracted cep/Fixo/DNE_GU_SC_LOGRADOUROS.LOG => /opt/***/output
[2024-05-02T12:00:39.262+0000] {logging_mixin.py:188} INFO - Extracted cep/Fixo/DNE_GU_PI_LOGRADOUROS.TXT => /opt/***/output
[2024-05-02T12:00:39.304+0000] {logging_mixin.py:188} INFO - Extracted cep/Fixo/DNE_GU_BA_LOGRADOUROS.TXT => /opt/***/output
[2024-05-02T12:00:39.304+0000] {logging_mixin.py:188} INFO - Extracted cep/Fixo/DNE_GU_SP_LOGRADOUROS.LOG => /opt/***/output
[2024-05-02T12:00:39.305+0000] {logging_mixin.py:188} INFO - Extracted cep/Fixo/DNE_GU_PB_LOGRADOUROS.LOG => /opt/***/output
[2024-05-02T12:00:39.308+0000] {logging_mixin.py:188} INFO - Extracted cep/Fixo/guia_formato normal.pdf => /opt/***/output
[2024-05-02T12:00:39.309+0000] {logging_mixin.py:188} INFO - Extracted cep/Fixo/DNE_GU_TIPOS_LOGRADOURO.TXT => /opt/***/output
[2024-05-02T12:00:39.309+0000] {logging_mixin.py:188} INFO - Extracted cep/Fixo/DNE_GU_UNIDADES_FEDERACAO.LOG => /opt/***/output
[2024-05-02T12:00:39.311+0000] {logging_mixin.py:188} INFO - Extracted cep/Fixo/DNE_GU_FAIXAS_CEP_LOCALIDADE.TXT => /opt/***/output
[2024-05-02T12:00:39.332+0000] {logging_mixin.py:188} INFO - Extracted cep/Fixo/DNE_GU_UNIDADES_OPERACIONAIS.TXT => /opt/***/output
[2024-05-02T12:00:39.333+0000] {logging_mixin.py:188} INFO - Extracted cep/Alteracao_Leiaute_Arq_Faixas de CEP.docx => /opt/***/output
[2024-05-02T12:00:39.333+0000] {python.py:237} INFO - Done. Returned value was: None
[2024-05-02T12:00:39.333+0000] {taskinstance.py:441} INFO - ::group::Post task execution logs
[2024-05-02T12:00:39.339+0000] {taskinstance.py:1205} INFO - Marking task as SUCCESS. dag_id=cep_dag, task_id=unzip_files, execution_date=20240501T000000, start_date=20240502T120037, end_date=20240502T120039
[2024-05-02T12:00:39.362+0000] {local_task_job_runner.py:240} INFO - Task exited with return code 0
[2024-05-02T12:00:39.381+0000] {warnings.py:110} WARNING - /home/***/.local/lib/python3.12/site-packages/***/models/baseoperator.py:1296: AirflowProviderDeprecationWarning: Call to deprecated class PostgresOperator. (Please use `***.providers.common.sql.operators.sql.SQLExecuteQueryOperator`.Also, you can provide `hook_params={'schema': <database>}`.)
  result = cls.__new__(cls)

[2024-05-02T12:00:39.394+0000] {taskinstance.py:3482} INFO - 1 downstream tasks scheduled from follow-on schedule check
[2024-05-02T12:00:39.401+0000] {local_task_job_runner.py:222} INFO - ::endgroup::
