[2024-05-02T11:53:41.003+0000] {local_task_job_runner.py:120} INFO - ::group::Pre task execution logs
[2024-05-02T11:53:41.015+0000] {taskinstance.py:2073} INFO - Dependencies all met for dep_context=non-requeueable deps ti=<TaskInstance: cep_dag.etl_2 manual__2024-05-02T11:53:11.691574+00:00 [queued]>
[2024-05-02T11:53:41.020+0000] {taskinstance.py:2073} INFO - Dependencies all met for dep_context=requeueable deps ti=<TaskInstance: cep_dag.etl_2 manual__2024-05-02T11:53:11.691574+00:00 [queued]>
[2024-05-02T11:53:41.020+0000] {taskinstance.py:2303} INFO - Starting attempt 1 of 1
[2024-05-02T11:53:41.029+0000] {taskinstance.py:2327} INFO - Executing <Task(_PythonDecoratedOperator): etl_2> on 2024-05-02 11:53:11.691574+00:00
[2024-05-02T11:53:41.035+0000] {warnings.py:110} WARNING - /home/***/.local/lib/python3.12/site-packages/***/task/task_runner/standard_task_runner.py:61: DeprecationWarning: This process (pid=190) is multi-threaded, use of fork() may lead to deadlocks in the child.
  pid = os.fork()

[2024-05-02T11:53:41.036+0000] {standard_task_runner.py:63} INFO - Started process 192 to run task
[2024-05-02T11:53:41.036+0000] {standard_task_runner.py:90} INFO - Running: ['***', 'tasks', 'run', 'cep_dag', 'etl_2', 'manual__2024-05-02T11:53:11.691574+00:00', '--job-id', '35', '--raw', '--subdir', 'DAGS_FOLDER/cep.py', '--cfg-path', '/tmp/tmpekydhqht']
[2024-05-02T11:53:41.038+0000] {standard_task_runner.py:91} INFO - Job 35: Subtask etl_2
[2024-05-02T11:53:41.062+0000] {task_command.py:426} INFO - Running <TaskInstance: cep_dag.etl_2 manual__2024-05-02T11:53:11.691574+00:00 [running]> on host 0e53be1c4f92
[2024-05-02T11:53:41.115+0000] {taskinstance.py:2644} INFO - Exporting env vars: AIRFLOW_CTX_DAG_OWNER='***' AIRFLOW_CTX_DAG_ID='cep_dag' AIRFLOW_CTX_TASK_ID='etl_2' AIRFLOW_CTX_EXECUTION_DATE='2024-05-02T11:53:11.691574+00:00' AIRFLOW_CTX_TRY_NUMBER='1' AIRFLOW_CTX_DAG_RUN_ID='manual__2024-05-02T11:53:11.691574+00:00'
[2024-05-02T11:53:41.116+0000] {taskinstance.py:430} INFO - ::endgroup::
[2024-05-02T11:53:41.116+0000] {logging_mixin.py:188} INFO - [{'filename': 'log_logradouro_ac.txt', 'tablename': 'log_logradouro', 'columns': ['log_nu', 'ufe_sg', 'loc_nu', 'bai_nu_ini', 'bai_nu_fim', 'log_no', 'log_complemento', 'cep', 'tlo_tx', 'log_sta_tlo', 'log_no_abrev']}, {'filename': 'log_logradouro_al.txt', 'tablename': 'log_logradouro', 'columns': ['log_nu', 'ufe_sg', 'loc_nu', 'bai_nu_ini', 'bai_nu_fim', 'log_no', 'log_complemento', 'cep', 'tlo_tx', 'log_sta_tlo', 'log_no_abrev']}, {'filename': 'log_logradouro_am.txt', 'tablename': 'log_logradouro', 'columns': ['log_nu', 'ufe_sg', 'loc_nu', 'bai_nu_ini', 'bai_nu_fim', 'log_no', 'log_complemento', 'cep', 'tlo_tx', 'log_sta_tlo', 'log_no_abrev']}, {'filename': 'log_logradouro_ap.txt', 'tablename': 'log_logradouro', 'columns': ['log_nu', 'ufe_sg', 'loc_nu', 'bai_nu_ini', 'bai_nu_fim', 'log_no', 'log_complemento', 'cep', 'tlo_tx', 'log_sta_tlo', 'log_no_abrev']}, {'filename': 'log_logradouro_ba.txt', 'tablename': 'log_logradouro', 'columns': ['log_nu', 'ufe_sg', 'loc_nu', 'bai_nu_ini', 'bai_nu_fim', 'log_no', 'log_complemento', 'cep', 'tlo_tx', 'log_sta_tlo', 'log_no_abrev']}, {'filename': 'log_logradouro_ce.txt', 'tablename': 'log_logradouro', 'columns': ['log_nu', 'ufe_sg', 'loc_nu', 'bai_nu_ini', 'bai_nu_fim', 'log_no', 'log_complemento', 'cep', 'tlo_tx', 'log_sta_tlo', 'log_no_abrev']}, {'filename': 'log_logradouro_df.txt', 'tablename': 'log_logradouro', 'columns': ['log_nu', 'ufe_sg', 'loc_nu', 'bai_nu_ini', 'bai_nu_fim', 'log_no', 'log_complemento', 'cep', 'tlo_tx', 'log_sta_tlo', 'log_no_abrev']}, {'filename': 'log_logradouro_es.txt', 'tablename': 'log_logradouro', 'columns': ['log_nu', 'ufe_sg', 'loc_nu', 'bai_nu_ini', 'bai_nu_fim', 'log_no', 'log_complemento', 'cep', 'tlo_tx', 'log_sta_tlo', 'log_no_abrev']}, {'filename': 'log_logradouro_go.txt', 'tablename': 'log_logradouro', 'columns': ['log_nu', 'ufe_sg', 'loc_nu', 'bai_nu_ini', 'bai_nu_fim', 'log_no', 'log_complemento', 'cep', 'tlo_tx', 'log_sta_tlo', 'log_no_abrev']}, {'filename': 'log_logradouro_ma.txt', 'tablename': 'log_logradouro', 'columns': ['log_nu', 'ufe_sg', 'loc_nu', 'bai_nu_ini', 'bai_nu_fim', 'log_no', 'log_complemento', 'cep', 'tlo_tx', 'log_sta_tlo', 'log_no_abrev']}, {'filename': 'log_logradouro_ms.txt', 'tablename': 'log_logradouro', 'columns': ['log_nu', 'ufe_sg', 'loc_nu', 'bai_nu_ini', 'bai_nu_fim', 'log_no', 'log_complemento', 'cep', 'tlo_tx', 'log_sta_tlo', 'log_no_abrev']}, {'filename': 'log_logradouro_mt.txt', 'tablename': 'log_logradouro', 'columns': ['log_nu', 'ufe_sg', 'loc_nu', 'bai_nu_ini', 'bai_nu_fim', 'log_no', 'log_complemento', 'cep', 'tlo_tx', 'log_sta_tlo', 'log_no_abrev']}, {'filename': 'log_logradouro_pa.txt', 'tablename': 'log_logradouro', 'columns': ['log_nu', 'ufe_sg', 'loc_nu', 'bai_nu_ini', 'bai_nu_fim', 'log_no', 'log_complemento', 'cep', 'tlo_tx', 'log_sta_tlo', 'log_no_abrev']}, {'filename': 'log_logradouro_pb.txt', 'tablename': 'log_logradouro', 'columns': ['log_nu', 'ufe_sg', 'loc_nu', 'bai_nu_ini', 'bai_nu_fim', 'log_no', 'log_complemento', 'cep', 'tlo_tx', 'log_sta_tlo', 'log_no_abrev']}, {'filename': 'log_logradouro_pe.txt', 'tablename': 'log_logradouro', 'columns': ['log_nu', 'ufe_sg', 'loc_nu', 'bai_nu_ini', 'bai_nu_fim', 'log_no', 'log_complemento', 'cep', 'tlo_tx', 'log_sta_tlo', 'log_no_abrev']}, {'filename': 'log_logradouro_pi.txt', 'tablename': 'log_logradouro', 'columns': ['log_nu', 'ufe_sg', 'loc_nu', 'bai_nu_ini', 'bai_nu_fim', 'log_no', 'log_complemento', 'cep', 'tlo_tx', 'log_sta_tlo', 'log_no_abrev']}, {'filename': 'log_logradouro_pr.txt', 'tablename': 'log_logradouro', 'columns': ['log_nu', 'ufe_sg', 'loc_nu', 'bai_nu_ini', 'bai_nu_fim', 'log_no', 'log_complemento', 'cep', 'tlo_tx', 'log_sta_tlo', 'log_no_abrev']}, {'filename': 'log_logradouro_rn.txt', 'tablename': 'log_logradouro', 'columns': ['log_nu', 'ufe_sg', 'loc_nu', 'bai_nu_ini', 'bai_nu_fim', 'log_no', 'log_complemento', 'cep', 'tlo_tx', 'log_sta_tlo', 'log_no_abrev']}, {'filename': 'log_logradouro_ro.txt', 'tablename': 'log_logradouro', 'columns': ['log_nu', 'ufe_sg', 'loc_nu', 'bai_nu_ini', 'bai_nu_fim', 'log_no', 'log_complemento', 'cep', 'tlo_tx', 'log_sta_tlo', 'log_no_abrev']}, {'filename': 'log_logradouro_rr.txt', 'tablename': 'log_logradouro', 'columns': ['log_nu', 'ufe_sg', 'loc_nu', 'bai_nu_ini', 'bai_nu_fim', 'log_no', 'log_complemento', 'cep', 'tlo_tx', 'log_sta_tlo', 'log_no_abrev']}, {'filename': 'log_logradouro_rs.txt', 'tablename': 'log_logradouro', 'columns': ['log_nu', 'ufe_sg', 'loc_nu', 'bai_nu_ini', 'bai_nu_fim', 'log_no', 'log_complemento', 'cep', 'tlo_tx', 'log_sta_tlo', 'log_no_abrev']}, {'filename': 'log_logradouro_sc.txt', 'tablename': 'log_logradouro', 'columns': ['log_nu', 'ufe_sg', 'loc_nu', 'bai_nu_ini', 'bai_nu_fim', 'log_no', 'log_complemento', 'cep', 'tlo_tx', 'log_sta_tlo', 'log_no_abrev']}, {'filename': 'log_logradouro_se.txt', 'tablename': 'log_logradouro', 'columns': ['log_nu', 'ufe_sg', 'loc_nu', 'bai_nu_ini', 'bai_nu_fim', 'log_no', 'log_complemento', 'cep', 'tlo_tx', 'log_sta_tlo', 'log_no_abrev']}, {'filename': 'log_logradouro_to.txt', 'tablename': 'log_logradouro', 'columns': ['log_nu', 'ufe_sg', 'loc_nu', 'bai_nu_ini', 'bai_nu_fim', 'log_no', 'log_complemento', 'cep', 'tlo_tx', 'log_sta_tlo', 'log_no_abrev']}]
[2024-05-02T11:53:41.116+0000] {logging_mixin.py:188} INFO - Filename: /opt/***/output/cep/log_logradouro_ac.txt, Table: log_logradouro, Columns: ['log_nu', 'ufe_sg', 'loc_nu', 'bai_nu_ini', 'bai_nu_fim', 'log_no', 'log_complemento', 'cep', 'tlo_tx', 'log_sta_tlo', 'log_no_abrev']
[2024-05-02T11:53:41.126+0000] {logging_mixin.py:188} INFO - /opt/***/output/cep/log_logradouro_ac.txt loaded into dataframe
[2024-05-02T11:53:41.612+0000] {logging_mixin.py:188} INFO - log_logradouro persisted
[2024-05-02T11:53:41.613+0000] {logging_mixin.py:188} INFO - Filename: /opt/***/output/cep/log_logradouro_al.txt, Table: log_logradouro, Columns: ['log_nu', 'ufe_sg', 'loc_nu', 'bai_nu_ini', 'bai_nu_fim', 'log_no', 'log_complemento', 'cep', 'tlo_tx', 'log_sta_tlo', 'log_no_abrev']
[2024-05-02T11:53:41.633+0000] {logging_mixin.py:188} INFO - /opt/***/output/cep/log_logradouro_al.txt loaded into dataframe
[2024-05-02T11:53:42.736+0000] {logging_mixin.py:188} INFO - log_logradouro persisted
[2024-05-02T11:53:42.738+0000] {logging_mixin.py:188} INFO - Filename: /opt/***/output/cep/log_logradouro_am.txt, Table: log_logradouro, Columns: ['log_nu', 'ufe_sg', 'loc_nu', 'bai_nu_ini', 'bai_nu_fim', 'log_no', 'log_complemento', 'cep', 'tlo_tx', 'log_sta_tlo', 'log_no_abrev']
[2024-05-02T11:53:42.771+0000] {logging_mixin.py:188} INFO - /opt/***/output/cep/log_logradouro_am.txt loaded into dataframe
[2024-05-02T11:53:44.616+0000] {logging_mixin.py:188} INFO - log_logradouro persisted
[2024-05-02T11:53:44.619+0000] {logging_mixin.py:188} INFO - Filename: /opt/***/output/cep/log_logradouro_ap.txt, Table: log_logradouro, Columns: ['log_nu', 'ufe_sg', 'loc_nu', 'bai_nu_ini', 'bai_nu_fim', 'log_no', 'log_complemento', 'cep', 'tlo_tx', 'log_sta_tlo', 'log_no_abrev']
[2024-05-02T11:53:44.632+0000] {logging_mixin.py:188} INFO - /opt/***/output/cep/log_logradouro_ap.txt loaded into dataframe
[2024-05-02T11:53:45.342+0000] {logging_mixin.py:188} INFO - log_logradouro persisted
[2024-05-02T11:53:45.343+0000] {logging_mixin.py:188} INFO - Filename: /opt/***/output/cep/log_logradouro_ba.txt, Table: log_logradouro, Columns: ['log_nu', 'ufe_sg', 'loc_nu', 'bai_nu_ini', 'bai_nu_fim', 'log_no', 'log_complemento', 'cep', 'tlo_tx', 'log_sta_tlo', 'log_no_abrev']
[2024-05-02T11:53:45.401+0000] {logging_mixin.py:188} INFO - /opt/***/output/cep/log_logradouro_ba.txt loaded into dataframe
[2024-05-02T11:53:48.724+0000] {logging_mixin.py:188} INFO - log_logradouro persisted
[2024-05-02T11:53:48.727+0000] {logging_mixin.py:188} INFO - Filename: /opt/***/output/cep/log_logradouro_ce.txt, Table: log_logradouro, Columns: ['log_nu', 'ufe_sg', 'loc_nu', 'bai_nu_ini', 'bai_nu_fim', 'log_no', 'log_complemento', 'cep', 'tlo_tx', 'log_sta_tlo', 'log_no_abrev']
[2024-05-02T11:53:48.759+0000] {logging_mixin.py:188} INFO - /opt/***/output/cep/log_logradouro_ce.txt loaded into dataframe
[2024-05-02T11:53:51.605+0000] {logging_mixin.py:188} INFO - log_logradouro persisted
[2024-05-02T11:53:51.610+0000] {logging_mixin.py:188} INFO - Filename: /opt/***/output/cep/log_logradouro_df.txt, Table: log_logradouro, Columns: ['log_nu', 'ufe_sg', 'loc_nu', 'bai_nu_ini', 'bai_nu_fim', 'log_no', 'log_complemento', 'cep', 'tlo_tx', 'log_sta_tlo', 'log_no_abrev']
[2024-05-02T11:53:51.660+0000] {logging_mixin.py:188} INFO - /opt/***/output/cep/log_logradouro_df.txt loaded into dataframe
[2024-05-02T11:53:54.069+0000] {logging_mixin.py:188} INFO - log_logradouro persisted
[2024-05-02T11:53:54.074+0000] {logging_mixin.py:188} INFO - Filename: /opt/***/output/cep/log_logradouro_es.txt, Table: log_logradouro, Columns: ['log_nu', 'ufe_sg', 'loc_nu', 'bai_nu_ini', 'bai_nu_fim', 'log_no', 'log_complemento', 'cep', 'tlo_tx', 'log_sta_tlo', 'log_no_abrev']
[2024-05-02T11:53:54.121+0000] {logging_mixin.py:188} INFO - /opt/***/output/cep/log_logradouro_es.txt loaded into dataframe
[2024-05-02T11:53:56.401+0000] {logging_mixin.py:188} INFO - log_logradouro persisted
[2024-05-02T11:53:56.404+0000] {logging_mixin.py:188} INFO - Filename: /opt/***/output/cep/log_logradouro_go.txt, Table: log_logradouro, Columns: ['log_nu', 'ufe_sg', 'loc_nu', 'bai_nu_ini', 'bai_nu_fim', 'log_no', 'log_complemento', 'cep', 'tlo_tx', 'log_sta_tlo', 'log_no_abrev']
[2024-05-02T11:53:56.465+0000] {logging_mixin.py:188} INFO - /opt/***/output/cep/log_logradouro_go.txt loaded into dataframe
[2024-05-02T11:54:00.110+0000] {logging_mixin.py:188} INFO - log_logradouro persisted
[2024-05-02T11:54:00.117+0000] {logging_mixin.py:188} INFO - Filename: /opt/***/output/cep/log_logradouro_ma.txt, Table: log_logradouro, Columns: ['log_nu', 'ufe_sg', 'loc_nu', 'bai_nu_ini', 'bai_nu_fim', 'log_no', 'log_complemento', 'cep', 'tlo_tx', 'log_sta_tlo', 'log_no_abrev']
[2024-05-02T11:54:00.142+0000] {logging_mixin.py:188} INFO - /opt/***/output/cep/log_logradouro_ma.txt loaded into dataframe
[2024-05-02T11:54:01.700+0000] {logging_mixin.py:188} INFO - log_logradouro persisted
[2024-05-02T11:54:01.701+0000] {logging_mixin.py:188} INFO - Filename: /opt/***/output/cep/log_logradouro_ms.txt, Table: log_logradouro, Columns: ['log_nu', 'ufe_sg', 'loc_nu', 'bai_nu_ini', 'bai_nu_fim', 'log_no', 'log_complemento', 'cep', 'tlo_tx', 'log_sta_tlo', 'log_no_abrev']
[2024-05-02T11:54:01.723+0000] {logging_mixin.py:188} INFO - /opt/***/output/cep/log_logradouro_ms.txt loaded into dataframe
[2024-05-02T11:54:02.993+0000] {logging_mixin.py:188} INFO - log_logradouro persisted
[2024-05-02T11:54:02.994+0000] {logging_mixin.py:188} INFO - Filename: /opt/***/output/cep/log_logradouro_mt.txt, Table: log_logradouro, Columns: ['log_nu', 'ufe_sg', 'loc_nu', 'bai_nu_ini', 'bai_nu_fim', 'log_no', 'log_complemento', 'cep', 'tlo_tx', 'log_sta_tlo', 'log_no_abrev']
[2024-05-02T11:54:03.012+0000] {logging_mixin.py:188} INFO - /opt/***/output/cep/log_logradouro_mt.txt loaded into dataframe
[2024-05-02T11:54:04.446+0000] {logging_mixin.py:188} INFO - log_logradouro persisted
[2024-05-02T11:54:04.448+0000] {logging_mixin.py:188} INFO - Filename: /opt/***/output/cep/log_logradouro_pa.txt, Table: log_logradouro, Columns: ['log_nu', 'ufe_sg', 'loc_nu', 'bai_nu_ini', 'bai_nu_fim', 'log_no', 'log_complemento', 'cep', 'tlo_tx', 'log_sta_tlo', 'log_no_abrev']
[2024-05-02T11:54:04.476+0000] {logging_mixin.py:188} INFO - /opt/***/output/cep/log_logradouro_pa.txt loaded into dataframe
[2024-05-02T11:54:06.172+0000] {logging_mixin.py:188} INFO - log_logradouro persisted
[2024-05-02T11:54:06.176+0000] {logging_mixin.py:188} INFO - Filename: /opt/***/output/cep/log_logradouro_pb.txt, Table: log_logradouro, Columns: ['log_nu', 'ufe_sg', 'loc_nu', 'bai_nu_ini', 'bai_nu_fim', 'log_no', 'log_complemento', 'cep', 'tlo_tx', 'log_sta_tlo', 'log_no_abrev']
[2024-05-02T11:54:06.201+0000] {logging_mixin.py:188} INFO - /opt/***/output/cep/log_logradouro_pb.txt loaded into dataframe
[2024-05-02T11:54:07.340+0000] {logging_mixin.py:188} INFO - log_logradouro persisted
[2024-05-02T11:54:07.343+0000] {logging_mixin.py:188} INFO - Filename: /opt/***/output/cep/log_logradouro_pe.txt, Table: log_logradouro, Columns: ['log_nu', 'ufe_sg', 'loc_nu', 'bai_nu_ini', 'bai_nu_fim', 'log_no', 'log_complemento', 'cep', 'tlo_tx', 'log_sta_tlo', 'log_no_abrev']
[2024-05-02T11:54:07.403+0000] {logging_mixin.py:188} INFO - /opt/***/output/cep/log_logradouro_pe.txt loaded into dataframe
[2024-05-02T11:54:10.746+0000] {logging_mixin.py:188} INFO - log_logradouro persisted
[2024-05-02T11:54:10.754+0000] {logging_mixin.py:188} INFO - Filename: /opt/***/output/cep/log_logradouro_pi.txt, Table: log_logradouro, Columns: ['log_nu', 'ufe_sg', 'loc_nu', 'bai_nu_ini', 'bai_nu_fim', 'log_no', 'log_complemento', 'cep', 'tlo_tx', 'log_sta_tlo', 'log_no_abrev']
[2024-05-02T11:54:10.771+0000] {logging_mixin.py:188} INFO - /opt/***/output/cep/log_logradouro_pi.txt loaded into dataframe
[2024-05-02T11:54:12.112+0000] {logging_mixin.py:188} INFO - log_logradouro persisted
[2024-05-02T11:54:12.114+0000] {logging_mixin.py:188} INFO - Filename: /opt/***/output/cep/log_logradouro_pr.txt, Table: log_logradouro, Columns: ['log_nu', 'ufe_sg', 'loc_nu', 'bai_nu_ini', 'bai_nu_fim', 'log_no', 'log_complemento', 'cep', 'tlo_tx', 'log_sta_tlo', 'log_no_abrev']
[2024-05-02T11:54:12.189+0000] {logging_mixin.py:188} INFO - /opt/***/output/cep/log_logradouro_pr.txt loaded into dataframe
[2024-05-02T11:54:15.949+0000] {logging_mixin.py:188} INFO - log_logradouro persisted
[2024-05-02T11:54:15.954+0000] {logging_mixin.py:188} INFO - Filename: /opt/***/output/cep/log_logradouro_rn.txt, Table: log_logradouro, Columns: ['log_nu', 'ufe_sg', 'loc_nu', 'bai_nu_ini', 'bai_nu_fim', 'log_no', 'log_complemento', 'cep', 'tlo_tx', 'log_sta_tlo', 'log_no_abrev']
[2024-05-02T11:54:15.976+0000] {logging_mixin.py:188} INFO - /opt/***/output/cep/log_logradouro_rn.txt loaded into dataframe
[2024-05-02T11:54:17.344+0000] {logging_mixin.py:188} INFO - log_logradouro persisted
[2024-05-02T11:54:17.347+0000] {logging_mixin.py:188} INFO - Filename: /opt/***/output/cep/log_logradouro_ro.txt, Table: log_logradouro, Columns: ['log_nu', 'ufe_sg', 'loc_nu', 'bai_nu_ini', 'bai_nu_fim', 'log_no', 'log_complemento', 'cep', 'tlo_tx', 'log_sta_tlo', 'log_no_abrev']
[2024-05-02T11:54:17.373+0000] {logging_mixin.py:188} INFO - /opt/***/output/cep/log_logradouro_ro.txt loaded into dataframe
[2024-05-02T11:54:18.363+0000] {logging_mixin.py:188} INFO - log_logradouro persisted
[2024-05-02T11:54:18.365+0000] {logging_mixin.py:188} INFO - Filename: /opt/***/output/cep/log_logradouro_rr.txt, Table: log_logradouro, Columns: ['log_nu', 'ufe_sg', 'loc_nu', 'bai_nu_ini', 'bai_nu_fim', 'log_no', 'log_complemento', 'cep', 'tlo_tx', 'log_sta_tlo', 'log_no_abrev']
[2024-05-02T11:54:18.379+0000] {logging_mixin.py:188} INFO - /opt/***/output/cep/log_logradouro_rr.txt loaded into dataframe
[2024-05-02T11:54:18.853+0000] {logging_mixin.py:188} INFO - log_logradouro persisted
[2024-05-02T11:54:18.854+0000] {logging_mixin.py:188} INFO - Filename: /opt/***/output/cep/log_logradouro_rs.txt, Table: log_logradouro, Columns: ['log_nu', 'ufe_sg', 'loc_nu', 'bai_nu_ini', 'bai_nu_fim', 'log_no', 'log_complemento', 'cep', 'tlo_tx', 'log_sta_tlo', 'log_no_abrev']
[2024-05-02T11:54:18.920+0000] {logging_mixin.py:188} INFO - /opt/***/output/cep/log_logradouro_rs.txt loaded into dataframe
[2024-05-02T11:54:22.264+0000] {logging_mixin.py:188} INFO - log_logradouro persisted
[2024-05-02T11:54:22.272+0000] {logging_mixin.py:188} INFO - Filename: /opt/***/output/cep/log_logradouro_sc.txt, Table: log_logradouro, Columns: ['log_nu', 'ufe_sg', 'loc_nu', 'bai_nu_ini', 'bai_nu_fim', 'log_no', 'log_complemento', 'cep', 'tlo_tx', 'log_sta_tlo', 'log_no_abrev']
[2024-05-02T11:54:22.327+0000] {logging_mixin.py:188} INFO - /opt/***/output/cep/log_logradouro_sc.txt loaded into dataframe
[2024-05-02T11:54:25.370+0000] {logging_mixin.py:188} INFO - log_logradouro persisted
[2024-05-02T11:54:25.377+0000] {logging_mixin.py:188} INFO - Filename: /opt/***/output/cep/log_logradouro_se.txt, Table: log_logradouro, Columns: ['log_nu', 'ufe_sg', 'loc_nu', 'bai_nu_ini', 'bai_nu_fim', 'log_no', 'log_complemento', 'cep', 'tlo_tx', 'log_sta_tlo', 'log_no_abrev']
[2024-05-02T11:54:25.395+0000] {logging_mixin.py:188} INFO - /opt/***/output/cep/log_logradouro_se.txt loaded into dataframe
[2024-05-02T11:54:26.234+0000] {logging_mixin.py:188} INFO - log_logradouro persisted
[2024-05-02T11:54:26.237+0000] {logging_mixin.py:188} INFO - Filename: /opt/***/output/cep/log_logradouro_to.txt, Table: log_logradouro, Columns: ['log_nu', 'ufe_sg', 'loc_nu', 'bai_nu_ini', 'bai_nu_fim', 'log_no', 'log_complemento', 'cep', 'tlo_tx', 'log_sta_tlo', 'log_no_abrev']
[2024-05-02T11:54:26.249+0000] {logging_mixin.py:188} INFO - /opt/***/output/cep/log_logradouro_to.txt loaded into dataframe
[2024-05-02T11:54:26.943+0000] {logging_mixin.py:188} INFO - log_logradouro persisted
[2024-05-02T11:54:26.944+0000] {logging_mixin.py:188} INFO - Done
[2024-05-02T11:54:26.944+0000] {python.py:237} INFO - Done. Returned value was: None
[2024-05-02T11:54:26.944+0000] {taskinstance.py:441} INFO - ::group::Post task execution logs
[2024-05-02T11:54:26.950+0000] {taskinstance.py:1205} INFO - Marking task as SUCCESS. dag_id=cep_dag, task_id=etl_2, execution_date=20240502T115311, start_date=20240502T115341, end_date=20240502T115426
[2024-05-02T11:54:27.004+0000] {local_task_job_runner.py:240} INFO - Task exited with return code 0
[2024-05-02T11:54:27.020+0000] {taskinstance.py:3482} INFO - 1 downstream tasks scheduled from follow-on schedule check
[2024-05-02T11:54:27.021+0000] {local_task_job_runner.py:222} INFO - ::endgroup::
