[2024-05-02T11:08:56.177+0000] {local_task_job_runner.py:120} INFO - ::group::Pre task execution logs
[2024-05-02T11:08:56.191+0000] {taskinstance.py:2073} INFO - Dependencies all met for dep_context=non-requeueable deps ti=<TaskInstance: cep_dag.schema_db scheduled__2024-05-01T00:00:00+00:00 [queued]>
[2024-05-02T11:08:56.195+0000] {taskinstance.py:2073} INFO - Dependencies all met for dep_context=requeueable deps ti=<TaskInstance: cep_dag.schema_db scheduled__2024-05-01T00:00:00+00:00 [queued]>
[2024-05-02T11:08:56.196+0000] {taskinstance.py:2303} INFO - Starting attempt 1 of 1
[2024-05-02T11:08:56.204+0000] {taskinstance.py:2327} INFO - Executing <Task(PostgresOperator): schema_db> on 2024-05-01 00:00:00+00:00
[2024-05-02T11:08:56.209+0000] {warnings.py:110} WARNING - /home/***/.local/lib/python3.12/site-packages/***/task/task_runner/standard_task_runner.py:61: DeprecationWarning: This process (pid=185) is multi-threaded, use of fork() may lead to deadlocks in the child.
  pid = os.fork()

[2024-05-02T11:08:56.210+0000] {standard_task_runner.py:63} INFO - Started process 187 to run task
[2024-05-02T11:08:56.210+0000] {standard_task_runner.py:90} INFO - Running: ['***', 'tasks', 'run', 'cep_dag', 'schema_db', 'scheduled__2024-05-01T00:00:00+00:00', '--job-id', '8', '--raw', '--subdir', 'DAGS_FOLDER/cep.py', '--cfg-path', '/tmp/tmp3abr9xts']
[2024-05-02T11:08:56.211+0000] {standard_task_runner.py:91} INFO - Job 8: Subtask schema_db
[2024-05-02T11:08:56.237+0000] {task_command.py:426} INFO - Running <TaskInstance: cep_dag.schema_db scheduled__2024-05-01T00:00:00+00:00 [running]> on host 8d3b0ff10584
[2024-05-02T11:08:56.266+0000] {abstractoperator.py:725} ERROR - Exception rendering Jinja template for task 'schema_db', field 'sql'. Template: 'cep_schema.sql'
Traceback (most recent call last):
  File "/home/airflow/.local/lib/python3.12/site-packages/airflow/models/abstractoperator.py", line 717, in _do_render_template_fields
    rendered_content = self.render_template(
                       ^^^^^^^^^^^^^^^^^^^^^
  File "/home/airflow/.local/lib/python3.12/site-packages/airflow/template/templater.py", line 166, in render_template
    template = jinja_env.get_template(value)
               ^^^^^^^^^^^^^^^^^^^^^^^^^^^^^
  File "/home/airflow/.local/lib/python3.12/site-packages/jinja2/environment.py", line 1010, in get_template
    return self._load_template(name, globals)
           ^^^^^^^^^^^^^^^^^^^^^^^^^^^^^^^^^^
  File "/home/airflow/.local/lib/python3.12/site-packages/jinja2/environment.py", line 969, in _load_template
    template = self.loader.load(self, name, self.make_globals(globals))
               ^^^^^^^^^^^^^^^^^^^^^^^^^^^^^^^^^^^^^^^^^^^^^^^^^^^^^^^^
  File "/home/airflow/.local/lib/python3.12/site-packages/jinja2/loaders.py", line 125, in load
    source, filename, uptodate = self.get_source(environment, name)
                                 ^^^^^^^^^^^^^^^^^^^^^^^^^^^^^^^^^^
  File "/home/airflow/.local/lib/python3.12/site-packages/jinja2/loaders.py", line 204, in get_source
    raise TemplateNotFound(template)
jinja2.exceptions.TemplateNotFound: cep_schema.sql
[2024-05-02T11:08:56.267+0000] {taskinstance.py:2890} ERROR - Task failed with exception
Traceback (most recent call last):
  File "/home/airflow/.local/lib/python3.12/site-packages/airflow/models/taskinstance.py", line 2476, in _run_raw_task
    self._execute_task_with_callbacks(context, test_mode, session=session)
  File "/home/airflow/.local/lib/python3.12/site-packages/airflow/models/taskinstance.py", line 2629, in _execute_task_with_callbacks
    task_orig = self.render_templates(context=context, jinja_env=jinja_env)
                ^^^^^^^^^^^^^^^^^^^^^^^^^^^^^^^^^^^^^^^^^^^^^^^^^^^^^^^^^^^
  File "/home/airflow/.local/lib/python3.12/site-packages/airflow/models/taskinstance.py", line 3079, in render_templates
    original_task.render_template_fields(context, jinja_env)
  File "/home/airflow/.local/lib/python3.12/site-packages/airflow/models/baseoperator.py", line 1336, in render_template_fields
    self._do_render_template_fields(self, self.template_fields, context, jinja_env, set())
  File "/home/airflow/.local/lib/python3.12/site-packages/airflow/models/abstractoperator.py", line 717, in _do_render_template_fields
    rendered_content = self.render_template(
                       ^^^^^^^^^^^^^^^^^^^^^
  File "/home/airflow/.local/lib/python3.12/site-packages/airflow/template/templater.py", line 166, in render_template
    template = jinja_env.get_template(value)
               ^^^^^^^^^^^^^^^^^^^^^^^^^^^^^
  File "/home/airflow/.local/lib/python3.12/site-packages/jinja2/environment.py", line 1010, in get_template
    return self._load_template(name, globals)
           ^^^^^^^^^^^^^^^^^^^^^^^^^^^^^^^^^^
  File "/home/airflow/.local/lib/python3.12/site-packages/jinja2/environment.py", line 969, in _load_template
    template = self.loader.load(self, name, self.make_globals(globals))
               ^^^^^^^^^^^^^^^^^^^^^^^^^^^^^^^^^^^^^^^^^^^^^^^^^^^^^^^^
  File "/home/airflow/.local/lib/python3.12/site-packages/jinja2/loaders.py", line 125, in load
    source, filename, uptodate = self.get_source(environment, name)
                                 ^^^^^^^^^^^^^^^^^^^^^^^^^^^^^^^^^^
  File "/home/airflow/.local/lib/python3.12/site-packages/jinja2/loaders.py", line 204, in get_source
    raise TemplateNotFound(template)
jinja2.exceptions.TemplateNotFound: cep_schema.sql
[2024-05-02T11:08:56.272+0000] {taskinstance.py:1205} INFO - Marking task as FAILED. dag_id=cep_dag, task_id=schema_db, execution_date=20240501T000000, start_date=20240502T110856, end_date=20240502T110856
[2024-05-02T11:08:56.280+0000] {standard_task_runner.py:110} ERROR - Failed to execute job 8 for task schema_db (cep_schema.sql; 187)
[2024-05-02T11:08:56.303+0000] {local_task_job_runner.py:240} INFO - Task exited with return code 1
[2024-05-02T11:08:56.310+0000] {warnings.py:110} WARNING - /home/***/.local/lib/python3.12/site-packages/***/models/baseoperator.py:1296: AirflowProviderDeprecationWarning: Call to deprecated class PostgresOperator. (Please use `***.providers.common.sql.operators.sql.SQLExecuteQueryOperator`.Also, you can provide `hook_params={'schema': <database>}`.)
  result = cls.__new__(cls)

[2024-05-02T11:08:56.320+0000] {taskinstance.py:3482} INFO - 0 downstream tasks scheduled from follow-on schedule check
[2024-05-02T11:08:56.323+0000] {local_task_job_runner.py:222} INFO - ::endgroup::
[2024-05-02T12:00:44.810+0000] {local_task_job_runner.py:120} INFO - ::group::Pre task execution logs
[2024-05-02T12:00:44.823+0000] {taskinstance.py:2073} INFO - Dependencies all met for dep_context=non-requeueable deps ti=<TaskInstance: cep_dag.schema_db scheduled__2024-05-01T00:00:00+00:00 [queued]>
[2024-05-02T12:00:44.828+0000] {taskinstance.py:2073} INFO - Dependencies all met for dep_context=requeueable deps ti=<TaskInstance: cep_dag.schema_db scheduled__2024-05-01T00:00:00+00:00 [queued]>
[2024-05-02T12:00:44.828+0000] {taskinstance.py:2303} INFO - Starting attempt 1 of 1
[2024-05-02T12:00:44.836+0000] {taskinstance.py:2327} INFO - Executing <Task(PostgresOperator): schema_db> on 2024-05-01 00:00:00+00:00
[2024-05-02T12:00:44.842+0000] {warnings.py:110} WARNING - /home/***/.local/lib/python3.12/site-packages/***/task/task_runner/standard_task_runner.py:61: DeprecationWarning: This process (pid=316) is multi-threaded, use of fork() may lead to deadlocks in the child.
  pid = os.fork()

[2024-05-02T12:00:44.843+0000] {standard_task_runner.py:63} INFO - Started process 318 to run task
[2024-05-02T12:00:44.844+0000] {standard_task_runner.py:90} INFO - Running: ['***', 'tasks', 'run', 'cep_dag', 'schema_db', 'scheduled__2024-05-01T00:00:00+00:00', '--job-id', '45', '--raw', '--subdir', 'DAGS_FOLDER/cep.py', '--cfg-path', '/tmp/tmpvm5wtovf']
[2024-05-02T12:00:44.845+0000] {standard_task_runner.py:91} INFO - Job 45: Subtask schema_db
[2024-05-02T12:00:44.870+0000] {task_command.py:426} INFO - Running <TaskInstance: cep_dag.schema_db scheduled__2024-05-01T00:00:00+00:00 [running]> on host 0e53be1c4f92
[2024-05-02T12:00:44.919+0000] {taskinstance.py:2644} INFO - Exporting env vars: AIRFLOW_CTX_DAG_OWNER='***' AIRFLOW_CTX_DAG_ID='cep_dag' AIRFLOW_CTX_TASK_ID='schema_db' AIRFLOW_CTX_EXECUTION_DATE='2024-05-01T00:00:00+00:00' AIRFLOW_CTX_TRY_NUMBER='1' AIRFLOW_CTX_DAG_RUN_ID='scheduled__2024-05-01T00:00:00+00:00'
[2024-05-02T12:00:44.920+0000] {taskinstance.py:430} INFO - ::endgroup::
[2024-05-02T12:00:44.920+0000] {sql.py:276} INFO - Executing: 
CREATE TABLE IF NOT EXISTS public.ect_pais
(
    pai_sg character varying(2) COLLATE pg_catalog."default" NOT NULL,
    pai_sg_alternativa character varying(3) COLLATE pg_catalog."default",
    pai_no_portugues character varying(72) COLLATE pg_catalog."default",
    pai_no_ingles character varying(72) COLLATE pg_catalog."default",
    pai_no_frances character varying(72) COLLATE pg_catalog."default",
    pai_abreviatura character varying(36) COLLATE pg_catalog."default",
    CONSTRAINT ect_pais_pkey PRIMARY KEY (pai_sg)
)

TABLESPACE pg_default;

ALTER TABLE IF EXISTS public.ect_pais
    OWNER to ***;

CREATE INDEX IF NOT EXISTS idx_ect_pais
    ON public.ect_pais USING btree
    (pai_sg COLLATE pg_catalog."default" ASC NULLS LAST, pai_sg_alternativa COLLATE pg_catalog."default" ASC NULLS LAST, pai_no_portugues COLLATE pg_catalog."default" ASC NULLS LAST, pai_no_ingles COLLATE pg_catalog."default" ASC NULLS LAST, pai_no_frances COLLATE pg_catalog."default" ASC NULLS LAST, pai_abreviatura COLLATE pg_catalog."default" ASC NULLS LAST)
    TABLESPACE pg_default;
    

CREATE TABLE IF NOT EXISTS public.log_bairro
(
    bai_nu character varying(8) COLLATE pg_catalog."default" NOT NULL,
    ufe_sg character varying(2) COLLATE pg_catalog."default" NOT NULL,
    loc_nu character varying(8) COLLATE pg_catalog."default" NOT NULL,
    bai_no character varying(72) COLLATE pg_catalog."default" NOT NULL,
    bai_no_abrev character varying(36) COLLATE pg_catalog."default",
    CONSTRAINT log_bairro_pkey PRIMARY KEY (bai_nu)
)

TABLESPACE pg_default;

ALTER TABLE IF EXISTS public.log_bairro
    OWNER to ***;

CREATE INDEX IF NOT EXISTS idx_log_bairro
    ON public.log_bairro USING btree
    (bai_nu COLLATE pg_catalog."default" ASC NULLS LAST, ufe_sg COLLATE pg_catalog."default" ASC NULLS LAST, loc_nu COLLATE pg_catalog."default" ASC NULLS LAST, bai_no COLLATE pg_catalog."default" ASC NULLS LAST, bai_no_abrev COLLATE pg_catalog."default" ASC NULLS LAST)
    TABLESPACE pg_default;
    

CREATE TABLE IF NOT EXISTS public.log_cpc
(
    cpc_nu character varying(8) COLLATE pg_catalog."default" NOT NULL,
    ufe_sg character varying(2) COLLATE pg_catalog."default" NOT NULL,
    loc_nu character varying(8) COLLATE pg_catalog."default" NOT NULL,
    cpc_no character varying(72) COLLATE pg_catalog."default" NOT NULL,
    cpc_endereco character varying(100) COLLATE pg_catalog."default" NOT NULL,
    cep character varying(8) COLLATE pg_catalog."default" NOT NULL,
    CONSTRAINT log_cpc_pkey PRIMARY KEY (cpc_nu)
)

TABLESPACE pg_default;

ALTER TABLE IF EXISTS public.log_cpc
    OWNER to ***;

CREATE INDEX IF NOT EXISTS idx_log_cpc
    ON public.log_cpc USING btree
    (cpc_nu COLLATE pg_catalog."default" ASC NULLS LAST, ufe_sg COLLATE pg_catalog."default" ASC NULLS LAST, loc_nu COLLATE pg_catalog."default" ASC NULLS LAST, cpc_no COLLATE pg_catalog."default" ASC NULLS LAST, cpc_endereco COLLATE pg_catalog."default" ASC NULLS LAST, cep COLLATE pg_catalog."default" ASC NULLS LAST)
    TABLESPACE pg_default;


CREATE TABLE IF NOT EXISTS public.log_faixa_bairro
(
    bai_nu character varying(8) COLLATE pg_catalog."default" NOT NULL,
    fcb_cep_ini character varying(8) COLLATE pg_catalog."default" NOT NULL,
    fcb_cep_fim character varying(8) COLLATE pg_catalog."default" NOT NULL,
    CONSTRAINT log_faixa_bairro_pkey PRIMARY KEY (bai_nu, fcb_cep_ini)
)

TABLESPACE pg_default;

ALTER TABLE IF EXISTS public.log_faixa_bairro
    OWNER to ***;

CREATE INDEX IF NOT EXISTS idx_log_faixa_bairro on log_faixa_bairro (bai_nu, fcb_cep_ini, fcb_cep_fim);


CREATE TABLE IF NOT EXISTS public.log_faixa_cpc
(
    cpc_nu character varying(8) COLLATE pg_catalog."default" NOT NULL,
    cpc_inicial character varying(6) COLLATE pg_catalog."default" NOT NULL,
    cpc_final character varying(6) COLLATE pg_catalog."default" NOT NULL,
    CONSTRAINT log_faixa_cpc_pkey PRIMARY KEY (cpc_nu, cpc_inicial)
)

TABLESPACE pg_default;

ALTER TABLE IF EXISTS public.log_faixa_cpc
    OWNER to ***;

CREATE INDEX IF NOT EXISTS idx_log_faixa_cpc
    ON public.log_faixa_cpc USING btree
    (cpc_nu COLLATE pg_catalog."default" ASC NULLS LAST, cpc_inicial COLLATE pg_catalog."default" ASC NULLS LAST, cpc_final COLLATE pg_catalog."default" ASC NULLS LAST)
    TABLESPACE pg_default;
    

CREATE TABLE IF NOT EXISTS public.log_faixa_localidade
(
    loc_nu character varying(8) COLLATE pg_catalog."default" NOT NULL,
    loc_cep_ini character varying(8) COLLATE pg_catalog."default" NOT NULL,
    loc_cep_fim character varying(8) COLLATE pg_catalog."default",
    loc_tipo_faixa character varying(1) COLLATE pg_catalog."default" NOT NULL,
    CONSTRAINT log_faixa_localidade_pkey PRIMARY KEY (loc_nu, loc_cep_ini, loc_tipo_faixa)
)

TABLESPACE pg_default;

ALTER TABLE IF EXISTS public.log_faixa_localidade
    OWNER to ***;

CREATE INDEX IF NOT EXISTS idx_log_faixa_localidade
    ON public.log_faixa_localidade USING btree
    (loc_nu COLLATE pg_catalog."default" ASC NULLS LAST, loc_cep_ini COLLATE pg_catalog."default" ASC NULLS LAST, loc_cep_fim COLLATE pg_catalog."default" ASC NULLS LAST, loc_tipo_faixa COLLATE pg_catalog."default" ASC NULLS LAST)
    TABLESPACE pg_default;
    
CREATE TABLE IF NOT EXISTS public.log_faixa_uf
(
    ufe_sg character varying(2) COLLATE pg_catalog."default" NOT NULL,
    ufe_cep_ini character varying(8) COLLATE pg_catalog."default" NOT NULL,
    ufe_cep_fim character varying(8) COLLATE pg_catalog."default" NOT NULL,
    CONSTRAINT log_faixa_uf_pkey PRIMARY KEY (ufe_sg, ufe_cep_ini, ufe_cep_fim)
)

TABLESPACE pg_default;

ALTER TABLE IF EXISTS public.log_faixa_uf
    OWNER to ***;

CREATE INDEX IF NOT EXISTS idx_log_faixa_uf
    ON public.log_faixa_uf USING btree
    (ufe_sg COLLATE pg_catalog."default" ASC NULLS LAST, ufe_cep_ini COLLATE pg_catalog."default" ASC NULLS LAST, ufe_cep_fim COLLATE pg_catalog."default" ASC NULLS LAST)
    TABLESPACE pg_default;
    
CREATE TABLE IF NOT EXISTS public.log_faixa_uop
(
    uop_nu character varying(8) COLLATE pg_catalog."default" NOT NULL,
    fnc_inicial character varying(8) COLLATE pg_catalog."default" NOT NULL,
    fnc_final character varying(8) COLLATE pg_catalog."default" NOT NULL,
    CONSTRAINT log_faixa_uop_pkey PRIMARY KEY (uop_nu, fnc_inicial)
)

TABLESPACE pg_default;

ALTER TABLE IF EXISTS public.log_faixa_uop
    OWNER to ***;

CREATE INDEX IF NOT EXISTS idx_log_faixa_uop
    ON public.log_faixa_uop USING btree
    (uop_nu COLLATE pg_catalog."default" ASC NULLS LAST, fnc_inicial COLLATE pg_catalog."default" ASC NULLS LAST, fnc_final COLLATE pg_catalog."default" ASC NULLS LAST)
    TABLESPACE pg_default;
    
CREATE TABLE IF NOT EXISTS public.log_grande_usuario
(
    gru_nu character varying(8) COLLATE pg_catalog."default" NOT NULL,
    ufe_sg character varying(2) COLLATE pg_catalog."default" NOT NULL,
    loc_nu character varying(8) COLLATE pg_catalog."default" NOT NULL,
    bai_nu character varying(8) COLLATE pg_catalog."default" NOT NULL,
    log_nu character varying(8) COLLATE pg_catalog."default",
    gru_no character varying(72) COLLATE pg_catalog."default" NOT NULL,
    gru_endereco character varying(100) COLLATE pg_catalog."default" NOT NULL,
    cep character varying(8) COLLATE pg_catalog."default" NOT NULL,
    gru_no_abrev character varying(36) COLLATE pg_catalog."default",
    CONSTRAINT log_grande_usuario_pkey PRIMARY KEY (gru_nu)
)

TABLESPACE pg_default;

ALTER TABLE IF EXISTS public.log_grande_usuario
    OWNER to ***;
    
CREATE TABLE IF NOT EXISTS public.log_localidade
(
    loc_nu character varying(8) COLLATE pg_catalog."default" NOT NULL,
    ufe_sg character varying(2) COLLATE pg_catalog."default" NOT NULL,
    loc_no character varying(72) COLLATE pg_catalog."default" NOT NULL,
    cep character varying(8) COLLATE pg_catalog."default",
    loc_in_sit character varying(1) COLLATE pg_catalog."default" NOT NULL,
    loc_in_tipo_loc character varying(1) COLLATE pg_catalog."default" NOT NULL,
    loc_nu_sub character varying(8) COLLATE pg_catalog."default",
    loc_no_abrev character varying(36) COLLATE pg_catalog."default",
    mun_nu character varying(7) COLLATE pg_catalog."default",
    CONSTRAINT log_localidade_pkey PRIMARY KEY (loc_nu)
)

TABLESPACE pg_default;

ALTER TABLE IF EXISTS public.log_localidade
    OWNER to ***;

CREATE INDEX IF NOT EXISTS idx_log_localidade
    ON public.log_localidade USING btree
    (loc_nu COLLATE pg_catalog."default" ASC NULLS LAST, ufe_sg COLLATE pg_catalog."default" ASC NULLS LAST, loc_no COLLATE pg_catalog."default" ASC NULLS LAST, cep COLLATE pg_catalog."default" ASC NULLS LAST, loc_in_sit COLLATE pg_catalog."default" ASC NULLS LAST, loc_in_tipo_loc COLLATE pg_catalog."default" ASC NULLS LAST, loc_nu_sub COLLATE pg_catalog."default" ASC NULLS LAST, loc_no_abrev COLLATE pg_catalog."default" ASC NULLS LAST, mun_nu COLLATE pg_catalog."default" ASC NULLS LAST)
    TABLESPACE pg_default;
    
CREATE TABLE IF NOT EXISTS public.log_logradouro
(
    log_nu character varying(8) COLLATE pg_catalog."default" NOT NULL,
    ufe_sg character varying(2) COLLATE pg_catalog."default" NOT NULL,
    loc_nu character varying(8) COLLATE pg_catalog."default" NOT NULL,
    bai_nu_ini character varying(8) COLLATE pg_catalog."default" NOT NULL,
    bai_nu_fim character varying(8) COLLATE pg_catalog."default",
    log_no character varying(100) COLLATE pg_catalog."default" NOT NULL,
    log_complemento character varying(100) COLLATE pg_catalog."default",
    cep character varying(8) COLLATE pg_catalog."default" NOT NULL,
    tlo_tx character varying(36) COLLATE pg_catalog."default" NOT NULL,
    log_sta_tlo character varying(1) COLLATE pg_catalog."default",
    log_no_abrev character varying(36) COLLATE pg_catalog."default",
    CONSTRAINT log_logradouro_pkey PRIMARY KEY (log_nu)
)

TABLESPACE pg_default;

ALTER TABLE IF EXISTS public.log_logradouro
    OWNER to ***;

CREATE INDEX IF NOT EXISTS idx_log_logradouro
    ON public.log_logradouro USING btree
    (log_nu COLLATE pg_catalog."default" ASC NULLS LAST, ufe_sg COLLATE pg_catalog."default" ASC NULLS LAST, loc_nu COLLATE pg_catalog."default" ASC NULLS LAST, bai_nu_ini COLLATE pg_catalog."default" ASC NULLS LAST, bai_nu_fim COLLATE pg_catalog."default" ASC NULLS LAST, log_no COLLATE pg_catalog."default" ASC NULLS LAST, log_complemento COLLATE pg_catalog."default" ASC NULLS LAST, cep COLLATE pg_catalog."default" ASC NULLS LAST, tlo_tx COLLATE pg_catalog."default" ASC NULLS LAST, log_sta_tlo COLLATE pg_catalog."default" ASC NULLS LAST, log_no_abrev COLLATE pg_catalog."default" ASC NULLS LAST)
    TABLESPACE pg_default;
    
CREATE TABLE IF NOT EXISTS public.log_num_sec
(
    log_nu character varying(8) COLLATE pg_catalog."default" NOT NULL,
    sec_nu_ini character varying(10) COLLATE pg_catalog."default" NOT NULL,
    sec_nu_fim character varying(10) COLLATE pg_catalog."default" NOT NULL,
    sec_in_lado character varying(1) COLLATE pg_catalog."default" NOT NULL,
    CONSTRAINT log_num_sec_pkey PRIMARY KEY (log_nu)
)

TABLESPACE pg_default;

ALTER TABLE IF EXISTS public.log_num_sec
    OWNER to ***;

CREATE INDEX IF NOT EXISTS idx_log_num_sec
    ON public.log_num_sec USING btree
    (log_nu COLLATE pg_catalog."default" ASC NULLS LAST, sec_nu_ini COLLATE pg_catalog."default" ASC NULLS LAST, sec_nu_fim COLLATE pg_catalog."default" ASC NULLS LAST, sec_in_lado COLLATE pg_catalog."default" ASC NULLS LAST)
    TABLESPACE pg_default;
    
CREATE TABLE IF NOT EXISTS public.log_unid_oper
(
    uop_nu character varying(8) COLLATE pg_catalog."default" NOT NULL,
    ufe_sg character varying(2) COLLATE pg_catalog."default" NOT NULL,
    loc_nu character varying(8) COLLATE pg_catalog."default" NOT NULL,
    bai_nu character varying(8) COLLATE pg_catalog."default" NOT NULL,
    log_nu character varying(8) COLLATE pg_catalog."default",
    uop_no character varying(100) COLLATE pg_catalog."default" NOT NULL,
    uop_endereco character varying(100) COLLATE pg_catalog."default" NOT NULL,
    cep character varying(8) COLLATE pg_catalog."default" NOT NULL,
    uop_in_cp character varying(1) COLLATE pg_catalog."default" NOT NULL,
    uop_no_abrev character varying(36) COLLATE pg_catalog."default",
    CONSTRAINT log_unid_oper_pkey PRIMARY KEY (uop_nu)
)

TABLESPACE pg_default;

ALTER TABLE IF EXISTS public.log_unid_oper
    OWNER to ***;

CREATE INDEX IF NOT EXISTS idx_log_unid_oper
    ON public.log_unid_oper USING btree
    (uop_nu COLLATE pg_catalog."default" ASC NULLS LAST, ufe_sg COLLATE pg_catalog."default" ASC NULLS LAST, loc_nu COLLATE pg_catalog."default" ASC NULLS LAST, bai_nu COLLATE pg_catalog."default" ASC NULLS LAST, log_nu COLLATE pg_catalog."default" ASC NULLS LAST, uop_no COLLATE pg_catalog."default" ASC NULLS LAST, uop_endereco COLLATE pg_catalog."default" ASC NULLS LAST, cep COLLATE pg_catalog."default" ASC NULLS LAST, uop_in_cp COLLATE pg_catalog."default" ASC NULLS LAST, uop_no_abrev COLLATE pg_catalog."default" ASC NULLS LAST)
    TABLESPACE pg_default;
    
CREATE TABLE IF NOT EXISTS public.log_var_bai
(
    bai_nu character varying(8) COLLATE pg_catalog."default" NOT NULL,
    vdb_nu character varying(8) COLLATE pg_catalog."default" NOT NULL,
    vdb_tx character varying(72) COLLATE pg_catalog."default" NOT NULL,
    CONSTRAINT log_var_bai_pkey PRIMARY KEY (bai_nu, vdb_nu)
)

TABLESPACE pg_default;

ALTER TABLE IF EXISTS public.log_var_bai
    OWNER to ***;

CREATE INDEX IF NOT EXISTS idx_log_var_bai
    ON public.log_var_bai USING btree
    (bai_nu COLLATE pg_catalog."default" ASC NULLS LAST, vdb_nu COLLATE pg_catalog."default" ASC NULLS LAST, vdb_tx COLLATE pg_catalog."default" ASC NULLS LAST)
    TABLESPACE pg_default;
    
CREATE TABLE IF NOT EXISTS public.log_var_loc
(
    loc_nu character varying(8) COLLATE pg_catalog."default" NOT NULL,
    val_nu character varying(8) COLLATE pg_catalog."default" NOT NULL,
    val_txt character varying(72) COLLATE pg_catalog."default",
    CONSTRAINT log_var_loc_pkey PRIMARY KEY (loc_nu, val_nu)
)

TABLESPACE pg_default;

ALTER TABLE IF EXISTS public.log_var_loc
    OWNER to ***;
    
CREATE TABLE IF NOT EXISTS public.log_var_log
(
    log_nu character varying(8) COLLATE pg_catalog."default" NOT NULL,
    vlo_nu character varying(8) COLLATE pg_catalog."default" NOT NULL,
    tlo_tx character varying(36) COLLATE pg_catalog."default" NOT NULL,
    vlo_no character varying(150) COLLATE pg_catalog."default" NOT NULL,
    CONSTRAINT log_var_log_pkey PRIMARY KEY (log_nu, vlo_nu)
)

TABLESPACE pg_default;

ALTER TABLE IF EXISTS public.log_var_log
    OWNER to ***;

CREATE INDEX IF NOT EXISTS idx_log_var_log
    ON public.log_var_log USING btree
    (log_nu COLLATE pg_catalog."default" ASC NULLS LAST, vlo_nu COLLATE pg_catalog."default" ASC NULLS LAST, tlo_tx COLLATE pg_catalog."default" ASC NULLS LAST, vlo_no COLLATE pg_catalog."default" ASC NULLS LAST)
    TABLESPACE pg_default;
[2024-05-02T12:00:44.925+0000] {base.py:84} INFO - Using connection ID 'postgres_cep' for task execution.
[2024-05-02T12:00:44.930+0000] {base.py:84} INFO - Using connection ID 'postgres_cep' for task execution.
[2024-05-02T12:00:44.932+0000] {sql.py:457} INFO - Running statement: 
CREATE TABLE IF NOT EXISTS public.ect_pais
(
    pai_sg character varying(2) COLLATE pg_catalog."default" NOT NULL,
    pai_sg_alternativa character varying(3) COLLATE pg_catalog."default",
    pai_no_portugues character varying(72) COLLATE pg_catalog."default",
    pai_no_ingles character varying(72) COLLATE pg_catalog."default",
    pai_no_frances character varying(72) COLLATE pg_catalog."default",
    pai_abreviatura character varying(36) COLLATE pg_catalog."default",
    CONSTRAINT ect_pais_pkey PRIMARY KEY (pai_sg)
)

TABLESPACE pg_default;

ALTER TABLE IF EXISTS public.ect_pais
    OWNER to ***;

CREATE INDEX IF NOT EXISTS idx_ect_pais
    ON public.ect_pais USING btree
    (pai_sg COLLATE pg_catalog."default" ASC NULLS LAST, pai_sg_alternativa COLLATE pg_catalog."default" ASC NULLS LAST, pai_no_portugues COLLATE pg_catalog."default" ASC NULLS LAST, pai_no_ingles COLLATE pg_catalog."default" ASC NULLS LAST, pai_no_frances COLLATE pg_catalog."default" ASC NULLS LAST, pai_abreviatura COLLATE pg_catalog."default" ASC NULLS LAST)
    TABLESPACE pg_default;
    

CREATE TABLE IF NOT EXISTS public.log_bairro
(
    bai_nu character varying(8) COLLATE pg_catalog."default" NOT NULL,
    ufe_sg character varying(2) COLLATE pg_catalog."default" NOT NULL,
    loc_nu character varying(8) COLLATE pg_catalog."default" NOT NULL,
    bai_no character varying(72) COLLATE pg_catalog."default" NOT NULL,
    bai_no_abrev character varying(36) COLLATE pg_catalog."default",
    CONSTRAINT log_bairro_pkey PRIMARY KEY (bai_nu)
)

TABLESPACE pg_default;

ALTER TABLE IF EXISTS public.log_bairro
    OWNER to ***;

CREATE INDEX IF NOT EXISTS idx_log_bairro
    ON public.log_bairro USING btree
    (bai_nu COLLATE pg_catalog."default" ASC NULLS LAST, ufe_sg COLLATE pg_catalog."default" ASC NULLS LAST, loc_nu COLLATE pg_catalog."default" ASC NULLS LAST, bai_no COLLATE pg_catalog."default" ASC NULLS LAST, bai_no_abrev COLLATE pg_catalog."default" ASC NULLS LAST)
    TABLESPACE pg_default;
    

CREATE TABLE IF NOT EXISTS public.log_cpc
(
    cpc_nu character varying(8) COLLATE pg_catalog."default" NOT NULL,
    ufe_sg character varying(2) COLLATE pg_catalog."default" NOT NULL,
    loc_nu character varying(8) COLLATE pg_catalog."default" NOT NULL,
    cpc_no character varying(72) COLLATE pg_catalog."default" NOT NULL,
    cpc_endereco character varying(100) COLLATE pg_catalog."default" NOT NULL,
    cep character varying(8) COLLATE pg_catalog."default" NOT NULL,
    CONSTRAINT log_cpc_pkey PRIMARY KEY (cpc_nu)
)

TABLESPACE pg_default;

ALTER TABLE IF EXISTS public.log_cpc
    OWNER to ***;

CREATE INDEX IF NOT EXISTS idx_log_cpc
    ON public.log_cpc USING btree
    (cpc_nu COLLATE pg_catalog."default" ASC NULLS LAST, ufe_sg COLLATE pg_catalog."default" ASC NULLS LAST, loc_nu COLLATE pg_catalog."default" ASC NULLS LAST, cpc_no COLLATE pg_catalog."default" ASC NULLS LAST, cpc_endereco COLLATE pg_catalog."default" ASC NULLS LAST, cep COLLATE pg_catalog."default" ASC NULLS LAST)
    TABLESPACE pg_default;


CREATE TABLE IF NOT EXISTS public.log_faixa_bairro
(
    bai_nu character varying(8) COLLATE pg_catalog."default" NOT NULL,
    fcb_cep_ini character varying(8) COLLATE pg_catalog."default" NOT NULL,
    fcb_cep_fim character varying(8) COLLATE pg_catalog."default" NOT NULL,
    CONSTRAINT log_faixa_bairro_pkey PRIMARY KEY (bai_nu, fcb_cep_ini)
)

TABLESPACE pg_default;

ALTER TABLE IF EXISTS public.log_faixa_bairro
    OWNER to ***;

CREATE INDEX IF NOT EXISTS idx_log_faixa_bairro on log_faixa_bairro (bai_nu, fcb_cep_ini, fcb_cep_fim);


CREATE TABLE IF NOT EXISTS public.log_faixa_cpc
(
    cpc_nu character varying(8) COLLATE pg_catalog."default" NOT NULL,
    cpc_inicial character varying(6) COLLATE pg_catalog."default" NOT NULL,
    cpc_final character varying(6) COLLATE pg_catalog."default" NOT NULL,
    CONSTRAINT log_faixa_cpc_pkey PRIMARY KEY (cpc_nu, cpc_inicial)
)

TABLESPACE pg_default;

ALTER TABLE IF EXISTS public.log_faixa_cpc
    OWNER to ***;

CREATE INDEX IF NOT EXISTS idx_log_faixa_cpc
    ON public.log_faixa_cpc USING btree
    (cpc_nu COLLATE pg_catalog."default" ASC NULLS LAST, cpc_inicial COLLATE pg_catalog."default" ASC NULLS LAST, cpc_final COLLATE pg_catalog."default" ASC NULLS LAST)
    TABLESPACE pg_default;
    

CREATE TABLE IF NOT EXISTS public.log_faixa_localidade
(
    loc_nu character varying(8) COLLATE pg_catalog."default" NOT NULL,
    loc_cep_ini character varying(8) COLLATE pg_catalog."default" NOT NULL,
    loc_cep_fim character varying(8) COLLATE pg_catalog."default",
    loc_tipo_faixa character varying(1) COLLATE pg_catalog."default" NOT NULL,
    CONSTRAINT log_faixa_localidade_pkey PRIMARY KEY (loc_nu, loc_cep_ini, loc_tipo_faixa)
)

TABLESPACE pg_default;

ALTER TABLE IF EXISTS public.log_faixa_localidade
    OWNER to ***;

CREATE INDEX IF NOT EXISTS idx_log_faixa_localidade
    ON public.log_faixa_localidade USING btree
    (loc_nu COLLATE pg_catalog."default" ASC NULLS LAST, loc_cep_ini COLLATE pg_catalog."default" ASC NULLS LAST, loc_cep_fim COLLATE pg_catalog."default" ASC NULLS LAST, loc_tipo_faixa COLLATE pg_catalog."default" ASC NULLS LAST)
    TABLESPACE pg_default;
    
CREATE TABLE IF NOT EXISTS public.log_faixa_uf
(
    ufe_sg character varying(2) COLLATE pg_catalog."default" NOT NULL,
    ufe_cep_ini character varying(8) COLLATE pg_catalog."default" NOT NULL,
    ufe_cep_fim character varying(8) COLLATE pg_catalog."default" NOT NULL,
    CONSTRAINT log_faixa_uf_pkey PRIMARY KEY (ufe_sg, ufe_cep_ini, ufe_cep_fim)
)

TABLESPACE pg_default;

ALTER TABLE IF EXISTS public.log_faixa_uf
    OWNER to ***;

CREATE INDEX IF NOT EXISTS idx_log_faixa_uf
    ON public.log_faixa_uf USING btree
    (ufe_sg COLLATE pg_catalog."default" ASC NULLS LAST, ufe_cep_ini COLLATE pg_catalog."default" ASC NULLS LAST, ufe_cep_fim COLLATE pg_catalog."default" ASC NULLS LAST)
    TABLESPACE pg_default;
    
CREATE TABLE IF NOT EXISTS public.log_faixa_uop
(
    uop_nu character varying(8) COLLATE pg_catalog."default" NOT NULL,
    fnc_inicial character varying(8) COLLATE pg_catalog."default" NOT NULL,
    fnc_final character varying(8) COLLATE pg_catalog."default" NOT NULL,
    CONSTRAINT log_faixa_uop_pkey PRIMARY KEY (uop_nu, fnc_inicial)
)

TABLESPACE pg_default;

ALTER TABLE IF EXISTS public.log_faixa_uop
    OWNER to ***;

CREATE INDEX IF NOT EXISTS idx_log_faixa_uop
    ON public.log_faixa_uop USING btree
    (uop_nu COLLATE pg_catalog."default" ASC NULLS LAST, fnc_inicial COLLATE pg_catalog."default" ASC NULLS LAST, fnc_final COLLATE pg_catalog."default" ASC NULLS LAST)
    TABLESPACE pg_default;
    
CREATE TABLE IF NOT EXISTS public.log_grande_usuario
(
    gru_nu character varying(8) COLLATE pg_catalog."default" NOT NULL,
    ufe_sg character varying(2) COLLATE pg_catalog."default" NOT NULL,
    loc_nu character varying(8) COLLATE pg_catalog."default" NOT NULL,
    bai_nu character varying(8) COLLATE pg_catalog."default" NOT NULL,
    log_nu character varying(8) COLLATE pg_catalog."default",
    gru_no character varying(72) COLLATE pg_catalog."default" NOT NULL,
    gru_endereco character varying(100) COLLATE pg_catalog."default" NOT NULL,
    cep character varying(8) COLLATE pg_catalog."default" NOT NULL,
    gru_no_abrev character varying(36) COLLATE pg_catalog."default",
    CONSTRAINT log_grande_usuario_pkey PRIMARY KEY (gru_nu)
)

TABLESPACE pg_default;

ALTER TABLE IF EXISTS public.log_grande_usuario
    OWNER to ***;
    
CREATE TABLE IF NOT EXISTS public.log_localidade
(
    loc_nu character varying(8) COLLATE pg_catalog."default" NOT NULL,
    ufe_sg character varying(2) COLLATE pg_catalog."default" NOT NULL,
    loc_no character varying(72) COLLATE pg_catalog."default" NOT NULL,
    cep character varying(8) COLLATE pg_catalog."default",
    loc_in_sit character varying(1) COLLATE pg_catalog."default" NOT NULL,
    loc_in_tipo_loc character varying(1) COLLATE pg_catalog."default" NOT NULL,
    loc_nu_sub character varying(8) COLLATE pg_catalog."default",
    loc_no_abrev character varying(36) COLLATE pg_catalog."default",
    mun_nu character varying(7) COLLATE pg_catalog."default",
    CONSTRAINT log_localidade_pkey PRIMARY KEY (loc_nu)
)

TABLESPACE pg_default;

ALTER TABLE IF EXISTS public.log_localidade
    OWNER to ***;

CREATE INDEX IF NOT EXISTS idx_log_localidade
    ON public.log_localidade USING btree
    (loc_nu COLLATE pg_catalog."default" ASC NULLS LAST, ufe_sg COLLATE pg_catalog."default" ASC NULLS LAST, loc_no COLLATE pg_catalog."default" ASC NULLS LAST, cep COLLATE pg_catalog."default" ASC NULLS LAST, loc_in_sit COLLATE pg_catalog."default" ASC NULLS LAST, loc_in_tipo_loc COLLATE pg_catalog."default" ASC NULLS LAST, loc_nu_sub COLLATE pg_catalog."default" ASC NULLS LAST, loc_no_abrev COLLATE pg_catalog."default" ASC NULLS LAST, mun_nu COLLATE pg_catalog."default" ASC NULLS LAST)
    TABLESPACE pg_default;
    
CREATE TABLE IF NOT EXISTS public.log_logradouro
(
    log_nu character varying(8) COLLATE pg_catalog."default" NOT NULL,
    ufe_sg character varying(2) COLLATE pg_catalog."default" NOT NULL,
    loc_nu character varying(8) COLLATE pg_catalog."default" NOT NULL,
    bai_nu_ini character varying(8) COLLATE pg_catalog."default" NOT NULL,
    bai_nu_fim character varying(8) COLLATE pg_catalog."default",
    log_no character varying(100) COLLATE pg_catalog."default" NOT NULL,
    log_complemento character varying(100) COLLATE pg_catalog."default",
    cep character varying(8) COLLATE pg_catalog."default" NOT NULL,
    tlo_tx character varying(36) COLLATE pg_catalog."default" NOT NULL,
    log_sta_tlo character varying(1) COLLATE pg_catalog."default",
    log_no_abrev character varying(36) COLLATE pg_catalog."default",
    CONSTRAINT log_logradouro_pkey PRIMARY KEY (log_nu)
)

TABLESPACE pg_default;

ALTER TABLE IF EXISTS public.log_logradouro
    OWNER to ***;

CREATE INDEX IF NOT EXISTS idx_log_logradouro
    ON public.log_logradouro USING btree
    (log_nu COLLATE pg_catalog."default" ASC NULLS LAST, ufe_sg COLLATE pg_catalog."default" ASC NULLS LAST, loc_nu COLLATE pg_catalog."default" ASC NULLS LAST, bai_nu_ini COLLATE pg_catalog."default" ASC NULLS LAST, bai_nu_fim COLLATE pg_catalog."default" ASC NULLS LAST, log_no COLLATE pg_catalog."default" ASC NULLS LAST, log_complemento COLLATE pg_catalog."default" ASC NULLS LAST, cep COLLATE pg_catalog."default" ASC NULLS LAST, tlo_tx COLLATE pg_catalog."default" ASC NULLS LAST, log_sta_tlo COLLATE pg_catalog."default" ASC NULLS LAST, log_no_abrev COLLATE pg_catalog."default" ASC NULLS LAST)
    TABLESPACE pg_default;
    
CREATE TABLE IF NOT EXISTS public.log_num_sec
(
    log_nu character varying(8) COLLATE pg_catalog."default" NOT NULL,
    sec_nu_ini character varying(10) COLLATE pg_catalog."default" NOT NULL,
    sec_nu_fim character varying(10) COLLATE pg_catalog."default" NOT NULL,
    sec_in_lado character varying(1) COLLATE pg_catalog."default" NOT NULL,
    CONSTRAINT log_num_sec_pkey PRIMARY KEY (log_nu)
)

TABLESPACE pg_default;

ALTER TABLE IF EXISTS public.log_num_sec
    OWNER to ***;

CREATE INDEX IF NOT EXISTS idx_log_num_sec
    ON public.log_num_sec USING btree
    (log_nu COLLATE pg_catalog."default" ASC NULLS LAST, sec_nu_ini COLLATE pg_catalog."default" ASC NULLS LAST, sec_nu_fim COLLATE pg_catalog."default" ASC NULLS LAST, sec_in_lado COLLATE pg_catalog."default" ASC NULLS LAST)
    TABLESPACE pg_default;
    
CREATE TABLE IF NOT EXISTS public.log_unid_oper
(
    uop_nu character varying(8) COLLATE pg_catalog."default" NOT NULL,
    ufe_sg character varying(2) COLLATE pg_catalog."default" NOT NULL,
    loc_nu character varying(8) COLLATE pg_catalog."default" NOT NULL,
    bai_nu character varying(8) COLLATE pg_catalog."default" NOT NULL,
    log_nu character varying(8) COLLATE pg_catalog."default",
    uop_no character varying(100) COLLATE pg_catalog."default" NOT NULL,
    uop_endereco character varying(100) COLLATE pg_catalog."default" NOT NULL,
    cep character varying(8) COLLATE pg_catalog."default" NOT NULL,
    uop_in_cp character varying(1) COLLATE pg_catalog."default" NOT NULL,
    uop_no_abrev character varying(36) COLLATE pg_catalog."default",
    CONSTRAINT log_unid_oper_pkey PRIMARY KEY (uop_nu)
)

TABLESPACE pg_default;

ALTER TABLE IF EXISTS public.log_unid_oper
    OWNER to ***;

CREATE INDEX IF NOT EXISTS idx_log_unid_oper
    ON public.log_unid_oper USING btree
    (uop_nu COLLATE pg_catalog."default" ASC NULLS LAST, ufe_sg COLLATE pg_catalog."default" ASC NULLS LAST, loc_nu COLLATE pg_catalog."default" ASC NULLS LAST, bai_nu COLLATE pg_catalog."default" ASC NULLS LAST, log_nu COLLATE pg_catalog."default" ASC NULLS LAST, uop_no COLLATE pg_catalog."default" ASC NULLS LAST, uop_endereco COLLATE pg_catalog."default" ASC NULLS LAST, cep COLLATE pg_catalog."default" ASC NULLS LAST, uop_in_cp COLLATE pg_catalog."default" ASC NULLS LAST, uop_no_abrev COLLATE pg_catalog."default" ASC NULLS LAST)
    TABLESPACE pg_default;
    
CREATE TABLE IF NOT EXISTS public.log_var_bai
(
    bai_nu character varying(8) COLLATE pg_catalog."default" NOT NULL,
    vdb_nu character varying(8) COLLATE pg_catalog."default" NOT NULL,
    vdb_tx character varying(72) COLLATE pg_catalog."default" NOT NULL,
    CONSTRAINT log_var_bai_pkey PRIMARY KEY (bai_nu, vdb_nu)
)

TABLESPACE pg_default;

ALTER TABLE IF EXISTS public.log_var_bai
    OWNER to ***;

CREATE INDEX IF NOT EXISTS idx_log_var_bai
    ON public.log_var_bai USING btree
    (bai_nu COLLATE pg_catalog."default" ASC NULLS LAST, vdb_nu COLLATE pg_catalog."default" ASC NULLS LAST, vdb_tx COLLATE pg_catalog."default" ASC NULLS LAST)
    TABLESPACE pg_default;
    
CREATE TABLE IF NOT EXISTS public.log_var_loc
(
    loc_nu character varying(8) COLLATE pg_catalog."default" NOT NULL,
    val_nu character varying(8) COLLATE pg_catalog."default" NOT NULL,
    val_txt character varying(72) COLLATE pg_catalog."default",
    CONSTRAINT log_var_loc_pkey PRIMARY KEY (loc_nu, val_nu)
)

TABLESPACE pg_default;

ALTER TABLE IF EXISTS public.log_var_loc
    OWNER to ***;
    
CREATE TABLE IF NOT EXISTS public.log_var_log
(
    log_nu character varying(8) COLLATE pg_catalog."default" NOT NULL,
    vlo_nu character varying(8) COLLATE pg_catalog."default" NOT NULL,
    tlo_tx character varying(36) COLLATE pg_catalog."default" NOT NULL,
    vlo_no character varying(150) COLLATE pg_catalog."default" NOT NULL,
    CONSTRAINT log_var_log_pkey PRIMARY KEY (log_nu, vlo_nu)
)

TABLESPACE pg_default;

ALTER TABLE IF EXISTS public.log_var_log
    OWNER to ***;

CREATE INDEX IF NOT EXISTS idx_log_var_log
    ON public.log_var_log USING btree
    (log_nu COLLATE pg_catalog."default" ASC NULLS LAST, vlo_nu COLLATE pg_catalog."default" ASC NULLS LAST, tlo_tx COLLATE pg_catalog."default" ASC NULLS LAST, vlo_no COLLATE pg_catalog."default" ASC NULLS LAST)
    TABLESPACE pg_default;, parameters: None
[2024-05-02T12:00:44.935+0000] {warnings.py:110} WARNING - /home/***/.local/lib/python3.12/site-packages/***/providers/common/sql/hooks/sql.py:407: AirflowProviderDeprecationWarning: Call to deprecated method _make_common_data_structure. (The `_make_serializable` method is deprecated and support will be removed in a future version of the common.sql provider. Please update the DbApiHook's provider to a version based on common.sql >= 1.9.1.)
  result = self._make_common_data_structure(handler(cur))

[2024-05-02T12:00:44.936+0000] {taskinstance.py:441} INFO - ::group::Post task execution logs
[2024-05-02T12:00:44.941+0000] {taskinstance.py:1205} INFO - Marking task as SUCCESS. dag_id=cep_dag, task_id=schema_db, execution_date=20240501T000000, start_date=20240502T120044, end_date=20240502T120044
[2024-05-02T12:00:44.976+0000] {local_task_job_runner.py:240} INFO - Task exited with return code 0
[2024-05-02T12:00:44.982+0000] {warnings.py:110} WARNING - /home/***/.local/lib/python3.12/site-packages/***/models/baseoperator.py:1296: AirflowProviderDeprecationWarning: Call to deprecated class PostgresOperator. (Please use `***.providers.common.sql.operators.sql.SQLExecuteQueryOperator`.Also, you can provide `hook_params={'schema': <database>}`.)
  result = cls.__new__(cls)

[2024-05-02T12:00:44.993+0000] {taskinstance.py:3482} INFO - 1 downstream tasks scheduled from follow-on schedule check
[2024-05-02T12:00:44.995+0000] {local_task_job_runner.py:222} INFO - ::endgroup::
