[2024-05-02T10:20:06.919+0000] {processor.py:161} INFO - Started process (PID=57) to work on /home/airflow/.local/lib/python3.12/site-packages/airflow/example_dags/example_bash_operator.py
[2024-05-02T10:20:06.919+0000] {processor.py:830} INFO - Processing file /home/airflow/.local/lib/python3.12/site-packages/airflow/example_dags/example_bash_operator.py for tasks to queue
[2024-05-02T10:20:06.921+0000] {logging_mixin.py:188} INFO - [2024-05-02T10:20:06.920+0000] {dagbag.py:540} INFO - Filling up the DagBag from /home/airflow/.local/lib/python3.12/site-packages/airflow/example_dags/example_bash_operator.py
[2024-05-02T10:20:06.928+0000] {processor.py:840} INFO - DAG(s) 'example_bash_operator' retrieved from /home/airflow/.local/lib/python3.12/site-packages/airflow/example_dags/example_bash_operator.py
[2024-05-02T10:20:06.935+0000] {logging_mixin.py:188} INFO - [2024-05-02T10:20:06.935+0000] {dag.py:3096} INFO - Sync 1 DAGs
[2024-05-02T10:20:06.953+0000] {logging_mixin.py:188} INFO - [2024-05-02T10:20:06.953+0000] {dag.py:3954} INFO - Setting next_dagrun for example_bash_operator to 2024-05-01 00:00:00+00:00, run_after=2024-05-02 00:00:00+00:00
[2024-05-02T10:20:06.966+0000] {processor.py:183} INFO - Processing /home/airflow/.local/lib/python3.12/site-packages/airflow/example_dags/example_bash_operator.py took 0.051 seconds
[2024-05-02T10:20:37.658+0000] {processor.py:161} INFO - Started process (PID=115) to work on /home/airflow/.local/lib/python3.12/site-packages/airflow/example_dags/example_bash_operator.py
[2024-05-02T10:20:37.659+0000] {processor.py:830} INFO - Processing file /home/airflow/.local/lib/python3.12/site-packages/airflow/example_dags/example_bash_operator.py for tasks to queue
[2024-05-02T10:20:37.660+0000] {logging_mixin.py:188} INFO - [2024-05-02T10:20:37.659+0000] {dagbag.py:540} INFO - Filling up the DagBag from /home/airflow/.local/lib/python3.12/site-packages/airflow/example_dags/example_bash_operator.py
[2024-05-02T10:20:37.667+0000] {processor.py:840} INFO - DAG(s) 'example_bash_operator' retrieved from /home/airflow/.local/lib/python3.12/site-packages/airflow/example_dags/example_bash_operator.py
[2024-05-02T10:20:37.743+0000] {logging_mixin.py:188} INFO - [2024-05-02T10:20:37.743+0000] {dag.py:3096} INFO - Sync 1 DAGs
[2024-05-02T10:20:37.758+0000] {logging_mixin.py:188} INFO - [2024-05-02T10:20:37.758+0000] {dag.py:3954} INFO - Setting next_dagrun for example_bash_operator to 2024-05-01 00:00:00+00:00, run_after=2024-05-02 00:00:00+00:00
[2024-05-02T10:20:37.770+0000] {processor.py:183} INFO - Processing /home/airflow/.local/lib/python3.12/site-packages/airflow/example_dags/example_bash_operator.py took 0.116 seconds
[2024-05-02T10:21:09.011+0000] {processor.py:161} INFO - Started process (PID=174) to work on /home/airflow/.local/lib/python3.12/site-packages/airflow/example_dags/example_bash_operator.py
[2024-05-02T10:21:09.011+0000] {processor.py:830} INFO - Processing file /home/airflow/.local/lib/python3.12/site-packages/airflow/example_dags/example_bash_operator.py for tasks to queue
[2024-05-02T10:21:09.012+0000] {logging_mixin.py:188} INFO - [2024-05-02T10:21:09.012+0000] {dagbag.py:540} INFO - Filling up the DagBag from /home/airflow/.local/lib/python3.12/site-packages/airflow/example_dags/example_bash_operator.py
[2024-05-02T10:21:09.019+0000] {processor.py:840} INFO - DAG(s) 'example_bash_operator' retrieved from /home/airflow/.local/lib/python3.12/site-packages/airflow/example_dags/example_bash_operator.py
[2024-05-02T10:21:09.036+0000] {logging_mixin.py:188} INFO - [2024-05-02T10:21:09.035+0000] {dag.py:3096} INFO - Sync 1 DAGs
[2024-05-02T10:21:09.050+0000] {logging_mixin.py:188} INFO - [2024-05-02T10:21:09.050+0000] {dag.py:3954} INFO - Setting next_dagrun for example_bash_operator to 2024-05-01 00:00:00+00:00, run_after=2024-05-02 00:00:00+00:00
[2024-05-02T10:21:09.062+0000] {processor.py:183} INFO - Processing /home/airflow/.local/lib/python3.12/site-packages/airflow/example_dags/example_bash_operator.py took 0.055 seconds
[2024-05-02T10:21:39.166+0000] {processor.py:161} INFO - Started process (PID=232) to work on /home/airflow/.local/lib/python3.12/site-packages/airflow/example_dags/example_bash_operator.py
[2024-05-02T10:21:39.166+0000] {processor.py:830} INFO - Processing file /home/airflow/.local/lib/python3.12/site-packages/airflow/example_dags/example_bash_operator.py for tasks to queue
[2024-05-02T10:21:39.167+0000] {logging_mixin.py:188} INFO - [2024-05-02T10:21:39.167+0000] {dagbag.py:540} INFO - Filling up the DagBag from /home/airflow/.local/lib/python3.12/site-packages/airflow/example_dags/example_bash_operator.py
[2024-05-02T10:21:39.174+0000] {processor.py:840} INFO - DAG(s) 'example_bash_operator' retrieved from /home/airflow/.local/lib/python3.12/site-packages/airflow/example_dags/example_bash_operator.py
[2024-05-02T10:21:39.192+0000] {logging_mixin.py:188} INFO - [2024-05-02T10:21:39.192+0000] {dag.py:3096} INFO - Sync 1 DAGs
[2024-05-02T10:21:39.209+0000] {logging_mixin.py:188} INFO - [2024-05-02T10:21:39.209+0000] {dag.py:3954} INFO - Setting next_dagrun for example_bash_operator to 2024-05-01 00:00:00+00:00, run_after=2024-05-02 00:00:00+00:00
[2024-05-02T10:21:39.221+0000] {processor.py:183} INFO - Processing /home/airflow/.local/lib/python3.12/site-packages/airflow/example_dags/example_bash_operator.py took 0.058 seconds
[2024-05-02T10:22:09.483+0000] {processor.py:161} INFO - Started process (PID=290) to work on /home/airflow/.local/lib/python3.12/site-packages/airflow/example_dags/example_bash_operator.py
[2024-05-02T10:22:09.483+0000] {processor.py:830} INFO - Processing file /home/airflow/.local/lib/python3.12/site-packages/airflow/example_dags/example_bash_operator.py for tasks to queue
[2024-05-02T10:22:09.484+0000] {logging_mixin.py:188} INFO - [2024-05-02T10:22:09.484+0000] {dagbag.py:540} INFO - Filling up the DagBag from /home/airflow/.local/lib/python3.12/site-packages/airflow/example_dags/example_bash_operator.py
[2024-05-02T10:22:09.491+0000] {processor.py:840} INFO - DAG(s) 'example_bash_operator' retrieved from /home/airflow/.local/lib/python3.12/site-packages/airflow/example_dags/example_bash_operator.py
[2024-05-02T10:22:09.509+0000] {logging_mixin.py:188} INFO - [2024-05-02T10:22:09.509+0000] {dag.py:3096} INFO - Sync 1 DAGs
[2024-05-02T10:22:09.523+0000] {logging_mixin.py:188} INFO - [2024-05-02T10:22:09.523+0000] {dag.py:3954} INFO - Setting next_dagrun for example_bash_operator to 2024-05-01 00:00:00+00:00, run_after=2024-05-02 00:00:00+00:00
[2024-05-02T10:22:09.533+0000] {processor.py:183} INFO - Processing /home/airflow/.local/lib/python3.12/site-packages/airflow/example_dags/example_bash_operator.py took 0.054 seconds
[2024-05-02T10:22:40.224+0000] {processor.py:161} INFO - Started process (PID=348) to work on /home/airflow/.local/lib/python3.12/site-packages/airflow/example_dags/example_bash_operator.py
[2024-05-02T10:22:40.225+0000] {processor.py:830} INFO - Processing file /home/airflow/.local/lib/python3.12/site-packages/airflow/example_dags/example_bash_operator.py for tasks to queue
[2024-05-02T10:22:40.226+0000] {logging_mixin.py:188} INFO - [2024-05-02T10:22:40.226+0000] {dagbag.py:540} INFO - Filling up the DagBag from /home/airflow/.local/lib/python3.12/site-packages/airflow/example_dags/example_bash_operator.py
[2024-05-02T10:22:40.233+0000] {processor.py:840} INFO - DAG(s) 'example_bash_operator' retrieved from /home/airflow/.local/lib/python3.12/site-packages/airflow/example_dags/example_bash_operator.py
[2024-05-02T10:22:40.250+0000] {logging_mixin.py:188} INFO - [2024-05-02T10:22:40.250+0000] {dag.py:3096} INFO - Sync 1 DAGs
[2024-05-02T10:22:40.267+0000] {logging_mixin.py:188} INFO - [2024-05-02T10:22:40.267+0000] {dag.py:3954} INFO - Setting next_dagrun for example_bash_operator to 2024-05-01 00:00:00+00:00, run_after=2024-05-02 00:00:00+00:00
[2024-05-02T10:22:40.280+0000] {processor.py:183} INFO - Processing /home/airflow/.local/lib/python3.12/site-packages/airflow/example_dags/example_bash_operator.py took 0.059 seconds
[2024-05-02T10:23:11.582+0000] {processor.py:161} INFO - Started process (PID=406) to work on /home/airflow/.local/lib/python3.12/site-packages/airflow/example_dags/example_bash_operator.py
[2024-05-02T10:23:11.582+0000] {processor.py:830} INFO - Processing file /home/airflow/.local/lib/python3.12/site-packages/airflow/example_dags/example_bash_operator.py for tasks to queue
[2024-05-02T10:23:11.583+0000] {logging_mixin.py:188} INFO - [2024-05-02T10:23:11.583+0000] {dagbag.py:540} INFO - Filling up the DagBag from /home/airflow/.local/lib/python3.12/site-packages/airflow/example_dags/example_bash_operator.py
[2024-05-02T10:23:11.590+0000] {processor.py:840} INFO - DAG(s) 'example_bash_operator' retrieved from /home/airflow/.local/lib/python3.12/site-packages/airflow/example_dags/example_bash_operator.py
[2024-05-02T10:23:11.607+0000] {logging_mixin.py:188} INFO - [2024-05-02T10:23:11.607+0000] {dag.py:3096} INFO - Sync 1 DAGs
[2024-05-02T10:23:11.620+0000] {logging_mixin.py:188} INFO - [2024-05-02T10:23:11.620+0000] {dag.py:3954} INFO - Setting next_dagrun for example_bash_operator to 2024-05-01 00:00:00+00:00, run_after=2024-05-02 00:00:00+00:00
[2024-05-02T10:23:11.631+0000] {processor.py:183} INFO - Processing /home/airflow/.local/lib/python3.12/site-packages/airflow/example_dags/example_bash_operator.py took 0.056 seconds
[2024-05-02T10:23:41.696+0000] {processor.py:161} INFO - Started process (PID=464) to work on /home/airflow/.local/lib/python3.12/site-packages/airflow/example_dags/example_bash_operator.py
[2024-05-02T10:23:41.696+0000] {processor.py:830} INFO - Processing file /home/airflow/.local/lib/python3.12/site-packages/airflow/example_dags/example_bash_operator.py for tasks to queue
[2024-05-02T10:23:41.697+0000] {logging_mixin.py:188} INFO - [2024-05-02T10:23:41.697+0000] {dagbag.py:540} INFO - Filling up the DagBag from /home/airflow/.local/lib/python3.12/site-packages/airflow/example_dags/example_bash_operator.py
[2024-05-02T10:23:41.704+0000] {processor.py:840} INFO - DAG(s) 'example_bash_operator' retrieved from /home/airflow/.local/lib/python3.12/site-packages/airflow/example_dags/example_bash_operator.py
[2024-05-02T10:23:41.721+0000] {logging_mixin.py:188} INFO - [2024-05-02T10:23:41.721+0000] {dag.py:3096} INFO - Sync 1 DAGs
[2024-05-02T10:23:41.735+0000] {logging_mixin.py:188} INFO - [2024-05-02T10:23:41.735+0000] {dag.py:3954} INFO - Setting next_dagrun for example_bash_operator to 2024-05-01 00:00:00+00:00, run_after=2024-05-02 00:00:00+00:00
[2024-05-02T10:23:41.746+0000] {processor.py:183} INFO - Processing /home/airflow/.local/lib/python3.12/site-packages/airflow/example_dags/example_bash_operator.py took 0.054 seconds
[2024-05-02T10:24:13.582+0000] {processor.py:161} INFO - Started process (PID=522) to work on /home/airflow/.local/lib/python3.12/site-packages/airflow/example_dags/example_bash_operator.py
[2024-05-02T10:24:13.582+0000] {processor.py:830} INFO - Processing file /home/airflow/.local/lib/python3.12/site-packages/airflow/example_dags/example_bash_operator.py for tasks to queue
[2024-05-02T10:24:13.584+0000] {logging_mixin.py:188} INFO - [2024-05-02T10:24:13.584+0000] {dagbag.py:540} INFO - Filling up the DagBag from /home/airflow/.local/lib/python3.12/site-packages/airflow/example_dags/example_bash_operator.py
[2024-05-02T10:24:13.592+0000] {processor.py:840} INFO - DAG(s) 'example_bash_operator' retrieved from /home/airflow/.local/lib/python3.12/site-packages/airflow/example_dags/example_bash_operator.py
[2024-05-02T10:24:13.609+0000] {logging_mixin.py:188} INFO - [2024-05-02T10:24:13.608+0000] {dag.py:3096} INFO - Sync 1 DAGs
[2024-05-02T10:24:13.623+0000] {logging_mixin.py:188} INFO - [2024-05-02T10:24:13.623+0000] {dag.py:3954} INFO - Setting next_dagrun for example_bash_operator to 2024-05-01 00:00:00+00:00, run_after=2024-05-02 00:00:00+00:00
[2024-05-02T10:24:13.634+0000] {processor.py:183} INFO - Processing /home/airflow/.local/lib/python3.12/site-packages/airflow/example_dags/example_bash_operator.py took 0.058 seconds
[2024-05-02T10:24:44.148+0000] {processor.py:161} INFO - Started process (PID=580) to work on /home/airflow/.local/lib/python3.12/site-packages/airflow/example_dags/example_bash_operator.py
[2024-05-02T10:24:44.149+0000] {processor.py:830} INFO - Processing file /home/airflow/.local/lib/python3.12/site-packages/airflow/example_dags/example_bash_operator.py for tasks to queue
[2024-05-02T10:24:44.174+0000] {logging_mixin.py:188} INFO - [2024-05-02T10:24:44.174+0000] {dagbag.py:540} INFO - Filling up the DagBag from /home/airflow/.local/lib/python3.12/site-packages/airflow/example_dags/example_bash_operator.py
[2024-05-02T10:24:44.183+0000] {processor.py:840} INFO - DAG(s) 'example_bash_operator' retrieved from /home/airflow/.local/lib/python3.12/site-packages/airflow/example_dags/example_bash_operator.py
[2024-05-02T10:24:44.204+0000] {logging_mixin.py:188} INFO - [2024-05-02T10:24:44.203+0000] {dag.py:3096} INFO - Sync 1 DAGs
[2024-05-02T10:24:44.243+0000] {logging_mixin.py:188} INFO - [2024-05-02T10:24:44.242+0000] {dag.py:3954} INFO - Setting next_dagrun for example_bash_operator to 2024-05-01 00:00:00+00:00, run_after=2024-05-02 00:00:00+00:00
[2024-05-02T10:24:44.267+0000] {processor.py:183} INFO - Processing /home/airflow/.local/lib/python3.12/site-packages/airflow/example_dags/example_bash_operator.py took 0.123 seconds
[2024-05-02T10:25:15.046+0000] {processor.py:161} INFO - Started process (PID=639) to work on /home/airflow/.local/lib/python3.12/site-packages/airflow/example_dags/example_bash_operator.py
[2024-05-02T10:25:15.047+0000] {processor.py:830} INFO - Processing file /home/airflow/.local/lib/python3.12/site-packages/airflow/example_dags/example_bash_operator.py for tasks to queue
[2024-05-02T10:25:15.049+0000] {logging_mixin.py:188} INFO - [2024-05-02T10:25:15.048+0000] {dagbag.py:540} INFO - Filling up the DagBag from /home/airflow/.local/lib/python3.12/site-packages/airflow/example_dags/example_bash_operator.py
[2024-05-02T10:25:15.059+0000] {processor.py:840} INFO - DAG(s) 'example_bash_operator' retrieved from /home/airflow/.local/lib/python3.12/site-packages/airflow/example_dags/example_bash_operator.py
[2024-05-02T10:25:15.086+0000] {logging_mixin.py:188} INFO - [2024-05-02T10:25:15.086+0000] {dag.py:3096} INFO - Sync 1 DAGs
[2024-05-02T10:25:15.108+0000] {logging_mixin.py:188} INFO - [2024-05-02T10:25:15.108+0000] {dag.py:3954} INFO - Setting next_dagrun for example_bash_operator to 2024-05-01 00:00:00+00:00, run_after=2024-05-02 00:00:00+00:00
[2024-05-02T10:25:15.142+0000] {processor.py:183} INFO - Processing /home/airflow/.local/lib/python3.12/site-packages/airflow/example_dags/example_bash_operator.py took 0.101 seconds
[2024-05-02T10:25:45.267+0000] {processor.py:161} INFO - Started process (PID=699) to work on /home/airflow/.local/lib/python3.12/site-packages/airflow/example_dags/example_bash_operator.py
[2024-05-02T10:25:45.268+0000] {processor.py:830} INFO - Processing file /home/airflow/.local/lib/python3.12/site-packages/airflow/example_dags/example_bash_operator.py for tasks to queue
[2024-05-02T10:25:45.269+0000] {logging_mixin.py:188} INFO - [2024-05-02T10:25:45.269+0000] {dagbag.py:540} INFO - Filling up the DagBag from /home/airflow/.local/lib/python3.12/site-packages/airflow/example_dags/example_bash_operator.py
[2024-05-02T10:25:45.276+0000] {processor.py:840} INFO - DAG(s) 'example_bash_operator' retrieved from /home/airflow/.local/lib/python3.12/site-packages/airflow/example_dags/example_bash_operator.py
[2024-05-02T10:25:45.294+0000] {logging_mixin.py:188} INFO - [2024-05-02T10:25:45.294+0000] {dag.py:3096} INFO - Sync 1 DAGs
[2024-05-02T10:25:45.309+0000] {logging_mixin.py:188} INFO - [2024-05-02T10:25:45.309+0000] {dag.py:3954} INFO - Setting next_dagrun for example_bash_operator to 2024-05-01 00:00:00+00:00, run_after=2024-05-02 00:00:00+00:00
[2024-05-02T10:25:45.321+0000] {processor.py:183} INFO - Processing /home/airflow/.local/lib/python3.12/site-packages/airflow/example_dags/example_bash_operator.py took 0.058 seconds
[2024-05-02T10:26:15.428+0000] {processor.py:161} INFO - Started process (PID=758) to work on /home/airflow/.local/lib/python3.12/site-packages/airflow/example_dags/example_bash_operator.py
[2024-05-02T10:26:15.429+0000] {processor.py:830} INFO - Processing file /home/airflow/.local/lib/python3.12/site-packages/airflow/example_dags/example_bash_operator.py for tasks to queue
[2024-05-02T10:26:15.430+0000] {logging_mixin.py:188} INFO - [2024-05-02T10:26:15.430+0000] {dagbag.py:540} INFO - Filling up the DagBag from /home/airflow/.local/lib/python3.12/site-packages/airflow/example_dags/example_bash_operator.py
[2024-05-02T10:26:15.437+0000] {processor.py:840} INFO - DAG(s) 'example_bash_operator' retrieved from /home/airflow/.local/lib/python3.12/site-packages/airflow/example_dags/example_bash_operator.py
[2024-05-02T10:26:15.455+0000] {logging_mixin.py:188} INFO - [2024-05-02T10:26:15.455+0000] {dag.py:3096} INFO - Sync 1 DAGs
[2024-05-02T10:26:15.472+0000] {logging_mixin.py:188} INFO - [2024-05-02T10:26:15.472+0000] {dag.py:3954} INFO - Setting next_dagrun for example_bash_operator to 2024-05-01 00:00:00+00:00, run_after=2024-05-02 00:00:00+00:00
[2024-05-02T10:26:15.486+0000] {processor.py:183} INFO - Processing /home/airflow/.local/lib/python3.12/site-packages/airflow/example_dags/example_bash_operator.py took 0.062 seconds
[2024-05-02T10:26:46.579+0000] {processor.py:161} INFO - Started process (PID=817) to work on /home/airflow/.local/lib/python3.12/site-packages/airflow/example_dags/example_bash_operator.py
[2024-05-02T10:26:46.579+0000] {processor.py:830} INFO - Processing file /home/airflow/.local/lib/python3.12/site-packages/airflow/example_dags/example_bash_operator.py for tasks to queue
[2024-05-02T10:26:46.580+0000] {logging_mixin.py:188} INFO - [2024-05-02T10:26:46.580+0000] {dagbag.py:540} INFO - Filling up the DagBag from /home/airflow/.local/lib/python3.12/site-packages/airflow/example_dags/example_bash_operator.py
[2024-05-02T10:26:46.587+0000] {processor.py:840} INFO - DAG(s) 'example_bash_operator' retrieved from /home/airflow/.local/lib/python3.12/site-packages/airflow/example_dags/example_bash_operator.py
[2024-05-02T10:26:46.608+0000] {logging_mixin.py:188} INFO - [2024-05-02T10:26:46.607+0000] {dag.py:3096} INFO - Sync 1 DAGs
[2024-05-02T10:26:46.624+0000] {logging_mixin.py:188} INFO - [2024-05-02T10:26:46.624+0000] {dag.py:3954} INFO - Setting next_dagrun for example_bash_operator to 2024-05-01 00:00:00+00:00, run_after=2024-05-02 00:00:00+00:00
[2024-05-02T10:26:46.667+0000] {processor.py:183} INFO - Processing /home/airflow/.local/lib/python3.12/site-packages/airflow/example_dags/example_bash_operator.py took 0.091 seconds
[2024-05-02T10:27:17.922+0000] {processor.py:161} INFO - Started process (PID=876) to work on /home/airflow/.local/lib/python3.12/site-packages/airflow/example_dags/example_bash_operator.py
[2024-05-02T10:27:17.923+0000] {processor.py:830} INFO - Processing file /home/airflow/.local/lib/python3.12/site-packages/airflow/example_dags/example_bash_operator.py for tasks to queue
[2024-05-02T10:27:17.947+0000] {logging_mixin.py:188} INFO - [2024-05-02T10:27:17.946+0000] {dagbag.py:540} INFO - Filling up the DagBag from /home/airflow/.local/lib/python3.12/site-packages/airflow/example_dags/example_bash_operator.py
[2024-05-02T10:27:17.982+0000] {processor.py:840} INFO - DAG(s) 'example_bash_operator' retrieved from /home/airflow/.local/lib/python3.12/site-packages/airflow/example_dags/example_bash_operator.py
[2024-05-02T10:27:18.007+0000] {logging_mixin.py:188} INFO - [2024-05-02T10:27:18.007+0000] {dag.py:3096} INFO - Sync 1 DAGs
[2024-05-02T10:27:18.126+0000] {logging_mixin.py:188} INFO - [2024-05-02T10:27:18.126+0000] {dag.py:3954} INFO - Setting next_dagrun for example_bash_operator to 2024-05-01 00:00:00+00:00, run_after=2024-05-02 00:00:00+00:00
[2024-05-02T10:27:18.143+0000] {processor.py:183} INFO - Processing /home/airflow/.local/lib/python3.12/site-packages/airflow/example_dags/example_bash_operator.py took 0.225 seconds
[2024-05-02T10:27:48.560+0000] {processor.py:161} INFO - Started process (PID=935) to work on /home/airflow/.local/lib/python3.12/site-packages/airflow/example_dags/example_bash_operator.py
[2024-05-02T10:27:48.560+0000] {processor.py:830} INFO - Processing file /home/airflow/.local/lib/python3.12/site-packages/airflow/example_dags/example_bash_operator.py for tasks to queue
[2024-05-02T10:27:48.562+0000] {logging_mixin.py:188} INFO - [2024-05-02T10:27:48.561+0000] {dagbag.py:540} INFO - Filling up the DagBag from /home/airflow/.local/lib/python3.12/site-packages/airflow/example_dags/example_bash_operator.py
[2024-05-02T10:27:48.571+0000] {processor.py:840} INFO - DAG(s) 'example_bash_operator' retrieved from /home/airflow/.local/lib/python3.12/site-packages/airflow/example_dags/example_bash_operator.py
[2024-05-02T10:27:48.609+0000] {logging_mixin.py:188} INFO - [2024-05-02T10:27:48.609+0000] {dag.py:3096} INFO - Sync 1 DAGs
[2024-05-02T10:27:48.626+0000] {logging_mixin.py:188} INFO - [2024-05-02T10:27:48.626+0000] {dag.py:3954} INFO - Setting next_dagrun for example_bash_operator to 2024-05-01 00:00:00+00:00, run_after=2024-05-02 00:00:00+00:00
[2024-05-02T10:27:48.663+0000] {processor.py:183} INFO - Processing /home/airflow/.local/lib/python3.12/site-packages/airflow/example_dags/example_bash_operator.py took 0.106 seconds
[2024-05-02T10:28:19.029+0000] {processor.py:161} INFO - Started process (PID=994) to work on /home/airflow/.local/lib/python3.12/site-packages/airflow/example_dags/example_bash_operator.py
[2024-05-02T10:28:19.029+0000] {processor.py:830} INFO - Processing file /home/airflow/.local/lib/python3.12/site-packages/airflow/example_dags/example_bash_operator.py for tasks to queue
[2024-05-02T10:28:19.030+0000] {logging_mixin.py:188} INFO - [2024-05-02T10:28:19.030+0000] {dagbag.py:540} INFO - Filling up the DagBag from /home/airflow/.local/lib/python3.12/site-packages/airflow/example_dags/example_bash_operator.py
[2024-05-02T10:28:19.038+0000] {processor.py:840} INFO - DAG(s) 'example_bash_operator' retrieved from /home/airflow/.local/lib/python3.12/site-packages/airflow/example_dags/example_bash_operator.py
[2024-05-02T10:28:19.056+0000] {logging_mixin.py:188} INFO - [2024-05-02T10:28:19.056+0000] {dag.py:3096} INFO - Sync 1 DAGs
[2024-05-02T10:28:19.089+0000] {logging_mixin.py:188} INFO - [2024-05-02T10:28:19.089+0000] {dag.py:3954} INFO - Setting next_dagrun for example_bash_operator to 2024-05-01 00:00:00+00:00, run_after=2024-05-02 00:00:00+00:00
[2024-05-02T10:28:19.104+0000] {processor.py:183} INFO - Processing /home/airflow/.local/lib/python3.12/site-packages/airflow/example_dags/example_bash_operator.py took 0.079 seconds
[2024-05-02T10:28:50.601+0000] {processor.py:161} INFO - Started process (PID=1059) to work on /home/airflow/.local/lib/python3.12/site-packages/airflow/example_dags/example_bash_operator.py
[2024-05-02T10:28:50.601+0000] {processor.py:830} INFO - Processing file /home/airflow/.local/lib/python3.12/site-packages/airflow/example_dags/example_bash_operator.py for tasks to queue
[2024-05-02T10:28:50.603+0000] {logging_mixin.py:188} INFO - [2024-05-02T10:28:50.602+0000] {dagbag.py:540} INFO - Filling up the DagBag from /home/airflow/.local/lib/python3.12/site-packages/airflow/example_dags/example_bash_operator.py
[2024-05-02T10:28:50.611+0000] {processor.py:840} INFO - DAG(s) 'example_bash_operator' retrieved from /home/airflow/.local/lib/python3.12/site-packages/airflow/example_dags/example_bash_operator.py
[2024-05-02T10:28:50.629+0000] {logging_mixin.py:188} INFO - [2024-05-02T10:28:50.629+0000] {dag.py:3096} INFO - Sync 1 DAGs
[2024-05-02T10:28:50.643+0000] {logging_mixin.py:188} INFO - [2024-05-02T10:28:50.643+0000] {dag.py:3954} INFO - Setting next_dagrun for example_bash_operator to 2024-05-01 00:00:00+00:00, run_after=2024-05-02 00:00:00+00:00
[2024-05-02T10:28:50.654+0000] {processor.py:183} INFO - Processing /home/airflow/.local/lib/python3.12/site-packages/airflow/example_dags/example_bash_operator.py took 0.057 seconds
[2024-05-02T10:29:21.130+0000] {processor.py:161} INFO - Started process (PID=1118) to work on /home/airflow/.local/lib/python3.12/site-packages/airflow/example_dags/example_bash_operator.py
[2024-05-02T10:29:21.130+0000] {processor.py:830} INFO - Processing file /home/airflow/.local/lib/python3.12/site-packages/airflow/example_dags/example_bash_operator.py for tasks to queue
[2024-05-02T10:29:21.132+0000] {logging_mixin.py:188} INFO - [2024-05-02T10:29:21.131+0000] {dagbag.py:540} INFO - Filling up the DagBag from /home/airflow/.local/lib/python3.12/site-packages/airflow/example_dags/example_bash_operator.py
[2024-05-02T10:29:21.141+0000] {processor.py:840} INFO - DAG(s) 'example_bash_operator' retrieved from /home/airflow/.local/lib/python3.12/site-packages/airflow/example_dags/example_bash_operator.py
[2024-05-02T10:29:21.159+0000] {logging_mixin.py:188} INFO - [2024-05-02T10:29:21.158+0000] {dag.py:3096} INFO - Sync 1 DAGs
[2024-05-02T10:29:21.172+0000] {logging_mixin.py:188} INFO - [2024-05-02T10:29:21.172+0000] {dag.py:3954} INFO - Setting next_dagrun for example_bash_operator to 2024-05-01 00:00:00+00:00, run_after=2024-05-02 00:00:00+00:00
[2024-05-02T10:29:21.241+0000] {processor.py:183} INFO - Processing /home/airflow/.local/lib/python3.12/site-packages/airflow/example_dags/example_bash_operator.py took 0.114 seconds
[2024-05-02T10:29:51.512+0000] {processor.py:161} INFO - Started process (PID=1177) to work on /home/airflow/.local/lib/python3.12/site-packages/airflow/example_dags/example_bash_operator.py
[2024-05-02T10:29:51.513+0000] {processor.py:830} INFO - Processing file /home/airflow/.local/lib/python3.12/site-packages/airflow/example_dags/example_bash_operator.py for tasks to queue
[2024-05-02T10:29:51.514+0000] {logging_mixin.py:188} INFO - [2024-05-02T10:29:51.514+0000] {dagbag.py:540} INFO - Filling up the DagBag from /home/airflow/.local/lib/python3.12/site-packages/airflow/example_dags/example_bash_operator.py
[2024-05-02T10:29:51.521+0000] {processor.py:840} INFO - DAG(s) 'example_bash_operator' retrieved from /home/airflow/.local/lib/python3.12/site-packages/airflow/example_dags/example_bash_operator.py
[2024-05-02T10:29:51.538+0000] {logging_mixin.py:188} INFO - [2024-05-02T10:29:51.537+0000] {dag.py:3096} INFO - Sync 1 DAGs
[2024-05-02T10:29:51.556+0000] {logging_mixin.py:188} INFO - [2024-05-02T10:29:51.556+0000] {dag.py:3954} INFO - Setting next_dagrun for example_bash_operator to 2024-05-01 00:00:00+00:00, run_after=2024-05-02 00:00:00+00:00
[2024-05-02T10:29:51.567+0000] {processor.py:183} INFO - Processing /home/airflow/.local/lib/python3.12/site-packages/airflow/example_dags/example_bash_operator.py took 0.058 seconds
[2024-05-02T10:30:22.333+0000] {processor.py:161} INFO - Started process (PID=1236) to work on /home/airflow/.local/lib/python3.12/site-packages/airflow/example_dags/example_bash_operator.py
[2024-05-02T10:30:22.333+0000] {processor.py:830} INFO - Processing file /home/airflow/.local/lib/python3.12/site-packages/airflow/example_dags/example_bash_operator.py for tasks to queue
[2024-05-02T10:30:22.350+0000] {logging_mixin.py:188} INFO - [2024-05-02T10:30:22.350+0000] {dagbag.py:540} INFO - Filling up the DagBag from /home/airflow/.local/lib/python3.12/site-packages/airflow/example_dags/example_bash_operator.py
[2024-05-02T10:30:22.362+0000] {processor.py:840} INFO - DAG(s) 'example_bash_operator' retrieved from /home/airflow/.local/lib/python3.12/site-packages/airflow/example_dags/example_bash_operator.py
[2024-05-02T10:30:22.379+0000] {logging_mixin.py:188} INFO - [2024-05-02T10:30:22.379+0000] {dag.py:3096} INFO - Sync 1 DAGs
[2024-05-02T10:30:22.394+0000] {logging_mixin.py:188} INFO - [2024-05-02T10:30:22.394+0000] {dag.py:3954} INFO - Setting next_dagrun for example_bash_operator to 2024-05-01 00:00:00+00:00, run_after=2024-05-02 00:00:00+00:00
[2024-05-02T10:30:22.406+0000] {processor.py:183} INFO - Processing /home/airflow/.local/lib/python3.12/site-packages/airflow/example_dags/example_bash_operator.py took 0.080 seconds
[2024-05-02T10:30:53.094+0000] {processor.py:161} INFO - Started process (PID=1295) to work on /home/airflow/.local/lib/python3.12/site-packages/airflow/example_dags/example_bash_operator.py
[2024-05-02T10:30:53.094+0000] {processor.py:830} INFO - Processing file /home/airflow/.local/lib/python3.12/site-packages/airflow/example_dags/example_bash_operator.py for tasks to queue
[2024-05-02T10:30:53.118+0000] {logging_mixin.py:188} INFO - [2024-05-02T10:30:53.118+0000] {dagbag.py:540} INFO - Filling up the DagBag from /home/airflow/.local/lib/python3.12/site-packages/airflow/example_dags/example_bash_operator.py
[2024-05-02T10:30:53.125+0000] {processor.py:840} INFO - DAG(s) 'example_bash_operator' retrieved from /home/airflow/.local/lib/python3.12/site-packages/airflow/example_dags/example_bash_operator.py
[2024-05-02T10:30:53.142+0000] {logging_mixin.py:188} INFO - [2024-05-02T10:30:53.141+0000] {dag.py:3096} INFO - Sync 1 DAGs
[2024-05-02T10:30:53.175+0000] {logging_mixin.py:188} INFO - [2024-05-02T10:30:53.175+0000] {dag.py:3954} INFO - Setting next_dagrun for example_bash_operator to 2024-05-01 00:00:00+00:00, run_after=2024-05-02 00:00:00+00:00
[2024-05-02T10:30:53.194+0000] {processor.py:183} INFO - Processing /home/airflow/.local/lib/python3.12/site-packages/airflow/example_dags/example_bash_operator.py took 0.109 seconds
[2024-05-02T10:31:23.290+0000] {processor.py:161} INFO - Started process (PID=1354) to work on /home/airflow/.local/lib/python3.12/site-packages/airflow/example_dags/example_bash_operator.py
[2024-05-02T10:31:23.290+0000] {processor.py:830} INFO - Processing file /home/airflow/.local/lib/python3.12/site-packages/airflow/example_dags/example_bash_operator.py for tasks to queue
[2024-05-02T10:31:23.312+0000] {logging_mixin.py:188} INFO - [2024-05-02T10:31:23.312+0000] {dagbag.py:540} INFO - Filling up the DagBag from /home/airflow/.local/lib/python3.12/site-packages/airflow/example_dags/example_bash_operator.py
[2024-05-02T10:31:23.319+0000] {processor.py:840} INFO - DAG(s) 'example_bash_operator' retrieved from /home/airflow/.local/lib/python3.12/site-packages/airflow/example_dags/example_bash_operator.py
[2024-05-02T10:31:23.340+0000] {logging_mixin.py:188} INFO - [2024-05-02T10:31:23.340+0000] {dag.py:3096} INFO - Sync 1 DAGs
[2024-05-02T10:31:23.379+0000] {logging_mixin.py:188} INFO - [2024-05-02T10:31:23.379+0000] {dag.py:3954} INFO - Setting next_dagrun for example_bash_operator to 2024-05-01 00:00:00+00:00, run_after=2024-05-02 00:00:00+00:00
[2024-05-02T10:31:23.398+0000] {processor.py:183} INFO - Processing /home/airflow/.local/lib/python3.12/site-packages/airflow/example_dags/example_bash_operator.py took 0.113 seconds
[2024-05-02T10:31:53.672+0000] {processor.py:161} INFO - Started process (PID=1413) to work on /home/airflow/.local/lib/python3.12/site-packages/airflow/example_dags/example_bash_operator.py
[2024-05-02T10:31:53.672+0000] {processor.py:830} INFO - Processing file /home/airflow/.local/lib/python3.12/site-packages/airflow/example_dags/example_bash_operator.py for tasks to queue
[2024-05-02T10:31:53.674+0000] {logging_mixin.py:188} INFO - [2024-05-02T10:31:53.674+0000] {dagbag.py:540} INFO - Filling up the DagBag from /home/airflow/.local/lib/python3.12/site-packages/airflow/example_dags/example_bash_operator.py
[2024-05-02T10:31:53.681+0000] {processor.py:840} INFO - DAG(s) 'example_bash_operator' retrieved from /home/airflow/.local/lib/python3.12/site-packages/airflow/example_dags/example_bash_operator.py
[2024-05-02T10:31:53.724+0000] {logging_mixin.py:188} INFO - [2024-05-02T10:31:53.724+0000] {dag.py:3096} INFO - Sync 1 DAGs
[2024-05-02T10:31:53.739+0000] {logging_mixin.py:188} INFO - [2024-05-02T10:31:53.739+0000] {dag.py:3954} INFO - Setting next_dagrun for example_bash_operator to 2024-05-01 00:00:00+00:00, run_after=2024-05-02 00:00:00+00:00
[2024-05-02T10:31:53.766+0000] {processor.py:183} INFO - Processing /home/airflow/.local/lib/python3.12/site-packages/airflow/example_dags/example_bash_operator.py took 0.100 seconds
[2024-05-02T10:32:24.091+0000] {processor.py:161} INFO - Started process (PID=1472) to work on /home/airflow/.local/lib/python3.12/site-packages/airflow/example_dags/example_bash_operator.py
[2024-05-02T10:32:24.091+0000] {processor.py:830} INFO - Processing file /home/airflow/.local/lib/python3.12/site-packages/airflow/example_dags/example_bash_operator.py for tasks to queue
[2024-05-02T10:32:24.092+0000] {logging_mixin.py:188} INFO - [2024-05-02T10:32:24.092+0000] {dagbag.py:540} INFO - Filling up the DagBag from /home/airflow/.local/lib/python3.12/site-packages/airflow/example_dags/example_bash_operator.py
[2024-05-02T10:32:24.100+0000] {processor.py:840} INFO - DAG(s) 'example_bash_operator' retrieved from /home/airflow/.local/lib/python3.12/site-packages/airflow/example_dags/example_bash_operator.py
[2024-05-02T10:32:24.117+0000] {logging_mixin.py:188} INFO - [2024-05-02T10:32:24.117+0000] {dag.py:3096} INFO - Sync 1 DAGs
[2024-05-02T10:32:24.133+0000] {logging_mixin.py:188} INFO - [2024-05-02T10:32:24.133+0000] {dag.py:3954} INFO - Setting next_dagrun for example_bash_operator to 2024-05-01 00:00:00+00:00, run_after=2024-05-02 00:00:00+00:00
[2024-05-02T10:32:24.157+0000] {processor.py:183} INFO - Processing /home/airflow/.local/lib/python3.12/site-packages/airflow/example_dags/example_bash_operator.py took 0.070 seconds
[2024-05-02T10:32:54.939+0000] {processor.py:161} INFO - Started process (PID=1531) to work on /home/airflow/.local/lib/python3.12/site-packages/airflow/example_dags/example_bash_operator.py
[2024-05-02T10:32:54.940+0000] {processor.py:830} INFO - Processing file /home/airflow/.local/lib/python3.12/site-packages/airflow/example_dags/example_bash_operator.py for tasks to queue
[2024-05-02T10:32:54.941+0000] {logging_mixin.py:188} INFO - [2024-05-02T10:32:54.941+0000] {dagbag.py:540} INFO - Filling up the DagBag from /home/airflow/.local/lib/python3.12/site-packages/airflow/example_dags/example_bash_operator.py
[2024-05-02T10:32:54.948+0000] {processor.py:840} INFO - DAG(s) 'example_bash_operator' retrieved from /home/airflow/.local/lib/python3.12/site-packages/airflow/example_dags/example_bash_operator.py
[2024-05-02T10:32:54.967+0000] {logging_mixin.py:188} INFO - [2024-05-02T10:32:54.966+0000] {dag.py:3096} INFO - Sync 1 DAGs
[2024-05-02T10:32:55.000+0000] {logging_mixin.py:188} INFO - [2024-05-02T10:32:55.000+0000] {dag.py:3954} INFO - Setting next_dagrun for example_bash_operator to 2024-05-01 00:00:00+00:00, run_after=2024-05-02 00:00:00+00:00
[2024-05-02T10:32:55.015+0000] {processor.py:183} INFO - Processing /home/airflow/.local/lib/python3.12/site-packages/airflow/example_dags/example_bash_operator.py took 0.081 seconds
[2024-05-02T10:33:25.293+0000] {processor.py:161} INFO - Started process (PID=1589) to work on /home/airflow/.local/lib/python3.12/site-packages/airflow/example_dags/example_bash_operator.py
[2024-05-02T10:33:25.293+0000] {processor.py:830} INFO - Processing file /home/airflow/.local/lib/python3.12/site-packages/airflow/example_dags/example_bash_operator.py for tasks to queue
[2024-05-02T10:33:25.317+0000] {logging_mixin.py:188} INFO - [2024-05-02T10:33:25.317+0000] {dagbag.py:540} INFO - Filling up the DagBag from /home/airflow/.local/lib/python3.12/site-packages/airflow/example_dags/example_bash_operator.py
[2024-05-02T10:33:25.368+0000] {processor.py:840} INFO - DAG(s) 'example_bash_operator' retrieved from /home/airflow/.local/lib/python3.12/site-packages/airflow/example_dags/example_bash_operator.py
[2024-05-02T10:33:25.417+0000] {logging_mixin.py:188} INFO - [2024-05-02T10:33:25.417+0000] {dag.py:3096} INFO - Sync 1 DAGs
[2024-05-02T10:33:25.432+0000] {logging_mixin.py:188} INFO - [2024-05-02T10:33:25.432+0000] {dag.py:3954} INFO - Setting next_dagrun for example_bash_operator to 2024-05-01 00:00:00+00:00, run_after=2024-05-02 00:00:00+00:00
[2024-05-02T10:33:25.455+0000] {processor.py:183} INFO - Processing /home/airflow/.local/lib/python3.12/site-packages/airflow/example_dags/example_bash_operator.py took 0.166 seconds
[2024-05-02T10:33:55.519+0000] {processor.py:161} INFO - Started process (PID=1648) to work on /home/airflow/.local/lib/python3.12/site-packages/airflow/example_dags/example_bash_operator.py
[2024-05-02T10:33:55.519+0000] {processor.py:830} INFO - Processing file /home/airflow/.local/lib/python3.12/site-packages/airflow/example_dags/example_bash_operator.py for tasks to queue
[2024-05-02T10:33:55.520+0000] {logging_mixin.py:188} INFO - [2024-05-02T10:33:55.520+0000] {dagbag.py:540} INFO - Filling up the DagBag from /home/airflow/.local/lib/python3.12/site-packages/airflow/example_dags/example_bash_operator.py
[2024-05-02T10:33:55.527+0000] {processor.py:840} INFO - DAG(s) 'example_bash_operator' retrieved from /home/airflow/.local/lib/python3.12/site-packages/airflow/example_dags/example_bash_operator.py
[2024-05-02T10:33:55.546+0000] {logging_mixin.py:188} INFO - [2024-05-02T10:33:55.545+0000] {dag.py:3096} INFO - Sync 1 DAGs
[2024-05-02T10:33:55.575+0000] {logging_mixin.py:188} INFO - [2024-05-02T10:33:55.574+0000] {dag.py:3954} INFO - Setting next_dagrun for example_bash_operator to 2024-05-01 00:00:00+00:00, run_after=2024-05-02 00:00:00+00:00
[2024-05-02T10:33:55.608+0000] {processor.py:183} INFO - Processing /home/airflow/.local/lib/python3.12/site-packages/airflow/example_dags/example_bash_operator.py took 0.093 seconds
[2024-05-02T10:34:25.934+0000] {processor.py:161} INFO - Started process (PID=1707) to work on /home/airflow/.local/lib/python3.12/site-packages/airflow/example_dags/example_bash_operator.py
[2024-05-02T10:34:25.934+0000] {processor.py:830} INFO - Processing file /home/airflow/.local/lib/python3.12/site-packages/airflow/example_dags/example_bash_operator.py for tasks to queue
[2024-05-02T10:34:25.935+0000] {logging_mixin.py:188} INFO - [2024-05-02T10:34:25.935+0000] {dagbag.py:540} INFO - Filling up the DagBag from /home/airflow/.local/lib/python3.12/site-packages/airflow/example_dags/example_bash_operator.py
[2024-05-02T10:34:25.942+0000] {processor.py:840} INFO - DAG(s) 'example_bash_operator' retrieved from /home/airflow/.local/lib/python3.12/site-packages/airflow/example_dags/example_bash_operator.py
[2024-05-02T10:34:25.962+0000] {logging_mixin.py:188} INFO - [2024-05-02T10:34:25.962+0000] {dag.py:3096} INFO - Sync 1 DAGs
[2024-05-02T10:34:25.987+0000] {logging_mixin.py:188} INFO - [2024-05-02T10:34:25.987+0000] {dag.py:3954} INFO - Setting next_dagrun for example_bash_operator to 2024-05-01 00:00:00+00:00, run_after=2024-05-02 00:00:00+00:00
[2024-05-02T10:34:26.001+0000] {processor.py:183} INFO - Processing /home/airflow/.local/lib/python3.12/site-packages/airflow/example_dags/example_bash_operator.py took 0.071 seconds
[2024-05-02T10:34:56.636+0000] {processor.py:161} INFO - Started process (PID=1766) to work on /home/airflow/.local/lib/python3.12/site-packages/airflow/example_dags/example_bash_operator.py
[2024-05-02T10:34:56.637+0000] {processor.py:830} INFO - Processing file /home/airflow/.local/lib/python3.12/site-packages/airflow/example_dags/example_bash_operator.py for tasks to queue
[2024-05-02T10:34:56.693+0000] {logging_mixin.py:188} INFO - [2024-05-02T10:34:56.693+0000] {dagbag.py:540} INFO - Filling up the DagBag from /home/airflow/.local/lib/python3.12/site-packages/airflow/example_dags/example_bash_operator.py
[2024-05-02T10:34:56.748+0000] {processor.py:840} INFO - DAG(s) 'example_bash_operator' retrieved from /home/airflow/.local/lib/python3.12/site-packages/airflow/example_dags/example_bash_operator.py
[2024-05-02T10:34:56.789+0000] {logging_mixin.py:188} INFO - [2024-05-02T10:34:56.789+0000] {dag.py:3096} INFO - Sync 1 DAGs
[2024-05-02T10:34:56.814+0000] {logging_mixin.py:188} INFO - [2024-05-02T10:34:56.814+0000] {dag.py:3954} INFO - Setting next_dagrun for example_bash_operator to 2024-05-01 00:00:00+00:00, run_after=2024-05-02 00:00:00+00:00
[2024-05-02T10:34:56.870+0000] {processor.py:183} INFO - Processing /home/airflow/.local/lib/python3.12/site-packages/airflow/example_dags/example_bash_operator.py took 0.245 seconds
[2024-05-02T10:35:27.397+0000] {processor.py:161} INFO - Started process (PID=1825) to work on /home/airflow/.local/lib/python3.12/site-packages/airflow/example_dags/example_bash_operator.py
[2024-05-02T10:35:27.398+0000] {processor.py:830} INFO - Processing file /home/airflow/.local/lib/python3.12/site-packages/airflow/example_dags/example_bash_operator.py for tasks to queue
[2024-05-02T10:35:27.399+0000] {logging_mixin.py:188} INFO - [2024-05-02T10:35:27.398+0000] {dagbag.py:540} INFO - Filling up the DagBag from /home/airflow/.local/lib/python3.12/site-packages/airflow/example_dags/example_bash_operator.py
[2024-05-02T10:35:27.405+0000] {processor.py:840} INFO - DAG(s) 'example_bash_operator' retrieved from /home/airflow/.local/lib/python3.12/site-packages/airflow/example_dags/example_bash_operator.py
[2024-05-02T10:35:27.423+0000] {logging_mixin.py:188} INFO - [2024-05-02T10:35:27.422+0000] {dag.py:3096} INFO - Sync 1 DAGs
[2024-05-02T10:35:27.442+0000] {logging_mixin.py:188} INFO - [2024-05-02T10:35:27.441+0000] {dag.py:3954} INFO - Setting next_dagrun for example_bash_operator to 2024-05-01 00:00:00+00:00, run_after=2024-05-02 00:00:00+00:00
[2024-05-02T10:35:27.458+0000] {processor.py:183} INFO - Processing /home/airflow/.local/lib/python3.12/site-packages/airflow/example_dags/example_bash_operator.py took 0.067 seconds
[2024-05-02T10:35:57.521+0000] {processor.py:161} INFO - Started process (PID=1883) to work on /home/airflow/.local/lib/python3.12/site-packages/airflow/example_dags/example_bash_operator.py
[2024-05-02T10:35:57.522+0000] {processor.py:830} INFO - Processing file /home/airflow/.local/lib/python3.12/site-packages/airflow/example_dags/example_bash_operator.py for tasks to queue
[2024-05-02T10:35:57.550+0000] {logging_mixin.py:188} INFO - [2024-05-02T10:35:57.549+0000] {dagbag.py:540} INFO - Filling up the DagBag from /home/airflow/.local/lib/python3.12/site-packages/airflow/example_dags/example_bash_operator.py
[2024-05-02T10:35:57.595+0000] {processor.py:840} INFO - DAG(s) 'example_bash_operator' retrieved from /home/airflow/.local/lib/python3.12/site-packages/airflow/example_dags/example_bash_operator.py
[2024-05-02T10:35:57.629+0000] {logging_mixin.py:188} INFO - [2024-05-02T10:35:57.628+0000] {dag.py:3096} INFO - Sync 1 DAGs
[2024-05-02T10:35:57.645+0000] {logging_mixin.py:188} INFO - [2024-05-02T10:35:57.644+0000] {dag.py:3954} INFO - Setting next_dagrun for example_bash_operator to 2024-05-01 00:00:00+00:00, run_after=2024-05-02 00:00:00+00:00
[2024-05-02T10:35:57.677+0000] {processor.py:183} INFO - Processing /home/airflow/.local/lib/python3.12/site-packages/airflow/example_dags/example_bash_operator.py took 0.165 seconds
[2024-05-02T10:36:28.312+0000] {processor.py:161} INFO - Started process (PID=1942) to work on /home/airflow/.local/lib/python3.12/site-packages/airflow/example_dags/example_bash_operator.py
[2024-05-02T10:36:28.313+0000] {processor.py:830} INFO - Processing file /home/airflow/.local/lib/python3.12/site-packages/airflow/example_dags/example_bash_operator.py for tasks to queue
[2024-05-02T10:36:28.315+0000] {logging_mixin.py:188} INFO - [2024-05-02T10:36:28.315+0000] {dagbag.py:540} INFO - Filling up the DagBag from /home/airflow/.local/lib/python3.12/site-packages/airflow/example_dags/example_bash_operator.py
[2024-05-02T10:36:28.324+0000] {processor.py:840} INFO - DAG(s) 'example_bash_operator' retrieved from /home/airflow/.local/lib/python3.12/site-packages/airflow/example_dags/example_bash_operator.py
[2024-05-02T10:36:28.378+0000] {logging_mixin.py:188} INFO - [2024-05-02T10:36:28.378+0000] {dag.py:3096} INFO - Sync 1 DAGs
[2024-05-02T10:36:28.393+0000] {logging_mixin.py:188} INFO - [2024-05-02T10:36:28.393+0000] {dag.py:3954} INFO - Setting next_dagrun for example_bash_operator to 2024-05-01 00:00:00+00:00, run_after=2024-05-02 00:00:00+00:00
[2024-05-02T10:36:28.404+0000] {processor.py:183} INFO - Processing /home/airflow/.local/lib/python3.12/site-packages/airflow/example_dags/example_bash_operator.py took 0.103 seconds
[2024-05-02T10:36:58.969+0000] {processor.py:161} INFO - Started process (PID=2002) to work on /home/airflow/.local/lib/python3.12/site-packages/airflow/example_dags/example_bash_operator.py
[2024-05-02T10:36:58.970+0000] {processor.py:830} INFO - Processing file /home/airflow/.local/lib/python3.12/site-packages/airflow/example_dags/example_bash_operator.py for tasks to queue
[2024-05-02T10:36:58.971+0000] {logging_mixin.py:188} INFO - [2024-05-02T10:36:58.971+0000] {dagbag.py:540} INFO - Filling up the DagBag from /home/airflow/.local/lib/python3.12/site-packages/airflow/example_dags/example_bash_operator.py
[2024-05-02T10:36:58.981+0000] {processor.py:840} INFO - DAG(s) 'example_bash_operator' retrieved from /home/airflow/.local/lib/python3.12/site-packages/airflow/example_dags/example_bash_operator.py
[2024-05-02T10:36:58.998+0000] {logging_mixin.py:188} INFO - [2024-05-02T10:36:58.998+0000] {dag.py:3096} INFO - Sync 1 DAGs
[2024-05-02T10:36:59.012+0000] {logging_mixin.py:188} INFO - [2024-05-02T10:36:59.012+0000] {dag.py:3954} INFO - Setting next_dagrun for example_bash_operator to 2024-05-01 00:00:00+00:00, run_after=2024-05-02 00:00:00+00:00
[2024-05-02T10:36:59.027+0000] {processor.py:183} INFO - Processing /home/airflow/.local/lib/python3.12/site-packages/airflow/example_dags/example_bash_operator.py took 0.062 seconds
[2024-05-02T10:37:29.248+0000] {processor.py:161} INFO - Started process (PID=2060) to work on /home/airflow/.local/lib/python3.12/site-packages/airflow/example_dags/example_bash_operator.py
[2024-05-02T10:37:29.249+0000] {processor.py:830} INFO - Processing file /home/airflow/.local/lib/python3.12/site-packages/airflow/example_dags/example_bash_operator.py for tasks to queue
[2024-05-02T10:37:29.279+0000] {logging_mixin.py:188} INFO - [2024-05-02T10:37:29.278+0000] {dagbag.py:540} INFO - Filling up the DagBag from /home/airflow/.local/lib/python3.12/site-packages/airflow/example_dags/example_bash_operator.py
[2024-05-02T10:37:29.323+0000] {processor.py:840} INFO - DAG(s) 'example_bash_operator' retrieved from /home/airflow/.local/lib/python3.12/site-packages/airflow/example_dags/example_bash_operator.py
[2024-05-02T10:37:29.352+0000] {logging_mixin.py:188} INFO - [2024-05-02T10:37:29.352+0000] {dag.py:3096} INFO - Sync 1 DAGs
[2024-05-02T10:37:29.368+0000] {logging_mixin.py:188} INFO - [2024-05-02T10:37:29.368+0000] {dag.py:3954} INFO - Setting next_dagrun for example_bash_operator to 2024-05-01 00:00:00+00:00, run_after=2024-05-02 00:00:00+00:00
[2024-05-02T10:37:29.388+0000] {processor.py:183} INFO - Processing /home/airflow/.local/lib/python3.12/site-packages/airflow/example_dags/example_bash_operator.py took 0.147 seconds
[2024-05-02T10:38:00.105+0000] {processor.py:161} INFO - Started process (PID=2119) to work on /home/airflow/.local/lib/python3.12/site-packages/airflow/example_dags/example_bash_operator.py
[2024-05-02T10:38:00.105+0000] {processor.py:830} INFO - Processing file /home/airflow/.local/lib/python3.12/site-packages/airflow/example_dags/example_bash_operator.py for tasks to queue
[2024-05-02T10:38:00.106+0000] {logging_mixin.py:188} INFO - [2024-05-02T10:38:00.106+0000] {dagbag.py:540} INFO - Filling up the DagBag from /home/airflow/.local/lib/python3.12/site-packages/airflow/example_dags/example_bash_operator.py
[2024-05-02T10:38:00.113+0000] {processor.py:840} INFO - DAG(s) 'example_bash_operator' retrieved from /home/airflow/.local/lib/python3.12/site-packages/airflow/example_dags/example_bash_operator.py
[2024-05-02T10:38:00.129+0000] {logging_mixin.py:188} INFO - [2024-05-02T10:38:00.129+0000] {dag.py:3096} INFO - Sync 1 DAGs
[2024-05-02T10:38:00.143+0000] {logging_mixin.py:188} INFO - [2024-05-02T10:38:00.143+0000] {dag.py:3954} INFO - Setting next_dagrun for example_bash_operator to 2024-05-01 00:00:00+00:00, run_after=2024-05-02 00:00:00+00:00
[2024-05-02T10:38:00.156+0000] {processor.py:183} INFO - Processing /home/airflow/.local/lib/python3.12/site-packages/airflow/example_dags/example_bash_operator.py took 0.055 seconds
[2024-05-02T10:38:30.495+0000] {processor.py:161} INFO - Started process (PID=2178) to work on /home/airflow/.local/lib/python3.12/site-packages/airflow/example_dags/example_bash_operator.py
[2024-05-02T10:38:30.495+0000] {processor.py:830} INFO - Processing file /home/airflow/.local/lib/python3.12/site-packages/airflow/example_dags/example_bash_operator.py for tasks to queue
[2024-05-02T10:38:30.496+0000] {logging_mixin.py:188} INFO - [2024-05-02T10:38:30.496+0000] {dagbag.py:540} INFO - Filling up the DagBag from /home/airflow/.local/lib/python3.12/site-packages/airflow/example_dags/example_bash_operator.py
[2024-05-02T10:38:30.503+0000] {processor.py:840} INFO - DAG(s) 'example_bash_operator' retrieved from /home/airflow/.local/lib/python3.12/site-packages/airflow/example_dags/example_bash_operator.py
[2024-05-02T10:38:30.521+0000] {logging_mixin.py:188} INFO - [2024-05-02T10:38:30.521+0000] {dag.py:3096} INFO - Sync 1 DAGs
[2024-05-02T10:38:30.556+0000] {logging_mixin.py:188} INFO - [2024-05-02T10:38:30.556+0000] {dag.py:3954} INFO - Setting next_dagrun for example_bash_operator to 2024-05-01 00:00:00+00:00, run_after=2024-05-02 00:00:00+00:00
[2024-05-02T10:38:30.586+0000] {processor.py:183} INFO - Processing /home/airflow/.local/lib/python3.12/site-packages/airflow/example_dags/example_bash_operator.py took 0.095 seconds
[2024-05-02T10:39:01.770+0000] {processor.py:161} INFO - Started process (PID=2237) to work on /home/airflow/.local/lib/python3.12/site-packages/airflow/example_dags/example_bash_operator.py
[2024-05-02T10:39:01.770+0000] {processor.py:830} INFO - Processing file /home/airflow/.local/lib/python3.12/site-packages/airflow/example_dags/example_bash_operator.py for tasks to queue
[2024-05-02T10:39:01.771+0000] {logging_mixin.py:188} INFO - [2024-05-02T10:39:01.771+0000] {dagbag.py:540} INFO - Filling up the DagBag from /home/airflow/.local/lib/python3.12/site-packages/airflow/example_dags/example_bash_operator.py
[2024-05-02T10:39:01.780+0000] {processor.py:840} INFO - DAG(s) 'example_bash_operator' retrieved from /home/airflow/.local/lib/python3.12/site-packages/airflow/example_dags/example_bash_operator.py
[2024-05-02T10:39:01.809+0000] {logging_mixin.py:188} INFO - [2024-05-02T10:39:01.809+0000] {dag.py:3096} INFO - Sync 1 DAGs
[2024-05-02T10:39:01.826+0000] {logging_mixin.py:188} INFO - [2024-05-02T10:39:01.826+0000] {dag.py:3954} INFO - Setting next_dagrun for example_bash_operator to 2024-05-01 00:00:00+00:00, run_after=2024-05-02 00:00:00+00:00
[2024-05-02T10:39:01.845+0000] {processor.py:183} INFO - Processing /home/airflow/.local/lib/python3.12/site-packages/airflow/example_dags/example_bash_operator.py took 0.079 seconds
[2024-05-02T10:39:33.079+0000] {processor.py:161} INFO - Started process (PID=2297) to work on /home/airflow/.local/lib/python3.12/site-packages/airflow/example_dags/example_bash_operator.py
[2024-05-02T10:39:33.080+0000] {processor.py:830} INFO - Processing file /home/airflow/.local/lib/python3.12/site-packages/airflow/example_dags/example_bash_operator.py for tasks to queue
[2024-05-02T10:39:33.081+0000] {logging_mixin.py:188} INFO - [2024-05-02T10:39:33.081+0000] {dagbag.py:540} INFO - Filling up the DagBag from /home/airflow/.local/lib/python3.12/site-packages/airflow/example_dags/example_bash_operator.py
[2024-05-02T10:39:33.090+0000] {processor.py:840} INFO - DAG(s) 'example_bash_operator' retrieved from /home/airflow/.local/lib/python3.12/site-packages/airflow/example_dags/example_bash_operator.py
[2024-05-02T10:39:33.107+0000] {logging_mixin.py:188} INFO - [2024-05-02T10:39:33.107+0000] {dag.py:3096} INFO - Sync 1 DAGs
[2024-05-02T10:39:33.136+0000] {logging_mixin.py:188} INFO - [2024-05-02T10:39:33.136+0000] {dag.py:3954} INFO - Setting next_dagrun for example_bash_operator to 2024-05-01 00:00:00+00:00, run_after=2024-05-02 00:00:00+00:00
[2024-05-02T10:39:33.147+0000] {processor.py:183} INFO - Processing /home/airflow/.local/lib/python3.12/site-packages/airflow/example_dags/example_bash_operator.py took 0.071 seconds
[2024-05-02T10:40:03.953+0000] {processor.py:161} INFO - Started process (PID=2356) to work on /home/airflow/.local/lib/python3.12/site-packages/airflow/example_dags/example_bash_operator.py
[2024-05-02T10:40:03.954+0000] {processor.py:830} INFO - Processing file /home/airflow/.local/lib/python3.12/site-packages/airflow/example_dags/example_bash_operator.py for tasks to queue
[2024-05-02T10:40:03.955+0000] {logging_mixin.py:188} INFO - [2024-05-02T10:40:03.955+0000] {dagbag.py:540} INFO - Filling up the DagBag from /home/airflow/.local/lib/python3.12/site-packages/airflow/example_dags/example_bash_operator.py
[2024-05-02T10:40:03.962+0000] {processor.py:840} INFO - DAG(s) 'example_bash_operator' retrieved from /home/airflow/.local/lib/python3.12/site-packages/airflow/example_dags/example_bash_operator.py
[2024-05-02T10:40:03.981+0000] {logging_mixin.py:188} INFO - [2024-05-02T10:40:03.980+0000] {dag.py:3096} INFO - Sync 1 DAGs
[2024-05-02T10:40:04.055+0000] {logging_mixin.py:188} INFO - [2024-05-02T10:40:04.055+0000] {dag.py:3954} INFO - Setting next_dagrun for example_bash_operator to 2024-05-01 00:00:00+00:00, run_after=2024-05-02 00:00:00+00:00
[2024-05-02T10:40:04.143+0000] {processor.py:183} INFO - Processing /home/airflow/.local/lib/python3.12/site-packages/airflow/example_dags/example_bash_operator.py took 0.195 seconds
[2024-05-02T10:40:35.738+0000] {processor.py:161} INFO - Started process (PID=2417) to work on /home/airflow/.local/lib/python3.12/site-packages/airflow/example_dags/example_bash_operator.py
[2024-05-02T10:40:35.739+0000] {processor.py:830} INFO - Processing file /home/airflow/.local/lib/python3.12/site-packages/airflow/example_dags/example_bash_operator.py for tasks to queue
[2024-05-02T10:40:35.740+0000] {logging_mixin.py:188} INFO - [2024-05-02T10:40:35.740+0000] {dagbag.py:540} INFO - Filling up the DagBag from /home/airflow/.local/lib/python3.12/site-packages/airflow/example_dags/example_bash_operator.py
[2024-05-02T10:40:35.747+0000] {processor.py:840} INFO - DAG(s) 'example_bash_operator' retrieved from /home/airflow/.local/lib/python3.12/site-packages/airflow/example_dags/example_bash_operator.py
[2024-05-02T10:40:35.765+0000] {logging_mixin.py:188} INFO - [2024-05-02T10:40:35.765+0000] {dag.py:3096} INFO - Sync 1 DAGs
[2024-05-02T10:40:35.797+0000] {logging_mixin.py:188} INFO - [2024-05-02T10:40:35.797+0000] {dag.py:3954} INFO - Setting next_dagrun for example_bash_operator to 2024-05-01 00:00:00+00:00, run_after=2024-05-02 00:00:00+00:00
[2024-05-02T10:40:35.812+0000] {processor.py:183} INFO - Processing /home/airflow/.local/lib/python3.12/site-packages/airflow/example_dags/example_bash_operator.py took 0.077 seconds
[2024-05-02T10:42:29.154+0000] {processor.py:161} INFO - Started process (PID=78) to work on /home/airflow/.local/lib/python3.12/site-packages/airflow/example_dags/example_bash_operator.py
[2024-05-02T10:42:29.154+0000] {processor.py:830} INFO - Processing file /home/airflow/.local/lib/python3.12/site-packages/airflow/example_dags/example_bash_operator.py for tasks to queue
[2024-05-02T10:42:29.155+0000] {logging_mixin.py:188} INFO - [2024-05-02T10:42:29.155+0000] {dagbag.py:540} INFO - Filling up the DagBag from /home/airflow/.local/lib/python3.12/site-packages/airflow/example_dags/example_bash_operator.py
[2024-05-02T10:42:29.163+0000] {processor.py:840} INFO - DAG(s) 'example_bash_operator' retrieved from /home/airflow/.local/lib/python3.12/site-packages/airflow/example_dags/example_bash_operator.py
[2024-05-02T10:42:29.251+0000] {logging_mixin.py:188} INFO - [2024-05-02T10:42:29.251+0000] {dag.py:3096} INFO - Sync 1 DAGs
[2024-05-02T10:42:29.267+0000] {logging_mixin.py:188} INFO - [2024-05-02T10:42:29.266+0000] {dag.py:3954} INFO - Setting next_dagrun for example_bash_operator to 2024-05-01 00:00:00+00:00, run_after=2024-05-02 00:00:00+00:00
[2024-05-02T10:42:29.310+0000] {processor.py:183} INFO - Processing /home/airflow/.local/lib/python3.12/site-packages/airflow/example_dags/example_bash_operator.py took 0.160 seconds
[2024-05-02T10:42:59.481+0000] {processor.py:161} INFO - Started process (PID=137) to work on /home/airflow/.local/lib/python3.12/site-packages/airflow/example_dags/example_bash_operator.py
[2024-05-02T10:42:59.481+0000] {processor.py:830} INFO - Processing file /home/airflow/.local/lib/python3.12/site-packages/airflow/example_dags/example_bash_operator.py for tasks to queue
[2024-05-02T10:42:59.482+0000] {logging_mixin.py:188} INFO - [2024-05-02T10:42:59.482+0000] {dagbag.py:540} INFO - Filling up the DagBag from /home/airflow/.local/lib/python3.12/site-packages/airflow/example_dags/example_bash_operator.py
[2024-05-02T10:42:59.490+0000] {processor.py:840} INFO - DAG(s) 'example_bash_operator' retrieved from /home/airflow/.local/lib/python3.12/site-packages/airflow/example_dags/example_bash_operator.py
[2024-05-02T10:42:59.507+0000] {logging_mixin.py:188} INFO - [2024-05-02T10:42:59.507+0000] {dag.py:3096} INFO - Sync 1 DAGs
[2024-05-02T10:42:59.541+0000] {logging_mixin.py:188} INFO - [2024-05-02T10:42:59.540+0000] {dag.py:3954} INFO - Setting next_dagrun for example_bash_operator to 2024-05-01 00:00:00+00:00, run_after=2024-05-02 00:00:00+00:00
[2024-05-02T10:42:59.551+0000] {processor.py:183} INFO - Processing /home/airflow/.local/lib/python3.12/site-packages/airflow/example_dags/example_bash_operator.py took 0.074 seconds
[2024-05-02T10:43:30.551+0000] {processor.py:161} INFO - Started process (PID=197) to work on /home/airflow/.local/lib/python3.12/site-packages/airflow/example_dags/example_bash_operator.py
[2024-05-02T10:43:30.551+0000] {processor.py:830} INFO - Processing file /home/airflow/.local/lib/python3.12/site-packages/airflow/example_dags/example_bash_operator.py for tasks to queue
[2024-05-02T10:43:30.552+0000] {logging_mixin.py:188} INFO - [2024-05-02T10:43:30.552+0000] {dagbag.py:540} INFO - Filling up the DagBag from /home/airflow/.local/lib/python3.12/site-packages/airflow/example_dags/example_bash_operator.py
[2024-05-02T10:43:30.559+0000] {processor.py:840} INFO - DAG(s) 'example_bash_operator' retrieved from /home/airflow/.local/lib/python3.12/site-packages/airflow/example_dags/example_bash_operator.py
[2024-05-02T10:43:30.576+0000] {logging_mixin.py:188} INFO - [2024-05-02T10:43:30.576+0000] {dag.py:3096} INFO - Sync 1 DAGs
[2024-05-02T10:43:30.608+0000] {logging_mixin.py:188} INFO - [2024-05-02T10:43:30.608+0000] {dag.py:3954} INFO - Setting next_dagrun for example_bash_operator to 2024-05-01 00:00:00+00:00, run_after=2024-05-02 00:00:00+00:00
[2024-05-02T10:43:30.620+0000] {processor.py:183} INFO - Processing /home/airflow/.local/lib/python3.12/site-packages/airflow/example_dags/example_bash_operator.py took 0.073 seconds
[2024-05-02T10:44:01.323+0000] {processor.py:161} INFO - Started process (PID=263) to work on /home/airflow/.local/lib/python3.12/site-packages/airflow/example_dags/example_bash_operator.py
[2024-05-02T10:44:01.324+0000] {processor.py:830} INFO - Processing file /home/airflow/.local/lib/python3.12/site-packages/airflow/example_dags/example_bash_operator.py for tasks to queue
[2024-05-02T10:44:01.325+0000] {logging_mixin.py:188} INFO - [2024-05-02T10:44:01.325+0000] {dagbag.py:540} INFO - Filling up the DagBag from /home/airflow/.local/lib/python3.12/site-packages/airflow/example_dags/example_bash_operator.py
[2024-05-02T10:44:01.333+0000] {processor.py:840} INFO - DAG(s) 'example_bash_operator' retrieved from /home/airflow/.local/lib/python3.12/site-packages/airflow/example_dags/example_bash_operator.py
[2024-05-02T10:44:01.351+0000] {logging_mixin.py:188} INFO - [2024-05-02T10:44:01.351+0000] {dag.py:3096} INFO - Sync 1 DAGs
[2024-05-02T10:44:01.366+0000] {logging_mixin.py:188} INFO - [2024-05-02T10:44:01.366+0000] {dag.py:3954} INFO - Setting next_dagrun for example_bash_operator to 2024-05-01 00:00:00+00:00, run_after=2024-05-02 00:00:00+00:00
[2024-05-02T10:44:01.397+0000] {processor.py:183} INFO - Processing /home/airflow/.local/lib/python3.12/site-packages/airflow/example_dags/example_bash_operator.py took 0.080 seconds
[2024-05-02T10:44:31.762+0000] {processor.py:161} INFO - Started process (PID=323) to work on /home/airflow/.local/lib/python3.12/site-packages/airflow/example_dags/example_bash_operator.py
[2024-05-02T10:44:31.763+0000] {processor.py:830} INFO - Processing file /home/airflow/.local/lib/python3.12/site-packages/airflow/example_dags/example_bash_operator.py for tasks to queue
[2024-05-02T10:44:31.764+0000] {logging_mixin.py:188} INFO - [2024-05-02T10:44:31.763+0000] {dagbag.py:540} INFO - Filling up the DagBag from /home/airflow/.local/lib/python3.12/site-packages/airflow/example_dags/example_bash_operator.py
[2024-05-02T10:44:31.771+0000] {processor.py:840} INFO - DAG(s) 'example_bash_operator' retrieved from /home/airflow/.local/lib/python3.12/site-packages/airflow/example_dags/example_bash_operator.py
[2024-05-02T10:44:31.788+0000] {logging_mixin.py:188} INFO - [2024-05-02T10:44:31.788+0000] {dag.py:3096} INFO - Sync 1 DAGs
[2024-05-02T10:44:31.829+0000] {logging_mixin.py:188} INFO - [2024-05-02T10:44:31.829+0000] {dag.py:3954} INFO - Setting next_dagrun for example_bash_operator to 2024-05-01 00:00:00+00:00, run_after=2024-05-02 00:00:00+00:00
[2024-05-02T10:44:31.842+0000] {processor.py:183} INFO - Processing /home/airflow/.local/lib/python3.12/site-packages/airflow/example_dags/example_bash_operator.py took 0.083 seconds
[2024-05-02T10:45:02.086+0000] {processor.py:161} INFO - Started process (PID=383) to work on /home/airflow/.local/lib/python3.12/site-packages/airflow/example_dags/example_bash_operator.py
[2024-05-02T10:45:02.087+0000] {processor.py:830} INFO - Processing file /home/airflow/.local/lib/python3.12/site-packages/airflow/example_dags/example_bash_operator.py for tasks to queue
[2024-05-02T10:45:02.088+0000] {logging_mixin.py:188} INFO - [2024-05-02T10:45:02.088+0000] {dagbag.py:540} INFO - Filling up the DagBag from /home/airflow/.local/lib/python3.12/site-packages/airflow/example_dags/example_bash_operator.py
[2024-05-02T10:45:02.096+0000] {processor.py:840} INFO - DAG(s) 'example_bash_operator' retrieved from /home/airflow/.local/lib/python3.12/site-packages/airflow/example_dags/example_bash_operator.py
[2024-05-02T10:45:02.134+0000] {logging_mixin.py:188} INFO - [2024-05-02T10:45:02.134+0000] {dag.py:3096} INFO - Sync 1 DAGs
[2024-05-02T10:45:02.150+0000] {logging_mixin.py:188} INFO - [2024-05-02T10:45:02.150+0000] {dag.py:3954} INFO - Setting next_dagrun for example_bash_operator to 2024-05-01 00:00:00+00:00, run_after=2024-05-02 00:00:00+00:00
[2024-05-02T10:45:02.187+0000] {processor.py:183} INFO - Processing /home/airflow/.local/lib/python3.12/site-packages/airflow/example_dags/example_bash_operator.py took 0.105 seconds
[2024-05-02T10:45:32.585+0000] {processor.py:161} INFO - Started process (PID=443) to work on /home/airflow/.local/lib/python3.12/site-packages/airflow/example_dags/example_bash_operator.py
[2024-05-02T10:45:32.585+0000] {processor.py:830} INFO - Processing file /home/airflow/.local/lib/python3.12/site-packages/airflow/example_dags/example_bash_operator.py for tasks to queue
[2024-05-02T10:45:32.586+0000] {logging_mixin.py:188} INFO - [2024-05-02T10:45:32.586+0000] {dagbag.py:540} INFO - Filling up the DagBag from /home/airflow/.local/lib/python3.12/site-packages/airflow/example_dags/example_bash_operator.py
[2024-05-02T10:45:32.593+0000] {processor.py:840} INFO - DAG(s) 'example_bash_operator' retrieved from /home/airflow/.local/lib/python3.12/site-packages/airflow/example_dags/example_bash_operator.py
[2024-05-02T10:45:32.610+0000] {logging_mixin.py:188} INFO - [2024-05-02T10:45:32.610+0000] {dag.py:3096} INFO - Sync 1 DAGs
[2024-05-02T10:45:32.625+0000] {logging_mixin.py:188} INFO - [2024-05-02T10:45:32.625+0000] {dag.py:3954} INFO - Setting next_dagrun for example_bash_operator to 2024-05-01 00:00:00+00:00, run_after=2024-05-02 00:00:00+00:00
[2024-05-02T10:45:32.641+0000] {processor.py:183} INFO - Processing /home/airflow/.local/lib/python3.12/site-packages/airflow/example_dags/example_bash_operator.py took 0.059 seconds
[2024-05-02T10:46:03.160+0000] {processor.py:161} INFO - Started process (PID=503) to work on /home/airflow/.local/lib/python3.12/site-packages/airflow/example_dags/example_bash_operator.py
[2024-05-02T10:46:03.160+0000] {processor.py:830} INFO - Processing file /home/airflow/.local/lib/python3.12/site-packages/airflow/example_dags/example_bash_operator.py for tasks to queue
[2024-05-02T10:46:03.162+0000] {logging_mixin.py:188} INFO - [2024-05-02T10:46:03.161+0000] {dagbag.py:540} INFO - Filling up the DagBag from /home/airflow/.local/lib/python3.12/site-packages/airflow/example_dags/example_bash_operator.py
[2024-05-02T10:46:03.169+0000] {processor.py:840} INFO - DAG(s) 'example_bash_operator' retrieved from /home/airflow/.local/lib/python3.12/site-packages/airflow/example_dags/example_bash_operator.py
[2024-05-02T10:46:03.188+0000] {logging_mixin.py:188} INFO - [2024-05-02T10:46:03.187+0000] {dag.py:3096} INFO - Sync 1 DAGs
[2024-05-02T10:46:03.213+0000] {logging_mixin.py:188} INFO - [2024-05-02T10:46:03.213+0000] {dag.py:3954} INFO - Setting next_dagrun for example_bash_operator to 2024-05-01 00:00:00+00:00, run_after=2024-05-02 00:00:00+00:00
[2024-05-02T10:46:03.224+0000] {processor.py:183} INFO - Processing /home/airflow/.local/lib/python3.12/site-packages/airflow/example_dags/example_bash_operator.py took 0.071 seconds
[2024-05-02T10:46:33.496+0000] {processor.py:161} INFO - Started process (PID=563) to work on /home/airflow/.local/lib/python3.12/site-packages/airflow/example_dags/example_bash_operator.py
[2024-05-02T10:46:33.497+0000] {processor.py:830} INFO - Processing file /home/airflow/.local/lib/python3.12/site-packages/airflow/example_dags/example_bash_operator.py for tasks to queue
[2024-05-02T10:46:33.516+0000] {logging_mixin.py:188} INFO - [2024-05-02T10:46:33.515+0000] {dagbag.py:540} INFO - Filling up the DagBag from /home/airflow/.local/lib/python3.12/site-packages/airflow/example_dags/example_bash_operator.py
[2024-05-02T10:46:33.548+0000] {processor.py:840} INFO - DAG(s) 'example_bash_operator' retrieved from /home/airflow/.local/lib/python3.12/site-packages/airflow/example_dags/example_bash_operator.py
[2024-05-02T10:46:33.586+0000] {logging_mixin.py:188} INFO - [2024-05-02T10:46:33.586+0000] {dag.py:3096} INFO - Sync 1 DAGs
[2024-05-02T10:46:33.600+0000] {logging_mixin.py:188} INFO - [2024-05-02T10:46:33.600+0000] {dag.py:3954} INFO - Setting next_dagrun for example_bash_operator to 2024-05-01 00:00:00+00:00, run_after=2024-05-02 00:00:00+00:00
[2024-05-02T10:46:33.628+0000] {processor.py:183} INFO - Processing /home/airflow/.local/lib/python3.12/site-packages/airflow/example_dags/example_bash_operator.py took 0.137 seconds
[2024-05-02T10:47:03.987+0000] {processor.py:161} INFO - Started process (PID=623) to work on /home/airflow/.local/lib/python3.12/site-packages/airflow/example_dags/example_bash_operator.py
[2024-05-02T10:47:03.988+0000] {processor.py:830} INFO - Processing file /home/airflow/.local/lib/python3.12/site-packages/airflow/example_dags/example_bash_operator.py for tasks to queue
[2024-05-02T10:47:04.010+0000] {logging_mixin.py:188} INFO - [2024-05-02T10:47:04.009+0000] {dagbag.py:540} INFO - Filling up the DagBag from /home/airflow/.local/lib/python3.12/site-packages/airflow/example_dags/example_bash_operator.py
[2024-05-02T10:47:04.058+0000] {processor.py:840} INFO - DAG(s) 'example_bash_operator' retrieved from /home/airflow/.local/lib/python3.12/site-packages/airflow/example_dags/example_bash_operator.py
[2024-05-02T10:47:04.083+0000] {logging_mixin.py:188} INFO - [2024-05-02T10:47:04.083+0000] {dag.py:3096} INFO - Sync 1 DAGs
[2024-05-02T10:47:04.098+0000] {logging_mixin.py:188} INFO - [2024-05-02T10:47:04.098+0000] {dag.py:3954} INFO - Setting next_dagrun for example_bash_operator to 2024-05-01 00:00:00+00:00, run_after=2024-05-02 00:00:00+00:00
[2024-05-02T10:47:04.118+0000] {processor.py:183} INFO - Processing /home/airflow/.local/lib/python3.12/site-packages/airflow/example_dags/example_bash_operator.py took 0.134 seconds
[2024-05-02T10:47:34.345+0000] {processor.py:161} INFO - Started process (PID=683) to work on /home/airflow/.local/lib/python3.12/site-packages/airflow/example_dags/example_bash_operator.py
[2024-05-02T10:47:34.345+0000] {processor.py:830} INFO - Processing file /home/airflow/.local/lib/python3.12/site-packages/airflow/example_dags/example_bash_operator.py for tasks to queue
[2024-05-02T10:47:34.346+0000] {logging_mixin.py:188} INFO - [2024-05-02T10:47:34.346+0000] {dagbag.py:540} INFO - Filling up the DagBag from /home/airflow/.local/lib/python3.12/site-packages/airflow/example_dags/example_bash_operator.py
[2024-05-02T10:47:34.353+0000] {processor.py:840} INFO - DAG(s) 'example_bash_operator' retrieved from /home/airflow/.local/lib/python3.12/site-packages/airflow/example_dags/example_bash_operator.py
[2024-05-02T10:47:34.370+0000] {logging_mixin.py:188} INFO - [2024-05-02T10:47:34.370+0000] {dag.py:3096} INFO - Sync 1 DAGs
[2024-05-02T10:47:34.384+0000] {logging_mixin.py:188} INFO - [2024-05-02T10:47:34.384+0000] {dag.py:3954} INFO - Setting next_dagrun for example_bash_operator to 2024-05-01 00:00:00+00:00, run_after=2024-05-02 00:00:00+00:00
[2024-05-02T10:47:34.396+0000] {processor.py:183} INFO - Processing /home/airflow/.local/lib/python3.12/site-packages/airflow/example_dags/example_bash_operator.py took 0.055 seconds
[2024-05-02T10:48:04.925+0000] {processor.py:161} INFO - Started process (PID=743) to work on /home/airflow/.local/lib/python3.12/site-packages/airflow/example_dags/example_bash_operator.py
[2024-05-02T10:48:04.925+0000] {processor.py:830} INFO - Processing file /home/airflow/.local/lib/python3.12/site-packages/airflow/example_dags/example_bash_operator.py for tasks to queue
[2024-05-02T10:48:04.926+0000] {logging_mixin.py:188} INFO - [2024-05-02T10:48:04.926+0000] {dagbag.py:540} INFO - Filling up the DagBag from /home/airflow/.local/lib/python3.12/site-packages/airflow/example_dags/example_bash_operator.py
[2024-05-02T10:48:04.933+0000] {processor.py:840} INFO - DAG(s) 'example_bash_operator' retrieved from /home/airflow/.local/lib/python3.12/site-packages/airflow/example_dags/example_bash_operator.py
[2024-05-02T10:48:04.949+0000] {logging_mixin.py:188} INFO - [2024-05-02T10:48:04.949+0000] {dag.py:3096} INFO - Sync 1 DAGs
[2024-05-02T10:48:04.975+0000] {logging_mixin.py:188} INFO - [2024-05-02T10:48:04.974+0000] {dag.py:3954} INFO - Setting next_dagrun for example_bash_operator to 2024-05-01 00:00:00+00:00, run_after=2024-05-02 00:00:00+00:00
[2024-05-02T10:48:04.987+0000] {processor.py:183} INFO - Processing /home/airflow/.local/lib/python3.12/site-packages/airflow/example_dags/example_bash_operator.py took 0.065 seconds
[2024-05-02T10:49:27.985+0000] {processor.py:161} INFO - Started process (PID=78) to work on /home/airflow/.local/lib/python3.12/site-packages/airflow/example_dags/example_bash_operator.py
[2024-05-02T10:49:27.986+0000] {processor.py:830} INFO - Processing file /home/airflow/.local/lib/python3.12/site-packages/airflow/example_dags/example_bash_operator.py for tasks to queue
[2024-05-02T10:49:28.014+0000] {logging_mixin.py:188} INFO - [2024-05-02T10:49:28.014+0000] {dagbag.py:540} INFO - Filling up the DagBag from /home/airflow/.local/lib/python3.12/site-packages/airflow/example_dags/example_bash_operator.py
[2024-05-02T10:49:28.022+0000] {processor.py:840} INFO - DAG(s) 'example_bash_operator' retrieved from /home/airflow/.local/lib/python3.12/site-packages/airflow/example_dags/example_bash_operator.py
[2024-05-02T10:49:28.108+0000] {logging_mixin.py:188} INFO - [2024-05-02T10:49:28.108+0000] {dag.py:3096} INFO - Sync 1 DAGs
[2024-05-02T10:49:28.122+0000] {logging_mixin.py:188} INFO - [2024-05-02T10:49:28.122+0000] {dag.py:3954} INFO - Setting next_dagrun for example_bash_operator to 2024-05-01 00:00:00+00:00, run_after=2024-05-02 00:00:00+00:00
[2024-05-02T10:49:28.137+0000] {processor.py:183} INFO - Processing /home/airflow/.local/lib/python3.12/site-packages/airflow/example_dags/example_bash_operator.py took 0.155 seconds
[2024-05-02T10:49:58.512+0000] {processor.py:161} INFO - Started process (PID=138) to work on /home/airflow/.local/lib/python3.12/site-packages/airflow/example_dags/example_bash_operator.py
[2024-05-02T10:49:58.513+0000] {processor.py:830} INFO - Processing file /home/airflow/.local/lib/python3.12/site-packages/airflow/example_dags/example_bash_operator.py for tasks to queue
[2024-05-02T10:49:58.537+0000] {logging_mixin.py:188} INFO - [2024-05-02T10:49:58.536+0000] {dagbag.py:540} INFO - Filling up the DagBag from /home/airflow/.local/lib/python3.12/site-packages/airflow/example_dags/example_bash_operator.py
[2024-05-02T10:49:58.557+0000] {processor.py:840} INFO - DAG(s) 'example_bash_operator' retrieved from /home/airflow/.local/lib/python3.12/site-packages/airflow/example_dags/example_bash_operator.py
[2024-05-02T10:49:58.595+0000] {logging_mixin.py:188} INFO - [2024-05-02T10:49:58.595+0000] {dag.py:3096} INFO - Sync 1 DAGs
[2024-05-02T10:49:58.616+0000] {logging_mixin.py:188} INFO - [2024-05-02T10:49:58.616+0000] {dag.py:3954} INFO - Setting next_dagrun for example_bash_operator to 2024-05-01 00:00:00+00:00, run_after=2024-05-02 00:00:00+00:00
[2024-05-02T10:49:58.627+0000] {processor.py:183} INFO - Processing /home/airflow/.local/lib/python3.12/site-packages/airflow/example_dags/example_bash_operator.py took 0.121 seconds
[2024-05-02T10:50:29.032+0000] {processor.py:161} INFO - Started process (PID=198) to work on /home/airflow/.local/lib/python3.12/site-packages/airflow/example_dags/example_bash_operator.py
[2024-05-02T10:50:29.032+0000] {processor.py:830} INFO - Processing file /home/airflow/.local/lib/python3.12/site-packages/airflow/example_dags/example_bash_operator.py for tasks to queue
[2024-05-02T10:50:29.033+0000] {logging_mixin.py:188} INFO - [2024-05-02T10:50:29.033+0000] {dagbag.py:540} INFO - Filling up the DagBag from /home/airflow/.local/lib/python3.12/site-packages/airflow/example_dags/example_bash_operator.py
[2024-05-02T10:50:29.041+0000] {processor.py:840} INFO - DAG(s) 'example_bash_operator' retrieved from /home/airflow/.local/lib/python3.12/site-packages/airflow/example_dags/example_bash_operator.py
[2024-05-02T10:50:29.067+0000] {logging_mixin.py:188} INFO - [2024-05-02T10:50:29.067+0000] {dag.py:3096} INFO - Sync 1 DAGs
[2024-05-02T10:50:29.082+0000] {logging_mixin.py:188} INFO - [2024-05-02T10:50:29.082+0000] {dag.py:3954} INFO - Setting next_dagrun for example_bash_operator to 2024-05-01 00:00:00+00:00, run_after=2024-05-02 00:00:00+00:00
[2024-05-02T10:50:29.096+0000] {processor.py:183} INFO - Processing /home/airflow/.local/lib/python3.12/site-packages/airflow/example_dags/example_bash_operator.py took 0.067 seconds
[2024-05-02T10:50:59.516+0000] {processor.py:161} INFO - Started process (PID=258) to work on /home/airflow/.local/lib/python3.12/site-packages/airflow/example_dags/example_bash_operator.py
[2024-05-02T10:50:59.517+0000] {processor.py:830} INFO - Processing file /home/airflow/.local/lib/python3.12/site-packages/airflow/example_dags/example_bash_operator.py for tasks to queue
[2024-05-02T10:50:59.518+0000] {logging_mixin.py:188} INFO - [2024-05-02T10:50:59.518+0000] {dagbag.py:540} INFO - Filling up the DagBag from /home/airflow/.local/lib/python3.12/site-packages/airflow/example_dags/example_bash_operator.py
[2024-05-02T10:50:59.526+0000] {processor.py:840} INFO - DAG(s) 'example_bash_operator' retrieved from /home/airflow/.local/lib/python3.12/site-packages/airflow/example_dags/example_bash_operator.py
[2024-05-02T10:50:59.544+0000] {logging_mixin.py:188} INFO - [2024-05-02T10:50:59.544+0000] {dag.py:3096} INFO - Sync 1 DAGs
[2024-05-02T10:50:59.571+0000] {logging_mixin.py:188} INFO - [2024-05-02T10:50:59.570+0000] {dag.py:3954} INFO - Setting next_dagrun for example_bash_operator to 2024-05-01 00:00:00+00:00, run_after=2024-05-02 00:00:00+00:00
[2024-05-02T10:50:59.582+0000] {processor.py:183} INFO - Processing /home/airflow/.local/lib/python3.12/site-packages/airflow/example_dags/example_bash_operator.py took 0.072 seconds
[2024-05-02T10:51:30.096+0000] {processor.py:161} INFO - Started process (PID=318) to work on /home/airflow/.local/lib/python3.12/site-packages/airflow/example_dags/example_bash_operator.py
[2024-05-02T10:51:30.097+0000] {processor.py:830} INFO - Processing file /home/airflow/.local/lib/python3.12/site-packages/airflow/example_dags/example_bash_operator.py for tasks to queue
[2024-05-02T10:51:30.124+0000] {logging_mixin.py:188} INFO - [2024-05-02T10:51:30.123+0000] {dagbag.py:540} INFO - Filling up the DagBag from /home/airflow/.local/lib/python3.12/site-packages/airflow/example_dags/example_bash_operator.py
[2024-05-02T10:51:30.148+0000] {processor.py:840} INFO - DAG(s) 'example_bash_operator' retrieved from /home/airflow/.local/lib/python3.12/site-packages/airflow/example_dags/example_bash_operator.py
[2024-05-02T10:51:30.166+0000] {logging_mixin.py:188} INFO - [2024-05-02T10:51:30.165+0000] {dag.py:3096} INFO - Sync 1 DAGs
[2024-05-02T10:51:30.182+0000] {logging_mixin.py:188} INFO - [2024-05-02T10:51:30.182+0000] {dag.py:3954} INFO - Setting next_dagrun for example_bash_operator to 2024-05-01 00:00:00+00:00, run_after=2024-05-02 00:00:00+00:00
[2024-05-02T10:51:30.208+0000] {processor.py:183} INFO - Processing /home/airflow/.local/lib/python3.12/site-packages/airflow/example_dags/example_bash_operator.py took 0.121 seconds
[2024-05-02T10:52:01.385+0000] {processor.py:161} INFO - Started process (PID=384) to work on /home/airflow/.local/lib/python3.12/site-packages/airflow/example_dags/example_bash_operator.py
[2024-05-02T10:52:01.385+0000] {processor.py:830} INFO - Processing file /home/airflow/.local/lib/python3.12/site-packages/airflow/example_dags/example_bash_operator.py for tasks to queue
[2024-05-02T10:52:01.411+0000] {logging_mixin.py:188} INFO - [2024-05-02T10:52:01.410+0000] {dagbag.py:540} INFO - Filling up the DagBag from /home/airflow/.local/lib/python3.12/site-packages/airflow/example_dags/example_bash_operator.py
[2024-05-02T10:52:01.421+0000] {processor.py:840} INFO - DAG(s) 'example_bash_operator' retrieved from /home/airflow/.local/lib/python3.12/site-packages/airflow/example_dags/example_bash_operator.py
[2024-05-02T10:52:01.451+0000] {logging_mixin.py:188} INFO - [2024-05-02T10:52:01.451+0000] {dag.py:3096} INFO - Sync 1 DAGs
[2024-05-02T10:52:01.486+0000] {logging_mixin.py:188} INFO - [2024-05-02T10:52:01.486+0000] {dag.py:3954} INFO - Setting next_dagrun for example_bash_operator to 2024-05-01 00:00:00+00:00, run_after=2024-05-02 00:00:00+00:00
[2024-05-02T10:52:01.507+0000] {processor.py:183} INFO - Processing /home/airflow/.local/lib/python3.12/site-packages/airflow/example_dags/example_bash_operator.py took 0.127 seconds
[2024-05-02T10:52:32.286+0000] {processor.py:161} INFO - Started process (PID=444) to work on /home/airflow/.local/lib/python3.12/site-packages/airflow/example_dags/example_bash_operator.py
[2024-05-02T10:52:32.287+0000] {processor.py:830} INFO - Processing file /home/airflow/.local/lib/python3.12/site-packages/airflow/example_dags/example_bash_operator.py for tasks to queue
[2024-05-02T10:52:32.289+0000] {logging_mixin.py:188} INFO - [2024-05-02T10:52:32.289+0000] {dagbag.py:540} INFO - Filling up the DagBag from /home/airflow/.local/lib/python3.12/site-packages/airflow/example_dags/example_bash_operator.py
[2024-05-02T10:52:32.298+0000] {processor.py:840} INFO - DAG(s) 'example_bash_operator' retrieved from /home/airflow/.local/lib/python3.12/site-packages/airflow/example_dags/example_bash_operator.py
[2024-05-02T10:52:32.334+0000] {logging_mixin.py:188} INFO - [2024-05-02T10:52:32.334+0000] {dag.py:3096} INFO - Sync 1 DAGs
[2024-05-02T10:52:32.356+0000] {logging_mixin.py:188} INFO - [2024-05-02T10:52:32.355+0000] {dag.py:3954} INFO - Setting next_dagrun for example_bash_operator to 2024-05-01 00:00:00+00:00, run_after=2024-05-02 00:00:00+00:00
[2024-05-02T10:52:32.368+0000] {processor.py:183} INFO - Processing /home/airflow/.local/lib/python3.12/site-packages/airflow/example_dags/example_bash_operator.py took 0.086 seconds
[2024-05-02T10:53:03.317+0000] {processor.py:161} INFO - Started process (PID=504) to work on /home/airflow/.local/lib/python3.12/site-packages/airflow/example_dags/example_bash_operator.py
[2024-05-02T10:53:03.317+0000] {processor.py:830} INFO - Processing file /home/airflow/.local/lib/python3.12/site-packages/airflow/example_dags/example_bash_operator.py for tasks to queue
[2024-05-02T10:53:03.318+0000] {logging_mixin.py:188} INFO - [2024-05-02T10:53:03.318+0000] {dagbag.py:540} INFO - Filling up the DagBag from /home/airflow/.local/lib/python3.12/site-packages/airflow/example_dags/example_bash_operator.py
[2024-05-02T10:53:03.325+0000] {processor.py:840} INFO - DAG(s) 'example_bash_operator' retrieved from /home/airflow/.local/lib/python3.12/site-packages/airflow/example_dags/example_bash_operator.py
[2024-05-02T10:53:03.342+0000] {logging_mixin.py:188} INFO - [2024-05-02T10:53:03.341+0000] {dag.py:3096} INFO - Sync 1 DAGs
[2024-05-02T10:53:03.356+0000] {logging_mixin.py:188} INFO - [2024-05-02T10:53:03.356+0000] {dag.py:3954} INFO - Setting next_dagrun for example_bash_operator to 2024-05-01 00:00:00+00:00, run_after=2024-05-02 00:00:00+00:00
[2024-05-02T10:53:03.387+0000] {processor.py:183} INFO - Processing /home/airflow/.local/lib/python3.12/site-packages/airflow/example_dags/example_bash_operator.py took 0.074 seconds
[2024-05-02T10:53:34.107+0000] {processor.py:161} INFO - Started process (PID=564) to work on /home/airflow/.local/lib/python3.12/site-packages/airflow/example_dags/example_bash_operator.py
[2024-05-02T10:53:34.107+0000] {processor.py:830} INFO - Processing file /home/airflow/.local/lib/python3.12/site-packages/airflow/example_dags/example_bash_operator.py for tasks to queue
[2024-05-02T10:53:34.109+0000] {logging_mixin.py:188} INFO - [2024-05-02T10:53:34.108+0000] {dagbag.py:540} INFO - Filling up the DagBag from /home/airflow/.local/lib/python3.12/site-packages/airflow/example_dags/example_bash_operator.py
[2024-05-02T10:53:34.116+0000] {processor.py:840} INFO - DAG(s) 'example_bash_operator' retrieved from /home/airflow/.local/lib/python3.12/site-packages/airflow/example_dags/example_bash_operator.py
[2024-05-02T10:53:34.134+0000] {logging_mixin.py:188} INFO - [2024-05-02T10:53:34.134+0000] {dag.py:3096} INFO - Sync 1 DAGs
[2024-05-02T10:53:34.165+0000] {logging_mixin.py:188} INFO - [2024-05-02T10:53:34.165+0000] {dag.py:3954} INFO - Setting next_dagrun for example_bash_operator to 2024-05-01 00:00:00+00:00, run_after=2024-05-02 00:00:00+00:00
[2024-05-02T10:53:34.179+0000] {processor.py:183} INFO - Processing /home/airflow/.local/lib/python3.12/site-packages/airflow/example_dags/example_bash_operator.py took 0.075 seconds
[2024-05-02T10:54:05.049+0000] {processor.py:161} INFO - Started process (PID=624) to work on /home/airflow/.local/lib/python3.12/site-packages/airflow/example_dags/example_bash_operator.py
[2024-05-02T10:54:05.049+0000] {processor.py:830} INFO - Processing file /home/airflow/.local/lib/python3.12/site-packages/airflow/example_dags/example_bash_operator.py for tasks to queue
[2024-05-02T10:54:05.050+0000] {logging_mixin.py:188} INFO - [2024-05-02T10:54:05.050+0000] {dagbag.py:540} INFO - Filling up the DagBag from /home/airflow/.local/lib/python3.12/site-packages/airflow/example_dags/example_bash_operator.py
[2024-05-02T10:54:05.059+0000] {processor.py:840} INFO - DAG(s) 'example_bash_operator' retrieved from /home/airflow/.local/lib/python3.12/site-packages/airflow/example_dags/example_bash_operator.py
[2024-05-02T10:54:05.076+0000] {logging_mixin.py:188} INFO - [2024-05-02T10:54:05.076+0000] {dag.py:3096} INFO - Sync 1 DAGs
[2024-05-02T10:54:05.128+0000] {logging_mixin.py:188} INFO - [2024-05-02T10:54:05.128+0000] {dag.py:3954} INFO - Setting next_dagrun for example_bash_operator to 2024-05-01 00:00:00+00:00, run_after=2024-05-02 00:00:00+00:00
[2024-05-02T10:54:05.141+0000] {processor.py:183} INFO - Processing /home/airflow/.local/lib/python3.12/site-packages/airflow/example_dags/example_bash_operator.py took 0.098 seconds
[2024-05-02T10:54:35.280+0000] {processor.py:161} INFO - Started process (PID=684) to work on /home/airflow/.local/lib/python3.12/site-packages/airflow/example_dags/example_bash_operator.py
[2024-05-02T10:54:35.280+0000] {processor.py:830} INFO - Processing file /home/airflow/.local/lib/python3.12/site-packages/airflow/example_dags/example_bash_operator.py for tasks to queue
[2024-05-02T10:54:35.281+0000] {logging_mixin.py:188} INFO - [2024-05-02T10:54:35.281+0000] {dagbag.py:540} INFO - Filling up the DagBag from /home/airflow/.local/lib/python3.12/site-packages/airflow/example_dags/example_bash_operator.py
[2024-05-02T10:54:35.288+0000] {processor.py:840} INFO - DAG(s) 'example_bash_operator' retrieved from /home/airflow/.local/lib/python3.12/site-packages/airflow/example_dags/example_bash_operator.py
[2024-05-02T10:54:35.306+0000] {logging_mixin.py:188} INFO - [2024-05-02T10:54:35.306+0000] {dag.py:3096} INFO - Sync 1 DAGs
[2024-05-02T10:54:35.321+0000] {logging_mixin.py:188} INFO - [2024-05-02T10:54:35.320+0000] {dag.py:3954} INFO - Setting next_dagrun for example_bash_operator to 2024-05-01 00:00:00+00:00, run_after=2024-05-02 00:00:00+00:00
[2024-05-02T10:54:35.342+0000] {processor.py:183} INFO - Processing /home/airflow/.local/lib/python3.12/site-packages/airflow/example_dags/example_bash_operator.py took 0.066 seconds
[2024-05-02T10:55:05.641+0000] {processor.py:161} INFO - Started process (PID=744) to work on /home/airflow/.local/lib/python3.12/site-packages/airflow/example_dags/example_bash_operator.py
[2024-05-02T10:55:05.641+0000] {processor.py:830} INFO - Processing file /home/airflow/.local/lib/python3.12/site-packages/airflow/example_dags/example_bash_operator.py for tasks to queue
[2024-05-02T10:55:05.642+0000] {logging_mixin.py:188} INFO - [2024-05-02T10:55:05.642+0000] {dagbag.py:540} INFO - Filling up the DagBag from /home/airflow/.local/lib/python3.12/site-packages/airflow/example_dags/example_bash_operator.py
[2024-05-02T10:55:05.649+0000] {processor.py:840} INFO - DAG(s) 'example_bash_operator' retrieved from /home/airflow/.local/lib/python3.12/site-packages/airflow/example_dags/example_bash_operator.py
[2024-05-02T10:55:05.667+0000] {logging_mixin.py:188} INFO - [2024-05-02T10:55:05.667+0000] {dag.py:3096} INFO - Sync 1 DAGs
[2024-05-02T10:55:05.695+0000] {logging_mixin.py:188} INFO - [2024-05-02T10:55:05.695+0000] {dag.py:3954} INFO - Setting next_dagrun for example_bash_operator to 2024-05-01 00:00:00+00:00, run_after=2024-05-02 00:00:00+00:00
[2024-05-02T10:55:05.708+0000] {processor.py:183} INFO - Processing /home/airflow/.local/lib/python3.12/site-packages/airflow/example_dags/example_bash_operator.py took 0.070 seconds
[2024-05-02T10:55:36.155+0000] {processor.py:161} INFO - Started process (PID=804) to work on /home/airflow/.local/lib/python3.12/site-packages/airflow/example_dags/example_bash_operator.py
[2024-05-02T10:55:36.155+0000] {processor.py:830} INFO - Processing file /home/airflow/.local/lib/python3.12/site-packages/airflow/example_dags/example_bash_operator.py for tasks to queue
[2024-05-02T10:55:36.156+0000] {logging_mixin.py:188} INFO - [2024-05-02T10:55:36.156+0000] {dagbag.py:540} INFO - Filling up the DagBag from /home/airflow/.local/lib/python3.12/site-packages/airflow/example_dags/example_bash_operator.py
[2024-05-02T10:55:36.163+0000] {processor.py:840} INFO - DAG(s) 'example_bash_operator' retrieved from /home/airflow/.local/lib/python3.12/site-packages/airflow/example_dags/example_bash_operator.py
[2024-05-02T10:55:36.180+0000] {logging_mixin.py:188} INFO - [2024-05-02T10:55:36.180+0000] {dag.py:3096} INFO - Sync 1 DAGs
[2024-05-02T10:55:36.194+0000] {logging_mixin.py:188} INFO - [2024-05-02T10:55:36.193+0000] {dag.py:3954} INFO - Setting next_dagrun for example_bash_operator to 2024-05-01 00:00:00+00:00, run_after=2024-05-02 00:00:00+00:00
[2024-05-02T10:55:36.231+0000] {processor.py:183} INFO - Processing /home/airflow/.local/lib/python3.12/site-packages/airflow/example_dags/example_bash_operator.py took 0.080 seconds
[2024-05-02T10:56:06.511+0000] {processor.py:161} INFO - Started process (PID=864) to work on /home/airflow/.local/lib/python3.12/site-packages/airflow/example_dags/example_bash_operator.py
[2024-05-02T10:56:06.512+0000] {processor.py:830} INFO - Processing file /home/airflow/.local/lib/python3.12/site-packages/airflow/example_dags/example_bash_operator.py for tasks to queue
[2024-05-02T10:56:06.513+0000] {logging_mixin.py:188} INFO - [2024-05-02T10:56:06.513+0000] {dagbag.py:540} INFO - Filling up the DagBag from /home/airflow/.local/lib/python3.12/site-packages/airflow/example_dags/example_bash_operator.py
[2024-05-02T10:56:06.523+0000] {processor.py:840} INFO - DAG(s) 'example_bash_operator' retrieved from /home/airflow/.local/lib/python3.12/site-packages/airflow/example_dags/example_bash_operator.py
[2024-05-02T10:56:06.540+0000] {logging_mixin.py:188} INFO - [2024-05-02T10:56:06.540+0000] {dag.py:3096} INFO - Sync 1 DAGs
[2024-05-02T10:56:06.575+0000] {logging_mixin.py:188} INFO - [2024-05-02T10:56:06.574+0000] {dag.py:3954} INFO - Setting next_dagrun for example_bash_operator to 2024-05-01 00:00:00+00:00, run_after=2024-05-02 00:00:00+00:00
[2024-05-02T10:56:06.586+0000] {processor.py:183} INFO - Processing /home/airflow/.local/lib/python3.12/site-packages/airflow/example_dags/example_bash_operator.py took 0.079 seconds
[2024-05-02T10:56:36.833+0000] {processor.py:161} INFO - Started process (PID=924) to work on /home/airflow/.local/lib/python3.12/site-packages/airflow/example_dags/example_bash_operator.py
[2024-05-02T10:56:36.833+0000] {processor.py:830} INFO - Processing file /home/airflow/.local/lib/python3.12/site-packages/airflow/example_dags/example_bash_operator.py for tasks to queue
[2024-05-02T10:56:36.834+0000] {logging_mixin.py:188} INFO - [2024-05-02T10:56:36.834+0000] {dagbag.py:540} INFO - Filling up the DagBag from /home/airflow/.local/lib/python3.12/site-packages/airflow/example_dags/example_bash_operator.py
[2024-05-02T10:56:36.841+0000] {processor.py:840} INFO - DAG(s) 'example_bash_operator' retrieved from /home/airflow/.local/lib/python3.12/site-packages/airflow/example_dags/example_bash_operator.py
[2024-05-02T10:56:36.858+0000] {logging_mixin.py:188} INFO - [2024-05-02T10:56:36.858+0000] {dag.py:3096} INFO - Sync 1 DAGs
[2024-05-02T10:56:36.887+0000] {logging_mixin.py:188} INFO - [2024-05-02T10:56:36.887+0000] {dag.py:3954} INFO - Setting next_dagrun for example_bash_operator to 2024-05-01 00:00:00+00:00, run_after=2024-05-02 00:00:00+00:00
[2024-05-02T10:56:36.899+0000] {processor.py:183} INFO - Processing /home/airflow/.local/lib/python3.12/site-packages/airflow/example_dags/example_bash_operator.py took 0.070 seconds
[2024-05-02T10:57:07.454+0000] {processor.py:161} INFO - Started process (PID=984) to work on /home/airflow/.local/lib/python3.12/site-packages/airflow/example_dags/example_bash_operator.py
[2024-05-02T10:57:07.455+0000] {processor.py:830} INFO - Processing file /home/airflow/.local/lib/python3.12/site-packages/airflow/example_dags/example_bash_operator.py for tasks to queue
[2024-05-02T10:57:07.456+0000] {logging_mixin.py:188} INFO - [2024-05-02T10:57:07.455+0000] {dagbag.py:540} INFO - Filling up the DagBag from /home/airflow/.local/lib/python3.12/site-packages/airflow/example_dags/example_bash_operator.py
[2024-05-02T10:57:07.463+0000] {processor.py:840} INFO - DAG(s) 'example_bash_operator' retrieved from /home/airflow/.local/lib/python3.12/site-packages/airflow/example_dags/example_bash_operator.py
[2024-05-02T10:57:07.484+0000] {logging_mixin.py:188} INFO - [2024-05-02T10:57:07.484+0000] {dag.py:3096} INFO - Sync 1 DAGs
[2024-05-02T10:57:07.510+0000] {logging_mixin.py:188} INFO - [2024-05-02T10:57:07.510+0000] {dag.py:3954} INFO - Setting next_dagrun for example_bash_operator to 2024-05-01 00:00:00+00:00, run_after=2024-05-02 00:00:00+00:00
[2024-05-02T10:57:07.522+0000] {processor.py:183} INFO - Processing /home/airflow/.local/lib/python3.12/site-packages/airflow/example_dags/example_bash_operator.py took 0.072 seconds
