[2024-05-02T10:20:08.045+0000] {processor.py:161} INFO - Started process (PID=74) to work on /home/airflow/.local/lib/python3.12/site-packages/airflow/example_dags/example_latest_only_with_trigger.py
[2024-05-02T10:20:08.046+0000] {processor.py:830} INFO - Processing file /home/airflow/.local/lib/python3.12/site-packages/airflow/example_dags/example_latest_only_with_trigger.py for tasks to queue
[2024-05-02T10:20:08.047+0000] {logging_mixin.py:188} INFO - [2024-05-02T10:20:08.047+0000] {dagbag.py:540} INFO - Filling up the DagBag from /home/airflow/.local/lib/python3.12/site-packages/airflow/example_dags/example_latest_only_with_trigger.py
[2024-05-02T10:20:08.052+0000] {processor.py:840} INFO - DAG(s) 'latest_only_with_trigger' retrieved from /home/airflow/.local/lib/python3.12/site-packages/airflow/example_dags/example_latest_only_with_trigger.py
[2024-05-02T10:20:08.058+0000] {logging_mixin.py:188} INFO - [2024-05-02T10:20:08.058+0000] {dag.py:3096} INFO - Sync 1 DAGs
[2024-05-02T10:20:08.074+0000] {logging_mixin.py:188} INFO - [2024-05-02T10:20:08.074+0000] {dag.py:3954} INFO - Setting next_dagrun for latest_only_with_trigger to 2024-05-02 04:00:00+00:00, run_after=2024-05-02 08:00:00+00:00
[2024-05-02T10:20:08.087+0000] {processor.py:183} INFO - Processing /home/airflow/.local/lib/python3.12/site-packages/airflow/example_dags/example_latest_only_with_trigger.py took 0.046 seconds
[2024-05-02T10:20:39.299+0000] {processor.py:161} INFO - Started process (PID=132) to work on /home/airflow/.local/lib/python3.12/site-packages/airflow/example_dags/example_latest_only_with_trigger.py
[2024-05-02T10:20:39.300+0000] {processor.py:830} INFO - Processing file /home/airflow/.local/lib/python3.12/site-packages/airflow/example_dags/example_latest_only_with_trigger.py for tasks to queue
[2024-05-02T10:20:39.301+0000] {logging_mixin.py:188} INFO - [2024-05-02T10:20:39.301+0000] {dagbag.py:540} INFO - Filling up the DagBag from /home/airflow/.local/lib/python3.12/site-packages/airflow/example_dags/example_latest_only_with_trigger.py
[2024-05-02T10:20:39.304+0000] {processor.py:840} INFO - DAG(s) 'latest_only_with_trigger' retrieved from /home/airflow/.local/lib/python3.12/site-packages/airflow/example_dags/example_latest_only_with_trigger.py
[2024-05-02T10:20:39.378+0000] {logging_mixin.py:188} INFO - [2024-05-02T10:20:39.377+0000] {dag.py:3096} INFO - Sync 1 DAGs
[2024-05-02T10:20:39.394+0000] {logging_mixin.py:188} INFO - [2024-05-02T10:20:39.394+0000] {dag.py:3954} INFO - Setting next_dagrun for latest_only_with_trigger to 2024-05-02 04:00:00+00:00, run_after=2024-05-02 08:00:00+00:00
[2024-05-02T10:20:39.406+0000] {processor.py:183} INFO - Processing /home/airflow/.local/lib/python3.12/site-packages/airflow/example_dags/example_latest_only_with_trigger.py took 0.110 seconds
[2024-05-02T10:21:10.240+0000] {processor.py:161} INFO - Started process (PID=191) to work on /home/airflow/.local/lib/python3.12/site-packages/airflow/example_dags/example_latest_only_with_trigger.py
[2024-05-02T10:21:10.241+0000] {processor.py:830} INFO - Processing file /home/airflow/.local/lib/python3.12/site-packages/airflow/example_dags/example_latest_only_with_trigger.py for tasks to queue
[2024-05-02T10:21:10.242+0000] {logging_mixin.py:188} INFO - [2024-05-02T10:21:10.242+0000] {dagbag.py:540} INFO - Filling up the DagBag from /home/airflow/.local/lib/python3.12/site-packages/airflow/example_dags/example_latest_only_with_trigger.py
[2024-05-02T10:21:10.245+0000] {processor.py:840} INFO - DAG(s) 'latest_only_with_trigger' retrieved from /home/airflow/.local/lib/python3.12/site-packages/airflow/example_dags/example_latest_only_with_trigger.py
[2024-05-02T10:21:10.259+0000] {logging_mixin.py:188} INFO - [2024-05-02T10:21:10.259+0000] {dag.py:3096} INFO - Sync 1 DAGs
[2024-05-02T10:21:10.273+0000] {logging_mixin.py:188} INFO - [2024-05-02T10:21:10.272+0000] {dag.py:3954} INFO - Setting next_dagrun for latest_only_with_trigger to 2024-05-02 04:00:00+00:00, run_after=2024-05-02 08:00:00+00:00
[2024-05-02T10:21:10.286+0000] {processor.py:183} INFO - Processing /home/airflow/.local/lib/python3.12/site-packages/airflow/example_dags/example_latest_only_with_trigger.py took 0.049 seconds
[2024-05-02T10:21:41.031+0000] {processor.py:161} INFO - Started process (PID=249) to work on /home/airflow/.local/lib/python3.12/site-packages/airflow/example_dags/example_latest_only_with_trigger.py
[2024-05-02T10:21:41.032+0000] {processor.py:830} INFO - Processing file /home/airflow/.local/lib/python3.12/site-packages/airflow/example_dags/example_latest_only_with_trigger.py for tasks to queue
[2024-05-02T10:21:41.033+0000] {logging_mixin.py:188} INFO - [2024-05-02T10:21:41.033+0000] {dagbag.py:540} INFO - Filling up the DagBag from /home/airflow/.local/lib/python3.12/site-packages/airflow/example_dags/example_latest_only_with_trigger.py
[2024-05-02T10:21:41.039+0000] {processor.py:840} INFO - DAG(s) 'latest_only_with_trigger' retrieved from /home/airflow/.local/lib/python3.12/site-packages/airflow/example_dags/example_latest_only_with_trigger.py
[2024-05-02T10:21:41.052+0000] {logging_mixin.py:188} INFO - [2024-05-02T10:21:41.052+0000] {dag.py:3096} INFO - Sync 1 DAGs
[2024-05-02T10:21:41.065+0000] {logging_mixin.py:188} INFO - [2024-05-02T10:21:41.065+0000] {dag.py:3954} INFO - Setting next_dagrun for latest_only_with_trigger to 2024-05-02 04:00:00+00:00, run_after=2024-05-02 08:00:00+00:00
[2024-05-02T10:21:41.077+0000] {processor.py:183} INFO - Processing /home/airflow/.local/lib/python3.12/site-packages/airflow/example_dags/example_latest_only_with_trigger.py took 0.053 seconds
[2024-05-02T10:22:11.473+0000] {processor.py:161} INFO - Started process (PID=307) to work on /home/airflow/.local/lib/python3.12/site-packages/airflow/example_dags/example_latest_only_with_trigger.py
[2024-05-02T10:22:11.474+0000] {processor.py:830} INFO - Processing file /home/airflow/.local/lib/python3.12/site-packages/airflow/example_dags/example_latest_only_with_trigger.py for tasks to queue
[2024-05-02T10:22:11.475+0000] {logging_mixin.py:188} INFO - [2024-05-02T10:22:11.475+0000] {dagbag.py:540} INFO - Filling up the DagBag from /home/airflow/.local/lib/python3.12/site-packages/airflow/example_dags/example_latest_only_with_trigger.py
[2024-05-02T10:22:11.480+0000] {processor.py:840} INFO - DAG(s) 'latest_only_with_trigger' retrieved from /home/airflow/.local/lib/python3.12/site-packages/airflow/example_dags/example_latest_only_with_trigger.py
[2024-05-02T10:22:11.493+0000] {logging_mixin.py:188} INFO - [2024-05-02T10:22:11.493+0000] {dag.py:3096} INFO - Sync 1 DAGs
[2024-05-02T10:22:11.506+0000] {logging_mixin.py:188} INFO - [2024-05-02T10:22:11.505+0000] {dag.py:3954} INFO - Setting next_dagrun for latest_only_with_trigger to 2024-05-02 04:00:00+00:00, run_after=2024-05-02 08:00:00+00:00
[2024-05-02T10:22:11.517+0000] {processor.py:183} INFO - Processing /home/airflow/.local/lib/python3.12/site-packages/airflow/example_dags/example_latest_only_with_trigger.py took 0.051 seconds
[2024-05-02T10:22:42.324+0000] {processor.py:161} INFO - Started process (PID=365) to work on /home/airflow/.local/lib/python3.12/site-packages/airflow/example_dags/example_latest_only_with_trigger.py
[2024-05-02T10:22:42.324+0000] {processor.py:830} INFO - Processing file /home/airflow/.local/lib/python3.12/site-packages/airflow/example_dags/example_latest_only_with_trigger.py for tasks to queue
[2024-05-02T10:22:42.325+0000] {logging_mixin.py:188} INFO - [2024-05-02T10:22:42.325+0000] {dagbag.py:540} INFO - Filling up the DagBag from /home/airflow/.local/lib/python3.12/site-packages/airflow/example_dags/example_latest_only_with_trigger.py
[2024-05-02T10:22:42.328+0000] {processor.py:840} INFO - DAG(s) 'latest_only_with_trigger' retrieved from /home/airflow/.local/lib/python3.12/site-packages/airflow/example_dags/example_latest_only_with_trigger.py
[2024-05-02T10:22:42.340+0000] {logging_mixin.py:188} INFO - [2024-05-02T10:22:42.340+0000] {dag.py:3096} INFO - Sync 1 DAGs
[2024-05-02T10:22:42.356+0000] {logging_mixin.py:188} INFO - [2024-05-02T10:22:42.356+0000] {dag.py:3954} INFO - Setting next_dagrun for latest_only_with_trigger to 2024-05-02 04:00:00+00:00, run_after=2024-05-02 08:00:00+00:00
[2024-05-02T10:22:42.369+0000] {processor.py:183} INFO - Processing /home/airflow/.local/lib/python3.12/site-packages/airflow/example_dags/example_latest_only_with_trigger.py took 0.048 seconds
[2024-05-02T10:23:12.608+0000] {processor.py:161} INFO - Started process (PID=423) to work on /home/airflow/.local/lib/python3.12/site-packages/airflow/example_dags/example_latest_only_with_trigger.py
[2024-05-02T10:23:12.609+0000] {processor.py:830} INFO - Processing file /home/airflow/.local/lib/python3.12/site-packages/airflow/example_dags/example_latest_only_with_trigger.py for tasks to queue
[2024-05-02T10:23:12.610+0000] {logging_mixin.py:188} INFO - [2024-05-02T10:23:12.609+0000] {dagbag.py:540} INFO - Filling up the DagBag from /home/airflow/.local/lib/python3.12/site-packages/airflow/example_dags/example_latest_only_with_trigger.py
[2024-05-02T10:23:12.613+0000] {processor.py:840} INFO - DAG(s) 'latest_only_with_trigger' retrieved from /home/airflow/.local/lib/python3.12/site-packages/airflow/example_dags/example_latest_only_with_trigger.py
[2024-05-02T10:23:12.625+0000] {logging_mixin.py:188} INFO - [2024-05-02T10:23:12.624+0000] {dag.py:3096} INFO - Sync 1 DAGs
[2024-05-02T10:23:12.637+0000] {logging_mixin.py:188} INFO - [2024-05-02T10:23:12.637+0000] {dag.py:3954} INFO - Setting next_dagrun for latest_only_with_trigger to 2024-05-02 04:00:00+00:00, run_after=2024-05-02 08:00:00+00:00
[2024-05-02T10:23:12.649+0000] {processor.py:183} INFO - Processing /home/airflow/.local/lib/python3.12/site-packages/airflow/example_dags/example_latest_only_with_trigger.py took 0.044 seconds
[2024-05-02T10:23:43.856+0000] {processor.py:161} INFO - Started process (PID=481) to work on /home/airflow/.local/lib/python3.12/site-packages/airflow/example_dags/example_latest_only_with_trigger.py
[2024-05-02T10:23:43.857+0000] {processor.py:830} INFO - Processing file /home/airflow/.local/lib/python3.12/site-packages/airflow/example_dags/example_latest_only_with_trigger.py for tasks to queue
[2024-05-02T10:23:43.858+0000] {logging_mixin.py:188} INFO - [2024-05-02T10:23:43.858+0000] {dagbag.py:540} INFO - Filling up the DagBag from /home/airflow/.local/lib/python3.12/site-packages/airflow/example_dags/example_latest_only_with_trigger.py
[2024-05-02T10:23:43.861+0000] {processor.py:840} INFO - DAG(s) 'latest_only_with_trigger' retrieved from /home/airflow/.local/lib/python3.12/site-packages/airflow/example_dags/example_latest_only_with_trigger.py
[2024-05-02T10:23:43.873+0000] {logging_mixin.py:188} INFO - [2024-05-02T10:23:43.873+0000] {dag.py:3096} INFO - Sync 1 DAGs
[2024-05-02T10:23:43.886+0000] {logging_mixin.py:188} INFO - [2024-05-02T10:23:43.886+0000] {dag.py:3954} INFO - Setting next_dagrun for latest_only_with_trigger to 2024-05-02 04:00:00+00:00, run_after=2024-05-02 08:00:00+00:00
[2024-05-02T10:23:43.897+0000] {processor.py:183} INFO - Processing /home/airflow/.local/lib/python3.12/site-packages/airflow/example_dags/example_latest_only_with_trigger.py took 0.045 seconds
[2024-05-02T10:24:15.247+0000] {processor.py:161} INFO - Started process (PID=539) to work on /home/airflow/.local/lib/python3.12/site-packages/airflow/example_dags/example_latest_only_with_trigger.py
[2024-05-02T10:24:15.248+0000] {processor.py:830} INFO - Processing file /home/airflow/.local/lib/python3.12/site-packages/airflow/example_dags/example_latest_only_with_trigger.py for tasks to queue
[2024-05-02T10:24:15.251+0000] {logging_mixin.py:188} INFO - [2024-05-02T10:24:15.250+0000] {dagbag.py:540} INFO - Filling up the DagBag from /home/airflow/.local/lib/python3.12/site-packages/airflow/example_dags/example_latest_only_with_trigger.py
[2024-05-02T10:24:15.259+0000] {processor.py:840} INFO - DAG(s) 'latest_only_with_trigger' retrieved from /home/airflow/.local/lib/python3.12/site-packages/airflow/example_dags/example_latest_only_with_trigger.py
[2024-05-02T10:24:15.279+0000] {logging_mixin.py:188} INFO - [2024-05-02T10:24:15.279+0000] {dag.py:3096} INFO - Sync 1 DAGs
[2024-05-02T10:24:15.296+0000] {logging_mixin.py:188} INFO - [2024-05-02T10:24:15.296+0000] {dag.py:3954} INFO - Setting next_dagrun for latest_only_with_trigger to 2024-05-02 04:00:00+00:00, run_after=2024-05-02 08:00:00+00:00
[2024-05-02T10:24:15.311+0000] {processor.py:183} INFO - Processing /home/airflow/.local/lib/python3.12/site-packages/airflow/example_dags/example_latest_only_with_trigger.py took 0.077 seconds
[2024-05-02T10:24:46.122+0000] {processor.py:161} INFO - Started process (PID=597) to work on /home/airflow/.local/lib/python3.12/site-packages/airflow/example_dags/example_latest_only_with_trigger.py
[2024-05-02T10:24:46.123+0000] {processor.py:830} INFO - Processing file /home/airflow/.local/lib/python3.12/site-packages/airflow/example_dags/example_latest_only_with_trigger.py for tasks to queue
[2024-05-02T10:24:46.124+0000] {logging_mixin.py:188} INFO - [2024-05-02T10:24:46.123+0000] {dagbag.py:540} INFO - Filling up the DagBag from /home/airflow/.local/lib/python3.12/site-packages/airflow/example_dags/example_latest_only_with_trigger.py
[2024-05-02T10:24:46.128+0000] {processor.py:840} INFO - DAG(s) 'latest_only_with_trigger' retrieved from /home/airflow/.local/lib/python3.12/site-packages/airflow/example_dags/example_latest_only_with_trigger.py
[2024-05-02T10:24:46.144+0000] {logging_mixin.py:188} INFO - [2024-05-02T10:24:46.144+0000] {dag.py:3096} INFO - Sync 1 DAGs
[2024-05-02T10:24:46.165+0000] {logging_mixin.py:188} INFO - [2024-05-02T10:24:46.165+0000] {dag.py:3954} INFO - Setting next_dagrun for latest_only_with_trigger to 2024-05-02 04:00:00+00:00, run_after=2024-05-02 08:00:00+00:00
[2024-05-02T10:24:46.178+0000] {processor.py:183} INFO - Processing /home/airflow/.local/lib/python3.12/site-packages/airflow/example_dags/example_latest_only_with_trigger.py took 0.061 seconds
[2024-05-02T10:25:17.759+0000] {processor.py:161} INFO - Started process (PID=656) to work on /home/airflow/.local/lib/python3.12/site-packages/airflow/example_dags/example_latest_only_with_trigger.py
[2024-05-02T10:25:17.759+0000] {processor.py:830} INFO - Processing file /home/airflow/.local/lib/python3.12/site-packages/airflow/example_dags/example_latest_only_with_trigger.py for tasks to queue
[2024-05-02T10:25:17.801+0000] {logging_mixin.py:188} INFO - [2024-05-02T10:25:17.801+0000] {dagbag.py:540} INFO - Filling up the DagBag from /home/airflow/.local/lib/python3.12/site-packages/airflow/example_dags/example_latest_only_with_trigger.py
[2024-05-02T10:25:17.805+0000] {processor.py:840} INFO - DAG(s) 'latest_only_with_trigger' retrieved from /home/airflow/.local/lib/python3.12/site-packages/airflow/example_dags/example_latest_only_with_trigger.py
[2024-05-02T10:25:17.819+0000] {logging_mixin.py:188} INFO - [2024-05-02T10:25:17.819+0000] {dag.py:3096} INFO - Sync 1 DAGs
[2024-05-02T10:25:17.835+0000] {logging_mixin.py:188} INFO - [2024-05-02T10:25:17.835+0000] {dag.py:3954} INFO - Setting next_dagrun for latest_only_with_trigger to 2024-05-02 04:00:00+00:00, run_after=2024-05-02 08:00:00+00:00
[2024-05-02T10:25:17.976+0000] {processor.py:183} INFO - Processing /home/airflow/.local/lib/python3.12/site-packages/airflow/example_dags/example_latest_only_with_trigger.py took 0.223 seconds
[2024-05-02T10:25:48.469+0000] {processor.py:161} INFO - Started process (PID=716) to work on /home/airflow/.local/lib/python3.12/site-packages/airflow/example_dags/example_latest_only_with_trigger.py
[2024-05-02T10:25:48.469+0000] {processor.py:830} INFO - Processing file /home/airflow/.local/lib/python3.12/site-packages/airflow/example_dags/example_latest_only_with_trigger.py for tasks to queue
[2024-05-02T10:25:48.470+0000] {logging_mixin.py:188} INFO - [2024-05-02T10:25:48.470+0000] {dagbag.py:540} INFO - Filling up the DagBag from /home/airflow/.local/lib/python3.12/site-packages/airflow/example_dags/example_latest_only_with_trigger.py
[2024-05-02T10:25:48.473+0000] {processor.py:840} INFO - DAG(s) 'latest_only_with_trigger' retrieved from /home/airflow/.local/lib/python3.12/site-packages/airflow/example_dags/example_latest_only_with_trigger.py
[2024-05-02T10:25:48.486+0000] {logging_mixin.py:188} INFO - [2024-05-02T10:25:48.486+0000] {dag.py:3096} INFO - Sync 1 DAGs
[2024-05-02T10:25:48.500+0000] {logging_mixin.py:188} INFO - [2024-05-02T10:25:48.500+0000] {dag.py:3954} INFO - Setting next_dagrun for latest_only_with_trigger to 2024-05-02 04:00:00+00:00, run_after=2024-05-02 08:00:00+00:00
[2024-05-02T10:25:48.511+0000] {processor.py:183} INFO - Processing /home/airflow/.local/lib/python3.12/site-packages/airflow/example_dags/example_latest_only_with_trigger.py took 0.047 seconds
[2024-05-02T10:26:19.316+0000] {processor.py:161} INFO - Started process (PID=775) to work on /home/airflow/.local/lib/python3.12/site-packages/airflow/example_dags/example_latest_only_with_trigger.py
[2024-05-02T10:26:19.316+0000] {processor.py:830} INFO - Processing file /home/airflow/.local/lib/python3.12/site-packages/airflow/example_dags/example_latest_only_with_trigger.py for tasks to queue
[2024-05-02T10:26:19.318+0000] {logging_mixin.py:188} INFO - [2024-05-02T10:26:19.317+0000] {dagbag.py:540} INFO - Filling up the DagBag from /home/airflow/.local/lib/python3.12/site-packages/airflow/example_dags/example_latest_only_with_trigger.py
[2024-05-02T10:26:19.322+0000] {processor.py:840} INFO - DAG(s) 'latest_only_with_trigger' retrieved from /home/airflow/.local/lib/python3.12/site-packages/airflow/example_dags/example_latest_only_with_trigger.py
[2024-05-02T10:26:19.335+0000] {logging_mixin.py:188} INFO - [2024-05-02T10:26:19.334+0000] {dag.py:3096} INFO - Sync 1 DAGs
[2024-05-02T10:26:19.348+0000] {logging_mixin.py:188} INFO - [2024-05-02T10:26:19.348+0000] {dag.py:3954} INFO - Setting next_dagrun for latest_only_with_trigger to 2024-05-02 04:00:00+00:00, run_after=2024-05-02 08:00:00+00:00
[2024-05-02T10:26:19.360+0000] {processor.py:183} INFO - Processing /home/airflow/.local/lib/python3.12/site-packages/airflow/example_dags/example_latest_only_with_trigger.py took 0.048 seconds
[2024-05-02T10:26:50.478+0000] {processor.py:161} INFO - Started process (PID=840) to work on /home/airflow/.local/lib/python3.12/site-packages/airflow/example_dags/example_latest_only_with_trigger.py
[2024-05-02T10:26:50.478+0000] {processor.py:830} INFO - Processing file /home/airflow/.local/lib/python3.12/site-packages/airflow/example_dags/example_latest_only_with_trigger.py for tasks to queue
[2024-05-02T10:26:50.479+0000] {logging_mixin.py:188} INFO - [2024-05-02T10:26:50.479+0000] {dagbag.py:540} INFO - Filling up the DagBag from /home/airflow/.local/lib/python3.12/site-packages/airflow/example_dags/example_latest_only_with_trigger.py
[2024-05-02T10:26:50.482+0000] {processor.py:840} INFO - DAG(s) 'latest_only_with_trigger' retrieved from /home/airflow/.local/lib/python3.12/site-packages/airflow/example_dags/example_latest_only_with_trigger.py
[2024-05-02T10:26:50.494+0000] {logging_mixin.py:188} INFO - [2024-05-02T10:26:50.494+0000] {dag.py:3096} INFO - Sync 1 DAGs
[2024-05-02T10:26:50.534+0000] {logging_mixin.py:188} INFO - [2024-05-02T10:26:50.534+0000] {dag.py:3954} INFO - Setting next_dagrun for latest_only_with_trigger to 2024-05-02 04:00:00+00:00, run_after=2024-05-02 08:00:00+00:00
[2024-05-02T10:26:50.545+0000] {processor.py:183} INFO - Processing /home/airflow/.local/lib/python3.12/site-packages/airflow/example_dags/example_latest_only_with_trigger.py took 0.072 seconds
[2024-05-02T10:27:21.601+0000] {processor.py:161} INFO - Started process (PID=899) to work on /home/airflow/.local/lib/python3.12/site-packages/airflow/example_dags/example_latest_only_with_trigger.py
[2024-05-02T10:27:21.601+0000] {processor.py:830} INFO - Processing file /home/airflow/.local/lib/python3.12/site-packages/airflow/example_dags/example_latest_only_with_trigger.py for tasks to queue
[2024-05-02T10:27:21.623+0000] {logging_mixin.py:188} INFO - [2024-05-02T10:27:21.622+0000] {dagbag.py:540} INFO - Filling up the DagBag from /home/airflow/.local/lib/python3.12/site-packages/airflow/example_dags/example_latest_only_with_trigger.py
[2024-05-02T10:27:21.648+0000] {processor.py:840} INFO - DAG(s) 'latest_only_with_trigger' retrieved from /home/airflow/.local/lib/python3.12/site-packages/airflow/example_dags/example_latest_only_with_trigger.py
[2024-05-02T10:27:21.677+0000] {logging_mixin.py:188} INFO - [2024-05-02T10:27:21.677+0000] {dag.py:3096} INFO - Sync 1 DAGs
[2024-05-02T10:27:21.692+0000] {logging_mixin.py:188} INFO - [2024-05-02T10:27:21.692+0000] {dag.py:3954} INFO - Setting next_dagrun for latest_only_with_trigger to 2024-05-02 04:00:00+00:00, run_after=2024-05-02 08:00:00+00:00
[2024-05-02T10:27:21.722+0000] {processor.py:183} INFO - Processing /home/airflow/.local/lib/python3.12/site-packages/airflow/example_dags/example_latest_only_with_trigger.py took 0.130 seconds
[2024-05-02T10:27:52.440+0000] {processor.py:161} INFO - Started process (PID=958) to work on /home/airflow/.local/lib/python3.12/site-packages/airflow/example_dags/example_latest_only_with_trigger.py
[2024-05-02T10:27:52.440+0000] {processor.py:830} INFO - Processing file /home/airflow/.local/lib/python3.12/site-packages/airflow/example_dags/example_latest_only_with_trigger.py for tasks to queue
[2024-05-02T10:27:52.441+0000] {logging_mixin.py:188} INFO - [2024-05-02T10:27:52.441+0000] {dagbag.py:540} INFO - Filling up the DagBag from /home/airflow/.local/lib/python3.12/site-packages/airflow/example_dags/example_latest_only_with_trigger.py
[2024-05-02T10:27:52.445+0000] {processor.py:840} INFO - DAG(s) 'latest_only_with_trigger' retrieved from /home/airflow/.local/lib/python3.12/site-packages/airflow/example_dags/example_latest_only_with_trigger.py
[2024-05-02T10:27:52.457+0000] {logging_mixin.py:188} INFO - [2024-05-02T10:27:52.457+0000] {dag.py:3096} INFO - Sync 1 DAGs
[2024-05-02T10:27:52.472+0000] {logging_mixin.py:188} INFO - [2024-05-02T10:27:52.472+0000] {dag.py:3954} INFO - Setting next_dagrun for latest_only_with_trigger to 2024-05-02 04:00:00+00:00, run_after=2024-05-02 08:00:00+00:00
[2024-05-02T10:27:52.590+0000] {processor.py:183} INFO - Processing /home/airflow/.local/lib/python3.12/site-packages/airflow/example_dags/example_latest_only_with_trigger.py took 0.154 seconds
[2024-05-02T10:28:23.136+0000] {processor.py:161} INFO - Started process (PID=1017) to work on /home/airflow/.local/lib/python3.12/site-packages/airflow/example_dags/example_latest_only_with_trigger.py
[2024-05-02T10:28:23.136+0000] {processor.py:830} INFO - Processing file /home/airflow/.local/lib/python3.12/site-packages/airflow/example_dags/example_latest_only_with_trigger.py for tasks to queue
[2024-05-02T10:28:23.138+0000] {logging_mixin.py:188} INFO - [2024-05-02T10:28:23.137+0000] {dagbag.py:540} INFO - Filling up the DagBag from /home/airflow/.local/lib/python3.12/site-packages/airflow/example_dags/example_latest_only_with_trigger.py
[2024-05-02T10:28:23.141+0000] {processor.py:840} INFO - DAG(s) 'latest_only_with_trigger' retrieved from /home/airflow/.local/lib/python3.12/site-packages/airflow/example_dags/example_latest_only_with_trigger.py
[2024-05-02T10:28:23.154+0000] {logging_mixin.py:188} INFO - [2024-05-02T10:28:23.154+0000] {dag.py:3096} INFO - Sync 1 DAGs
[2024-05-02T10:28:23.187+0000] {logging_mixin.py:188} INFO - [2024-05-02T10:28:23.187+0000] {dag.py:3954} INFO - Setting next_dagrun for latest_only_with_trigger to 2024-05-02 04:00:00+00:00, run_after=2024-05-02 08:00:00+00:00
[2024-05-02T10:28:23.199+0000] {processor.py:183} INFO - Processing /home/airflow/.local/lib/python3.12/site-packages/airflow/example_dags/example_latest_only_with_trigger.py took 0.066 seconds
[2024-05-02T10:28:54.386+0000] {processor.py:161} INFO - Started process (PID=1076) to work on /home/airflow/.local/lib/python3.12/site-packages/airflow/example_dags/example_latest_only_with_trigger.py
[2024-05-02T10:28:54.387+0000] {processor.py:830} INFO - Processing file /home/airflow/.local/lib/python3.12/site-packages/airflow/example_dags/example_latest_only_with_trigger.py for tasks to queue
[2024-05-02T10:28:54.388+0000] {logging_mixin.py:188} INFO - [2024-05-02T10:28:54.388+0000] {dagbag.py:540} INFO - Filling up the DagBag from /home/airflow/.local/lib/python3.12/site-packages/airflow/example_dags/example_latest_only_with_trigger.py
[2024-05-02T10:28:54.391+0000] {processor.py:840} INFO - DAG(s) 'latest_only_with_trigger' retrieved from /home/airflow/.local/lib/python3.12/site-packages/airflow/example_dags/example_latest_only_with_trigger.py
[2024-05-02T10:28:54.430+0000] {logging_mixin.py:188} INFO - [2024-05-02T10:28:54.429+0000] {dag.py:3096} INFO - Sync 1 DAGs
[2024-05-02T10:28:54.445+0000] {logging_mixin.py:188} INFO - [2024-05-02T10:28:54.445+0000] {dag.py:3954} INFO - Setting next_dagrun for latest_only_with_trigger to 2024-05-02 04:00:00+00:00, run_after=2024-05-02 08:00:00+00:00
[2024-05-02T10:28:54.477+0000] {processor.py:183} INFO - Processing /home/airflow/.local/lib/python3.12/site-packages/airflow/example_dags/example_latest_only_with_trigger.py took 0.094 seconds
[2024-05-02T10:29:24.540+0000] {processor.py:161} INFO - Started process (PID=1135) to work on /home/airflow/.local/lib/python3.12/site-packages/airflow/example_dags/example_latest_only_with_trigger.py
[2024-05-02T10:29:24.540+0000] {processor.py:830} INFO - Processing file /home/airflow/.local/lib/python3.12/site-packages/airflow/example_dags/example_latest_only_with_trigger.py for tasks to queue
[2024-05-02T10:29:24.541+0000] {logging_mixin.py:188} INFO - [2024-05-02T10:29:24.541+0000] {dagbag.py:540} INFO - Filling up the DagBag from /home/airflow/.local/lib/python3.12/site-packages/airflow/example_dags/example_latest_only_with_trigger.py
[2024-05-02T10:29:24.545+0000] {processor.py:840} INFO - DAG(s) 'latest_only_with_trigger' retrieved from /home/airflow/.local/lib/python3.12/site-packages/airflow/example_dags/example_latest_only_with_trigger.py
[2024-05-02T10:29:24.558+0000] {logging_mixin.py:188} INFO - [2024-05-02T10:29:24.558+0000] {dag.py:3096} INFO - Sync 1 DAGs
[2024-05-02T10:29:24.588+0000] {logging_mixin.py:188} INFO - [2024-05-02T10:29:24.588+0000] {dag.py:3954} INFO - Setting next_dagrun for latest_only_with_trigger to 2024-05-02 04:00:00+00:00, run_after=2024-05-02 08:00:00+00:00
[2024-05-02T10:29:24.598+0000] {processor.py:183} INFO - Processing /home/airflow/.local/lib/python3.12/site-packages/airflow/example_dags/example_latest_only_with_trigger.py took 0.063 seconds
[2024-05-02T10:29:55.085+0000] {processor.py:161} INFO - Started process (PID=1194) to work on /home/airflow/.local/lib/python3.12/site-packages/airflow/example_dags/example_latest_only_with_trigger.py
[2024-05-02T10:29:55.086+0000] {processor.py:830} INFO - Processing file /home/airflow/.local/lib/python3.12/site-packages/airflow/example_dags/example_latest_only_with_trigger.py for tasks to queue
[2024-05-02T10:29:55.087+0000] {logging_mixin.py:188} INFO - [2024-05-02T10:29:55.086+0000] {dagbag.py:540} INFO - Filling up the DagBag from /home/airflow/.local/lib/python3.12/site-packages/airflow/example_dags/example_latest_only_with_trigger.py
[2024-05-02T10:29:55.090+0000] {processor.py:840} INFO - DAG(s) 'latest_only_with_trigger' retrieved from /home/airflow/.local/lib/python3.12/site-packages/airflow/example_dags/example_latest_only_with_trigger.py
[2024-05-02T10:29:55.104+0000] {logging_mixin.py:188} INFO - [2024-05-02T10:29:55.104+0000] {dag.py:3096} INFO - Sync 1 DAGs
[2024-05-02T10:29:55.137+0000] {logging_mixin.py:188} INFO - [2024-05-02T10:29:55.137+0000] {dag.py:3954} INFO - Setting next_dagrun for latest_only_with_trigger to 2024-05-02 04:00:00+00:00, run_after=2024-05-02 08:00:00+00:00
[2024-05-02T10:29:55.149+0000] {processor.py:183} INFO - Processing /home/airflow/.local/lib/python3.12/site-packages/airflow/example_dags/example_latest_only_with_trigger.py took 0.068 seconds
[2024-05-02T10:30:25.522+0000] {processor.py:161} INFO - Started process (PID=1253) to work on /home/airflow/.local/lib/python3.12/site-packages/airflow/example_dags/example_latest_only_with_trigger.py
[2024-05-02T10:30:25.522+0000] {processor.py:830} INFO - Processing file /home/airflow/.local/lib/python3.12/site-packages/airflow/example_dags/example_latest_only_with_trigger.py for tasks to queue
[2024-05-02T10:30:25.523+0000] {logging_mixin.py:188} INFO - [2024-05-02T10:30:25.523+0000] {dagbag.py:540} INFO - Filling up the DagBag from /home/airflow/.local/lib/python3.12/site-packages/airflow/example_dags/example_latest_only_with_trigger.py
[2024-05-02T10:30:25.526+0000] {processor.py:840} INFO - DAG(s) 'latest_only_with_trigger' retrieved from /home/airflow/.local/lib/python3.12/site-packages/airflow/example_dags/example_latest_only_with_trigger.py
[2024-05-02T10:30:25.539+0000] {logging_mixin.py:188} INFO - [2024-05-02T10:30:25.539+0000] {dag.py:3096} INFO - Sync 1 DAGs
[2024-05-02T10:30:25.555+0000] {logging_mixin.py:188} INFO - [2024-05-02T10:30:25.555+0000] {dag.py:3954} INFO - Setting next_dagrun for latest_only_with_trigger to 2024-05-02 04:00:00+00:00, run_after=2024-05-02 08:00:00+00:00
[2024-05-02T10:30:25.568+0000] {processor.py:183} INFO - Processing /home/airflow/.local/lib/python3.12/site-packages/airflow/example_dags/example_latest_only_with_trigger.py took 0.050 seconds
[2024-05-02T10:30:56.518+0000] {processor.py:161} INFO - Started process (PID=1312) to work on /home/airflow/.local/lib/python3.12/site-packages/airflow/example_dags/example_latest_only_with_trigger.py
[2024-05-02T10:30:56.518+0000] {processor.py:830} INFO - Processing file /home/airflow/.local/lib/python3.12/site-packages/airflow/example_dags/example_latest_only_with_trigger.py for tasks to queue
[2024-05-02T10:30:56.545+0000] {logging_mixin.py:188} INFO - [2024-05-02T10:30:56.544+0000] {dagbag.py:540} INFO - Filling up the DagBag from /home/airflow/.local/lib/python3.12/site-packages/airflow/example_dags/example_latest_only_with_trigger.py
[2024-05-02T10:30:56.548+0000] {processor.py:840} INFO - DAG(s) 'latest_only_with_trigger' retrieved from /home/airflow/.local/lib/python3.12/site-packages/airflow/example_dags/example_latest_only_with_trigger.py
[2024-05-02T10:30:56.561+0000] {logging_mixin.py:188} INFO - [2024-05-02T10:30:56.561+0000] {dag.py:3096} INFO - Sync 1 DAGs
[2024-05-02T10:30:56.574+0000] {logging_mixin.py:188} INFO - [2024-05-02T10:30:56.574+0000] {dag.py:3954} INFO - Setting next_dagrun for latest_only_with_trigger to 2024-05-02 04:00:00+00:00, run_after=2024-05-02 08:00:00+00:00
[2024-05-02T10:30:56.607+0000] {processor.py:183} INFO - Processing /home/airflow/.local/lib/python3.12/site-packages/airflow/example_dags/example_latest_only_with_trigger.py took 0.093 seconds
[2024-05-02T10:31:27.693+0000] {processor.py:161} INFO - Started process (PID=1372) to work on /home/airflow/.local/lib/python3.12/site-packages/airflow/example_dags/example_latest_only_with_trigger.py
[2024-05-02T10:31:27.693+0000] {processor.py:830} INFO - Processing file /home/airflow/.local/lib/python3.12/site-packages/airflow/example_dags/example_latest_only_with_trigger.py for tasks to queue
[2024-05-02T10:31:27.694+0000] {logging_mixin.py:188} INFO - [2024-05-02T10:31:27.694+0000] {dagbag.py:540} INFO - Filling up the DagBag from /home/airflow/.local/lib/python3.12/site-packages/airflow/example_dags/example_latest_only_with_trigger.py
[2024-05-02T10:31:27.697+0000] {processor.py:840} INFO - DAG(s) 'latest_only_with_trigger' retrieved from /home/airflow/.local/lib/python3.12/site-packages/airflow/example_dags/example_latest_only_with_trigger.py
[2024-05-02T10:31:27.710+0000] {logging_mixin.py:188} INFO - [2024-05-02T10:31:27.710+0000] {dag.py:3096} INFO - Sync 1 DAGs
[2024-05-02T10:31:27.743+0000] {logging_mixin.py:188} INFO - [2024-05-02T10:31:27.743+0000] {dag.py:3954} INFO - Setting next_dagrun for latest_only_with_trigger to 2024-05-02 04:00:00+00:00, run_after=2024-05-02 08:00:00+00:00
[2024-05-02T10:31:27.755+0000] {processor.py:183} INFO - Processing /home/airflow/.local/lib/python3.12/site-packages/airflow/example_dags/example_latest_only_with_trigger.py took 0.066 seconds
[2024-05-02T10:31:58.334+0000] {processor.py:161} INFO - Started process (PID=1431) to work on /home/airflow/.local/lib/python3.12/site-packages/airflow/example_dags/example_latest_only_with_trigger.py
[2024-05-02T10:31:58.335+0000] {processor.py:830} INFO - Processing file /home/airflow/.local/lib/python3.12/site-packages/airflow/example_dags/example_latest_only_with_trigger.py for tasks to queue
[2024-05-02T10:31:58.336+0000] {logging_mixin.py:188} INFO - [2024-05-02T10:31:58.336+0000] {dagbag.py:540} INFO - Filling up the DagBag from /home/airflow/.local/lib/python3.12/site-packages/airflow/example_dags/example_latest_only_with_trigger.py
[2024-05-02T10:31:58.341+0000] {processor.py:840} INFO - DAG(s) 'latest_only_with_trigger' retrieved from /home/airflow/.local/lib/python3.12/site-packages/airflow/example_dags/example_latest_only_with_trigger.py
[2024-05-02T10:31:58.359+0000] {logging_mixin.py:188} INFO - [2024-05-02T10:31:58.359+0000] {dag.py:3096} INFO - Sync 1 DAGs
[2024-05-02T10:31:58.380+0000] {logging_mixin.py:188} INFO - [2024-05-02T10:31:58.380+0000] {dag.py:3954} INFO - Setting next_dagrun for latest_only_with_trigger to 2024-05-02 04:00:00+00:00, run_after=2024-05-02 08:00:00+00:00
[2024-05-02T10:31:58.394+0000] {processor.py:183} INFO - Processing /home/airflow/.local/lib/python3.12/site-packages/airflow/example_dags/example_latest_only_with_trigger.py took 0.063 seconds
[2024-05-02T10:32:29.345+0000] {processor.py:161} INFO - Started process (PID=1489) to work on /home/airflow/.local/lib/python3.12/site-packages/airflow/example_dags/example_latest_only_with_trigger.py
[2024-05-02T10:32:29.345+0000] {processor.py:830} INFO - Processing file /home/airflow/.local/lib/python3.12/site-packages/airflow/example_dags/example_latest_only_with_trigger.py for tasks to queue
[2024-05-02T10:32:29.381+0000] {logging_mixin.py:188} INFO - [2024-05-02T10:32:29.381+0000] {dagbag.py:540} INFO - Filling up the DagBag from /home/airflow/.local/lib/python3.12/site-packages/airflow/example_dags/example_latest_only_with_trigger.py
[2024-05-02T10:32:29.384+0000] {processor.py:840} INFO - DAG(s) 'latest_only_with_trigger' retrieved from /home/airflow/.local/lib/python3.12/site-packages/airflow/example_dags/example_latest_only_with_trigger.py
[2024-05-02T10:32:29.397+0000] {logging_mixin.py:188} INFO - [2024-05-02T10:32:29.397+0000] {dag.py:3096} INFO - Sync 1 DAGs
[2024-05-02T10:32:29.411+0000] {logging_mixin.py:188} INFO - [2024-05-02T10:32:29.410+0000] {dag.py:3954} INFO - Setting next_dagrun for latest_only_with_trigger to 2024-05-02 04:00:00+00:00, run_after=2024-05-02 08:00:00+00:00
[2024-05-02T10:32:29.435+0000] {processor.py:183} INFO - Processing /home/airflow/.local/lib/python3.12/site-packages/airflow/example_dags/example_latest_only_with_trigger.py took 0.099 seconds
[2024-05-02T10:32:59.614+0000] {processor.py:161} INFO - Started process (PID=1548) to work on /home/airflow/.local/lib/python3.12/site-packages/airflow/example_dags/example_latest_only_with_trigger.py
[2024-05-02T10:32:59.615+0000] {processor.py:830} INFO - Processing file /home/airflow/.local/lib/python3.12/site-packages/airflow/example_dags/example_latest_only_with_trigger.py for tasks to queue
[2024-05-02T10:32:59.616+0000] {logging_mixin.py:188} INFO - [2024-05-02T10:32:59.616+0000] {dagbag.py:540} INFO - Filling up the DagBag from /home/airflow/.local/lib/python3.12/site-packages/airflow/example_dags/example_latest_only_with_trigger.py
[2024-05-02T10:32:59.619+0000] {processor.py:840} INFO - DAG(s) 'latest_only_with_trigger' retrieved from /home/airflow/.local/lib/python3.12/site-packages/airflow/example_dags/example_latest_only_with_trigger.py
[2024-05-02T10:32:59.633+0000] {logging_mixin.py:188} INFO - [2024-05-02T10:32:59.633+0000] {dag.py:3096} INFO - Sync 1 DAGs
[2024-05-02T10:32:59.647+0000] {logging_mixin.py:188} INFO - [2024-05-02T10:32:59.646+0000] {dag.py:3954} INFO - Setting next_dagrun for latest_only_with_trigger to 2024-05-02 04:00:00+00:00, run_after=2024-05-02 08:00:00+00:00
[2024-05-02T10:32:59.659+0000] {processor.py:183} INFO - Processing /home/airflow/.local/lib/python3.12/site-packages/airflow/example_dags/example_latest_only_with_trigger.py took 0.048 seconds
[2024-05-02T10:33:30.413+0000] {processor.py:161} INFO - Started process (PID=1607) to work on /home/airflow/.local/lib/python3.12/site-packages/airflow/example_dags/example_latest_only_with_trigger.py
[2024-05-02T10:33:30.413+0000] {processor.py:830} INFO - Processing file /home/airflow/.local/lib/python3.12/site-packages/airflow/example_dags/example_latest_only_with_trigger.py for tasks to queue
[2024-05-02T10:33:30.414+0000] {logging_mixin.py:188} INFO - [2024-05-02T10:33:30.414+0000] {dagbag.py:540} INFO - Filling up the DagBag from /home/airflow/.local/lib/python3.12/site-packages/airflow/example_dags/example_latest_only_with_trigger.py
[2024-05-02T10:33:30.418+0000] {processor.py:840} INFO - DAG(s) 'latest_only_with_trigger' retrieved from /home/airflow/.local/lib/python3.12/site-packages/airflow/example_dags/example_latest_only_with_trigger.py
[2024-05-02T10:33:30.430+0000] {logging_mixin.py:188} INFO - [2024-05-02T10:33:30.430+0000] {dag.py:3096} INFO - Sync 1 DAGs
[2024-05-02T10:33:30.470+0000] {logging_mixin.py:188} INFO - [2024-05-02T10:33:30.470+0000] {dag.py:3954} INFO - Setting next_dagrun for latest_only_with_trigger to 2024-05-02 04:00:00+00:00, run_after=2024-05-02 08:00:00+00:00
[2024-05-02T10:33:30.483+0000] {processor.py:183} INFO - Processing /home/airflow/.local/lib/python3.12/site-packages/airflow/example_dags/example_latest_only_with_trigger.py took 0.074 seconds
[2024-05-02T10:34:00.859+0000] {processor.py:161} INFO - Started process (PID=1666) to work on /home/airflow/.local/lib/python3.12/site-packages/airflow/example_dags/example_latest_only_with_trigger.py
[2024-05-02T10:34:00.859+0000] {processor.py:830} INFO - Processing file /home/airflow/.local/lib/python3.12/site-packages/airflow/example_dags/example_latest_only_with_trigger.py for tasks to queue
[2024-05-02T10:34:00.860+0000] {logging_mixin.py:188} INFO - [2024-05-02T10:34:00.860+0000] {dagbag.py:540} INFO - Filling up the DagBag from /home/airflow/.local/lib/python3.12/site-packages/airflow/example_dags/example_latest_only_with_trigger.py
[2024-05-02T10:34:00.863+0000] {processor.py:840} INFO - DAG(s) 'latest_only_with_trigger' retrieved from /home/airflow/.local/lib/python3.12/site-packages/airflow/example_dags/example_latest_only_with_trigger.py
[2024-05-02T10:34:00.878+0000] {logging_mixin.py:188} INFO - [2024-05-02T10:34:00.878+0000] {dag.py:3096} INFO - Sync 1 DAGs
[2024-05-02T10:34:00.903+0000] {logging_mixin.py:188} INFO - [2024-05-02T10:34:00.902+0000] {dag.py:3954} INFO - Setting next_dagrun for latest_only_with_trigger to 2024-05-02 04:00:00+00:00, run_after=2024-05-02 08:00:00+00:00
[2024-05-02T10:34:00.914+0000] {processor.py:183} INFO - Processing /home/airflow/.local/lib/python3.12/site-packages/airflow/example_dags/example_latest_only_with_trigger.py took 0.059 seconds
[2024-05-02T10:34:31.186+0000] {processor.py:161} INFO - Started process (PID=1725) to work on /home/airflow/.local/lib/python3.12/site-packages/airflow/example_dags/example_latest_only_with_trigger.py
[2024-05-02T10:34:31.187+0000] {processor.py:830} INFO - Processing file /home/airflow/.local/lib/python3.12/site-packages/airflow/example_dags/example_latest_only_with_trigger.py for tasks to queue
[2024-05-02T10:34:31.188+0000] {logging_mixin.py:188} INFO - [2024-05-02T10:34:31.188+0000] {dagbag.py:540} INFO - Filling up the DagBag from /home/airflow/.local/lib/python3.12/site-packages/airflow/example_dags/example_latest_only_with_trigger.py
[2024-05-02T10:34:31.191+0000] {processor.py:840} INFO - DAG(s) 'latest_only_with_trigger' retrieved from /home/airflow/.local/lib/python3.12/site-packages/airflow/example_dags/example_latest_only_with_trigger.py
[2024-05-02T10:34:31.204+0000] {logging_mixin.py:188} INFO - [2024-05-02T10:34:31.204+0000] {dag.py:3096} INFO - Sync 1 DAGs
[2024-05-02T10:34:31.234+0000] {logging_mixin.py:188} INFO - [2024-05-02T10:34:31.233+0000] {dag.py:3954} INFO - Setting next_dagrun for latest_only_with_trigger to 2024-05-02 04:00:00+00:00, run_after=2024-05-02 08:00:00+00:00
[2024-05-02T10:34:31.246+0000] {processor.py:183} INFO - Processing /home/airflow/.local/lib/python3.12/site-packages/airflow/example_dags/example_latest_only_with_trigger.py took 0.063 seconds
[2024-05-02T10:35:01.486+0000] {processor.py:161} INFO - Started process (PID=1784) to work on /home/airflow/.local/lib/python3.12/site-packages/airflow/example_dags/example_latest_only_with_trigger.py
[2024-05-02T10:35:01.487+0000] {processor.py:830} INFO - Processing file /home/airflow/.local/lib/python3.12/site-packages/airflow/example_dags/example_latest_only_with_trigger.py for tasks to queue
[2024-05-02T10:35:01.488+0000] {logging_mixin.py:188} INFO - [2024-05-02T10:35:01.488+0000] {dagbag.py:540} INFO - Filling up the DagBag from /home/airflow/.local/lib/python3.12/site-packages/airflow/example_dags/example_latest_only_with_trigger.py
[2024-05-02T10:35:01.491+0000] {processor.py:840} INFO - DAG(s) 'latest_only_with_trigger' retrieved from /home/airflow/.local/lib/python3.12/site-packages/airflow/example_dags/example_latest_only_with_trigger.py
[2024-05-02T10:35:01.504+0000] {logging_mixin.py:188} INFO - [2024-05-02T10:35:01.504+0000] {dag.py:3096} INFO - Sync 1 DAGs
[2024-05-02T10:35:01.541+0000] {logging_mixin.py:188} INFO - [2024-05-02T10:35:01.541+0000] {dag.py:3954} INFO - Setting next_dagrun for latest_only_with_trigger to 2024-05-02 04:00:00+00:00, run_after=2024-05-02 08:00:00+00:00
[2024-05-02T10:35:01.552+0000] {processor.py:183} INFO - Processing /home/airflow/.local/lib/python3.12/site-packages/airflow/example_dags/example_latest_only_with_trigger.py took 0.070 seconds
[2024-05-02T10:35:31.845+0000] {processor.py:161} INFO - Started process (PID=1843) to work on /home/airflow/.local/lib/python3.12/site-packages/airflow/example_dags/example_latest_only_with_trigger.py
[2024-05-02T10:35:31.846+0000] {processor.py:830} INFO - Processing file /home/airflow/.local/lib/python3.12/site-packages/airflow/example_dags/example_latest_only_with_trigger.py for tasks to queue
[2024-05-02T10:35:31.847+0000] {logging_mixin.py:188} INFO - [2024-05-02T10:35:31.847+0000] {dagbag.py:540} INFO - Filling up the DagBag from /home/airflow/.local/lib/python3.12/site-packages/airflow/example_dags/example_latest_only_with_trigger.py
[2024-05-02T10:35:31.850+0000] {processor.py:840} INFO - DAG(s) 'latest_only_with_trigger' retrieved from /home/airflow/.local/lib/python3.12/site-packages/airflow/example_dags/example_latest_only_with_trigger.py
[2024-05-02T10:35:31.864+0000] {logging_mixin.py:188} INFO - [2024-05-02T10:35:31.863+0000] {dag.py:3096} INFO - Sync 1 DAGs
[2024-05-02T10:35:31.901+0000] {logging_mixin.py:188} INFO - [2024-05-02T10:35:31.901+0000] {dag.py:3954} INFO - Setting next_dagrun for latest_only_with_trigger to 2024-05-02 04:00:00+00:00, run_after=2024-05-02 08:00:00+00:00
[2024-05-02T10:35:31.914+0000] {processor.py:183} INFO - Processing /home/airflow/.local/lib/python3.12/site-packages/airflow/example_dags/example_latest_only_with_trigger.py took 0.073 seconds
[2024-05-02T10:36:02.319+0000] {processor.py:161} INFO - Started process (PID=1902) to work on /home/airflow/.local/lib/python3.12/site-packages/airflow/example_dags/example_latest_only_with_trigger.py
[2024-05-02T10:36:02.319+0000] {processor.py:830} INFO - Processing file /home/airflow/.local/lib/python3.12/site-packages/airflow/example_dags/example_latest_only_with_trigger.py for tasks to queue
[2024-05-02T10:36:02.320+0000] {logging_mixin.py:188} INFO - [2024-05-02T10:36:02.320+0000] {dagbag.py:540} INFO - Filling up the DagBag from /home/airflow/.local/lib/python3.12/site-packages/airflow/example_dags/example_latest_only_with_trigger.py
[2024-05-02T10:36:02.324+0000] {processor.py:840} INFO - DAG(s) 'latest_only_with_trigger' retrieved from /home/airflow/.local/lib/python3.12/site-packages/airflow/example_dags/example_latest_only_with_trigger.py
[2024-05-02T10:36:02.337+0000] {logging_mixin.py:188} INFO - [2024-05-02T10:36:02.337+0000] {dag.py:3096} INFO - Sync 1 DAGs
[2024-05-02T10:36:02.351+0000] {logging_mixin.py:188} INFO - [2024-05-02T10:36:02.351+0000] {dag.py:3954} INFO - Setting next_dagrun for latest_only_with_trigger to 2024-05-02 04:00:00+00:00, run_after=2024-05-02 08:00:00+00:00
[2024-05-02T10:36:02.362+0000] {processor.py:183} INFO - Processing /home/airflow/.local/lib/python3.12/site-packages/airflow/example_dags/example_latest_only_with_trigger.py took 0.047 seconds
[2024-05-02T10:36:32.584+0000] {processor.py:161} INFO - Started process (PID=1960) to work on /home/airflow/.local/lib/python3.12/site-packages/airflow/example_dags/example_latest_only_with_trigger.py
[2024-05-02T10:36:32.585+0000] {processor.py:830} INFO - Processing file /home/airflow/.local/lib/python3.12/site-packages/airflow/example_dags/example_latest_only_with_trigger.py for tasks to queue
[2024-05-02T10:36:32.586+0000] {logging_mixin.py:188} INFO - [2024-05-02T10:36:32.585+0000] {dagbag.py:540} INFO - Filling up the DagBag from /home/airflow/.local/lib/python3.12/site-packages/airflow/example_dags/example_latest_only_with_trigger.py
[2024-05-02T10:36:32.589+0000] {processor.py:840} INFO - DAG(s) 'latest_only_with_trigger' retrieved from /home/airflow/.local/lib/python3.12/site-packages/airflow/example_dags/example_latest_only_with_trigger.py
[2024-05-02T10:36:32.622+0000] {logging_mixin.py:188} INFO - [2024-05-02T10:36:32.622+0000] {dag.py:3096} INFO - Sync 1 DAGs
[2024-05-02T10:36:32.636+0000] {logging_mixin.py:188} INFO - [2024-05-02T10:36:32.636+0000] {dag.py:3954} INFO - Setting next_dagrun for latest_only_with_trigger to 2024-05-02 04:00:00+00:00, run_after=2024-05-02 08:00:00+00:00
[2024-05-02T10:36:32.665+0000] {processor.py:183} INFO - Processing /home/airflow/.local/lib/python3.12/site-packages/airflow/example_dags/example_latest_only_with_trigger.py took 0.085 seconds
[2024-05-02T10:37:03.694+0000] {processor.py:161} INFO - Started process (PID=2020) to work on /home/airflow/.local/lib/python3.12/site-packages/airflow/example_dags/example_latest_only_with_trigger.py
[2024-05-02T10:37:03.695+0000] {processor.py:830} INFO - Processing file /home/airflow/.local/lib/python3.12/site-packages/airflow/example_dags/example_latest_only_with_trigger.py for tasks to queue
[2024-05-02T10:37:03.890+0000] {logging_mixin.py:188} INFO - [2024-05-02T10:37:03.889+0000] {dagbag.py:540} INFO - Filling up the DagBag from /home/airflow/.local/lib/python3.12/site-packages/airflow/example_dags/example_latest_only_with_trigger.py
[2024-05-02T10:37:03.927+0000] {processor.py:840} INFO - DAG(s) 'latest_only_with_trigger' retrieved from /home/airflow/.local/lib/python3.12/site-packages/airflow/example_dags/example_latest_only_with_trigger.py
[2024-05-02T10:37:04.198+0000] {logging_mixin.py:188} INFO - [2024-05-02T10:37:04.198+0000] {dag.py:3096} INFO - Sync 1 DAGs
[2024-05-02T10:37:04.233+0000] {logging_mixin.py:188} INFO - [2024-05-02T10:37:04.232+0000] {dag.py:3954} INFO - Setting next_dagrun for latest_only_with_trigger to 2024-05-02 04:00:00+00:00, run_after=2024-05-02 08:00:00+00:00
[2024-05-02T10:37:04.257+0000] {processor.py:183} INFO - Processing /home/airflow/.local/lib/python3.12/site-packages/airflow/example_dags/example_latest_only_with_trigger.py took 0.569 seconds
[2024-05-02T10:37:34.772+0000] {processor.py:161} INFO - Started process (PID=2079) to work on /home/airflow/.local/lib/python3.12/site-packages/airflow/example_dags/example_latest_only_with_trigger.py
[2024-05-02T10:37:34.773+0000] {processor.py:830} INFO - Processing file /home/airflow/.local/lib/python3.12/site-packages/airflow/example_dags/example_latest_only_with_trigger.py for tasks to queue
[2024-05-02T10:37:34.774+0000] {logging_mixin.py:188} INFO - [2024-05-02T10:37:34.774+0000] {dagbag.py:540} INFO - Filling up the DagBag from /home/airflow/.local/lib/python3.12/site-packages/airflow/example_dags/example_latest_only_with_trigger.py
[2024-05-02T10:37:34.778+0000] {processor.py:840} INFO - DAG(s) 'latest_only_with_trigger' retrieved from /home/airflow/.local/lib/python3.12/site-packages/airflow/example_dags/example_latest_only_with_trigger.py
[2024-05-02T10:37:34.813+0000] {logging_mixin.py:188} INFO - [2024-05-02T10:37:34.813+0000] {dag.py:3096} INFO - Sync 1 DAGs
[2024-05-02T10:37:34.826+0000] {logging_mixin.py:188} INFO - [2024-05-02T10:37:34.826+0000] {dag.py:3954} INFO - Setting next_dagrun for latest_only_with_trigger to 2024-05-02 04:00:00+00:00, run_after=2024-05-02 08:00:00+00:00
[2024-05-02T10:37:34.838+0000] {processor.py:183} INFO - Processing /home/airflow/.local/lib/python3.12/site-packages/airflow/example_dags/example_latest_only_with_trigger.py took 0.069 seconds
[2024-05-02T10:38:05.583+0000] {processor.py:161} INFO - Started process (PID=2138) to work on /home/airflow/.local/lib/python3.12/site-packages/airflow/example_dags/example_latest_only_with_trigger.py
[2024-05-02T10:38:05.584+0000] {processor.py:830} INFO - Processing file /home/airflow/.local/lib/python3.12/site-packages/airflow/example_dags/example_latest_only_with_trigger.py for tasks to queue
[2024-05-02T10:38:05.585+0000] {logging_mixin.py:188} INFO - [2024-05-02T10:38:05.585+0000] {dagbag.py:540} INFO - Filling up the DagBag from /home/airflow/.local/lib/python3.12/site-packages/airflow/example_dags/example_latest_only_with_trigger.py
[2024-05-02T10:38:05.590+0000] {processor.py:840} INFO - DAG(s) 'latest_only_with_trigger' retrieved from /home/airflow/.local/lib/python3.12/site-packages/airflow/example_dags/example_latest_only_with_trigger.py
[2024-05-02T10:38:05.603+0000] {logging_mixin.py:188} INFO - [2024-05-02T10:38:05.603+0000] {dag.py:3096} INFO - Sync 1 DAGs
[2024-05-02T10:38:05.617+0000] {logging_mixin.py:188} INFO - [2024-05-02T10:38:05.617+0000] {dag.py:3954} INFO - Setting next_dagrun for latest_only_with_trigger to 2024-05-02 04:00:00+00:00, run_after=2024-05-02 08:00:00+00:00
[2024-05-02T10:38:05.647+0000] {processor.py:183} INFO - Processing /home/airflow/.local/lib/python3.12/site-packages/airflow/example_dags/example_latest_only_with_trigger.py took 0.067 seconds
[2024-05-02T10:38:36.631+0000] {processor.py:161} INFO - Started process (PID=2197) to work on /home/airflow/.local/lib/python3.12/site-packages/airflow/example_dags/example_latest_only_with_trigger.py
[2024-05-02T10:38:36.632+0000] {processor.py:830} INFO - Processing file /home/airflow/.local/lib/python3.12/site-packages/airflow/example_dags/example_latest_only_with_trigger.py for tasks to queue
[2024-05-02T10:38:36.782+0000] {logging_mixin.py:188} INFO - [2024-05-02T10:38:36.781+0000] {dagbag.py:540} INFO - Filling up the DagBag from /home/airflow/.local/lib/python3.12/site-packages/airflow/example_dags/example_latest_only_with_trigger.py
[2024-05-02T10:38:37.362+0000] {processor.py:840} INFO - DAG(s) 'latest_only_with_trigger' retrieved from /home/airflow/.local/lib/python3.12/site-packages/airflow/example_dags/example_latest_only_with_trigger.py
[2024-05-02T10:38:37.423+0000] {logging_mixin.py:188} INFO - [2024-05-02T10:38:37.423+0000] {dag.py:3096} INFO - Sync 1 DAGs
[2024-05-02T10:38:37.438+0000] {logging_mixin.py:188} INFO - [2024-05-02T10:38:37.437+0000] {dag.py:3954} INFO - Setting next_dagrun for latest_only_with_trigger to 2024-05-02 04:00:00+00:00, run_after=2024-05-02 08:00:00+00:00
[2024-05-02T10:38:37.451+0000] {processor.py:183} INFO - Processing /home/airflow/.local/lib/python3.12/site-packages/airflow/example_dags/example_latest_only_with_trigger.py took 0.825 seconds
[2024-05-02T10:39:07.832+0000] {processor.py:161} INFO - Started process (PID=2257) to work on /home/airflow/.local/lib/python3.12/site-packages/airflow/example_dags/example_latest_only_with_trigger.py
[2024-05-02T10:39:07.833+0000] {processor.py:830} INFO - Processing file /home/airflow/.local/lib/python3.12/site-packages/airflow/example_dags/example_latest_only_with_trigger.py for tasks to queue
[2024-05-02T10:39:07.873+0000] {logging_mixin.py:188} INFO - [2024-05-02T10:39:07.873+0000] {dagbag.py:540} INFO - Filling up the DagBag from /home/airflow/.local/lib/python3.12/site-packages/airflow/example_dags/example_latest_only_with_trigger.py
[2024-05-02T10:39:07.877+0000] {processor.py:840} INFO - DAG(s) 'latest_only_with_trigger' retrieved from /home/airflow/.local/lib/python3.12/site-packages/airflow/example_dags/example_latest_only_with_trigger.py
[2024-05-02T10:39:07.890+0000] {logging_mixin.py:188} INFO - [2024-05-02T10:39:07.889+0000] {dag.py:3096} INFO - Sync 1 DAGs
[2024-05-02T10:39:07.904+0000] {logging_mixin.py:188} INFO - [2024-05-02T10:39:07.903+0000] {dag.py:3954} INFO - Setting next_dagrun for latest_only_with_trigger to 2024-05-02 04:00:00+00:00, run_after=2024-05-02 08:00:00+00:00
[2024-05-02T10:39:07.945+0000] {processor.py:183} INFO - Processing /home/airflow/.local/lib/python3.12/site-packages/airflow/example_dags/example_latest_only_with_trigger.py took 0.116 seconds
[2024-05-02T10:39:38.053+0000] {processor.py:161} INFO - Started process (PID=2317) to work on /home/airflow/.local/lib/python3.12/site-packages/airflow/example_dags/example_latest_only_with_trigger.py
[2024-05-02T10:39:38.053+0000] {processor.py:830} INFO - Processing file /home/airflow/.local/lib/python3.12/site-packages/airflow/example_dags/example_latest_only_with_trigger.py for tasks to queue
[2024-05-02T10:39:38.054+0000] {logging_mixin.py:188} INFO - [2024-05-02T10:39:38.054+0000] {dagbag.py:540} INFO - Filling up the DagBag from /home/airflow/.local/lib/python3.12/site-packages/airflow/example_dags/example_latest_only_with_trigger.py
[2024-05-02T10:39:38.058+0000] {processor.py:840} INFO - DAG(s) 'latest_only_with_trigger' retrieved from /home/airflow/.local/lib/python3.12/site-packages/airflow/example_dags/example_latest_only_with_trigger.py
[2024-05-02T10:39:38.085+0000] {logging_mixin.py:188} INFO - [2024-05-02T10:39:38.085+0000] {dag.py:3096} INFO - Sync 1 DAGs
[2024-05-02T10:39:38.100+0000] {logging_mixin.py:188} INFO - [2024-05-02T10:39:38.100+0000] {dag.py:3954} INFO - Setting next_dagrun for latest_only_with_trigger to 2024-05-02 04:00:00+00:00, run_after=2024-05-02 08:00:00+00:00
[2024-05-02T10:39:38.125+0000] {processor.py:183} INFO - Processing /home/airflow/.local/lib/python3.12/site-packages/airflow/example_dags/example_latest_only_with_trigger.py took 0.076 seconds
[2024-05-02T10:40:08.599+0000] {processor.py:161} INFO - Started process (PID=2374) to work on /home/airflow/.local/lib/python3.12/site-packages/airflow/example_dags/example_latest_only_with_trigger.py
[2024-05-02T10:40:08.599+0000] {processor.py:830} INFO - Processing file /home/airflow/.local/lib/python3.12/site-packages/airflow/example_dags/example_latest_only_with_trigger.py for tasks to queue
[2024-05-02T10:40:08.626+0000] {logging_mixin.py:188} INFO - [2024-05-02T10:40:08.626+0000] {dagbag.py:540} INFO - Filling up the DagBag from /home/airflow/.local/lib/python3.12/site-packages/airflow/example_dags/example_latest_only_with_trigger.py
[2024-05-02T10:40:08.630+0000] {processor.py:840} INFO - DAG(s) 'latest_only_with_trigger' retrieved from /home/airflow/.local/lib/python3.12/site-packages/airflow/example_dags/example_latest_only_with_trigger.py
[2024-05-02T10:40:08.643+0000] {logging_mixin.py:188} INFO - [2024-05-02T10:40:08.642+0000] {dag.py:3096} INFO - Sync 1 DAGs
[2024-05-02T10:40:08.657+0000] {logging_mixin.py:188} INFO - [2024-05-02T10:40:08.657+0000] {dag.py:3954} INFO - Setting next_dagrun for latest_only_with_trigger to 2024-05-02 04:00:00+00:00, run_after=2024-05-02 08:00:00+00:00
[2024-05-02T10:40:08.685+0000] {processor.py:183} INFO - Processing /home/airflow/.local/lib/python3.12/site-packages/airflow/example_dags/example_latest_only_with_trigger.py took 0.090 seconds
[2024-05-02T10:40:38.791+0000] {processor.py:161} INFO - Started process (PID=2433) to work on /home/airflow/.local/lib/python3.12/site-packages/airflow/example_dags/example_latest_only_with_trigger.py
[2024-05-02T10:40:38.791+0000] {processor.py:830} INFO - Processing file /home/airflow/.local/lib/python3.12/site-packages/airflow/example_dags/example_latest_only_with_trigger.py for tasks to queue
[2024-05-02T10:40:38.815+0000] {logging_mixin.py:188} INFO - [2024-05-02T10:40:38.815+0000] {dagbag.py:540} INFO - Filling up the DagBag from /home/airflow/.local/lib/python3.12/site-packages/airflow/example_dags/example_latest_only_with_trigger.py
[2024-05-02T10:40:38.819+0000] {processor.py:840} INFO - DAG(s) 'latest_only_with_trigger' retrieved from /home/airflow/.local/lib/python3.12/site-packages/airflow/example_dags/example_latest_only_with_trigger.py
[2024-05-02T10:40:38.835+0000] {logging_mixin.py:188} INFO - [2024-05-02T10:40:38.835+0000] {dag.py:3096} INFO - Sync 1 DAGs
[2024-05-02T10:40:38.851+0000] {logging_mixin.py:188} INFO - [2024-05-02T10:40:38.851+0000] {dag.py:3954} INFO - Setting next_dagrun for latest_only_with_trigger to 2024-05-02 04:00:00+00:00, run_after=2024-05-02 08:00:00+00:00
[2024-05-02T10:40:38.881+0000] {processor.py:183} INFO - Processing /home/airflow/.local/lib/python3.12/site-packages/airflow/example_dags/example_latest_only_with_trigger.py took 0.094 seconds
[2024-05-02T10:42:31.105+0000] {processor.py:161} INFO - Started process (PID=100) to work on /home/airflow/.local/lib/python3.12/site-packages/airflow/example_dags/example_latest_only_with_trigger.py
[2024-05-02T10:42:31.106+0000] {processor.py:830} INFO - Processing file /home/airflow/.local/lib/python3.12/site-packages/airflow/example_dags/example_latest_only_with_trigger.py for tasks to queue
[2024-05-02T10:42:31.135+0000] {logging_mixin.py:188} INFO - [2024-05-02T10:42:31.134+0000] {dagbag.py:540} INFO - Filling up the DagBag from /home/airflow/.local/lib/python3.12/site-packages/airflow/example_dags/example_latest_only_with_trigger.py
[2024-05-02T10:42:31.141+0000] {processor.py:840} INFO - DAG(s) 'latest_only_with_trigger' retrieved from /home/airflow/.local/lib/python3.12/site-packages/airflow/example_dags/example_latest_only_with_trigger.py
[2024-05-02T10:42:31.244+0000] {logging_mixin.py:188} INFO - [2024-05-02T10:42:31.244+0000] {dag.py:3096} INFO - Sync 1 DAGs
[2024-05-02T10:42:31.265+0000] {logging_mixin.py:188} INFO - [2024-05-02T10:42:31.265+0000] {dag.py:3954} INFO - Setting next_dagrun for latest_only_with_trigger to 2024-05-02 04:00:00+00:00, run_after=2024-05-02 08:00:00+00:00
[2024-05-02T10:42:31.303+0000] {processor.py:183} INFO - Processing /home/airflow/.local/lib/python3.12/site-packages/airflow/example_dags/example_latest_only_with_trigger.py took 0.204 seconds
[2024-05-02T10:43:02.341+0000] {processor.py:161} INFO - Started process (PID=160) to work on /home/airflow/.local/lib/python3.12/site-packages/airflow/example_dags/example_latest_only_with_trigger.py
[2024-05-02T10:43:02.341+0000] {processor.py:830} INFO - Processing file /home/airflow/.local/lib/python3.12/site-packages/airflow/example_dags/example_latest_only_with_trigger.py for tasks to queue
[2024-05-02T10:43:02.363+0000] {logging_mixin.py:188} INFO - [2024-05-02T10:43:02.363+0000] {dagbag.py:540} INFO - Filling up the DagBag from /home/airflow/.local/lib/python3.12/site-packages/airflow/example_dags/example_latest_only_with_trigger.py
[2024-05-02T10:43:02.367+0000] {processor.py:840} INFO - DAG(s) 'latest_only_with_trigger' retrieved from /home/airflow/.local/lib/python3.12/site-packages/airflow/example_dags/example_latest_only_with_trigger.py
[2024-05-02T10:43:02.383+0000] {logging_mixin.py:188} INFO - [2024-05-02T10:43:02.383+0000] {dag.py:3096} INFO - Sync 1 DAGs
[2024-05-02T10:43:02.401+0000] {logging_mixin.py:188} INFO - [2024-05-02T10:43:02.401+0000] {dag.py:3954} INFO - Setting next_dagrun for latest_only_with_trigger to 2024-05-02 04:00:00+00:00, run_after=2024-05-02 08:00:00+00:00
[2024-05-02T10:43:02.421+0000] {processor.py:183} INFO - Processing /home/airflow/.local/lib/python3.12/site-packages/airflow/example_dags/example_latest_only_with_trigger.py took 0.084 seconds
[2024-05-02T10:43:32.933+0000] {processor.py:161} INFO - Started process (PID=220) to work on /home/airflow/.local/lib/python3.12/site-packages/airflow/example_dags/example_latest_only_with_trigger.py
[2024-05-02T10:43:32.934+0000] {processor.py:830} INFO - Processing file /home/airflow/.local/lib/python3.12/site-packages/airflow/example_dags/example_latest_only_with_trigger.py for tasks to queue
[2024-05-02T10:43:32.952+0000] {logging_mixin.py:188} INFO - [2024-05-02T10:43:32.952+0000] {dagbag.py:540} INFO - Filling up the DagBag from /home/airflow/.local/lib/python3.12/site-packages/airflow/example_dags/example_latest_only_with_trigger.py
[2024-05-02T10:43:32.956+0000] {processor.py:840} INFO - DAG(s) 'latest_only_with_trigger' retrieved from /home/airflow/.local/lib/python3.12/site-packages/airflow/example_dags/example_latest_only_with_trigger.py
[2024-05-02T10:43:32.968+0000] {logging_mixin.py:188} INFO - [2024-05-02T10:43:32.968+0000] {dag.py:3096} INFO - Sync 1 DAGs
[2024-05-02T10:43:32.998+0000] {logging_mixin.py:188} INFO - [2024-05-02T10:43:32.998+0000] {dag.py:3954} INFO - Setting next_dagrun for latest_only_with_trigger to 2024-05-02 04:00:00+00:00, run_after=2024-05-02 08:00:00+00:00
[2024-05-02T10:43:33.010+0000] {processor.py:183} INFO - Processing /home/airflow/.local/lib/python3.12/site-packages/airflow/example_dags/example_latest_only_with_trigger.py took 0.082 seconds
[2024-05-02T10:44:03.855+0000] {processor.py:161} INFO - Started process (PID=280) to work on /home/airflow/.local/lib/python3.12/site-packages/airflow/example_dags/example_latest_only_with_trigger.py
[2024-05-02T10:44:03.856+0000] {processor.py:830} INFO - Processing file /home/airflow/.local/lib/python3.12/site-packages/airflow/example_dags/example_latest_only_with_trigger.py for tasks to queue
[2024-05-02T10:44:03.883+0000] {logging_mixin.py:188} INFO - [2024-05-02T10:44:03.882+0000] {dagbag.py:540} INFO - Filling up the DagBag from /home/airflow/.local/lib/python3.12/site-packages/airflow/example_dags/example_latest_only_with_trigger.py
[2024-05-02T10:44:03.886+0000] {processor.py:840} INFO - DAG(s) 'latest_only_with_trigger' retrieved from /home/airflow/.local/lib/python3.12/site-packages/airflow/example_dags/example_latest_only_with_trigger.py
[2024-05-02T10:44:03.899+0000] {logging_mixin.py:188} INFO - [2024-05-02T10:44:03.899+0000] {dag.py:3096} INFO - Sync 1 DAGs
[2024-05-02T10:44:03.912+0000] {logging_mixin.py:188} INFO - [2024-05-02T10:44:03.912+0000] {dag.py:3954} INFO - Setting next_dagrun for latest_only_with_trigger to 2024-05-02 04:00:00+00:00, run_after=2024-05-02 08:00:00+00:00
[2024-05-02T10:44:03.944+0000] {processor.py:183} INFO - Processing /home/airflow/.local/lib/python3.12/site-packages/airflow/example_dags/example_latest_only_with_trigger.py took 0.094 seconds
[2024-05-02T10:44:34.450+0000] {processor.py:161} INFO - Started process (PID=340) to work on /home/airflow/.local/lib/python3.12/site-packages/airflow/example_dags/example_latest_only_with_trigger.py
[2024-05-02T10:44:34.450+0000] {processor.py:830} INFO - Processing file /home/airflow/.local/lib/python3.12/site-packages/airflow/example_dags/example_latest_only_with_trigger.py for tasks to queue
[2024-05-02T10:44:34.470+0000] {logging_mixin.py:188} INFO - [2024-05-02T10:44:34.469+0000] {dagbag.py:540} INFO - Filling up the DagBag from /home/airflow/.local/lib/python3.12/site-packages/airflow/example_dags/example_latest_only_with_trigger.py
[2024-05-02T10:44:34.473+0000] {processor.py:840} INFO - DAG(s) 'latest_only_with_trigger' retrieved from /home/airflow/.local/lib/python3.12/site-packages/airflow/example_dags/example_latest_only_with_trigger.py
[2024-05-02T10:44:34.487+0000] {logging_mixin.py:188} INFO - [2024-05-02T10:44:34.486+0000] {dag.py:3096} INFO - Sync 1 DAGs
[2024-05-02T10:44:34.500+0000] {logging_mixin.py:188} INFO - [2024-05-02T10:44:34.500+0000] {dag.py:3954} INFO - Setting next_dagrun for latest_only_with_trigger to 2024-05-02 04:00:00+00:00, run_after=2024-05-02 08:00:00+00:00
[2024-05-02T10:44:34.531+0000] {processor.py:183} INFO - Processing /home/airflow/.local/lib/python3.12/site-packages/airflow/example_dags/example_latest_only_with_trigger.py took 0.088 seconds
[2024-05-02T10:45:05.086+0000] {processor.py:161} INFO - Started process (PID=400) to work on /home/airflow/.local/lib/python3.12/site-packages/airflow/example_dags/example_latest_only_with_trigger.py
[2024-05-02T10:45:05.087+0000] {processor.py:830} INFO - Processing file /home/airflow/.local/lib/python3.12/site-packages/airflow/example_dags/example_latest_only_with_trigger.py for tasks to queue
[2024-05-02T10:45:05.088+0000] {logging_mixin.py:188} INFO - [2024-05-02T10:45:05.088+0000] {dagbag.py:540} INFO - Filling up the DagBag from /home/airflow/.local/lib/python3.12/site-packages/airflow/example_dags/example_latest_only_with_trigger.py
[2024-05-02T10:45:05.091+0000] {processor.py:840} INFO - DAG(s) 'latest_only_with_trigger' retrieved from /home/airflow/.local/lib/python3.12/site-packages/airflow/example_dags/example_latest_only_with_trigger.py
[2024-05-02T10:45:05.105+0000] {logging_mixin.py:188} INFO - [2024-05-02T10:45:05.104+0000] {dag.py:3096} INFO - Sync 1 DAGs
[2024-05-02T10:45:05.118+0000] {logging_mixin.py:188} INFO - [2024-05-02T10:45:05.118+0000] {dag.py:3954} INFO - Setting next_dagrun for latest_only_with_trigger to 2024-05-02 04:00:00+00:00, run_after=2024-05-02 08:00:00+00:00
[2024-05-02T10:45:05.130+0000] {processor.py:183} INFO - Processing /home/airflow/.local/lib/python3.12/site-packages/airflow/example_dags/example_latest_only_with_trigger.py took 0.047 seconds
[2024-05-02T10:45:35.835+0000] {processor.py:161} INFO - Started process (PID=460) to work on /home/airflow/.local/lib/python3.12/site-packages/airflow/example_dags/example_latest_only_with_trigger.py
[2024-05-02T10:45:35.836+0000] {processor.py:830} INFO - Processing file /home/airflow/.local/lib/python3.12/site-packages/airflow/example_dags/example_latest_only_with_trigger.py for tasks to queue
[2024-05-02T10:45:35.855+0000] {logging_mixin.py:188} INFO - [2024-05-02T10:45:35.855+0000] {dagbag.py:540} INFO - Filling up the DagBag from /home/airflow/.local/lib/python3.12/site-packages/airflow/example_dags/example_latest_only_with_trigger.py
[2024-05-02T10:45:35.859+0000] {processor.py:840} INFO - DAG(s) 'latest_only_with_trigger' retrieved from /home/airflow/.local/lib/python3.12/site-packages/airflow/example_dags/example_latest_only_with_trigger.py
[2024-05-02T10:45:35.871+0000] {logging_mixin.py:188} INFO - [2024-05-02T10:45:35.871+0000] {dag.py:3096} INFO - Sync 1 DAGs
[2024-05-02T10:45:35.900+0000] {logging_mixin.py:188} INFO - [2024-05-02T10:45:35.900+0000] {dag.py:3954} INFO - Setting next_dagrun for latest_only_with_trigger to 2024-05-02 04:00:00+00:00, run_after=2024-05-02 08:00:00+00:00
[2024-05-02T10:45:35.913+0000] {processor.py:183} INFO - Processing /home/airflow/.local/lib/python3.12/site-packages/airflow/example_dags/example_latest_only_with_trigger.py took 0.083 seconds
[2024-05-02T10:46:06.594+0000] {processor.py:161} INFO - Started process (PID=520) to work on /home/airflow/.local/lib/python3.12/site-packages/airflow/example_dags/example_latest_only_with_trigger.py
[2024-05-02T10:46:06.594+0000] {processor.py:830} INFO - Processing file /home/airflow/.local/lib/python3.12/site-packages/airflow/example_dags/example_latest_only_with_trigger.py for tasks to queue
[2024-05-02T10:46:06.618+0000] {logging_mixin.py:188} INFO - [2024-05-02T10:46:06.617+0000] {dagbag.py:540} INFO - Filling up the DagBag from /home/airflow/.local/lib/python3.12/site-packages/airflow/example_dags/example_latest_only_with_trigger.py
[2024-05-02T10:46:06.621+0000] {processor.py:840} INFO - DAG(s) 'latest_only_with_trigger' retrieved from /home/airflow/.local/lib/python3.12/site-packages/airflow/example_dags/example_latest_only_with_trigger.py
[2024-05-02T10:46:06.633+0000] {logging_mixin.py:188} INFO - [2024-05-02T10:46:06.633+0000] {dag.py:3096} INFO - Sync 1 DAGs
[2024-05-02T10:46:06.646+0000] {logging_mixin.py:188} INFO - [2024-05-02T10:46:06.646+0000] {dag.py:3954} INFO - Setting next_dagrun for latest_only_with_trigger to 2024-05-02 04:00:00+00:00, run_after=2024-05-02 08:00:00+00:00
[2024-05-02T10:46:06.656+0000] {processor.py:183} INFO - Processing /home/airflow/.local/lib/python3.12/site-packages/airflow/example_dags/example_latest_only_with_trigger.py took 0.066 seconds
[2024-05-02T10:46:37.717+0000] {processor.py:161} INFO - Started process (PID=580) to work on /home/airflow/.local/lib/python3.12/site-packages/airflow/example_dags/example_latest_only_with_trigger.py
[2024-05-02T10:46:37.717+0000] {processor.py:830} INFO - Processing file /home/airflow/.local/lib/python3.12/site-packages/airflow/example_dags/example_latest_only_with_trigger.py for tasks to queue
[2024-05-02T10:46:37.743+0000] {logging_mixin.py:188} INFO - [2024-05-02T10:46:37.743+0000] {dagbag.py:540} INFO - Filling up the DagBag from /home/airflow/.local/lib/python3.12/site-packages/airflow/example_dags/example_latest_only_with_trigger.py
[2024-05-02T10:46:37.747+0000] {processor.py:840} INFO - DAG(s) 'latest_only_with_trigger' retrieved from /home/airflow/.local/lib/python3.12/site-packages/airflow/example_dags/example_latest_only_with_trigger.py
[2024-05-02T10:46:37.760+0000] {logging_mixin.py:188} INFO - [2024-05-02T10:46:37.760+0000] {dag.py:3096} INFO - Sync 1 DAGs
[2024-05-02T10:46:37.773+0000] {logging_mixin.py:188} INFO - [2024-05-02T10:46:37.773+0000] {dag.py:3954} INFO - Setting next_dagrun for latest_only_with_trigger to 2024-05-02 04:00:00+00:00, run_after=2024-05-02 08:00:00+00:00
[2024-05-02T10:46:37.804+0000] {processor.py:183} INFO - Processing /home/airflow/.local/lib/python3.12/site-packages/airflow/example_dags/example_latest_only_with_trigger.py took 0.092 seconds
[2024-05-02T10:47:07.874+0000] {processor.py:161} INFO - Started process (PID=640) to work on /home/airflow/.local/lib/python3.12/site-packages/airflow/example_dags/example_latest_only_with_trigger.py
[2024-05-02T10:47:07.875+0000] {processor.py:830} INFO - Processing file /home/airflow/.local/lib/python3.12/site-packages/airflow/example_dags/example_latest_only_with_trigger.py for tasks to queue
[2024-05-02T10:47:07.914+0000] {logging_mixin.py:188} INFO - [2024-05-02T10:47:07.914+0000] {dagbag.py:540} INFO - Filling up the DagBag from /home/airflow/.local/lib/python3.12/site-packages/airflow/example_dags/example_latest_only_with_trigger.py
[2024-05-02T10:47:07.918+0000] {processor.py:840} INFO - DAG(s) 'latest_only_with_trigger' retrieved from /home/airflow/.local/lib/python3.12/site-packages/airflow/example_dags/example_latest_only_with_trigger.py
[2024-05-02T10:47:07.930+0000] {logging_mixin.py:188} INFO - [2024-05-02T10:47:07.930+0000] {dag.py:3096} INFO - Sync 1 DAGs
[2024-05-02T10:47:07.944+0000] {logging_mixin.py:188} INFO - [2024-05-02T10:47:07.944+0000] {dag.py:3954} INFO - Setting next_dagrun for latest_only_with_trigger to 2024-05-02 04:00:00+00:00, run_after=2024-05-02 08:00:00+00:00
[2024-05-02T10:47:07.967+0000] {processor.py:183} INFO - Processing /home/airflow/.local/lib/python3.12/site-packages/airflow/example_dags/example_latest_only_with_trigger.py took 0.097 seconds
[2024-05-02T10:47:38.192+0000] {processor.py:161} INFO - Started process (PID=700) to work on /home/airflow/.local/lib/python3.12/site-packages/airflow/example_dags/example_latest_only_with_trigger.py
[2024-05-02T10:47:38.193+0000] {processor.py:830} INFO - Processing file /home/airflow/.local/lib/python3.12/site-packages/airflow/example_dags/example_latest_only_with_trigger.py for tasks to queue
[2024-05-02T10:47:38.218+0000] {logging_mixin.py:188} INFO - [2024-05-02T10:47:38.218+0000] {dagbag.py:540} INFO - Filling up the DagBag from /home/airflow/.local/lib/python3.12/site-packages/airflow/example_dags/example_latest_only_with_trigger.py
[2024-05-02T10:47:38.222+0000] {processor.py:840} INFO - DAG(s) 'latest_only_with_trigger' retrieved from /home/airflow/.local/lib/python3.12/site-packages/airflow/example_dags/example_latest_only_with_trigger.py
[2024-05-02T10:47:38.235+0000] {logging_mixin.py:188} INFO - [2024-05-02T10:47:38.235+0000] {dag.py:3096} INFO - Sync 1 DAGs
[2024-05-02T10:47:38.249+0000] {logging_mixin.py:188} INFO - [2024-05-02T10:47:38.249+0000] {dag.py:3954} INFO - Setting next_dagrun for latest_only_with_trigger to 2024-05-02 04:00:00+00:00, run_after=2024-05-02 08:00:00+00:00
[2024-05-02T10:47:38.286+0000] {processor.py:183} INFO - Processing /home/airflow/.local/lib/python3.12/site-packages/airflow/example_dags/example_latest_only_with_trigger.py took 0.097 seconds
[2024-05-02T10:48:08.576+0000] {processor.py:161} INFO - Started process (PID=760) to work on /home/airflow/.local/lib/python3.12/site-packages/airflow/example_dags/example_latest_only_with_trigger.py
[2024-05-02T10:48:08.576+0000] {processor.py:830} INFO - Processing file /home/airflow/.local/lib/python3.12/site-packages/airflow/example_dags/example_latest_only_with_trigger.py for tasks to queue
[2024-05-02T10:48:08.613+0000] {logging_mixin.py:188} INFO - [2024-05-02T10:48:08.612+0000] {dagbag.py:540} INFO - Filling up the DagBag from /home/airflow/.local/lib/python3.12/site-packages/airflow/example_dags/example_latest_only_with_trigger.py
[2024-05-02T10:48:08.616+0000] {processor.py:840} INFO - DAG(s) 'latest_only_with_trigger' retrieved from /home/airflow/.local/lib/python3.12/site-packages/airflow/example_dags/example_latest_only_with_trigger.py
[2024-05-02T10:48:08.629+0000] {logging_mixin.py:188} INFO - [2024-05-02T10:48:08.629+0000] {dag.py:3096} INFO - Sync 1 DAGs
[2024-05-02T10:48:08.643+0000] {logging_mixin.py:188} INFO - [2024-05-02T10:48:08.643+0000] {dag.py:3954} INFO - Setting next_dagrun for latest_only_with_trigger to 2024-05-02 04:00:00+00:00, run_after=2024-05-02 08:00:00+00:00
[2024-05-02T10:48:08.672+0000] {processor.py:183} INFO - Processing /home/airflow/.local/lib/python3.12/site-packages/airflow/example_dags/example_latest_only_with_trigger.py took 0.102 seconds
[2024-05-02T10:49:30.005+0000] {processor.py:161} INFO - Started process (PID=95) to work on /home/airflow/.local/lib/python3.12/site-packages/airflow/example_dags/example_latest_only_with_trigger.py
[2024-05-02T10:49:30.006+0000] {processor.py:830} INFO - Processing file /home/airflow/.local/lib/python3.12/site-packages/airflow/example_dags/example_latest_only_with_trigger.py for tasks to queue
[2024-05-02T10:49:30.036+0000] {logging_mixin.py:188} INFO - [2024-05-02T10:49:30.036+0000] {dagbag.py:540} INFO - Filling up the DagBag from /home/airflow/.local/lib/python3.12/site-packages/airflow/example_dags/example_latest_only_with_trigger.py
[2024-05-02T10:49:30.041+0000] {processor.py:840} INFO - DAG(s) 'latest_only_with_trigger' retrieved from /home/airflow/.local/lib/python3.12/site-packages/airflow/example_dags/example_latest_only_with_trigger.py
[2024-05-02T10:49:30.120+0000] {logging_mixin.py:188} INFO - [2024-05-02T10:49:30.120+0000] {dag.py:3096} INFO - Sync 1 DAGs
[2024-05-02T10:49:30.138+0000] {logging_mixin.py:188} INFO - [2024-05-02T10:49:30.138+0000] {dag.py:3954} INFO - Setting next_dagrun for latest_only_with_trigger to 2024-05-02 04:00:00+00:00, run_after=2024-05-02 08:00:00+00:00
[2024-05-02T10:49:30.188+0000] {processor.py:183} INFO - Processing /home/airflow/.local/lib/python3.12/site-packages/airflow/example_dags/example_latest_only_with_trigger.py took 0.187 seconds
[2024-05-02T10:50:01.094+0000] {processor.py:161} INFO - Started process (PID=161) to work on /home/airflow/.local/lib/python3.12/site-packages/airflow/example_dags/example_latest_only_with_trigger.py
[2024-05-02T10:50:01.094+0000] {processor.py:830} INFO - Processing file /home/airflow/.local/lib/python3.12/site-packages/airflow/example_dags/example_latest_only_with_trigger.py for tasks to queue
[2024-05-02T10:50:01.200+0000] {logging_mixin.py:188} INFO - [2024-05-02T10:50:01.199+0000] {dagbag.py:540} INFO - Filling up the DagBag from /home/airflow/.local/lib/python3.12/site-packages/airflow/example_dags/example_latest_only_with_trigger.py
[2024-05-02T10:50:01.261+0000] {processor.py:840} INFO - DAG(s) 'latest_only_with_trigger' retrieved from /home/airflow/.local/lib/python3.12/site-packages/airflow/example_dags/example_latest_only_with_trigger.py
[2024-05-02T10:50:01.274+0000] {logging_mixin.py:188} INFO - [2024-05-02T10:50:01.274+0000] {dag.py:3096} INFO - Sync 1 DAGs
[2024-05-02T10:50:01.288+0000] {logging_mixin.py:188} INFO - [2024-05-02T10:50:01.288+0000] {dag.py:3954} INFO - Setting next_dagrun for latest_only_with_trigger to 2024-05-02 04:00:00+00:00, run_after=2024-05-02 08:00:00+00:00
[2024-05-02T10:50:01.303+0000] {processor.py:183} INFO - Processing /home/airflow/.local/lib/python3.12/site-packages/airflow/example_dags/example_latest_only_with_trigger.py took 0.215 seconds
[2024-05-02T10:50:32.040+0000] {processor.py:161} INFO - Started process (PID=221) to work on /home/airflow/.local/lib/python3.12/site-packages/airflow/example_dags/example_latest_only_with_trigger.py
[2024-05-02T10:50:32.040+0000] {processor.py:830} INFO - Processing file /home/airflow/.local/lib/python3.12/site-packages/airflow/example_dags/example_latest_only_with_trigger.py for tasks to queue
[2024-05-02T10:50:32.042+0000] {logging_mixin.py:188} INFO - [2024-05-02T10:50:32.041+0000] {dagbag.py:540} INFO - Filling up the DagBag from /home/airflow/.local/lib/python3.12/site-packages/airflow/example_dags/example_latest_only_with_trigger.py
[2024-05-02T10:50:32.045+0000] {processor.py:840} INFO - DAG(s) 'latest_only_with_trigger' retrieved from /home/airflow/.local/lib/python3.12/site-packages/airflow/example_dags/example_latest_only_with_trigger.py
[2024-05-02T10:50:32.058+0000] {logging_mixin.py:188} INFO - [2024-05-02T10:50:32.058+0000] {dag.py:3096} INFO - Sync 1 DAGs
[2024-05-02T10:50:32.348+0000] {logging_mixin.py:188} INFO - [2024-05-02T10:50:32.348+0000] {dag.py:3954} INFO - Setting next_dagrun for latest_only_with_trigger to 2024-05-02 04:00:00+00:00, run_after=2024-05-02 08:00:00+00:00
[2024-05-02T10:50:32.369+0000] {processor.py:183} INFO - Processing /home/airflow/.local/lib/python3.12/site-packages/airflow/example_dags/example_latest_only_with_trigger.py took 0.332 seconds
[2024-05-02T10:51:02.845+0000] {processor.py:161} INFO - Started process (PID=281) to work on /home/airflow/.local/lib/python3.12/site-packages/airflow/example_dags/example_latest_only_with_trigger.py
[2024-05-02T10:51:02.845+0000] {processor.py:830} INFO - Processing file /home/airflow/.local/lib/python3.12/site-packages/airflow/example_dags/example_latest_only_with_trigger.py for tasks to queue
[2024-05-02T10:51:02.871+0000] {logging_mixin.py:188} INFO - [2024-05-02T10:51:02.871+0000] {dagbag.py:540} INFO - Filling up the DagBag from /home/airflow/.local/lib/python3.12/site-packages/airflow/example_dags/example_latest_only_with_trigger.py
[2024-05-02T10:51:02.875+0000] {processor.py:840} INFO - DAG(s) 'latest_only_with_trigger' retrieved from /home/airflow/.local/lib/python3.12/site-packages/airflow/example_dags/example_latest_only_with_trigger.py
[2024-05-02T10:51:02.887+0000] {logging_mixin.py:188} INFO - [2024-05-02T10:51:02.887+0000] {dag.py:3096} INFO - Sync 1 DAGs
[2024-05-02T10:51:02.900+0000] {logging_mixin.py:188} INFO - [2024-05-02T10:51:02.900+0000] {dag.py:3954} INFO - Setting next_dagrun for latest_only_with_trigger to 2024-05-02 04:00:00+00:00, run_after=2024-05-02 08:00:00+00:00
[2024-05-02T10:51:02.944+0000] {processor.py:183} INFO - Processing /home/airflow/.local/lib/python3.12/site-packages/airflow/example_dags/example_latest_only_with_trigger.py took 0.104 seconds
[2024-05-02T10:51:33.413+0000] {processor.py:161} INFO - Started process (PID=341) to work on /home/airflow/.local/lib/python3.12/site-packages/airflow/example_dags/example_latest_only_with_trigger.py
[2024-05-02T10:51:33.414+0000] {processor.py:830} INFO - Processing file /home/airflow/.local/lib/python3.12/site-packages/airflow/example_dags/example_latest_only_with_trigger.py for tasks to queue
[2024-05-02T10:51:33.445+0000] {logging_mixin.py:188} INFO - [2024-05-02T10:51:33.445+0000] {dagbag.py:540} INFO - Filling up the DagBag from /home/airflow/.local/lib/python3.12/site-packages/airflow/example_dags/example_latest_only_with_trigger.py
[2024-05-02T10:51:33.449+0000] {processor.py:840} INFO - DAG(s) 'latest_only_with_trigger' retrieved from /home/airflow/.local/lib/python3.12/site-packages/airflow/example_dags/example_latest_only_with_trigger.py
[2024-05-02T10:51:33.466+0000] {logging_mixin.py:188} INFO - [2024-05-02T10:51:33.466+0000] {dag.py:3096} INFO - Sync 1 DAGs
[2024-05-02T10:51:33.479+0000] {logging_mixin.py:188} INFO - [2024-05-02T10:51:33.479+0000] {dag.py:3954} INFO - Setting next_dagrun for latest_only_with_trigger to 2024-05-02 04:00:00+00:00, run_after=2024-05-02 08:00:00+00:00
[2024-05-02T10:51:33.528+0000] {processor.py:183} INFO - Processing /home/airflow/.local/lib/python3.12/site-packages/airflow/example_dags/example_latest_only_with_trigger.py took 0.124 seconds
[2024-05-02T10:52:04.207+0000] {processor.py:161} INFO - Started process (PID=401) to work on /home/airflow/.local/lib/python3.12/site-packages/airflow/example_dags/example_latest_only_with_trigger.py
[2024-05-02T10:52:04.208+0000] {processor.py:830} INFO - Processing file /home/airflow/.local/lib/python3.12/site-packages/airflow/example_dags/example_latest_only_with_trigger.py for tasks to queue
[2024-05-02T10:52:04.209+0000] {logging_mixin.py:188} INFO - [2024-05-02T10:52:04.209+0000] {dagbag.py:540} INFO - Filling up the DagBag from /home/airflow/.local/lib/python3.12/site-packages/airflow/example_dags/example_latest_only_with_trigger.py
[2024-05-02T10:52:04.212+0000] {processor.py:840} INFO - DAG(s) 'latest_only_with_trigger' retrieved from /home/airflow/.local/lib/python3.12/site-packages/airflow/example_dags/example_latest_only_with_trigger.py
[2024-05-02T10:52:04.225+0000] {logging_mixin.py:188} INFO - [2024-05-02T10:52:04.225+0000] {dag.py:3096} INFO - Sync 1 DAGs
[2024-05-02T10:52:04.240+0000] {logging_mixin.py:188} INFO - [2024-05-02T10:52:04.240+0000] {dag.py:3954} INFO - Setting next_dagrun for latest_only_with_trigger to 2024-05-02 04:00:00+00:00, run_after=2024-05-02 08:00:00+00:00
[2024-05-02T10:52:04.262+0000] {processor.py:183} INFO - Processing /home/airflow/.local/lib/python3.12/site-packages/airflow/example_dags/example_latest_only_with_trigger.py took 0.059 seconds
[2024-05-02T10:52:34.987+0000] {processor.py:161} INFO - Started process (PID=461) to work on /home/airflow/.local/lib/python3.12/site-packages/airflow/example_dags/example_latest_only_with_trigger.py
[2024-05-02T10:52:34.987+0000] {processor.py:830} INFO - Processing file /home/airflow/.local/lib/python3.12/site-packages/airflow/example_dags/example_latest_only_with_trigger.py for tasks to queue
[2024-05-02T10:52:34.988+0000] {logging_mixin.py:188} INFO - [2024-05-02T10:52:34.988+0000] {dagbag.py:540} INFO - Filling up the DagBag from /home/airflow/.local/lib/python3.12/site-packages/airflow/example_dags/example_latest_only_with_trigger.py
[2024-05-02T10:52:34.992+0000] {processor.py:840} INFO - DAG(s) 'latest_only_with_trigger' retrieved from /home/airflow/.local/lib/python3.12/site-packages/airflow/example_dags/example_latest_only_with_trigger.py
[2024-05-02T10:52:35.005+0000] {logging_mixin.py:188} INFO - [2024-05-02T10:52:35.005+0000] {dag.py:3096} INFO - Sync 1 DAGs
[2024-05-02T10:52:35.028+0000] {logging_mixin.py:188} INFO - [2024-05-02T10:52:35.028+0000] {dag.py:3954} INFO - Setting next_dagrun for latest_only_with_trigger to 2024-05-02 04:00:00+00:00, run_after=2024-05-02 08:00:00+00:00
[2024-05-02T10:52:35.043+0000] {processor.py:183} INFO - Processing /home/airflow/.local/lib/python3.12/site-packages/airflow/example_dags/example_latest_only_with_trigger.py took 0.059 seconds
[2024-05-02T10:53:05.881+0000] {processor.py:161} INFO - Started process (PID=521) to work on /home/airflow/.local/lib/python3.12/site-packages/airflow/example_dags/example_latest_only_with_trigger.py
[2024-05-02T10:53:05.882+0000] {processor.py:830} INFO - Processing file /home/airflow/.local/lib/python3.12/site-packages/airflow/example_dags/example_latest_only_with_trigger.py for tasks to queue
[2024-05-02T10:53:05.883+0000] {logging_mixin.py:188} INFO - [2024-05-02T10:53:05.883+0000] {dagbag.py:540} INFO - Filling up the DagBag from /home/airflow/.local/lib/python3.12/site-packages/airflow/example_dags/example_latest_only_with_trigger.py
[2024-05-02T10:53:05.887+0000] {processor.py:840} INFO - DAG(s) 'latest_only_with_trigger' retrieved from /home/airflow/.local/lib/python3.12/site-packages/airflow/example_dags/example_latest_only_with_trigger.py
[2024-05-02T10:53:05.900+0000] {logging_mixin.py:188} INFO - [2024-05-02T10:53:05.900+0000] {dag.py:3096} INFO - Sync 1 DAGs
[2024-05-02T10:53:05.940+0000] {logging_mixin.py:188} INFO - [2024-05-02T10:53:05.939+0000] {dag.py:3954} INFO - Setting next_dagrun for latest_only_with_trigger to 2024-05-02 04:00:00+00:00, run_after=2024-05-02 08:00:00+00:00
[2024-05-02T10:53:05.957+0000] {processor.py:183} INFO - Processing /home/airflow/.local/lib/python3.12/site-packages/airflow/example_dags/example_latest_only_with_trigger.py took 0.080 seconds
[2024-05-02T10:53:36.250+0000] {processor.py:161} INFO - Started process (PID=581) to work on /home/airflow/.local/lib/python3.12/site-packages/airflow/example_dags/example_latest_only_with_trigger.py
[2024-05-02T10:53:36.251+0000] {processor.py:830} INFO - Processing file /home/airflow/.local/lib/python3.12/site-packages/airflow/example_dags/example_latest_only_with_trigger.py for tasks to queue
[2024-05-02T10:53:36.252+0000] {logging_mixin.py:188} INFO - [2024-05-02T10:53:36.252+0000] {dagbag.py:540} INFO - Filling up the DagBag from /home/airflow/.local/lib/python3.12/site-packages/airflow/example_dags/example_latest_only_with_trigger.py
[2024-05-02T10:53:36.255+0000] {processor.py:840} INFO - DAG(s) 'latest_only_with_trigger' retrieved from /home/airflow/.local/lib/python3.12/site-packages/airflow/example_dags/example_latest_only_with_trigger.py
[2024-05-02T10:53:36.269+0000] {logging_mixin.py:188} INFO - [2024-05-02T10:53:36.268+0000] {dag.py:3096} INFO - Sync 1 DAGs
[2024-05-02T10:53:36.283+0000] {logging_mixin.py:188} INFO - [2024-05-02T10:53:36.283+0000] {dag.py:3954} INFO - Setting next_dagrun for latest_only_with_trigger to 2024-05-02 04:00:00+00:00, run_after=2024-05-02 08:00:00+00:00
[2024-05-02T10:53:36.295+0000] {processor.py:183} INFO - Processing /home/airflow/.local/lib/python3.12/site-packages/airflow/example_dags/example_latest_only_with_trigger.py took 0.049 seconds
[2024-05-02T10:54:07.203+0000] {processor.py:161} INFO - Started process (PID=641) to work on /home/airflow/.local/lib/python3.12/site-packages/airflow/example_dags/example_latest_only_with_trigger.py
[2024-05-02T10:54:07.204+0000] {processor.py:830} INFO - Processing file /home/airflow/.local/lib/python3.12/site-packages/airflow/example_dags/example_latest_only_with_trigger.py for tasks to queue
[2024-05-02T10:54:07.205+0000] {logging_mixin.py:188} INFO - [2024-05-02T10:54:07.205+0000] {dagbag.py:540} INFO - Filling up the DagBag from /home/airflow/.local/lib/python3.12/site-packages/airflow/example_dags/example_latest_only_with_trigger.py
[2024-05-02T10:54:07.208+0000] {processor.py:840} INFO - DAG(s) 'latest_only_with_trigger' retrieved from /home/airflow/.local/lib/python3.12/site-packages/airflow/example_dags/example_latest_only_with_trigger.py
[2024-05-02T10:54:07.221+0000] {logging_mixin.py:188} INFO - [2024-05-02T10:54:07.221+0000] {dag.py:3096} INFO - Sync 1 DAGs
[2024-05-02T10:54:07.250+0000] {logging_mixin.py:188} INFO - [2024-05-02T10:54:07.250+0000] {dag.py:3954} INFO - Setting next_dagrun for latest_only_with_trigger to 2024-05-02 04:00:00+00:00, run_after=2024-05-02 08:00:00+00:00
[2024-05-02T10:54:07.278+0000] {processor.py:183} INFO - Processing /home/airflow/.local/lib/python3.12/site-packages/airflow/example_dags/example_latest_only_with_trigger.py took 0.078 seconds
[2024-05-02T10:54:37.687+0000] {processor.py:161} INFO - Started process (PID=701) to work on /home/airflow/.local/lib/python3.12/site-packages/airflow/example_dags/example_latest_only_with_trigger.py
[2024-05-02T10:54:37.687+0000] {processor.py:830} INFO - Processing file /home/airflow/.local/lib/python3.12/site-packages/airflow/example_dags/example_latest_only_with_trigger.py for tasks to queue
[2024-05-02T10:54:37.688+0000] {logging_mixin.py:188} INFO - [2024-05-02T10:54:37.688+0000] {dagbag.py:540} INFO - Filling up the DagBag from /home/airflow/.local/lib/python3.12/site-packages/airflow/example_dags/example_latest_only_with_trigger.py
[2024-05-02T10:54:37.692+0000] {processor.py:840} INFO - DAG(s) 'latest_only_with_trigger' retrieved from /home/airflow/.local/lib/python3.12/site-packages/airflow/example_dags/example_latest_only_with_trigger.py
[2024-05-02T10:54:37.706+0000] {logging_mixin.py:188} INFO - [2024-05-02T10:54:37.706+0000] {dag.py:3096} INFO - Sync 1 DAGs
[2024-05-02T10:54:37.743+0000] {logging_mixin.py:188} INFO - [2024-05-02T10:54:37.742+0000] {dag.py:3954} INFO - Setting next_dagrun for latest_only_with_trigger to 2024-05-02 04:00:00+00:00, run_after=2024-05-02 08:00:00+00:00
[2024-05-02T10:54:37.755+0000] {processor.py:183} INFO - Processing /home/airflow/.local/lib/python3.12/site-packages/airflow/example_dags/example_latest_only_with_trigger.py took 0.072 seconds
[2024-05-02T10:55:08.175+0000] {processor.py:161} INFO - Started process (PID=761) to work on /home/airflow/.local/lib/python3.12/site-packages/airflow/example_dags/example_latest_only_with_trigger.py
[2024-05-02T10:55:08.175+0000] {processor.py:830} INFO - Processing file /home/airflow/.local/lib/python3.12/site-packages/airflow/example_dags/example_latest_only_with_trigger.py for tasks to queue
[2024-05-02T10:55:08.176+0000] {logging_mixin.py:188} INFO - [2024-05-02T10:55:08.176+0000] {dagbag.py:540} INFO - Filling up the DagBag from /home/airflow/.local/lib/python3.12/site-packages/airflow/example_dags/example_latest_only_with_trigger.py
[2024-05-02T10:55:08.180+0000] {processor.py:840} INFO - DAG(s) 'latest_only_with_trigger' retrieved from /home/airflow/.local/lib/python3.12/site-packages/airflow/example_dags/example_latest_only_with_trigger.py
[2024-05-02T10:55:08.192+0000] {logging_mixin.py:188} INFO - [2024-05-02T10:55:08.192+0000] {dag.py:3096} INFO - Sync 1 DAGs
[2024-05-02T10:55:08.205+0000] {logging_mixin.py:188} INFO - [2024-05-02T10:55:08.205+0000] {dag.py:3954} INFO - Setting next_dagrun for latest_only_with_trigger to 2024-05-02 04:00:00+00:00, run_after=2024-05-02 08:00:00+00:00
[2024-05-02T10:55:08.233+0000] {processor.py:183} INFO - Processing /home/airflow/.local/lib/python3.12/site-packages/airflow/example_dags/example_latest_only_with_trigger.py took 0.062 seconds
[2024-05-02T10:55:38.401+0000] {processor.py:161} INFO - Started process (PID=821) to work on /home/airflow/.local/lib/python3.12/site-packages/airflow/example_dags/example_latest_only_with_trigger.py
[2024-05-02T10:55:38.401+0000] {processor.py:830} INFO - Processing file /home/airflow/.local/lib/python3.12/site-packages/airflow/example_dags/example_latest_only_with_trigger.py for tasks to queue
[2024-05-02T10:55:38.402+0000] {logging_mixin.py:188} INFO - [2024-05-02T10:55:38.402+0000] {dagbag.py:540} INFO - Filling up the DagBag from /home/airflow/.local/lib/python3.12/site-packages/airflow/example_dags/example_latest_only_with_trigger.py
[2024-05-02T10:55:38.406+0000] {processor.py:840} INFO - DAG(s) 'latest_only_with_trigger' retrieved from /home/airflow/.local/lib/python3.12/site-packages/airflow/example_dags/example_latest_only_with_trigger.py
[2024-05-02T10:55:38.418+0000] {logging_mixin.py:188} INFO - [2024-05-02T10:55:38.418+0000] {dag.py:3096} INFO - Sync 1 DAGs
[2024-05-02T10:55:38.458+0000] {logging_mixin.py:188} INFO - [2024-05-02T10:55:38.458+0000] {dag.py:3954} INFO - Setting next_dagrun for latest_only_with_trigger to 2024-05-02 04:00:00+00:00, run_after=2024-05-02 08:00:00+00:00
[2024-05-02T10:55:38.470+0000] {processor.py:183} INFO - Processing /home/airflow/.local/lib/python3.12/site-packages/airflow/example_dags/example_latest_only_with_trigger.py took 0.073 seconds
[2024-05-02T10:56:09.144+0000] {processor.py:161} INFO - Started process (PID=881) to work on /home/airflow/.local/lib/python3.12/site-packages/airflow/example_dags/example_latest_only_with_trigger.py
[2024-05-02T10:56:09.144+0000] {processor.py:830} INFO - Processing file /home/airflow/.local/lib/python3.12/site-packages/airflow/example_dags/example_latest_only_with_trigger.py for tasks to queue
[2024-05-02T10:56:09.145+0000] {logging_mixin.py:188} INFO - [2024-05-02T10:56:09.145+0000] {dagbag.py:540} INFO - Filling up the DagBag from /home/airflow/.local/lib/python3.12/site-packages/airflow/example_dags/example_latest_only_with_trigger.py
[2024-05-02T10:56:09.148+0000] {processor.py:840} INFO - DAG(s) 'latest_only_with_trigger' retrieved from /home/airflow/.local/lib/python3.12/site-packages/airflow/example_dags/example_latest_only_with_trigger.py
[2024-05-02T10:56:09.161+0000] {logging_mixin.py:188} INFO - [2024-05-02T10:56:09.161+0000] {dag.py:3096} INFO - Sync 1 DAGs
[2024-05-02T10:56:09.195+0000] {logging_mixin.py:188} INFO - [2024-05-02T10:56:09.195+0000] {dag.py:3954} INFO - Setting next_dagrun for latest_only_with_trigger to 2024-05-02 04:00:00+00:00, run_after=2024-05-02 08:00:00+00:00
[2024-05-02T10:56:09.209+0000] {processor.py:183} INFO - Processing /home/airflow/.local/lib/python3.12/site-packages/airflow/example_dags/example_latest_only_with_trigger.py took 0.069 seconds
[2024-05-02T10:56:39.437+0000] {processor.py:161} INFO - Started process (PID=941) to work on /home/airflow/.local/lib/python3.12/site-packages/airflow/example_dags/example_latest_only_with_trigger.py
[2024-05-02T10:56:39.437+0000] {processor.py:830} INFO - Processing file /home/airflow/.local/lib/python3.12/site-packages/airflow/example_dags/example_latest_only_with_trigger.py for tasks to queue
[2024-05-02T10:56:39.438+0000] {logging_mixin.py:188} INFO - [2024-05-02T10:56:39.438+0000] {dagbag.py:540} INFO - Filling up the DagBag from /home/airflow/.local/lib/python3.12/site-packages/airflow/example_dags/example_latest_only_with_trigger.py
[2024-05-02T10:56:39.442+0000] {processor.py:840} INFO - DAG(s) 'latest_only_with_trigger' retrieved from /home/airflow/.local/lib/python3.12/site-packages/airflow/example_dags/example_latest_only_with_trigger.py
[2024-05-02T10:56:39.455+0000] {logging_mixin.py:188} INFO - [2024-05-02T10:56:39.455+0000] {dag.py:3096} INFO - Sync 1 DAGs
[2024-05-02T10:56:39.467+0000] {logging_mixin.py:188} INFO - [2024-05-02T10:56:39.467+0000] {dag.py:3954} INFO - Setting next_dagrun for latest_only_with_trigger to 2024-05-02 04:00:00+00:00, run_after=2024-05-02 08:00:00+00:00
[2024-05-02T10:56:39.588+0000] {processor.py:183} INFO - Processing /home/airflow/.local/lib/python3.12/site-packages/airflow/example_dags/example_latest_only_with_trigger.py took 0.155 seconds
[2024-05-02T10:57:10.704+0000] {processor.py:161} INFO - Started process (PID=1001) to work on /home/airflow/.local/lib/python3.12/site-packages/airflow/example_dags/example_latest_only_with_trigger.py
[2024-05-02T10:57:10.704+0000] {processor.py:830} INFO - Processing file /home/airflow/.local/lib/python3.12/site-packages/airflow/example_dags/example_latest_only_with_trigger.py for tasks to queue
[2024-05-02T10:57:10.705+0000] {logging_mixin.py:188} INFO - [2024-05-02T10:57:10.705+0000] {dagbag.py:540} INFO - Filling up the DagBag from /home/airflow/.local/lib/python3.12/site-packages/airflow/example_dags/example_latest_only_with_trigger.py
[2024-05-02T10:57:10.708+0000] {processor.py:840} INFO - DAG(s) 'latest_only_with_trigger' retrieved from /home/airflow/.local/lib/python3.12/site-packages/airflow/example_dags/example_latest_only_with_trigger.py
[2024-05-02T10:57:10.720+0000] {logging_mixin.py:188} INFO - [2024-05-02T10:57:10.720+0000] {dag.py:3096} INFO - Sync 1 DAGs
[2024-05-02T10:57:10.745+0000] {logging_mixin.py:188} INFO - [2024-05-02T10:57:10.744+0000] {dag.py:3954} INFO - Setting next_dagrun for latest_only_with_trigger to 2024-05-02 04:00:00+00:00, run_after=2024-05-02 08:00:00+00:00
[2024-05-02T10:57:10.766+0000] {processor.py:183} INFO - Processing /home/airflow/.local/lib/python3.12/site-packages/airflow/example_dags/example_latest_only_with_trigger.py took 0.067 seconds
