[2024-05-02T10:20:06.270+0000] {processor.py:161} INFO - Started process (PID=49) to work on /home/airflow/.local/lib/python3.12/site-packages/airflow/example_dags/example_branch_python_dop_operator_3.py
[2024-05-02T10:20:06.271+0000] {processor.py:830} INFO - Processing file /home/airflow/.local/lib/python3.12/site-packages/airflow/example_dags/example_branch_python_dop_operator_3.py for tasks to queue
[2024-05-02T10:20:06.272+0000] {logging_mixin.py:188} INFO - [2024-05-02T10:20:06.271+0000] {dagbag.py:540} INFO - Filling up the DagBag from /home/airflow/.local/lib/python3.12/site-packages/airflow/example_dags/example_branch_python_dop_operator_3.py
[2024-05-02T10:20:06.280+0000] {processor.py:840} INFO - DAG(s) 'example_branch_dop_operator_v3' retrieved from /home/airflow/.local/lib/python3.12/site-packages/airflow/example_dags/example_branch_python_dop_operator_3.py
[2024-05-02T10:20:06.287+0000] {logging_mixin.py:188} INFO - [2024-05-02T10:20:06.287+0000] {dag.py:3096} INFO - Sync 1 DAGs
[2024-05-02T10:20:06.304+0000] {logging_mixin.py:188} INFO - [2024-05-02T10:20:06.304+0000] {dag.py:3954} INFO - Setting next_dagrun for example_branch_dop_operator_v3 to 2024-05-02 10:19:00+00:00, run_after=2024-05-02 10:20:00+00:00
[2024-05-02T10:20:06.317+0000] {processor.py:183} INFO - Processing /home/airflow/.local/lib/python3.12/site-packages/airflow/example_dags/example_branch_python_dop_operator_3.py took 0.051 seconds
[2024-05-02T10:20:37.043+0000] {processor.py:161} INFO - Started process (PID=107) to work on /home/airflow/.local/lib/python3.12/site-packages/airflow/example_dags/example_branch_python_dop_operator_3.py
[2024-05-02T10:20:37.044+0000] {processor.py:830} INFO - Processing file /home/airflow/.local/lib/python3.12/site-packages/airflow/example_dags/example_branch_python_dop_operator_3.py for tasks to queue
[2024-05-02T10:20:37.045+0000] {logging_mixin.py:188} INFO - [2024-05-02T10:20:37.044+0000] {dagbag.py:540} INFO - Filling up the DagBag from /home/airflow/.local/lib/python3.12/site-packages/airflow/example_dags/example_branch_python_dop_operator_3.py
[2024-05-02T10:20:37.050+0000] {processor.py:840} INFO - DAG(s) 'example_branch_dop_operator_v3' retrieved from /home/airflow/.local/lib/python3.12/site-packages/airflow/example_dags/example_branch_python_dop_operator_3.py
[2024-05-02T10:20:37.117+0000] {logging_mixin.py:188} INFO - [2024-05-02T10:20:37.117+0000] {dag.py:3096} INFO - Sync 1 DAGs
[2024-05-02T10:20:37.133+0000] {logging_mixin.py:188} INFO - [2024-05-02T10:20:37.133+0000] {dag.py:3954} INFO - Setting next_dagrun for example_branch_dop_operator_v3 to 2024-05-02 10:19:00+00:00, run_after=2024-05-02 10:20:00+00:00
[2024-05-02T10:20:37.150+0000] {processor.py:183} INFO - Processing /home/airflow/.local/lib/python3.12/site-packages/airflow/example_dags/example_branch_python_dop_operator_3.py took 0.110 seconds
[2024-05-02T10:21:07.334+0000] {processor.py:161} INFO - Started process (PID=166) to work on /home/airflow/.local/lib/python3.12/site-packages/airflow/example_dags/example_branch_python_dop_operator_3.py
[2024-05-02T10:21:07.334+0000] {processor.py:830} INFO - Processing file /home/airflow/.local/lib/python3.12/site-packages/airflow/example_dags/example_branch_python_dop_operator_3.py for tasks to queue
[2024-05-02T10:21:07.335+0000] {logging_mixin.py:188} INFO - [2024-05-02T10:21:07.335+0000] {dagbag.py:540} INFO - Filling up the DagBag from /home/airflow/.local/lib/python3.12/site-packages/airflow/example_dags/example_branch_python_dop_operator_3.py
[2024-05-02T10:21:07.340+0000] {processor.py:840} INFO - DAG(s) 'example_branch_dop_operator_v3' retrieved from /home/airflow/.local/lib/python3.12/site-packages/airflow/example_dags/example_branch_python_dop_operator_3.py
[2024-05-02T10:21:07.352+0000] {logging_mixin.py:188} INFO - [2024-05-02T10:21:07.352+0000] {dag.py:3096} INFO - Sync 1 DAGs
[2024-05-02T10:21:07.368+0000] {logging_mixin.py:188} INFO - [2024-05-02T10:21:07.368+0000] {dag.py:3954} INFO - Setting next_dagrun for example_branch_dop_operator_v3 to 2024-05-02 10:20:00+00:00, run_after=2024-05-02 10:21:00+00:00
[2024-05-02T10:21:07.379+0000] {processor.py:183} INFO - Processing /home/airflow/.local/lib/python3.12/site-packages/airflow/example_dags/example_branch_python_dop_operator_3.py took 0.049 seconds
[2024-05-02T10:21:37.651+0000] {processor.py:161} INFO - Started process (PID=224) to work on /home/airflow/.local/lib/python3.12/site-packages/airflow/example_dags/example_branch_python_dop_operator_3.py
[2024-05-02T10:21:37.651+0000] {processor.py:830} INFO - Processing file /home/airflow/.local/lib/python3.12/site-packages/airflow/example_dags/example_branch_python_dop_operator_3.py for tasks to queue
[2024-05-02T10:21:37.652+0000] {logging_mixin.py:188} INFO - [2024-05-02T10:21:37.652+0000] {dagbag.py:540} INFO - Filling up the DagBag from /home/airflow/.local/lib/python3.12/site-packages/airflow/example_dags/example_branch_python_dop_operator_3.py
[2024-05-02T10:21:37.657+0000] {processor.py:840} INFO - DAG(s) 'example_branch_dop_operator_v3' retrieved from /home/airflow/.local/lib/python3.12/site-packages/airflow/example_dags/example_branch_python_dop_operator_3.py
[2024-05-02T10:21:37.668+0000] {logging_mixin.py:188} INFO - [2024-05-02T10:21:37.668+0000] {dag.py:3096} INFO - Sync 1 DAGs
[2024-05-02T10:21:37.684+0000] {logging_mixin.py:188} INFO - [2024-05-02T10:21:37.683+0000] {dag.py:3954} INFO - Setting next_dagrun for example_branch_dop_operator_v3 to 2024-05-02 10:20:00+00:00, run_after=2024-05-02 10:21:00+00:00
[2024-05-02T10:21:37.695+0000] {processor.py:183} INFO - Processing /home/airflow/.local/lib/python3.12/site-packages/airflow/example_dags/example_branch_python_dop_operator_3.py took 0.048 seconds
[2024-05-02T10:22:09.101+0000] {processor.py:161} INFO - Started process (PID=282) to work on /home/airflow/.local/lib/python3.12/site-packages/airflow/example_dags/example_branch_python_dop_operator_3.py
[2024-05-02T10:22:09.101+0000] {processor.py:830} INFO - Processing file /home/airflow/.local/lib/python3.12/site-packages/airflow/example_dags/example_branch_python_dop_operator_3.py for tasks to queue
[2024-05-02T10:22:09.102+0000] {logging_mixin.py:188} INFO - [2024-05-02T10:22:09.102+0000] {dagbag.py:540} INFO - Filling up the DagBag from /home/airflow/.local/lib/python3.12/site-packages/airflow/example_dags/example_branch_python_dop_operator_3.py
[2024-05-02T10:22:09.107+0000] {processor.py:840} INFO - DAG(s) 'example_branch_dop_operator_v3' retrieved from /home/airflow/.local/lib/python3.12/site-packages/airflow/example_dags/example_branch_python_dop_operator_3.py
[2024-05-02T10:22:09.119+0000] {logging_mixin.py:188} INFO - [2024-05-02T10:22:09.119+0000] {dag.py:3096} INFO - Sync 1 DAGs
[2024-05-02T10:22:09.135+0000] {logging_mixin.py:188} INFO - [2024-05-02T10:22:09.135+0000] {dag.py:3954} INFO - Setting next_dagrun for example_branch_dop_operator_v3 to 2024-05-02 10:21:00+00:00, run_after=2024-05-02 10:22:00+00:00
[2024-05-02T10:22:09.147+0000] {processor.py:183} INFO - Processing /home/airflow/.local/lib/python3.12/site-packages/airflow/example_dags/example_branch_python_dop_operator_3.py took 0.049 seconds
[2024-05-02T10:22:39.890+0000] {processor.py:161} INFO - Started process (PID=340) to work on /home/airflow/.local/lib/python3.12/site-packages/airflow/example_dags/example_branch_python_dop_operator_3.py
[2024-05-02T10:22:39.890+0000] {processor.py:830} INFO - Processing file /home/airflow/.local/lib/python3.12/site-packages/airflow/example_dags/example_branch_python_dop_operator_3.py for tasks to queue
[2024-05-02T10:22:39.891+0000] {logging_mixin.py:188} INFO - [2024-05-02T10:22:39.891+0000] {dagbag.py:540} INFO - Filling up the DagBag from /home/airflow/.local/lib/python3.12/site-packages/airflow/example_dags/example_branch_python_dop_operator_3.py
[2024-05-02T10:22:39.896+0000] {processor.py:840} INFO - DAG(s) 'example_branch_dop_operator_v3' retrieved from /home/airflow/.local/lib/python3.12/site-packages/airflow/example_dags/example_branch_python_dop_operator_3.py
[2024-05-02T10:22:39.908+0000] {logging_mixin.py:188} INFO - [2024-05-02T10:22:39.908+0000] {dag.py:3096} INFO - Sync 1 DAGs
[2024-05-02T10:22:39.924+0000] {logging_mixin.py:188} INFO - [2024-05-02T10:22:39.923+0000] {dag.py:3954} INFO - Setting next_dagrun for example_branch_dop_operator_v3 to 2024-05-02 10:21:00+00:00, run_after=2024-05-02 10:22:00+00:00
[2024-05-02T10:22:39.936+0000] {processor.py:183} INFO - Processing /home/airflow/.local/lib/python3.12/site-packages/airflow/example_dags/example_branch_python_dop_operator_3.py took 0.049 seconds
[2024-05-02T10:23:10.883+0000] {processor.py:161} INFO - Started process (PID=398) to work on /home/airflow/.local/lib/python3.12/site-packages/airflow/example_dags/example_branch_python_dop_operator_3.py
[2024-05-02T10:23:10.884+0000] {processor.py:830} INFO - Processing file /home/airflow/.local/lib/python3.12/site-packages/airflow/example_dags/example_branch_python_dop_operator_3.py for tasks to queue
[2024-05-02T10:23:10.885+0000] {logging_mixin.py:188} INFO - [2024-05-02T10:23:10.884+0000] {dagbag.py:540} INFO - Filling up the DagBag from /home/airflow/.local/lib/python3.12/site-packages/airflow/example_dags/example_branch_python_dop_operator_3.py
[2024-05-02T10:23:10.890+0000] {processor.py:840} INFO - DAG(s) 'example_branch_dop_operator_v3' retrieved from /home/airflow/.local/lib/python3.12/site-packages/airflow/example_dags/example_branch_python_dop_operator_3.py
[2024-05-02T10:23:10.903+0000] {logging_mixin.py:188} INFO - [2024-05-02T10:23:10.903+0000] {dag.py:3096} INFO - Sync 1 DAGs
[2024-05-02T10:23:10.919+0000] {logging_mixin.py:188} INFO - [2024-05-02T10:23:10.919+0000] {dag.py:3954} INFO - Setting next_dagrun for example_branch_dop_operator_v3 to 2024-05-02 10:22:00+00:00, run_after=2024-05-02 10:23:00+00:00
[2024-05-02T10:23:10.930+0000] {processor.py:183} INFO - Processing /home/airflow/.local/lib/python3.12/site-packages/airflow/example_dags/example_branch_python_dop_operator_3.py took 0.051 seconds
[2024-05-02T10:23:41.253+0000] {processor.py:161} INFO - Started process (PID=456) to work on /home/airflow/.local/lib/python3.12/site-packages/airflow/example_dags/example_branch_python_dop_operator_3.py
[2024-05-02T10:23:41.253+0000] {processor.py:830} INFO - Processing file /home/airflow/.local/lib/python3.12/site-packages/airflow/example_dags/example_branch_python_dop_operator_3.py for tasks to queue
[2024-05-02T10:23:41.254+0000] {logging_mixin.py:188} INFO - [2024-05-02T10:23:41.254+0000] {dagbag.py:540} INFO - Filling up the DagBag from /home/airflow/.local/lib/python3.12/site-packages/airflow/example_dags/example_branch_python_dop_operator_3.py
[2024-05-02T10:23:41.259+0000] {processor.py:840} INFO - DAG(s) 'example_branch_dop_operator_v3' retrieved from /home/airflow/.local/lib/python3.12/site-packages/airflow/example_dags/example_branch_python_dop_operator_3.py
[2024-05-02T10:23:41.272+0000] {logging_mixin.py:188} INFO - [2024-05-02T10:23:41.271+0000] {dag.py:3096} INFO - Sync 1 DAGs
[2024-05-02T10:23:41.289+0000] {logging_mixin.py:188} INFO - [2024-05-02T10:23:41.288+0000] {dag.py:3954} INFO - Setting next_dagrun for example_branch_dop_operator_v3 to 2024-05-02 10:22:00+00:00, run_after=2024-05-02 10:23:00+00:00
[2024-05-02T10:23:41.300+0000] {processor.py:183} INFO - Processing /home/airflow/.local/lib/python3.12/site-packages/airflow/example_dags/example_branch_python_dop_operator_3.py took 0.051 seconds
[2024-05-02T10:24:11.979+0000] {processor.py:161} INFO - Started process (PID=514) to work on /home/airflow/.local/lib/python3.12/site-packages/airflow/example_dags/example_branch_python_dop_operator_3.py
[2024-05-02T10:24:11.980+0000] {processor.py:830} INFO - Processing file /home/airflow/.local/lib/python3.12/site-packages/airflow/example_dags/example_branch_python_dop_operator_3.py for tasks to queue
[2024-05-02T10:24:11.981+0000] {logging_mixin.py:188} INFO - [2024-05-02T10:24:11.981+0000] {dagbag.py:540} INFO - Filling up the DagBag from /home/airflow/.local/lib/python3.12/site-packages/airflow/example_dags/example_branch_python_dop_operator_3.py
[2024-05-02T10:24:11.986+0000] {processor.py:840} INFO - DAG(s) 'example_branch_dop_operator_v3' retrieved from /home/airflow/.local/lib/python3.12/site-packages/airflow/example_dags/example_branch_python_dop_operator_3.py
[2024-05-02T10:24:11.998+0000] {logging_mixin.py:188} INFO - [2024-05-02T10:24:11.998+0000] {dag.py:3096} INFO - Sync 1 DAGs
[2024-05-02T10:24:12.014+0000] {logging_mixin.py:188} INFO - [2024-05-02T10:24:12.014+0000] {dag.py:3954} INFO - Setting next_dagrun for example_branch_dop_operator_v3 to 2024-05-02 10:23:00+00:00, run_after=2024-05-02 10:24:00+00:00
[2024-05-02T10:24:12.028+0000] {processor.py:183} INFO - Processing /home/airflow/.local/lib/python3.12/site-packages/airflow/example_dags/example_branch_python_dop_operator_3.py took 0.056 seconds
[2024-05-02T10:24:43.071+0000] {processor.py:161} INFO - Started process (PID=572) to work on /home/airflow/.local/lib/python3.12/site-packages/airflow/example_dags/example_branch_python_dop_operator_3.py
[2024-05-02T10:24:43.071+0000] {processor.py:830} INFO - Processing file /home/airflow/.local/lib/python3.12/site-packages/airflow/example_dags/example_branch_python_dop_operator_3.py for tasks to queue
[2024-05-02T10:24:43.072+0000] {logging_mixin.py:188} INFO - [2024-05-02T10:24:43.072+0000] {dagbag.py:540} INFO - Filling up the DagBag from /home/airflow/.local/lib/python3.12/site-packages/airflow/example_dags/example_branch_python_dop_operator_3.py
[2024-05-02T10:24:43.078+0000] {processor.py:840} INFO - DAG(s) 'example_branch_dop_operator_v3' retrieved from /home/airflow/.local/lib/python3.12/site-packages/airflow/example_dags/example_branch_python_dop_operator_3.py
[2024-05-02T10:24:43.093+0000] {logging_mixin.py:188} INFO - [2024-05-02T10:24:43.093+0000] {dag.py:3096} INFO - Sync 1 DAGs
[2024-05-02T10:24:43.141+0000] {logging_mixin.py:188} INFO - [2024-05-02T10:24:43.141+0000] {dag.py:3954} INFO - Setting next_dagrun for example_branch_dop_operator_v3 to 2024-05-02 10:23:00+00:00, run_after=2024-05-02 10:24:00+00:00
[2024-05-02T10:24:43.158+0000] {processor.py:183} INFO - Processing /home/airflow/.local/lib/python3.12/site-packages/airflow/example_dags/example_branch_python_dop_operator_3.py took 0.091 seconds
[2024-05-02T10:25:13.553+0000] {processor.py:161} INFO - Started process (PID=631) to work on /home/airflow/.local/lib/python3.12/site-packages/airflow/example_dags/example_branch_python_dop_operator_3.py
[2024-05-02T10:25:13.553+0000] {processor.py:830} INFO - Processing file /home/airflow/.local/lib/python3.12/site-packages/airflow/example_dags/example_branch_python_dop_operator_3.py for tasks to queue
[2024-05-02T10:25:13.554+0000] {logging_mixin.py:188} INFO - [2024-05-02T10:25:13.554+0000] {dagbag.py:540} INFO - Filling up the DagBag from /home/airflow/.local/lib/python3.12/site-packages/airflow/example_dags/example_branch_python_dop_operator_3.py
[2024-05-02T10:25:13.560+0000] {processor.py:840} INFO - DAG(s) 'example_branch_dop_operator_v3' retrieved from /home/airflow/.local/lib/python3.12/site-packages/airflow/example_dags/example_branch_python_dop_operator_3.py
[2024-05-02T10:25:13.572+0000] {logging_mixin.py:188} INFO - [2024-05-02T10:25:13.572+0000] {dag.py:3096} INFO - Sync 1 DAGs
[2024-05-02T10:25:13.588+0000] {logging_mixin.py:188} INFO - [2024-05-02T10:25:13.588+0000] {dag.py:3954} INFO - Setting next_dagrun for example_branch_dop_operator_v3 to 2024-05-02 10:24:00+00:00, run_after=2024-05-02 10:25:00+00:00
[2024-05-02T10:25:13.602+0000] {processor.py:183} INFO - Processing /home/airflow/.local/lib/python3.12/site-packages/airflow/example_dags/example_branch_python_dop_operator_3.py took 0.053 seconds
[2024-05-02T10:25:44.473+0000] {processor.py:161} INFO - Started process (PID=691) to work on /home/airflow/.local/lib/python3.12/site-packages/airflow/example_dags/example_branch_python_dop_operator_3.py
[2024-05-02T10:25:44.473+0000] {processor.py:830} INFO - Processing file /home/airflow/.local/lib/python3.12/site-packages/airflow/example_dags/example_branch_python_dop_operator_3.py for tasks to queue
[2024-05-02T10:25:44.474+0000] {logging_mixin.py:188} INFO - [2024-05-02T10:25:44.474+0000] {dagbag.py:540} INFO - Filling up the DagBag from /home/airflow/.local/lib/python3.12/site-packages/airflow/example_dags/example_branch_python_dop_operator_3.py
[2024-05-02T10:25:44.479+0000] {processor.py:840} INFO - DAG(s) 'example_branch_dop_operator_v3' retrieved from /home/airflow/.local/lib/python3.12/site-packages/airflow/example_dags/example_branch_python_dop_operator_3.py
[2024-05-02T10:25:44.491+0000] {logging_mixin.py:188} INFO - [2024-05-02T10:25:44.491+0000] {dag.py:3096} INFO - Sync 1 DAGs
[2024-05-02T10:25:44.507+0000] {logging_mixin.py:188} INFO - [2024-05-02T10:25:44.507+0000] {dag.py:3954} INFO - Setting next_dagrun for example_branch_dop_operator_v3 to 2024-05-02 10:24:00+00:00, run_after=2024-05-02 10:25:00+00:00
[2024-05-02T10:25:44.519+0000] {processor.py:183} INFO - Processing /home/airflow/.local/lib/python3.12/site-packages/airflow/example_dags/example_branch_python_dop_operator_3.py took 0.050 seconds
[2024-05-02T10:26:15.068+0000] {processor.py:161} INFO - Started process (PID=750) to work on /home/airflow/.local/lib/python3.12/site-packages/airflow/example_dags/example_branch_python_dop_operator_3.py
[2024-05-02T10:26:15.069+0000] {processor.py:830} INFO - Processing file /home/airflow/.local/lib/python3.12/site-packages/airflow/example_dags/example_branch_python_dop_operator_3.py for tasks to queue
[2024-05-02T10:26:15.070+0000] {logging_mixin.py:188} INFO - [2024-05-02T10:26:15.070+0000] {dagbag.py:540} INFO - Filling up the DagBag from /home/airflow/.local/lib/python3.12/site-packages/airflow/example_dags/example_branch_python_dop_operator_3.py
[2024-05-02T10:26:15.076+0000] {processor.py:840} INFO - DAG(s) 'example_branch_dop_operator_v3' retrieved from /home/airflow/.local/lib/python3.12/site-packages/airflow/example_dags/example_branch_python_dop_operator_3.py
[2024-05-02T10:26:15.091+0000] {logging_mixin.py:188} INFO - [2024-05-02T10:26:15.091+0000] {dag.py:3096} INFO - Sync 1 DAGs
[2024-05-02T10:26:15.108+0000] {logging_mixin.py:188} INFO - [2024-05-02T10:26:15.108+0000] {dag.py:3954} INFO - Setting next_dagrun for example_branch_dop_operator_v3 to 2024-05-02 10:25:00+00:00, run_after=2024-05-02 10:26:00+00:00
[2024-05-02T10:26:15.122+0000] {processor.py:183} INFO - Processing /home/airflow/.local/lib/python3.12/site-packages/airflow/example_dags/example_branch_python_dop_operator_3.py took 0.058 seconds
[2024-05-02T10:26:45.967+0000] {processor.py:161} INFO - Started process (PID=809) to work on /home/airflow/.local/lib/python3.12/site-packages/airflow/example_dags/example_branch_python_dop_operator_3.py
[2024-05-02T10:26:45.968+0000] {processor.py:830} INFO - Processing file /home/airflow/.local/lib/python3.12/site-packages/airflow/example_dags/example_branch_python_dop_operator_3.py for tasks to queue
[2024-05-02T10:26:45.969+0000] {logging_mixin.py:188} INFO - [2024-05-02T10:26:45.969+0000] {dagbag.py:540} INFO - Filling up the DagBag from /home/airflow/.local/lib/python3.12/site-packages/airflow/example_dags/example_branch_python_dop_operator_3.py
[2024-05-02T10:26:45.974+0000] {processor.py:840} INFO - DAG(s) 'example_branch_dop_operator_v3' retrieved from /home/airflow/.local/lib/python3.12/site-packages/airflow/example_dags/example_branch_python_dop_operator_3.py
[2024-05-02T10:26:45.987+0000] {logging_mixin.py:188} INFO - [2024-05-02T10:26:45.987+0000] {dag.py:3096} INFO - Sync 1 DAGs
[2024-05-02T10:26:46.028+0000] {logging_mixin.py:188} INFO - [2024-05-02T10:26:46.028+0000] {dag.py:3954} INFO - Setting next_dagrun for example_branch_dop_operator_v3 to 2024-05-02 10:25:00+00:00, run_after=2024-05-02 10:26:00+00:00
[2024-05-02T10:26:46.054+0000] {processor.py:183} INFO - Processing /home/airflow/.local/lib/python3.12/site-packages/airflow/example_dags/example_branch_python_dop_operator_3.py took 0.090 seconds
[2024-05-02T10:27:16.936+0000] {processor.py:161} INFO - Started process (PID=868) to work on /home/airflow/.local/lib/python3.12/site-packages/airflow/example_dags/example_branch_python_dop_operator_3.py
[2024-05-02T10:27:16.937+0000] {processor.py:830} INFO - Processing file /home/airflow/.local/lib/python3.12/site-packages/airflow/example_dags/example_branch_python_dop_operator_3.py for tasks to queue
[2024-05-02T10:27:16.964+0000] {logging_mixin.py:188} INFO - [2024-05-02T10:27:16.963+0000] {dagbag.py:540} INFO - Filling up the DagBag from /home/airflow/.local/lib/python3.12/site-packages/airflow/example_dags/example_branch_python_dop_operator_3.py
[2024-05-02T10:27:16.972+0000] {processor.py:840} INFO - DAG(s) 'example_branch_dop_operator_v3' retrieved from /home/airflow/.local/lib/python3.12/site-packages/airflow/example_dags/example_branch_python_dop_operator_3.py
[2024-05-02T10:27:16.991+0000] {logging_mixin.py:188} INFO - [2024-05-02T10:27:16.991+0000] {dag.py:3096} INFO - Sync 1 DAGs
[2024-05-02T10:27:17.030+0000] {logging_mixin.py:188} INFO - [2024-05-02T10:27:17.030+0000] {dag.py:3954} INFO - Setting next_dagrun for example_branch_dop_operator_v3 to 2024-05-02 10:26:00+00:00, run_after=2024-05-02 10:27:00+00:00
[2024-05-02T10:27:17.170+0000] {processor.py:183} INFO - Processing /home/airflow/.local/lib/python3.12/site-packages/airflow/example_dags/example_branch_python_dop_operator_3.py took 0.242 seconds
[2024-05-02T10:27:48.064+0000] {processor.py:161} INFO - Started process (PID=927) to work on /home/airflow/.local/lib/python3.12/site-packages/airflow/example_dags/example_branch_python_dop_operator_3.py
[2024-05-02T10:27:48.064+0000] {processor.py:830} INFO - Processing file /home/airflow/.local/lib/python3.12/site-packages/airflow/example_dags/example_branch_python_dop_operator_3.py for tasks to queue
[2024-05-02T10:27:48.083+0000] {logging_mixin.py:188} INFO - [2024-05-02T10:27:48.083+0000] {dagbag.py:540} INFO - Filling up the DagBag from /home/airflow/.local/lib/python3.12/site-packages/airflow/example_dags/example_branch_python_dop_operator_3.py
[2024-05-02T10:27:48.089+0000] {processor.py:840} INFO - DAG(s) 'example_branch_dop_operator_v3' retrieved from /home/airflow/.local/lib/python3.12/site-packages/airflow/example_dags/example_branch_python_dop_operator_3.py
[2024-05-02T10:27:48.102+0000] {logging_mixin.py:188} INFO - [2024-05-02T10:27:48.102+0000] {dag.py:3096} INFO - Sync 1 DAGs
[2024-05-02T10:27:48.141+0000] {logging_mixin.py:188} INFO - [2024-05-02T10:27:48.141+0000] {dag.py:3954} INFO - Setting next_dagrun for example_branch_dop_operator_v3 to 2024-05-02 10:26:00+00:00, run_after=2024-05-02 10:27:00+00:00
[2024-05-02T10:27:48.154+0000] {processor.py:183} INFO - Processing /home/airflow/.local/lib/python3.12/site-packages/airflow/example_dags/example_branch_python_dop_operator_3.py took 0.094 seconds
[2024-05-02T10:28:18.575+0000] {processor.py:161} INFO - Started process (PID=986) to work on /home/airflow/.local/lib/python3.12/site-packages/airflow/example_dags/example_branch_python_dop_operator_3.py
[2024-05-02T10:28:18.576+0000] {processor.py:830} INFO - Processing file /home/airflow/.local/lib/python3.12/site-packages/airflow/example_dags/example_branch_python_dop_operator_3.py for tasks to queue
[2024-05-02T10:28:18.643+0000] {logging_mixin.py:188} INFO - [2024-05-02T10:28:18.643+0000] {dagbag.py:540} INFO - Filling up the DagBag from /home/airflow/.local/lib/python3.12/site-packages/airflow/example_dags/example_branch_python_dop_operator_3.py
[2024-05-02T10:28:18.649+0000] {processor.py:840} INFO - DAG(s) 'example_branch_dop_operator_v3' retrieved from /home/airflow/.local/lib/python3.12/site-packages/airflow/example_dags/example_branch_python_dop_operator_3.py
[2024-05-02T10:28:18.660+0000] {logging_mixin.py:188} INFO - [2024-05-02T10:28:18.660+0000] {dag.py:3096} INFO - Sync 1 DAGs
[2024-05-02T10:28:18.677+0000] {logging_mixin.py:188} INFO - [2024-05-02T10:28:18.677+0000] {dag.py:3954} INFO - Setting next_dagrun for example_branch_dop_operator_v3 to 2024-05-02 10:27:00+00:00, run_after=2024-05-02 10:28:00+00:00
[2024-05-02T10:28:18.698+0000] {processor.py:183} INFO - Processing /home/airflow/.local/lib/python3.12/site-packages/airflow/example_dags/example_branch_python_dop_operator_3.py took 0.126 seconds
[2024-05-02T10:28:49.445+0000] {processor.py:161} INFO - Started process (PID=1045) to work on /home/airflow/.local/lib/python3.12/site-packages/airflow/example_dags/example_branch_python_dop_operator_3.py
[2024-05-02T10:28:49.445+0000] {processor.py:830} INFO - Processing file /home/airflow/.local/lib/python3.12/site-packages/airflow/example_dags/example_branch_python_dop_operator_3.py for tasks to queue
[2024-05-02T10:28:49.813+0000] {logging_mixin.py:188} INFO - [2024-05-02T10:28:49.812+0000] {dagbag.py:540} INFO - Filling up the DagBag from /home/airflow/.local/lib/python3.12/site-packages/airflow/example_dags/example_branch_python_dop_operator_3.py
[2024-05-02T10:28:49.861+0000] {processor.py:840} INFO - DAG(s) 'example_branch_dop_operator_v3' retrieved from /home/airflow/.local/lib/python3.12/site-packages/airflow/example_dags/example_branch_python_dop_operator_3.py
[2024-05-02T10:28:49.872+0000] {logging_mixin.py:188} INFO - [2024-05-02T10:28:49.872+0000] {dag.py:3096} INFO - Sync 1 DAGs
[2024-05-02T10:28:49.888+0000] {logging_mixin.py:188} INFO - [2024-05-02T10:28:49.888+0000] {dag.py:3954} INFO - Setting next_dagrun for example_branch_dop_operator_v3 to 2024-05-02 10:27:00+00:00, run_after=2024-05-02 10:28:00+00:00
[2024-05-02T10:28:49.927+0000] {processor.py:183} INFO - Processing /home/airflow/.local/lib/python3.12/site-packages/airflow/example_dags/example_branch_python_dop_operator_3.py took 0.487 seconds
[2024-05-02T10:29:20.546+0000] {processor.py:161} INFO - Started process (PID=1110) to work on /home/airflow/.local/lib/python3.12/site-packages/airflow/example_dags/example_branch_python_dop_operator_3.py
[2024-05-02T10:29:20.547+0000] {processor.py:830} INFO - Processing file /home/airflow/.local/lib/python3.12/site-packages/airflow/example_dags/example_branch_python_dop_operator_3.py for tasks to queue
[2024-05-02T10:29:20.622+0000] {logging_mixin.py:188} INFO - [2024-05-02T10:29:20.621+0000] {dagbag.py:540} INFO - Filling up the DagBag from /home/airflow/.local/lib/python3.12/site-packages/airflow/example_dags/example_branch_python_dop_operator_3.py
[2024-05-02T10:29:20.627+0000] {processor.py:840} INFO - DAG(s) 'example_branch_dop_operator_v3' retrieved from /home/airflow/.local/lib/python3.12/site-packages/airflow/example_dags/example_branch_python_dop_operator_3.py
[2024-05-02T10:29:20.639+0000] {logging_mixin.py:188} INFO - [2024-05-02T10:29:20.639+0000] {dag.py:3096} INFO - Sync 1 DAGs
[2024-05-02T10:29:20.654+0000] {logging_mixin.py:188} INFO - [2024-05-02T10:29:20.654+0000] {dag.py:3954} INFO - Setting next_dagrun for example_branch_dop_operator_v3 to 2024-05-02 10:28:00+00:00, run_after=2024-05-02 10:29:00+00:00
[2024-05-02T10:29:20.665+0000] {processor.py:183} INFO - Processing /home/airflow/.local/lib/python3.12/site-packages/airflow/example_dags/example_branch_python_dop_operator_3.py took 0.124 seconds
[2024-05-02T10:29:50.866+0000] {processor.py:161} INFO - Started process (PID=1169) to work on /home/airflow/.local/lib/python3.12/site-packages/airflow/example_dags/example_branch_python_dop_operator_3.py
[2024-05-02T10:29:50.867+0000] {processor.py:830} INFO - Processing file /home/airflow/.local/lib/python3.12/site-packages/airflow/example_dags/example_branch_python_dop_operator_3.py for tasks to queue
[2024-05-02T10:29:50.912+0000] {logging_mixin.py:188} INFO - [2024-05-02T10:29:50.912+0000] {dagbag.py:540} INFO - Filling up the DagBag from /home/airflow/.local/lib/python3.12/site-packages/airflow/example_dags/example_branch_python_dop_operator_3.py
[2024-05-02T10:29:50.917+0000] {processor.py:840} INFO - DAG(s) 'example_branch_dop_operator_v3' retrieved from /home/airflow/.local/lib/python3.12/site-packages/airflow/example_dags/example_branch_python_dop_operator_3.py
[2024-05-02T10:29:50.929+0000] {logging_mixin.py:188} INFO - [2024-05-02T10:29:50.929+0000] {dag.py:3096} INFO - Sync 1 DAGs
[2024-05-02T10:29:50.949+0000] {logging_mixin.py:188} INFO - [2024-05-02T10:29:50.949+0000] {dag.py:3954} INFO - Setting next_dagrun for example_branch_dop_operator_v3 to 2024-05-02 10:28:00+00:00, run_after=2024-05-02 10:29:00+00:00
[2024-05-02T10:29:50.968+0000] {processor.py:183} INFO - Processing /home/airflow/.local/lib/python3.12/site-packages/airflow/example_dags/example_branch_python_dop_operator_3.py took 0.115 seconds
[2024-05-02T10:30:21.074+0000] {processor.py:161} INFO - Started process (PID=1228) to work on /home/airflow/.local/lib/python3.12/site-packages/airflow/example_dags/example_branch_python_dop_operator_3.py
[2024-05-02T10:30:21.074+0000] {processor.py:830} INFO - Processing file /home/airflow/.local/lib/python3.12/site-packages/airflow/example_dags/example_branch_python_dop_operator_3.py for tasks to queue
[2024-05-02T10:30:21.387+0000] {logging_mixin.py:188} INFO - [2024-05-02T10:30:21.387+0000] {dagbag.py:540} INFO - Filling up the DagBag from /home/airflow/.local/lib/python3.12/site-packages/airflow/example_dags/example_branch_python_dop_operator_3.py
[2024-05-02T10:30:21.440+0000] {processor.py:840} INFO - DAG(s) 'example_branch_dop_operator_v3' retrieved from /home/airflow/.local/lib/python3.12/site-packages/airflow/example_dags/example_branch_python_dop_operator_3.py
[2024-05-02T10:30:21.452+0000] {logging_mixin.py:188} INFO - [2024-05-02T10:30:21.452+0000] {dag.py:3096} INFO - Sync 1 DAGs
[2024-05-02T10:30:21.469+0000] {logging_mixin.py:188} INFO - [2024-05-02T10:30:21.469+0000] {dag.py:3954} INFO - Setting next_dagrun for example_branch_dop_operator_v3 to 2024-05-02 10:29:00+00:00, run_after=2024-05-02 10:30:00+00:00
[2024-05-02T10:30:21.484+0000] {processor.py:183} INFO - Processing /home/airflow/.local/lib/python3.12/site-packages/airflow/example_dags/example_branch_python_dop_operator_3.py took 0.415 seconds
[2024-05-02T10:30:52.699+0000] {processor.py:161} INFO - Started process (PID=1289) to work on /home/airflow/.local/lib/python3.12/site-packages/airflow/example_dags/example_branch_python_dop_operator_3.py
[2024-05-02T10:30:52.699+0000] {processor.py:830} INFO - Processing file /home/airflow/.local/lib/python3.12/site-packages/airflow/example_dags/example_branch_python_dop_operator_3.py for tasks to queue
[2024-05-02T10:30:52.727+0000] {logging_mixin.py:188} INFO - [2024-05-02T10:30:52.726+0000] {dagbag.py:540} INFO - Filling up the DagBag from /home/airflow/.local/lib/python3.12/site-packages/airflow/example_dags/example_branch_python_dop_operator_3.py
[2024-05-02T10:30:52.733+0000] {processor.py:840} INFO - DAG(s) 'example_branch_dop_operator_v3' retrieved from /home/airflow/.local/lib/python3.12/site-packages/airflow/example_dags/example_branch_python_dop_operator_3.py
[2024-05-02T10:30:52.749+0000] {logging_mixin.py:188} INFO - [2024-05-02T10:30:52.749+0000] {dag.py:3096} INFO - Sync 1 DAGs
[2024-05-02T10:30:52.767+0000] {logging_mixin.py:188} INFO - [2024-05-02T10:30:52.767+0000] {dag.py:3954} INFO - Setting next_dagrun for example_branch_dop_operator_v3 to 2024-05-02 10:29:00+00:00, run_after=2024-05-02 10:30:00+00:00
[2024-05-02T10:30:52.781+0000] {processor.py:183} INFO - Processing /home/airflow/.local/lib/python3.12/site-packages/airflow/example_dags/example_branch_python_dop_operator_3.py took 0.086 seconds
[2024-05-02T10:31:22.945+0000] {processor.py:161} INFO - Started process (PID=1348) to work on /home/airflow/.local/lib/python3.12/site-packages/airflow/example_dags/example_branch_python_dop_operator_3.py
[2024-05-02T10:31:22.946+0000] {processor.py:830} INFO - Processing file /home/airflow/.local/lib/python3.12/site-packages/airflow/example_dags/example_branch_python_dop_operator_3.py for tasks to queue
[2024-05-02T10:31:22.967+0000] {logging_mixin.py:188} INFO - [2024-05-02T10:31:22.967+0000] {dagbag.py:540} INFO - Filling up the DagBag from /home/airflow/.local/lib/python3.12/site-packages/airflow/example_dags/example_branch_python_dop_operator_3.py
[2024-05-02T10:31:22.972+0000] {processor.py:840} INFO - DAG(s) 'example_branch_dop_operator_v3' retrieved from /home/airflow/.local/lib/python3.12/site-packages/airflow/example_dags/example_branch_python_dop_operator_3.py
[2024-05-02T10:31:22.985+0000] {logging_mixin.py:188} INFO - [2024-05-02T10:31:22.985+0000] {dag.py:3096} INFO - Sync 1 DAGs
[2024-05-02T10:31:23.022+0000] {logging_mixin.py:188} INFO - [2024-05-02T10:31:23.022+0000] {dag.py:3954} INFO - Setting next_dagrun for example_branch_dop_operator_v3 to 2024-05-02 10:30:00+00:00, run_after=2024-05-02 10:31:00+00:00
[2024-05-02T10:31:23.035+0000] {processor.py:183} INFO - Processing /home/airflow/.local/lib/python3.12/site-packages/airflow/example_dags/example_branch_python_dop_operator_3.py took 0.095 seconds
[2024-05-02T10:31:53.296+0000] {processor.py:161} INFO - Started process (PID=1407) to work on /home/airflow/.local/lib/python3.12/site-packages/airflow/example_dags/example_branch_python_dop_operator_3.py
[2024-05-02T10:31:53.297+0000] {processor.py:830} INFO - Processing file /home/airflow/.local/lib/python3.12/site-packages/airflow/example_dags/example_branch_python_dop_operator_3.py for tasks to queue
[2024-05-02T10:31:53.321+0000] {logging_mixin.py:188} INFO - [2024-05-02T10:31:53.321+0000] {dagbag.py:540} INFO - Filling up the DagBag from /home/airflow/.local/lib/python3.12/site-packages/airflow/example_dags/example_branch_python_dop_operator_3.py
[2024-05-02T10:31:53.327+0000] {processor.py:840} INFO - DAG(s) 'example_branch_dop_operator_v3' retrieved from /home/airflow/.local/lib/python3.12/site-packages/airflow/example_dags/example_branch_python_dop_operator_3.py
[2024-05-02T10:31:53.338+0000] {logging_mixin.py:188} INFO - [2024-05-02T10:31:53.338+0000] {dag.py:3096} INFO - Sync 1 DAGs
[2024-05-02T10:31:53.353+0000] {logging_mixin.py:188} INFO - [2024-05-02T10:31:53.353+0000] {dag.py:3954} INFO - Setting next_dagrun for example_branch_dop_operator_v3 to 2024-05-02 10:30:00+00:00, run_after=2024-05-02 10:31:00+00:00
[2024-05-02T10:31:53.374+0000] {processor.py:183} INFO - Processing /home/airflow/.local/lib/python3.12/site-packages/airflow/example_dags/example_branch_python_dop_operator_3.py took 0.083 seconds
[2024-05-02T10:32:23.722+0000] {processor.py:161} INFO - Started process (PID=1466) to work on /home/airflow/.local/lib/python3.12/site-packages/airflow/example_dags/example_branch_python_dop_operator_3.py
[2024-05-02T10:32:23.722+0000] {processor.py:830} INFO - Processing file /home/airflow/.local/lib/python3.12/site-packages/airflow/example_dags/example_branch_python_dop_operator_3.py for tasks to queue
[2024-05-02T10:32:23.741+0000] {logging_mixin.py:188} INFO - [2024-05-02T10:32:23.741+0000] {dagbag.py:540} INFO - Filling up the DagBag from /home/airflow/.local/lib/python3.12/site-packages/airflow/example_dags/example_branch_python_dop_operator_3.py
[2024-05-02T10:32:23.747+0000] {processor.py:840} INFO - DAG(s) 'example_branch_dop_operator_v3' retrieved from /home/airflow/.local/lib/python3.12/site-packages/airflow/example_dags/example_branch_python_dop_operator_3.py
[2024-05-02T10:32:23.760+0000] {logging_mixin.py:188} INFO - [2024-05-02T10:32:23.760+0000] {dag.py:3096} INFO - Sync 1 DAGs
[2024-05-02T10:32:23.778+0000] {logging_mixin.py:188} INFO - [2024-05-02T10:32:23.778+0000] {dag.py:3954} INFO - Setting next_dagrun for example_branch_dop_operator_v3 to 2024-05-02 10:31:00+00:00, run_after=2024-05-02 10:32:00+00:00
[2024-05-02T10:32:23.798+0000] {processor.py:183} INFO - Processing /home/airflow/.local/lib/python3.12/site-packages/airflow/example_dags/example_branch_python_dop_operator_3.py took 0.079 seconds
[2024-05-02T10:32:54.253+0000] {processor.py:161} INFO - Started process (PID=1525) to work on /home/airflow/.local/lib/python3.12/site-packages/airflow/example_dags/example_branch_python_dop_operator_3.py
[2024-05-02T10:32:54.254+0000] {processor.py:830} INFO - Processing file /home/airflow/.local/lib/python3.12/site-packages/airflow/example_dags/example_branch_python_dop_operator_3.py for tasks to queue
[2024-05-02T10:32:54.278+0000] {logging_mixin.py:188} INFO - [2024-05-02T10:32:54.278+0000] {dagbag.py:540} INFO - Filling up the DagBag from /home/airflow/.local/lib/python3.12/site-packages/airflow/example_dags/example_branch_python_dop_operator_3.py
[2024-05-02T10:32:54.286+0000] {processor.py:840} INFO - DAG(s) 'example_branch_dop_operator_v3' retrieved from /home/airflow/.local/lib/python3.12/site-packages/airflow/example_dags/example_branch_python_dop_operator_3.py
[2024-05-02T10:32:54.300+0000] {logging_mixin.py:188} INFO - [2024-05-02T10:32:54.300+0000] {dag.py:3096} INFO - Sync 1 DAGs
[2024-05-02T10:32:54.317+0000] {logging_mixin.py:188} INFO - [2024-05-02T10:32:54.317+0000] {dag.py:3954} INFO - Setting next_dagrun for example_branch_dop_operator_v3 to 2024-05-02 10:31:00+00:00, run_after=2024-05-02 10:32:00+00:00
[2024-05-02T10:32:54.333+0000] {processor.py:183} INFO - Processing /home/airflow/.local/lib/python3.12/site-packages/airflow/example_dags/example_branch_python_dop_operator_3.py took 0.085 seconds
[2024-05-02T10:33:24.643+0000] {processor.py:161} INFO - Started process (PID=1584) to work on /home/airflow/.local/lib/python3.12/site-packages/airflow/example_dags/example_branch_python_dop_operator_3.py
[2024-05-02T10:33:24.643+0000] {processor.py:830} INFO - Processing file /home/airflow/.local/lib/python3.12/site-packages/airflow/example_dags/example_branch_python_dop_operator_3.py for tasks to queue
[2024-05-02T10:33:24.684+0000] {logging_mixin.py:188} INFO - [2024-05-02T10:33:24.684+0000] {dagbag.py:540} INFO - Filling up the DagBag from /home/airflow/.local/lib/python3.12/site-packages/airflow/example_dags/example_branch_python_dop_operator_3.py
[2024-05-02T10:33:24.690+0000] {processor.py:840} INFO - DAG(s) 'example_branch_dop_operator_v3' retrieved from /home/airflow/.local/lib/python3.12/site-packages/airflow/example_dags/example_branch_python_dop_operator_3.py
[2024-05-02T10:33:24.701+0000] {logging_mixin.py:188} INFO - [2024-05-02T10:33:24.701+0000] {dag.py:3096} INFO - Sync 1 DAGs
[2024-05-02T10:33:24.718+0000] {logging_mixin.py:188} INFO - [2024-05-02T10:33:24.717+0000] {dag.py:3954} INFO - Setting next_dagrun for example_branch_dop_operator_v3 to 2024-05-02 10:32:00+00:00, run_after=2024-05-02 10:33:00+00:00
[2024-05-02T10:33:24.739+0000] {processor.py:183} INFO - Processing /home/airflow/.local/lib/python3.12/site-packages/airflow/example_dags/example_branch_python_dop_operator_3.py took 0.100 seconds
[2024-05-02T10:33:55.234+0000] {processor.py:161} INFO - Started process (PID=1643) to work on /home/airflow/.local/lib/python3.12/site-packages/airflow/example_dags/example_branch_python_dop_operator_3.py
[2024-05-02T10:33:55.234+0000] {processor.py:830} INFO - Processing file /home/airflow/.local/lib/python3.12/site-packages/airflow/example_dags/example_branch_python_dop_operator_3.py for tasks to queue
[2024-05-02T10:33:55.263+0000] {logging_mixin.py:188} INFO - [2024-05-02T10:33:55.263+0000] {dagbag.py:540} INFO - Filling up the DagBag from /home/airflow/.local/lib/python3.12/site-packages/airflow/example_dags/example_branch_python_dop_operator_3.py
[2024-05-02T10:33:55.269+0000] {processor.py:840} INFO - DAG(s) 'example_branch_dop_operator_v3' retrieved from /home/airflow/.local/lib/python3.12/site-packages/airflow/example_dags/example_branch_python_dop_operator_3.py
[2024-05-02T10:33:55.283+0000] {logging_mixin.py:188} INFO - [2024-05-02T10:33:55.283+0000] {dag.py:3096} INFO - Sync 1 DAGs
[2024-05-02T10:33:55.302+0000] {logging_mixin.py:188} INFO - [2024-05-02T10:33:55.302+0000] {dag.py:3954} INFO - Setting next_dagrun for example_branch_dop_operator_v3 to 2024-05-02 10:32:00+00:00, run_after=2024-05-02 10:33:00+00:00
[2024-05-02T10:33:55.317+0000] {processor.py:183} INFO - Processing /home/airflow/.local/lib/python3.12/site-packages/airflow/example_dags/example_branch_python_dop_operator_3.py took 0.087 seconds
[2024-05-02T10:34:25.663+0000] {processor.py:161} INFO - Started process (PID=1702) to work on /home/airflow/.local/lib/python3.12/site-packages/airflow/example_dags/example_branch_python_dop_operator_3.py
[2024-05-02T10:34:25.664+0000] {processor.py:830} INFO - Processing file /home/airflow/.local/lib/python3.12/site-packages/airflow/example_dags/example_branch_python_dop_operator_3.py for tasks to queue
[2024-05-02T10:34:25.683+0000] {logging_mixin.py:188} INFO - [2024-05-02T10:34:25.683+0000] {dagbag.py:540} INFO - Filling up the DagBag from /home/airflow/.local/lib/python3.12/site-packages/airflow/example_dags/example_branch_python_dop_operator_3.py
[2024-05-02T10:34:25.689+0000] {processor.py:840} INFO - DAG(s) 'example_branch_dop_operator_v3' retrieved from /home/airflow/.local/lib/python3.12/site-packages/airflow/example_dags/example_branch_python_dop_operator_3.py
[2024-05-02T10:34:25.701+0000] {logging_mixin.py:188} INFO - [2024-05-02T10:34:25.700+0000] {dag.py:3096} INFO - Sync 1 DAGs
[2024-05-02T10:34:25.718+0000] {logging_mixin.py:188} INFO - [2024-05-02T10:34:25.717+0000] {dag.py:3954} INFO - Setting next_dagrun for example_branch_dop_operator_v3 to 2024-05-02 10:33:00+00:00, run_after=2024-05-02 10:34:00+00:00
[2024-05-02T10:34:25.733+0000] {processor.py:183} INFO - Processing /home/airflow/.local/lib/python3.12/site-packages/airflow/example_dags/example_branch_python_dop_operator_3.py took 0.076 seconds
[2024-05-02T10:34:56.239+0000] {processor.py:161} INFO - Started process (PID=1761) to work on /home/airflow/.local/lib/python3.12/site-packages/airflow/example_dags/example_branch_python_dop_operator_3.py
[2024-05-02T10:34:56.239+0000] {processor.py:830} INFO - Processing file /home/airflow/.local/lib/python3.12/site-packages/airflow/example_dags/example_branch_python_dop_operator_3.py for tasks to queue
[2024-05-02T10:34:56.296+0000] {logging_mixin.py:188} INFO - [2024-05-02T10:34:56.296+0000] {dagbag.py:540} INFO - Filling up the DagBag from /home/airflow/.local/lib/python3.12/site-packages/airflow/example_dags/example_branch_python_dop_operator_3.py
[2024-05-02T10:34:56.302+0000] {processor.py:840} INFO - DAG(s) 'example_branch_dop_operator_v3' retrieved from /home/airflow/.local/lib/python3.12/site-packages/airflow/example_dags/example_branch_python_dop_operator_3.py
[2024-05-02T10:34:56.314+0000] {logging_mixin.py:188} INFO - [2024-05-02T10:34:56.314+0000] {dag.py:3096} INFO - Sync 1 DAGs
[2024-05-02T10:34:56.331+0000] {logging_mixin.py:188} INFO - [2024-05-02T10:34:56.330+0000] {dag.py:3954} INFO - Setting next_dagrun for example_branch_dop_operator_v3 to 2024-05-02 10:33:00+00:00, run_after=2024-05-02 10:34:00+00:00
[2024-05-02T10:34:56.343+0000] {processor.py:183} INFO - Processing /home/airflow/.local/lib/python3.12/site-packages/airflow/example_dags/example_branch_python_dop_operator_3.py took 0.108 seconds
[2024-05-02T10:35:26.988+0000] {processor.py:161} INFO - Started process (PID=1820) to work on /home/airflow/.local/lib/python3.12/site-packages/airflow/example_dags/example_branch_python_dop_operator_3.py
[2024-05-02T10:35:26.988+0000] {processor.py:830} INFO - Processing file /home/airflow/.local/lib/python3.12/site-packages/airflow/example_dags/example_branch_python_dop_operator_3.py for tasks to queue
[2024-05-02T10:35:27.035+0000] {logging_mixin.py:188} INFO - [2024-05-02T10:35:27.034+0000] {dagbag.py:540} INFO - Filling up the DagBag from /home/airflow/.local/lib/python3.12/site-packages/airflow/example_dags/example_branch_python_dop_operator_3.py
[2024-05-02T10:35:27.040+0000] {processor.py:840} INFO - DAG(s) 'example_branch_dop_operator_v3' retrieved from /home/airflow/.local/lib/python3.12/site-packages/airflow/example_dags/example_branch_python_dop_operator_3.py
[2024-05-02T10:35:27.052+0000] {logging_mixin.py:188} INFO - [2024-05-02T10:35:27.052+0000] {dag.py:3096} INFO - Sync 1 DAGs
[2024-05-02T10:35:27.068+0000] {logging_mixin.py:188} INFO - [2024-05-02T10:35:27.068+0000] {dag.py:3954} INFO - Setting next_dagrun for example_branch_dop_operator_v3 to 2024-05-02 10:34:00+00:00, run_after=2024-05-02 10:35:00+00:00
[2024-05-02T10:35:27.107+0000] {processor.py:183} INFO - Processing /home/airflow/.local/lib/python3.12/site-packages/airflow/example_dags/example_branch_python_dop_operator_3.py took 0.123 seconds
[2024-05-02T10:35:57.243+0000] {processor.py:161} INFO - Started process (PID=1880) to work on /home/airflow/.local/lib/python3.12/site-packages/airflow/example_dags/example_branch_python_dop_operator_3.py
[2024-05-02T10:35:57.243+0000] {processor.py:830} INFO - Processing file /home/airflow/.local/lib/python3.12/site-packages/airflow/example_dags/example_branch_python_dop_operator_3.py for tasks to queue
[2024-05-02T10:35:57.245+0000] {logging_mixin.py:188} INFO - [2024-05-02T10:35:57.244+0000] {dagbag.py:540} INFO - Filling up the DagBag from /home/airflow/.local/lib/python3.12/site-packages/airflow/example_dags/example_branch_python_dop_operator_3.py
[2024-05-02T10:35:57.250+0000] {processor.py:840} INFO - DAG(s) 'example_branch_dop_operator_v3' retrieved from /home/airflow/.local/lib/python3.12/site-packages/airflow/example_dags/example_branch_python_dop_operator_3.py
[2024-05-02T10:35:57.263+0000] {logging_mixin.py:188} INFO - [2024-05-02T10:35:57.262+0000] {dag.py:3096} INFO - Sync 1 DAGs
[2024-05-02T10:35:57.281+0000] {logging_mixin.py:188} INFO - [2024-05-02T10:35:57.281+0000] {dag.py:3954} INFO - Setting next_dagrun for example_branch_dop_operator_v3 to 2024-05-02 10:34:00+00:00, run_after=2024-05-02 10:35:00+00:00
[2024-05-02T10:35:57.307+0000] {processor.py:183} INFO - Processing /home/airflow/.local/lib/python3.12/site-packages/airflow/example_dags/example_branch_python_dop_operator_3.py took 0.072 seconds
[2024-05-02T10:36:27.854+0000] {processor.py:161} INFO - Started process (PID=1938) to work on /home/airflow/.local/lib/python3.12/site-packages/airflow/example_dags/example_branch_python_dop_operator_3.py
[2024-05-02T10:36:27.855+0000] {processor.py:830} INFO - Processing file /home/airflow/.local/lib/python3.12/site-packages/airflow/example_dags/example_branch_python_dop_operator_3.py for tasks to queue
[2024-05-02T10:36:27.881+0000] {logging_mixin.py:188} INFO - [2024-05-02T10:36:27.881+0000] {dagbag.py:540} INFO - Filling up the DagBag from /home/airflow/.local/lib/python3.12/site-packages/airflow/example_dags/example_branch_python_dop_operator_3.py
[2024-05-02T10:36:27.887+0000] {processor.py:840} INFO - DAG(s) 'example_branch_dop_operator_v3' retrieved from /home/airflow/.local/lib/python3.12/site-packages/airflow/example_dags/example_branch_python_dop_operator_3.py
[2024-05-02T10:36:27.898+0000] {logging_mixin.py:188} INFO - [2024-05-02T10:36:27.898+0000] {dag.py:3096} INFO - Sync 1 DAGs
[2024-05-02T10:36:27.914+0000] {logging_mixin.py:188} INFO - [2024-05-02T10:36:27.914+0000] {dag.py:3954} INFO - Setting next_dagrun for example_branch_dop_operator_v3 to 2024-05-02 10:35:00+00:00, run_after=2024-05-02 10:36:00+00:00
[2024-05-02T10:36:27.947+0000] {processor.py:183} INFO - Processing /home/airflow/.local/lib/python3.12/site-packages/airflow/example_dags/example_branch_python_dop_operator_3.py took 0.097 seconds
[2024-05-02T10:36:58.444+0000] {processor.py:161} INFO - Started process (PID=1997) to work on /home/airflow/.local/lib/python3.12/site-packages/airflow/example_dags/example_branch_python_dop_operator_3.py
[2024-05-02T10:36:58.444+0000] {processor.py:830} INFO - Processing file /home/airflow/.local/lib/python3.12/site-packages/airflow/example_dags/example_branch_python_dop_operator_3.py for tasks to queue
[2024-05-02T10:36:58.445+0000] {logging_mixin.py:188} INFO - [2024-05-02T10:36:58.445+0000] {dagbag.py:540} INFO - Filling up the DagBag from /home/airflow/.local/lib/python3.12/site-packages/airflow/example_dags/example_branch_python_dop_operator_3.py
[2024-05-02T10:36:58.450+0000] {processor.py:840} INFO - DAG(s) 'example_branch_dop_operator_v3' retrieved from /home/airflow/.local/lib/python3.12/site-packages/airflow/example_dags/example_branch_python_dop_operator_3.py
[2024-05-02T10:36:58.463+0000] {logging_mixin.py:188} INFO - [2024-05-02T10:36:58.463+0000] {dag.py:3096} INFO - Sync 1 DAGs
[2024-05-02T10:36:58.498+0000] {logging_mixin.py:188} INFO - [2024-05-02T10:36:58.498+0000] {dag.py:3954} INFO - Setting next_dagrun for example_branch_dop_operator_v3 to 2024-05-02 10:35:00+00:00, run_after=2024-05-02 10:36:00+00:00
[2024-05-02T10:36:58.511+0000] {processor.py:183} INFO - Processing /home/airflow/.local/lib/python3.12/site-packages/airflow/example_dags/example_branch_python_dop_operator_3.py took 0.071 seconds
[2024-05-02T10:37:28.686+0000] {processor.py:161} INFO - Started process (PID=2055) to work on /home/airflow/.local/lib/python3.12/site-packages/airflow/example_dags/example_branch_python_dop_operator_3.py
[2024-05-02T10:37:28.686+0000] {processor.py:830} INFO - Processing file /home/airflow/.local/lib/python3.12/site-packages/airflow/example_dags/example_branch_python_dop_operator_3.py for tasks to queue
[2024-05-02T10:37:28.687+0000] {logging_mixin.py:188} INFO - [2024-05-02T10:37:28.687+0000] {dagbag.py:540} INFO - Filling up the DagBag from /home/airflow/.local/lib/python3.12/site-packages/airflow/example_dags/example_branch_python_dop_operator_3.py
[2024-05-02T10:37:28.692+0000] {processor.py:840} INFO - DAG(s) 'example_branch_dop_operator_v3' retrieved from /home/airflow/.local/lib/python3.12/site-packages/airflow/example_dags/example_branch_python_dop_operator_3.py
[2024-05-02T10:37:28.706+0000] {logging_mixin.py:188} INFO - [2024-05-02T10:37:28.706+0000] {dag.py:3096} INFO - Sync 1 DAGs
[2024-05-02T10:37:28.723+0000] {logging_mixin.py:188} INFO - [2024-05-02T10:37:28.723+0000] {dag.py:3954} INFO - Setting next_dagrun for example_branch_dop_operator_v3 to 2024-05-02 10:36:00+00:00, run_after=2024-05-02 10:37:00+00:00
[2024-05-02T10:37:28.757+0000] {processor.py:183} INFO - Processing /home/airflow/.local/lib/python3.12/site-packages/airflow/example_dags/example_branch_python_dop_operator_3.py took 0.074 seconds
[2024-05-02T10:37:59.569+0000] {processor.py:161} INFO - Started process (PID=2113) to work on /home/airflow/.local/lib/python3.12/site-packages/airflow/example_dags/example_branch_python_dop_operator_3.py
[2024-05-02T10:37:59.569+0000] {processor.py:830} INFO - Processing file /home/airflow/.local/lib/python3.12/site-packages/airflow/example_dags/example_branch_python_dop_operator_3.py for tasks to queue
[2024-05-02T10:37:59.570+0000] {logging_mixin.py:188} INFO - [2024-05-02T10:37:59.570+0000] {dagbag.py:540} INFO - Filling up the DagBag from /home/airflow/.local/lib/python3.12/site-packages/airflow/example_dags/example_branch_python_dop_operator_3.py
[2024-05-02T10:37:59.577+0000] {processor.py:840} INFO - DAG(s) 'example_branch_dop_operator_v3' retrieved from /home/airflow/.local/lib/python3.12/site-packages/airflow/example_dags/example_branch_python_dop_operator_3.py
[2024-05-02T10:37:59.589+0000] {logging_mixin.py:188} INFO - [2024-05-02T10:37:59.589+0000] {dag.py:3096} INFO - Sync 1 DAGs
[2024-05-02T10:37:59.604+0000] {logging_mixin.py:188} INFO - [2024-05-02T10:37:59.604+0000] {dag.py:3954} INFO - Setting next_dagrun for example_branch_dop_operator_v3 to 2024-05-02 10:36:00+00:00, run_after=2024-05-02 10:37:00+00:00
[2024-05-02T10:37:59.616+0000] {processor.py:183} INFO - Processing /home/airflow/.local/lib/python3.12/site-packages/airflow/example_dags/example_branch_python_dop_operator_3.py took 0.050 seconds
[2024-05-02T10:38:29.794+0000] {processor.py:161} INFO - Started process (PID=2172) to work on /home/airflow/.local/lib/python3.12/site-packages/airflow/example_dags/example_branch_python_dop_operator_3.py
[2024-05-02T10:38:29.795+0000] {processor.py:830} INFO - Processing file /home/airflow/.local/lib/python3.12/site-packages/airflow/example_dags/example_branch_python_dop_operator_3.py for tasks to queue
[2024-05-02T10:38:29.796+0000] {logging_mixin.py:188} INFO - [2024-05-02T10:38:29.795+0000] {dagbag.py:540} INFO - Filling up the DagBag from /home/airflow/.local/lib/python3.12/site-packages/airflow/example_dags/example_branch_python_dop_operator_3.py
[2024-05-02T10:38:29.801+0000] {processor.py:840} INFO - DAG(s) 'example_branch_dop_operator_v3' retrieved from /home/airflow/.local/lib/python3.12/site-packages/airflow/example_dags/example_branch_python_dop_operator_3.py
[2024-05-02T10:38:29.814+0000] {logging_mixin.py:188} INFO - [2024-05-02T10:38:29.814+0000] {dag.py:3096} INFO - Sync 1 DAGs
[2024-05-02T10:38:29.849+0000] {logging_mixin.py:188} INFO - [2024-05-02T10:38:29.849+0000] {dag.py:3954} INFO - Setting next_dagrun for example_branch_dop_operator_v3 to 2024-05-02 10:37:00+00:00, run_after=2024-05-02 10:38:00+00:00
[2024-05-02T10:38:29.861+0000] {processor.py:183} INFO - Processing /home/airflow/.local/lib/python3.12/site-packages/airflow/example_dags/example_branch_python_dop_operator_3.py took 0.071 seconds
[2024-05-02T10:39:01.349+0000] {processor.py:161} INFO - Started process (PID=2231) to work on /home/airflow/.local/lib/python3.12/site-packages/airflow/example_dags/example_branch_python_dop_operator_3.py
[2024-05-02T10:39:01.349+0000] {processor.py:830} INFO - Processing file /home/airflow/.local/lib/python3.12/site-packages/airflow/example_dags/example_branch_python_dop_operator_3.py for tasks to queue
[2024-05-02T10:39:01.350+0000] {logging_mixin.py:188} INFO - [2024-05-02T10:39:01.350+0000] {dagbag.py:540} INFO - Filling up the DagBag from /home/airflow/.local/lib/python3.12/site-packages/airflow/example_dags/example_branch_python_dop_operator_3.py
[2024-05-02T10:39:01.355+0000] {processor.py:840} INFO - DAG(s) 'example_branch_dop_operator_v3' retrieved from /home/airflow/.local/lib/python3.12/site-packages/airflow/example_dags/example_branch_python_dop_operator_3.py
[2024-05-02T10:39:01.368+0000] {logging_mixin.py:188} INFO - [2024-05-02T10:39:01.368+0000] {dag.py:3096} INFO - Sync 1 DAGs
[2024-05-02T10:39:01.386+0000] {logging_mixin.py:188} INFO - [2024-05-02T10:39:01.386+0000] {dag.py:3954} INFO - Setting next_dagrun for example_branch_dop_operator_v3 to 2024-05-02 10:38:00+00:00, run_after=2024-05-02 10:39:00+00:00
[2024-05-02T10:39:01.418+0000] {processor.py:183} INFO - Processing /home/airflow/.local/lib/python3.12/site-packages/airflow/example_dags/example_branch_python_dop_operator_3.py took 0.073 seconds
[2024-05-02T10:39:32.045+0000] {processor.py:161} INFO - Started process (PID=2290) to work on /home/airflow/.local/lib/python3.12/site-packages/airflow/example_dags/example_branch_python_dop_operator_3.py
[2024-05-02T10:39:32.046+0000] {processor.py:830} INFO - Processing file /home/airflow/.local/lib/python3.12/site-packages/airflow/example_dags/example_branch_python_dop_operator_3.py for tasks to queue
[2024-05-02T10:39:32.070+0000] {logging_mixin.py:188} INFO - [2024-05-02T10:39:32.069+0000] {dagbag.py:540} INFO - Filling up the DagBag from /home/airflow/.local/lib/python3.12/site-packages/airflow/example_dags/example_branch_python_dop_operator_3.py
[2024-05-02T10:39:32.330+0000] {processor.py:840} INFO - DAG(s) 'example_branch_dop_operator_v3' retrieved from /home/airflow/.local/lib/python3.12/site-packages/airflow/example_dags/example_branch_python_dop_operator_3.py
[2024-05-02T10:39:32.375+0000] {logging_mixin.py:188} INFO - [2024-05-02T10:39:32.375+0000] {dag.py:3096} INFO - Sync 1 DAGs
[2024-05-02T10:39:32.405+0000] {logging_mixin.py:188} INFO - [2024-05-02T10:39:32.405+0000] {dag.py:3954} INFO - Setting next_dagrun for example_branch_dop_operator_v3 to 2024-05-02 10:38:00+00:00, run_after=2024-05-02 10:39:00+00:00
[2024-05-02T10:39:32.429+0000] {processor.py:183} INFO - Processing /home/airflow/.local/lib/python3.12/site-packages/airflow/example_dags/example_branch_python_dop_operator_3.py took 0.388 seconds
[2024-05-02T10:40:03.278+0000] {processor.py:161} INFO - Started process (PID=2349) to work on /home/airflow/.local/lib/python3.12/site-packages/airflow/example_dags/example_branch_python_dop_operator_3.py
[2024-05-02T10:40:03.279+0000] {processor.py:830} INFO - Processing file /home/airflow/.local/lib/python3.12/site-packages/airflow/example_dags/example_branch_python_dop_operator_3.py for tasks to queue
[2024-05-02T10:40:03.328+0000] {logging_mixin.py:188} INFO - [2024-05-02T10:40:03.328+0000] {dagbag.py:540} INFO - Filling up the DagBag from /home/airflow/.local/lib/python3.12/site-packages/airflow/example_dags/example_branch_python_dop_operator_3.py
[2024-05-02T10:40:03.333+0000] {processor.py:840} INFO - DAG(s) 'example_branch_dop_operator_v3' retrieved from /home/airflow/.local/lib/python3.12/site-packages/airflow/example_dags/example_branch_python_dop_operator_3.py
[2024-05-02T10:40:03.346+0000] {logging_mixin.py:188} INFO - [2024-05-02T10:40:03.345+0000] {dag.py:3096} INFO - Sync 1 DAGs
[2024-05-02T10:40:03.362+0000] {logging_mixin.py:188} INFO - [2024-05-02T10:40:03.362+0000] {dag.py:3954} INFO - Setting next_dagrun for example_branch_dop_operator_v3 to 2024-05-02 10:39:00+00:00, run_after=2024-05-02 10:40:00+00:00
[2024-05-02T10:40:03.374+0000] {processor.py:183} INFO - Processing /home/airflow/.local/lib/python3.12/site-packages/airflow/example_dags/example_branch_python_dop_operator_3.py took 0.100 seconds
[2024-05-02T10:40:34.483+0000] {processor.py:161} INFO - Started process (PID=2408) to work on /home/airflow/.local/lib/python3.12/site-packages/airflow/example_dags/example_branch_python_dop_operator_3.py
[2024-05-02T10:40:34.483+0000] {processor.py:830} INFO - Processing file /home/airflow/.local/lib/python3.12/site-packages/airflow/example_dags/example_branch_python_dop_operator_3.py for tasks to queue
[2024-05-02T10:40:34.710+0000] {logging_mixin.py:188} INFO - [2024-05-02T10:40:34.709+0000] {dagbag.py:540} INFO - Filling up the DagBag from /home/airflow/.local/lib/python3.12/site-packages/airflow/example_dags/example_branch_python_dop_operator_3.py
[2024-05-02T10:40:34.913+0000] {processor.py:840} INFO - DAG(s) 'example_branch_dop_operator_v3' retrieved from /home/airflow/.local/lib/python3.12/site-packages/airflow/example_dags/example_branch_python_dop_operator_3.py
[2024-05-02T10:40:35.230+0000] {logging_mixin.py:188} INFO - [2024-05-02T10:40:35.229+0000] {dag.py:3096} INFO - Sync 1 DAGs
[2024-05-02T10:40:35.279+0000] {logging_mixin.py:188} INFO - [2024-05-02T10:40:35.279+0000] {dag.py:3954} INFO - Setting next_dagrun for example_branch_dop_operator_v3 to 2024-05-02 10:39:00+00:00, run_after=2024-05-02 10:40:00+00:00
[2024-05-02T10:40:35.295+0000] {processor.py:183} INFO - Processing /home/airflow/.local/lib/python3.12/site-packages/airflow/example_dags/example_branch_python_dop_operator_3.py took 0.815 seconds
[2024-05-02T10:42:28.295+0000] {processor.py:161} INFO - Started process (PID=70) to work on /home/airflow/.local/lib/python3.12/site-packages/airflow/example_dags/example_branch_python_dop_operator_3.py
[2024-05-02T10:42:28.296+0000] {processor.py:830} INFO - Processing file /home/airflow/.local/lib/python3.12/site-packages/airflow/example_dags/example_branch_python_dop_operator_3.py for tasks to queue
[2024-05-02T10:42:28.297+0000] {logging_mixin.py:188} INFO - [2024-05-02T10:42:28.297+0000] {dagbag.py:540} INFO - Filling up the DagBag from /home/airflow/.local/lib/python3.12/site-packages/airflow/example_dags/example_branch_python_dop_operator_3.py
[2024-05-02T10:42:28.304+0000] {processor.py:840} INFO - DAG(s) 'example_branch_dop_operator_v3' retrieved from /home/airflow/.local/lib/python3.12/site-packages/airflow/example_dags/example_branch_python_dop_operator_3.py
[2024-05-02T10:42:28.384+0000] {logging_mixin.py:188} INFO - [2024-05-02T10:42:28.384+0000] {dag.py:3096} INFO - Sync 1 DAGs
[2024-05-02T10:42:28.402+0000] {logging_mixin.py:188} INFO - [2024-05-02T10:42:28.401+0000] {dag.py:3954} INFO - Setting next_dagrun for example_branch_dop_operator_v3 to 2024-05-02 10:41:00+00:00, run_after=2024-05-02 10:42:00+00:00
[2024-05-02T10:42:28.430+0000] {processor.py:183} INFO - Processing /home/airflow/.local/lib/python3.12/site-packages/airflow/example_dags/example_branch_python_dop_operator_3.py took 0.139 seconds
[2024-05-02T10:42:58.931+0000] {processor.py:161} INFO - Started process (PID=129) to work on /home/airflow/.local/lib/python3.12/site-packages/airflow/example_dags/example_branch_python_dop_operator_3.py
[2024-05-02T10:42:58.931+0000] {processor.py:830} INFO - Processing file /home/airflow/.local/lib/python3.12/site-packages/airflow/example_dags/example_branch_python_dop_operator_3.py for tasks to queue
[2024-05-02T10:42:58.932+0000] {logging_mixin.py:188} INFO - [2024-05-02T10:42:58.932+0000] {dagbag.py:540} INFO - Filling up the DagBag from /home/airflow/.local/lib/python3.12/site-packages/airflow/example_dags/example_branch_python_dop_operator_3.py
[2024-05-02T10:42:58.937+0000] {processor.py:840} INFO - DAG(s) 'example_branch_dop_operator_v3' retrieved from /home/airflow/.local/lib/python3.12/site-packages/airflow/example_dags/example_branch_python_dop_operator_3.py
[2024-05-02T10:42:58.950+0000] {logging_mixin.py:188} INFO - [2024-05-02T10:42:58.949+0000] {dag.py:3096} INFO - Sync 1 DAGs
[2024-05-02T10:42:58.990+0000] {logging_mixin.py:188} INFO - [2024-05-02T10:42:58.990+0000] {dag.py:3954} INFO - Setting next_dagrun for example_branch_dop_operator_v3 to 2024-05-02 10:41:00+00:00, run_after=2024-05-02 10:42:00+00:00
[2024-05-02T10:42:59.001+0000] {processor.py:183} INFO - Processing /home/airflow/.local/lib/python3.12/site-packages/airflow/example_dags/example_branch_python_dop_operator_3.py took 0.074 seconds
[2024-05-02T10:43:29.281+0000] {processor.py:161} INFO - Started process (PID=189) to work on /home/airflow/.local/lib/python3.12/site-packages/airflow/example_dags/example_branch_python_dop_operator_3.py
[2024-05-02T10:43:29.281+0000] {processor.py:830} INFO - Processing file /home/airflow/.local/lib/python3.12/site-packages/airflow/example_dags/example_branch_python_dop_operator_3.py for tasks to queue
[2024-05-02T10:43:29.310+0000] {logging_mixin.py:188} INFO - [2024-05-02T10:43:29.309+0000] {dagbag.py:540} INFO - Filling up the DagBag from /home/airflow/.local/lib/python3.12/site-packages/airflow/example_dags/example_branch_python_dop_operator_3.py
[2024-05-02T10:43:29.315+0000] {processor.py:840} INFO - DAG(s) 'example_branch_dop_operator_v3' retrieved from /home/airflow/.local/lib/python3.12/site-packages/airflow/example_dags/example_branch_python_dop_operator_3.py
[2024-05-02T10:43:29.327+0000] {logging_mixin.py:188} INFO - [2024-05-02T10:43:29.327+0000] {dag.py:3096} INFO - Sync 1 DAGs
[2024-05-02T10:43:29.343+0000] {logging_mixin.py:188} INFO - [2024-05-02T10:43:29.343+0000] {dag.py:3954} INFO - Setting next_dagrun for example_branch_dop_operator_v3 to 2024-05-02 10:42:00+00:00, run_after=2024-05-02 10:43:00+00:00
[2024-05-02T10:43:29.358+0000] {processor.py:183} INFO - Processing /home/airflow/.local/lib/python3.12/site-packages/airflow/example_dags/example_branch_python_dop_operator_3.py took 0.085 seconds
[2024-05-02T10:43:59.747+0000] {processor.py:161} INFO - Started process (PID=249) to work on /home/airflow/.local/lib/python3.12/site-packages/airflow/example_dags/example_branch_python_dop_operator_3.py
[2024-05-02T10:43:59.747+0000] {processor.py:830} INFO - Processing file /home/airflow/.local/lib/python3.12/site-packages/airflow/example_dags/example_branch_python_dop_operator_3.py for tasks to queue
[2024-05-02T10:43:59.748+0000] {logging_mixin.py:188} INFO - [2024-05-02T10:43:59.748+0000] {dagbag.py:540} INFO - Filling up the DagBag from /home/airflow/.local/lib/python3.12/site-packages/airflow/example_dags/example_branch_python_dop_operator_3.py
[2024-05-02T10:43:59.754+0000] {processor.py:840} INFO - DAG(s) 'example_branch_dop_operator_v3' retrieved from /home/airflow/.local/lib/python3.12/site-packages/airflow/example_dags/example_branch_python_dop_operator_3.py
[2024-05-02T10:43:59.767+0000] {logging_mixin.py:188} INFO - [2024-05-02T10:43:59.766+0000] {dag.py:3096} INFO - Sync 1 DAGs
[2024-05-02T10:43:59.814+0000] {logging_mixin.py:188} INFO - [2024-05-02T10:43:59.814+0000] {dag.py:3954} INFO - Setting next_dagrun for example_branch_dop_operator_v3 to 2024-05-02 10:42:00+00:00, run_after=2024-05-02 10:43:00+00:00
[2024-05-02T10:43:59.829+0000] {processor.py:183} INFO - Processing /home/airflow/.local/lib/python3.12/site-packages/airflow/example_dags/example_branch_python_dop_operator_3.py took 0.085 seconds
[2024-05-02T10:44:30.305+0000] {processor.py:161} INFO - Started process (PID=309) to work on /home/airflow/.local/lib/python3.12/site-packages/airflow/example_dags/example_branch_python_dop_operator_3.py
[2024-05-02T10:44:30.306+0000] {processor.py:830} INFO - Processing file /home/airflow/.local/lib/python3.12/site-packages/airflow/example_dags/example_branch_python_dop_operator_3.py for tasks to queue
[2024-05-02T10:44:30.336+0000] {logging_mixin.py:188} INFO - [2024-05-02T10:44:30.336+0000] {dagbag.py:540} INFO - Filling up the DagBag from /home/airflow/.local/lib/python3.12/site-packages/airflow/example_dags/example_branch_python_dop_operator_3.py
[2024-05-02T10:44:30.343+0000] {processor.py:840} INFO - DAG(s) 'example_branch_dop_operator_v3' retrieved from /home/airflow/.local/lib/python3.12/site-packages/airflow/example_dags/example_branch_python_dop_operator_3.py
[2024-05-02T10:44:30.355+0000] {logging_mixin.py:188} INFO - [2024-05-02T10:44:30.355+0000] {dag.py:3096} INFO - Sync 1 DAGs
[2024-05-02T10:44:30.372+0000] {logging_mixin.py:188} INFO - [2024-05-02T10:44:30.372+0000] {dag.py:3954} INFO - Setting next_dagrun for example_branch_dop_operator_v3 to 2024-05-02 10:43:00+00:00, run_after=2024-05-02 10:44:00+00:00
[2024-05-02T10:44:30.403+0000] {processor.py:183} INFO - Processing /home/airflow/.local/lib/python3.12/site-packages/airflow/example_dags/example_branch_python_dop_operator_3.py took 0.101 seconds
[2024-05-02T10:45:00.618+0000] {processor.py:161} INFO - Started process (PID=369) to work on /home/airflow/.local/lib/python3.12/site-packages/airflow/example_dags/example_branch_python_dop_operator_3.py
[2024-05-02T10:45:00.619+0000] {processor.py:830} INFO - Processing file /home/airflow/.local/lib/python3.12/site-packages/airflow/example_dags/example_branch_python_dop_operator_3.py for tasks to queue
[2024-05-02T10:45:00.642+0000] {logging_mixin.py:188} INFO - [2024-05-02T10:45:00.642+0000] {dagbag.py:540} INFO - Filling up the DagBag from /home/airflow/.local/lib/python3.12/site-packages/airflow/example_dags/example_branch_python_dop_operator_3.py
[2024-05-02T10:45:00.647+0000] {processor.py:840} INFO - DAG(s) 'example_branch_dop_operator_v3' retrieved from /home/airflow/.local/lib/python3.12/site-packages/airflow/example_dags/example_branch_python_dop_operator_3.py
[2024-05-02T10:45:00.660+0000] {logging_mixin.py:188} INFO - [2024-05-02T10:45:00.660+0000] {dag.py:3096} INFO - Sync 1 DAGs
[2024-05-02T10:45:00.676+0000] {logging_mixin.py:188} INFO - [2024-05-02T10:45:00.676+0000] {dag.py:3954} INFO - Setting next_dagrun for example_branch_dop_operator_v3 to 2024-05-02 10:44:00+00:00, run_after=2024-05-02 10:45:00+00:00
[2024-05-02T10:45:00.707+0000] {processor.py:183} INFO - Processing /home/airflow/.local/lib/python3.12/site-packages/airflow/example_dags/example_branch_python_dop_operator_3.py took 0.094 seconds
[2024-05-02T10:45:31.068+0000] {processor.py:161} INFO - Started process (PID=429) to work on /home/airflow/.local/lib/python3.12/site-packages/airflow/example_dags/example_branch_python_dop_operator_3.py
[2024-05-02T10:45:31.068+0000] {processor.py:830} INFO - Processing file /home/airflow/.local/lib/python3.12/site-packages/airflow/example_dags/example_branch_python_dop_operator_3.py for tasks to queue
[2024-05-02T10:45:31.069+0000] {logging_mixin.py:188} INFO - [2024-05-02T10:45:31.069+0000] {dagbag.py:540} INFO - Filling up the DagBag from /home/airflow/.local/lib/python3.12/site-packages/airflow/example_dags/example_branch_python_dop_operator_3.py
[2024-05-02T10:45:31.074+0000] {processor.py:840} INFO - DAG(s) 'example_branch_dop_operator_v3' retrieved from /home/airflow/.local/lib/python3.12/site-packages/airflow/example_dags/example_branch_python_dop_operator_3.py
[2024-05-02T10:45:31.088+0000] {logging_mixin.py:188} INFO - [2024-05-02T10:45:31.087+0000] {dag.py:3096} INFO - Sync 1 DAGs
[2024-05-02T10:45:31.122+0000] {logging_mixin.py:188} INFO - [2024-05-02T10:45:31.122+0000] {dag.py:3954} INFO - Setting next_dagrun for example_branch_dop_operator_v3 to 2024-05-02 10:44:00+00:00, run_after=2024-05-02 10:45:00+00:00
[2024-05-02T10:45:31.135+0000] {processor.py:183} INFO - Processing /home/airflow/.local/lib/python3.12/site-packages/airflow/example_dags/example_branch_python_dop_operator_3.py took 0.071 seconds
[2024-05-02T10:46:02.508+0000] {processor.py:161} INFO - Started process (PID=495) to work on /home/airflow/.local/lib/python3.12/site-packages/airflow/example_dags/example_branch_python_dop_operator_3.py
[2024-05-02T10:46:02.509+0000] {processor.py:830} INFO - Processing file /home/airflow/.local/lib/python3.12/site-packages/airflow/example_dags/example_branch_python_dop_operator_3.py for tasks to queue
[2024-05-02T10:46:02.534+0000] {logging_mixin.py:188} INFO - [2024-05-02T10:46:02.534+0000] {dagbag.py:540} INFO - Filling up the DagBag from /home/airflow/.local/lib/python3.12/site-packages/airflow/example_dags/example_branch_python_dop_operator_3.py
[2024-05-02T10:46:02.539+0000] {processor.py:840} INFO - DAG(s) 'example_branch_dop_operator_v3' retrieved from /home/airflow/.local/lib/python3.12/site-packages/airflow/example_dags/example_branch_python_dop_operator_3.py
[2024-05-02T10:46:02.551+0000] {logging_mixin.py:188} INFO - [2024-05-02T10:46:02.551+0000] {dag.py:3096} INFO - Sync 1 DAGs
[2024-05-02T10:46:02.567+0000] {logging_mixin.py:188} INFO - [2024-05-02T10:46:02.567+0000] {dag.py:3954} INFO - Setting next_dagrun for example_branch_dop_operator_v3 to 2024-05-02 10:45:00+00:00, run_after=2024-05-02 10:46:00+00:00
[2024-05-02T10:46:02.593+0000] {processor.py:183} INFO - Processing /home/airflow/.local/lib/python3.12/site-packages/airflow/example_dags/example_branch_python_dop_operator_3.py took 0.090 seconds
[2024-05-02T10:46:33.003+0000] {processor.py:161} INFO - Started process (PID=555) to work on /home/airflow/.local/lib/python3.12/site-packages/airflow/example_dags/example_branch_python_dop_operator_3.py
[2024-05-02T10:46:33.003+0000] {processor.py:830} INFO - Processing file /home/airflow/.local/lib/python3.12/site-packages/airflow/example_dags/example_branch_python_dop_operator_3.py for tasks to queue
[2024-05-02T10:46:33.024+0000] {logging_mixin.py:188} INFO - [2024-05-02T10:46:33.024+0000] {dagbag.py:540} INFO - Filling up the DagBag from /home/airflow/.local/lib/python3.12/site-packages/airflow/example_dags/example_branch_python_dop_operator_3.py
[2024-05-02T10:46:33.029+0000] {processor.py:840} INFO - DAG(s) 'example_branch_dop_operator_v3' retrieved from /home/airflow/.local/lib/python3.12/site-packages/airflow/example_dags/example_branch_python_dop_operator_3.py
[2024-05-02T10:46:33.043+0000] {logging_mixin.py:188} INFO - [2024-05-02T10:46:33.043+0000] {dag.py:3096} INFO - Sync 1 DAGs
[2024-05-02T10:46:33.061+0000] {logging_mixin.py:188} INFO - [2024-05-02T10:46:33.061+0000] {dag.py:3954} INFO - Setting next_dagrun for example_branch_dop_operator_v3 to 2024-05-02 10:45:00+00:00, run_after=2024-05-02 10:46:00+00:00
[2024-05-02T10:46:33.079+0000] {processor.py:183} INFO - Processing /home/airflow/.local/lib/python3.12/site-packages/airflow/example_dags/example_branch_python_dop_operator_3.py took 0.080 seconds
[2024-05-02T10:47:03.236+0000] {processor.py:161} INFO - Started process (PID=615) to work on /home/airflow/.local/lib/python3.12/site-packages/airflow/example_dags/example_branch_python_dop_operator_3.py
[2024-05-02T10:47:03.236+0000] {processor.py:830} INFO - Processing file /home/airflow/.local/lib/python3.12/site-packages/airflow/example_dags/example_branch_python_dop_operator_3.py for tasks to queue
[2024-05-02T10:47:03.262+0000] {logging_mixin.py:188} INFO - [2024-05-02T10:47:03.262+0000] {dagbag.py:540} INFO - Filling up the DagBag from /home/airflow/.local/lib/python3.12/site-packages/airflow/example_dags/example_branch_python_dop_operator_3.py
[2024-05-02T10:47:03.289+0000] {processor.py:840} INFO - DAG(s) 'example_branch_dop_operator_v3' retrieved from /home/airflow/.local/lib/python3.12/site-packages/airflow/example_dags/example_branch_python_dop_operator_3.py
[2024-05-02T10:47:03.315+0000] {logging_mixin.py:188} INFO - [2024-05-02T10:47:03.315+0000] {dag.py:3096} INFO - Sync 1 DAGs
[2024-05-02T10:47:03.343+0000] {logging_mixin.py:188} INFO - [2024-05-02T10:47:03.342+0000] {dag.py:3954} INFO - Setting next_dagrun for example_branch_dop_operator_v3 to 2024-05-02 10:46:00+00:00, run_after=2024-05-02 10:47:00+00:00
[2024-05-02T10:47:03.360+0000] {processor.py:183} INFO - Processing /home/airflow/.local/lib/python3.12/site-packages/airflow/example_dags/example_branch_python_dop_operator_3.py took 0.128 seconds
[2024-05-02T10:47:33.502+0000] {processor.py:161} INFO - Started process (PID=674) to work on /home/airflow/.local/lib/python3.12/site-packages/airflow/example_dags/example_branch_python_dop_operator_3.py
[2024-05-02T10:47:33.502+0000] {processor.py:830} INFO - Processing file /home/airflow/.local/lib/python3.12/site-packages/airflow/example_dags/example_branch_python_dop_operator_3.py for tasks to queue
[2024-05-02T10:47:33.503+0000] {logging_mixin.py:188} INFO - [2024-05-02T10:47:33.503+0000] {dagbag.py:540} INFO - Filling up the DagBag from /home/airflow/.local/lib/python3.12/site-packages/airflow/example_dags/example_branch_python_dop_operator_3.py
[2024-05-02T10:47:33.509+0000] {processor.py:840} INFO - DAG(s) 'example_branch_dop_operator_v3' retrieved from /home/airflow/.local/lib/python3.12/site-packages/airflow/example_dags/example_branch_python_dop_operator_3.py
[2024-05-02T10:47:33.520+0000] {logging_mixin.py:188} INFO - [2024-05-02T10:47:33.520+0000] {dag.py:3096} INFO - Sync 1 DAGs
[2024-05-02T10:47:33.536+0000] {logging_mixin.py:188} INFO - [2024-05-02T10:47:33.536+0000] {dag.py:3954} INFO - Setting next_dagrun for example_branch_dop_operator_v3 to 2024-05-02 10:46:00+00:00, run_after=2024-05-02 10:47:00+00:00
[2024-05-02T10:47:33.562+0000] {processor.py:183} INFO - Processing /home/airflow/.local/lib/python3.12/site-packages/airflow/example_dags/example_branch_python_dop_operator_3.py took 0.064 seconds
[2024-05-02T10:48:03.746+0000] {processor.py:161} INFO - Started process (PID=733) to work on /home/airflow/.local/lib/python3.12/site-packages/airflow/example_dags/example_branch_python_dop_operator_3.py
[2024-05-02T10:48:03.746+0000] {processor.py:830} INFO - Processing file /home/airflow/.local/lib/python3.12/site-packages/airflow/example_dags/example_branch_python_dop_operator_3.py for tasks to queue
[2024-05-02T10:48:03.771+0000] {logging_mixin.py:188} INFO - [2024-05-02T10:48:03.770+0000] {dagbag.py:540} INFO - Filling up the DagBag from /home/airflow/.local/lib/python3.12/site-packages/airflow/example_dags/example_branch_python_dop_operator_3.py
[2024-05-02T10:48:03.800+0000] {processor.py:840} INFO - DAG(s) 'example_branch_dop_operator_v3' retrieved from /home/airflow/.local/lib/python3.12/site-packages/airflow/example_dags/example_branch_python_dop_operator_3.py
[2024-05-02T10:48:03.814+0000] {logging_mixin.py:188} INFO - [2024-05-02T10:48:03.813+0000] {dag.py:3096} INFO - Sync 1 DAGs
[2024-05-02T10:48:03.842+0000] {logging_mixin.py:188} INFO - [2024-05-02T10:48:03.842+0000] {dag.py:3954} INFO - Setting next_dagrun for example_branch_dop_operator_v3 to 2024-05-02 10:47:00+00:00, run_after=2024-05-02 10:48:00+00:00
[2024-05-02T10:48:03.855+0000] {processor.py:183} INFO - Processing /home/airflow/.local/lib/python3.12/site-packages/airflow/example_dags/example_branch_python_dop_operator_3.py took 0.116 seconds
[2024-05-02T10:49:27.079+0000] {processor.py:161} INFO - Started process (PID=70) to work on /home/airflow/.local/lib/python3.12/site-packages/airflow/example_dags/example_branch_python_dop_operator_3.py
[2024-05-02T10:49:27.079+0000] {processor.py:830} INFO - Processing file /home/airflow/.local/lib/python3.12/site-packages/airflow/example_dags/example_branch_python_dop_operator_3.py for tasks to queue
[2024-05-02T10:49:27.104+0000] {logging_mixin.py:188} INFO - [2024-05-02T10:49:27.103+0000] {dagbag.py:540} INFO - Filling up the DagBag from /home/airflow/.local/lib/python3.12/site-packages/airflow/example_dags/example_branch_python_dop_operator_3.py
[2024-05-02T10:49:27.112+0000] {processor.py:840} INFO - DAG(s) 'example_branch_dop_operator_v3' retrieved from /home/airflow/.local/lib/python3.12/site-packages/airflow/example_dags/example_branch_python_dop_operator_3.py
[2024-05-02T10:49:27.191+0000] {logging_mixin.py:188} INFO - [2024-05-02T10:49:27.190+0000] {dag.py:3096} INFO - Sync 1 DAGs
[2024-05-02T10:49:27.207+0000] {logging_mixin.py:188} INFO - [2024-05-02T10:49:27.207+0000] {dag.py:3954} INFO - Setting next_dagrun for example_branch_dop_operator_v3 to 2024-05-02 10:48:00+00:00, run_after=2024-05-02 10:49:00+00:00
[2024-05-02T10:49:27.220+0000] {processor.py:183} INFO - Processing /home/airflow/.local/lib/python3.12/site-packages/airflow/example_dags/example_branch_python_dop_operator_3.py took 0.145 seconds
[2024-05-02T10:49:57.990+0000] {processor.py:161} INFO - Started process (PID=130) to work on /home/airflow/.local/lib/python3.12/site-packages/airflow/example_dags/example_branch_python_dop_operator_3.py
[2024-05-02T10:49:57.991+0000] {processor.py:830} INFO - Processing file /home/airflow/.local/lib/python3.12/site-packages/airflow/example_dags/example_branch_python_dop_operator_3.py for tasks to queue
[2024-05-02T10:49:58.016+0000] {logging_mixin.py:188} INFO - [2024-05-02T10:49:58.016+0000] {dagbag.py:540} INFO - Filling up the DagBag from /home/airflow/.local/lib/python3.12/site-packages/airflow/example_dags/example_branch_python_dop_operator_3.py
[2024-05-02T10:49:58.021+0000] {processor.py:840} INFO - DAG(s) 'example_branch_dop_operator_v3' retrieved from /home/airflow/.local/lib/python3.12/site-packages/airflow/example_dags/example_branch_python_dop_operator_3.py
[2024-05-02T10:49:58.036+0000] {logging_mixin.py:188} INFO - [2024-05-02T10:49:58.036+0000] {dag.py:3096} INFO - Sync 1 DAGs
[2024-05-02T10:49:58.052+0000] {logging_mixin.py:188} INFO - [2024-05-02T10:49:58.052+0000] {dag.py:3954} INFO - Setting next_dagrun for example_branch_dop_operator_v3 to 2024-05-02 10:48:00+00:00, run_after=2024-05-02 10:49:00+00:00
[2024-05-02T10:49:58.071+0000] {processor.py:183} INFO - Processing /home/airflow/.local/lib/python3.12/site-packages/airflow/example_dags/example_branch_python_dop_operator_3.py took 0.088 seconds
[2024-05-02T10:50:28.614+0000] {processor.py:161} INFO - Started process (PID=190) to work on /home/airflow/.local/lib/python3.12/site-packages/airflow/example_dags/example_branch_python_dop_operator_3.py
[2024-05-02T10:50:28.615+0000] {processor.py:830} INFO - Processing file /home/airflow/.local/lib/python3.12/site-packages/airflow/example_dags/example_branch_python_dop_operator_3.py for tasks to queue
[2024-05-02T10:50:28.616+0000] {logging_mixin.py:188} INFO - [2024-05-02T10:50:28.616+0000] {dagbag.py:540} INFO - Filling up the DagBag from /home/airflow/.local/lib/python3.12/site-packages/airflow/example_dags/example_branch_python_dop_operator_3.py
[2024-05-02T10:50:28.621+0000] {processor.py:840} INFO - DAG(s) 'example_branch_dop_operator_v3' retrieved from /home/airflow/.local/lib/python3.12/site-packages/airflow/example_dags/example_branch_python_dop_operator_3.py
[2024-05-02T10:50:28.646+0000] {logging_mixin.py:188} INFO - [2024-05-02T10:50:28.646+0000] {dag.py:3096} INFO - Sync 1 DAGs
[2024-05-02T10:50:28.662+0000] {logging_mixin.py:188} INFO - [2024-05-02T10:50:28.661+0000] {dag.py:3954} INFO - Setting next_dagrun for example_branch_dop_operator_v3 to 2024-05-02 10:49:00+00:00, run_after=2024-05-02 10:50:00+00:00
[2024-05-02T10:50:28.679+0000] {processor.py:183} INFO - Processing /home/airflow/.local/lib/python3.12/site-packages/airflow/example_dags/example_branch_python_dop_operator_3.py took 0.068 seconds
[2024-05-02T10:50:58.947+0000] {processor.py:161} INFO - Started process (PID=250) to work on /home/airflow/.local/lib/python3.12/site-packages/airflow/example_dags/example_branch_python_dop_operator_3.py
[2024-05-02T10:50:58.948+0000] {processor.py:830} INFO - Processing file /home/airflow/.local/lib/python3.12/site-packages/airflow/example_dags/example_branch_python_dop_operator_3.py for tasks to queue
[2024-05-02T10:50:58.949+0000] {logging_mixin.py:188} INFO - [2024-05-02T10:50:58.948+0000] {dagbag.py:540} INFO - Filling up the DagBag from /home/airflow/.local/lib/python3.12/site-packages/airflow/example_dags/example_branch_python_dop_operator_3.py
[2024-05-02T10:50:58.953+0000] {processor.py:840} INFO - DAG(s) 'example_branch_dop_operator_v3' retrieved from /home/airflow/.local/lib/python3.12/site-packages/airflow/example_dags/example_branch_python_dop_operator_3.py
[2024-05-02T10:50:58.965+0000] {logging_mixin.py:188} INFO - [2024-05-02T10:50:58.965+0000] {dag.py:3096} INFO - Sync 1 DAGs
[2024-05-02T10:50:58.982+0000] {logging_mixin.py:188} INFO - [2024-05-02T10:50:58.982+0000] {dag.py:3954} INFO - Setting next_dagrun for example_branch_dop_operator_v3 to 2024-05-02 10:49:00+00:00, run_after=2024-05-02 10:50:00+00:00
[2024-05-02T10:50:59.000+0000] {processor.py:183} INFO - Processing /home/airflow/.local/lib/python3.12/site-packages/airflow/example_dags/example_branch_python_dop_operator_3.py took 0.056 seconds
[2024-05-02T10:51:29.383+0000] {processor.py:161} INFO - Started process (PID=310) to work on /home/airflow/.local/lib/python3.12/site-packages/airflow/example_dags/example_branch_python_dop_operator_3.py
[2024-05-02T10:51:29.383+0000] {processor.py:830} INFO - Processing file /home/airflow/.local/lib/python3.12/site-packages/airflow/example_dags/example_branch_python_dop_operator_3.py for tasks to queue
[2024-05-02T10:51:29.384+0000] {logging_mixin.py:188} INFO - [2024-05-02T10:51:29.384+0000] {dagbag.py:540} INFO - Filling up the DagBag from /home/airflow/.local/lib/python3.12/site-packages/airflow/example_dags/example_branch_python_dop_operator_3.py
[2024-05-02T10:51:29.389+0000] {processor.py:840} INFO - DAG(s) 'example_branch_dop_operator_v3' retrieved from /home/airflow/.local/lib/python3.12/site-packages/airflow/example_dags/example_branch_python_dop_operator_3.py
[2024-05-02T10:51:29.413+0000] {logging_mixin.py:188} INFO - [2024-05-02T10:51:29.413+0000] {dag.py:3096} INFO - Sync 1 DAGs
[2024-05-02T10:51:29.429+0000] {logging_mixin.py:188} INFO - [2024-05-02T10:51:29.429+0000] {dag.py:3954} INFO - Setting next_dagrun for example_branch_dop_operator_v3 to 2024-05-02 10:50:00+00:00, run_after=2024-05-02 10:51:00+00:00
[2024-05-02T10:51:29.441+0000] {processor.py:183} INFO - Processing /home/airflow/.local/lib/python3.12/site-packages/airflow/example_dags/example_branch_python_dop_operator_3.py took 0.062 seconds
[2024-05-02T10:52:00.500+0000] {processor.py:161} INFO - Started process (PID=370) to work on /home/airflow/.local/lib/python3.12/site-packages/airflow/example_dags/example_branch_python_dop_operator_3.py
[2024-05-02T10:52:00.500+0000] {processor.py:830} INFO - Processing file /home/airflow/.local/lib/python3.12/site-packages/airflow/example_dags/example_branch_python_dop_operator_3.py for tasks to queue
[2024-05-02T10:52:00.502+0000] {logging_mixin.py:188} INFO - [2024-05-02T10:52:00.501+0000] {dagbag.py:540} INFO - Filling up the DagBag from /home/airflow/.local/lib/python3.12/site-packages/airflow/example_dags/example_branch_python_dop_operator_3.py
[2024-05-02T10:52:00.507+0000] {processor.py:840} INFO - DAG(s) 'example_branch_dop_operator_v3' retrieved from /home/airflow/.local/lib/python3.12/site-packages/airflow/example_dags/example_branch_python_dop_operator_3.py
[2024-05-02T10:52:00.519+0000] {logging_mixin.py:188} INFO - [2024-05-02T10:52:00.519+0000] {dag.py:3096} INFO - Sync 1 DAGs
[2024-05-02T10:52:00.558+0000] {logging_mixin.py:188} INFO - [2024-05-02T10:52:00.558+0000] {dag.py:3954} INFO - Setting next_dagrun for example_branch_dop_operator_v3 to 2024-05-02 10:51:00+00:00, run_after=2024-05-02 10:52:00+00:00
[2024-05-02T10:52:00.595+0000] {processor.py:183} INFO - Processing /home/airflow/.local/lib/python3.12/site-packages/airflow/example_dags/example_branch_python_dop_operator_3.py took 0.098 seconds
[2024-05-02T10:52:31.758+0000] {processor.py:161} INFO - Started process (PID=436) to work on /home/airflow/.local/lib/python3.12/site-packages/airflow/example_dags/example_branch_python_dop_operator_3.py
[2024-05-02T10:52:31.758+0000] {processor.py:830} INFO - Processing file /home/airflow/.local/lib/python3.12/site-packages/airflow/example_dags/example_branch_python_dop_operator_3.py for tasks to queue
[2024-05-02T10:52:31.760+0000] {logging_mixin.py:188} INFO - [2024-05-02T10:52:31.760+0000] {dagbag.py:540} INFO - Filling up the DagBag from /home/airflow/.local/lib/python3.12/site-packages/airflow/example_dags/example_branch_python_dop_operator_3.py
[2024-05-02T10:52:31.767+0000] {processor.py:840} INFO - DAG(s) 'example_branch_dop_operator_v3' retrieved from /home/airflow/.local/lib/python3.12/site-packages/airflow/example_dags/example_branch_python_dop_operator_3.py
[2024-05-02T10:52:31.781+0000] {logging_mixin.py:188} INFO - [2024-05-02T10:52:31.781+0000] {dag.py:3096} INFO - Sync 1 DAGs
[2024-05-02T10:52:31.799+0000] {logging_mixin.py:188} INFO - [2024-05-02T10:52:31.799+0000] {dag.py:3954} INFO - Setting next_dagrun for example_branch_dop_operator_v3 to 2024-05-02 10:51:00+00:00, run_after=2024-05-02 10:52:00+00:00
[2024-05-02T10:52:31.843+0000] {processor.py:183} INFO - Processing /home/airflow/.local/lib/python3.12/site-packages/airflow/example_dags/example_branch_python_dop_operator_3.py took 0.091 seconds
[2024-05-02T10:53:02.692+0000] {processor.py:161} INFO - Started process (PID=496) to work on /home/airflow/.local/lib/python3.12/site-packages/airflow/example_dags/example_branch_python_dop_operator_3.py
[2024-05-02T10:53:02.693+0000] {processor.py:830} INFO - Processing file /home/airflow/.local/lib/python3.12/site-packages/airflow/example_dags/example_branch_python_dop_operator_3.py for tasks to queue
[2024-05-02T10:53:02.708+0000] {logging_mixin.py:188} INFO - [2024-05-02T10:53:02.708+0000] {dagbag.py:540} INFO - Filling up the DagBag from /home/airflow/.local/lib/python3.12/site-packages/airflow/example_dags/example_branch_python_dop_operator_3.py
[2024-05-02T10:53:02.713+0000] {processor.py:840} INFO - DAG(s) 'example_branch_dop_operator_v3' retrieved from /home/airflow/.local/lib/python3.12/site-packages/airflow/example_dags/example_branch_python_dop_operator_3.py
[2024-05-02T10:53:02.725+0000] {logging_mixin.py:188} INFO - [2024-05-02T10:53:02.725+0000] {dag.py:3096} INFO - Sync 1 DAGs
[2024-05-02T10:53:02.740+0000] {logging_mixin.py:188} INFO - [2024-05-02T10:53:02.740+0000] {dag.py:3954} INFO - Setting next_dagrun for example_branch_dop_operator_v3 to 2024-05-02 10:52:00+00:00, run_after=2024-05-02 10:53:00+00:00
[2024-05-02T10:53:02.775+0000] {processor.py:183} INFO - Processing /home/airflow/.local/lib/python3.12/site-packages/airflow/example_dags/example_branch_python_dop_operator_3.py took 0.088 seconds
[2024-05-02T10:53:33.177+0000] {processor.py:161} INFO - Started process (PID=556) to work on /home/airflow/.local/lib/python3.12/site-packages/airflow/example_dags/example_branch_python_dop_operator_3.py
[2024-05-02T10:53:33.177+0000] {processor.py:830} INFO - Processing file /home/airflow/.local/lib/python3.12/site-packages/airflow/example_dags/example_branch_python_dop_operator_3.py for tasks to queue
[2024-05-02T10:53:33.203+0000] {logging_mixin.py:188} INFO - [2024-05-02T10:53:33.203+0000] {dagbag.py:540} INFO - Filling up the DagBag from /home/airflow/.local/lib/python3.12/site-packages/airflow/example_dags/example_branch_python_dop_operator_3.py
[2024-05-02T10:53:33.234+0000] {processor.py:840} INFO - DAG(s) 'example_branch_dop_operator_v3' retrieved from /home/airflow/.local/lib/python3.12/site-packages/airflow/example_dags/example_branch_python_dop_operator_3.py
[2024-05-02T10:53:33.259+0000] {logging_mixin.py:188} INFO - [2024-05-02T10:53:33.259+0000] {dag.py:3096} INFO - Sync 1 DAGs
[2024-05-02T10:53:33.289+0000] {logging_mixin.py:188} INFO - [2024-05-02T10:53:33.289+0000] {dag.py:3954} INFO - Setting next_dagrun for example_branch_dop_operator_v3 to 2024-05-02 10:52:00+00:00, run_after=2024-05-02 10:53:00+00:00
[2024-05-02T10:53:33.304+0000] {processor.py:183} INFO - Processing /home/airflow/.local/lib/python3.12/site-packages/airflow/example_dags/example_branch_python_dop_operator_3.py took 0.131 seconds
[2024-05-02T10:54:03.363+0000] {processor.py:161} INFO - Started process (PID=616) to work on /home/airflow/.local/lib/python3.12/site-packages/airflow/example_dags/example_branch_python_dop_operator_3.py
[2024-05-02T10:54:03.363+0000] {processor.py:830} INFO - Processing file /home/airflow/.local/lib/python3.12/site-packages/airflow/example_dags/example_branch_python_dop_operator_3.py for tasks to queue
[2024-05-02T10:54:03.389+0000] {logging_mixin.py:188} INFO - [2024-05-02T10:54:03.388+0000] {dagbag.py:540} INFO - Filling up the DagBag from /home/airflow/.local/lib/python3.12/site-packages/airflow/example_dags/example_branch_python_dop_operator_3.py
[2024-05-02T10:54:03.431+0000] {processor.py:840} INFO - DAG(s) 'example_branch_dop_operator_v3' retrieved from /home/airflow/.local/lib/python3.12/site-packages/airflow/example_dags/example_branch_python_dop_operator_3.py
[2024-05-02T10:54:03.464+0000] {logging_mixin.py:188} INFO - [2024-05-02T10:54:03.464+0000] {dag.py:3096} INFO - Sync 1 DAGs
[2024-05-02T10:54:03.479+0000] {logging_mixin.py:188} INFO - [2024-05-02T10:54:03.479+0000] {dag.py:3954} INFO - Setting next_dagrun for example_branch_dop_operator_v3 to 2024-05-02 10:53:00+00:00, run_after=2024-05-02 10:54:00+00:00
[2024-05-02T10:54:03.499+0000] {processor.py:183} INFO - Processing /home/airflow/.local/lib/python3.12/site-packages/airflow/example_dags/example_branch_python_dop_operator_3.py took 0.144 seconds
[2024-05-02T10:54:33.795+0000] {processor.py:161} INFO - Started process (PID=676) to work on /home/airflow/.local/lib/python3.12/site-packages/airflow/example_dags/example_branch_python_dop_operator_3.py
[2024-05-02T10:54:33.795+0000] {processor.py:830} INFO - Processing file /home/airflow/.local/lib/python3.12/site-packages/airflow/example_dags/example_branch_python_dop_operator_3.py for tasks to queue
[2024-05-02T10:54:33.796+0000] {logging_mixin.py:188} INFO - [2024-05-02T10:54:33.796+0000] {dagbag.py:540} INFO - Filling up the DagBag from /home/airflow/.local/lib/python3.12/site-packages/airflow/example_dags/example_branch_python_dop_operator_3.py
[2024-05-02T10:54:33.802+0000] {processor.py:840} INFO - DAG(s) 'example_branch_dop_operator_v3' retrieved from /home/airflow/.local/lib/python3.12/site-packages/airflow/example_dags/example_branch_python_dop_operator_3.py
[2024-05-02T10:54:33.817+0000] {logging_mixin.py:188} INFO - [2024-05-02T10:54:33.816+0000] {dag.py:3096} INFO - Sync 1 DAGs
[2024-05-02T10:54:33.843+0000] {logging_mixin.py:188} INFO - [2024-05-02T10:54:33.842+0000] {dag.py:3954} INFO - Setting next_dagrun for example_branch_dop_operator_v3 to 2024-05-02 10:53:00+00:00, run_after=2024-05-02 10:54:00+00:00
[2024-05-02T10:54:33.864+0000] {processor.py:183} INFO - Processing /home/airflow/.local/lib/python3.12/site-packages/airflow/example_dags/example_branch_python_dop_operator_3.py took 0.075 seconds
[2024-05-02T10:55:04.054+0000] {processor.py:161} INFO - Started process (PID=735) to work on /home/airflow/.local/lib/python3.12/site-packages/airflow/example_dags/example_branch_python_dop_operator_3.py
[2024-05-02T10:55:04.055+0000] {processor.py:830} INFO - Processing file /home/airflow/.local/lib/python3.12/site-packages/airflow/example_dags/example_branch_python_dop_operator_3.py for tasks to queue
[2024-05-02T10:55:04.079+0000] {logging_mixin.py:188} INFO - [2024-05-02T10:55:04.079+0000] {dagbag.py:540} INFO - Filling up the DagBag from /home/airflow/.local/lib/python3.12/site-packages/airflow/example_dags/example_branch_python_dop_operator_3.py
[2024-05-02T10:55:04.110+0000] {processor.py:840} INFO - DAG(s) 'example_branch_dop_operator_v3' retrieved from /home/airflow/.local/lib/python3.12/site-packages/airflow/example_dags/example_branch_python_dop_operator_3.py
[2024-05-02T10:55:04.144+0000] {logging_mixin.py:188} INFO - [2024-05-02T10:55:04.144+0000] {dag.py:3096} INFO - Sync 1 DAGs
[2024-05-02T10:55:04.166+0000] {logging_mixin.py:188} INFO - [2024-05-02T10:55:04.166+0000] {dag.py:3954} INFO - Setting next_dagrun for example_branch_dop_operator_v3 to 2024-05-02 10:54:00+00:00, run_after=2024-05-02 10:55:00+00:00
[2024-05-02T10:55:04.189+0000] {processor.py:183} INFO - Processing /home/airflow/.local/lib/python3.12/site-packages/airflow/example_dags/example_branch_python_dop_operator_3.py took 0.138 seconds
[2024-05-02T10:55:34.533+0000] {processor.py:161} INFO - Started process (PID=794) to work on /home/airflow/.local/lib/python3.12/site-packages/airflow/example_dags/example_branch_python_dop_operator_3.py
[2024-05-02T10:55:34.533+0000] {processor.py:830} INFO - Processing file /home/airflow/.local/lib/python3.12/site-packages/airflow/example_dags/example_branch_python_dop_operator_3.py for tasks to queue
[2024-05-02T10:55:34.534+0000] {logging_mixin.py:188} INFO - [2024-05-02T10:55:34.534+0000] {dagbag.py:540} INFO - Filling up the DagBag from /home/airflow/.local/lib/python3.12/site-packages/airflow/example_dags/example_branch_python_dop_operator_3.py
[2024-05-02T10:55:34.540+0000] {processor.py:840} INFO - DAG(s) 'example_branch_dop_operator_v3' retrieved from /home/airflow/.local/lib/python3.12/site-packages/airflow/example_dags/example_branch_python_dop_operator_3.py
[2024-05-02T10:55:34.553+0000] {logging_mixin.py:188} INFO - [2024-05-02T10:55:34.553+0000] {dag.py:3096} INFO - Sync 1 DAGs
[2024-05-02T10:55:34.584+0000] {logging_mixin.py:188} INFO - [2024-05-02T10:55:34.584+0000] {dag.py:3954} INFO - Setting next_dagrun for example_branch_dop_operator_v3 to 2024-05-02 10:54:00+00:00, run_after=2024-05-02 10:55:00+00:00
[2024-05-02T10:55:34.621+0000] {processor.py:183} INFO - Processing /home/airflow/.local/lib/python3.12/site-packages/airflow/example_dags/example_branch_python_dop_operator_3.py took 0.092 seconds
[2024-05-02T10:56:05.068+0000] {processor.py:161} INFO - Started process (PID=854) to work on /home/airflow/.local/lib/python3.12/site-packages/airflow/example_dags/example_branch_python_dop_operator_3.py
[2024-05-02T10:56:05.069+0000] {processor.py:830} INFO - Processing file /home/airflow/.local/lib/python3.12/site-packages/airflow/example_dags/example_branch_python_dop_operator_3.py for tasks to queue
[2024-05-02T10:56:05.070+0000] {logging_mixin.py:188} INFO - [2024-05-02T10:56:05.070+0000] {dagbag.py:540} INFO - Filling up the DagBag from /home/airflow/.local/lib/python3.12/site-packages/airflow/example_dags/example_branch_python_dop_operator_3.py
[2024-05-02T10:56:05.076+0000] {processor.py:840} INFO - DAG(s) 'example_branch_dop_operator_v3' retrieved from /home/airflow/.local/lib/python3.12/site-packages/airflow/example_dags/example_branch_python_dop_operator_3.py
[2024-05-02T10:56:05.090+0000] {logging_mixin.py:188} INFO - [2024-05-02T10:56:05.090+0000] {dag.py:3096} INFO - Sync 1 DAGs
[2024-05-02T10:56:05.126+0000] {logging_mixin.py:188} INFO - [2024-05-02T10:56:05.126+0000] {dag.py:3954} INFO - Setting next_dagrun for example_branch_dop_operator_v3 to 2024-05-02 10:55:00+00:00, run_after=2024-05-02 10:56:00+00:00
[2024-05-02T10:56:05.188+0000] {processor.py:183} INFO - Processing /home/airflow/.local/lib/python3.12/site-packages/airflow/example_dags/example_branch_python_dop_operator_3.py took 0.124 seconds
[2024-05-02T10:56:35.786+0000] {processor.py:161} INFO - Started process (PID=914) to work on /home/airflow/.local/lib/python3.12/site-packages/airflow/example_dags/example_branch_python_dop_operator_3.py
[2024-05-02T10:56:35.786+0000] {processor.py:830} INFO - Processing file /home/airflow/.local/lib/python3.12/site-packages/airflow/example_dags/example_branch_python_dop_operator_3.py for tasks to queue
[2024-05-02T10:56:35.787+0000] {logging_mixin.py:188} INFO - [2024-05-02T10:56:35.787+0000] {dagbag.py:540} INFO - Filling up the DagBag from /home/airflow/.local/lib/python3.12/site-packages/airflow/example_dags/example_branch_python_dop_operator_3.py
[2024-05-02T10:56:35.793+0000] {processor.py:840} INFO - DAG(s) 'example_branch_dop_operator_v3' retrieved from /home/airflow/.local/lib/python3.12/site-packages/airflow/example_dags/example_branch_python_dop_operator_3.py
[2024-05-02T10:56:35.805+0000] {logging_mixin.py:188} INFO - [2024-05-02T10:56:35.805+0000] {dag.py:3096} INFO - Sync 1 DAGs
[2024-05-02T10:56:35.821+0000] {logging_mixin.py:188} INFO - [2024-05-02T10:56:35.820+0000] {dag.py:3954} INFO - Setting next_dagrun for example_branch_dop_operator_v3 to 2024-05-02 10:55:00+00:00, run_after=2024-05-02 10:56:00+00:00
[2024-05-02T10:56:35.835+0000] {processor.py:183} INFO - Processing /home/airflow/.local/lib/python3.12/site-packages/airflow/example_dags/example_branch_python_dop_operator_3.py took 0.053 seconds
[2024-05-02T10:57:06.437+0000] {processor.py:161} INFO - Started process (PID=974) to work on /home/airflow/.local/lib/python3.12/site-packages/airflow/example_dags/example_branch_python_dop_operator_3.py
[2024-05-02T10:57:06.437+0000] {processor.py:830} INFO - Processing file /home/airflow/.local/lib/python3.12/site-packages/airflow/example_dags/example_branch_python_dop_operator_3.py for tasks to queue
[2024-05-02T10:57:06.438+0000] {logging_mixin.py:188} INFO - [2024-05-02T10:57:06.438+0000] {dagbag.py:540} INFO - Filling up the DagBag from /home/airflow/.local/lib/python3.12/site-packages/airflow/example_dags/example_branch_python_dop_operator_3.py
[2024-05-02T10:57:06.443+0000] {processor.py:840} INFO - DAG(s) 'example_branch_dop_operator_v3' retrieved from /home/airflow/.local/lib/python3.12/site-packages/airflow/example_dags/example_branch_python_dop_operator_3.py
[2024-05-02T10:57:06.455+0000] {logging_mixin.py:188} INFO - [2024-05-02T10:57:06.455+0000] {dag.py:3096} INFO - Sync 1 DAGs
[2024-05-02T10:57:06.471+0000] {logging_mixin.py:188} INFO - [2024-05-02T10:57:06.470+0000] {dag.py:3954} INFO - Setting next_dagrun for example_branch_dop_operator_v3 to 2024-05-02 10:56:00+00:00, run_after=2024-05-02 10:57:00+00:00
[2024-05-02T10:57:06.482+0000] {processor.py:183} INFO - Processing /home/airflow/.local/lib/python3.12/site-packages/airflow/example_dags/example_branch_python_dop_operator_3.py took 0.050 seconds
