[2024-05-02T10:20:07.829+0000] {processor.py:161} INFO - Started process (PID=70) to work on /home/airflow/.local/lib/python3.12/site-packages/airflow/example_dags/example_setup_teardown.py
[2024-05-02T10:20:07.830+0000] {processor.py:830} INFO - Processing file /home/airflow/.local/lib/python3.12/site-packages/airflow/example_dags/example_setup_teardown.py for tasks to queue
[2024-05-02T10:20:07.831+0000] {logging_mixin.py:188} INFO - [2024-05-02T10:20:07.831+0000] {dagbag.py:540} INFO - Filling up the DagBag from /home/airflow/.local/lib/python3.12/site-packages/airflow/example_dags/example_setup_teardown.py
[2024-05-02T10:20:07.835+0000] {processor.py:840} INFO - DAG(s) 'example_setup_teardown' retrieved from /home/airflow/.local/lib/python3.12/site-packages/airflow/example_dags/example_setup_teardown.py
[2024-05-02T10:20:07.843+0000] {logging_mixin.py:188} INFO - [2024-05-02T10:20:07.843+0000] {dag.py:3096} INFO - Sync 1 DAGs
[2024-05-02T10:20:07.859+0000] {logging_mixin.py:188} INFO - [2024-05-02T10:20:07.859+0000] {dag.py:3954} INFO - Setting next_dagrun for example_setup_teardown to 2024-05-01 00:00:00+00:00, run_after=2024-05-02 00:00:00+00:00
[2024-05-02T10:20:07.871+0000] {processor.py:183} INFO - Processing /home/airflow/.local/lib/python3.12/site-packages/airflow/example_dags/example_setup_teardown.py took 0.045 seconds
[2024-05-02T10:20:38.990+0000] {processor.py:161} INFO - Started process (PID=128) to work on /home/airflow/.local/lib/python3.12/site-packages/airflow/example_dags/example_setup_teardown.py
[2024-05-02T10:20:38.990+0000] {processor.py:830} INFO - Processing file /home/airflow/.local/lib/python3.12/site-packages/airflow/example_dags/example_setup_teardown.py for tasks to queue
[2024-05-02T10:20:38.991+0000] {logging_mixin.py:188} INFO - [2024-05-02T10:20:38.991+0000] {dagbag.py:540} INFO - Filling up the DagBag from /home/airflow/.local/lib/python3.12/site-packages/airflow/example_dags/example_setup_teardown.py
[2024-05-02T10:20:38.995+0000] {processor.py:840} INFO - DAG(s) 'example_setup_teardown' retrieved from /home/airflow/.local/lib/python3.12/site-packages/airflow/example_dags/example_setup_teardown.py
[2024-05-02T10:20:39.065+0000] {logging_mixin.py:188} INFO - [2024-05-02T10:20:39.065+0000] {dag.py:3096} INFO - Sync 1 DAGs
[2024-05-02T10:20:39.080+0000] {logging_mixin.py:188} INFO - [2024-05-02T10:20:39.080+0000] {dag.py:3954} INFO - Setting next_dagrun for example_setup_teardown to 2024-05-01 00:00:00+00:00, run_after=2024-05-02 00:00:00+00:00
[2024-05-02T10:20:39.092+0000] {processor.py:183} INFO - Processing /home/airflow/.local/lib/python3.12/site-packages/airflow/example_dags/example_setup_teardown.py took 0.105 seconds
[2024-05-02T10:21:10.078+0000] {processor.py:161} INFO - Started process (PID=187) to work on /home/airflow/.local/lib/python3.12/site-packages/airflow/example_dags/example_setup_teardown.py
[2024-05-02T10:21:10.078+0000] {processor.py:830} INFO - Processing file /home/airflow/.local/lib/python3.12/site-packages/airflow/example_dags/example_setup_teardown.py for tasks to queue
[2024-05-02T10:21:10.079+0000] {logging_mixin.py:188} INFO - [2024-05-02T10:21:10.079+0000] {dagbag.py:540} INFO - Filling up the DagBag from /home/airflow/.local/lib/python3.12/site-packages/airflow/example_dags/example_setup_teardown.py
[2024-05-02T10:21:10.083+0000] {processor.py:840} INFO - DAG(s) 'example_setup_teardown' retrieved from /home/airflow/.local/lib/python3.12/site-packages/airflow/example_dags/example_setup_teardown.py
[2024-05-02T10:21:10.095+0000] {logging_mixin.py:188} INFO - [2024-05-02T10:21:10.095+0000] {dag.py:3096} INFO - Sync 1 DAGs
[2024-05-02T10:21:10.108+0000] {logging_mixin.py:188} INFO - [2024-05-02T10:21:10.108+0000] {dag.py:3954} INFO - Setting next_dagrun for example_setup_teardown to 2024-05-01 00:00:00+00:00, run_after=2024-05-02 00:00:00+00:00
[2024-05-02T10:21:10.119+0000] {processor.py:183} INFO - Processing /home/airflow/.local/lib/python3.12/site-packages/airflow/example_dags/example_setup_teardown.py took 0.045 seconds
[2024-05-02T10:21:40.830+0000] {processor.py:161} INFO - Started process (PID=245) to work on /home/airflow/.local/lib/python3.12/site-packages/airflow/example_dags/example_setup_teardown.py
[2024-05-02T10:21:40.830+0000] {processor.py:830} INFO - Processing file /home/airflow/.local/lib/python3.12/site-packages/airflow/example_dags/example_setup_teardown.py for tasks to queue
[2024-05-02T10:21:40.831+0000] {logging_mixin.py:188} INFO - [2024-05-02T10:21:40.831+0000] {dagbag.py:540} INFO - Filling up the DagBag from /home/airflow/.local/lib/python3.12/site-packages/airflow/example_dags/example_setup_teardown.py
[2024-05-02T10:21:40.835+0000] {processor.py:840} INFO - DAG(s) 'example_setup_teardown' retrieved from /home/airflow/.local/lib/python3.12/site-packages/airflow/example_dags/example_setup_teardown.py
[2024-05-02T10:21:40.847+0000] {logging_mixin.py:188} INFO - [2024-05-02T10:21:40.847+0000] {dag.py:3096} INFO - Sync 1 DAGs
[2024-05-02T10:21:40.862+0000] {logging_mixin.py:188} INFO - [2024-05-02T10:21:40.862+0000] {dag.py:3954} INFO - Setting next_dagrun for example_setup_teardown to 2024-05-01 00:00:00+00:00, run_after=2024-05-02 00:00:00+00:00
[2024-05-02T10:21:40.873+0000] {processor.py:183} INFO - Processing /home/airflow/.local/lib/python3.12/site-packages/airflow/example_dags/example_setup_teardown.py took 0.047 seconds
[2024-05-02T10:22:11.288+0000] {processor.py:161} INFO - Started process (PID=303) to work on /home/airflow/.local/lib/python3.12/site-packages/airflow/example_dags/example_setup_teardown.py
[2024-05-02T10:22:11.289+0000] {processor.py:830} INFO - Processing file /home/airflow/.local/lib/python3.12/site-packages/airflow/example_dags/example_setup_teardown.py for tasks to queue
[2024-05-02T10:22:11.290+0000] {logging_mixin.py:188} INFO - [2024-05-02T10:22:11.290+0000] {dagbag.py:540} INFO - Filling up the DagBag from /home/airflow/.local/lib/python3.12/site-packages/airflow/example_dags/example_setup_teardown.py
[2024-05-02T10:22:11.295+0000] {processor.py:840} INFO - DAG(s) 'example_setup_teardown' retrieved from /home/airflow/.local/lib/python3.12/site-packages/airflow/example_dags/example_setup_teardown.py
[2024-05-02T10:22:11.307+0000] {logging_mixin.py:188} INFO - [2024-05-02T10:22:11.307+0000] {dag.py:3096} INFO - Sync 1 DAGs
[2024-05-02T10:22:11.321+0000] {logging_mixin.py:188} INFO - [2024-05-02T10:22:11.321+0000] {dag.py:3954} INFO - Setting next_dagrun for example_setup_teardown to 2024-05-01 00:00:00+00:00, run_after=2024-05-02 00:00:00+00:00
[2024-05-02T10:22:11.331+0000] {processor.py:183} INFO - Processing /home/airflow/.local/lib/python3.12/site-packages/airflow/example_dags/example_setup_teardown.py took 0.050 seconds
[2024-05-02T10:22:42.144+0000] {processor.py:161} INFO - Started process (PID=361) to work on /home/airflow/.local/lib/python3.12/site-packages/airflow/example_dags/example_setup_teardown.py
[2024-05-02T10:22:42.145+0000] {processor.py:830} INFO - Processing file /home/airflow/.local/lib/python3.12/site-packages/airflow/example_dags/example_setup_teardown.py for tasks to queue
[2024-05-02T10:22:42.146+0000] {logging_mixin.py:188} INFO - [2024-05-02T10:22:42.145+0000] {dagbag.py:540} INFO - Filling up the DagBag from /home/airflow/.local/lib/python3.12/site-packages/airflow/example_dags/example_setup_teardown.py
[2024-05-02T10:22:42.149+0000] {processor.py:840} INFO - DAG(s) 'example_setup_teardown' retrieved from /home/airflow/.local/lib/python3.12/site-packages/airflow/example_dags/example_setup_teardown.py
[2024-05-02T10:22:42.161+0000] {logging_mixin.py:188} INFO - [2024-05-02T10:22:42.161+0000] {dag.py:3096} INFO - Sync 1 DAGs
[2024-05-02T10:22:42.175+0000] {logging_mixin.py:188} INFO - [2024-05-02T10:22:42.175+0000] {dag.py:3954} INFO - Setting next_dagrun for example_setup_teardown to 2024-05-01 00:00:00+00:00, run_after=2024-05-02 00:00:00+00:00
[2024-05-02T10:22:42.187+0000] {processor.py:183} INFO - Processing /home/airflow/.local/lib/python3.12/site-packages/airflow/example_dags/example_setup_teardown.py took 0.046 seconds
[2024-05-02T10:23:12.445+0000] {processor.py:161} INFO - Started process (PID=419) to work on /home/airflow/.local/lib/python3.12/site-packages/airflow/example_dags/example_setup_teardown.py
[2024-05-02T10:23:12.446+0000] {processor.py:830} INFO - Processing file /home/airflow/.local/lib/python3.12/site-packages/airflow/example_dags/example_setup_teardown.py for tasks to queue
[2024-05-02T10:23:12.447+0000] {logging_mixin.py:188} INFO - [2024-05-02T10:23:12.446+0000] {dagbag.py:540} INFO - Filling up the DagBag from /home/airflow/.local/lib/python3.12/site-packages/airflow/example_dags/example_setup_teardown.py
[2024-05-02T10:23:12.450+0000] {processor.py:840} INFO - DAG(s) 'example_setup_teardown' retrieved from /home/airflow/.local/lib/python3.12/site-packages/airflow/example_dags/example_setup_teardown.py
[2024-05-02T10:23:12.463+0000] {logging_mixin.py:188} INFO - [2024-05-02T10:23:12.463+0000] {dag.py:3096} INFO - Sync 1 DAGs
[2024-05-02T10:23:12.478+0000] {logging_mixin.py:188} INFO - [2024-05-02T10:23:12.478+0000] {dag.py:3954} INFO - Setting next_dagrun for example_setup_teardown to 2024-05-01 00:00:00+00:00, run_after=2024-05-02 00:00:00+00:00
[2024-05-02T10:23:12.491+0000] {processor.py:183} INFO - Processing /home/airflow/.local/lib/python3.12/site-packages/airflow/example_dags/example_setup_teardown.py took 0.049 seconds
[2024-05-02T10:23:43.569+0000] {processor.py:161} INFO - Started process (PID=477) to work on /home/airflow/.local/lib/python3.12/site-packages/airflow/example_dags/example_setup_teardown.py
[2024-05-02T10:23:43.570+0000] {processor.py:830} INFO - Processing file /home/airflow/.local/lib/python3.12/site-packages/airflow/example_dags/example_setup_teardown.py for tasks to queue
[2024-05-02T10:23:43.571+0000] {logging_mixin.py:188} INFO - [2024-05-02T10:23:43.571+0000] {dagbag.py:540} INFO - Filling up the DagBag from /home/airflow/.local/lib/python3.12/site-packages/airflow/example_dags/example_setup_teardown.py
[2024-05-02T10:23:43.574+0000] {processor.py:840} INFO - DAG(s) 'example_setup_teardown' retrieved from /home/airflow/.local/lib/python3.12/site-packages/airflow/example_dags/example_setup_teardown.py
[2024-05-02T10:23:43.586+0000] {logging_mixin.py:188} INFO - [2024-05-02T10:23:43.586+0000] {dag.py:3096} INFO - Sync 1 DAGs
[2024-05-02T10:23:43.600+0000] {logging_mixin.py:188} INFO - [2024-05-02T10:23:43.600+0000] {dag.py:3954} INFO - Setting next_dagrun for example_setup_teardown to 2024-05-01 00:00:00+00:00, run_after=2024-05-02 00:00:00+00:00
[2024-05-02T10:23:43.612+0000] {processor.py:183} INFO - Processing /home/airflow/.local/lib/python3.12/site-packages/airflow/example_dags/example_setup_teardown.py took 0.047 seconds
[2024-05-02T10:24:15.026+0000] {processor.py:161} INFO - Started process (PID=535) to work on /home/airflow/.local/lib/python3.12/site-packages/airflow/example_dags/example_setup_teardown.py
[2024-05-02T10:24:15.026+0000] {processor.py:830} INFO - Processing file /home/airflow/.local/lib/python3.12/site-packages/airflow/example_dags/example_setup_teardown.py for tasks to queue
[2024-05-02T10:24:15.028+0000] {logging_mixin.py:188} INFO - [2024-05-02T10:24:15.028+0000] {dagbag.py:540} INFO - Filling up the DagBag from /home/airflow/.local/lib/python3.12/site-packages/airflow/example_dags/example_setup_teardown.py
[2024-05-02T10:24:15.034+0000] {processor.py:840} INFO - DAG(s) 'example_setup_teardown' retrieved from /home/airflow/.local/lib/python3.12/site-packages/airflow/example_dags/example_setup_teardown.py
[2024-05-02T10:24:15.047+0000] {logging_mixin.py:188} INFO - [2024-05-02T10:24:15.047+0000] {dag.py:3096} INFO - Sync 1 DAGs
[2024-05-02T10:24:15.061+0000] {logging_mixin.py:188} INFO - [2024-05-02T10:24:15.061+0000] {dag.py:3954} INFO - Setting next_dagrun for example_setup_teardown to 2024-05-01 00:00:00+00:00, run_after=2024-05-02 00:00:00+00:00
[2024-05-02T10:24:15.073+0000] {processor.py:183} INFO - Processing /home/airflow/.local/lib/python3.12/site-packages/airflow/example_dags/example_setup_teardown.py took 0.052 seconds
[2024-05-02T10:24:45.939+0000] {processor.py:161} INFO - Started process (PID=593) to work on /home/airflow/.local/lib/python3.12/site-packages/airflow/example_dags/example_setup_teardown.py
[2024-05-02T10:24:45.940+0000] {processor.py:830} INFO - Processing file /home/airflow/.local/lib/python3.12/site-packages/airflow/example_dags/example_setup_teardown.py for tasks to queue
[2024-05-02T10:24:45.941+0000] {logging_mixin.py:188} INFO - [2024-05-02T10:24:45.941+0000] {dagbag.py:540} INFO - Filling up the DagBag from /home/airflow/.local/lib/python3.12/site-packages/airflow/example_dags/example_setup_teardown.py
[2024-05-02T10:24:45.945+0000] {processor.py:840} INFO - DAG(s) 'example_setup_teardown' retrieved from /home/airflow/.local/lib/python3.12/site-packages/airflow/example_dags/example_setup_teardown.py
[2024-05-02T10:24:45.958+0000] {logging_mixin.py:188} INFO - [2024-05-02T10:24:45.958+0000] {dag.py:3096} INFO - Sync 1 DAGs
[2024-05-02T10:24:45.973+0000] {logging_mixin.py:188} INFO - [2024-05-02T10:24:45.973+0000] {dag.py:3954} INFO - Setting next_dagrun for example_setup_teardown to 2024-05-01 00:00:00+00:00, run_after=2024-05-02 00:00:00+00:00
[2024-05-02T10:24:45.985+0000] {processor.py:183} INFO - Processing /home/airflow/.local/lib/python3.12/site-packages/airflow/example_dags/example_setup_teardown.py took 0.049 seconds
[2024-05-02T10:25:17.158+0000] {processor.py:161} INFO - Started process (PID=652) to work on /home/airflow/.local/lib/python3.12/site-packages/airflow/example_dags/example_setup_teardown.py
[2024-05-02T10:25:17.159+0000] {processor.py:830} INFO - Processing file /home/airflow/.local/lib/python3.12/site-packages/airflow/example_dags/example_setup_teardown.py for tasks to queue
[2024-05-02T10:25:17.160+0000] {logging_mixin.py:188} INFO - [2024-05-02T10:25:17.160+0000] {dagbag.py:540} INFO - Filling up the DagBag from /home/airflow/.local/lib/python3.12/site-packages/airflow/example_dags/example_setup_teardown.py
[2024-05-02T10:25:17.164+0000] {processor.py:840} INFO - DAG(s) 'example_setup_teardown' retrieved from /home/airflow/.local/lib/python3.12/site-packages/airflow/example_dags/example_setup_teardown.py
[2024-05-02T10:25:17.176+0000] {logging_mixin.py:188} INFO - [2024-05-02T10:25:17.176+0000] {dag.py:3096} INFO - Sync 1 DAGs
[2024-05-02T10:25:17.213+0000] {logging_mixin.py:188} INFO - [2024-05-02T10:25:17.213+0000] {dag.py:3954} INFO - Setting next_dagrun for example_setup_teardown to 2024-05-01 00:00:00+00:00, run_after=2024-05-02 00:00:00+00:00
[2024-05-02T10:25:17.225+0000] {processor.py:183} INFO - Processing /home/airflow/.local/lib/python3.12/site-packages/airflow/example_dags/example_setup_teardown.py took 0.077 seconds
[2024-05-02T10:25:48.123+0000] {processor.py:161} INFO - Started process (PID=712) to work on /home/airflow/.local/lib/python3.12/site-packages/airflow/example_dags/example_setup_teardown.py
[2024-05-02T10:25:48.124+0000] {processor.py:830} INFO - Processing file /home/airflow/.local/lib/python3.12/site-packages/airflow/example_dags/example_setup_teardown.py for tasks to queue
[2024-05-02T10:25:48.125+0000] {logging_mixin.py:188} INFO - [2024-05-02T10:25:48.125+0000] {dagbag.py:540} INFO - Filling up the DagBag from /home/airflow/.local/lib/python3.12/site-packages/airflow/example_dags/example_setup_teardown.py
[2024-05-02T10:25:48.129+0000] {processor.py:840} INFO - DAG(s) 'example_setup_teardown' retrieved from /home/airflow/.local/lib/python3.12/site-packages/airflow/example_dags/example_setup_teardown.py
[2024-05-02T10:25:48.141+0000] {logging_mixin.py:188} INFO - [2024-05-02T10:25:48.140+0000] {dag.py:3096} INFO - Sync 1 DAGs
[2024-05-02T10:25:48.154+0000] {logging_mixin.py:188} INFO - [2024-05-02T10:25:48.154+0000] {dag.py:3954} INFO - Setting next_dagrun for example_setup_teardown to 2024-05-01 00:00:00+00:00, run_after=2024-05-02 00:00:00+00:00
[2024-05-02T10:25:48.167+0000] {processor.py:183} INFO - Processing /home/airflow/.local/lib/python3.12/site-packages/airflow/example_dags/example_setup_teardown.py took 0.048 seconds
[2024-05-02T10:26:19.145+0000] {processor.py:161} INFO - Started process (PID=771) to work on /home/airflow/.local/lib/python3.12/site-packages/airflow/example_dags/example_setup_teardown.py
[2024-05-02T10:26:19.145+0000] {processor.py:830} INFO - Processing file /home/airflow/.local/lib/python3.12/site-packages/airflow/example_dags/example_setup_teardown.py for tasks to queue
[2024-05-02T10:26:19.146+0000] {logging_mixin.py:188} INFO - [2024-05-02T10:26:19.146+0000] {dagbag.py:540} INFO - Filling up the DagBag from /home/airflow/.local/lib/python3.12/site-packages/airflow/example_dags/example_setup_teardown.py
[2024-05-02T10:26:19.151+0000] {processor.py:840} INFO - DAG(s) 'example_setup_teardown' retrieved from /home/airflow/.local/lib/python3.12/site-packages/airflow/example_dags/example_setup_teardown.py
[2024-05-02T10:26:19.164+0000] {logging_mixin.py:188} INFO - [2024-05-02T10:26:19.164+0000] {dag.py:3096} INFO - Sync 1 DAGs
[2024-05-02T10:26:19.179+0000] {logging_mixin.py:188} INFO - [2024-05-02T10:26:19.179+0000] {dag.py:3954} INFO - Setting next_dagrun for example_setup_teardown to 2024-05-01 00:00:00+00:00, run_after=2024-05-02 00:00:00+00:00
[2024-05-02T10:26:19.193+0000] {processor.py:183} INFO - Processing /home/airflow/.local/lib/python3.12/site-packages/airflow/example_dags/example_setup_teardown.py took 0.052 seconds
[2024-05-02T10:26:50.270+0000] {processor.py:161} INFO - Started process (PID=836) to work on /home/airflow/.local/lib/python3.12/site-packages/airflow/example_dags/example_setup_teardown.py
[2024-05-02T10:26:50.271+0000] {processor.py:830} INFO - Processing file /home/airflow/.local/lib/python3.12/site-packages/airflow/example_dags/example_setup_teardown.py for tasks to queue
[2024-05-02T10:26:50.271+0000] {logging_mixin.py:188} INFO - [2024-05-02T10:26:50.271+0000] {dagbag.py:540} INFO - Filling up the DagBag from /home/airflow/.local/lib/python3.12/site-packages/airflow/example_dags/example_setup_teardown.py
[2024-05-02T10:26:50.275+0000] {processor.py:840} INFO - DAG(s) 'example_setup_teardown' retrieved from /home/airflow/.local/lib/python3.12/site-packages/airflow/example_dags/example_setup_teardown.py
[2024-05-02T10:26:50.289+0000] {logging_mixin.py:188} INFO - [2024-05-02T10:26:50.289+0000] {dag.py:3096} INFO - Sync 1 DAGs
[2024-05-02T10:26:50.326+0000] {logging_mixin.py:188} INFO - [2024-05-02T10:26:50.326+0000] {dag.py:3954} INFO - Setting next_dagrun for example_setup_teardown to 2024-05-01 00:00:00+00:00, run_after=2024-05-02 00:00:00+00:00
[2024-05-02T10:26:50.338+0000] {processor.py:183} INFO - Processing /home/airflow/.local/lib/python3.12/site-packages/airflow/example_dags/example_setup_teardown.py took 0.071 seconds
[2024-05-02T10:27:21.262+0000] {processor.py:161} INFO - Started process (PID=895) to work on /home/airflow/.local/lib/python3.12/site-packages/airflow/example_dags/example_setup_teardown.py
[2024-05-02T10:27:21.263+0000] {processor.py:830} INFO - Processing file /home/airflow/.local/lib/python3.12/site-packages/airflow/example_dags/example_setup_teardown.py for tasks to queue
[2024-05-02T10:27:21.263+0000] {logging_mixin.py:188} INFO - [2024-05-02T10:27:21.263+0000] {dagbag.py:540} INFO - Filling up the DagBag from /home/airflow/.local/lib/python3.12/site-packages/airflow/example_dags/example_setup_teardown.py
[2024-05-02T10:27:21.268+0000] {processor.py:840} INFO - DAG(s) 'example_setup_teardown' retrieved from /home/airflow/.local/lib/python3.12/site-packages/airflow/example_dags/example_setup_teardown.py
[2024-05-02T10:27:21.295+0000] {logging_mixin.py:188} INFO - [2024-05-02T10:27:21.295+0000] {dag.py:3096} INFO - Sync 1 DAGs
[2024-05-02T10:27:21.310+0000] {logging_mixin.py:188} INFO - [2024-05-02T10:27:21.310+0000] {dag.py:3954} INFO - Setting next_dagrun for example_setup_teardown to 2024-05-01 00:00:00+00:00, run_after=2024-05-02 00:00:00+00:00
[2024-05-02T10:27:21.356+0000] {processor.py:183} INFO - Processing /home/airflow/.local/lib/python3.12/site-packages/airflow/example_dags/example_setup_teardown.py took 0.097 seconds
[2024-05-02T10:27:51.851+0000] {processor.py:161} INFO - Started process (PID=954) to work on /home/airflow/.local/lib/python3.12/site-packages/airflow/example_dags/example_setup_teardown.py
[2024-05-02T10:27:51.851+0000] {processor.py:830} INFO - Processing file /home/airflow/.local/lib/python3.12/site-packages/airflow/example_dags/example_setup_teardown.py for tasks to queue
[2024-05-02T10:27:51.895+0000] {logging_mixin.py:188} INFO - [2024-05-02T10:27:51.894+0000] {dagbag.py:540} INFO - Filling up the DagBag from /home/airflow/.local/lib/python3.12/site-packages/airflow/example_dags/example_setup_teardown.py
[2024-05-02T10:27:51.943+0000] {processor.py:840} INFO - DAG(s) 'example_setup_teardown' retrieved from /home/airflow/.local/lib/python3.12/site-packages/airflow/example_dags/example_setup_teardown.py
[2024-05-02T10:27:52.006+0000] {logging_mixin.py:188} INFO - [2024-05-02T10:27:52.006+0000] {dag.py:3096} INFO - Sync 1 DAGs
[2024-05-02T10:27:52.020+0000] {logging_mixin.py:188} INFO - [2024-05-02T10:27:52.020+0000] {dag.py:3954} INFO - Setting next_dagrun for example_setup_teardown to 2024-05-01 00:00:00+00:00, run_after=2024-05-02 00:00:00+00:00
[2024-05-02T10:27:52.152+0000] {processor.py:183} INFO - Processing /home/airflow/.local/lib/python3.12/site-packages/airflow/example_dags/example_setup_teardown.py took 0.306 seconds
[2024-05-02T10:28:22.861+0000] {processor.py:161} INFO - Started process (PID=1013) to work on /home/airflow/.local/lib/python3.12/site-packages/airflow/example_dags/example_setup_teardown.py
[2024-05-02T10:28:22.862+0000] {processor.py:830} INFO - Processing file /home/airflow/.local/lib/python3.12/site-packages/airflow/example_dags/example_setup_teardown.py for tasks to queue
[2024-05-02T10:28:22.863+0000] {logging_mixin.py:188} INFO - [2024-05-02T10:28:22.863+0000] {dagbag.py:540} INFO - Filling up the DagBag from /home/airflow/.local/lib/python3.12/site-packages/airflow/example_dags/example_setup_teardown.py
[2024-05-02T10:28:22.870+0000] {processor.py:840} INFO - DAG(s) 'example_setup_teardown' retrieved from /home/airflow/.local/lib/python3.12/site-packages/airflow/example_dags/example_setup_teardown.py
[2024-05-02T10:28:22.903+0000] {logging_mixin.py:188} INFO - [2024-05-02T10:28:22.903+0000] {dag.py:3096} INFO - Sync 1 DAGs
[2024-05-02T10:28:22.931+0000] {logging_mixin.py:188} INFO - [2024-05-02T10:28:22.930+0000] {dag.py:3954} INFO - Setting next_dagrun for example_setup_teardown to 2024-05-01 00:00:00+00:00, run_after=2024-05-02 00:00:00+00:00
[2024-05-02T10:28:22.945+0000] {processor.py:183} INFO - Processing /home/airflow/.local/lib/python3.12/site-packages/airflow/example_dags/example_setup_teardown.py took 0.089 seconds
[2024-05-02T10:28:54.124+0000] {processor.py:161} INFO - Started process (PID=1072) to work on /home/airflow/.local/lib/python3.12/site-packages/airflow/example_dags/example_setup_teardown.py
[2024-05-02T10:28:54.124+0000] {processor.py:830} INFO - Processing file /home/airflow/.local/lib/python3.12/site-packages/airflow/example_dags/example_setup_teardown.py for tasks to queue
[2024-05-02T10:28:54.163+0000] {logging_mixin.py:188} INFO - [2024-05-02T10:28:54.163+0000] {dagbag.py:540} INFO - Filling up the DagBag from /home/airflow/.local/lib/python3.12/site-packages/airflow/example_dags/example_setup_teardown.py
[2024-05-02T10:28:54.167+0000] {processor.py:840} INFO - DAG(s) 'example_setup_teardown' retrieved from /home/airflow/.local/lib/python3.12/site-packages/airflow/example_dags/example_setup_teardown.py
[2024-05-02T10:28:54.181+0000] {logging_mixin.py:188} INFO - [2024-05-02T10:28:54.181+0000] {dag.py:3096} INFO - Sync 1 DAGs
[2024-05-02T10:28:54.196+0000] {logging_mixin.py:188} INFO - [2024-05-02T10:28:54.196+0000] {dag.py:3954} INFO - Setting next_dagrun for example_setup_teardown to 2024-05-01 00:00:00+00:00, run_after=2024-05-02 00:00:00+00:00
[2024-05-02T10:28:54.228+0000] {processor.py:183} INFO - Processing /home/airflow/.local/lib/python3.12/site-packages/airflow/example_dags/example_setup_teardown.py took 0.108 seconds
[2024-05-02T10:29:24.300+0000] {processor.py:161} INFO - Started process (PID=1131) to work on /home/airflow/.local/lib/python3.12/site-packages/airflow/example_dags/example_setup_teardown.py
[2024-05-02T10:29:24.301+0000] {processor.py:830} INFO - Processing file /home/airflow/.local/lib/python3.12/site-packages/airflow/example_dags/example_setup_teardown.py for tasks to queue
[2024-05-02T10:29:24.329+0000] {logging_mixin.py:188} INFO - [2024-05-02T10:29:24.329+0000] {dagbag.py:540} INFO - Filling up the DagBag from /home/airflow/.local/lib/python3.12/site-packages/airflow/example_dags/example_setup_teardown.py
[2024-05-02T10:29:24.334+0000] {processor.py:840} INFO - DAG(s) 'example_setup_teardown' retrieved from /home/airflow/.local/lib/python3.12/site-packages/airflow/example_dags/example_setup_teardown.py
[2024-05-02T10:29:24.347+0000] {logging_mixin.py:188} INFO - [2024-05-02T10:29:24.347+0000] {dag.py:3096} INFO - Sync 1 DAGs
[2024-05-02T10:29:24.363+0000] {logging_mixin.py:188} INFO - [2024-05-02T10:29:24.363+0000] {dag.py:3954} INFO - Setting next_dagrun for example_setup_teardown to 2024-05-01 00:00:00+00:00, run_after=2024-05-02 00:00:00+00:00
[2024-05-02T10:29:24.396+0000] {processor.py:183} INFO - Processing /home/airflow/.local/lib/python3.12/site-packages/airflow/example_dags/example_setup_teardown.py took 0.100 seconds
[2024-05-02T10:29:54.664+0000] {processor.py:161} INFO - Started process (PID=1190) to work on /home/airflow/.local/lib/python3.12/site-packages/airflow/example_dags/example_setup_teardown.py
[2024-05-02T10:29:54.664+0000] {processor.py:830} INFO - Processing file /home/airflow/.local/lib/python3.12/site-packages/airflow/example_dags/example_setup_teardown.py for tasks to queue
[2024-05-02T10:29:54.665+0000] {logging_mixin.py:188} INFO - [2024-05-02T10:29:54.665+0000] {dagbag.py:540} INFO - Filling up the DagBag from /home/airflow/.local/lib/python3.12/site-packages/airflow/example_dags/example_setup_teardown.py
[2024-05-02T10:29:54.670+0000] {processor.py:840} INFO - DAG(s) 'example_setup_teardown' retrieved from /home/airflow/.local/lib/python3.12/site-packages/airflow/example_dags/example_setup_teardown.py
[2024-05-02T10:29:54.684+0000] {logging_mixin.py:188} INFO - [2024-05-02T10:29:54.684+0000] {dag.py:3096} INFO - Sync 1 DAGs
[2024-05-02T10:29:54.718+0000] {logging_mixin.py:188} INFO - [2024-05-02T10:29:54.718+0000] {dag.py:3954} INFO - Setting next_dagrun for example_setup_teardown to 2024-05-01 00:00:00+00:00, run_after=2024-05-02 00:00:00+00:00
[2024-05-02T10:29:54.733+0000] {processor.py:183} INFO - Processing /home/airflow/.local/lib/python3.12/site-packages/airflow/example_dags/example_setup_teardown.py took 0.073 seconds
[2024-05-02T10:30:25.259+0000] {processor.py:161} INFO - Started process (PID=1249) to work on /home/airflow/.local/lib/python3.12/site-packages/airflow/example_dags/example_setup_teardown.py
[2024-05-02T10:30:25.260+0000] {processor.py:830} INFO - Processing file /home/airflow/.local/lib/python3.12/site-packages/airflow/example_dags/example_setup_teardown.py for tasks to queue
[2024-05-02T10:30:25.261+0000] {logging_mixin.py:188} INFO - [2024-05-02T10:30:25.261+0000] {dagbag.py:540} INFO - Filling up the DagBag from /home/airflow/.local/lib/python3.12/site-packages/airflow/example_dags/example_setup_teardown.py
[2024-05-02T10:30:25.265+0000] {processor.py:840} INFO - DAG(s) 'example_setup_teardown' retrieved from /home/airflow/.local/lib/python3.12/site-packages/airflow/example_dags/example_setup_teardown.py
[2024-05-02T10:30:25.278+0000] {logging_mixin.py:188} INFO - [2024-05-02T10:30:25.277+0000] {dag.py:3096} INFO - Sync 1 DAGs
[2024-05-02T10:30:25.313+0000] {logging_mixin.py:188} INFO - [2024-05-02T10:30:25.312+0000] {dag.py:3954} INFO - Setting next_dagrun for example_setup_teardown to 2024-05-01 00:00:00+00:00, run_after=2024-05-02 00:00:00+00:00
[2024-05-02T10:30:25.327+0000] {processor.py:183} INFO - Processing /home/airflow/.local/lib/python3.12/site-packages/airflow/example_dags/example_setup_teardown.py took 0.072 seconds
[2024-05-02T10:30:56.130+0000] {processor.py:161} INFO - Started process (PID=1308) to work on /home/airflow/.local/lib/python3.12/site-packages/airflow/example_dags/example_setup_teardown.py
[2024-05-02T10:30:56.130+0000] {processor.py:830} INFO - Processing file /home/airflow/.local/lib/python3.12/site-packages/airflow/example_dags/example_setup_teardown.py for tasks to queue
[2024-05-02T10:30:56.131+0000] {logging_mixin.py:188} INFO - [2024-05-02T10:30:56.131+0000] {dagbag.py:540} INFO - Filling up the DagBag from /home/airflow/.local/lib/python3.12/site-packages/airflow/example_dags/example_setup_teardown.py
[2024-05-02T10:30:56.135+0000] {processor.py:840} INFO - DAG(s) 'example_setup_teardown' retrieved from /home/airflow/.local/lib/python3.12/site-packages/airflow/example_dags/example_setup_teardown.py
[2024-05-02T10:30:56.147+0000] {logging_mixin.py:188} INFO - [2024-05-02T10:30:56.147+0000] {dag.py:3096} INFO - Sync 1 DAGs
[2024-05-02T10:30:56.161+0000] {logging_mixin.py:188} INFO - [2024-05-02T10:30:56.161+0000] {dag.py:3954} INFO - Setting next_dagrun for example_setup_teardown to 2024-05-01 00:00:00+00:00, run_after=2024-05-02 00:00:00+00:00
[2024-05-02T10:30:56.175+0000] {processor.py:183} INFO - Processing /home/airflow/.local/lib/python3.12/site-packages/airflow/example_dags/example_setup_teardown.py took 0.049 seconds
[2024-05-02T10:31:27.265+0000] {processor.py:161} INFO - Started process (PID=1367) to work on /home/airflow/.local/lib/python3.12/site-packages/airflow/example_dags/example_setup_teardown.py
[2024-05-02T10:31:27.266+0000] {processor.py:830} INFO - Processing file /home/airflow/.local/lib/python3.12/site-packages/airflow/example_dags/example_setup_teardown.py for tasks to queue
[2024-05-02T10:31:27.316+0000] {logging_mixin.py:188} INFO - [2024-05-02T10:31:27.316+0000] {dagbag.py:540} INFO - Filling up the DagBag from /home/airflow/.local/lib/python3.12/site-packages/airflow/example_dags/example_setup_teardown.py
[2024-05-02T10:31:27.353+0000] {processor.py:840} INFO - DAG(s) 'example_setup_teardown' retrieved from /home/airflow/.local/lib/python3.12/site-packages/airflow/example_dags/example_setup_teardown.py
[2024-05-02T10:31:27.398+0000] {logging_mixin.py:188} INFO - [2024-05-02T10:31:27.398+0000] {dag.py:3096} INFO - Sync 1 DAGs
[2024-05-02T10:31:27.412+0000] {logging_mixin.py:188} INFO - [2024-05-02T10:31:27.411+0000] {dag.py:3954} INFO - Setting next_dagrun for example_setup_teardown to 2024-05-01 00:00:00+00:00, run_after=2024-05-02 00:00:00+00:00
[2024-05-02T10:31:27.438+0000] {processor.py:183} INFO - Processing /home/airflow/.local/lib/python3.12/site-packages/airflow/example_dags/example_setup_teardown.py took 0.183 seconds
[2024-05-02T10:31:57.808+0000] {processor.py:161} INFO - Started process (PID=1426) to work on /home/airflow/.local/lib/python3.12/site-packages/airflow/example_dags/example_setup_teardown.py
[2024-05-02T10:31:57.809+0000] {processor.py:830} INFO - Processing file /home/airflow/.local/lib/python3.12/site-packages/airflow/example_dags/example_setup_teardown.py for tasks to queue
[2024-05-02T10:31:57.840+0000] {logging_mixin.py:188} INFO - [2024-05-02T10:31:57.839+0000] {dagbag.py:540} INFO - Filling up the DagBag from /home/airflow/.local/lib/python3.12/site-packages/airflow/example_dags/example_setup_teardown.py
[2024-05-02T10:31:57.844+0000] {processor.py:840} INFO - DAG(s) 'example_setup_teardown' retrieved from /home/airflow/.local/lib/python3.12/site-packages/airflow/example_dags/example_setup_teardown.py
[2024-05-02T10:31:57.856+0000] {logging_mixin.py:188} INFO - [2024-05-02T10:31:57.856+0000] {dag.py:3096} INFO - Sync 1 DAGs
[2024-05-02T10:31:57.870+0000] {logging_mixin.py:188} INFO - [2024-05-02T10:31:57.870+0000] {dag.py:3954} INFO - Setting next_dagrun for example_setup_teardown to 2024-05-01 00:00:00+00:00, run_after=2024-05-02 00:00:00+00:00
[2024-05-02T10:31:57.910+0000] {processor.py:183} INFO - Processing /home/airflow/.local/lib/python3.12/site-packages/airflow/example_dags/example_setup_teardown.py took 0.110 seconds
[2024-05-02T10:32:28.069+0000] {processor.py:161} INFO - Started process (PID=1485) to work on /home/airflow/.local/lib/python3.12/site-packages/airflow/example_dags/example_setup_teardown.py
[2024-05-02T10:32:28.069+0000] {processor.py:830} INFO - Processing file /home/airflow/.local/lib/python3.12/site-packages/airflow/example_dags/example_setup_teardown.py for tasks to queue
[2024-05-02T10:32:28.098+0000] {logging_mixin.py:188} INFO - [2024-05-02T10:32:28.098+0000] {dagbag.py:540} INFO - Filling up the DagBag from /home/airflow/.local/lib/python3.12/site-packages/airflow/example_dags/example_setup_teardown.py
[2024-05-02T10:32:28.102+0000] {processor.py:840} INFO - DAG(s) 'example_setup_teardown' retrieved from /home/airflow/.local/lib/python3.12/site-packages/airflow/example_dags/example_setup_teardown.py
[2024-05-02T10:32:28.117+0000] {logging_mixin.py:188} INFO - [2024-05-02T10:32:28.116+0000] {dag.py:3096} INFO - Sync 1 DAGs
[2024-05-02T10:32:28.133+0000] {logging_mixin.py:188} INFO - [2024-05-02T10:32:28.133+0000] {dag.py:3954} INFO - Setting next_dagrun for example_setup_teardown to 2024-05-01 00:00:00+00:00, run_after=2024-05-02 00:00:00+00:00
[2024-05-02T10:32:28.161+0000] {processor.py:183} INFO - Processing /home/airflow/.local/lib/python3.12/site-packages/airflow/example_dags/example_setup_teardown.py took 0.097 seconds
[2024-05-02T10:32:58.810+0000] {processor.py:161} INFO - Started process (PID=1544) to work on /home/airflow/.local/lib/python3.12/site-packages/airflow/example_dags/example_setup_teardown.py
[2024-05-02T10:32:58.810+0000] {processor.py:830} INFO - Processing file /home/airflow/.local/lib/python3.12/site-packages/airflow/example_dags/example_setup_teardown.py for tasks to queue
[2024-05-02T10:32:58.978+0000] {logging_mixin.py:188} INFO - [2024-05-02T10:32:58.977+0000] {dagbag.py:540} INFO - Filling up the DagBag from /home/airflow/.local/lib/python3.12/site-packages/airflow/example_dags/example_setup_teardown.py
[2024-05-02T10:32:59.283+0000] {processor.py:840} INFO - DAG(s) 'example_setup_teardown' retrieved from /home/airflow/.local/lib/python3.12/site-packages/airflow/example_dags/example_setup_teardown.py
[2024-05-02T10:32:59.394+0000] {logging_mixin.py:188} INFO - [2024-05-02T10:32:59.394+0000] {dag.py:3096} INFO - Sync 1 DAGs
[2024-05-02T10:32:59.407+0000] {logging_mixin.py:188} INFO - [2024-05-02T10:32:59.407+0000] {dag.py:3954} INFO - Setting next_dagrun for example_setup_teardown to 2024-05-01 00:00:00+00:00, run_after=2024-05-02 00:00:00+00:00
[2024-05-02T10:32:59.440+0000] {processor.py:183} INFO - Processing /home/airflow/.local/lib/python3.12/site-packages/airflow/example_dags/example_setup_teardown.py took 0.636 seconds
[2024-05-02T10:33:30.273+0000] {processor.py:161} INFO - Started process (PID=1604) to work on /home/airflow/.local/lib/python3.12/site-packages/airflow/example_dags/example_setup_teardown.py
[2024-05-02T10:33:30.273+0000] {processor.py:830} INFO - Processing file /home/airflow/.local/lib/python3.12/site-packages/airflow/example_dags/example_setup_teardown.py for tasks to queue
[2024-05-02T10:33:30.302+0000] {logging_mixin.py:188} INFO - [2024-05-02T10:33:30.301+0000] {dagbag.py:540} INFO - Filling up the DagBag from /home/airflow/.local/lib/python3.12/site-packages/airflow/example_dags/example_setup_teardown.py
[2024-05-02T10:33:30.306+0000] {processor.py:840} INFO - DAG(s) 'example_setup_teardown' retrieved from /home/airflow/.local/lib/python3.12/site-packages/airflow/example_dags/example_setup_teardown.py
[2024-05-02T10:33:30.319+0000] {logging_mixin.py:188} INFO - [2024-05-02T10:33:30.319+0000] {dag.py:3096} INFO - Sync 1 DAGs
[2024-05-02T10:33:30.348+0000] {logging_mixin.py:188} INFO - [2024-05-02T10:33:30.348+0000] {dag.py:3954} INFO - Setting next_dagrun for example_setup_teardown to 2024-05-01 00:00:00+00:00, run_after=2024-05-02 00:00:00+00:00
[2024-05-02T10:33:30.372+0000] {processor.py:183} INFO - Processing /home/airflow/.local/lib/python3.12/site-packages/airflow/example_dags/example_setup_teardown.py took 0.105 seconds
[2024-05-02T10:34:00.715+0000] {processor.py:161} INFO - Started process (PID=1663) to work on /home/airflow/.local/lib/python3.12/site-packages/airflow/example_dags/example_setup_teardown.py
[2024-05-02T10:34:00.715+0000] {processor.py:830} INFO - Processing file /home/airflow/.local/lib/python3.12/site-packages/airflow/example_dags/example_setup_teardown.py for tasks to queue
[2024-05-02T10:34:00.746+0000] {logging_mixin.py:188} INFO - [2024-05-02T10:34:00.746+0000] {dagbag.py:540} INFO - Filling up the DagBag from /home/airflow/.local/lib/python3.12/site-packages/airflow/example_dags/example_setup_teardown.py
[2024-05-02T10:34:00.752+0000] {processor.py:840} INFO - DAG(s) 'example_setup_teardown' retrieved from /home/airflow/.local/lib/python3.12/site-packages/airflow/example_dags/example_setup_teardown.py
[2024-05-02T10:34:00.765+0000] {logging_mixin.py:188} INFO - [2024-05-02T10:34:00.765+0000] {dag.py:3096} INFO - Sync 1 DAGs
[2024-05-02T10:34:00.779+0000] {logging_mixin.py:188} INFO - [2024-05-02T10:34:00.779+0000] {dag.py:3954} INFO - Setting next_dagrun for example_setup_teardown to 2024-05-01 00:00:00+00:00, run_after=2024-05-02 00:00:00+00:00
[2024-05-02T10:34:00.804+0000] {processor.py:183} INFO - Processing /home/airflow/.local/lib/python3.12/site-packages/airflow/example_dags/example_setup_teardown.py took 0.093 seconds
[2024-05-02T10:34:31.055+0000] {processor.py:161} INFO - Started process (PID=1722) to work on /home/airflow/.local/lib/python3.12/site-packages/airflow/example_dags/example_setup_teardown.py
[2024-05-02T10:34:31.055+0000] {processor.py:830} INFO - Processing file /home/airflow/.local/lib/python3.12/site-packages/airflow/example_dags/example_setup_teardown.py for tasks to queue
[2024-05-02T10:34:31.082+0000] {logging_mixin.py:188} INFO - [2024-05-02T10:34:31.082+0000] {dagbag.py:540} INFO - Filling up the DagBag from /home/airflow/.local/lib/python3.12/site-packages/airflow/example_dags/example_setup_teardown.py
[2024-05-02T10:34:31.086+0000] {processor.py:840} INFO - DAG(s) 'example_setup_teardown' retrieved from /home/airflow/.local/lib/python3.12/site-packages/airflow/example_dags/example_setup_teardown.py
[2024-05-02T10:34:31.100+0000] {logging_mixin.py:188} INFO - [2024-05-02T10:34:31.100+0000] {dag.py:3096} INFO - Sync 1 DAGs
[2024-05-02T10:34:31.115+0000] {logging_mixin.py:188} INFO - [2024-05-02T10:34:31.114+0000] {dag.py:3954} INFO - Setting next_dagrun for example_setup_teardown to 2024-05-01 00:00:00+00:00, run_after=2024-05-02 00:00:00+00:00
[2024-05-02T10:34:31.145+0000] {processor.py:183} INFO - Processing /home/airflow/.local/lib/python3.12/site-packages/airflow/example_dags/example_setup_teardown.py took 0.093 seconds
[2024-05-02T10:35:01.343+0000] {processor.py:161} INFO - Started process (PID=1781) to work on /home/airflow/.local/lib/python3.12/site-packages/airflow/example_dags/example_setup_teardown.py
[2024-05-02T10:35:01.343+0000] {processor.py:830} INFO - Processing file /home/airflow/.local/lib/python3.12/site-packages/airflow/example_dags/example_setup_teardown.py for tasks to queue
[2024-05-02T10:35:01.367+0000] {logging_mixin.py:188} INFO - [2024-05-02T10:35:01.366+0000] {dagbag.py:540} INFO - Filling up the DagBag from /home/airflow/.local/lib/python3.12/site-packages/airflow/example_dags/example_setup_teardown.py
[2024-05-02T10:35:01.371+0000] {processor.py:840} INFO - DAG(s) 'example_setup_teardown' retrieved from /home/airflow/.local/lib/python3.12/site-packages/airflow/example_dags/example_setup_teardown.py
[2024-05-02T10:35:01.383+0000] {logging_mixin.py:188} INFO - [2024-05-02T10:35:01.383+0000] {dag.py:3096} INFO - Sync 1 DAGs
[2024-05-02T10:35:01.398+0000] {logging_mixin.py:188} INFO - [2024-05-02T10:35:01.398+0000] {dag.py:3954} INFO - Setting next_dagrun for example_setup_teardown to 2024-05-01 00:00:00+00:00, run_after=2024-05-02 00:00:00+00:00
[2024-05-02T10:35:01.432+0000] {processor.py:183} INFO - Processing /home/airflow/.local/lib/python3.12/site-packages/airflow/example_dags/example_setup_teardown.py took 0.096 seconds
[2024-05-02T10:35:31.653+0000] {processor.py:161} INFO - Started process (PID=1840) to work on /home/airflow/.local/lib/python3.12/site-packages/airflow/example_dags/example_setup_teardown.py
[2024-05-02T10:35:31.654+0000] {processor.py:830} INFO - Processing file /home/airflow/.local/lib/python3.12/site-packages/airflow/example_dags/example_setup_teardown.py for tasks to queue
[2024-05-02T10:35:31.684+0000] {logging_mixin.py:188} INFO - [2024-05-02T10:35:31.683+0000] {dagbag.py:540} INFO - Filling up the DagBag from /home/airflow/.local/lib/python3.12/site-packages/airflow/example_dags/example_setup_teardown.py
[2024-05-02T10:35:31.688+0000] {processor.py:840} INFO - DAG(s) 'example_setup_teardown' retrieved from /home/airflow/.local/lib/python3.12/site-packages/airflow/example_dags/example_setup_teardown.py
[2024-05-02T10:35:31.701+0000] {logging_mixin.py:188} INFO - [2024-05-02T10:35:31.701+0000] {dag.py:3096} INFO - Sync 1 DAGs
[2024-05-02T10:35:31.716+0000] {logging_mixin.py:188} INFO - [2024-05-02T10:35:31.716+0000] {dag.py:3954} INFO - Setting next_dagrun for example_setup_teardown to 2024-05-01 00:00:00+00:00, run_after=2024-05-02 00:00:00+00:00
[2024-05-02T10:35:31.760+0000] {processor.py:183} INFO - Processing /home/airflow/.local/lib/python3.12/site-packages/airflow/example_dags/example_setup_teardown.py took 0.110 seconds
[2024-05-02T10:36:02.138+0000] {processor.py:161} INFO - Started process (PID=1900) to work on /home/airflow/.local/lib/python3.12/site-packages/airflow/example_dags/example_setup_teardown.py
[2024-05-02T10:36:02.139+0000] {processor.py:830} INFO - Processing file /home/airflow/.local/lib/python3.12/site-packages/airflow/example_dags/example_setup_teardown.py for tasks to queue
[2024-05-02T10:36:02.305+0000] {logging_mixin.py:188} INFO - [2024-05-02T10:36:02.305+0000] {dagbag.py:540} INFO - Filling up the DagBag from /home/airflow/.local/lib/python3.12/site-packages/airflow/example_dags/example_setup_teardown.py
[2024-05-02T10:36:02.376+0000] {processor.py:840} INFO - DAG(s) 'example_setup_teardown' retrieved from /home/airflow/.local/lib/python3.12/site-packages/airflow/example_dags/example_setup_teardown.py
[2024-05-02T10:36:02.390+0000] {logging_mixin.py:188} INFO - [2024-05-02T10:36:02.390+0000] {dag.py:3096} INFO - Sync 1 DAGs
[2024-05-02T10:36:02.406+0000] {logging_mixin.py:188} INFO - [2024-05-02T10:36:02.405+0000] {dag.py:3954} INFO - Setting next_dagrun for example_setup_teardown to 2024-05-01 00:00:00+00:00, run_after=2024-05-02 00:00:00+00:00
[2024-05-02T10:36:02.417+0000] {processor.py:183} INFO - Processing /home/airflow/.local/lib/python3.12/site-packages/airflow/example_dags/example_setup_teardown.py took 0.283 seconds
[2024-05-02T10:36:32.601+0000] {processor.py:161} INFO - Started process (PID=1961) to work on /home/airflow/.local/lib/python3.12/site-packages/airflow/example_dags/example_setup_teardown.py
[2024-05-02T10:36:32.602+0000] {processor.py:830} INFO - Processing file /home/airflow/.local/lib/python3.12/site-packages/airflow/example_dags/example_setup_teardown.py for tasks to queue
[2024-05-02T10:36:32.603+0000] {logging_mixin.py:188} INFO - [2024-05-02T10:36:32.602+0000] {dagbag.py:540} INFO - Filling up the DagBag from /home/airflow/.local/lib/python3.12/site-packages/airflow/example_dags/example_setup_teardown.py
[2024-05-02T10:36:32.607+0000] {processor.py:840} INFO - DAG(s) 'example_setup_teardown' retrieved from /home/airflow/.local/lib/python3.12/site-packages/airflow/example_dags/example_setup_teardown.py
[2024-05-02T10:36:32.621+0000] {logging_mixin.py:188} INFO - [2024-05-02T10:36:32.621+0000] {dag.py:3096} INFO - Sync 1 DAGs
[2024-05-02T10:36:32.644+0000] {logging_mixin.py:188} INFO - [2024-05-02T10:36:32.644+0000] {dag.py:3954} INFO - Setting next_dagrun for example_setup_teardown to 2024-05-01 00:00:00+00:00, run_after=2024-05-02 00:00:00+00:00
[2024-05-02T10:36:32.657+0000] {processor.py:183} INFO - Processing /home/airflow/.local/lib/python3.12/site-packages/airflow/example_dags/example_setup_teardown.py took 0.059 seconds
[2024-05-02T10:37:03.596+0000] {processor.py:161} INFO - Started process (PID=2019) to work on /home/airflow/.local/lib/python3.12/site-packages/airflow/example_dags/example_setup_teardown.py
[2024-05-02T10:37:03.596+0000] {processor.py:830} INFO - Processing file /home/airflow/.local/lib/python3.12/site-packages/airflow/example_dags/example_setup_teardown.py for tasks to queue
[2024-05-02T10:37:03.597+0000] {logging_mixin.py:188} INFO - [2024-05-02T10:37:03.597+0000] {dagbag.py:540} INFO - Filling up the DagBag from /home/airflow/.local/lib/python3.12/site-packages/airflow/example_dags/example_setup_teardown.py
[2024-05-02T10:37:03.604+0000] {processor.py:840} INFO - DAG(s) 'example_setup_teardown' retrieved from /home/airflow/.local/lib/python3.12/site-packages/airflow/example_dags/example_setup_teardown.py
[2024-05-02T10:37:03.621+0000] {logging_mixin.py:188} INFO - [2024-05-02T10:37:03.621+0000] {dag.py:3096} INFO - Sync 1 DAGs
[2024-05-02T10:37:03.634+0000] {logging_mixin.py:188} INFO - [2024-05-02T10:37:03.634+0000] {dag.py:3954} INFO - Setting next_dagrun for example_setup_teardown to 2024-05-01 00:00:00+00:00, run_after=2024-05-02 00:00:00+00:00
[2024-05-02T10:37:03.644+0000] {processor.py:183} INFO - Processing /home/airflow/.local/lib/python3.12/site-packages/airflow/example_dags/example_setup_teardown.py took 0.052 seconds
[2024-05-02T10:37:34.544+0000] {processor.py:161} INFO - Started process (PID=2075) to work on /home/airflow/.local/lib/python3.12/site-packages/airflow/example_dags/example_setup_teardown.py
[2024-05-02T10:37:34.545+0000] {processor.py:830} INFO - Processing file /home/airflow/.local/lib/python3.12/site-packages/airflow/example_dags/example_setup_teardown.py for tasks to queue
[2024-05-02T10:37:34.572+0000] {logging_mixin.py:188} INFO - [2024-05-02T10:37:34.572+0000] {dagbag.py:540} INFO - Filling up the DagBag from /home/airflow/.local/lib/python3.12/site-packages/airflow/example_dags/example_setup_teardown.py
[2024-05-02T10:37:34.577+0000] {processor.py:840} INFO - DAG(s) 'example_setup_teardown' retrieved from /home/airflow/.local/lib/python3.12/site-packages/airflow/example_dags/example_setup_teardown.py
[2024-05-02T10:37:34.589+0000] {logging_mixin.py:188} INFO - [2024-05-02T10:37:34.589+0000] {dag.py:3096} INFO - Sync 1 DAGs
[2024-05-02T10:37:34.603+0000] {logging_mixin.py:188} INFO - [2024-05-02T10:37:34.603+0000] {dag.py:3954} INFO - Setting next_dagrun for example_setup_teardown to 2024-05-01 00:00:00+00:00, run_after=2024-05-02 00:00:00+00:00
[2024-05-02T10:37:34.617+0000] {processor.py:183} INFO - Processing /home/airflow/.local/lib/python3.12/site-packages/airflow/example_dags/example_setup_teardown.py took 0.080 seconds
[2024-05-02T10:38:05.348+0000] {processor.py:161} INFO - Started process (PID=2134) to work on /home/airflow/.local/lib/python3.12/site-packages/airflow/example_dags/example_setup_teardown.py
[2024-05-02T10:38:05.348+0000] {processor.py:830} INFO - Processing file /home/airflow/.local/lib/python3.12/site-packages/airflow/example_dags/example_setup_teardown.py for tasks to queue
[2024-05-02T10:38:05.349+0000] {logging_mixin.py:188} INFO - [2024-05-02T10:38:05.349+0000] {dagbag.py:540} INFO - Filling up the DagBag from /home/airflow/.local/lib/python3.12/site-packages/airflow/example_dags/example_setup_teardown.py
[2024-05-02T10:38:05.353+0000] {processor.py:840} INFO - DAG(s) 'example_setup_teardown' retrieved from /home/airflow/.local/lib/python3.12/site-packages/airflow/example_dags/example_setup_teardown.py
[2024-05-02T10:38:05.366+0000] {logging_mixin.py:188} INFO - [2024-05-02T10:38:05.366+0000] {dag.py:3096} INFO - Sync 1 DAGs
[2024-05-02T10:38:05.380+0000] {logging_mixin.py:188} INFO - [2024-05-02T10:38:05.380+0000] {dag.py:3954} INFO - Setting next_dagrun for example_setup_teardown to 2024-05-01 00:00:00+00:00, run_after=2024-05-02 00:00:00+00:00
[2024-05-02T10:38:05.391+0000] {processor.py:183} INFO - Processing /home/airflow/.local/lib/python3.12/site-packages/airflow/example_dags/example_setup_teardown.py took 0.047 seconds
[2024-05-02T10:38:36.014+0000] {processor.py:161} INFO - Started process (PID=2193) to work on /home/airflow/.local/lib/python3.12/site-packages/airflow/example_dags/example_setup_teardown.py
[2024-05-02T10:38:36.014+0000] {processor.py:830} INFO - Processing file /home/airflow/.local/lib/python3.12/site-packages/airflow/example_dags/example_setup_teardown.py for tasks to queue
[2024-05-02T10:38:36.015+0000] {logging_mixin.py:188} INFO - [2024-05-02T10:38:36.015+0000] {dagbag.py:540} INFO - Filling up the DagBag from /home/airflow/.local/lib/python3.12/site-packages/airflow/example_dags/example_setup_teardown.py
[2024-05-02T10:38:36.019+0000] {processor.py:840} INFO - DAG(s) 'example_setup_teardown' retrieved from /home/airflow/.local/lib/python3.12/site-packages/airflow/example_dags/example_setup_teardown.py
[2024-05-02T10:38:36.032+0000] {logging_mixin.py:188} INFO - [2024-05-02T10:38:36.032+0000] {dag.py:3096} INFO - Sync 1 DAGs
[2024-05-02T10:38:36.112+0000] {logging_mixin.py:188} INFO - [2024-05-02T10:38:36.111+0000] {dag.py:3954} INFO - Setting next_dagrun for example_setup_teardown to 2024-05-01 00:00:00+00:00, run_after=2024-05-02 00:00:00+00:00
[2024-05-02T10:38:36.127+0000] {processor.py:183} INFO - Processing /home/airflow/.local/lib/python3.12/site-packages/airflow/example_dags/example_setup_teardown.py took 0.118 seconds
[2024-05-02T10:39:06.403+0000] {processor.py:161} INFO - Started process (PID=2252) to work on /home/airflow/.local/lib/python3.12/site-packages/airflow/example_dags/example_setup_teardown.py
[2024-05-02T10:39:06.403+0000] {processor.py:830} INFO - Processing file /home/airflow/.local/lib/python3.12/site-packages/airflow/example_dags/example_setup_teardown.py for tasks to queue
[2024-05-02T10:39:06.404+0000] {logging_mixin.py:188} INFO - [2024-05-02T10:39:06.404+0000] {dagbag.py:540} INFO - Filling up the DagBag from /home/airflow/.local/lib/python3.12/site-packages/airflow/example_dags/example_setup_teardown.py
[2024-05-02T10:39:06.408+0000] {processor.py:840} INFO - DAG(s) 'example_setup_teardown' retrieved from /home/airflow/.local/lib/python3.12/site-packages/airflow/example_dags/example_setup_teardown.py
[2024-05-02T10:39:06.421+0000] {logging_mixin.py:188} INFO - [2024-05-02T10:39:06.420+0000] {dag.py:3096} INFO - Sync 1 DAGs
[2024-05-02T10:39:06.462+0000] {logging_mixin.py:188} INFO - [2024-05-02T10:39:06.462+0000] {dag.py:3954} INFO - Setting next_dagrun for example_setup_teardown to 2024-05-01 00:00:00+00:00, run_after=2024-05-02 00:00:00+00:00
[2024-05-02T10:39:06.490+0000] {processor.py:183} INFO - Processing /home/airflow/.local/lib/python3.12/site-packages/airflow/example_dags/example_setup_teardown.py took 0.091 seconds
[2024-05-02T10:39:36.659+0000] {processor.py:161} INFO - Started process (PID=2311) to work on /home/airflow/.local/lib/python3.12/site-packages/airflow/example_dags/example_setup_teardown.py
[2024-05-02T10:39:36.659+0000] {processor.py:830} INFO - Processing file /home/airflow/.local/lib/python3.12/site-packages/airflow/example_dags/example_setup_teardown.py for tasks to queue
[2024-05-02T10:39:36.660+0000] {logging_mixin.py:188} INFO - [2024-05-02T10:39:36.660+0000] {dagbag.py:540} INFO - Filling up the DagBag from /home/airflow/.local/lib/python3.12/site-packages/airflow/example_dags/example_setup_teardown.py
[2024-05-02T10:39:36.664+0000] {processor.py:840} INFO - DAG(s) 'example_setup_teardown' retrieved from /home/airflow/.local/lib/python3.12/site-packages/airflow/example_dags/example_setup_teardown.py
[2024-05-02T10:39:36.677+0000] {logging_mixin.py:188} INFO - [2024-05-02T10:39:36.677+0000] {dag.py:3096} INFO - Sync 1 DAGs
[2024-05-02T10:39:36.730+0000] {logging_mixin.py:188} INFO - [2024-05-02T10:39:36.730+0000] {dag.py:3954} INFO - Setting next_dagrun for example_setup_teardown to 2024-05-01 00:00:00+00:00, run_after=2024-05-02 00:00:00+00:00
[2024-05-02T10:39:36.749+0000] {processor.py:183} INFO - Processing /home/airflow/.local/lib/python3.12/site-packages/airflow/example_dags/example_setup_teardown.py took 0.094 seconds
[2024-05-02T10:40:07.208+0000] {processor.py:161} INFO - Started process (PID=2370) to work on /home/airflow/.local/lib/python3.12/site-packages/airflow/example_dags/example_setup_teardown.py
[2024-05-02T10:40:07.208+0000] {processor.py:830} INFO - Processing file /home/airflow/.local/lib/python3.12/site-packages/airflow/example_dags/example_setup_teardown.py for tasks to queue
[2024-05-02T10:40:07.210+0000] {logging_mixin.py:188} INFO - [2024-05-02T10:40:07.209+0000] {dagbag.py:540} INFO - Filling up the DagBag from /home/airflow/.local/lib/python3.12/site-packages/airflow/example_dags/example_setup_teardown.py
[2024-05-02T10:40:07.214+0000] {processor.py:840} INFO - DAG(s) 'example_setup_teardown' retrieved from /home/airflow/.local/lib/python3.12/site-packages/airflow/example_dags/example_setup_teardown.py
[2024-05-02T10:40:07.227+0000] {logging_mixin.py:188} INFO - [2024-05-02T10:40:07.227+0000] {dag.py:3096} INFO - Sync 1 DAGs
[2024-05-02T10:40:07.268+0000] {logging_mixin.py:188} INFO - [2024-05-02T10:40:07.267+0000] {dag.py:3954} INFO - Setting next_dagrun for example_setup_teardown to 2024-05-01 00:00:00+00:00, run_after=2024-05-02 00:00:00+00:00
[2024-05-02T10:40:07.283+0000] {processor.py:183} INFO - Processing /home/airflow/.local/lib/python3.12/site-packages/airflow/example_dags/example_setup_teardown.py took 0.081 seconds
[2024-05-02T10:40:37.554+0000] {processor.py:161} INFO - Started process (PID=2429) to work on /home/airflow/.local/lib/python3.12/site-packages/airflow/example_dags/example_setup_teardown.py
[2024-05-02T10:40:37.555+0000] {processor.py:830} INFO - Processing file /home/airflow/.local/lib/python3.12/site-packages/airflow/example_dags/example_setup_teardown.py for tasks to queue
[2024-05-02T10:40:37.556+0000] {logging_mixin.py:188} INFO - [2024-05-02T10:40:37.556+0000] {dagbag.py:540} INFO - Filling up the DagBag from /home/airflow/.local/lib/python3.12/site-packages/airflow/example_dags/example_setup_teardown.py
[2024-05-02T10:40:37.562+0000] {processor.py:840} INFO - DAG(s) 'example_setup_teardown' retrieved from /home/airflow/.local/lib/python3.12/site-packages/airflow/example_dags/example_setup_teardown.py
[2024-05-02T10:40:37.579+0000] {logging_mixin.py:188} INFO - [2024-05-02T10:40:37.579+0000] {dag.py:3096} INFO - Sync 1 DAGs
[2024-05-02T10:40:37.604+0000] {logging_mixin.py:188} INFO - [2024-05-02T10:40:37.603+0000] {dag.py:3954} INFO - Setting next_dagrun for example_setup_teardown to 2024-05-01 00:00:00+00:00, run_after=2024-05-02 00:00:00+00:00
[2024-05-02T10:40:37.626+0000] {processor.py:183} INFO - Processing /home/airflow/.local/lib/python3.12/site-packages/airflow/example_dags/example_setup_teardown.py took 0.076 seconds
[2024-05-02T10:42:30.621+0000] {processor.py:161} INFO - Started process (PID=91) to work on /home/airflow/.local/lib/python3.12/site-packages/airflow/example_dags/example_setup_teardown.py
[2024-05-02T10:42:30.622+0000] {processor.py:830} INFO - Processing file /home/airflow/.local/lib/python3.12/site-packages/airflow/example_dags/example_setup_teardown.py for tasks to queue
[2024-05-02T10:42:30.646+0000] {logging_mixin.py:188} INFO - [2024-05-02T10:42:30.646+0000] {dagbag.py:540} INFO - Filling up the DagBag from /home/airflow/.local/lib/python3.12/site-packages/airflow/example_dags/example_setup_teardown.py
[2024-05-02T10:42:30.680+0000] {processor.py:840} INFO - DAG(s) 'example_setup_teardown' retrieved from /home/airflow/.local/lib/python3.12/site-packages/airflow/example_dags/example_setup_teardown.py
[2024-05-02T10:42:30.781+0000] {logging_mixin.py:188} INFO - [2024-05-02T10:42:30.780+0000] {dag.py:3096} INFO - Sync 1 DAGs
[2024-05-02T10:42:30.802+0000] {logging_mixin.py:188} INFO - [2024-05-02T10:42:30.802+0000] {dag.py:3954} INFO - Setting next_dagrun for example_setup_teardown to 2024-05-01 00:00:00+00:00, run_after=2024-05-02 00:00:00+00:00
[2024-05-02T10:42:30.824+0000] {processor.py:183} INFO - Processing /home/airflow/.local/lib/python3.12/site-packages/airflow/example_dags/example_setup_teardown.py took 0.207 seconds
[2024-05-02T10:43:00.863+0000] {processor.py:161} INFO - Started process (PID=150) to work on /home/airflow/.local/lib/python3.12/site-packages/airflow/example_dags/example_setup_teardown.py
[2024-05-02T10:43:00.864+0000] {processor.py:830} INFO - Processing file /home/airflow/.local/lib/python3.12/site-packages/airflow/example_dags/example_setup_teardown.py for tasks to queue
[2024-05-02T10:43:00.891+0000] {logging_mixin.py:188} INFO - [2024-05-02T10:43:00.891+0000] {dagbag.py:540} INFO - Filling up the DagBag from /home/airflow/.local/lib/python3.12/site-packages/airflow/example_dags/example_setup_teardown.py
[2024-05-02T10:43:00.919+0000] {processor.py:840} INFO - DAG(s) 'example_setup_teardown' retrieved from /home/airflow/.local/lib/python3.12/site-packages/airflow/example_dags/example_setup_teardown.py
[2024-05-02T10:43:00.954+0000] {logging_mixin.py:188} INFO - [2024-05-02T10:43:00.954+0000] {dag.py:3096} INFO - Sync 1 DAGs
[2024-05-02T10:43:00.976+0000] {logging_mixin.py:188} INFO - [2024-05-02T10:43:00.976+0000] {dag.py:3954} INFO - Setting next_dagrun for example_setup_teardown to 2024-05-01 00:00:00+00:00, run_after=2024-05-02 00:00:00+00:00
[2024-05-02T10:43:01.000+0000] {processor.py:183} INFO - Processing /home/airflow/.local/lib/python3.12/site-packages/airflow/example_dags/example_setup_teardown.py took 0.141 seconds
[2024-05-02T10:43:31.715+0000] {processor.py:161} INFO - Started process (PID=216) to work on /home/airflow/.local/lib/python3.12/site-packages/airflow/example_dags/example_setup_teardown.py
[2024-05-02T10:43:31.715+0000] {processor.py:830} INFO - Processing file /home/airflow/.local/lib/python3.12/site-packages/airflow/example_dags/example_setup_teardown.py for tasks to queue
[2024-05-02T10:43:31.717+0000] {logging_mixin.py:188} INFO - [2024-05-02T10:43:31.716+0000] {dagbag.py:540} INFO - Filling up the DagBag from /home/airflow/.local/lib/python3.12/site-packages/airflow/example_dags/example_setup_teardown.py
[2024-05-02T10:43:31.721+0000] {processor.py:840} INFO - DAG(s) 'example_setup_teardown' retrieved from /home/airflow/.local/lib/python3.12/site-packages/airflow/example_dags/example_setup_teardown.py
[2024-05-02T10:43:31.733+0000] {logging_mixin.py:188} INFO - [2024-05-02T10:43:31.732+0000] {dag.py:3096} INFO - Sync 1 DAGs
[2024-05-02T10:43:31.764+0000] {logging_mixin.py:188} INFO - [2024-05-02T10:43:31.764+0000] {dag.py:3954} INFO - Setting next_dagrun for example_setup_teardown to 2024-05-01 00:00:00+00:00, run_after=2024-05-02 00:00:00+00:00
[2024-05-02T10:43:31.776+0000] {processor.py:183} INFO - Processing /home/airflow/.local/lib/python3.12/site-packages/airflow/example_dags/example_setup_teardown.py took 0.066 seconds
[2024-05-02T10:44:02.719+0000] {processor.py:161} INFO - Started process (PID=276) to work on /home/airflow/.local/lib/python3.12/site-packages/airflow/example_dags/example_setup_teardown.py
[2024-05-02T10:44:02.719+0000] {processor.py:830} INFO - Processing file /home/airflow/.local/lib/python3.12/site-packages/airflow/example_dags/example_setup_teardown.py for tasks to queue
[2024-05-02T10:44:02.743+0000] {logging_mixin.py:188} INFO - [2024-05-02T10:44:02.742+0000] {dagbag.py:540} INFO - Filling up the DagBag from /home/airflow/.local/lib/python3.12/site-packages/airflow/example_dags/example_setup_teardown.py
[2024-05-02T10:44:02.747+0000] {processor.py:840} INFO - DAG(s) 'example_setup_teardown' retrieved from /home/airflow/.local/lib/python3.12/site-packages/airflow/example_dags/example_setup_teardown.py
[2024-05-02T10:44:02.761+0000] {logging_mixin.py:188} INFO - [2024-05-02T10:44:02.760+0000] {dag.py:3096} INFO - Sync 1 DAGs
[2024-05-02T10:44:02.790+0000] {logging_mixin.py:188} INFO - [2024-05-02T10:44:02.790+0000] {dag.py:3954} INFO - Setting next_dagrun for example_setup_teardown to 2024-05-01 00:00:00+00:00, run_after=2024-05-02 00:00:00+00:00
[2024-05-02T10:44:02.802+0000] {processor.py:183} INFO - Processing /home/airflow/.local/lib/python3.12/site-packages/airflow/example_dags/example_setup_teardown.py took 0.090 seconds
[2024-05-02T10:44:33.003+0000] {processor.py:161} INFO - Started process (PID=336) to work on /home/airflow/.local/lib/python3.12/site-packages/airflow/example_dags/example_setup_teardown.py
[2024-05-02T10:44:33.003+0000] {processor.py:830} INFO - Processing file /home/airflow/.local/lib/python3.12/site-packages/airflow/example_dags/example_setup_teardown.py for tasks to queue
[2024-05-02T10:44:33.004+0000] {logging_mixin.py:188} INFO - [2024-05-02T10:44:33.004+0000] {dagbag.py:540} INFO - Filling up the DagBag from /home/airflow/.local/lib/python3.12/site-packages/airflow/example_dags/example_setup_teardown.py
[2024-05-02T10:44:33.009+0000] {processor.py:840} INFO - DAG(s) 'example_setup_teardown' retrieved from /home/airflow/.local/lib/python3.12/site-packages/airflow/example_dags/example_setup_teardown.py
[2024-05-02T10:44:33.034+0000] {logging_mixin.py:188} INFO - [2024-05-02T10:44:33.034+0000] {dag.py:3096} INFO - Sync 1 DAGs
[2024-05-02T10:44:33.048+0000] {logging_mixin.py:188} INFO - [2024-05-02T10:44:33.048+0000] {dag.py:3954} INFO - Setting next_dagrun for example_setup_teardown to 2024-05-01 00:00:00+00:00, run_after=2024-05-02 00:00:00+00:00
[2024-05-02T10:44:33.059+0000] {processor.py:183} INFO - Processing /home/airflow/.local/lib/python3.12/site-packages/airflow/example_dags/example_setup_teardown.py took 0.060 seconds
[2024-05-02T10:45:03.880+0000] {processor.py:161} INFO - Started process (PID=396) to work on /home/airflow/.local/lib/python3.12/site-packages/airflow/example_dags/example_setup_teardown.py
[2024-05-02T10:45:03.880+0000] {processor.py:830} INFO - Processing file /home/airflow/.local/lib/python3.12/site-packages/airflow/example_dags/example_setup_teardown.py for tasks to queue
[2024-05-02T10:45:03.881+0000] {logging_mixin.py:188} INFO - [2024-05-02T10:45:03.881+0000] {dagbag.py:540} INFO - Filling up the DagBag from /home/airflow/.local/lib/python3.12/site-packages/airflow/example_dags/example_setup_teardown.py
[2024-05-02T10:45:03.886+0000] {processor.py:840} INFO - DAG(s) 'example_setup_teardown' retrieved from /home/airflow/.local/lib/python3.12/site-packages/airflow/example_dags/example_setup_teardown.py
[2024-05-02T10:45:03.899+0000] {logging_mixin.py:188} INFO - [2024-05-02T10:45:03.899+0000] {dag.py:3096} INFO - Sync 1 DAGs
[2024-05-02T10:45:03.914+0000] {logging_mixin.py:188} INFO - [2024-05-02T10:45:03.914+0000] {dag.py:3954} INFO - Setting next_dagrun for example_setup_teardown to 2024-05-01 00:00:00+00:00, run_after=2024-05-02 00:00:00+00:00
[2024-05-02T10:45:03.926+0000] {processor.py:183} INFO - Processing /home/airflow/.local/lib/python3.12/site-packages/airflow/example_dags/example_setup_teardown.py took 0.051 seconds
[2024-05-02T10:45:34.591+0000] {processor.py:161} INFO - Started process (PID=456) to work on /home/airflow/.local/lib/python3.12/site-packages/airflow/example_dags/example_setup_teardown.py
[2024-05-02T10:45:34.591+0000] {processor.py:830} INFO - Processing file /home/airflow/.local/lib/python3.12/site-packages/airflow/example_dags/example_setup_teardown.py for tasks to queue
[2024-05-02T10:45:34.607+0000] {logging_mixin.py:188} INFO - [2024-05-02T10:45:34.607+0000] {dagbag.py:540} INFO - Filling up the DagBag from /home/airflow/.local/lib/python3.12/site-packages/airflow/example_dags/example_setup_teardown.py
[2024-05-02T10:45:34.611+0000] {processor.py:840} INFO - DAG(s) 'example_setup_teardown' retrieved from /home/airflow/.local/lib/python3.12/site-packages/airflow/example_dags/example_setup_teardown.py
[2024-05-02T10:45:34.626+0000] {logging_mixin.py:188} INFO - [2024-05-02T10:45:34.626+0000] {dag.py:3096} INFO - Sync 1 DAGs
[2024-05-02T10:45:34.651+0000] {logging_mixin.py:188} INFO - [2024-05-02T10:45:34.651+0000] {dag.py:3954} INFO - Setting next_dagrun for example_setup_teardown to 2024-05-01 00:00:00+00:00, run_after=2024-05-02 00:00:00+00:00
[2024-05-02T10:45:34.666+0000] {processor.py:183} INFO - Processing /home/airflow/.local/lib/python3.12/site-packages/airflow/example_dags/example_setup_teardown.py took 0.078 seconds
[2024-05-02T10:46:05.096+0000] {processor.py:161} INFO - Started process (PID=516) to work on /home/airflow/.local/lib/python3.12/site-packages/airflow/example_dags/example_setup_teardown.py
[2024-05-02T10:46:05.096+0000] {processor.py:830} INFO - Processing file /home/airflow/.local/lib/python3.12/site-packages/airflow/example_dags/example_setup_teardown.py for tasks to queue
[2024-05-02T10:46:05.098+0000] {logging_mixin.py:188} INFO - [2024-05-02T10:46:05.097+0000] {dagbag.py:540} INFO - Filling up the DagBag from /home/airflow/.local/lib/python3.12/site-packages/airflow/example_dags/example_setup_teardown.py
[2024-05-02T10:46:05.102+0000] {processor.py:840} INFO - DAG(s) 'example_setup_teardown' retrieved from /home/airflow/.local/lib/python3.12/site-packages/airflow/example_dags/example_setup_teardown.py
[2024-05-02T10:46:05.115+0000] {logging_mixin.py:188} INFO - [2024-05-02T10:46:05.115+0000] {dag.py:3096} INFO - Sync 1 DAGs
[2024-05-02T10:46:05.401+0000] {logging_mixin.py:188} INFO - [2024-05-02T10:46:05.401+0000] {dag.py:3954} INFO - Setting next_dagrun for example_setup_teardown to 2024-05-01 00:00:00+00:00, run_after=2024-05-02 00:00:00+00:00
[2024-05-02T10:46:05.424+0000] {processor.py:183} INFO - Processing /home/airflow/.local/lib/python3.12/site-packages/airflow/example_dags/example_setup_teardown.py took 0.333 seconds
[2024-05-02T10:46:35.499+0000] {processor.py:161} INFO - Started process (PID=576) to work on /home/airflow/.local/lib/python3.12/site-packages/airflow/example_dags/example_setup_teardown.py
[2024-05-02T10:46:35.499+0000] {processor.py:830} INFO - Processing file /home/airflow/.local/lib/python3.12/site-packages/airflow/example_dags/example_setup_teardown.py for tasks to queue
[2024-05-02T10:46:35.500+0000] {logging_mixin.py:188} INFO - [2024-05-02T10:46:35.500+0000] {dagbag.py:540} INFO - Filling up the DagBag from /home/airflow/.local/lib/python3.12/site-packages/airflow/example_dags/example_setup_teardown.py
[2024-05-02T10:46:35.504+0000] {processor.py:840} INFO - DAG(s) 'example_setup_teardown' retrieved from /home/airflow/.local/lib/python3.12/site-packages/airflow/example_dags/example_setup_teardown.py
[2024-05-02T10:46:35.517+0000] {logging_mixin.py:188} INFO - [2024-05-02T10:46:35.516+0000] {dag.py:3096} INFO - Sync 1 DAGs
[2024-05-02T10:46:35.529+0000] {logging_mixin.py:188} INFO - [2024-05-02T10:46:35.529+0000] {dag.py:3954} INFO - Setting next_dagrun for example_setup_teardown to 2024-05-01 00:00:00+00:00, run_after=2024-05-02 00:00:00+00:00
[2024-05-02T10:46:35.541+0000] {processor.py:183} INFO - Processing /home/airflow/.local/lib/python3.12/site-packages/airflow/example_dags/example_setup_teardown.py took 0.046 seconds
[2024-05-02T10:47:05.972+0000] {processor.py:161} INFO - Started process (PID=636) to work on /home/airflow/.local/lib/python3.12/site-packages/airflow/example_dags/example_setup_teardown.py
[2024-05-02T10:47:05.973+0000] {processor.py:830} INFO - Processing file /home/airflow/.local/lib/python3.12/site-packages/airflow/example_dags/example_setup_teardown.py for tasks to queue
[2024-05-02T10:47:05.974+0000] {logging_mixin.py:188} INFO - [2024-05-02T10:47:05.973+0000] {dagbag.py:540} INFO - Filling up the DagBag from /home/airflow/.local/lib/python3.12/site-packages/airflow/example_dags/example_setup_teardown.py
[2024-05-02T10:47:05.978+0000] {processor.py:840} INFO - DAG(s) 'example_setup_teardown' retrieved from /home/airflow/.local/lib/python3.12/site-packages/airflow/example_dags/example_setup_teardown.py
[2024-05-02T10:47:05.990+0000] {logging_mixin.py:188} INFO - [2024-05-02T10:47:05.990+0000] {dag.py:3096} INFO - Sync 1 DAGs
[2024-05-02T10:47:06.008+0000] {logging_mixin.py:188} INFO - [2024-05-02T10:47:06.008+0000] {dag.py:3954} INFO - Setting next_dagrun for example_setup_teardown to 2024-05-01 00:00:00+00:00, run_after=2024-05-02 00:00:00+00:00
[2024-05-02T10:47:06.019+0000] {processor.py:183} INFO - Processing /home/airflow/.local/lib/python3.12/site-packages/airflow/example_dags/example_setup_teardown.py took 0.051 seconds
[2024-05-02T10:47:36.839+0000] {processor.py:161} INFO - Started process (PID=696) to work on /home/airflow/.local/lib/python3.12/site-packages/airflow/example_dags/example_setup_teardown.py
[2024-05-02T10:47:36.840+0000] {processor.py:830} INFO - Processing file /home/airflow/.local/lib/python3.12/site-packages/airflow/example_dags/example_setup_teardown.py for tasks to queue
[2024-05-02T10:47:36.863+0000] {logging_mixin.py:188} INFO - [2024-05-02T10:47:36.863+0000] {dagbag.py:540} INFO - Filling up the DagBag from /home/airflow/.local/lib/python3.12/site-packages/airflow/example_dags/example_setup_teardown.py
[2024-05-02T10:47:36.899+0000] {processor.py:840} INFO - DAG(s) 'example_setup_teardown' retrieved from /home/airflow/.local/lib/python3.12/site-packages/airflow/example_dags/example_setup_teardown.py
[2024-05-02T10:47:36.935+0000] {logging_mixin.py:188} INFO - [2024-05-02T10:47:36.935+0000] {dag.py:3096} INFO - Sync 1 DAGs
[2024-05-02T10:47:36.954+0000] {logging_mixin.py:188} INFO - [2024-05-02T10:47:36.954+0000] {dag.py:3954} INFO - Setting next_dagrun for example_setup_teardown to 2024-05-01 00:00:00+00:00, run_after=2024-05-02 00:00:00+00:00
[2024-05-02T10:47:36.984+0000] {processor.py:183} INFO - Processing /home/airflow/.local/lib/python3.12/site-packages/airflow/example_dags/example_setup_teardown.py took 0.152 seconds
[2024-05-02T10:48:07.338+0000] {processor.py:161} INFO - Started process (PID=756) to work on /home/airflow/.local/lib/python3.12/site-packages/airflow/example_dags/example_setup_teardown.py
[2024-05-02T10:48:07.338+0000] {processor.py:830} INFO - Processing file /home/airflow/.local/lib/python3.12/site-packages/airflow/example_dags/example_setup_teardown.py for tasks to queue
[2024-05-02T10:48:07.339+0000] {logging_mixin.py:188} INFO - [2024-05-02T10:48:07.339+0000] {dagbag.py:540} INFO - Filling up the DagBag from /home/airflow/.local/lib/python3.12/site-packages/airflow/example_dags/example_setup_teardown.py
[2024-05-02T10:48:07.343+0000] {processor.py:840} INFO - DAG(s) 'example_setup_teardown' retrieved from /home/airflow/.local/lib/python3.12/site-packages/airflow/example_dags/example_setup_teardown.py
[2024-05-02T10:48:07.355+0000] {logging_mixin.py:188} INFO - [2024-05-02T10:48:07.355+0000] {dag.py:3096} INFO - Sync 1 DAGs
[2024-05-02T10:48:07.368+0000] {logging_mixin.py:188} INFO - [2024-05-02T10:48:07.368+0000] {dag.py:3954} INFO - Setting next_dagrun for example_setup_teardown to 2024-05-01 00:00:00+00:00, run_after=2024-05-02 00:00:00+00:00
[2024-05-02T10:48:07.410+0000] {processor.py:183} INFO - Processing /home/airflow/.local/lib/python3.12/site-packages/airflow/example_dags/example_setup_teardown.py took 0.075 seconds
[2024-05-02T10:49:29.586+0000] {processor.py:161} INFO - Started process (PID=91) to work on /home/airflow/.local/lib/python3.12/site-packages/airflow/example_dags/example_setup_teardown.py
[2024-05-02T10:49:29.586+0000] {processor.py:830} INFO - Processing file /home/airflow/.local/lib/python3.12/site-packages/airflow/example_dags/example_setup_teardown.py for tasks to queue
[2024-05-02T10:49:29.615+0000] {logging_mixin.py:188} INFO - [2024-05-02T10:49:29.615+0000] {dagbag.py:540} INFO - Filling up the DagBag from /home/airflow/.local/lib/python3.12/site-packages/airflow/example_dags/example_setup_teardown.py
[2024-05-02T10:49:29.620+0000] {processor.py:840} INFO - DAG(s) 'example_setup_teardown' retrieved from /home/airflow/.local/lib/python3.12/site-packages/airflow/example_dags/example_setup_teardown.py
[2024-05-02T10:49:29.697+0000] {logging_mixin.py:188} INFO - [2024-05-02T10:49:29.697+0000] {dag.py:3096} INFO - Sync 1 DAGs
[2024-05-02T10:49:29.713+0000] {logging_mixin.py:188} INFO - [2024-05-02T10:49:29.713+0000] {dag.py:3954} INFO - Setting next_dagrun for example_setup_teardown to 2024-05-01 00:00:00+00:00, run_after=2024-05-02 00:00:00+00:00
[2024-05-02T10:49:29.757+0000] {processor.py:183} INFO - Processing /home/airflow/.local/lib/python3.12/site-packages/airflow/example_dags/example_setup_teardown.py took 0.175 seconds
[2024-05-02T10:50:00.743+0000] {processor.py:161} INFO - Started process (PID=151) to work on /home/airflow/.local/lib/python3.12/site-packages/airflow/example_dags/example_setup_teardown.py
[2024-05-02T10:50:00.743+0000] {processor.py:830} INFO - Processing file /home/airflow/.local/lib/python3.12/site-packages/airflow/example_dags/example_setup_teardown.py for tasks to queue
[2024-05-02T10:50:00.744+0000] {logging_mixin.py:188} INFO - [2024-05-02T10:50:00.744+0000] {dagbag.py:540} INFO - Filling up the DagBag from /home/airflow/.local/lib/python3.12/site-packages/airflow/example_dags/example_setup_teardown.py
[2024-05-02T10:50:00.749+0000] {processor.py:840} INFO - DAG(s) 'example_setup_teardown' retrieved from /home/airflow/.local/lib/python3.12/site-packages/airflow/example_dags/example_setup_teardown.py
[2024-05-02T10:50:00.762+0000] {logging_mixin.py:188} INFO - [2024-05-02T10:50:00.762+0000] {dag.py:3096} INFO - Sync 1 DAGs
[2024-05-02T10:50:00.776+0000] {logging_mixin.py:188} INFO - [2024-05-02T10:50:00.776+0000] {dag.py:3954} INFO - Setting next_dagrun for example_setup_teardown to 2024-05-01 00:00:00+00:00, run_after=2024-05-02 00:00:00+00:00
[2024-05-02T10:50:00.789+0000] {processor.py:183} INFO - Processing /home/airflow/.local/lib/python3.12/site-packages/airflow/example_dags/example_setup_teardown.py took 0.051 seconds
[2024-05-02T10:50:31.816+0000] {processor.py:161} INFO - Started process (PID=217) to work on /home/airflow/.local/lib/python3.12/site-packages/airflow/example_dags/example_setup_teardown.py
[2024-05-02T10:50:31.816+0000] {processor.py:830} INFO - Processing file /home/airflow/.local/lib/python3.12/site-packages/airflow/example_dags/example_setup_teardown.py for tasks to queue
[2024-05-02T10:50:31.817+0000] {logging_mixin.py:188} INFO - [2024-05-02T10:50:31.817+0000] {dagbag.py:540} INFO - Filling up the DagBag from /home/airflow/.local/lib/python3.12/site-packages/airflow/example_dags/example_setup_teardown.py
[2024-05-02T10:50:31.822+0000] {processor.py:840} INFO - DAG(s) 'example_setup_teardown' retrieved from /home/airflow/.local/lib/python3.12/site-packages/airflow/example_dags/example_setup_teardown.py
[2024-05-02T10:50:31.846+0000] {logging_mixin.py:188} INFO - [2024-05-02T10:50:31.846+0000] {dag.py:3096} INFO - Sync 1 DAGs
[2024-05-02T10:50:31.863+0000] {logging_mixin.py:188} INFO - [2024-05-02T10:50:31.862+0000] {dag.py:3954} INFO - Setting next_dagrun for example_setup_teardown to 2024-05-01 00:00:00+00:00, run_after=2024-05-02 00:00:00+00:00
[2024-05-02T10:50:31.874+0000] {processor.py:183} INFO - Processing /home/airflow/.local/lib/python3.12/site-packages/airflow/example_dags/example_setup_teardown.py took 0.063 seconds
[2024-05-02T10:51:02.334+0000] {processor.py:161} INFO - Started process (PID=277) to work on /home/airflow/.local/lib/python3.12/site-packages/airflow/example_dags/example_setup_teardown.py
[2024-05-02T10:51:02.335+0000] {processor.py:830} INFO - Processing file /home/airflow/.local/lib/python3.12/site-packages/airflow/example_dags/example_setup_teardown.py for tasks to queue
[2024-05-02T10:51:02.336+0000] {logging_mixin.py:188} INFO - [2024-05-02T10:51:02.335+0000] {dagbag.py:540} INFO - Filling up the DagBag from /home/airflow/.local/lib/python3.12/site-packages/airflow/example_dags/example_setup_teardown.py
[2024-05-02T10:51:02.340+0000] {processor.py:840} INFO - DAG(s) 'example_setup_teardown' retrieved from /home/airflow/.local/lib/python3.12/site-packages/airflow/example_dags/example_setup_teardown.py
[2024-05-02T10:51:02.352+0000] {logging_mixin.py:188} INFO - [2024-05-02T10:51:02.352+0000] {dag.py:3096} INFO - Sync 1 DAGs
[2024-05-02T10:51:02.388+0000] {logging_mixin.py:188} INFO - [2024-05-02T10:51:02.387+0000] {dag.py:3954} INFO - Setting next_dagrun for example_setup_teardown to 2024-05-01 00:00:00+00:00, run_after=2024-05-02 00:00:00+00:00
[2024-05-02T10:51:02.399+0000] {processor.py:183} INFO - Processing /home/airflow/.local/lib/python3.12/site-packages/airflow/example_dags/example_setup_teardown.py took 0.069 seconds
[2024-05-02T10:51:32.567+0000] {processor.py:161} INFO - Started process (PID=337) to work on /home/airflow/.local/lib/python3.12/site-packages/airflow/example_dags/example_setup_teardown.py
[2024-05-02T10:51:32.567+0000] {processor.py:830} INFO - Processing file /home/airflow/.local/lib/python3.12/site-packages/airflow/example_dags/example_setup_teardown.py for tasks to queue
[2024-05-02T10:51:32.568+0000] {logging_mixin.py:188} INFO - [2024-05-02T10:51:32.568+0000] {dagbag.py:540} INFO - Filling up the DagBag from /home/airflow/.local/lib/python3.12/site-packages/airflow/example_dags/example_setup_teardown.py
[2024-05-02T10:51:32.572+0000] {processor.py:840} INFO - DAG(s) 'example_setup_teardown' retrieved from /home/airflow/.local/lib/python3.12/site-packages/airflow/example_dags/example_setup_teardown.py
[2024-05-02T10:51:32.584+0000] {logging_mixin.py:188} INFO - [2024-05-02T10:51:32.584+0000] {dag.py:3096} INFO - Sync 1 DAGs
[2024-05-02T10:51:32.617+0000] {logging_mixin.py:188} INFO - [2024-05-02T10:51:32.616+0000] {dag.py:3954} INFO - Setting next_dagrun for example_setup_teardown to 2024-05-01 00:00:00+00:00, run_after=2024-05-02 00:00:00+00:00
[2024-05-02T10:51:32.628+0000] {processor.py:183} INFO - Processing /home/airflow/.local/lib/python3.12/site-packages/airflow/example_dags/example_setup_teardown.py took 0.066 seconds
[2024-05-02T10:52:03.024+0000] {processor.py:161} INFO - Started process (PID=397) to work on /home/airflow/.local/lib/python3.12/site-packages/airflow/example_dags/example_setup_teardown.py
[2024-05-02T10:52:03.025+0000] {processor.py:830} INFO - Processing file /home/airflow/.local/lib/python3.12/site-packages/airflow/example_dags/example_setup_teardown.py for tasks to queue
[2024-05-02T10:52:03.026+0000] {logging_mixin.py:188} INFO - [2024-05-02T10:52:03.025+0000] {dagbag.py:540} INFO - Filling up the DagBag from /home/airflow/.local/lib/python3.12/site-packages/airflow/example_dags/example_setup_teardown.py
[2024-05-02T10:52:03.029+0000] {processor.py:840} INFO - DAG(s) 'example_setup_teardown' retrieved from /home/airflow/.local/lib/python3.12/site-packages/airflow/example_dags/example_setup_teardown.py
[2024-05-02T10:52:03.042+0000] {logging_mixin.py:188} INFO - [2024-05-02T10:52:03.042+0000] {dag.py:3096} INFO - Sync 1 DAGs
[2024-05-02T10:52:03.088+0000] {logging_mixin.py:188} INFO - [2024-05-02T10:52:03.087+0000] {dag.py:3954} INFO - Setting next_dagrun for example_setup_teardown to 2024-05-01 00:00:00+00:00, run_after=2024-05-02 00:00:00+00:00
[2024-05-02T10:52:03.130+0000] {processor.py:183} INFO - Processing /home/airflow/.local/lib/python3.12/site-packages/airflow/example_dags/example_setup_teardown.py took 0.110 seconds
[2024-05-02T10:52:33.812+0000] {processor.py:161} INFO - Started process (PID=457) to work on /home/airflow/.local/lib/python3.12/site-packages/airflow/example_dags/example_setup_teardown.py
[2024-05-02T10:52:33.812+0000] {processor.py:830} INFO - Processing file /home/airflow/.local/lib/python3.12/site-packages/airflow/example_dags/example_setup_teardown.py for tasks to queue
[2024-05-02T10:52:33.813+0000] {logging_mixin.py:188} INFO - [2024-05-02T10:52:33.813+0000] {dagbag.py:540} INFO - Filling up the DagBag from /home/airflow/.local/lib/python3.12/site-packages/airflow/example_dags/example_setup_teardown.py
[2024-05-02T10:52:33.818+0000] {processor.py:840} INFO - DAG(s) 'example_setup_teardown' retrieved from /home/airflow/.local/lib/python3.12/site-packages/airflow/example_dags/example_setup_teardown.py
[2024-05-02T10:52:33.831+0000] {logging_mixin.py:188} INFO - [2024-05-02T10:52:33.831+0000] {dag.py:3096} INFO - Sync 1 DAGs
[2024-05-02T10:52:33.845+0000] {logging_mixin.py:188} INFO - [2024-05-02T10:52:33.845+0000] {dag.py:3954} INFO - Setting next_dagrun for example_setup_teardown to 2024-05-01 00:00:00+00:00, run_after=2024-05-02 00:00:00+00:00
[2024-05-02T10:52:33.887+0000] {processor.py:183} INFO - Processing /home/airflow/.local/lib/python3.12/site-packages/airflow/example_dags/example_setup_teardown.py took 0.078 seconds
[2024-05-02T10:53:04.388+0000] {processor.py:161} INFO - Started process (PID=517) to work on /home/airflow/.local/lib/python3.12/site-packages/airflow/example_dags/example_setup_teardown.py
[2024-05-02T10:53:04.388+0000] {processor.py:830} INFO - Processing file /home/airflow/.local/lib/python3.12/site-packages/airflow/example_dags/example_setup_teardown.py for tasks to queue
[2024-05-02T10:53:04.389+0000] {logging_mixin.py:188} INFO - [2024-05-02T10:53:04.389+0000] {dagbag.py:540} INFO - Filling up the DagBag from /home/airflow/.local/lib/python3.12/site-packages/airflow/example_dags/example_setup_teardown.py
[2024-05-02T10:53:04.393+0000] {processor.py:840} INFO - DAG(s) 'example_setup_teardown' retrieved from /home/airflow/.local/lib/python3.12/site-packages/airflow/example_dags/example_setup_teardown.py
[2024-05-02T10:53:04.410+0000] {logging_mixin.py:188} INFO - [2024-05-02T10:53:04.410+0000] {dag.py:3096} INFO - Sync 1 DAGs
[2024-05-02T10:53:04.444+0000] {logging_mixin.py:188} INFO - [2024-05-02T10:53:04.444+0000] {dag.py:3954} INFO - Setting next_dagrun for example_setup_teardown to 2024-05-01 00:00:00+00:00, run_after=2024-05-02 00:00:00+00:00
[2024-05-02T10:53:04.456+0000] {processor.py:183} INFO - Processing /home/airflow/.local/lib/python3.12/site-packages/airflow/example_dags/example_setup_teardown.py took 0.072 seconds
[2024-05-02T10:53:35.978+0000] {processor.py:161} INFO - Started process (PID=577) to work on /home/airflow/.local/lib/python3.12/site-packages/airflow/example_dags/example_setup_teardown.py
[2024-05-02T10:53:35.978+0000] {processor.py:830} INFO - Processing file /home/airflow/.local/lib/python3.12/site-packages/airflow/example_dags/example_setup_teardown.py for tasks to queue
[2024-05-02T10:53:36.036+0000] {logging_mixin.py:188} INFO - [2024-05-02T10:53:36.036+0000] {dagbag.py:540} INFO - Filling up the DagBag from /home/airflow/.local/lib/python3.12/site-packages/airflow/example_dags/example_setup_teardown.py
[2024-05-02T10:53:36.041+0000] {processor.py:840} INFO - DAG(s) 'example_setup_teardown' retrieved from /home/airflow/.local/lib/python3.12/site-packages/airflow/example_dags/example_setup_teardown.py
[2024-05-02T10:53:36.053+0000] {logging_mixin.py:188} INFO - [2024-05-02T10:53:36.053+0000] {dag.py:3096} INFO - Sync 1 DAGs
[2024-05-02T10:53:36.066+0000] {logging_mixin.py:188} INFO - [2024-05-02T10:53:36.066+0000] {dag.py:3954} INFO - Setting next_dagrun for example_setup_teardown to 2024-05-01 00:00:00+00:00, run_after=2024-05-02 00:00:00+00:00
[2024-05-02T10:53:36.077+0000] {processor.py:183} INFO - Processing /home/airflow/.local/lib/python3.12/site-packages/airflow/example_dags/example_setup_teardown.py took 0.103 seconds
[2024-05-02T10:54:06.921+0000] {processor.py:161} INFO - Started process (PID=637) to work on /home/airflow/.local/lib/python3.12/site-packages/airflow/example_dags/example_setup_teardown.py
[2024-05-02T10:54:06.921+0000] {processor.py:830} INFO - Processing file /home/airflow/.local/lib/python3.12/site-packages/airflow/example_dags/example_setup_teardown.py for tasks to queue
[2024-05-02T10:54:06.922+0000] {logging_mixin.py:188} INFO - [2024-05-02T10:54:06.922+0000] {dagbag.py:540} INFO - Filling up the DagBag from /home/airflow/.local/lib/python3.12/site-packages/airflow/example_dags/example_setup_teardown.py
[2024-05-02T10:54:06.927+0000] {processor.py:840} INFO - DAG(s) 'example_setup_teardown' retrieved from /home/airflow/.local/lib/python3.12/site-packages/airflow/example_dags/example_setup_teardown.py
[2024-05-02T10:54:06.942+0000] {logging_mixin.py:188} INFO - [2024-05-02T10:54:06.941+0000] {dag.py:3096} INFO - Sync 1 DAGs
[2024-05-02T10:54:06.958+0000] {logging_mixin.py:188} INFO - [2024-05-02T10:54:06.958+0000] {dag.py:3954} INFO - Setting next_dagrun for example_setup_teardown to 2024-05-01 00:00:00+00:00, run_after=2024-05-02 00:00:00+00:00
[2024-05-02T10:54:06.981+0000] {processor.py:183} INFO - Processing /home/airflow/.local/lib/python3.12/site-packages/airflow/example_dags/example_setup_teardown.py took 0.065 seconds
[2024-05-02T10:54:37.386+0000] {processor.py:161} INFO - Started process (PID=697) to work on /home/airflow/.local/lib/python3.12/site-packages/airflow/example_dags/example_setup_teardown.py
[2024-05-02T10:54:37.387+0000] {processor.py:830} INFO - Processing file /home/airflow/.local/lib/python3.12/site-packages/airflow/example_dags/example_setup_teardown.py for tasks to queue
[2024-05-02T10:54:37.388+0000] {logging_mixin.py:188} INFO - [2024-05-02T10:54:37.388+0000] {dagbag.py:540} INFO - Filling up the DagBag from /home/airflow/.local/lib/python3.12/site-packages/airflow/example_dags/example_setup_teardown.py
[2024-05-02T10:54:37.392+0000] {processor.py:840} INFO - DAG(s) 'example_setup_teardown' retrieved from /home/airflow/.local/lib/python3.12/site-packages/airflow/example_dags/example_setup_teardown.py
[2024-05-02T10:54:37.407+0000] {logging_mixin.py:188} INFO - [2024-05-02T10:54:37.406+0000] {dag.py:3096} INFO - Sync 1 DAGs
[2024-05-02T10:54:37.450+0000] {logging_mixin.py:188} INFO - [2024-05-02T10:54:37.450+0000] {dag.py:3954} INFO - Setting next_dagrun for example_setup_teardown to 2024-05-01 00:00:00+00:00, run_after=2024-05-02 00:00:00+00:00
[2024-05-02T10:54:37.465+0000] {processor.py:183} INFO - Processing /home/airflow/.local/lib/python3.12/site-packages/airflow/example_dags/example_setup_teardown.py took 0.082 seconds
[2024-05-02T10:55:07.911+0000] {processor.py:161} INFO - Started process (PID=757) to work on /home/airflow/.local/lib/python3.12/site-packages/airflow/example_dags/example_setup_teardown.py
[2024-05-02T10:55:07.912+0000] {processor.py:830} INFO - Processing file /home/airflow/.local/lib/python3.12/site-packages/airflow/example_dags/example_setup_teardown.py for tasks to queue
[2024-05-02T10:55:07.913+0000] {logging_mixin.py:188} INFO - [2024-05-02T10:55:07.913+0000] {dagbag.py:540} INFO - Filling up the DagBag from /home/airflow/.local/lib/python3.12/site-packages/airflow/example_dags/example_setup_teardown.py
[2024-05-02T10:55:07.917+0000] {processor.py:840} INFO - DAG(s) 'example_setup_teardown' retrieved from /home/airflow/.local/lib/python3.12/site-packages/airflow/example_dags/example_setup_teardown.py
[2024-05-02T10:55:07.931+0000] {logging_mixin.py:188} INFO - [2024-05-02T10:55:07.930+0000] {dag.py:3096} INFO - Sync 1 DAGs
[2024-05-02T10:55:07.945+0000] {logging_mixin.py:188} INFO - [2024-05-02T10:55:07.945+0000] {dag.py:3954} INFO - Setting next_dagrun for example_setup_teardown to 2024-05-01 00:00:00+00:00, run_after=2024-05-02 00:00:00+00:00
[2024-05-02T10:55:07.978+0000] {processor.py:183} INFO - Processing /home/airflow/.local/lib/python3.12/site-packages/airflow/example_dags/example_setup_teardown.py took 0.071 seconds
[2024-05-02T10:55:38.057+0000] {processor.py:161} INFO - Started process (PID=816) to work on /home/airflow/.local/lib/python3.12/site-packages/airflow/example_dags/example_setup_teardown.py
[2024-05-02T10:55:38.057+0000] {processor.py:830} INFO - Processing file /home/airflow/.local/lib/python3.12/site-packages/airflow/example_dags/example_setup_teardown.py for tasks to queue
[2024-05-02T10:55:38.058+0000] {logging_mixin.py:188} INFO - [2024-05-02T10:55:38.058+0000] {dagbag.py:540} INFO - Filling up the DagBag from /home/airflow/.local/lib/python3.12/site-packages/airflow/example_dags/example_setup_teardown.py
[2024-05-02T10:55:38.062+0000] {processor.py:840} INFO - DAG(s) 'example_setup_teardown' retrieved from /home/airflow/.local/lib/python3.12/site-packages/airflow/example_dags/example_setup_teardown.py
[2024-05-02T10:55:38.075+0000] {logging_mixin.py:188} INFO - [2024-05-02T10:55:38.075+0000] {dag.py:3096} INFO - Sync 1 DAGs
[2024-05-02T10:55:38.103+0000] {logging_mixin.py:188} INFO - [2024-05-02T10:55:38.103+0000] {dag.py:3954} INFO - Setting next_dagrun for example_setup_teardown to 2024-05-01 00:00:00+00:00, run_after=2024-05-02 00:00:00+00:00
[2024-05-02T10:55:38.115+0000] {processor.py:183} INFO - Processing /home/airflow/.local/lib/python3.12/site-packages/airflow/example_dags/example_setup_teardown.py took 0.063 seconds
[2024-05-02T10:56:08.546+0000] {processor.py:161} INFO - Started process (PID=877) to work on /home/airflow/.local/lib/python3.12/site-packages/airflow/example_dags/example_setup_teardown.py
[2024-05-02T10:56:08.546+0000] {processor.py:830} INFO - Processing file /home/airflow/.local/lib/python3.12/site-packages/airflow/example_dags/example_setup_teardown.py for tasks to queue
[2024-05-02T10:56:08.573+0000] {logging_mixin.py:188} INFO - [2024-05-02T10:56:08.573+0000] {dagbag.py:540} INFO - Filling up the DagBag from /home/airflow/.local/lib/python3.12/site-packages/airflow/example_dags/example_setup_teardown.py
[2024-05-02T10:56:08.609+0000] {processor.py:840} INFO - DAG(s) 'example_setup_teardown' retrieved from /home/airflow/.local/lib/python3.12/site-packages/airflow/example_dags/example_setup_teardown.py
[2024-05-02T10:56:08.647+0000] {logging_mixin.py:188} INFO - [2024-05-02T10:56:08.647+0000] {dag.py:3096} INFO - Sync 1 DAGs
[2024-05-02T10:56:08.666+0000] {logging_mixin.py:188} INFO - [2024-05-02T10:56:08.666+0000] {dag.py:3954} INFO - Setting next_dagrun for example_setup_teardown to 2024-05-01 00:00:00+00:00, run_after=2024-05-02 00:00:00+00:00
[2024-05-02T10:56:08.690+0000] {processor.py:183} INFO - Processing /home/airflow/.local/lib/python3.12/site-packages/airflow/example_dags/example_setup_teardown.py took 0.149 seconds
[2024-05-02T10:56:39.041+0000] {processor.py:161} INFO - Started process (PID=937) to work on /home/airflow/.local/lib/python3.12/site-packages/airflow/example_dags/example_setup_teardown.py
[2024-05-02T10:56:39.041+0000] {processor.py:830} INFO - Processing file /home/airflow/.local/lib/python3.12/site-packages/airflow/example_dags/example_setup_teardown.py for tasks to queue
[2024-05-02T10:56:39.070+0000] {logging_mixin.py:188} INFO - [2024-05-02T10:56:39.070+0000] {dagbag.py:540} INFO - Filling up the DagBag from /home/airflow/.local/lib/python3.12/site-packages/airflow/example_dags/example_setup_teardown.py
[2024-05-02T10:56:39.101+0000] {processor.py:840} INFO - DAG(s) 'example_setup_teardown' retrieved from /home/airflow/.local/lib/python3.12/site-packages/airflow/example_dags/example_setup_teardown.py
[2024-05-02T10:56:39.122+0000] {logging_mixin.py:188} INFO - [2024-05-02T10:56:39.122+0000] {dag.py:3096} INFO - Sync 1 DAGs
[2024-05-02T10:56:39.170+0000] {logging_mixin.py:188} INFO - [2024-05-02T10:56:39.170+0000] {dag.py:3954} INFO - Setting next_dagrun for example_setup_teardown to 2024-05-01 00:00:00+00:00, run_after=2024-05-02 00:00:00+00:00
[2024-05-02T10:56:39.295+0000] {processor.py:183} INFO - Processing /home/airflow/.local/lib/python3.12/site-packages/airflow/example_dags/example_setup_teardown.py took 0.258 seconds
[2024-05-02T10:57:09.532+0000] {processor.py:161} INFO - Started process (PID=997) to work on /home/airflow/.local/lib/python3.12/site-packages/airflow/example_dags/example_setup_teardown.py
[2024-05-02T10:57:09.533+0000] {processor.py:830} INFO - Processing file /home/airflow/.local/lib/python3.12/site-packages/airflow/example_dags/example_setup_teardown.py for tasks to queue
[2024-05-02T10:57:09.534+0000] {logging_mixin.py:188} INFO - [2024-05-02T10:57:09.534+0000] {dagbag.py:540} INFO - Filling up the DagBag from /home/airflow/.local/lib/python3.12/site-packages/airflow/example_dags/example_setup_teardown.py
[2024-05-02T10:57:09.539+0000] {processor.py:840} INFO - DAG(s) 'example_setup_teardown' retrieved from /home/airflow/.local/lib/python3.12/site-packages/airflow/example_dags/example_setup_teardown.py
[2024-05-02T10:57:09.553+0000] {logging_mixin.py:188} INFO - [2024-05-02T10:57:09.553+0000] {dag.py:3096} INFO - Sync 1 DAGs
[2024-05-02T10:57:09.579+0000] {logging_mixin.py:188} INFO - [2024-05-02T10:57:09.579+0000] {dag.py:3954} INFO - Setting next_dagrun for example_setup_teardown to 2024-05-01 00:00:00+00:00, run_after=2024-05-02 00:00:00+00:00
[2024-05-02T10:57:09.592+0000] {processor.py:183} INFO - Processing /home/airflow/.local/lib/python3.12/site-packages/airflow/example_dags/example_setup_teardown.py took 0.064 seconds
