[2024-05-02T10:20:07.746+0000] {processor.py:161} INFO - Started process (PID=69) to work on /home/airflow/.local/lib/python3.12/site-packages/airflow/example_dags/example_complex.py
[2024-05-02T10:20:07.747+0000] {processor.py:830} INFO - Processing file /home/airflow/.local/lib/python3.12/site-packages/airflow/example_dags/example_complex.py for tasks to queue
[2024-05-02T10:20:07.748+0000] {logging_mixin.py:188} INFO - [2024-05-02T10:20:07.748+0000] {dagbag.py:540} INFO - Filling up the DagBag from /home/airflow/.local/lib/python3.12/site-packages/airflow/example_dags/example_complex.py
[2024-05-02T10:20:07.759+0000] {processor.py:840} INFO - DAG(s) 'example_complex' retrieved from /home/airflow/.local/lib/python3.12/site-packages/airflow/example_dags/example_complex.py
[2024-05-02T10:20:07.768+0000] {logging_mixin.py:188} INFO - [2024-05-02T10:20:07.766+0000] {dag.py:3096} INFO - Sync 1 DAGs
[2024-05-02T10:20:07.777+0000] {logging_mixin.py:188} INFO - [2024-05-02T10:20:07.777+0000] {dag.py:3954} INFO - Setting next_dagrun for example_complex to None, run_after=None
[2024-05-02T10:20:07.791+0000] {processor.py:183} INFO - Processing /home/airflow/.local/lib/python3.12/site-packages/airflow/example_dags/example_complex.py took 0.049 seconds
[2024-05-02T10:20:38.849+0000] {processor.py:161} INFO - Started process (PID=127) to work on /home/airflow/.local/lib/python3.12/site-packages/airflow/example_dags/example_complex.py
[2024-05-02T10:20:38.849+0000] {processor.py:830} INFO - Processing file /home/airflow/.local/lib/python3.12/site-packages/airflow/example_dags/example_complex.py for tasks to queue
[2024-05-02T10:20:38.850+0000] {logging_mixin.py:188} INFO - [2024-05-02T10:20:38.850+0000] {dagbag.py:540} INFO - Filling up the DagBag from /home/airflow/.local/lib/python3.12/site-packages/airflow/example_dags/example_complex.py
[2024-05-02T10:20:38.857+0000] {processor.py:840} INFO - DAG(s) 'example_complex' retrieved from /home/airflow/.local/lib/python3.12/site-packages/airflow/example_dags/example_complex.py
[2024-05-02T10:20:38.935+0000] {logging_mixin.py:188} INFO - [2024-05-02T10:20:38.935+0000] {dag.py:3096} INFO - Sync 1 DAGs
[2024-05-02T10:20:38.943+0000] {logging_mixin.py:188} INFO - [2024-05-02T10:20:38.943+0000] {dag.py:3954} INFO - Setting next_dagrun for example_complex to None, run_after=None
[2024-05-02T10:20:38.956+0000] {processor.py:183} INFO - Processing /home/airflow/.local/lib/python3.12/site-packages/airflow/example_dags/example_complex.py took 0.111 seconds
[2024-05-02T10:21:10.051+0000] {processor.py:161} INFO - Started process (PID=186) to work on /home/airflow/.local/lib/python3.12/site-packages/airflow/example_dags/example_complex.py
[2024-05-02T10:21:10.052+0000] {processor.py:830} INFO - Processing file /home/airflow/.local/lib/python3.12/site-packages/airflow/example_dags/example_complex.py for tasks to queue
[2024-05-02T10:21:10.053+0000] {logging_mixin.py:188} INFO - [2024-05-02T10:21:10.053+0000] {dagbag.py:540} INFO - Filling up the DagBag from /home/airflow/.local/lib/python3.12/site-packages/airflow/example_dags/example_complex.py
[2024-05-02T10:21:10.062+0000] {processor.py:840} INFO - DAG(s) 'example_complex' retrieved from /home/airflow/.local/lib/python3.12/site-packages/airflow/example_dags/example_complex.py
[2024-05-02T10:21:10.084+0000] {logging_mixin.py:188} INFO - [2024-05-02T10:21:10.084+0000] {dag.py:3096} INFO - Sync 1 DAGs
[2024-05-02T10:21:10.092+0000] {logging_mixin.py:188} INFO - [2024-05-02T10:21:10.092+0000] {dag.py:3954} INFO - Setting next_dagrun for example_complex to None, run_after=None
[2024-05-02T10:21:10.103+0000] {processor.py:183} INFO - Processing /home/airflow/.local/lib/python3.12/site-packages/airflow/example_dags/example_complex.py took 0.055 seconds
[2024-05-02T10:21:40.772+0000] {processor.py:161} INFO - Started process (PID=244) to work on /home/airflow/.local/lib/python3.12/site-packages/airflow/example_dags/example_complex.py
[2024-05-02T10:21:40.772+0000] {processor.py:830} INFO - Processing file /home/airflow/.local/lib/python3.12/site-packages/airflow/example_dags/example_complex.py for tasks to queue
[2024-05-02T10:21:40.773+0000] {logging_mixin.py:188} INFO - [2024-05-02T10:21:40.773+0000] {dagbag.py:540} INFO - Filling up the DagBag from /home/airflow/.local/lib/python3.12/site-packages/airflow/example_dags/example_complex.py
[2024-05-02T10:21:40.780+0000] {processor.py:840} INFO - DAG(s) 'example_complex' retrieved from /home/airflow/.local/lib/python3.12/site-packages/airflow/example_dags/example_complex.py
[2024-05-02T10:21:40.802+0000] {logging_mixin.py:188} INFO - [2024-05-02T10:21:40.801+0000] {dag.py:3096} INFO - Sync 1 DAGs
[2024-05-02T10:21:40.810+0000] {logging_mixin.py:188} INFO - [2024-05-02T10:21:40.809+0000] {dag.py:3954} INFO - Setting next_dagrun for example_complex to None, run_after=None
[2024-05-02T10:21:40.820+0000] {processor.py:183} INFO - Processing /home/airflow/.local/lib/python3.12/site-packages/airflow/example_dags/example_complex.py took 0.052 seconds
[2024-05-02T10:22:11.203+0000] {processor.py:161} INFO - Started process (PID=302) to work on /home/airflow/.local/lib/python3.12/site-packages/airflow/example_dags/example_complex.py
[2024-05-02T10:22:11.203+0000] {processor.py:830} INFO - Processing file /home/airflow/.local/lib/python3.12/site-packages/airflow/example_dags/example_complex.py for tasks to queue
[2024-05-02T10:22:11.204+0000] {logging_mixin.py:188} INFO - [2024-05-02T10:22:11.204+0000] {dagbag.py:540} INFO - Filling up the DagBag from /home/airflow/.local/lib/python3.12/site-packages/airflow/example_dags/example_complex.py
[2024-05-02T10:22:11.211+0000] {processor.py:840} INFO - DAG(s) 'example_complex' retrieved from /home/airflow/.local/lib/python3.12/site-packages/airflow/example_dags/example_complex.py
[2024-05-02T10:22:11.231+0000] {logging_mixin.py:188} INFO - [2024-05-02T10:22:11.231+0000] {dag.py:3096} INFO - Sync 1 DAGs
[2024-05-02T10:22:11.239+0000] {logging_mixin.py:188} INFO - [2024-05-02T10:22:11.239+0000] {dag.py:3954} INFO - Setting next_dagrun for example_complex to None, run_after=None
[2024-05-02T10:22:11.252+0000] {processor.py:183} INFO - Processing /home/airflow/.local/lib/python3.12/site-packages/airflow/example_dags/example_complex.py took 0.052 seconds
[2024-05-02T10:22:42.142+0000] {processor.py:161} INFO - Started process (PID=360) to work on /home/airflow/.local/lib/python3.12/site-packages/airflow/example_dags/example_complex.py
[2024-05-02T10:22:42.142+0000] {processor.py:830} INFO - Processing file /home/airflow/.local/lib/python3.12/site-packages/airflow/example_dags/example_complex.py for tasks to queue
[2024-05-02T10:22:42.143+0000] {logging_mixin.py:188} INFO - [2024-05-02T10:22:42.143+0000] {dagbag.py:540} INFO - Filling up the DagBag from /home/airflow/.local/lib/python3.12/site-packages/airflow/example_dags/example_complex.py
[2024-05-02T10:22:42.149+0000] {processor.py:840} INFO - DAG(s) 'example_complex' retrieved from /home/airflow/.local/lib/python3.12/site-packages/airflow/example_dags/example_complex.py
[2024-05-02T10:22:42.170+0000] {logging_mixin.py:188} INFO - [2024-05-02T10:22:42.169+0000] {dag.py:3096} INFO - Sync 1 DAGs
[2024-05-02T10:22:42.178+0000] {logging_mixin.py:188} INFO - [2024-05-02T10:22:42.177+0000] {dag.py:3954} INFO - Setting next_dagrun for example_complex to None, run_after=None
[2024-05-02T10:22:42.188+0000] {processor.py:183} INFO - Processing /home/airflow/.local/lib/python3.12/site-packages/airflow/example_dags/example_complex.py took 0.050 seconds
[2024-05-02T10:23:12.388+0000] {processor.py:161} INFO - Started process (PID=418) to work on /home/airflow/.local/lib/python3.12/site-packages/airflow/example_dags/example_complex.py
[2024-05-02T10:23:12.388+0000] {processor.py:830} INFO - Processing file /home/airflow/.local/lib/python3.12/site-packages/airflow/example_dags/example_complex.py for tasks to queue
[2024-05-02T10:23:12.389+0000] {logging_mixin.py:188} INFO - [2024-05-02T10:23:12.389+0000] {dagbag.py:540} INFO - Filling up the DagBag from /home/airflow/.local/lib/python3.12/site-packages/airflow/example_dags/example_complex.py
[2024-05-02T10:23:12.396+0000] {processor.py:840} INFO - DAG(s) 'example_complex' retrieved from /home/airflow/.local/lib/python3.12/site-packages/airflow/example_dags/example_complex.py
[2024-05-02T10:23:12.416+0000] {logging_mixin.py:188} INFO - [2024-05-02T10:23:12.416+0000] {dag.py:3096} INFO - Sync 1 DAGs
[2024-05-02T10:23:12.424+0000] {logging_mixin.py:188} INFO - [2024-05-02T10:23:12.424+0000] {dag.py:3954} INFO - Setting next_dagrun for example_complex to None, run_after=None
[2024-05-02T10:23:12.435+0000] {processor.py:183} INFO - Processing /home/airflow/.local/lib/python3.12/site-packages/airflow/example_dags/example_complex.py took 0.051 seconds
[2024-05-02T10:23:43.566+0000] {processor.py:161} INFO - Started process (PID=476) to work on /home/airflow/.local/lib/python3.12/site-packages/airflow/example_dags/example_complex.py
[2024-05-02T10:23:43.566+0000] {processor.py:830} INFO - Processing file /home/airflow/.local/lib/python3.12/site-packages/airflow/example_dags/example_complex.py for tasks to queue
[2024-05-02T10:23:43.567+0000] {logging_mixin.py:188} INFO - [2024-05-02T10:23:43.567+0000] {dagbag.py:540} INFO - Filling up the DagBag from /home/airflow/.local/lib/python3.12/site-packages/airflow/example_dags/example_complex.py
[2024-05-02T10:23:43.574+0000] {processor.py:840} INFO - DAG(s) 'example_complex' retrieved from /home/airflow/.local/lib/python3.12/site-packages/airflow/example_dags/example_complex.py
[2024-05-02T10:23:43.594+0000] {logging_mixin.py:188} INFO - [2024-05-02T10:23:43.594+0000] {dag.py:3096} INFO - Sync 1 DAGs
[2024-05-02T10:23:43.602+0000] {logging_mixin.py:188} INFO - [2024-05-02T10:23:43.602+0000] {dag.py:3954} INFO - Setting next_dagrun for example_complex to None, run_after=None
[2024-05-02T10:23:43.613+0000] {processor.py:183} INFO - Processing /home/airflow/.local/lib/python3.12/site-packages/airflow/example_dags/example_complex.py took 0.052 seconds
[2024-05-02T10:24:14.943+0000] {processor.py:161} INFO - Started process (PID=534) to work on /home/airflow/.local/lib/python3.12/site-packages/airflow/example_dags/example_complex.py
[2024-05-02T10:24:14.944+0000] {processor.py:830} INFO - Processing file /home/airflow/.local/lib/python3.12/site-packages/airflow/example_dags/example_complex.py for tasks to queue
[2024-05-02T10:24:14.945+0000] {logging_mixin.py:188} INFO - [2024-05-02T10:24:14.945+0000] {dagbag.py:540} INFO - Filling up the DagBag from /home/airflow/.local/lib/python3.12/site-packages/airflow/example_dags/example_complex.py
[2024-05-02T10:24:14.951+0000] {processor.py:840} INFO - DAG(s) 'example_complex' retrieved from /home/airflow/.local/lib/python3.12/site-packages/airflow/example_dags/example_complex.py
[2024-05-02T10:24:14.972+0000] {logging_mixin.py:188} INFO - [2024-05-02T10:24:14.972+0000] {dag.py:3096} INFO - Sync 1 DAGs
[2024-05-02T10:24:14.979+0000] {logging_mixin.py:188} INFO - [2024-05-02T10:24:14.979+0000] {dag.py:3954} INFO - Setting next_dagrun for example_complex to None, run_after=None
[2024-05-02T10:24:14.991+0000] {processor.py:183} INFO - Processing /home/airflow/.local/lib/python3.12/site-packages/airflow/example_dags/example_complex.py took 0.051 seconds
[2024-05-02T10:24:45.912+0000] {processor.py:161} INFO - Started process (PID=592) to work on /home/airflow/.local/lib/python3.12/site-packages/airflow/example_dags/example_complex.py
[2024-05-02T10:24:45.912+0000] {processor.py:830} INFO - Processing file /home/airflow/.local/lib/python3.12/site-packages/airflow/example_dags/example_complex.py for tasks to queue
[2024-05-02T10:24:45.913+0000] {logging_mixin.py:188} INFO - [2024-05-02T10:24:45.913+0000] {dagbag.py:540} INFO - Filling up the DagBag from /home/airflow/.local/lib/python3.12/site-packages/airflow/example_dags/example_complex.py
[2024-05-02T10:24:45.920+0000] {processor.py:840} INFO - DAG(s) 'example_complex' retrieved from /home/airflow/.local/lib/python3.12/site-packages/airflow/example_dags/example_complex.py
[2024-05-02T10:24:45.943+0000] {logging_mixin.py:188} INFO - [2024-05-02T10:24:45.943+0000] {dag.py:3096} INFO - Sync 1 DAGs
[2024-05-02T10:24:45.952+0000] {logging_mixin.py:188} INFO - [2024-05-02T10:24:45.952+0000] {dag.py:3954} INFO - Setting next_dagrun for example_complex to None, run_after=None
[2024-05-02T10:24:45.965+0000] {processor.py:183} INFO - Processing /home/airflow/.local/lib/python3.12/site-packages/airflow/example_dags/example_complex.py took 0.057 seconds
[2024-05-02T10:25:17.011+0000] {processor.py:161} INFO - Started process (PID=651) to work on /home/airflow/.local/lib/python3.12/site-packages/airflow/example_dags/example_complex.py
[2024-05-02T10:25:17.012+0000] {processor.py:830} INFO - Processing file /home/airflow/.local/lib/python3.12/site-packages/airflow/example_dags/example_complex.py for tasks to queue
[2024-05-02T10:25:17.013+0000] {logging_mixin.py:188} INFO - [2024-05-02T10:25:17.013+0000] {dagbag.py:540} INFO - Filling up the DagBag from /home/airflow/.local/lib/python3.12/site-packages/airflow/example_dags/example_complex.py
[2024-05-02T10:25:17.020+0000] {processor.py:840} INFO - DAG(s) 'example_complex' retrieved from /home/airflow/.local/lib/python3.12/site-packages/airflow/example_dags/example_complex.py
[2024-05-02T10:25:17.043+0000] {logging_mixin.py:188} INFO - [2024-05-02T10:25:17.043+0000] {dag.py:3096} INFO - Sync 1 DAGs
[2024-05-02T10:25:17.069+0000] {logging_mixin.py:188} INFO - [2024-05-02T10:25:17.069+0000] {dag.py:3954} INFO - Setting next_dagrun for example_complex to None, run_after=None
[2024-05-02T10:25:17.095+0000] {processor.py:183} INFO - Processing /home/airflow/.local/lib/python3.12/site-packages/airflow/example_dags/example_complex.py took 0.088 seconds
[2024-05-02T10:25:48.119+0000] {processor.py:161} INFO - Started process (PID=711) to work on /home/airflow/.local/lib/python3.12/site-packages/airflow/example_dags/example_complex.py
[2024-05-02T10:25:48.120+0000] {processor.py:830} INFO - Processing file /home/airflow/.local/lib/python3.12/site-packages/airflow/example_dags/example_complex.py for tasks to queue
[2024-05-02T10:25:48.121+0000] {logging_mixin.py:188} INFO - [2024-05-02T10:25:48.121+0000] {dagbag.py:540} INFO - Filling up the DagBag from /home/airflow/.local/lib/python3.12/site-packages/airflow/example_dags/example_complex.py
[2024-05-02T10:25:48.128+0000] {processor.py:840} INFO - DAG(s) 'example_complex' retrieved from /home/airflow/.local/lib/python3.12/site-packages/airflow/example_dags/example_complex.py
[2024-05-02T10:25:48.149+0000] {logging_mixin.py:188} INFO - [2024-05-02T10:25:48.148+0000] {dag.py:3096} INFO - Sync 1 DAGs
[2024-05-02T10:25:48.156+0000] {logging_mixin.py:188} INFO - [2024-05-02T10:25:48.156+0000] {dag.py:3954} INFO - Setting next_dagrun for example_complex to None, run_after=None
[2024-05-02T10:25:48.167+0000] {processor.py:183} INFO - Processing /home/airflow/.local/lib/python3.12/site-packages/airflow/example_dags/example_complex.py took 0.052 seconds
[2024-05-02T10:26:19.107+0000] {processor.py:161} INFO - Started process (PID=770) to work on /home/airflow/.local/lib/python3.12/site-packages/airflow/example_dags/example_complex.py
[2024-05-02T10:26:19.107+0000] {processor.py:830} INFO - Processing file /home/airflow/.local/lib/python3.12/site-packages/airflow/example_dags/example_complex.py for tasks to queue
[2024-05-02T10:26:19.108+0000] {logging_mixin.py:188} INFO - [2024-05-02T10:26:19.108+0000] {dagbag.py:540} INFO - Filling up the DagBag from /home/airflow/.local/lib/python3.12/site-packages/airflow/example_dags/example_complex.py
[2024-05-02T10:26:19.115+0000] {processor.py:840} INFO - DAG(s) 'example_complex' retrieved from /home/airflow/.local/lib/python3.12/site-packages/airflow/example_dags/example_complex.py
[2024-05-02T10:26:19.138+0000] {logging_mixin.py:188} INFO - [2024-05-02T10:26:19.138+0000] {dag.py:3096} INFO - Sync 1 DAGs
[2024-05-02T10:26:19.148+0000] {logging_mixin.py:188} INFO - [2024-05-02T10:26:19.148+0000] {dag.py:3954} INFO - Setting next_dagrun for example_complex to None, run_after=None
[2024-05-02T10:26:19.165+0000] {processor.py:183} INFO - Processing /home/airflow/.local/lib/python3.12/site-packages/airflow/example_dags/example_complex.py took 0.062 seconds
[2024-05-02T10:26:50.236+0000] {processor.py:161} INFO - Started process (PID=835) to work on /home/airflow/.local/lib/python3.12/site-packages/airflow/example_dags/example_complex.py
[2024-05-02T10:26:50.237+0000] {processor.py:830} INFO - Processing file /home/airflow/.local/lib/python3.12/site-packages/airflow/example_dags/example_complex.py for tasks to queue
[2024-05-02T10:26:50.238+0000] {logging_mixin.py:188} INFO - [2024-05-02T10:26:50.238+0000] {dagbag.py:540} INFO - Filling up the DagBag from /home/airflow/.local/lib/python3.12/site-packages/airflow/example_dags/example_complex.py
[2024-05-02T10:26:50.244+0000] {processor.py:840} INFO - DAG(s) 'example_complex' retrieved from /home/airflow/.local/lib/python3.12/site-packages/airflow/example_dags/example_complex.py
[2024-05-02T10:26:50.266+0000] {logging_mixin.py:188} INFO - [2024-05-02T10:26:50.265+0000] {dag.py:3096} INFO - Sync 1 DAGs
[2024-05-02T10:26:50.294+0000] {logging_mixin.py:188} INFO - [2024-05-02T10:26:50.294+0000] {dag.py:3954} INFO - Setting next_dagrun for example_complex to None, run_after=None
[2024-05-02T10:26:50.305+0000] {processor.py:183} INFO - Processing /home/airflow/.local/lib/python3.12/site-packages/airflow/example_dags/example_complex.py took 0.073 seconds
[2024-05-02T10:27:21.168+0000] {processor.py:161} INFO - Started process (PID=894) to work on /home/airflow/.local/lib/python3.12/site-packages/airflow/example_dags/example_complex.py
[2024-05-02T10:27:21.168+0000] {processor.py:830} INFO - Processing file /home/airflow/.local/lib/python3.12/site-packages/airflow/example_dags/example_complex.py for tasks to queue
[2024-05-02T10:27:21.193+0000] {logging_mixin.py:188} INFO - [2024-05-02T10:27:21.192+0000] {dagbag.py:540} INFO - Filling up the DagBag from /home/airflow/.local/lib/python3.12/site-packages/airflow/example_dags/example_complex.py
[2024-05-02T10:27:21.225+0000] {processor.py:840} INFO - DAG(s) 'example_complex' retrieved from /home/airflow/.local/lib/python3.12/site-packages/airflow/example_dags/example_complex.py
[2024-05-02T10:27:21.255+0000] {logging_mixin.py:188} INFO - [2024-05-02T10:27:21.255+0000] {dag.py:3096} INFO - Sync 1 DAGs
[2024-05-02T10:27:21.274+0000] {logging_mixin.py:188} INFO - [2024-05-02T10:27:21.274+0000] {dag.py:3954} INFO - Setting next_dagrun for example_complex to None, run_after=None
[2024-05-02T10:27:21.288+0000] {processor.py:183} INFO - Processing /home/airflow/.local/lib/python3.12/site-packages/airflow/example_dags/example_complex.py took 0.124 seconds
[2024-05-02T10:27:51.729+0000] {processor.py:161} INFO - Started process (PID=953) to work on /home/airflow/.local/lib/python3.12/site-packages/airflow/example_dags/example_complex.py
[2024-05-02T10:27:51.730+0000] {processor.py:830} INFO - Processing file /home/airflow/.local/lib/python3.12/site-packages/airflow/example_dags/example_complex.py for tasks to queue
[2024-05-02T10:27:51.731+0000] {logging_mixin.py:188} INFO - [2024-05-02T10:27:51.731+0000] {dagbag.py:540} INFO - Filling up the DagBag from /home/airflow/.local/lib/python3.12/site-packages/airflow/example_dags/example_complex.py
[2024-05-02T10:27:51.738+0000] {processor.py:840} INFO - DAG(s) 'example_complex' retrieved from /home/airflow/.local/lib/python3.12/site-packages/airflow/example_dags/example_complex.py
[2024-05-02T10:27:51.759+0000] {logging_mixin.py:188} INFO - [2024-05-02T10:27:51.758+0000] {dag.py:3096} INFO - Sync 1 DAGs
[2024-05-02T10:27:51.767+0000] {logging_mixin.py:188} INFO - [2024-05-02T10:27:51.767+0000] {dag.py:3954} INFO - Setting next_dagrun for example_complex to None, run_after=None
[2024-05-02T10:27:51.807+0000] {processor.py:183} INFO - Processing /home/airflow/.local/lib/python3.12/site-packages/airflow/example_dags/example_complex.py took 0.081 seconds
[2024-05-02T10:28:22.803+0000] {processor.py:161} INFO - Started process (PID=1012) to work on /home/airflow/.local/lib/python3.12/site-packages/airflow/example_dags/example_complex.py
[2024-05-02T10:28:22.803+0000] {processor.py:830} INFO - Processing file /home/airflow/.local/lib/python3.12/site-packages/airflow/example_dags/example_complex.py for tasks to queue
[2024-05-02T10:28:22.804+0000] {logging_mixin.py:188} INFO - [2024-05-02T10:28:22.804+0000] {dagbag.py:540} INFO - Filling up the DagBag from /home/airflow/.local/lib/python3.12/site-packages/airflow/example_dags/example_complex.py
[2024-05-02T10:28:22.811+0000] {processor.py:840} INFO - DAG(s) 'example_complex' retrieved from /home/airflow/.local/lib/python3.12/site-packages/airflow/example_dags/example_complex.py
[2024-05-02T10:28:22.834+0000] {logging_mixin.py:188} INFO - [2024-05-02T10:28:22.834+0000] {dag.py:3096} INFO - Sync 1 DAGs
[2024-05-02T10:28:22.843+0000] {logging_mixin.py:188} INFO - [2024-05-02T10:28:22.843+0000] {dag.py:3954} INFO - Setting next_dagrun for example_complex to None, run_after=None
[2024-05-02T10:28:22.857+0000] {processor.py:183} INFO - Processing /home/airflow/.local/lib/python3.12/site-packages/airflow/example_dags/example_complex.py took 0.058 seconds
[2024-05-02T10:28:53.956+0000] {processor.py:161} INFO - Started process (PID=1071) to work on /home/airflow/.local/lib/python3.12/site-packages/airflow/example_dags/example_complex.py
[2024-05-02T10:28:53.957+0000] {processor.py:830} INFO - Processing file /home/airflow/.local/lib/python3.12/site-packages/airflow/example_dags/example_complex.py for tasks to queue
[2024-05-02T10:28:53.985+0000] {logging_mixin.py:188} INFO - [2024-05-02T10:28:53.985+0000] {dagbag.py:540} INFO - Filling up the DagBag from /home/airflow/.local/lib/python3.12/site-packages/airflow/example_dags/example_complex.py
[2024-05-02T10:28:54.009+0000] {processor.py:840} INFO - DAG(s) 'example_complex' retrieved from /home/airflow/.local/lib/python3.12/site-packages/airflow/example_dags/example_complex.py
[2024-05-02T10:28:54.041+0000] {logging_mixin.py:188} INFO - [2024-05-02T10:28:54.040+0000] {dag.py:3096} INFO - Sync 1 DAGs
[2024-05-02T10:28:54.050+0000] {logging_mixin.py:188} INFO - [2024-05-02T10:28:54.049+0000] {dag.py:3954} INFO - Setting next_dagrun for example_complex to None, run_after=None
[2024-05-02T10:28:54.077+0000] {processor.py:183} INFO - Processing /home/airflow/.local/lib/python3.12/site-packages/airflow/example_dags/example_complex.py took 0.124 seconds
[2024-05-02T10:29:24.140+0000] {processor.py:161} INFO - Started process (PID=1130) to work on /home/airflow/.local/lib/python3.12/site-packages/airflow/example_dags/example_complex.py
[2024-05-02T10:29:24.141+0000] {processor.py:830} INFO - Processing file /home/airflow/.local/lib/python3.12/site-packages/airflow/example_dags/example_complex.py for tasks to queue
[2024-05-02T10:29:24.142+0000] {logging_mixin.py:188} INFO - [2024-05-02T10:29:24.142+0000] {dagbag.py:540} INFO - Filling up the DagBag from /home/airflow/.local/lib/python3.12/site-packages/airflow/example_dags/example_complex.py
[2024-05-02T10:29:24.149+0000] {processor.py:840} INFO - DAG(s) 'example_complex' retrieved from /home/airflow/.local/lib/python3.12/site-packages/airflow/example_dags/example_complex.py
[2024-05-02T10:29:24.171+0000] {logging_mixin.py:188} INFO - [2024-05-02T10:29:24.171+0000] {dag.py:3096} INFO - Sync 1 DAGs
[2024-05-02T10:29:24.188+0000] {logging_mixin.py:188} INFO - [2024-05-02T10:29:24.188+0000] {dag.py:3954} INFO - Setting next_dagrun for example_complex to None, run_after=None
[2024-05-02T10:29:24.220+0000] {processor.py:183} INFO - Processing /home/airflow/.local/lib/python3.12/site-packages/airflow/example_dags/example_complex.py took 0.084 seconds
[2024-05-02T10:29:54.659+0000] {processor.py:161} INFO - Started process (PID=1189) to work on /home/airflow/.local/lib/python3.12/site-packages/airflow/example_dags/example_complex.py
[2024-05-02T10:29:54.659+0000] {processor.py:830} INFO - Processing file /home/airflow/.local/lib/python3.12/site-packages/airflow/example_dags/example_complex.py for tasks to queue
[2024-05-02T10:29:54.681+0000] {logging_mixin.py:188} INFO - [2024-05-02T10:29:54.681+0000] {dagbag.py:540} INFO - Filling up the DagBag from /home/airflow/.local/lib/python3.12/site-packages/airflow/example_dags/example_complex.py
[2024-05-02T10:29:54.688+0000] {processor.py:840} INFO - DAG(s) 'example_complex' retrieved from /home/airflow/.local/lib/python3.12/site-packages/airflow/example_dags/example_complex.py
[2024-05-02T10:29:54.711+0000] {logging_mixin.py:188} INFO - [2024-05-02T10:29:54.711+0000] {dag.py:3096} INFO - Sync 1 DAGs
[2024-05-02T10:29:54.734+0000] {logging_mixin.py:188} INFO - [2024-05-02T10:29:54.733+0000] {dag.py:3954} INFO - Setting next_dagrun for example_complex to None, run_after=None
[2024-05-02T10:29:54.747+0000] {processor.py:183} INFO - Processing /home/airflow/.local/lib/python3.12/site-packages/airflow/example_dags/example_complex.py took 0.093 seconds
[2024-05-02T10:30:25.248+0000] {processor.py:161} INFO - Started process (PID=1248) to work on /home/airflow/.local/lib/python3.12/site-packages/airflow/example_dags/example_complex.py
[2024-05-02T10:30:25.249+0000] {processor.py:830} INFO - Processing file /home/airflow/.local/lib/python3.12/site-packages/airflow/example_dags/example_complex.py for tasks to queue
[2024-05-02T10:30:25.276+0000] {logging_mixin.py:188} INFO - [2024-05-02T10:30:25.276+0000] {dagbag.py:540} INFO - Filling up the DagBag from /home/airflow/.local/lib/python3.12/site-packages/airflow/example_dags/example_complex.py
[2024-05-02T10:30:25.283+0000] {processor.py:840} INFO - DAG(s) 'example_complex' retrieved from /home/airflow/.local/lib/python3.12/site-packages/airflow/example_dags/example_complex.py
[2024-05-02T10:30:25.304+0000] {logging_mixin.py:188} INFO - [2024-05-02T10:30:25.303+0000] {dag.py:3096} INFO - Sync 1 DAGs
[2024-05-02T10:30:25.333+0000] {logging_mixin.py:188} INFO - [2024-05-02T10:30:25.332+0000] {dag.py:3954} INFO - Setting next_dagrun for example_complex to None, run_after=None
[2024-05-02T10:30:25.360+0000] {processor.py:183} INFO - Processing /home/airflow/.local/lib/python3.12/site-packages/airflow/example_dags/example_complex.py took 0.117 seconds
[2024-05-02T10:30:56.100+0000] {processor.py:161} INFO - Started process (PID=1307) to work on /home/airflow/.local/lib/python3.12/site-packages/airflow/example_dags/example_complex.py
[2024-05-02T10:30:56.100+0000] {processor.py:830} INFO - Processing file /home/airflow/.local/lib/python3.12/site-packages/airflow/example_dags/example_complex.py for tasks to queue
[2024-05-02T10:30:56.101+0000] {logging_mixin.py:188} INFO - [2024-05-02T10:30:56.101+0000] {dagbag.py:540} INFO - Filling up the DagBag from /home/airflow/.local/lib/python3.12/site-packages/airflow/example_dags/example_complex.py
[2024-05-02T10:30:56.108+0000] {processor.py:840} INFO - DAG(s) 'example_complex' retrieved from /home/airflow/.local/lib/python3.12/site-packages/airflow/example_dags/example_complex.py
[2024-05-02T10:30:56.129+0000] {logging_mixin.py:188} INFO - [2024-05-02T10:30:56.129+0000] {dag.py:3096} INFO - Sync 1 DAGs
[2024-05-02T10:30:56.140+0000] {logging_mixin.py:188} INFO - [2024-05-02T10:30:56.140+0000] {dag.py:3954} INFO - Setting next_dagrun for example_complex to None, run_after=None
[2024-05-02T10:30:56.161+0000] {processor.py:183} INFO - Processing /home/airflow/.local/lib/python3.12/site-packages/airflow/example_dags/example_complex.py took 0.066 seconds
[2024-05-02T10:31:27.128+0000] {processor.py:161} INFO - Started process (PID=1366) to work on /home/airflow/.local/lib/python3.12/site-packages/airflow/example_dags/example_complex.py
[2024-05-02T10:31:27.129+0000] {processor.py:830} INFO - Processing file /home/airflow/.local/lib/python3.12/site-packages/airflow/example_dags/example_complex.py for tasks to queue
[2024-05-02T10:31:27.130+0000] {logging_mixin.py:188} INFO - [2024-05-02T10:31:27.130+0000] {dagbag.py:540} INFO - Filling up the DagBag from /home/airflow/.local/lib/python3.12/site-packages/airflow/example_dags/example_complex.py
[2024-05-02T10:31:27.138+0000] {processor.py:840} INFO - DAG(s) 'example_complex' retrieved from /home/airflow/.local/lib/python3.12/site-packages/airflow/example_dags/example_complex.py
[2024-05-02T10:31:27.158+0000] {logging_mixin.py:188} INFO - [2024-05-02T10:31:27.158+0000] {dag.py:3096} INFO - Sync 1 DAGs
[2024-05-02T10:31:27.190+0000] {logging_mixin.py:188} INFO - [2024-05-02T10:31:27.189+0000] {dag.py:3954} INFO - Setting next_dagrun for example_complex to None, run_after=None
[2024-05-02T10:31:27.202+0000] {processor.py:183} INFO - Processing /home/airflow/.local/lib/python3.12/site-packages/airflow/example_dags/example_complex.py took 0.080 seconds
[2024-05-02T10:31:57.542+0000] {processor.py:161} INFO - Started process (PID=1425) to work on /home/airflow/.local/lib/python3.12/site-packages/airflow/example_dags/example_complex.py
[2024-05-02T10:31:57.543+0000] {processor.py:830} INFO - Processing file /home/airflow/.local/lib/python3.12/site-packages/airflow/example_dags/example_complex.py for tasks to queue
[2024-05-02T10:31:57.575+0000] {logging_mixin.py:188} INFO - [2024-05-02T10:31:57.575+0000] {dagbag.py:540} INFO - Filling up the DagBag from /home/airflow/.local/lib/python3.12/site-packages/airflow/example_dags/example_complex.py
[2024-05-02T10:31:57.617+0000] {processor.py:840} INFO - DAG(s) 'example_complex' retrieved from /home/airflow/.local/lib/python3.12/site-packages/airflow/example_dags/example_complex.py
[2024-05-02T10:31:57.675+0000] {logging_mixin.py:188} INFO - [2024-05-02T10:31:57.674+0000] {dag.py:3096} INFO - Sync 1 DAGs
[2024-05-02T10:31:57.682+0000] {logging_mixin.py:188} INFO - [2024-05-02T10:31:57.682+0000] {dag.py:3954} INFO - Setting next_dagrun for example_complex to None, run_after=None
[2024-05-02T10:31:57.726+0000] {processor.py:183} INFO - Processing /home/airflow/.local/lib/python3.12/site-packages/airflow/example_dags/example_complex.py took 0.190 seconds
[2024-05-02T10:32:27.894+0000] {processor.py:161} INFO - Started process (PID=1484) to work on /home/airflow/.local/lib/python3.12/site-packages/airflow/example_dags/example_complex.py
[2024-05-02T10:32:27.895+0000] {processor.py:830} INFO - Processing file /home/airflow/.local/lib/python3.12/site-packages/airflow/example_dags/example_complex.py for tasks to queue
[2024-05-02T10:32:27.896+0000] {logging_mixin.py:188} INFO - [2024-05-02T10:32:27.896+0000] {dagbag.py:540} INFO - Filling up the DagBag from /home/airflow/.local/lib/python3.12/site-packages/airflow/example_dags/example_complex.py
[2024-05-02T10:32:27.902+0000] {processor.py:840} INFO - DAG(s) 'example_complex' retrieved from /home/airflow/.local/lib/python3.12/site-packages/airflow/example_dags/example_complex.py
[2024-05-02T10:32:27.923+0000] {logging_mixin.py:188} INFO - [2024-05-02T10:32:27.923+0000] {dag.py:3096} INFO - Sync 1 DAGs
[2024-05-02T10:32:27.939+0000] {logging_mixin.py:188} INFO - [2024-05-02T10:32:27.938+0000] {dag.py:3954} INFO - Setting next_dagrun for example_complex to None, run_after=None
[2024-05-02T10:32:27.992+0000] {processor.py:183} INFO - Processing /home/airflow/.local/lib/python3.12/site-packages/airflow/example_dags/example_complex.py took 0.104 seconds
[2024-05-02T10:32:58.443+0000] {processor.py:161} INFO - Started process (PID=1543) to work on /home/airflow/.local/lib/python3.12/site-packages/airflow/example_dags/example_complex.py
[2024-05-02T10:32:58.443+0000] {processor.py:830} INFO - Processing file /home/airflow/.local/lib/python3.12/site-packages/airflow/example_dags/example_complex.py for tasks to queue
[2024-05-02T10:32:58.482+0000] {logging_mixin.py:188} INFO - [2024-05-02T10:32:58.481+0000] {dagbag.py:540} INFO - Filling up the DagBag from /home/airflow/.local/lib/python3.12/site-packages/airflow/example_dags/example_complex.py
[2024-05-02T10:32:58.538+0000] {processor.py:840} INFO - DAG(s) 'example_complex' retrieved from /home/airflow/.local/lib/python3.12/site-packages/airflow/example_dags/example_complex.py
[2024-05-02T10:32:58.604+0000] {logging_mixin.py:188} INFO - [2024-05-02T10:32:58.604+0000] {dag.py:3096} INFO - Sync 1 DAGs
[2024-05-02T10:32:58.640+0000] {logging_mixin.py:188} INFO - [2024-05-02T10:32:58.639+0000] {dag.py:3954} INFO - Setting next_dagrun for example_complex to None, run_after=None
[2024-05-02T10:32:58.711+0000] {processor.py:183} INFO - Processing /home/airflow/.local/lib/python3.12/site-packages/airflow/example_dags/example_complex.py took 0.274 seconds
[2024-05-02T10:33:29.245+0000] {processor.py:161} INFO - Started process (PID=1602) to work on /home/airflow/.local/lib/python3.12/site-packages/airflow/example_dags/example_complex.py
[2024-05-02T10:33:29.246+0000] {processor.py:830} INFO - Processing file /home/airflow/.local/lib/python3.12/site-packages/airflow/example_dags/example_complex.py for tasks to queue
[2024-05-02T10:33:29.280+0000] {logging_mixin.py:188} INFO - [2024-05-02T10:33:29.280+0000] {dagbag.py:540} INFO - Filling up the DagBag from /home/airflow/.local/lib/python3.12/site-packages/airflow/example_dags/example_complex.py
[2024-05-02T10:33:29.287+0000] {processor.py:840} INFO - DAG(s) 'example_complex' retrieved from /home/airflow/.local/lib/python3.12/site-packages/airflow/example_dags/example_complex.py
[2024-05-02T10:33:29.308+0000] {logging_mixin.py:188} INFO - [2024-05-02T10:33:29.308+0000] {dag.py:3096} INFO - Sync 1 DAGs
[2024-05-02T10:33:29.316+0000] {logging_mixin.py:188} INFO - [2024-05-02T10:33:29.316+0000] {dag.py:3954} INFO - Setting next_dagrun for example_complex to None, run_after=None
[2024-05-02T10:33:29.327+0000] {processor.py:183} INFO - Processing /home/airflow/.local/lib/python3.12/site-packages/airflow/example_dags/example_complex.py took 0.093 seconds
[2024-05-02T10:33:59.603+0000] {processor.py:161} INFO - Started process (PID=1661) to work on /home/airflow/.local/lib/python3.12/site-packages/airflow/example_dags/example_complex.py
[2024-05-02T10:33:59.604+0000] {processor.py:830} INFO - Processing file /home/airflow/.local/lib/python3.12/site-packages/airflow/example_dags/example_complex.py for tasks to queue
[2024-05-02T10:33:59.605+0000] {logging_mixin.py:188} INFO - [2024-05-02T10:33:59.605+0000] {dagbag.py:540} INFO - Filling up the DagBag from /home/airflow/.local/lib/python3.12/site-packages/airflow/example_dags/example_complex.py
[2024-05-02T10:33:59.613+0000] {processor.py:840} INFO - DAG(s) 'example_complex' retrieved from /home/airflow/.local/lib/python3.12/site-packages/airflow/example_dags/example_complex.py
[2024-05-02T10:33:59.634+0000] {logging_mixin.py:188} INFO - [2024-05-02T10:33:59.634+0000] {dag.py:3096} INFO - Sync 1 DAGs
[2024-05-02T10:33:59.642+0000] {logging_mixin.py:188} INFO - [2024-05-02T10:33:59.642+0000] {dag.py:3954} INFO - Setting next_dagrun for example_complex to None, run_after=None
[2024-05-02T10:33:59.654+0000] {processor.py:183} INFO - Processing /home/airflow/.local/lib/python3.12/site-packages/airflow/example_dags/example_complex.py took 0.054 seconds
[2024-05-02T10:34:29.925+0000] {processor.py:161} INFO - Started process (PID=1720) to work on /home/airflow/.local/lib/python3.12/site-packages/airflow/example_dags/example_complex.py
[2024-05-02T10:34:29.926+0000] {processor.py:830} INFO - Processing file /home/airflow/.local/lib/python3.12/site-packages/airflow/example_dags/example_complex.py for tasks to queue
[2024-05-02T10:34:29.927+0000] {logging_mixin.py:188} INFO - [2024-05-02T10:34:29.926+0000] {dagbag.py:540} INFO - Filling up the DagBag from /home/airflow/.local/lib/python3.12/site-packages/airflow/example_dags/example_complex.py
[2024-05-02T10:34:29.933+0000] {processor.py:840} INFO - DAG(s) 'example_complex' retrieved from /home/airflow/.local/lib/python3.12/site-packages/airflow/example_dags/example_complex.py
[2024-05-02T10:34:29.979+0000] {logging_mixin.py:188} INFO - [2024-05-02T10:34:29.979+0000] {dag.py:3096} INFO - Sync 1 DAGs
[2024-05-02T10:34:29.988+0000] {logging_mixin.py:188} INFO - [2024-05-02T10:34:29.988+0000] {dag.py:3954} INFO - Setting next_dagrun for example_complex to None, run_after=None
[2024-05-02T10:34:30.020+0000] {processor.py:183} INFO - Processing /home/airflow/.local/lib/python3.12/site-packages/airflow/example_dags/example_complex.py took 0.100 seconds
[2024-05-02T10:35:00.215+0000] {processor.py:161} INFO - Started process (PID=1779) to work on /home/airflow/.local/lib/python3.12/site-packages/airflow/example_dags/example_complex.py
[2024-05-02T10:35:00.216+0000] {processor.py:830} INFO - Processing file /home/airflow/.local/lib/python3.12/site-packages/airflow/example_dags/example_complex.py for tasks to queue
[2024-05-02T10:35:00.217+0000] {logging_mixin.py:188} INFO - [2024-05-02T10:35:00.216+0000] {dagbag.py:540} INFO - Filling up the DagBag from /home/airflow/.local/lib/python3.12/site-packages/airflow/example_dags/example_complex.py
[2024-05-02T10:35:00.223+0000] {processor.py:840} INFO - DAG(s) 'example_complex' retrieved from /home/airflow/.local/lib/python3.12/site-packages/airflow/example_dags/example_complex.py
[2024-05-02T10:35:00.244+0000] {logging_mixin.py:188} INFO - [2024-05-02T10:35:00.244+0000] {dag.py:3096} INFO - Sync 1 DAGs
[2024-05-02T10:35:00.275+0000] {logging_mixin.py:188} INFO - [2024-05-02T10:35:00.275+0000] {dag.py:3954} INFO - Setting next_dagrun for example_complex to None, run_after=None
[2024-05-02T10:35:00.290+0000] {processor.py:183} INFO - Processing /home/airflow/.local/lib/python3.12/site-packages/airflow/example_dags/example_complex.py took 0.078 seconds
[2024-05-02T10:35:30.515+0000] {processor.py:161} INFO - Started process (PID=1838) to work on /home/airflow/.local/lib/python3.12/site-packages/airflow/example_dags/example_complex.py
[2024-05-02T10:35:30.516+0000] {processor.py:830} INFO - Processing file /home/airflow/.local/lib/python3.12/site-packages/airflow/example_dags/example_complex.py for tasks to queue
[2024-05-02T10:35:30.517+0000] {logging_mixin.py:188} INFO - [2024-05-02T10:35:30.516+0000] {dagbag.py:540} INFO - Filling up the DagBag from /home/airflow/.local/lib/python3.12/site-packages/airflow/example_dags/example_complex.py
[2024-05-02T10:35:30.524+0000] {processor.py:840} INFO - DAG(s) 'example_complex' retrieved from /home/airflow/.local/lib/python3.12/site-packages/airflow/example_dags/example_complex.py
[2024-05-02T10:35:30.546+0000] {logging_mixin.py:188} INFO - [2024-05-02T10:35:30.545+0000] {dag.py:3096} INFO - Sync 1 DAGs
[2024-05-02T10:35:30.555+0000] {logging_mixin.py:188} INFO - [2024-05-02T10:35:30.555+0000] {dag.py:3954} INFO - Setting next_dagrun for example_complex to None, run_after=None
[2024-05-02T10:35:30.590+0000] {processor.py:183} INFO - Processing /home/airflow/.local/lib/python3.12/site-packages/airflow/example_dags/example_complex.py took 0.078 seconds
[2024-05-02T10:36:01.276+0000] {processor.py:161} INFO - Started process (PID=1897) to work on /home/airflow/.local/lib/python3.12/site-packages/airflow/example_dags/example_complex.py
[2024-05-02T10:36:01.276+0000] {processor.py:830} INFO - Processing file /home/airflow/.local/lib/python3.12/site-packages/airflow/example_dags/example_complex.py for tasks to queue
[2024-05-02T10:36:01.277+0000] {logging_mixin.py:188} INFO - [2024-05-02T10:36:01.277+0000] {dagbag.py:540} INFO - Filling up the DagBag from /home/airflow/.local/lib/python3.12/site-packages/airflow/example_dags/example_complex.py
[2024-05-02T10:36:01.284+0000] {processor.py:840} INFO - DAG(s) 'example_complex' retrieved from /home/airflow/.local/lib/python3.12/site-packages/airflow/example_dags/example_complex.py
[2024-05-02T10:36:01.305+0000] {logging_mixin.py:188} INFO - [2024-05-02T10:36:01.305+0000] {dag.py:3096} INFO - Sync 1 DAGs
[2024-05-02T10:36:01.416+0000] {logging_mixin.py:188} INFO - [2024-05-02T10:36:01.416+0000] {dag.py:3954} INFO - Setting next_dagrun for example_complex to None, run_after=None
[2024-05-02T10:36:01.605+0000] {processor.py:183} INFO - Processing /home/airflow/.local/lib/python3.12/site-packages/airflow/example_dags/example_complex.py took 0.333 seconds
[2024-05-02T10:36:32.324+0000] {processor.py:161} INFO - Started process (PID=1956) to work on /home/airflow/.local/lib/python3.12/site-packages/airflow/example_dags/example_complex.py
[2024-05-02T10:36:32.325+0000] {processor.py:830} INFO - Processing file /home/airflow/.local/lib/python3.12/site-packages/airflow/example_dags/example_complex.py for tasks to queue
[2024-05-02T10:36:32.326+0000] {logging_mixin.py:188} INFO - [2024-05-02T10:36:32.325+0000] {dagbag.py:540} INFO - Filling up the DagBag from /home/airflow/.local/lib/python3.12/site-packages/airflow/example_dags/example_complex.py
[2024-05-02T10:36:32.333+0000] {processor.py:840} INFO - DAG(s) 'example_complex' retrieved from /home/airflow/.local/lib/python3.12/site-packages/airflow/example_dags/example_complex.py
[2024-05-02T10:36:32.367+0000] {logging_mixin.py:188} INFO - [2024-05-02T10:36:32.367+0000] {dag.py:3096} INFO - Sync 1 DAGs
[2024-05-02T10:36:32.376+0000] {logging_mixin.py:188} INFO - [2024-05-02T10:36:32.375+0000] {dag.py:3954} INFO - Setting next_dagrun for example_complex to None, run_after=None
[2024-05-02T10:36:32.413+0000] {processor.py:183} INFO - Processing /home/airflow/.local/lib/python3.12/site-packages/airflow/example_dags/example_complex.py took 0.092 seconds
[2024-05-02T10:37:03.037+0000] {processor.py:161} INFO - Started process (PID=2015) to work on /home/airflow/.local/lib/python3.12/site-packages/airflow/example_dags/example_complex.py
[2024-05-02T10:37:03.037+0000] {processor.py:830} INFO - Processing file /home/airflow/.local/lib/python3.12/site-packages/airflow/example_dags/example_complex.py for tasks to queue
[2024-05-02T10:37:03.038+0000] {logging_mixin.py:188} INFO - [2024-05-02T10:37:03.038+0000] {dagbag.py:540} INFO - Filling up the DagBag from /home/airflow/.local/lib/python3.12/site-packages/airflow/example_dags/example_complex.py
[2024-05-02T10:37:03.045+0000] {processor.py:840} INFO - DAG(s) 'example_complex' retrieved from /home/airflow/.local/lib/python3.12/site-packages/airflow/example_dags/example_complex.py
[2024-05-02T10:37:03.066+0000] {logging_mixin.py:188} INFO - [2024-05-02T10:37:03.066+0000] {dag.py:3096} INFO - Sync 1 DAGs
[2024-05-02T10:37:03.074+0000] {logging_mixin.py:188} INFO - [2024-05-02T10:37:03.074+0000] {dag.py:3954} INFO - Setting next_dagrun for example_complex to None, run_after=None
[2024-05-02T10:37:03.085+0000] {processor.py:183} INFO - Processing /home/airflow/.local/lib/python3.12/site-packages/airflow/example_dags/example_complex.py took 0.052 seconds
[2024-05-02T10:37:34.180+0000] {processor.py:161} INFO - Started process (PID=2073) to work on /home/airflow/.local/lib/python3.12/site-packages/airflow/example_dags/example_complex.py
[2024-05-02T10:37:34.181+0000] {processor.py:830} INFO - Processing file /home/airflow/.local/lib/python3.12/site-packages/airflow/example_dags/example_complex.py for tasks to queue
[2024-05-02T10:37:34.182+0000] {logging_mixin.py:188} INFO - [2024-05-02T10:37:34.182+0000] {dagbag.py:540} INFO - Filling up the DagBag from /home/airflow/.local/lib/python3.12/site-packages/airflow/example_dags/example_complex.py
[2024-05-02T10:37:34.188+0000] {processor.py:840} INFO - DAG(s) 'example_complex' retrieved from /home/airflow/.local/lib/python3.12/site-packages/airflow/example_dags/example_complex.py
[2024-05-02T10:37:34.210+0000] {logging_mixin.py:188} INFO - [2024-05-02T10:37:34.209+0000] {dag.py:3096} INFO - Sync 1 DAGs
[2024-05-02T10:37:34.218+0000] {logging_mixin.py:188} INFO - [2024-05-02T10:37:34.217+0000] {dag.py:3954} INFO - Setting next_dagrun for example_complex to None, run_after=None
[2024-05-02T10:37:34.233+0000] {processor.py:183} INFO - Processing /home/airflow/.local/lib/python3.12/site-packages/airflow/example_dags/example_complex.py took 0.058 seconds
[2024-05-02T10:38:05.333+0000] {processor.py:161} INFO - Started process (PID=2133) to work on /home/airflow/.local/lib/python3.12/site-packages/airflow/example_dags/example_complex.py
[2024-05-02T10:38:05.334+0000] {processor.py:830} INFO - Processing file /home/airflow/.local/lib/python3.12/site-packages/airflow/example_dags/example_complex.py for tasks to queue
[2024-05-02T10:38:05.335+0000] {logging_mixin.py:188} INFO - [2024-05-02T10:38:05.335+0000] {dagbag.py:540} INFO - Filling up the DagBag from /home/airflow/.local/lib/python3.12/site-packages/airflow/example_dags/example_complex.py
[2024-05-02T10:38:05.342+0000] {processor.py:840} INFO - DAG(s) 'example_complex' retrieved from /home/airflow/.local/lib/python3.12/site-packages/airflow/example_dags/example_complex.py
[2024-05-02T10:38:05.382+0000] {logging_mixin.py:188} INFO - [2024-05-02T10:38:05.382+0000] {dag.py:3096} INFO - Sync 1 DAGs
[2024-05-02T10:38:05.391+0000] {logging_mixin.py:188} INFO - [2024-05-02T10:38:05.391+0000] {dag.py:3954} INFO - Setting next_dagrun for example_complex to None, run_after=None
[2024-05-02T10:38:05.402+0000] {processor.py:183} INFO - Processing /home/airflow/.local/lib/python3.12/site-packages/airflow/example_dags/example_complex.py took 0.075 seconds
[2024-05-02T10:38:35.895+0000] {processor.py:161} INFO - Started process (PID=2192) to work on /home/airflow/.local/lib/python3.12/site-packages/airflow/example_dags/example_complex.py
[2024-05-02T10:38:35.895+0000] {processor.py:830} INFO - Processing file /home/airflow/.local/lib/python3.12/site-packages/airflow/example_dags/example_complex.py for tasks to queue
[2024-05-02T10:38:35.896+0000] {logging_mixin.py:188} INFO - [2024-05-02T10:38:35.896+0000] {dagbag.py:540} INFO - Filling up the DagBag from /home/airflow/.local/lib/python3.12/site-packages/airflow/example_dags/example_complex.py
[2024-05-02T10:38:35.902+0000] {processor.py:840} INFO - DAG(s) 'example_complex' retrieved from /home/airflow/.local/lib/python3.12/site-packages/airflow/example_dags/example_complex.py
[2024-05-02T10:38:35.923+0000] {logging_mixin.py:188} INFO - [2024-05-02T10:38:35.922+0000] {dag.py:3096} INFO - Sync 1 DAGs
[2024-05-02T10:38:35.930+0000] {logging_mixin.py:188} INFO - [2024-05-02T10:38:35.930+0000] {dag.py:3954} INFO - Setting next_dagrun for example_complex to None, run_after=None
[2024-05-02T10:38:35.999+0000] {processor.py:183} INFO - Processing /home/airflow/.local/lib/python3.12/site-packages/airflow/example_dags/example_complex.py took 0.108 seconds
[2024-05-02T10:39:06.323+0000] {processor.py:161} INFO - Started process (PID=2251) to work on /home/airflow/.local/lib/python3.12/site-packages/airflow/example_dags/example_complex.py
[2024-05-02T10:39:06.324+0000] {processor.py:830} INFO - Processing file /home/airflow/.local/lib/python3.12/site-packages/airflow/example_dags/example_complex.py for tasks to queue
[2024-05-02T10:39:06.347+0000] {logging_mixin.py:188} INFO - [2024-05-02T10:39:06.347+0000] {dagbag.py:540} INFO - Filling up the DagBag from /home/airflow/.local/lib/python3.12/site-packages/airflow/example_dags/example_complex.py
[2024-05-02T10:39:06.354+0000] {processor.py:840} INFO - DAG(s) 'example_complex' retrieved from /home/airflow/.local/lib/python3.12/site-packages/airflow/example_dags/example_complex.py
[2024-05-02T10:39:06.374+0000] {logging_mixin.py:188} INFO - [2024-05-02T10:39:06.374+0000] {dag.py:3096} INFO - Sync 1 DAGs
[2024-05-02T10:39:06.398+0000] {logging_mixin.py:188} INFO - [2024-05-02T10:39:06.398+0000] {dag.py:3954} INFO - Setting next_dagrun for example_complex to None, run_after=None
[2024-05-02T10:39:06.430+0000] {processor.py:183} INFO - Processing /home/airflow/.local/lib/python3.12/site-packages/airflow/example_dags/example_complex.py took 0.110 seconds
[2024-05-02T10:39:36.542+0000] {processor.py:161} INFO - Started process (PID=2310) to work on /home/airflow/.local/lib/python3.12/site-packages/airflow/example_dags/example_complex.py
[2024-05-02T10:39:36.542+0000] {processor.py:830} INFO - Processing file /home/airflow/.local/lib/python3.12/site-packages/airflow/example_dags/example_complex.py for tasks to queue
[2024-05-02T10:39:36.543+0000] {logging_mixin.py:188} INFO - [2024-05-02T10:39:36.543+0000] {dagbag.py:540} INFO - Filling up the DagBag from /home/airflow/.local/lib/python3.12/site-packages/airflow/example_dags/example_complex.py
[2024-05-02T10:39:36.550+0000] {processor.py:840} INFO - DAG(s) 'example_complex' retrieved from /home/airflow/.local/lib/python3.12/site-packages/airflow/example_dags/example_complex.py
[2024-05-02T10:39:36.571+0000] {logging_mixin.py:188} INFO - [2024-05-02T10:39:36.570+0000] {dag.py:3096} INFO - Sync 1 DAGs
[2024-05-02T10:39:36.605+0000] {logging_mixin.py:188} INFO - [2024-05-02T10:39:36.605+0000] {dag.py:3954} INFO - Setting next_dagrun for example_complex to None, run_after=None
[2024-05-02T10:39:36.619+0000] {processor.py:183} INFO - Processing /home/airflow/.local/lib/python3.12/site-packages/airflow/example_dags/example_complex.py took 0.080 seconds
[2024-05-02T10:40:07.107+0000] {processor.py:161} INFO - Started process (PID=2369) to work on /home/airflow/.local/lib/python3.12/site-packages/airflow/example_dags/example_complex.py
[2024-05-02T10:40:07.107+0000] {processor.py:830} INFO - Processing file /home/airflow/.local/lib/python3.12/site-packages/airflow/example_dags/example_complex.py for tasks to queue
[2024-05-02T10:40:07.108+0000] {logging_mixin.py:188} INFO - [2024-05-02T10:40:07.108+0000] {dagbag.py:540} INFO - Filling up the DagBag from /home/airflow/.local/lib/python3.12/site-packages/airflow/example_dags/example_complex.py
[2024-05-02T10:40:07.115+0000] {processor.py:840} INFO - DAG(s) 'example_complex' retrieved from /home/airflow/.local/lib/python3.12/site-packages/airflow/example_dags/example_complex.py
[2024-05-02T10:40:07.138+0000] {logging_mixin.py:188} INFO - [2024-05-02T10:40:07.138+0000] {dag.py:3096} INFO - Sync 1 DAGs
[2024-05-02T10:40:07.147+0000] {logging_mixin.py:188} INFO - [2024-05-02T10:40:07.147+0000] {dag.py:3954} INFO - Setting next_dagrun for example_complex to None, run_after=None
[2024-05-02T10:40:07.183+0000] {processor.py:183} INFO - Processing /home/airflow/.local/lib/python3.12/site-packages/airflow/example_dags/example_complex.py took 0.080 seconds
[2024-05-02T10:40:37.492+0000] {processor.py:161} INFO - Started process (PID=2428) to work on /home/airflow/.local/lib/python3.12/site-packages/airflow/example_dags/example_complex.py
[2024-05-02T10:40:37.493+0000] {processor.py:830} INFO - Processing file /home/airflow/.local/lib/python3.12/site-packages/airflow/example_dags/example_complex.py for tasks to queue
[2024-05-02T10:40:37.494+0000] {logging_mixin.py:188} INFO - [2024-05-02T10:40:37.494+0000] {dagbag.py:540} INFO - Filling up the DagBag from /home/airflow/.local/lib/python3.12/site-packages/airflow/example_dags/example_complex.py
[2024-05-02T10:40:37.501+0000] {processor.py:840} INFO - DAG(s) 'example_complex' retrieved from /home/airflow/.local/lib/python3.12/site-packages/airflow/example_dags/example_complex.py
[2024-05-02T10:40:37.526+0000] {logging_mixin.py:188} INFO - [2024-05-02T10:40:37.525+0000] {dag.py:3096} INFO - Sync 1 DAGs
[2024-05-02T10:40:37.534+0000] {logging_mixin.py:188} INFO - [2024-05-02T10:40:37.534+0000] {dag.py:3954} INFO - Setting next_dagrun for example_complex to None, run_after=None
[2024-05-02T10:40:37.549+0000] {processor.py:183} INFO - Processing /home/airflow/.local/lib/python3.12/site-packages/airflow/example_dags/example_complex.py took 0.061 seconds
[2024-05-02T10:42:30.522+0000] {processor.py:161} INFO - Started process (PID=90) to work on /home/airflow/.local/lib/python3.12/site-packages/airflow/example_dags/example_complex.py
[2024-05-02T10:42:30.523+0000] {processor.py:830} INFO - Processing file /home/airflow/.local/lib/python3.12/site-packages/airflow/example_dags/example_complex.py for tasks to queue
[2024-05-02T10:42:30.547+0000] {logging_mixin.py:188} INFO - [2024-05-02T10:42:30.547+0000] {dagbag.py:540} INFO - Filling up the DagBag from /home/airflow/.local/lib/python3.12/site-packages/airflow/example_dags/example_complex.py
[2024-05-02T10:42:30.556+0000] {processor.py:840} INFO - DAG(s) 'example_complex' retrieved from /home/airflow/.local/lib/python3.12/site-packages/airflow/example_dags/example_complex.py
[2024-05-02T10:42:30.645+0000] {logging_mixin.py:188} INFO - [2024-05-02T10:42:30.645+0000] {dag.py:3096} INFO - Sync 1 DAGs
[2024-05-02T10:42:30.654+0000] {logging_mixin.py:188} INFO - [2024-05-02T10:42:30.654+0000] {dag.py:3954} INFO - Setting next_dagrun for example_complex to None, run_after=None
[2024-05-02T10:42:30.669+0000] {processor.py:183} INFO - Processing /home/airflow/.local/lib/python3.12/site-packages/airflow/example_dags/example_complex.py took 0.152 seconds
[2024-05-02T10:43:00.735+0000] {processor.py:161} INFO - Started process (PID=149) to work on /home/airflow/.local/lib/python3.12/site-packages/airflow/example_dags/example_complex.py
[2024-05-02T10:43:00.735+0000] {processor.py:830} INFO - Processing file /home/airflow/.local/lib/python3.12/site-packages/airflow/example_dags/example_complex.py for tasks to queue
[2024-05-02T10:43:00.736+0000] {logging_mixin.py:188} INFO - [2024-05-02T10:43:00.736+0000] {dagbag.py:540} INFO - Filling up the DagBag from /home/airflow/.local/lib/python3.12/site-packages/airflow/example_dags/example_complex.py
[2024-05-02T10:43:00.743+0000] {processor.py:840} INFO - DAG(s) 'example_complex' retrieved from /home/airflow/.local/lib/python3.12/site-packages/airflow/example_dags/example_complex.py
[2024-05-02T10:43:00.770+0000] {logging_mixin.py:188} INFO - [2024-05-02T10:43:00.769+0000] {dag.py:3096} INFO - Sync 1 DAGs
[2024-05-02T10:43:00.782+0000] {logging_mixin.py:188} INFO - [2024-05-02T10:43:00.782+0000] {dag.py:3954} INFO - Setting next_dagrun for example_complex to None, run_after=None
[2024-05-02T10:43:00.801+0000] {processor.py:183} INFO - Processing /home/airflow/.local/lib/python3.12/site-packages/airflow/example_dags/example_complex.py took 0.071 seconds
[2024-05-02T10:43:31.599+0000] {processor.py:161} INFO - Started process (PID=215) to work on /home/airflow/.local/lib/python3.12/site-packages/airflow/example_dags/example_complex.py
[2024-05-02T10:43:31.599+0000] {processor.py:830} INFO - Processing file /home/airflow/.local/lib/python3.12/site-packages/airflow/example_dags/example_complex.py for tasks to queue
[2024-05-02T10:43:31.601+0000] {logging_mixin.py:188} INFO - [2024-05-02T10:43:31.601+0000] {dagbag.py:540} INFO - Filling up the DagBag from /home/airflow/.local/lib/python3.12/site-packages/airflow/example_dags/example_complex.py
[2024-05-02T10:43:31.609+0000] {processor.py:840} INFO - DAG(s) 'example_complex' retrieved from /home/airflow/.local/lib/python3.12/site-packages/airflow/example_dags/example_complex.py
[2024-05-02T10:43:31.630+0000] {logging_mixin.py:188} INFO - [2024-05-02T10:43:31.630+0000] {dag.py:3096} INFO - Sync 1 DAGs
[2024-05-02T10:43:31.650+0000] {logging_mixin.py:188} INFO - [2024-05-02T10:43:31.650+0000] {dag.py:3954} INFO - Setting next_dagrun for example_complex to None, run_after=None
[2024-05-02T10:43:31.661+0000] {processor.py:183} INFO - Processing /home/airflow/.local/lib/python3.12/site-packages/airflow/example_dags/example_complex.py took 0.071 seconds
[2024-05-02T10:44:02.545+0000] {processor.py:161} INFO - Started process (PID=275) to work on /home/airflow/.local/lib/python3.12/site-packages/airflow/example_dags/example_complex.py
[2024-05-02T10:44:02.546+0000] {processor.py:830} INFO - Processing file /home/airflow/.local/lib/python3.12/site-packages/airflow/example_dags/example_complex.py for tasks to queue
[2024-05-02T10:44:02.568+0000] {logging_mixin.py:188} INFO - [2024-05-02T10:44:02.567+0000] {dagbag.py:540} INFO - Filling up the DagBag from /home/airflow/.local/lib/python3.12/site-packages/airflow/example_dags/example_complex.py
[2024-05-02T10:44:02.604+0000] {processor.py:840} INFO - DAG(s) 'example_complex' retrieved from /home/airflow/.local/lib/python3.12/site-packages/airflow/example_dags/example_complex.py
[2024-05-02T10:44:02.628+0000] {logging_mixin.py:188} INFO - [2024-05-02T10:44:02.628+0000] {dag.py:3096} INFO - Sync 1 DAGs
[2024-05-02T10:44:02.636+0000] {logging_mixin.py:188} INFO - [2024-05-02T10:44:02.636+0000] {dag.py:3954} INFO - Setting next_dagrun for example_complex to None, run_after=None
[2024-05-02T10:44:02.670+0000] {processor.py:183} INFO - Processing /home/airflow/.local/lib/python3.12/site-packages/airflow/example_dags/example_complex.py took 0.130 seconds
[2024-05-02T10:44:32.956+0000] {processor.py:161} INFO - Started process (PID=335) to work on /home/airflow/.local/lib/python3.12/site-packages/airflow/example_dags/example_complex.py
[2024-05-02T10:44:32.957+0000] {processor.py:830} INFO - Processing file /home/airflow/.local/lib/python3.12/site-packages/airflow/example_dags/example_complex.py for tasks to queue
[2024-05-02T10:44:32.958+0000] {logging_mixin.py:188} INFO - [2024-05-02T10:44:32.957+0000] {dagbag.py:540} INFO - Filling up the DagBag from /home/airflow/.local/lib/python3.12/site-packages/airflow/example_dags/example_complex.py
[2024-05-02T10:44:32.965+0000] {processor.py:840} INFO - DAG(s) 'example_complex' retrieved from /home/airflow/.local/lib/python3.12/site-packages/airflow/example_dags/example_complex.py
[2024-05-02T10:44:32.996+0000] {logging_mixin.py:188} INFO - [2024-05-02T10:44:32.996+0000] {dag.py:3096} INFO - Sync 1 DAGs
[2024-05-02T10:44:33.014+0000] {logging_mixin.py:188} INFO - [2024-05-02T10:44:33.014+0000] {dag.py:3954} INFO - Setting next_dagrun for example_complex to None, run_after=None
[2024-05-02T10:44:33.027+0000] {processor.py:183} INFO - Processing /home/airflow/.local/lib/python3.12/site-packages/airflow/example_dags/example_complex.py took 0.074 seconds
[2024-05-02T10:45:03.865+0000] {processor.py:161} INFO - Started process (PID=395) to work on /home/airflow/.local/lib/python3.12/site-packages/airflow/example_dags/example_complex.py
[2024-05-02T10:45:03.865+0000] {processor.py:830} INFO - Processing file /home/airflow/.local/lib/python3.12/site-packages/airflow/example_dags/example_complex.py for tasks to queue
[2024-05-02T10:45:03.866+0000] {logging_mixin.py:188} INFO - [2024-05-02T10:45:03.866+0000] {dagbag.py:540} INFO - Filling up the DagBag from /home/airflow/.local/lib/python3.12/site-packages/airflow/example_dags/example_complex.py
[2024-05-02T10:45:03.873+0000] {processor.py:840} INFO - DAG(s) 'example_complex' retrieved from /home/airflow/.local/lib/python3.12/site-packages/airflow/example_dags/example_complex.py
[2024-05-02T10:45:03.897+0000] {logging_mixin.py:188} INFO - [2024-05-02T10:45:03.897+0000] {dag.py:3096} INFO - Sync 1 DAGs
[2024-05-02T10:45:03.906+0000] {logging_mixin.py:188} INFO - [2024-05-02T10:45:03.905+0000] {dag.py:3954} INFO - Setting next_dagrun for example_complex to None, run_after=None
[2024-05-02T10:45:03.919+0000] {processor.py:183} INFO - Processing /home/airflow/.local/lib/python3.12/site-packages/airflow/example_dags/example_complex.py took 0.060 seconds
[2024-05-02T10:45:34.468+0000] {processor.py:161} INFO - Started process (PID=455) to work on /home/airflow/.local/lib/python3.12/site-packages/airflow/example_dags/example_complex.py
[2024-05-02T10:45:34.469+0000] {processor.py:830} INFO - Processing file /home/airflow/.local/lib/python3.12/site-packages/airflow/example_dags/example_complex.py for tasks to queue
[2024-05-02T10:45:34.486+0000] {logging_mixin.py:188} INFO - [2024-05-02T10:45:34.485+0000] {dagbag.py:540} INFO - Filling up the DagBag from /home/airflow/.local/lib/python3.12/site-packages/airflow/example_dags/example_complex.py
[2024-05-02T10:45:34.498+0000] {processor.py:840} INFO - DAG(s) 'example_complex' retrieved from /home/airflow/.local/lib/python3.12/site-packages/airflow/example_dags/example_complex.py
[2024-05-02T10:45:34.523+0000] {logging_mixin.py:188} INFO - [2024-05-02T10:45:34.523+0000] {dag.py:3096} INFO - Sync 1 DAGs
[2024-05-02T10:45:34.532+0000] {logging_mixin.py:188} INFO - [2024-05-02T10:45:34.531+0000] {dag.py:3954} INFO - Setting next_dagrun for example_complex to None, run_after=None
[2024-05-02T10:45:34.547+0000] {processor.py:183} INFO - Processing /home/airflow/.local/lib/python3.12/site-packages/airflow/example_dags/example_complex.py took 0.083 seconds
[2024-05-02T10:46:05.071+0000] {processor.py:161} INFO - Started process (PID=515) to work on /home/airflow/.local/lib/python3.12/site-packages/airflow/example_dags/example_complex.py
[2024-05-02T10:46:05.071+0000] {processor.py:830} INFO - Processing file /home/airflow/.local/lib/python3.12/site-packages/airflow/example_dags/example_complex.py for tasks to queue
[2024-05-02T10:46:05.072+0000] {logging_mixin.py:188} INFO - [2024-05-02T10:46:05.072+0000] {dagbag.py:540} INFO - Filling up the DagBag from /home/airflow/.local/lib/python3.12/site-packages/airflow/example_dags/example_complex.py
[2024-05-02T10:46:05.079+0000] {processor.py:840} INFO - DAG(s) 'example_complex' retrieved from /home/airflow/.local/lib/python3.12/site-packages/airflow/example_dags/example_complex.py
[2024-05-02T10:46:05.100+0000] {logging_mixin.py:188} INFO - [2024-05-02T10:46:05.099+0000] {dag.py:3096} INFO - Sync 1 DAGs
[2024-05-02T10:46:05.118+0000] {logging_mixin.py:188} INFO - [2024-05-02T10:46:05.118+0000] {dag.py:3954} INFO - Setting next_dagrun for example_complex to None, run_after=None
[2024-05-02T10:46:05.130+0000] {processor.py:183} INFO - Processing /home/airflow/.local/lib/python3.12/site-packages/airflow/example_dags/example_complex.py took 0.062 seconds
[2024-05-02T10:46:35.450+0000] {processor.py:161} INFO - Started process (PID=575) to work on /home/airflow/.local/lib/python3.12/site-packages/airflow/example_dags/example_complex.py
[2024-05-02T10:46:35.450+0000] {processor.py:830} INFO - Processing file /home/airflow/.local/lib/python3.12/site-packages/airflow/example_dags/example_complex.py for tasks to queue
[2024-05-02T10:46:35.451+0000] {logging_mixin.py:188} INFO - [2024-05-02T10:46:35.451+0000] {dagbag.py:540} INFO - Filling up the DagBag from /home/airflow/.local/lib/python3.12/site-packages/airflow/example_dags/example_complex.py
[2024-05-02T10:46:35.457+0000] {processor.py:840} INFO - DAG(s) 'example_complex' retrieved from /home/airflow/.local/lib/python3.12/site-packages/airflow/example_dags/example_complex.py
[2024-05-02T10:46:35.478+0000] {logging_mixin.py:188} INFO - [2024-05-02T10:46:35.477+0000] {dag.py:3096} INFO - Sync 1 DAGs
[2024-05-02T10:46:35.486+0000] {logging_mixin.py:188} INFO - [2024-05-02T10:46:35.485+0000] {dag.py:3954} INFO - Setting next_dagrun for example_complex to None, run_after=None
[2024-05-02T10:46:35.497+0000] {processor.py:183} INFO - Processing /home/airflow/.local/lib/python3.12/site-packages/airflow/example_dags/example_complex.py took 0.051 seconds
[2024-05-02T10:47:05.945+0000] {processor.py:161} INFO - Started process (PID=635) to work on /home/airflow/.local/lib/python3.12/site-packages/airflow/example_dags/example_complex.py
[2024-05-02T10:47:05.945+0000] {processor.py:830} INFO - Processing file /home/airflow/.local/lib/python3.12/site-packages/airflow/example_dags/example_complex.py for tasks to queue
[2024-05-02T10:47:05.946+0000] {logging_mixin.py:188} INFO - [2024-05-02T10:47:05.946+0000] {dagbag.py:540} INFO - Filling up the DagBag from /home/airflow/.local/lib/python3.12/site-packages/airflow/example_dags/example_complex.py
[2024-05-02T10:47:05.953+0000] {processor.py:840} INFO - DAG(s) 'example_complex' retrieved from /home/airflow/.local/lib/python3.12/site-packages/airflow/example_dags/example_complex.py
[2024-05-02T10:47:05.975+0000] {logging_mixin.py:188} INFO - [2024-05-02T10:47:05.975+0000] {dag.py:3096} INFO - Sync 1 DAGs
[2024-05-02T10:47:05.987+0000] {logging_mixin.py:188} INFO - [2024-05-02T10:47:05.987+0000] {dag.py:3954} INFO - Setting next_dagrun for example_complex to None, run_after=None
[2024-05-02T10:47:05.999+0000] {processor.py:183} INFO - Processing /home/airflow/.local/lib/python3.12/site-packages/airflow/example_dags/example_complex.py took 0.058 seconds
[2024-05-02T10:47:36.578+0000] {processor.py:161} INFO - Started process (PID=695) to work on /home/airflow/.local/lib/python3.12/site-packages/airflow/example_dags/example_complex.py
[2024-05-02T10:47:36.579+0000] {processor.py:830} INFO - Processing file /home/airflow/.local/lib/python3.12/site-packages/airflow/example_dags/example_complex.py for tasks to queue
[2024-05-02T10:47:36.608+0000] {logging_mixin.py:188} INFO - [2024-05-02T10:47:36.607+0000] {dagbag.py:540} INFO - Filling up the DagBag from /home/airflow/.local/lib/python3.12/site-packages/airflow/example_dags/example_complex.py
[2024-05-02T10:47:36.664+0000] {processor.py:840} INFO - DAG(s) 'example_complex' retrieved from /home/airflow/.local/lib/python3.12/site-packages/airflow/example_dags/example_complex.py
[2024-05-02T10:47:36.707+0000] {logging_mixin.py:188} INFO - [2024-05-02T10:47:36.706+0000] {dag.py:3096} INFO - Sync 1 DAGs
[2024-05-02T10:47:36.714+0000] {logging_mixin.py:188} INFO - [2024-05-02T10:47:36.714+0000] {dag.py:3954} INFO - Setting next_dagrun for example_complex to None, run_after=None
[2024-05-02T10:47:36.748+0000] {processor.py:183} INFO - Processing /home/airflow/.local/lib/python3.12/site-packages/airflow/example_dags/example_complex.py took 0.178 seconds
[2024-05-02T10:48:07.251+0000] {processor.py:161} INFO - Started process (PID=755) to work on /home/airflow/.local/lib/python3.12/site-packages/airflow/example_dags/example_complex.py
[2024-05-02T10:48:07.251+0000] {processor.py:830} INFO - Processing file /home/airflow/.local/lib/python3.12/site-packages/airflow/example_dags/example_complex.py for tasks to queue
[2024-05-02T10:48:07.252+0000] {logging_mixin.py:188} INFO - [2024-05-02T10:48:07.252+0000] {dagbag.py:540} INFO - Filling up the DagBag from /home/airflow/.local/lib/python3.12/site-packages/airflow/example_dags/example_complex.py
[2024-05-02T10:48:07.259+0000] {processor.py:840} INFO - DAG(s) 'example_complex' retrieved from /home/airflow/.local/lib/python3.12/site-packages/airflow/example_dags/example_complex.py
[2024-05-02T10:48:07.281+0000] {logging_mixin.py:188} INFO - [2024-05-02T10:48:07.280+0000] {dag.py:3096} INFO - Sync 1 DAGs
[2024-05-02T10:48:07.288+0000] {logging_mixin.py:188} INFO - [2024-05-02T10:48:07.288+0000] {dag.py:3954} INFO - Setting next_dagrun for example_complex to None, run_after=None
[2024-05-02T10:48:07.300+0000] {processor.py:183} INFO - Processing /home/airflow/.local/lib/python3.12/site-packages/airflow/example_dags/example_complex.py took 0.054 seconds
[2024-05-02T10:49:29.519+0000] {processor.py:161} INFO - Started process (PID=90) to work on /home/airflow/.local/lib/python3.12/site-packages/airflow/example_dags/example_complex.py
[2024-05-02T10:49:29.519+0000] {processor.py:830} INFO - Processing file /home/airflow/.local/lib/python3.12/site-packages/airflow/example_dags/example_complex.py for tasks to queue
[2024-05-02T10:49:29.520+0000] {logging_mixin.py:188} INFO - [2024-05-02T10:49:29.520+0000] {dagbag.py:540} INFO - Filling up the DagBag from /home/airflow/.local/lib/python3.12/site-packages/airflow/example_dags/example_complex.py
[2024-05-02T10:49:29.529+0000] {processor.py:840} INFO - DAG(s) 'example_complex' retrieved from /home/airflow/.local/lib/python3.12/site-packages/airflow/example_dags/example_complex.py
[2024-05-02T10:49:29.614+0000] {logging_mixin.py:188} INFO - [2024-05-02T10:49:29.614+0000] {dag.py:3096} INFO - Sync 1 DAGs
[2024-05-02T10:49:29.623+0000] {logging_mixin.py:188} INFO - [2024-05-02T10:49:29.623+0000] {dag.py:3954} INFO - Setting next_dagrun for example_complex to None, run_after=None
[2024-05-02T10:49:29.664+0000] {processor.py:183} INFO - Processing /home/airflow/.local/lib/python3.12/site-packages/airflow/example_dags/example_complex.py took 0.149 seconds
[2024-05-02T10:50:00.566+0000] {processor.py:161} INFO - Started process (PID=150) to work on /home/airflow/.local/lib/python3.12/site-packages/airflow/example_dags/example_complex.py
[2024-05-02T10:50:00.567+0000] {processor.py:830} INFO - Processing file /home/airflow/.local/lib/python3.12/site-packages/airflow/example_dags/example_complex.py for tasks to queue
[2024-05-02T10:50:00.570+0000] {logging_mixin.py:188} INFO - [2024-05-02T10:50:00.570+0000] {dagbag.py:540} INFO - Filling up the DagBag from /home/airflow/.local/lib/python3.12/site-packages/airflow/example_dags/example_complex.py
[2024-05-02T10:50:00.582+0000] {processor.py:840} INFO - DAG(s) 'example_complex' retrieved from /home/airflow/.local/lib/python3.12/site-packages/airflow/example_dags/example_complex.py
[2024-05-02T10:50:00.602+0000] {logging_mixin.py:188} INFO - [2024-05-02T10:50:00.602+0000] {dag.py:3096} INFO - Sync 1 DAGs
[2024-05-02T10:50:00.688+0000] {logging_mixin.py:188} INFO - [2024-05-02T10:50:00.687+0000] {dag.py:3954} INFO - Setting next_dagrun for example_complex to None, run_after=None
[2024-05-02T10:50:00.701+0000] {processor.py:183} INFO - Processing /home/airflow/.local/lib/python3.12/site-packages/airflow/example_dags/example_complex.py took 0.146 seconds
[2024-05-02T10:50:31.700+0000] {processor.py:161} INFO - Started process (PID=216) to work on /home/airflow/.local/lib/python3.12/site-packages/airflow/example_dags/example_complex.py
[2024-05-02T10:50:31.701+0000] {processor.py:830} INFO - Processing file /home/airflow/.local/lib/python3.12/site-packages/airflow/example_dags/example_complex.py for tasks to queue
[2024-05-02T10:50:31.702+0000] {logging_mixin.py:188} INFO - [2024-05-02T10:50:31.702+0000] {dagbag.py:540} INFO - Filling up the DagBag from /home/airflow/.local/lib/python3.12/site-packages/airflow/example_dags/example_complex.py
[2024-05-02T10:50:31.709+0000] {processor.py:840} INFO - DAG(s) 'example_complex' retrieved from /home/airflow/.local/lib/python3.12/site-packages/airflow/example_dags/example_complex.py
[2024-05-02T10:50:31.730+0000] {logging_mixin.py:188} INFO - [2024-05-02T10:50:31.730+0000] {dag.py:3096} INFO - Sync 1 DAGs
[2024-05-02T10:50:31.757+0000] {logging_mixin.py:188} INFO - [2024-05-02T10:50:31.756+0000] {dag.py:3954} INFO - Setting next_dagrun for example_complex to None, run_after=None
[2024-05-02T10:50:31.775+0000] {processor.py:183} INFO - Processing /home/airflow/.local/lib/python3.12/site-packages/airflow/example_dags/example_complex.py took 0.078 seconds
[2024-05-02T10:51:02.222+0000] {processor.py:161} INFO - Started process (PID=276) to work on /home/airflow/.local/lib/python3.12/site-packages/airflow/example_dags/example_complex.py
[2024-05-02T10:51:02.222+0000] {processor.py:830} INFO - Processing file /home/airflow/.local/lib/python3.12/site-packages/airflow/example_dags/example_complex.py for tasks to queue
[2024-05-02T10:51:02.223+0000] {logging_mixin.py:188} INFO - [2024-05-02T10:51:02.223+0000] {dagbag.py:540} INFO - Filling up the DagBag from /home/airflow/.local/lib/python3.12/site-packages/airflow/example_dags/example_complex.py
[2024-05-02T10:51:02.230+0000] {processor.py:840} INFO - DAG(s) 'example_complex' retrieved from /home/airflow/.local/lib/python3.12/site-packages/airflow/example_dags/example_complex.py
[2024-05-02T10:51:02.255+0000] {logging_mixin.py:188} INFO - [2024-05-02T10:51:02.255+0000] {dag.py:3096} INFO - Sync 1 DAGs
[2024-05-02T10:51:02.270+0000] {logging_mixin.py:188} INFO - [2024-05-02T10:51:02.270+0000] {dag.py:3954} INFO - Setting next_dagrun for example_complex to None, run_after=None
[2024-05-02T10:51:02.287+0000] {processor.py:183} INFO - Processing /home/airflow/.local/lib/python3.12/site-packages/airflow/example_dags/example_complex.py took 0.069 seconds
[2024-05-02T10:51:32.447+0000] {processor.py:161} INFO - Started process (PID=336) to work on /home/airflow/.local/lib/python3.12/site-packages/airflow/example_dags/example_complex.py
[2024-05-02T10:51:32.447+0000] {processor.py:830} INFO - Processing file /home/airflow/.local/lib/python3.12/site-packages/airflow/example_dags/example_complex.py for tasks to queue
[2024-05-02T10:51:32.448+0000] {logging_mixin.py:188} INFO - [2024-05-02T10:51:32.448+0000] {dagbag.py:540} INFO - Filling up the DagBag from /home/airflow/.local/lib/python3.12/site-packages/airflow/example_dags/example_complex.py
[2024-05-02T10:51:32.459+0000] {processor.py:840} INFO - DAG(s) 'example_complex' retrieved from /home/airflow/.local/lib/python3.12/site-packages/airflow/example_dags/example_complex.py
[2024-05-02T10:51:32.479+0000] {logging_mixin.py:188} INFO - [2024-05-02T10:51:32.479+0000] {dag.py:3096} INFO - Sync 1 DAGs
[2024-05-02T10:51:32.504+0000] {logging_mixin.py:188} INFO - [2024-05-02T10:51:32.504+0000] {dag.py:3954} INFO - Setting next_dagrun for example_complex to None, run_after=None
[2024-05-02T10:51:32.516+0000] {processor.py:183} INFO - Processing /home/airflow/.local/lib/python3.12/site-packages/airflow/example_dags/example_complex.py took 0.073 seconds
[2024-05-02T10:52:02.942+0000] {processor.py:161} INFO - Started process (PID=396) to work on /home/airflow/.local/lib/python3.12/site-packages/airflow/example_dags/example_complex.py
[2024-05-02T10:52:02.942+0000] {processor.py:830} INFO - Processing file /home/airflow/.local/lib/python3.12/site-packages/airflow/example_dags/example_complex.py for tasks to queue
[2024-05-02T10:52:02.943+0000] {logging_mixin.py:188} INFO - [2024-05-02T10:52:02.943+0000] {dagbag.py:540} INFO - Filling up the DagBag from /home/airflow/.local/lib/python3.12/site-packages/airflow/example_dags/example_complex.py
[2024-05-02T10:52:02.950+0000] {processor.py:840} INFO - DAG(s) 'example_complex' retrieved from /home/airflow/.local/lib/python3.12/site-packages/airflow/example_dags/example_complex.py
[2024-05-02T10:52:02.972+0000] {logging_mixin.py:188} INFO - [2024-05-02T10:52:02.972+0000] {dag.py:3096} INFO - Sync 1 DAGs
[2024-05-02T10:52:03.005+0000] {logging_mixin.py:188} INFO - [2024-05-02T10:52:03.005+0000] {dag.py:3954} INFO - Setting next_dagrun for example_complex to None, run_after=None
[2024-05-02T10:52:03.017+0000] {processor.py:183} INFO - Processing /home/airflow/.local/lib/python3.12/site-packages/airflow/example_dags/example_complex.py took 0.079 seconds
[2024-05-02T10:52:33.808+0000] {processor.py:161} INFO - Started process (PID=456) to work on /home/airflow/.local/lib/python3.12/site-packages/airflow/example_dags/example_complex.py
[2024-05-02T10:52:33.808+0000] {processor.py:830} INFO - Processing file /home/airflow/.local/lib/python3.12/site-packages/airflow/example_dags/example_complex.py for tasks to queue
[2024-05-02T10:52:33.842+0000] {logging_mixin.py:188} INFO - [2024-05-02T10:52:33.842+0000] {dagbag.py:540} INFO - Filling up the DagBag from /home/airflow/.local/lib/python3.12/site-packages/airflow/example_dags/example_complex.py
[2024-05-02T10:52:33.849+0000] {processor.py:840} INFO - DAG(s) 'example_complex' retrieved from /home/airflow/.local/lib/python3.12/site-packages/airflow/example_dags/example_complex.py
[2024-05-02T10:52:33.869+0000] {logging_mixin.py:188} INFO - [2024-05-02T10:52:33.869+0000] {dag.py:3096} INFO - Sync 1 DAGs
[2024-05-02T10:52:33.903+0000] {logging_mixin.py:188} INFO - [2024-05-02T10:52:33.903+0000] {dag.py:3954} INFO - Setting next_dagrun for example_complex to None, run_after=None
[2024-05-02T10:52:33.916+0000] {processor.py:183} INFO - Processing /home/airflow/.local/lib/python3.12/site-packages/airflow/example_dags/example_complex.py took 0.112 seconds
[2024-05-02T10:53:04.307+0000] {processor.py:161} INFO - Started process (PID=516) to work on /home/airflow/.local/lib/python3.12/site-packages/airflow/example_dags/example_complex.py
[2024-05-02T10:53:04.308+0000] {processor.py:830} INFO - Processing file /home/airflow/.local/lib/python3.12/site-packages/airflow/example_dags/example_complex.py for tasks to queue
[2024-05-02T10:53:04.309+0000] {logging_mixin.py:188} INFO - [2024-05-02T10:53:04.309+0000] {dagbag.py:540} INFO - Filling up the DagBag from /home/airflow/.local/lib/python3.12/site-packages/airflow/example_dags/example_complex.py
[2024-05-02T10:53:04.324+0000] {processor.py:840} INFO - DAG(s) 'example_complex' retrieved from /home/airflow/.local/lib/python3.12/site-packages/airflow/example_dags/example_complex.py
[2024-05-02T10:53:04.378+0000] {logging_mixin.py:188} INFO - [2024-05-02T10:53:04.377+0000] {dag.py:3096} INFO - Sync 1 DAGs
[2024-05-02T10:53:04.413+0000] {logging_mixin.py:188} INFO - [2024-05-02T10:53:04.413+0000] {dag.py:3954} INFO - Setting next_dagrun for example_complex to None, run_after=None
[2024-05-02T10:53:04.424+0000] {processor.py:183} INFO - Processing /home/airflow/.local/lib/python3.12/site-packages/airflow/example_dags/example_complex.py took 0.124 seconds
[2024-05-02T10:53:35.482+0000] {processor.py:161} INFO - Started process (PID=576) to work on /home/airflow/.local/lib/python3.12/site-packages/airflow/example_dags/example_complex.py
[2024-05-02T10:53:35.483+0000] {processor.py:830} INFO - Processing file /home/airflow/.local/lib/python3.12/site-packages/airflow/example_dags/example_complex.py for tasks to queue
[2024-05-02T10:53:35.585+0000] {logging_mixin.py:188} INFO - [2024-05-02T10:53:35.584+0000] {dagbag.py:540} INFO - Filling up the DagBag from /home/airflow/.local/lib/python3.12/site-packages/airflow/example_dags/example_complex.py
[2024-05-02T10:53:35.652+0000] {processor.py:840} INFO - DAG(s) 'example_complex' retrieved from /home/airflow/.local/lib/python3.12/site-packages/airflow/example_dags/example_complex.py
[2024-05-02T10:53:35.736+0000] {logging_mixin.py:188} INFO - [2024-05-02T10:53:35.736+0000] {dag.py:3096} INFO - Sync 1 DAGs
[2024-05-02T10:53:35.795+0000] {logging_mixin.py:188} INFO - [2024-05-02T10:53:35.795+0000] {dag.py:3954} INFO - Setting next_dagrun for example_complex to None, run_after=None
[2024-05-02T10:53:35.846+0000] {processor.py:183} INFO - Processing /home/airflow/.local/lib/python3.12/site-packages/airflow/example_dags/example_complex.py took 0.370 seconds
[2024-05-02T10:54:06.915+0000] {processor.py:161} INFO - Started process (PID=636) to work on /home/airflow/.local/lib/python3.12/site-packages/airflow/example_dags/example_complex.py
[2024-05-02T10:54:06.915+0000] {processor.py:830} INFO - Processing file /home/airflow/.local/lib/python3.12/site-packages/airflow/example_dags/example_complex.py for tasks to queue
[2024-05-02T10:54:06.943+0000] {logging_mixin.py:188} INFO - [2024-05-02T10:54:06.943+0000] {dagbag.py:540} INFO - Filling up the DagBag from /home/airflow/.local/lib/python3.12/site-packages/airflow/example_dags/example_complex.py
[2024-05-02T10:54:06.950+0000] {processor.py:840} INFO - DAG(s) 'example_complex' retrieved from /home/airflow/.local/lib/python3.12/site-packages/airflow/example_dags/example_complex.py
[2024-05-02T10:54:06.972+0000] {logging_mixin.py:188} INFO - [2024-05-02T10:54:06.972+0000] {dag.py:3096} INFO - Sync 1 DAGs
[2024-05-02T10:54:07.000+0000] {logging_mixin.py:188} INFO - [2024-05-02T10:54:07.000+0000] {dag.py:3954} INFO - Setting next_dagrun for example_complex to None, run_after=None
[2024-05-02T10:54:07.013+0000] {processor.py:183} INFO - Processing /home/airflow/.local/lib/python3.12/site-packages/airflow/example_dags/example_complex.py took 0.102 seconds
[2024-05-02T10:54:37.381+0000] {processor.py:161} INFO - Started process (PID=696) to work on /home/airflow/.local/lib/python3.12/site-packages/airflow/example_dags/example_complex.py
[2024-05-02T10:54:37.382+0000] {processor.py:830} INFO - Processing file /home/airflow/.local/lib/python3.12/site-packages/airflow/example_dags/example_complex.py for tasks to queue
[2024-05-02T10:54:37.406+0000] {logging_mixin.py:188} INFO - [2024-05-02T10:54:37.405+0000] {dagbag.py:540} INFO - Filling up the DagBag from /home/airflow/.local/lib/python3.12/site-packages/airflow/example_dags/example_complex.py
[2024-05-02T10:54:37.413+0000] {processor.py:840} INFO - DAG(s) 'example_complex' retrieved from /home/airflow/.local/lib/python3.12/site-packages/airflow/example_dags/example_complex.py
[2024-05-02T10:54:37.435+0000] {logging_mixin.py:188} INFO - [2024-05-02T10:54:37.435+0000] {dag.py:3096} INFO - Sync 1 DAGs
[2024-05-02T10:54:37.502+0000] {logging_mixin.py:188} INFO - [2024-05-02T10:54:37.502+0000] {dag.py:3954} INFO - Setting next_dagrun for example_complex to None, run_after=None
[2024-05-02T10:54:37.530+0000] {processor.py:183} INFO - Processing /home/airflow/.local/lib/python3.12/site-packages/airflow/example_dags/example_complex.py took 0.153 seconds
[2024-05-02T10:55:07.907+0000] {processor.py:161} INFO - Started process (PID=756) to work on /home/airflow/.local/lib/python3.12/site-packages/airflow/example_dags/example_complex.py
[2024-05-02T10:55:07.907+0000] {processor.py:830} INFO - Processing file /home/airflow/.local/lib/python3.12/site-packages/airflow/example_dags/example_complex.py for tasks to queue
[2024-05-02T10:55:07.939+0000] {logging_mixin.py:188} INFO - [2024-05-02T10:55:07.939+0000] {dagbag.py:540} INFO - Filling up the DagBag from /home/airflow/.local/lib/python3.12/site-packages/airflow/example_dags/example_complex.py
[2024-05-02T10:55:07.947+0000] {processor.py:840} INFO - DAG(s) 'example_complex' retrieved from /home/airflow/.local/lib/python3.12/site-packages/airflow/example_dags/example_complex.py
[2024-05-02T10:55:07.970+0000] {logging_mixin.py:188} INFO - [2024-05-02T10:55:07.970+0000] {dag.py:3096} INFO - Sync 1 DAGs
[2024-05-02T10:55:07.989+0000] {logging_mixin.py:188} INFO - [2024-05-02T10:55:07.989+0000] {dag.py:3954} INFO - Setting next_dagrun for example_complex to None, run_after=None
[2024-05-02T10:55:08.029+0000] {processor.py:183} INFO - Processing /home/airflow/.local/lib/python3.12/site-packages/airflow/example_dags/example_complex.py took 0.126 seconds
[2024-05-02T10:55:38.157+0000] {processor.py:161} INFO - Started process (PID=817) to work on /home/airflow/.local/lib/python3.12/site-packages/airflow/example_dags/example_complex.py
[2024-05-02T10:55:38.158+0000] {processor.py:830} INFO - Processing file /home/airflow/.local/lib/python3.12/site-packages/airflow/example_dags/example_complex.py for tasks to queue
[2024-05-02T10:55:38.159+0000] {logging_mixin.py:188} INFO - [2024-05-02T10:55:38.159+0000] {dagbag.py:540} INFO - Filling up the DagBag from /home/airflow/.local/lib/python3.12/site-packages/airflow/example_dags/example_complex.py
[2024-05-02T10:55:38.166+0000] {processor.py:840} INFO - DAG(s) 'example_complex' retrieved from /home/airflow/.local/lib/python3.12/site-packages/airflow/example_dags/example_complex.py
[2024-05-02T10:55:38.210+0000] {logging_mixin.py:188} INFO - [2024-05-02T10:55:38.210+0000] {dag.py:3096} INFO - Sync 1 DAGs
[2024-05-02T10:55:38.218+0000] {logging_mixin.py:188} INFO - [2024-05-02T10:55:38.218+0000] {dag.py:3954} INFO - Setting next_dagrun for example_complex to None, run_after=None
[2024-05-02T10:55:38.231+0000] {processor.py:183} INFO - Processing /home/airflow/.local/lib/python3.12/site-packages/airflow/example_dags/example_complex.py took 0.077 seconds
[2024-05-02T10:56:08.412+0000] {processor.py:161} INFO - Started process (PID=876) to work on /home/airflow/.local/lib/python3.12/site-packages/airflow/example_dags/example_complex.py
[2024-05-02T10:56:08.413+0000] {processor.py:830} INFO - Processing file /home/airflow/.local/lib/python3.12/site-packages/airflow/example_dags/example_complex.py for tasks to queue
[2024-05-02T10:56:08.414+0000] {logging_mixin.py:188} INFO - [2024-05-02T10:56:08.414+0000] {dagbag.py:540} INFO - Filling up the DagBag from /home/airflow/.local/lib/python3.12/site-packages/airflow/example_dags/example_complex.py
[2024-05-02T10:56:08.420+0000] {processor.py:840} INFO - DAG(s) 'example_complex' retrieved from /home/airflow/.local/lib/python3.12/site-packages/airflow/example_dags/example_complex.py
[2024-05-02T10:56:08.442+0000] {logging_mixin.py:188} INFO - [2024-05-02T10:56:08.442+0000] {dag.py:3096} INFO - Sync 1 DAGs
[2024-05-02T10:56:08.450+0000] {logging_mixin.py:188} INFO - [2024-05-02T10:56:08.450+0000] {dag.py:3954} INFO - Setting next_dagrun for example_complex to None, run_after=None
[2024-05-02T10:56:08.500+0000] {processor.py:183} INFO - Processing /home/airflow/.local/lib/python3.12/site-packages/airflow/example_dags/example_complex.py took 0.091 seconds
[2024-05-02T10:56:38.926+0000] {processor.py:161} INFO - Started process (PID=936) to work on /home/airflow/.local/lib/python3.12/site-packages/airflow/example_dags/example_complex.py
[2024-05-02T10:56:38.926+0000] {processor.py:830} INFO - Processing file /home/airflow/.local/lib/python3.12/site-packages/airflow/example_dags/example_complex.py for tasks to queue
[2024-05-02T10:56:38.927+0000] {logging_mixin.py:188} INFO - [2024-05-02T10:56:38.927+0000] {dagbag.py:540} INFO - Filling up the DagBag from /home/airflow/.local/lib/python3.12/site-packages/airflow/example_dags/example_complex.py
[2024-05-02T10:56:38.933+0000] {processor.py:840} INFO - DAG(s) 'example_complex' retrieved from /home/airflow/.local/lib/python3.12/site-packages/airflow/example_dags/example_complex.py
[2024-05-02T10:56:38.954+0000] {logging_mixin.py:188} INFO - [2024-05-02T10:56:38.954+0000] {dag.py:3096} INFO - Sync 1 DAGs
[2024-05-02T10:56:38.962+0000] {logging_mixin.py:188} INFO - [2024-05-02T10:56:38.962+0000] {dag.py:3954} INFO - Setting next_dagrun for example_complex to None, run_after=None
[2024-05-02T10:56:39.076+0000] {processor.py:183} INFO - Processing /home/airflow/.local/lib/python3.12/site-packages/airflow/example_dags/example_complex.py took 0.154 seconds
[2024-05-02T10:57:09.424+0000] {processor.py:161} INFO - Started process (PID=996) to work on /home/airflow/.local/lib/python3.12/site-packages/airflow/example_dags/example_complex.py
[2024-05-02T10:57:09.425+0000] {processor.py:830} INFO - Processing file /home/airflow/.local/lib/python3.12/site-packages/airflow/example_dags/example_complex.py for tasks to queue
[2024-05-02T10:57:09.426+0000] {logging_mixin.py:188} INFO - [2024-05-02T10:57:09.425+0000] {dagbag.py:540} INFO - Filling up the DagBag from /home/airflow/.local/lib/python3.12/site-packages/airflow/example_dags/example_complex.py
[2024-05-02T10:57:09.432+0000] {processor.py:840} INFO - DAG(s) 'example_complex' retrieved from /home/airflow/.local/lib/python3.12/site-packages/airflow/example_dags/example_complex.py
[2024-05-02T10:57:09.454+0000] {logging_mixin.py:188} INFO - [2024-05-02T10:57:09.454+0000] {dag.py:3096} INFO - Sync 1 DAGs
[2024-05-02T10:57:09.476+0000] {logging_mixin.py:188} INFO - [2024-05-02T10:57:09.476+0000] {dag.py:3954} INFO - Setting next_dagrun for example_complex to None, run_after=None
[2024-05-02T10:57:09.491+0000] {processor.py:183} INFO - Processing /home/airflow/.local/lib/python3.12/site-packages/airflow/example_dags/example_complex.py took 0.071 seconds
