[2024-05-02T10:20:06.393+0000] {processor.py:161} INFO - Started process (PID=50) to work on /home/airflow/.local/lib/python3.12/site-packages/airflow/example_dags/example_task_group.py
[2024-05-02T10:20:06.394+0000] {processor.py:830} INFO - Processing file /home/airflow/.local/lib/python3.12/site-packages/airflow/example_dags/example_task_group.py for tasks to queue
[2024-05-02T10:20:06.395+0000] {logging_mixin.py:188} INFO - [2024-05-02T10:20:06.395+0000] {dagbag.py:540} INFO - Filling up the DagBag from /home/airflow/.local/lib/python3.12/site-packages/airflow/example_dags/example_task_group.py
[2024-05-02T10:20:06.401+0000] {processor.py:840} INFO - DAG(s) 'example_task_group' retrieved from /home/airflow/.local/lib/python3.12/site-packages/airflow/example_dags/example_task_group.py
[2024-05-02T10:20:06.408+0000] {logging_mixin.py:188} INFO - [2024-05-02T10:20:06.408+0000] {dag.py:3096} INFO - Sync 1 DAGs
[2024-05-02T10:20:06.432+0000] {logging_mixin.py:188} INFO - [2024-05-02T10:20:06.432+0000] {dag.py:3954} INFO - Setting next_dagrun for example_task_group to 2024-05-01 00:00:00+00:00, run_after=2024-05-02 00:00:00+00:00
[2024-05-02T10:20:06.447+0000] {processor.py:183} INFO - Processing /home/airflow/.local/lib/python3.12/site-packages/airflow/example_dags/example_task_group.py took 0.057 seconds
[2024-05-02T10:20:37.125+0000] {processor.py:161} INFO - Started process (PID=108) to work on /home/airflow/.local/lib/python3.12/site-packages/airflow/example_dags/example_task_group.py
[2024-05-02T10:20:37.126+0000] {processor.py:830} INFO - Processing file /home/airflow/.local/lib/python3.12/site-packages/airflow/example_dags/example_task_group.py for tasks to queue
[2024-05-02T10:20:37.127+0000] {logging_mixin.py:188} INFO - [2024-05-02T10:20:37.126+0000] {dagbag.py:540} INFO - Filling up the DagBag from /home/airflow/.local/lib/python3.12/site-packages/airflow/example_dags/example_task_group.py
[2024-05-02T10:20:37.131+0000] {processor.py:840} INFO - DAG(s) 'example_task_group' retrieved from /home/airflow/.local/lib/python3.12/site-packages/airflow/example_dags/example_task_group.py
[2024-05-02T10:20:37.207+0000] {logging_mixin.py:188} INFO - [2024-05-02T10:20:37.206+0000] {dag.py:3096} INFO - Sync 1 DAGs
[2024-05-02T10:20:37.222+0000] {logging_mixin.py:188} INFO - [2024-05-02T10:20:37.222+0000] {dag.py:3954} INFO - Setting next_dagrun for example_task_group to 2024-05-01 00:00:00+00:00, run_after=2024-05-02 00:00:00+00:00
[2024-05-02T10:20:37.235+0000] {processor.py:183} INFO - Processing /home/airflow/.local/lib/python3.12/site-packages/airflow/example_dags/example_task_group.py took 0.114 seconds
[2024-05-02T10:21:07.362+0000] {processor.py:161} INFO - Started process (PID=167) to work on /home/airflow/.local/lib/python3.12/site-packages/airflow/example_dags/example_task_group.py
[2024-05-02T10:21:07.362+0000] {processor.py:830} INFO - Processing file /home/airflow/.local/lib/python3.12/site-packages/airflow/example_dags/example_task_group.py for tasks to queue
[2024-05-02T10:21:07.363+0000] {logging_mixin.py:188} INFO - [2024-05-02T10:21:07.363+0000] {dagbag.py:540} INFO - Filling up the DagBag from /home/airflow/.local/lib/python3.12/site-packages/airflow/example_dags/example_task_group.py
[2024-05-02T10:21:07.367+0000] {processor.py:840} INFO - DAG(s) 'example_task_group' retrieved from /home/airflow/.local/lib/python3.12/site-packages/airflow/example_dags/example_task_group.py
[2024-05-02T10:21:07.380+0000] {logging_mixin.py:188} INFO - [2024-05-02T10:21:07.380+0000] {dag.py:3096} INFO - Sync 1 DAGs
[2024-05-02T10:21:07.394+0000] {logging_mixin.py:188} INFO - [2024-05-02T10:21:07.394+0000] {dag.py:3954} INFO - Setting next_dagrun for example_task_group to 2024-05-01 00:00:00+00:00, run_after=2024-05-02 00:00:00+00:00
[2024-05-02T10:21:07.405+0000] {processor.py:183} INFO - Processing /home/airflow/.local/lib/python3.12/site-packages/airflow/example_dags/example_task_group.py took 0.047 seconds
[2024-05-02T10:21:37.757+0000] {processor.py:161} INFO - Started process (PID=225) to work on /home/airflow/.local/lib/python3.12/site-packages/airflow/example_dags/example_task_group.py
[2024-05-02T10:21:37.758+0000] {processor.py:830} INFO - Processing file /home/airflow/.local/lib/python3.12/site-packages/airflow/example_dags/example_task_group.py for tasks to queue
[2024-05-02T10:21:37.760+0000] {logging_mixin.py:188} INFO - [2024-05-02T10:21:37.759+0000] {dagbag.py:540} INFO - Filling up the DagBag from /home/airflow/.local/lib/python3.12/site-packages/airflow/example_dags/example_task_group.py
[2024-05-02T10:21:37.765+0000] {processor.py:840} INFO - DAG(s) 'example_task_group' retrieved from /home/airflow/.local/lib/python3.12/site-packages/airflow/example_dags/example_task_group.py
[2024-05-02T10:21:37.779+0000] {logging_mixin.py:188} INFO - [2024-05-02T10:21:37.778+0000] {dag.py:3096} INFO - Sync 1 DAGs
[2024-05-02T10:21:37.793+0000] {logging_mixin.py:188} INFO - [2024-05-02T10:21:37.793+0000] {dag.py:3954} INFO - Setting next_dagrun for example_task_group to 2024-05-01 00:00:00+00:00, run_after=2024-05-02 00:00:00+00:00
[2024-05-02T10:21:37.808+0000] {processor.py:183} INFO - Processing /home/airflow/.local/lib/python3.12/site-packages/airflow/example_dags/example_task_group.py took 0.061 seconds
[2024-05-02T10:22:09.192+0000] {processor.py:161} INFO - Started process (PID=283) to work on /home/airflow/.local/lib/python3.12/site-packages/airflow/example_dags/example_task_group.py
[2024-05-02T10:22:09.193+0000] {processor.py:830} INFO - Processing file /home/airflow/.local/lib/python3.12/site-packages/airflow/example_dags/example_task_group.py for tasks to queue
[2024-05-02T10:22:09.195+0000] {logging_mixin.py:188} INFO - [2024-05-02T10:22:09.194+0000] {dagbag.py:540} INFO - Filling up the DagBag from /home/airflow/.local/lib/python3.12/site-packages/airflow/example_dags/example_task_group.py
[2024-05-02T10:22:09.200+0000] {processor.py:840} INFO - DAG(s) 'example_task_group' retrieved from /home/airflow/.local/lib/python3.12/site-packages/airflow/example_dags/example_task_group.py
[2024-05-02T10:22:09.214+0000] {logging_mixin.py:188} INFO - [2024-05-02T10:22:09.214+0000] {dag.py:3096} INFO - Sync 1 DAGs
[2024-05-02T10:22:09.229+0000] {logging_mixin.py:188} INFO - [2024-05-02T10:22:09.228+0000] {dag.py:3954} INFO - Setting next_dagrun for example_task_group to 2024-05-01 00:00:00+00:00, run_after=2024-05-02 00:00:00+00:00
[2024-05-02T10:22:09.240+0000] {processor.py:183} INFO - Processing /home/airflow/.local/lib/python3.12/site-packages/airflow/example_dags/example_task_group.py took 0.059 seconds
[2024-05-02T10:22:39.954+0000] {processor.py:161} INFO - Started process (PID=341) to work on /home/airflow/.local/lib/python3.12/site-packages/airflow/example_dags/example_task_group.py
[2024-05-02T10:22:39.954+0000] {processor.py:830} INFO - Processing file /home/airflow/.local/lib/python3.12/site-packages/airflow/example_dags/example_task_group.py for tasks to queue
[2024-05-02T10:22:39.955+0000] {logging_mixin.py:188} INFO - [2024-05-02T10:22:39.955+0000] {dagbag.py:540} INFO - Filling up the DagBag from /home/airflow/.local/lib/python3.12/site-packages/airflow/example_dags/example_task_group.py
[2024-05-02T10:22:39.959+0000] {processor.py:840} INFO - DAG(s) 'example_task_group' retrieved from /home/airflow/.local/lib/python3.12/site-packages/airflow/example_dags/example_task_group.py
[2024-05-02T10:22:39.972+0000] {logging_mixin.py:188} INFO - [2024-05-02T10:22:39.971+0000] {dag.py:3096} INFO - Sync 1 DAGs
[2024-05-02T10:22:39.986+0000] {logging_mixin.py:188} INFO - [2024-05-02T10:22:39.985+0000] {dag.py:3954} INFO - Setting next_dagrun for example_task_group to 2024-05-01 00:00:00+00:00, run_after=2024-05-02 00:00:00+00:00
[2024-05-02T10:22:40.000+0000] {processor.py:183} INFO - Processing /home/airflow/.local/lib/python3.12/site-packages/airflow/example_dags/example_task_group.py took 0.049 seconds
[2024-05-02T10:23:10.997+0000] {processor.py:161} INFO - Started process (PID=399) to work on /home/airflow/.local/lib/python3.12/site-packages/airflow/example_dags/example_task_group.py
[2024-05-02T10:23:10.998+0000] {processor.py:830} INFO - Processing file /home/airflow/.local/lib/python3.12/site-packages/airflow/example_dags/example_task_group.py for tasks to queue
[2024-05-02T10:23:10.999+0000] {logging_mixin.py:188} INFO - [2024-05-02T10:23:10.999+0000] {dagbag.py:540} INFO - Filling up the DagBag from /home/airflow/.local/lib/python3.12/site-packages/airflow/example_dags/example_task_group.py
[2024-05-02T10:23:11.004+0000] {processor.py:840} INFO - DAG(s) 'example_task_group' retrieved from /home/airflow/.local/lib/python3.12/site-packages/airflow/example_dags/example_task_group.py
[2024-05-02T10:23:11.017+0000] {logging_mixin.py:188} INFO - [2024-05-02T10:23:11.017+0000] {dag.py:3096} INFO - Sync 1 DAGs
[2024-05-02T10:23:11.030+0000] {logging_mixin.py:188} INFO - [2024-05-02T10:23:11.030+0000] {dag.py:3954} INFO - Setting next_dagrun for example_task_group to 2024-05-01 00:00:00+00:00, run_after=2024-05-02 00:00:00+00:00
[2024-05-02T10:23:11.044+0000] {processor.py:183} INFO - Processing /home/airflow/.local/lib/python3.12/site-packages/airflow/example_dags/example_task_group.py took 0.057 seconds
[2024-05-02T10:23:41.302+0000] {processor.py:161} INFO - Started process (PID=457) to work on /home/airflow/.local/lib/python3.12/site-packages/airflow/example_dags/example_task_group.py
[2024-05-02T10:23:41.302+0000] {processor.py:830} INFO - Processing file /home/airflow/.local/lib/python3.12/site-packages/airflow/example_dags/example_task_group.py for tasks to queue
[2024-05-02T10:23:41.303+0000] {logging_mixin.py:188} INFO - [2024-05-02T10:23:41.303+0000] {dagbag.py:540} INFO - Filling up the DagBag from /home/airflow/.local/lib/python3.12/site-packages/airflow/example_dags/example_task_group.py
[2024-05-02T10:23:41.308+0000] {processor.py:840} INFO - DAG(s) 'example_task_group' retrieved from /home/airflow/.local/lib/python3.12/site-packages/airflow/example_dags/example_task_group.py
[2024-05-02T10:23:41.321+0000] {logging_mixin.py:188} INFO - [2024-05-02T10:23:41.321+0000] {dag.py:3096} INFO - Sync 1 DAGs
[2024-05-02T10:23:41.334+0000] {logging_mixin.py:188} INFO - [2024-05-02T10:23:41.333+0000] {dag.py:3954} INFO - Setting next_dagrun for example_task_group to 2024-05-01 00:00:00+00:00, run_after=2024-05-02 00:00:00+00:00
[2024-05-02T10:23:41.344+0000] {processor.py:183} INFO - Processing /home/airflow/.local/lib/python3.12/site-packages/airflow/example_dags/example_task_group.py took 0.045 seconds
[2024-05-02T10:24:12.348+0000] {processor.py:161} INFO - Started process (PID=515) to work on /home/airflow/.local/lib/python3.12/site-packages/airflow/example_dags/example_task_group.py
[2024-05-02T10:24:12.349+0000] {processor.py:830} INFO - Processing file /home/airflow/.local/lib/python3.12/site-packages/airflow/example_dags/example_task_group.py for tasks to queue
[2024-05-02T10:24:12.352+0000] {logging_mixin.py:188} INFO - [2024-05-02T10:24:12.351+0000] {dagbag.py:540} INFO - Filling up the DagBag from /home/airflow/.local/lib/python3.12/site-packages/airflow/example_dags/example_task_group.py
[2024-05-02T10:24:12.360+0000] {processor.py:840} INFO - DAG(s) 'example_task_group' retrieved from /home/airflow/.local/lib/python3.12/site-packages/airflow/example_dags/example_task_group.py
[2024-05-02T10:24:12.374+0000] {logging_mixin.py:188} INFO - [2024-05-02T10:24:12.374+0000] {dag.py:3096} INFO - Sync 1 DAGs
[2024-05-02T10:24:12.388+0000] {logging_mixin.py:188} INFO - [2024-05-02T10:24:12.388+0000] {dag.py:3954} INFO - Setting next_dagrun for example_task_group to 2024-05-01 00:00:00+00:00, run_after=2024-05-02 00:00:00+00:00
[2024-05-02T10:24:12.399+0000] {processor.py:183} INFO - Processing /home/airflow/.local/lib/python3.12/site-packages/airflow/example_dags/example_task_group.py took 0.058 seconds
[2024-05-02T10:24:43.387+0000] {processor.py:161} INFO - Started process (PID=573) to work on /home/airflow/.local/lib/python3.12/site-packages/airflow/example_dags/example_task_group.py
[2024-05-02T10:24:43.387+0000] {processor.py:830} INFO - Processing file /home/airflow/.local/lib/python3.12/site-packages/airflow/example_dags/example_task_group.py for tasks to queue
[2024-05-02T10:24:43.388+0000] {logging_mixin.py:188} INFO - [2024-05-02T10:24:43.388+0000] {dagbag.py:540} INFO - Filling up the DagBag from /home/airflow/.local/lib/python3.12/site-packages/airflow/example_dags/example_task_group.py
[2024-05-02T10:24:43.392+0000] {processor.py:840} INFO - DAG(s) 'example_task_group' retrieved from /home/airflow/.local/lib/python3.12/site-packages/airflow/example_dags/example_task_group.py
[2024-05-02T10:24:43.405+0000] {logging_mixin.py:188} INFO - [2024-05-02T10:24:43.405+0000] {dag.py:3096} INFO - Sync 1 DAGs
[2024-05-02T10:24:43.419+0000] {logging_mixin.py:188} INFO - [2024-05-02T10:24:43.419+0000] {dag.py:3954} INFO - Setting next_dagrun for example_task_group to 2024-05-01 00:00:00+00:00, run_after=2024-05-02 00:00:00+00:00
[2024-05-02T10:24:43.431+0000] {processor.py:183} INFO - Processing /home/airflow/.local/lib/python3.12/site-packages/airflow/example_dags/example_task_group.py took 0.048 seconds
[2024-05-02T10:25:13.632+0000] {processor.py:161} INFO - Started process (PID=632) to work on /home/airflow/.local/lib/python3.12/site-packages/airflow/example_dags/example_task_group.py
[2024-05-02T10:25:13.633+0000] {processor.py:830} INFO - Processing file /home/airflow/.local/lib/python3.12/site-packages/airflow/example_dags/example_task_group.py for tasks to queue
[2024-05-02T10:25:13.634+0000] {logging_mixin.py:188} INFO - [2024-05-02T10:25:13.633+0000] {dagbag.py:540} INFO - Filling up the DagBag from /home/airflow/.local/lib/python3.12/site-packages/airflow/example_dags/example_task_group.py
[2024-05-02T10:25:13.638+0000] {processor.py:840} INFO - DAG(s) 'example_task_group' retrieved from /home/airflow/.local/lib/python3.12/site-packages/airflow/example_dags/example_task_group.py
[2024-05-02T10:25:13.652+0000] {logging_mixin.py:188} INFO - [2024-05-02T10:25:13.652+0000] {dag.py:3096} INFO - Sync 1 DAGs
[2024-05-02T10:25:13.679+0000] {logging_mixin.py:188} INFO - [2024-05-02T10:25:13.678+0000] {dag.py:3954} INFO - Setting next_dagrun for example_task_group to 2024-05-01 00:00:00+00:00, run_after=2024-05-02 00:00:00+00:00
[2024-05-02T10:25:13.690+0000] {processor.py:183} INFO - Processing /home/airflow/.local/lib/python3.12/site-packages/airflow/example_dags/example_task_group.py took 0.061 seconds
[2024-05-02T10:25:44.501+0000] {processor.py:161} INFO - Started process (PID=692) to work on /home/airflow/.local/lib/python3.12/site-packages/airflow/example_dags/example_task_group.py
[2024-05-02T10:25:44.502+0000] {processor.py:830} INFO - Processing file /home/airflow/.local/lib/python3.12/site-packages/airflow/example_dags/example_task_group.py for tasks to queue
[2024-05-02T10:25:44.503+0000] {logging_mixin.py:188} INFO - [2024-05-02T10:25:44.502+0000] {dagbag.py:540} INFO - Filling up the DagBag from /home/airflow/.local/lib/python3.12/site-packages/airflow/example_dags/example_task_group.py
[2024-05-02T10:25:44.507+0000] {processor.py:840} INFO - DAG(s) 'example_task_group' retrieved from /home/airflow/.local/lib/python3.12/site-packages/airflow/example_dags/example_task_group.py
[2024-05-02T10:25:44.521+0000] {logging_mixin.py:188} INFO - [2024-05-02T10:25:44.521+0000] {dag.py:3096} INFO - Sync 1 DAGs
[2024-05-02T10:25:44.535+0000] {logging_mixin.py:188} INFO - [2024-05-02T10:25:44.535+0000] {dag.py:3954} INFO - Setting next_dagrun for example_task_group to 2024-05-01 00:00:00+00:00, run_after=2024-05-02 00:00:00+00:00
[2024-05-02T10:25:44.546+0000] {processor.py:183} INFO - Processing /home/airflow/.local/lib/python3.12/site-packages/airflow/example_dags/example_task_group.py took 0.048 seconds
[2024-05-02T10:26:15.099+0000] {processor.py:161} INFO - Started process (PID=751) to work on /home/airflow/.local/lib/python3.12/site-packages/airflow/example_dags/example_task_group.py
[2024-05-02T10:26:15.099+0000] {processor.py:830} INFO - Processing file /home/airflow/.local/lib/python3.12/site-packages/airflow/example_dags/example_task_group.py for tasks to queue
[2024-05-02T10:26:15.100+0000] {logging_mixin.py:188} INFO - [2024-05-02T10:26:15.100+0000] {dagbag.py:540} INFO - Filling up the DagBag from /home/airflow/.local/lib/python3.12/site-packages/airflow/example_dags/example_task_group.py
[2024-05-02T10:26:15.105+0000] {processor.py:840} INFO - DAG(s) 'example_task_group' retrieved from /home/airflow/.local/lib/python3.12/site-packages/airflow/example_dags/example_task_group.py
[2024-05-02T10:26:15.118+0000] {logging_mixin.py:188} INFO - [2024-05-02T10:26:15.118+0000] {dag.py:3096} INFO - Sync 1 DAGs
[2024-05-02T10:26:15.133+0000] {logging_mixin.py:188} INFO - [2024-05-02T10:26:15.132+0000] {dag.py:3954} INFO - Setting next_dagrun for example_task_group to 2024-05-01 00:00:00+00:00, run_after=2024-05-02 00:00:00+00:00
[2024-05-02T10:26:15.146+0000] {processor.py:183} INFO - Processing /home/airflow/.local/lib/python3.12/site-packages/airflow/example_dags/example_task_group.py took 0.051 seconds
[2024-05-02T10:26:45.996+0000] {processor.py:161} INFO - Started process (PID=810) to work on /home/airflow/.local/lib/python3.12/site-packages/airflow/example_dags/example_task_group.py
[2024-05-02T10:26:45.996+0000] {processor.py:830} INFO - Processing file /home/airflow/.local/lib/python3.12/site-packages/airflow/example_dags/example_task_group.py for tasks to queue
[2024-05-02T10:26:45.997+0000] {logging_mixin.py:188} INFO - [2024-05-02T10:26:45.997+0000] {dagbag.py:540} INFO - Filling up the DagBag from /home/airflow/.local/lib/python3.12/site-packages/airflow/example_dags/example_task_group.py
[2024-05-02T10:26:46.002+0000] {processor.py:840} INFO - DAG(s) 'example_task_group' retrieved from /home/airflow/.local/lib/python3.12/site-packages/airflow/example_dags/example_task_group.py
[2024-05-02T10:26:46.017+0000] {logging_mixin.py:188} INFO - [2024-05-02T10:26:46.016+0000] {dag.py:3096} INFO - Sync 1 DAGs
[2024-05-02T10:26:46.041+0000] {logging_mixin.py:188} INFO - [2024-05-02T10:26:46.041+0000] {dag.py:3954} INFO - Setting next_dagrun for example_task_group to 2024-05-01 00:00:00+00:00, run_after=2024-05-02 00:00:00+00:00
[2024-05-02T10:26:46.053+0000] {processor.py:183} INFO - Processing /home/airflow/.local/lib/python3.12/site-packages/airflow/example_dags/example_task_group.py took 0.061 seconds
[2024-05-02T10:27:17.050+0000] {processor.py:161} INFO - Started process (PID=869) to work on /home/airflow/.local/lib/python3.12/site-packages/airflow/example_dags/example_task_group.py
[2024-05-02T10:27:17.051+0000] {processor.py:830} INFO - Processing file /home/airflow/.local/lib/python3.12/site-packages/airflow/example_dags/example_task_group.py for tasks to queue
[2024-05-02T10:27:17.052+0000] {logging_mixin.py:188} INFO - [2024-05-02T10:27:17.051+0000] {dagbag.py:540} INFO - Filling up the DagBag from /home/airflow/.local/lib/python3.12/site-packages/airflow/example_dags/example_task_group.py
[2024-05-02T10:27:17.057+0000] {processor.py:840} INFO - DAG(s) 'example_task_group' retrieved from /home/airflow/.local/lib/python3.12/site-packages/airflow/example_dags/example_task_group.py
[2024-05-02T10:27:17.084+0000] {logging_mixin.py:188} INFO - [2024-05-02T10:27:17.084+0000] {dag.py:3096} INFO - Sync 1 DAGs
[2024-05-02T10:27:17.210+0000] {logging_mixin.py:188} INFO - [2024-05-02T10:27:17.209+0000] {dag.py:3954} INFO - Setting next_dagrun for example_task_group to 2024-05-01 00:00:00+00:00, run_after=2024-05-02 00:00:00+00:00
[2024-05-02T10:27:17.224+0000] {processor.py:183} INFO - Processing /home/airflow/.local/lib/python3.12/site-packages/airflow/example_dags/example_task_group.py took 0.178 seconds
[2024-05-02T10:27:48.069+0000] {processor.py:161} INFO - Started process (PID=928) to work on /home/airflow/.local/lib/python3.12/site-packages/airflow/example_dags/example_task_group.py
[2024-05-02T10:27:48.069+0000] {processor.py:830} INFO - Processing file /home/airflow/.local/lib/python3.12/site-packages/airflow/example_dags/example_task_group.py for tasks to queue
[2024-05-02T10:27:48.070+0000] {logging_mixin.py:188} INFO - [2024-05-02T10:27:48.070+0000] {dagbag.py:540} INFO - Filling up the DagBag from /home/airflow/.local/lib/python3.12/site-packages/airflow/example_dags/example_task_group.py
[2024-05-02T10:27:48.074+0000] {processor.py:840} INFO - DAG(s) 'example_task_group' retrieved from /home/airflow/.local/lib/python3.12/site-packages/airflow/example_dags/example_task_group.py
[2024-05-02T10:27:48.088+0000] {logging_mixin.py:188} INFO - [2024-05-02T10:27:48.088+0000] {dag.py:3096} INFO - Sync 1 DAGs
[2024-05-02T10:27:48.115+0000] {logging_mixin.py:188} INFO - [2024-05-02T10:27:48.115+0000] {dag.py:3954} INFO - Setting next_dagrun for example_task_group to 2024-05-01 00:00:00+00:00, run_after=2024-05-02 00:00:00+00:00
[2024-05-02T10:27:48.131+0000] {processor.py:183} INFO - Processing /home/airflow/.local/lib/python3.12/site-packages/airflow/example_dags/example_task_group.py took 0.066 seconds
[2024-05-02T10:28:18.580+0000] {processor.py:161} INFO - Started process (PID=987) to work on /home/airflow/.local/lib/python3.12/site-packages/airflow/example_dags/example_task_group.py
[2024-05-02T10:28:18.580+0000] {processor.py:830} INFO - Processing file /home/airflow/.local/lib/python3.12/site-packages/airflow/example_dags/example_task_group.py for tasks to queue
[2024-05-02T10:28:18.581+0000] {logging_mixin.py:188} INFO - [2024-05-02T10:28:18.581+0000] {dagbag.py:540} INFO - Filling up the DagBag from /home/airflow/.local/lib/python3.12/site-packages/airflow/example_dags/example_task_group.py
[2024-05-02T10:28:18.586+0000] {processor.py:840} INFO - DAG(s) 'example_task_group' retrieved from /home/airflow/.local/lib/python3.12/site-packages/airflow/example_dags/example_task_group.py
[2024-05-02T10:28:18.599+0000] {logging_mixin.py:188} INFO - [2024-05-02T10:28:18.599+0000] {dag.py:3096} INFO - Sync 1 DAGs
[2024-05-02T10:28:18.614+0000] {logging_mixin.py:188} INFO - [2024-05-02T10:28:18.614+0000] {dag.py:3954} INFO - Setting next_dagrun for example_task_group to 2024-05-01 00:00:00+00:00, run_after=2024-05-02 00:00:00+00:00
[2024-05-02T10:28:18.630+0000] {processor.py:183} INFO - Processing /home/airflow/.local/lib/python3.12/site-packages/airflow/example_dags/example_task_group.py took 0.054 seconds
[2024-05-02T10:28:49.448+0000] {processor.py:161} INFO - Started process (PID=1046) to work on /home/airflow/.local/lib/python3.12/site-packages/airflow/example_dags/example_task_group.py
[2024-05-02T10:28:49.448+0000] {processor.py:830} INFO - Processing file /home/airflow/.local/lib/python3.12/site-packages/airflow/example_dags/example_task_group.py for tasks to queue
[2024-05-02T10:28:49.449+0000] {logging_mixin.py:188} INFO - [2024-05-02T10:28:49.449+0000] {dagbag.py:540} INFO - Filling up the DagBag from /home/airflow/.local/lib/python3.12/site-packages/airflow/example_dags/example_task_group.py
[2024-05-02T10:28:49.455+0000] {processor.py:840} INFO - DAG(s) 'example_task_group' retrieved from /home/airflow/.local/lib/python3.12/site-packages/airflow/example_dags/example_task_group.py
[2024-05-02T10:28:49.469+0000] {logging_mixin.py:188} INFO - [2024-05-02T10:28:49.469+0000] {dag.py:3096} INFO - Sync 1 DAGs
[2024-05-02T10:28:49.483+0000] {logging_mixin.py:188} INFO - [2024-05-02T10:28:49.483+0000] {dag.py:3954} INFO - Setting next_dagrun for example_task_group to 2024-05-01 00:00:00+00:00, run_after=2024-05-02 00:00:00+00:00
[2024-05-02T10:28:49.499+0000] {processor.py:183} INFO - Processing /home/airflow/.local/lib/python3.12/site-packages/airflow/example_dags/example_task_group.py took 0.054 seconds
[2024-05-02T10:29:20.550+0000] {processor.py:161} INFO - Started process (PID=1111) to work on /home/airflow/.local/lib/python3.12/site-packages/airflow/example_dags/example_task_group.py
[2024-05-02T10:29:20.551+0000] {processor.py:830} INFO - Processing file /home/airflow/.local/lib/python3.12/site-packages/airflow/example_dags/example_task_group.py for tasks to queue
[2024-05-02T10:29:20.552+0000] {logging_mixin.py:188} INFO - [2024-05-02T10:29:20.551+0000] {dagbag.py:540} INFO - Filling up the DagBag from /home/airflow/.local/lib/python3.12/site-packages/airflow/example_dags/example_task_group.py
[2024-05-02T10:29:20.556+0000] {processor.py:840} INFO - DAG(s) 'example_task_group' retrieved from /home/airflow/.local/lib/python3.12/site-packages/airflow/example_dags/example_task_group.py
[2024-05-02T10:29:20.569+0000] {logging_mixin.py:188} INFO - [2024-05-02T10:29:20.569+0000] {dag.py:3096} INFO - Sync 1 DAGs
[2024-05-02T10:29:20.584+0000] {logging_mixin.py:188} INFO - [2024-05-02T10:29:20.584+0000] {dag.py:3954} INFO - Setting next_dagrun for example_task_group to 2024-05-01 00:00:00+00:00, run_after=2024-05-02 00:00:00+00:00
[2024-05-02T10:29:20.597+0000] {processor.py:183} INFO - Processing /home/airflow/.local/lib/python3.12/site-packages/airflow/example_dags/example_task_group.py took 0.051 seconds
[2024-05-02T10:29:50.866+0000] {processor.py:161} INFO - Started process (PID=1170) to work on /home/airflow/.local/lib/python3.12/site-packages/airflow/example_dags/example_task_group.py
[2024-05-02T10:29:50.867+0000] {processor.py:830} INFO - Processing file /home/airflow/.local/lib/python3.12/site-packages/airflow/example_dags/example_task_group.py for tasks to queue
[2024-05-02T10:29:50.869+0000] {logging_mixin.py:188} INFO - [2024-05-02T10:29:50.869+0000] {dagbag.py:540} INFO - Filling up the DagBag from /home/airflow/.local/lib/python3.12/site-packages/airflow/example_dags/example_task_group.py
[2024-05-02T10:29:50.876+0000] {processor.py:840} INFO - DAG(s) 'example_task_group' retrieved from /home/airflow/.local/lib/python3.12/site-packages/airflow/example_dags/example_task_group.py
[2024-05-02T10:29:50.892+0000] {logging_mixin.py:188} INFO - [2024-05-02T10:29:50.891+0000] {dag.py:3096} INFO - Sync 1 DAGs
[2024-05-02T10:29:50.907+0000] {logging_mixin.py:188} INFO - [2024-05-02T10:29:50.906+0000] {dag.py:3954} INFO - Setting next_dagrun for example_task_group to 2024-05-01 00:00:00+00:00, run_after=2024-05-02 00:00:00+00:00
[2024-05-02T10:29:50.922+0000] {processor.py:183} INFO - Processing /home/airflow/.local/lib/python3.12/site-packages/airflow/example_dags/example_task_group.py took 0.068 seconds
[2024-05-02T10:30:21.079+0000] {processor.py:161} INFO - Started process (PID=1229) to work on /home/airflow/.local/lib/python3.12/site-packages/airflow/example_dags/example_task_group.py
[2024-05-02T10:30:21.080+0000] {processor.py:830} INFO - Processing file /home/airflow/.local/lib/python3.12/site-packages/airflow/example_dags/example_task_group.py for tasks to queue
[2024-05-02T10:30:21.082+0000] {logging_mixin.py:188} INFO - [2024-05-02T10:30:21.082+0000] {dagbag.py:540} INFO - Filling up the DagBag from /home/airflow/.local/lib/python3.12/site-packages/airflow/example_dags/example_task_group.py
[2024-05-02T10:30:21.089+0000] {processor.py:840} INFO - DAG(s) 'example_task_group' retrieved from /home/airflow/.local/lib/python3.12/site-packages/airflow/example_dags/example_task_group.py
[2024-05-02T10:30:21.103+0000] {logging_mixin.py:188} INFO - [2024-05-02T10:30:21.103+0000] {dag.py:3096} INFO - Sync 1 DAGs
[2024-05-02T10:30:21.117+0000] {logging_mixin.py:188} INFO - [2024-05-02T10:30:21.117+0000] {dag.py:3954} INFO - Setting next_dagrun for example_task_group to 2024-05-01 00:00:00+00:00, run_after=2024-05-02 00:00:00+00:00
[2024-05-02T10:30:21.132+0000] {processor.py:183} INFO - Processing /home/airflow/.local/lib/python3.12/site-packages/airflow/example_dags/example_task_group.py took 0.057 seconds
[2024-05-02T10:30:51.503+0000] {processor.py:161} INFO - Started process (PID=1287) to work on /home/airflow/.local/lib/python3.12/site-packages/airflow/example_dags/example_task_group.py
[2024-05-02T10:30:51.504+0000] {processor.py:830} INFO - Processing file /home/airflow/.local/lib/python3.12/site-packages/airflow/example_dags/example_task_group.py for tasks to queue
[2024-05-02T10:30:51.534+0000] {logging_mixin.py:188} INFO - [2024-05-02T10:30:51.534+0000] {dagbag.py:540} INFO - Filling up the DagBag from /home/airflow/.local/lib/python3.12/site-packages/airflow/example_dags/example_task_group.py
[2024-05-02T10:30:51.564+0000] {processor.py:840} INFO - DAG(s) 'example_task_group' retrieved from /home/airflow/.local/lib/python3.12/site-packages/airflow/example_dags/example_task_group.py
[2024-05-02T10:30:51.588+0000] {logging_mixin.py:188} INFO - [2024-05-02T10:30:51.588+0000] {dag.py:3096} INFO - Sync 1 DAGs
[2024-05-02T10:30:51.601+0000] {logging_mixin.py:188} INFO - [2024-05-02T10:30:51.601+0000] {dag.py:3954} INFO - Setting next_dagrun for example_task_group to 2024-05-01 00:00:00+00:00, run_after=2024-05-02 00:00:00+00:00
[2024-05-02T10:30:51.619+0000] {processor.py:183} INFO - Processing /home/airflow/.local/lib/python3.12/site-packages/airflow/example_dags/example_task_group.py took 0.127 seconds
[2024-05-02T10:31:21.739+0000] {processor.py:161} INFO - Started process (PID=1346) to work on /home/airflow/.local/lib/python3.12/site-packages/airflow/example_dags/example_task_group.py
[2024-05-02T10:31:21.739+0000] {processor.py:830} INFO - Processing file /home/airflow/.local/lib/python3.12/site-packages/airflow/example_dags/example_task_group.py for tasks to queue
[2024-05-02T10:31:21.765+0000] {logging_mixin.py:188} INFO - [2024-05-02T10:31:21.765+0000] {dagbag.py:540} INFO - Filling up the DagBag from /home/airflow/.local/lib/python3.12/site-packages/airflow/example_dags/example_task_group.py
[2024-05-02T10:31:21.802+0000] {processor.py:840} INFO - DAG(s) 'example_task_group' retrieved from /home/airflow/.local/lib/python3.12/site-packages/airflow/example_dags/example_task_group.py
[2024-05-02T10:31:21.831+0000] {logging_mixin.py:188} INFO - [2024-05-02T10:31:21.831+0000] {dag.py:3096} INFO - Sync 1 DAGs
[2024-05-02T10:31:21.846+0000] {logging_mixin.py:188} INFO - [2024-05-02T10:31:21.846+0000] {dag.py:3954} INFO - Setting next_dagrun for example_task_group to 2024-05-01 00:00:00+00:00, run_after=2024-05-02 00:00:00+00:00
[2024-05-02T10:31:21.878+0000] {processor.py:183} INFO - Processing /home/airflow/.local/lib/python3.12/site-packages/airflow/example_dags/example_task_group.py took 0.146 seconds
[2024-05-02T10:31:52.150+0000] {processor.py:161} INFO - Started process (PID=1405) to work on /home/airflow/.local/lib/python3.12/site-packages/airflow/example_dags/example_task_group.py
[2024-05-02T10:31:52.150+0000] {processor.py:830} INFO - Processing file /home/airflow/.local/lib/python3.12/site-packages/airflow/example_dags/example_task_group.py for tasks to queue
[2024-05-02T10:31:52.191+0000] {logging_mixin.py:188} INFO - [2024-05-02T10:31:52.191+0000] {dagbag.py:540} INFO - Filling up the DagBag from /home/airflow/.local/lib/python3.12/site-packages/airflow/example_dags/example_task_group.py
[2024-05-02T10:31:52.196+0000] {processor.py:840} INFO - DAG(s) 'example_task_group' retrieved from /home/airflow/.local/lib/python3.12/site-packages/airflow/example_dags/example_task_group.py
[2024-05-02T10:31:52.209+0000] {logging_mixin.py:188} INFO - [2024-05-02T10:31:52.208+0000] {dag.py:3096} INFO - Sync 1 DAGs
[2024-05-02T10:31:52.221+0000] {logging_mixin.py:188} INFO - [2024-05-02T10:31:52.221+0000] {dag.py:3954} INFO - Setting next_dagrun for example_task_group to 2024-05-01 00:00:00+00:00, run_after=2024-05-02 00:00:00+00:00
[2024-05-02T10:31:52.239+0000] {processor.py:183} INFO - Processing /home/airflow/.local/lib/python3.12/site-packages/airflow/example_dags/example_task_group.py took 0.094 seconds
[2024-05-02T10:32:22.595+0000] {processor.py:161} INFO - Started process (PID=1464) to work on /home/airflow/.local/lib/python3.12/site-packages/airflow/example_dags/example_task_group.py
[2024-05-02T10:32:22.595+0000] {processor.py:830} INFO - Processing file /home/airflow/.local/lib/python3.12/site-packages/airflow/example_dags/example_task_group.py for tasks to queue
[2024-05-02T10:32:22.632+0000] {logging_mixin.py:188} INFO - [2024-05-02T10:32:22.631+0000] {dagbag.py:540} INFO - Filling up the DagBag from /home/airflow/.local/lib/python3.12/site-packages/airflow/example_dags/example_task_group.py
[2024-05-02T10:32:22.636+0000] {processor.py:840} INFO - DAG(s) 'example_task_group' retrieved from /home/airflow/.local/lib/python3.12/site-packages/airflow/example_dags/example_task_group.py
[2024-05-02T10:32:22.649+0000] {logging_mixin.py:188} INFO - [2024-05-02T10:32:22.649+0000] {dag.py:3096} INFO - Sync 1 DAGs
[2024-05-02T10:32:22.663+0000] {logging_mixin.py:188} INFO - [2024-05-02T10:32:22.663+0000] {dag.py:3954} INFO - Setting next_dagrun for example_task_group to 2024-05-01 00:00:00+00:00, run_after=2024-05-02 00:00:00+00:00
[2024-05-02T10:32:22.718+0000] {processor.py:183} INFO - Processing /home/airflow/.local/lib/python3.12/site-packages/airflow/example_dags/example_task_group.py took 0.128 seconds
[2024-05-02T10:32:53.080+0000] {processor.py:161} INFO - Started process (PID=1523) to work on /home/airflow/.local/lib/python3.12/site-packages/airflow/example_dags/example_task_group.py
[2024-05-02T10:32:53.080+0000] {processor.py:830} INFO - Processing file /home/airflow/.local/lib/python3.12/site-packages/airflow/example_dags/example_task_group.py for tasks to queue
[2024-05-02T10:32:53.081+0000] {logging_mixin.py:188} INFO - [2024-05-02T10:32:53.081+0000] {dagbag.py:540} INFO - Filling up the DagBag from /home/airflow/.local/lib/python3.12/site-packages/airflow/example_dags/example_task_group.py
[2024-05-02T10:32:53.086+0000] {processor.py:840} INFO - DAG(s) 'example_task_group' retrieved from /home/airflow/.local/lib/python3.12/site-packages/airflow/example_dags/example_task_group.py
[2024-05-02T10:32:53.099+0000] {logging_mixin.py:188} INFO - [2024-05-02T10:32:53.099+0000] {dag.py:3096} INFO - Sync 1 DAGs
[2024-05-02T10:32:53.113+0000] {logging_mixin.py:188} INFO - [2024-05-02T10:32:53.113+0000] {dag.py:3954} INFO - Setting next_dagrun for example_task_group to 2024-05-01 00:00:00+00:00, run_after=2024-05-02 00:00:00+00:00
[2024-05-02T10:32:53.139+0000] {processor.py:183} INFO - Processing /home/airflow/.local/lib/python3.12/site-packages/airflow/example_dags/example_task_group.py took 0.063 seconds
[2024-05-02T10:33:23.433+0000] {processor.py:161} INFO - Started process (PID=1582) to work on /home/airflow/.local/lib/python3.12/site-packages/airflow/example_dags/example_task_group.py
[2024-05-02T10:33:23.433+0000] {processor.py:830} INFO - Processing file /home/airflow/.local/lib/python3.12/site-packages/airflow/example_dags/example_task_group.py for tasks to queue
[2024-05-02T10:33:23.434+0000] {logging_mixin.py:188} INFO - [2024-05-02T10:33:23.434+0000] {dagbag.py:540} INFO - Filling up the DagBag from /home/airflow/.local/lib/python3.12/site-packages/airflow/example_dags/example_task_group.py
[2024-05-02T10:33:23.438+0000] {processor.py:840} INFO - DAG(s) 'example_task_group' retrieved from /home/airflow/.local/lib/python3.12/site-packages/airflow/example_dags/example_task_group.py
[2024-05-02T10:33:23.452+0000] {logging_mixin.py:188} INFO - [2024-05-02T10:33:23.451+0000] {dag.py:3096} INFO - Sync 1 DAGs
[2024-05-02T10:33:23.472+0000] {logging_mixin.py:188} INFO - [2024-05-02T10:33:23.472+0000] {dag.py:3954} INFO - Setting next_dagrun for example_task_group to 2024-05-01 00:00:00+00:00, run_after=2024-05-02 00:00:00+00:00
[2024-05-02T10:33:23.513+0000] {processor.py:183} INFO - Processing /home/airflow/.local/lib/python3.12/site-packages/airflow/example_dags/example_task_group.py took 0.083 seconds
[2024-05-02T10:33:53.974+0000] {processor.py:161} INFO - Started process (PID=1641) to work on /home/airflow/.local/lib/python3.12/site-packages/airflow/example_dags/example_task_group.py
[2024-05-02T10:33:53.975+0000] {processor.py:830} INFO - Processing file /home/airflow/.local/lib/python3.12/site-packages/airflow/example_dags/example_task_group.py for tasks to queue
[2024-05-02T10:33:53.976+0000] {logging_mixin.py:188} INFO - [2024-05-02T10:33:53.976+0000] {dagbag.py:540} INFO - Filling up the DagBag from /home/airflow/.local/lib/python3.12/site-packages/airflow/example_dags/example_task_group.py
[2024-05-02T10:33:53.980+0000] {processor.py:840} INFO - DAG(s) 'example_task_group' retrieved from /home/airflow/.local/lib/python3.12/site-packages/airflow/example_dags/example_task_group.py
[2024-05-02T10:33:53.994+0000] {logging_mixin.py:188} INFO - [2024-05-02T10:33:53.994+0000] {dag.py:3096} INFO - Sync 1 DAGs
[2024-05-02T10:33:54.011+0000] {logging_mixin.py:188} INFO - [2024-05-02T10:33:54.011+0000] {dag.py:3954} INFO - Setting next_dagrun for example_task_group to 2024-05-01 00:00:00+00:00, run_after=2024-05-02 00:00:00+00:00
[2024-05-02T10:33:54.026+0000] {processor.py:183} INFO - Processing /home/airflow/.local/lib/python3.12/site-packages/airflow/example_dags/example_task_group.py took 0.056 seconds
[2024-05-02T10:34:24.225+0000] {processor.py:161} INFO - Started process (PID=1699) to work on /home/airflow/.local/lib/python3.12/site-packages/airflow/example_dags/example_task_group.py
[2024-05-02T10:34:24.225+0000] {processor.py:830} INFO - Processing file /home/airflow/.local/lib/python3.12/site-packages/airflow/example_dags/example_task_group.py for tasks to queue
[2024-05-02T10:34:24.254+0000] {logging_mixin.py:188} INFO - [2024-05-02T10:34:24.253+0000] {dagbag.py:540} INFO - Filling up the DagBag from /home/airflow/.local/lib/python3.12/site-packages/airflow/example_dags/example_task_group.py
[2024-05-02T10:34:24.273+0000] {processor.py:840} INFO - DAG(s) 'example_task_group' retrieved from /home/airflow/.local/lib/python3.12/site-packages/airflow/example_dags/example_task_group.py
[2024-05-02T10:34:24.309+0000] {logging_mixin.py:188} INFO - [2024-05-02T10:34:24.309+0000] {dag.py:3096} INFO - Sync 1 DAGs
[2024-05-02T10:34:24.338+0000] {logging_mixin.py:188} INFO - [2024-05-02T10:34:24.337+0000] {dag.py:3954} INFO - Setting next_dagrun for example_task_group to 2024-05-01 00:00:00+00:00, run_after=2024-05-02 00:00:00+00:00
[2024-05-02T10:34:24.361+0000] {processor.py:183} INFO - Processing /home/airflow/.local/lib/python3.12/site-packages/airflow/example_dags/example_task_group.py took 0.143 seconds
[2024-05-02T10:34:55.041+0000] {processor.py:161} INFO - Started process (PID=1759) to work on /home/airflow/.local/lib/python3.12/site-packages/airflow/example_dags/example_task_group.py
[2024-05-02T10:34:55.041+0000] {processor.py:830} INFO - Processing file /home/airflow/.local/lib/python3.12/site-packages/airflow/example_dags/example_task_group.py for tasks to queue
[2024-05-02T10:34:55.042+0000] {logging_mixin.py:188} INFO - [2024-05-02T10:34:55.042+0000] {dagbag.py:540} INFO - Filling up the DagBag from /home/airflow/.local/lib/python3.12/site-packages/airflow/example_dags/example_task_group.py
[2024-05-02T10:34:55.047+0000] {processor.py:840} INFO - DAG(s) 'example_task_group' retrieved from /home/airflow/.local/lib/python3.12/site-packages/airflow/example_dags/example_task_group.py
[2024-05-02T10:34:55.060+0000] {logging_mixin.py:188} INFO - [2024-05-02T10:34:55.060+0000] {dag.py:3096} INFO - Sync 1 DAGs
[2024-05-02T10:34:55.075+0000] {logging_mixin.py:188} INFO - [2024-05-02T10:34:55.074+0000] {dag.py:3954} INFO - Setting next_dagrun for example_task_group to 2024-05-01 00:00:00+00:00, run_after=2024-05-02 00:00:00+00:00
[2024-05-02T10:34:55.122+0000] {processor.py:183} INFO - Processing /home/airflow/.local/lib/python3.12/site-packages/airflow/example_dags/example_task_group.py took 0.085 seconds
[2024-05-02T10:35:25.816+0000] {processor.py:161} INFO - Started process (PID=1818) to work on /home/airflow/.local/lib/python3.12/site-packages/airflow/example_dags/example_task_group.py
[2024-05-02T10:35:25.816+0000] {processor.py:830} INFO - Processing file /home/airflow/.local/lib/python3.12/site-packages/airflow/example_dags/example_task_group.py for tasks to queue
[2024-05-02T10:35:25.817+0000] {logging_mixin.py:188} INFO - [2024-05-02T10:35:25.817+0000] {dagbag.py:540} INFO - Filling up the DagBag from /home/airflow/.local/lib/python3.12/site-packages/airflow/example_dags/example_task_group.py
[2024-05-02T10:35:25.823+0000] {processor.py:840} INFO - DAG(s) 'example_task_group' retrieved from /home/airflow/.local/lib/python3.12/site-packages/airflow/example_dags/example_task_group.py
[2024-05-02T10:35:25.837+0000] {logging_mixin.py:188} INFO - [2024-05-02T10:35:25.837+0000] {dag.py:3096} INFO - Sync 1 DAGs
[2024-05-02T10:35:25.852+0000] {logging_mixin.py:188} INFO - [2024-05-02T10:35:25.852+0000] {dag.py:3954} INFO - Setting next_dagrun for example_task_group to 2024-05-01 00:00:00+00:00, run_after=2024-05-02 00:00:00+00:00
[2024-05-02T10:35:25.874+0000] {processor.py:183} INFO - Processing /home/airflow/.local/lib/python3.12/site-packages/airflow/example_dags/example_task_group.py took 0.062 seconds
[2024-05-02T10:35:55.972+0000] {processor.py:161} INFO - Started process (PID=1876) to work on /home/airflow/.local/lib/python3.12/site-packages/airflow/example_dags/example_task_group.py
[2024-05-02T10:35:55.973+0000] {processor.py:830} INFO - Processing file /home/airflow/.local/lib/python3.12/site-packages/airflow/example_dags/example_task_group.py for tasks to queue
[2024-05-02T10:35:55.974+0000] {logging_mixin.py:188} INFO - [2024-05-02T10:35:55.974+0000] {dagbag.py:540} INFO - Filling up the DagBag from /home/airflow/.local/lib/python3.12/site-packages/airflow/example_dags/example_task_group.py
[2024-05-02T10:35:55.979+0000] {processor.py:840} INFO - DAG(s) 'example_task_group' retrieved from /home/airflow/.local/lib/python3.12/site-packages/airflow/example_dags/example_task_group.py
[2024-05-02T10:35:55.993+0000] {logging_mixin.py:188} INFO - [2024-05-02T10:35:55.992+0000] {dag.py:3096} INFO - Sync 1 DAGs
[2024-05-02T10:35:56.030+0000] {logging_mixin.py:188} INFO - [2024-05-02T10:35:56.030+0000] {dag.py:3954} INFO - Setting next_dagrun for example_task_group to 2024-05-01 00:00:00+00:00, run_after=2024-05-02 00:00:00+00:00
[2024-05-02T10:35:56.044+0000] {processor.py:183} INFO - Processing /home/airflow/.local/lib/python3.12/site-packages/airflow/example_dags/example_task_group.py took 0.076 seconds
[2024-05-02T10:36:26.732+0000] {processor.py:161} INFO - Started process (PID=1936) to work on /home/airflow/.local/lib/python3.12/site-packages/airflow/example_dags/example_task_group.py
[2024-05-02T10:36:26.733+0000] {processor.py:830} INFO - Processing file /home/airflow/.local/lib/python3.12/site-packages/airflow/example_dags/example_task_group.py for tasks to queue
[2024-05-02T10:36:26.734+0000] {logging_mixin.py:188} INFO - [2024-05-02T10:36:26.733+0000] {dagbag.py:540} INFO - Filling up the DagBag from /home/airflow/.local/lib/python3.12/site-packages/airflow/example_dags/example_task_group.py
[2024-05-02T10:36:26.738+0000] {processor.py:840} INFO - DAG(s) 'example_task_group' retrieved from /home/airflow/.local/lib/python3.12/site-packages/airflow/example_dags/example_task_group.py
[2024-05-02T10:36:26.751+0000] {logging_mixin.py:188} INFO - [2024-05-02T10:36:26.751+0000] {dag.py:3096} INFO - Sync 1 DAGs
[2024-05-02T10:36:26.766+0000] {logging_mixin.py:188} INFO - [2024-05-02T10:36:26.766+0000] {dag.py:3954} INFO - Setting next_dagrun for example_task_group to 2024-05-01 00:00:00+00:00, run_after=2024-05-02 00:00:00+00:00
[2024-05-02T10:36:26.793+0000] {processor.py:183} INFO - Processing /home/airflow/.local/lib/python3.12/site-packages/airflow/example_dags/example_task_group.py took 0.064 seconds
[2024-05-02T10:36:58.298+0000] {processor.py:161} INFO - Started process (PID=1995) to work on /home/airflow/.local/lib/python3.12/site-packages/airflow/example_dags/example_task_group.py
[2024-05-02T10:36:58.298+0000] {processor.py:830} INFO - Processing file /home/airflow/.local/lib/python3.12/site-packages/airflow/example_dags/example_task_group.py for tasks to queue
[2024-05-02T10:36:58.299+0000] {logging_mixin.py:188} INFO - [2024-05-02T10:36:58.299+0000] {dagbag.py:540} INFO - Filling up the DagBag from /home/airflow/.local/lib/python3.12/site-packages/airflow/example_dags/example_task_group.py
[2024-05-02T10:36:58.303+0000] {processor.py:840} INFO - DAG(s) 'example_task_group' retrieved from /home/airflow/.local/lib/python3.12/site-packages/airflow/example_dags/example_task_group.py
[2024-05-02T10:36:58.316+0000] {logging_mixin.py:188} INFO - [2024-05-02T10:36:58.316+0000] {dag.py:3096} INFO - Sync 1 DAGs
[2024-05-02T10:36:58.330+0000] {logging_mixin.py:188} INFO - [2024-05-02T10:36:58.330+0000] {dag.py:3954} INFO - Setting next_dagrun for example_task_group to 2024-05-01 00:00:00+00:00, run_after=2024-05-02 00:00:00+00:00
[2024-05-02T10:36:58.361+0000] {processor.py:183} INFO - Processing /home/airflow/.local/lib/python3.12/site-packages/airflow/example_dags/example_task_group.py took 0.066 seconds
[2024-05-02T10:37:28.566+0000] {processor.py:161} INFO - Started process (PID=2054) to work on /home/airflow/.local/lib/python3.12/site-packages/airflow/example_dags/example_task_group.py
[2024-05-02T10:37:28.566+0000] {processor.py:830} INFO - Processing file /home/airflow/.local/lib/python3.12/site-packages/airflow/example_dags/example_task_group.py for tasks to queue
[2024-05-02T10:37:28.568+0000] {logging_mixin.py:188} INFO - [2024-05-02T10:37:28.568+0000] {dagbag.py:540} INFO - Filling up the DagBag from /home/airflow/.local/lib/python3.12/site-packages/airflow/example_dags/example_task_group.py
[2024-05-02T10:37:28.574+0000] {processor.py:840} INFO - DAG(s) 'example_task_group' retrieved from /home/airflow/.local/lib/python3.12/site-packages/airflow/example_dags/example_task_group.py
[2024-05-02T10:37:28.588+0000] {logging_mixin.py:188} INFO - [2024-05-02T10:37:28.588+0000] {dag.py:3096} INFO - Sync 1 DAGs
[2024-05-02T10:37:28.623+0000] {logging_mixin.py:188} INFO - [2024-05-02T10:37:28.623+0000] {dag.py:3954} INFO - Setting next_dagrun for example_task_group to 2024-05-01 00:00:00+00:00, run_after=2024-05-02 00:00:00+00:00
[2024-05-02T10:37:28.634+0000] {processor.py:183} INFO - Processing /home/airflow/.local/lib/python3.12/site-packages/airflow/example_dags/example_task_group.py took 0.073 seconds
[2024-05-02T10:37:59.652+0000] {processor.py:161} INFO - Started process (PID=2114) to work on /home/airflow/.local/lib/python3.12/site-packages/airflow/example_dags/example_task_group.py
[2024-05-02T10:37:59.653+0000] {processor.py:830} INFO - Processing file /home/airflow/.local/lib/python3.12/site-packages/airflow/example_dags/example_task_group.py for tasks to queue
[2024-05-02T10:37:59.654+0000] {logging_mixin.py:188} INFO - [2024-05-02T10:37:59.654+0000] {dagbag.py:540} INFO - Filling up the DagBag from /home/airflow/.local/lib/python3.12/site-packages/airflow/example_dags/example_task_group.py
[2024-05-02T10:37:59.659+0000] {processor.py:840} INFO - DAG(s) 'example_task_group' retrieved from /home/airflow/.local/lib/python3.12/site-packages/airflow/example_dags/example_task_group.py
[2024-05-02T10:37:59.672+0000] {logging_mixin.py:188} INFO - [2024-05-02T10:37:59.672+0000] {dag.py:3096} INFO - Sync 1 DAGs
[2024-05-02T10:37:59.685+0000] {logging_mixin.py:188} INFO - [2024-05-02T10:37:59.685+0000] {dag.py:3954} INFO - Setting next_dagrun for example_task_group to 2024-05-01 00:00:00+00:00, run_after=2024-05-02 00:00:00+00:00
[2024-05-02T10:37:59.695+0000] {processor.py:183} INFO - Processing /home/airflow/.local/lib/python3.12/site-packages/airflow/example_dags/example_task_group.py took 0.053 seconds
[2024-05-02T10:38:29.914+0000] {processor.py:161} INFO - Started process (PID=2173) to work on /home/airflow/.local/lib/python3.12/site-packages/airflow/example_dags/example_task_group.py
[2024-05-02T10:38:29.914+0000] {processor.py:830} INFO - Processing file /home/airflow/.local/lib/python3.12/site-packages/airflow/example_dags/example_task_group.py for tasks to queue
[2024-05-02T10:38:29.915+0000] {logging_mixin.py:188} INFO - [2024-05-02T10:38:29.915+0000] {dagbag.py:540} INFO - Filling up the DagBag from /home/airflow/.local/lib/python3.12/site-packages/airflow/example_dags/example_task_group.py
[2024-05-02T10:38:29.920+0000] {processor.py:840} INFO - DAG(s) 'example_task_group' retrieved from /home/airflow/.local/lib/python3.12/site-packages/airflow/example_dags/example_task_group.py
[2024-05-02T10:38:30.189+0000] {logging_mixin.py:188} INFO - [2024-05-02T10:38:30.189+0000] {dag.py:3096} INFO - Sync 1 DAGs
[2024-05-02T10:38:30.231+0000] {logging_mixin.py:188} INFO - [2024-05-02T10:38:30.230+0000] {dag.py:3954} INFO - Setting next_dagrun for example_task_group to 2024-05-01 00:00:00+00:00, run_after=2024-05-02 00:00:00+00:00
[2024-05-02T10:38:30.246+0000] {processor.py:183} INFO - Processing /home/airflow/.local/lib/python3.12/site-packages/airflow/example_dags/example_task_group.py took 0.336 seconds
[2024-05-02T10:39:01.514+0000] {processor.py:161} INFO - Started process (PID=2233) to work on /home/airflow/.local/lib/python3.12/site-packages/airflow/example_dags/example_task_group.py
[2024-05-02T10:39:01.515+0000] {processor.py:830} INFO - Processing file /home/airflow/.local/lib/python3.12/site-packages/airflow/example_dags/example_task_group.py for tasks to queue
[2024-05-02T10:39:01.516+0000] {logging_mixin.py:188} INFO - [2024-05-02T10:39:01.516+0000] {dagbag.py:540} INFO - Filling up the DagBag from /home/airflow/.local/lib/python3.12/site-packages/airflow/example_dags/example_task_group.py
[2024-05-02T10:39:01.520+0000] {processor.py:840} INFO - DAG(s) 'example_task_group' retrieved from /home/airflow/.local/lib/python3.12/site-packages/airflow/example_dags/example_task_group.py
[2024-05-02T10:39:01.548+0000] {logging_mixin.py:188} INFO - [2024-05-02T10:39:01.548+0000] {dag.py:3096} INFO - Sync 1 DAGs
[2024-05-02T10:39:01.563+0000] {logging_mixin.py:188} INFO - [2024-05-02T10:39:01.563+0000] {dag.py:3954} INFO - Setting next_dagrun for example_task_group to 2024-05-01 00:00:00+00:00, run_after=2024-05-02 00:00:00+00:00
[2024-05-02T10:39:01.594+0000] {processor.py:183} INFO - Processing /home/airflow/.local/lib/python3.12/site-packages/airflow/example_dags/example_task_group.py took 0.083 seconds
[2024-05-02T10:39:32.483+0000] {processor.py:161} INFO - Started process (PID=2291) to work on /home/airflow/.local/lib/python3.12/site-packages/airflow/example_dags/example_task_group.py
[2024-05-02T10:39:32.483+0000] {processor.py:830} INFO - Processing file /home/airflow/.local/lib/python3.12/site-packages/airflow/example_dags/example_task_group.py for tasks to queue
[2024-05-02T10:39:32.508+0000] {logging_mixin.py:188} INFO - [2024-05-02T10:39:32.507+0000] {dagbag.py:540} INFO - Filling up the DagBag from /home/airflow/.local/lib/python3.12/site-packages/airflow/example_dags/example_task_group.py
[2024-05-02T10:39:32.512+0000] {processor.py:840} INFO - DAG(s) 'example_task_group' retrieved from /home/airflow/.local/lib/python3.12/site-packages/airflow/example_dags/example_task_group.py
[2024-05-02T10:39:32.526+0000] {logging_mixin.py:188} INFO - [2024-05-02T10:39:32.526+0000] {dag.py:3096} INFO - Sync 1 DAGs
[2024-05-02T10:39:32.540+0000] {logging_mixin.py:188} INFO - [2024-05-02T10:39:32.540+0000] {dag.py:3954} INFO - Setting next_dagrun for example_task_group to 2024-05-01 00:00:00+00:00, run_after=2024-05-02 00:00:00+00:00
[2024-05-02T10:39:32.562+0000] {processor.py:183} INFO - Processing /home/airflow/.local/lib/python3.12/site-packages/airflow/example_dags/example_task_group.py took 0.083 seconds
[2024-05-02T10:40:03.284+0000] {processor.py:161} INFO - Started process (PID=2350) to work on /home/airflow/.local/lib/python3.12/site-packages/airflow/example_dags/example_task_group.py
[2024-05-02T10:40:03.285+0000] {processor.py:830} INFO - Processing file /home/airflow/.local/lib/python3.12/site-packages/airflow/example_dags/example_task_group.py for tasks to queue
[2024-05-02T10:40:03.287+0000] {logging_mixin.py:188} INFO - [2024-05-02T10:40:03.286+0000] {dagbag.py:540} INFO - Filling up the DagBag from /home/airflow/.local/lib/python3.12/site-packages/airflow/example_dags/example_task_group.py
[2024-05-02T10:40:03.291+0000] {processor.py:840} INFO - DAG(s) 'example_task_group' retrieved from /home/airflow/.local/lib/python3.12/site-packages/airflow/example_dags/example_task_group.py
[2024-05-02T10:40:03.305+0000] {logging_mixin.py:188} INFO - [2024-05-02T10:40:03.305+0000] {dag.py:3096} INFO - Sync 1 DAGs
[2024-05-02T10:40:03.319+0000] {logging_mixin.py:188} INFO - [2024-05-02T10:40:03.319+0000] {dag.py:3954} INFO - Setting next_dagrun for example_task_group to 2024-05-01 00:00:00+00:00, run_after=2024-05-02 00:00:00+00:00
[2024-05-02T10:40:03.333+0000] {processor.py:183} INFO - Processing /home/airflow/.local/lib/python3.12/site-packages/airflow/example_dags/example_task_group.py took 0.053 seconds
[2024-05-02T10:40:34.488+0000] {processor.py:161} INFO - Started process (PID=2409) to work on /home/airflow/.local/lib/python3.12/site-packages/airflow/example_dags/example_task_group.py
[2024-05-02T10:40:34.488+0000] {processor.py:830} INFO - Processing file /home/airflow/.local/lib/python3.12/site-packages/airflow/example_dags/example_task_group.py for tasks to queue
[2024-05-02T10:40:34.489+0000] {logging_mixin.py:188} INFO - [2024-05-02T10:40:34.489+0000] {dagbag.py:540} INFO - Filling up the DagBag from /home/airflow/.local/lib/python3.12/site-packages/airflow/example_dags/example_task_group.py
[2024-05-02T10:40:34.493+0000] {processor.py:840} INFO - DAG(s) 'example_task_group' retrieved from /home/airflow/.local/lib/python3.12/site-packages/airflow/example_dags/example_task_group.py
[2024-05-02T10:40:34.507+0000] {logging_mixin.py:188} INFO - [2024-05-02T10:40:34.507+0000] {dag.py:3096} INFO - Sync 1 DAGs
[2024-05-02T10:40:34.522+0000] {logging_mixin.py:188} INFO - [2024-05-02T10:40:34.522+0000] {dag.py:3954} INFO - Setting next_dagrun for example_task_group to 2024-05-01 00:00:00+00:00, run_after=2024-05-02 00:00:00+00:00
[2024-05-02T10:40:34.533+0000] {processor.py:183} INFO - Processing /home/airflow/.local/lib/python3.12/site-packages/airflow/example_dags/example_task_group.py took 0.049 seconds
[2024-05-02T10:42:28.328+0000] {processor.py:161} INFO - Started process (PID=71) to work on /home/airflow/.local/lib/python3.12/site-packages/airflow/example_dags/example_task_group.py
[2024-05-02T10:42:28.328+0000] {processor.py:830} INFO - Processing file /home/airflow/.local/lib/python3.12/site-packages/airflow/example_dags/example_task_group.py for tasks to queue
[2024-05-02T10:42:28.329+0000] {logging_mixin.py:188} INFO - [2024-05-02T10:42:28.329+0000] {dagbag.py:540} INFO - Filling up the DagBag from /home/airflow/.local/lib/python3.12/site-packages/airflow/example_dags/example_task_group.py
[2024-05-02T10:42:28.336+0000] {processor.py:840} INFO - DAG(s) 'example_task_group' retrieved from /home/airflow/.local/lib/python3.12/site-packages/airflow/example_dags/example_task_group.py
[2024-05-02T10:42:28.419+0000] {logging_mixin.py:188} INFO - [2024-05-02T10:42:28.418+0000] {dag.py:3096} INFO - Sync 1 DAGs
[2024-05-02T10:42:28.434+0000] {logging_mixin.py:188} INFO - [2024-05-02T10:42:28.433+0000] {dag.py:3954} INFO - Setting next_dagrun for example_task_group to 2024-05-01 00:00:00+00:00, run_after=2024-05-02 00:00:00+00:00
[2024-05-02T10:42:28.447+0000] {processor.py:183} INFO - Processing /home/airflow/.local/lib/python3.12/site-packages/airflow/example_dags/example_task_group.py took 0.123 seconds
[2024-05-02T10:42:59.011+0000] {processor.py:161} INFO - Started process (PID=130) to work on /home/airflow/.local/lib/python3.12/site-packages/airflow/example_dags/example_task_group.py
[2024-05-02T10:42:59.011+0000] {processor.py:830} INFO - Processing file /home/airflow/.local/lib/python3.12/site-packages/airflow/example_dags/example_task_group.py for tasks to queue
[2024-05-02T10:42:59.012+0000] {logging_mixin.py:188} INFO - [2024-05-02T10:42:59.012+0000] {dagbag.py:540} INFO - Filling up the DagBag from /home/airflow/.local/lib/python3.12/site-packages/airflow/example_dags/example_task_group.py
[2024-05-02T10:42:59.017+0000] {processor.py:840} INFO - DAG(s) 'example_task_group' retrieved from /home/airflow/.local/lib/python3.12/site-packages/airflow/example_dags/example_task_group.py
[2024-05-02T10:42:59.030+0000] {logging_mixin.py:188} INFO - [2024-05-02T10:42:59.030+0000] {dag.py:3096} INFO - Sync 1 DAGs
[2024-05-02T10:42:59.077+0000] {logging_mixin.py:188} INFO - [2024-05-02T10:42:59.077+0000] {dag.py:3954} INFO - Setting next_dagrun for example_task_group to 2024-05-01 00:00:00+00:00, run_after=2024-05-02 00:00:00+00:00
[2024-05-02T10:42:59.090+0000] {processor.py:183} INFO - Processing /home/airflow/.local/lib/python3.12/site-packages/airflow/example_dags/example_task_group.py took 0.082 seconds
[2024-05-02T10:43:29.404+0000] {processor.py:161} INFO - Started process (PID=190) to work on /home/airflow/.local/lib/python3.12/site-packages/airflow/example_dags/example_task_group.py
[2024-05-02T10:43:29.404+0000] {processor.py:830} INFO - Processing file /home/airflow/.local/lib/python3.12/site-packages/airflow/example_dags/example_task_group.py for tasks to queue
[2024-05-02T10:43:29.436+0000] {logging_mixin.py:188} INFO - [2024-05-02T10:43:29.436+0000] {dagbag.py:540} INFO - Filling up the DagBag from /home/airflow/.local/lib/python3.12/site-packages/airflow/example_dags/example_task_group.py
[2024-05-02T10:43:29.441+0000] {processor.py:840} INFO - DAG(s) 'example_task_group' retrieved from /home/airflow/.local/lib/python3.12/site-packages/airflow/example_dags/example_task_group.py
[2024-05-02T10:43:29.455+0000] {logging_mixin.py:188} INFO - [2024-05-02T10:43:29.455+0000] {dag.py:3096} INFO - Sync 1 DAGs
[2024-05-02T10:43:29.473+0000] {logging_mixin.py:188} INFO - [2024-05-02T10:43:29.472+0000] {dag.py:3954} INFO - Setting next_dagrun for example_task_group to 2024-05-01 00:00:00+00:00, run_after=2024-05-02 00:00:00+00:00
[2024-05-02T10:43:29.513+0000] {processor.py:183} INFO - Processing /home/airflow/.local/lib/python3.12/site-packages/airflow/example_dags/example_task_group.py took 0.115 seconds
[2024-05-02T10:43:59.808+0000] {processor.py:161} INFO - Started process (PID=250) to work on /home/airflow/.local/lib/python3.12/site-packages/airflow/example_dags/example_task_group.py
[2024-05-02T10:43:59.809+0000] {processor.py:830} INFO - Processing file /home/airflow/.local/lib/python3.12/site-packages/airflow/example_dags/example_task_group.py for tasks to queue
[2024-05-02T10:43:59.810+0000] {logging_mixin.py:188} INFO - [2024-05-02T10:43:59.809+0000] {dagbag.py:540} INFO - Filling up the DagBag from /home/airflow/.local/lib/python3.12/site-packages/airflow/example_dags/example_task_group.py
[2024-05-02T10:43:59.814+0000] {processor.py:840} INFO - DAG(s) 'example_task_group' retrieved from /home/airflow/.local/lib/python3.12/site-packages/airflow/example_dags/example_task_group.py
[2024-05-02T10:43:59.828+0000] {logging_mixin.py:188} INFO - [2024-05-02T10:43:59.828+0000] {dag.py:3096} INFO - Sync 1 DAGs
[2024-05-02T10:43:59.856+0000] {logging_mixin.py:188} INFO - [2024-05-02T10:43:59.856+0000] {dag.py:3954} INFO - Setting next_dagrun for example_task_group to 2024-05-01 00:00:00+00:00, run_after=2024-05-02 00:00:00+00:00
[2024-05-02T10:43:59.868+0000] {processor.py:183} INFO - Processing /home/airflow/.local/lib/python3.12/site-packages/airflow/example_dags/example_task_group.py took 0.064 seconds
[2024-05-02T10:44:30.309+0000] {processor.py:161} INFO - Started process (PID=310) to work on /home/airflow/.local/lib/python3.12/site-packages/airflow/example_dags/example_task_group.py
[2024-05-02T10:44:30.309+0000] {processor.py:830} INFO - Processing file /home/airflow/.local/lib/python3.12/site-packages/airflow/example_dags/example_task_group.py for tasks to queue
[2024-05-02T10:44:30.310+0000] {logging_mixin.py:188} INFO - [2024-05-02T10:44:30.310+0000] {dagbag.py:540} INFO - Filling up the DagBag from /home/airflow/.local/lib/python3.12/site-packages/airflow/example_dags/example_task_group.py
[2024-05-02T10:44:30.314+0000] {processor.py:840} INFO - DAG(s) 'example_task_group' retrieved from /home/airflow/.local/lib/python3.12/site-packages/airflow/example_dags/example_task_group.py
[2024-05-02T10:44:30.328+0000] {logging_mixin.py:188} INFO - [2024-05-02T10:44:30.327+0000] {dag.py:3096} INFO - Sync 1 DAGs
[2024-05-02T10:44:30.342+0000] {logging_mixin.py:188} INFO - [2024-05-02T10:44:30.342+0000] {dag.py:3954} INFO - Setting next_dagrun for example_task_group to 2024-05-01 00:00:00+00:00, run_after=2024-05-02 00:00:00+00:00
[2024-05-02T10:44:30.380+0000] {processor.py:183} INFO - Processing /home/airflow/.local/lib/python3.12/site-packages/airflow/example_dags/example_task_group.py took 0.074 seconds
[2024-05-02T10:45:00.623+0000] {processor.py:161} INFO - Started process (PID=370) to work on /home/airflow/.local/lib/python3.12/site-packages/airflow/example_dags/example_task_group.py
[2024-05-02T10:45:00.624+0000] {processor.py:830} INFO - Processing file /home/airflow/.local/lib/python3.12/site-packages/airflow/example_dags/example_task_group.py for tasks to queue
[2024-05-02T10:45:00.625+0000] {logging_mixin.py:188} INFO - [2024-05-02T10:45:00.625+0000] {dagbag.py:540} INFO - Filling up the DagBag from /home/airflow/.local/lib/python3.12/site-packages/airflow/example_dags/example_task_group.py
[2024-05-02T10:45:00.631+0000] {processor.py:840} INFO - DAG(s) 'example_task_group' retrieved from /home/airflow/.local/lib/python3.12/site-packages/airflow/example_dags/example_task_group.py
[2024-05-02T10:45:00.645+0000] {logging_mixin.py:188} INFO - [2024-05-02T10:45:00.645+0000] {dag.py:3096} INFO - Sync 1 DAGs
[2024-05-02T10:45:00.683+0000] {logging_mixin.py:188} INFO - [2024-05-02T10:45:00.682+0000] {dag.py:3954} INFO - Setting next_dagrun for example_task_group to 2024-05-01 00:00:00+00:00, run_after=2024-05-02 00:00:00+00:00
[2024-05-02T10:45:00.694+0000] {processor.py:183} INFO - Processing /home/airflow/.local/lib/python3.12/site-packages/airflow/example_dags/example_task_group.py took 0.075 seconds
[2024-05-02T10:45:31.174+0000] {processor.py:161} INFO - Started process (PID=436) to work on /home/airflow/.local/lib/python3.12/site-packages/airflow/example_dags/example_task_group.py
[2024-05-02T10:45:31.174+0000] {processor.py:830} INFO - Processing file /home/airflow/.local/lib/python3.12/site-packages/airflow/example_dags/example_task_group.py for tasks to queue
[2024-05-02T10:45:31.175+0000] {logging_mixin.py:188} INFO - [2024-05-02T10:45:31.175+0000] {dagbag.py:540} INFO - Filling up the DagBag from /home/airflow/.local/lib/python3.12/site-packages/airflow/example_dags/example_task_group.py
[2024-05-02T10:45:31.180+0000] {processor.py:840} INFO - DAG(s) 'example_task_group' retrieved from /home/airflow/.local/lib/python3.12/site-packages/airflow/example_dags/example_task_group.py
[2024-05-02T10:45:31.209+0000] {logging_mixin.py:188} INFO - [2024-05-02T10:45:31.209+0000] {dag.py:3096} INFO - Sync 1 DAGs
[2024-05-02T10:45:31.222+0000] {logging_mixin.py:188} INFO - [2024-05-02T10:45:31.222+0000] {dag.py:3954} INFO - Setting next_dagrun for example_task_group to 2024-05-01 00:00:00+00:00, run_after=2024-05-02 00:00:00+00:00
[2024-05-02T10:45:31.240+0000] {processor.py:183} INFO - Processing /home/airflow/.local/lib/python3.12/site-packages/airflow/example_dags/example_task_group.py took 0.069 seconds
[2024-05-02T10:46:02.514+0000] {processor.py:161} INFO - Started process (PID=496) to work on /home/airflow/.local/lib/python3.12/site-packages/airflow/example_dags/example_task_group.py
[2024-05-02T10:46:02.515+0000] {processor.py:830} INFO - Processing file /home/airflow/.local/lib/python3.12/site-packages/airflow/example_dags/example_task_group.py for tasks to queue
[2024-05-02T10:46:02.516+0000] {logging_mixin.py:188} INFO - [2024-05-02T10:46:02.516+0000] {dagbag.py:540} INFO - Filling up the DagBag from /home/airflow/.local/lib/python3.12/site-packages/airflow/example_dags/example_task_group.py
[2024-05-02T10:46:02.522+0000] {processor.py:840} INFO - DAG(s) 'example_task_group' retrieved from /home/airflow/.local/lib/python3.12/site-packages/airflow/example_dags/example_task_group.py
[2024-05-02T10:46:02.535+0000] {logging_mixin.py:188} INFO - [2024-05-02T10:46:02.535+0000] {dag.py:3096} INFO - Sync 1 DAGs
[2024-05-02T10:46:02.568+0000] {logging_mixin.py:188} INFO - [2024-05-02T10:46:02.568+0000] {dag.py:3954} INFO - Setting next_dagrun for example_task_group to 2024-05-01 00:00:00+00:00, run_after=2024-05-02 00:00:00+00:00
[2024-05-02T10:46:02.581+0000] {processor.py:183} INFO - Processing /home/airflow/.local/lib/python3.12/site-packages/airflow/example_dags/example_task_group.py took 0.072 seconds
[2024-05-02T10:46:33.007+0000] {processor.py:161} INFO - Started process (PID=556) to work on /home/airflow/.local/lib/python3.12/site-packages/airflow/example_dags/example_task_group.py
[2024-05-02T10:46:33.007+0000] {processor.py:830} INFO - Processing file /home/airflow/.local/lib/python3.12/site-packages/airflow/example_dags/example_task_group.py for tasks to queue
[2024-05-02T10:46:33.008+0000] {logging_mixin.py:188} INFO - [2024-05-02T10:46:33.008+0000] {dagbag.py:540} INFO - Filling up the DagBag from /home/airflow/.local/lib/python3.12/site-packages/airflow/example_dags/example_task_group.py
[2024-05-02T10:46:33.014+0000] {processor.py:840} INFO - DAG(s) 'example_task_group' retrieved from /home/airflow/.local/lib/python3.12/site-packages/airflow/example_dags/example_task_group.py
[2024-05-02T10:46:33.027+0000] {logging_mixin.py:188} INFO - [2024-05-02T10:46:33.027+0000] {dag.py:3096} INFO - Sync 1 DAGs
[2024-05-02T10:46:33.060+0000] {logging_mixin.py:188} INFO - [2024-05-02T10:46:33.060+0000] {dag.py:3954} INFO - Setting next_dagrun for example_task_group to 2024-05-01 00:00:00+00:00, run_after=2024-05-02 00:00:00+00:00
[2024-05-02T10:46:33.075+0000] {processor.py:183} INFO - Processing /home/airflow/.local/lib/python3.12/site-packages/airflow/example_dags/example_task_group.py took 0.072 seconds
[2024-05-02T10:47:03.406+0000] {processor.py:161} INFO - Started process (PID=616) to work on /home/airflow/.local/lib/python3.12/site-packages/airflow/example_dags/example_task_group.py
[2024-05-02T10:47:03.407+0000] {processor.py:830} INFO - Processing file /home/airflow/.local/lib/python3.12/site-packages/airflow/example_dags/example_task_group.py for tasks to queue
[2024-05-02T10:47:03.408+0000] {logging_mixin.py:188} INFO - [2024-05-02T10:47:03.408+0000] {dagbag.py:540} INFO - Filling up the DagBag from /home/airflow/.local/lib/python3.12/site-packages/airflow/example_dags/example_task_group.py
[2024-05-02T10:47:03.412+0000] {processor.py:840} INFO - DAG(s) 'example_task_group' retrieved from /home/airflow/.local/lib/python3.12/site-packages/airflow/example_dags/example_task_group.py
[2024-05-02T10:47:03.425+0000] {logging_mixin.py:188} INFO - [2024-05-02T10:47:03.425+0000] {dag.py:3096} INFO - Sync 1 DAGs
[2024-05-02T10:47:03.455+0000] {logging_mixin.py:188} INFO - [2024-05-02T10:47:03.455+0000] {dag.py:3954} INFO - Setting next_dagrun for example_task_group to 2024-05-01 00:00:00+00:00, run_after=2024-05-02 00:00:00+00:00
[2024-05-02T10:47:03.466+0000] {processor.py:183} INFO - Processing /home/airflow/.local/lib/python3.12/site-packages/airflow/example_dags/example_task_group.py took 0.063 seconds
[2024-05-02T10:47:33.603+0000] {processor.py:161} INFO - Started process (PID=675) to work on /home/airflow/.local/lib/python3.12/site-packages/airflow/example_dags/example_task_group.py
[2024-05-02T10:47:33.603+0000] {processor.py:830} INFO - Processing file /home/airflow/.local/lib/python3.12/site-packages/airflow/example_dags/example_task_group.py for tasks to queue
[2024-05-02T10:47:33.628+0000] {logging_mixin.py:188} INFO - [2024-05-02T10:47:33.628+0000] {dagbag.py:540} INFO - Filling up the DagBag from /home/airflow/.local/lib/python3.12/site-packages/airflow/example_dags/example_task_group.py
[2024-05-02T10:47:33.659+0000] {processor.py:840} INFO - DAG(s) 'example_task_group' retrieved from /home/airflow/.local/lib/python3.12/site-packages/airflow/example_dags/example_task_group.py
[2024-05-02T10:47:33.683+0000] {logging_mixin.py:188} INFO - [2024-05-02T10:47:33.683+0000] {dag.py:3096} INFO - Sync 1 DAGs
[2024-05-02T10:47:33.699+0000] {logging_mixin.py:188} INFO - [2024-05-02T10:47:33.699+0000] {dag.py:3954} INFO - Setting next_dagrun for example_task_group to 2024-05-01 00:00:00+00:00, run_after=2024-05-02 00:00:00+00:00
[2024-05-02T10:47:33.715+0000] {processor.py:183} INFO - Processing /home/airflow/.local/lib/python3.12/site-packages/airflow/example_dags/example_task_group.py took 0.116 seconds
[2024-05-02T10:48:03.894+0000] {processor.py:161} INFO - Started process (PID=734) to work on /home/airflow/.local/lib/python3.12/site-packages/airflow/example_dags/example_task_group.py
[2024-05-02T10:48:03.894+0000] {processor.py:830} INFO - Processing file /home/airflow/.local/lib/python3.12/site-packages/airflow/example_dags/example_task_group.py for tasks to queue
[2024-05-02T10:48:03.922+0000] {logging_mixin.py:188} INFO - [2024-05-02T10:48:03.921+0000] {dagbag.py:540} INFO - Filling up the DagBag from /home/airflow/.local/lib/python3.12/site-packages/airflow/example_dags/example_task_group.py
[2024-05-02T10:48:03.955+0000] {processor.py:840} INFO - DAG(s) 'example_task_group' retrieved from /home/airflow/.local/lib/python3.12/site-packages/airflow/example_dags/example_task_group.py
[2024-05-02T10:48:03.976+0000] {logging_mixin.py:188} INFO - [2024-05-02T10:48:03.976+0000] {dag.py:3096} INFO - Sync 1 DAGs
[2024-05-02T10:48:03.991+0000] {logging_mixin.py:188} INFO - [2024-05-02T10:48:03.991+0000] {dag.py:3954} INFO - Setting next_dagrun for example_task_group to 2024-05-01 00:00:00+00:00, run_after=2024-05-02 00:00:00+00:00
[2024-05-02T10:48:04.010+0000] {processor.py:183} INFO - Processing /home/airflow/.local/lib/python3.12/site-packages/airflow/example_dags/example_task_group.py took 0.123 seconds
[2024-05-02T10:49:27.189+0000] {processor.py:161} INFO - Started process (PID=71) to work on /home/airflow/.local/lib/python3.12/site-packages/airflow/example_dags/example_task_group.py
[2024-05-02T10:49:27.190+0000] {processor.py:830} INFO - Processing file /home/airflow/.local/lib/python3.12/site-packages/airflow/example_dags/example_task_group.py for tasks to queue
[2024-05-02T10:49:27.218+0000] {logging_mixin.py:188} INFO - [2024-05-02T10:49:27.218+0000] {dagbag.py:540} INFO - Filling up the DagBag from /home/airflow/.local/lib/python3.12/site-packages/airflow/example_dags/example_task_group.py
[2024-05-02T10:49:27.225+0000] {processor.py:840} INFO - DAG(s) 'example_task_group' retrieved from /home/airflow/.local/lib/python3.12/site-packages/airflow/example_dags/example_task_group.py
[2024-05-02T10:49:27.317+0000] {logging_mixin.py:188} INFO - [2024-05-02T10:49:27.317+0000] {dag.py:3096} INFO - Sync 1 DAGs
[2024-05-02T10:49:27.332+0000] {logging_mixin.py:188} INFO - [2024-05-02T10:49:27.332+0000] {dag.py:3954} INFO - Setting next_dagrun for example_task_group to 2024-05-01 00:00:00+00:00, run_after=2024-05-02 00:00:00+00:00
[2024-05-02T10:49:27.346+0000] {processor.py:183} INFO - Processing /home/airflow/.local/lib/python3.12/site-packages/airflow/example_dags/example_task_group.py took 0.161 seconds
[2024-05-02T10:49:57.994+0000] {processor.py:161} INFO - Started process (PID=131) to work on /home/airflow/.local/lib/python3.12/site-packages/airflow/example_dags/example_task_group.py
[2024-05-02T10:49:57.995+0000] {processor.py:830} INFO - Processing file /home/airflow/.local/lib/python3.12/site-packages/airflow/example_dags/example_task_group.py for tasks to queue
[2024-05-02T10:49:57.996+0000] {logging_mixin.py:188} INFO - [2024-05-02T10:49:57.996+0000] {dagbag.py:540} INFO - Filling up the DagBag from /home/airflow/.local/lib/python3.12/site-packages/airflow/example_dags/example_task_group.py
[2024-05-02T10:49:58.000+0000] {processor.py:840} INFO - DAG(s) 'example_task_group' retrieved from /home/airflow/.local/lib/python3.12/site-packages/airflow/example_dags/example_task_group.py
[2024-05-02T10:49:58.013+0000] {logging_mixin.py:188} INFO - [2024-05-02T10:49:58.013+0000] {dag.py:3096} INFO - Sync 1 DAGs
[2024-05-02T10:49:58.029+0000] {logging_mixin.py:188} INFO - [2024-05-02T10:49:58.029+0000] {dag.py:3954} INFO - Setting next_dagrun for example_task_group to 2024-05-01 00:00:00+00:00, run_after=2024-05-02 00:00:00+00:00
[2024-05-02T10:49:58.052+0000] {processor.py:183} INFO - Processing /home/airflow/.local/lib/python3.12/site-packages/airflow/example_dags/example_task_group.py took 0.062 seconds
[2024-05-02T10:50:28.631+0000] {processor.py:161} INFO - Started process (PID=191) to work on /home/airflow/.local/lib/python3.12/site-packages/airflow/example_dags/example_task_group.py
[2024-05-02T10:50:28.631+0000] {processor.py:830} INFO - Processing file /home/airflow/.local/lib/python3.12/site-packages/airflow/example_dags/example_task_group.py for tasks to queue
[2024-05-02T10:50:28.632+0000] {logging_mixin.py:188} INFO - [2024-05-02T10:50:28.632+0000] {dagbag.py:540} INFO - Filling up the DagBag from /home/airflow/.local/lib/python3.12/site-packages/airflow/example_dags/example_task_group.py
[2024-05-02T10:50:28.637+0000] {processor.py:840} INFO - DAG(s) 'example_task_group' retrieved from /home/airflow/.local/lib/python3.12/site-packages/airflow/example_dags/example_task_group.py
[2024-05-02T10:50:28.662+0000] {logging_mixin.py:188} INFO - [2024-05-02T10:50:28.662+0000] {dag.py:3096} INFO - Sync 1 DAGs
[2024-05-02T10:50:28.676+0000] {logging_mixin.py:188} INFO - [2024-05-02T10:50:28.676+0000] {dag.py:3954} INFO - Setting next_dagrun for example_task_group to 2024-05-01 00:00:00+00:00, run_after=2024-05-02 00:00:00+00:00
[2024-05-02T10:50:28.688+0000] {processor.py:183} INFO - Processing /home/airflow/.local/lib/python3.12/site-packages/airflow/example_dags/example_task_group.py took 0.061 seconds
[2024-05-02T10:50:59.056+0000] {processor.py:161} INFO - Started process (PID=251) to work on /home/airflow/.local/lib/python3.12/site-packages/airflow/example_dags/example_task_group.py
[2024-05-02T10:50:59.057+0000] {processor.py:830} INFO - Processing file /home/airflow/.local/lib/python3.12/site-packages/airflow/example_dags/example_task_group.py for tasks to queue
[2024-05-02T10:50:59.058+0000] {logging_mixin.py:188} INFO - [2024-05-02T10:50:59.058+0000] {dagbag.py:540} INFO - Filling up the DagBag from /home/airflow/.local/lib/python3.12/site-packages/airflow/example_dags/example_task_group.py
[2024-05-02T10:50:59.062+0000] {processor.py:840} INFO - DAG(s) 'example_task_group' retrieved from /home/airflow/.local/lib/python3.12/site-packages/airflow/example_dags/example_task_group.py
[2024-05-02T10:50:59.094+0000] {logging_mixin.py:188} INFO - [2024-05-02T10:50:59.094+0000] {dag.py:3096} INFO - Sync 1 DAGs
[2024-05-02T10:50:59.107+0000] {logging_mixin.py:188} INFO - [2024-05-02T10:50:59.107+0000] {dag.py:3954} INFO - Setting next_dagrun for example_task_group to 2024-05-01 00:00:00+00:00, run_after=2024-05-02 00:00:00+00:00
[2024-05-02T10:50:59.131+0000] {processor.py:183} INFO - Processing /home/airflow/.local/lib/python3.12/site-packages/airflow/example_dags/example_task_group.py took 0.080 seconds
[2024-05-02T10:51:29.465+0000] {processor.py:161} INFO - Started process (PID=311) to work on /home/airflow/.local/lib/python3.12/site-packages/airflow/example_dags/example_task_group.py
[2024-05-02T10:51:29.465+0000] {processor.py:830} INFO - Processing file /home/airflow/.local/lib/python3.12/site-packages/airflow/example_dags/example_task_group.py for tasks to queue
[2024-05-02T10:51:29.466+0000] {logging_mixin.py:188} INFO - [2024-05-02T10:51:29.466+0000] {dagbag.py:540} INFO - Filling up the DagBag from /home/airflow/.local/lib/python3.12/site-packages/airflow/example_dags/example_task_group.py
[2024-05-02T10:51:29.470+0000] {processor.py:840} INFO - DAG(s) 'example_task_group' retrieved from /home/airflow/.local/lib/python3.12/site-packages/airflow/example_dags/example_task_group.py
[2024-05-02T10:51:29.508+0000] {logging_mixin.py:188} INFO - [2024-05-02T10:51:29.508+0000] {dag.py:3096} INFO - Sync 1 DAGs
[2024-05-02T10:51:29.521+0000] {logging_mixin.py:188} INFO - [2024-05-02T10:51:29.521+0000] {dag.py:3954} INFO - Setting next_dagrun for example_task_group to 2024-05-01 00:00:00+00:00, run_after=2024-05-02 00:00:00+00:00
[2024-05-02T10:51:29.532+0000] {processor.py:183} INFO - Processing /home/airflow/.local/lib/python3.12/site-packages/airflow/example_dags/example_task_group.py took 0.071 seconds
[2024-05-02T10:52:00.612+0000] {processor.py:161} INFO - Started process (PID=371) to work on /home/airflow/.local/lib/python3.12/site-packages/airflow/example_dags/example_task_group.py
[2024-05-02T10:52:00.612+0000] {processor.py:830} INFO - Processing file /home/airflow/.local/lib/python3.12/site-packages/airflow/example_dags/example_task_group.py for tasks to queue
[2024-05-02T10:52:00.613+0000] {logging_mixin.py:188} INFO - [2024-05-02T10:52:00.613+0000] {dagbag.py:540} INFO - Filling up the DagBag from /home/airflow/.local/lib/python3.12/site-packages/airflow/example_dags/example_task_group.py
[2024-05-02T10:52:00.617+0000] {processor.py:840} INFO - DAG(s) 'example_task_group' retrieved from /home/airflow/.local/lib/python3.12/site-packages/airflow/example_dags/example_task_group.py
[2024-05-02T10:52:00.645+0000] {logging_mixin.py:188} INFO - [2024-05-02T10:52:00.645+0000] {dag.py:3096} INFO - Sync 1 DAGs
[2024-05-02T10:52:00.661+0000] {logging_mixin.py:188} INFO - [2024-05-02T10:52:00.661+0000] {dag.py:3954} INFO - Setting next_dagrun for example_task_group to 2024-05-01 00:00:00+00:00, run_after=2024-05-02 00:00:00+00:00
[2024-05-02T10:52:00.675+0000] {processor.py:183} INFO - Processing /home/airflow/.local/lib/python3.12/site-packages/airflow/example_dags/example_task_group.py took 0.066 seconds
[2024-05-02T10:52:31.846+0000] {processor.py:161} INFO - Started process (PID=437) to work on /home/airflow/.local/lib/python3.12/site-packages/airflow/example_dags/example_task_group.py
[2024-05-02T10:52:31.846+0000] {processor.py:830} INFO - Processing file /home/airflow/.local/lib/python3.12/site-packages/airflow/example_dags/example_task_group.py for tasks to queue
[2024-05-02T10:52:31.847+0000] {logging_mixin.py:188} INFO - [2024-05-02T10:52:31.847+0000] {dagbag.py:540} INFO - Filling up the DagBag from /home/airflow/.local/lib/python3.12/site-packages/airflow/example_dags/example_task_group.py
[2024-05-02T10:52:31.852+0000] {processor.py:840} INFO - DAG(s) 'example_task_group' retrieved from /home/airflow/.local/lib/python3.12/site-packages/airflow/example_dags/example_task_group.py
[2024-05-02T10:52:31.866+0000] {logging_mixin.py:188} INFO - [2024-05-02T10:52:31.866+0000] {dag.py:3096} INFO - Sync 1 DAGs
[2024-05-02T10:52:31.880+0000] {logging_mixin.py:188} INFO - [2024-05-02T10:52:31.879+0000] {dag.py:3954} INFO - Setting next_dagrun for example_task_group to 2024-05-01 00:00:00+00:00, run_after=2024-05-02 00:00:00+00:00
[2024-05-02T10:52:31.892+0000] {processor.py:183} INFO - Processing /home/airflow/.local/lib/python3.12/site-packages/airflow/example_dags/example_task_group.py took 0.050 seconds
[2024-05-02T10:53:02.697+0000] {processor.py:161} INFO - Started process (PID=497) to work on /home/airflow/.local/lib/python3.12/site-packages/airflow/example_dags/example_task_group.py
[2024-05-02T10:53:02.698+0000] {processor.py:830} INFO - Processing file /home/airflow/.local/lib/python3.12/site-packages/airflow/example_dags/example_task_group.py for tasks to queue
[2024-05-02T10:53:02.699+0000] {logging_mixin.py:188} INFO - [2024-05-02T10:53:02.699+0000] {dagbag.py:540} INFO - Filling up the DagBag from /home/airflow/.local/lib/python3.12/site-packages/airflow/example_dags/example_task_group.py
[2024-05-02T10:53:02.704+0000] {processor.py:840} INFO - DAG(s) 'example_task_group' retrieved from /home/airflow/.local/lib/python3.12/site-packages/airflow/example_dags/example_task_group.py
[2024-05-02T10:53:02.718+0000] {logging_mixin.py:188} INFO - [2024-05-02T10:53:02.718+0000] {dag.py:3096} INFO - Sync 1 DAGs
[2024-05-02T10:53:02.749+0000] {logging_mixin.py:188} INFO - [2024-05-02T10:53:02.749+0000] {dag.py:3954} INFO - Setting next_dagrun for example_task_group to 2024-05-01 00:00:00+00:00, run_after=2024-05-02 00:00:00+00:00
[2024-05-02T10:53:02.765+0000] {processor.py:183} INFO - Processing /home/airflow/.local/lib/python3.12/site-packages/airflow/example_dags/example_task_group.py took 0.073 seconds
[2024-05-02T10:53:33.343+0000] {processor.py:161} INFO - Started process (PID=557) to work on /home/airflow/.local/lib/python3.12/site-packages/airflow/example_dags/example_task_group.py
[2024-05-02T10:53:33.343+0000] {processor.py:830} INFO - Processing file /home/airflow/.local/lib/python3.12/site-packages/airflow/example_dags/example_task_group.py for tasks to queue
[2024-05-02T10:53:33.370+0000] {logging_mixin.py:188} INFO - [2024-05-02T10:53:33.369+0000] {dagbag.py:540} INFO - Filling up the DagBag from /home/airflow/.local/lib/python3.12/site-packages/airflow/example_dags/example_task_group.py
[2024-05-02T10:53:33.374+0000] {processor.py:840} INFO - DAG(s) 'example_task_group' retrieved from /home/airflow/.local/lib/python3.12/site-packages/airflow/example_dags/example_task_group.py
[2024-05-02T10:53:33.387+0000] {logging_mixin.py:188} INFO - [2024-05-02T10:53:33.387+0000] {dag.py:3096} INFO - Sync 1 DAGs
[2024-05-02T10:53:33.401+0000] {logging_mixin.py:188} INFO - [2024-05-02T10:53:33.401+0000] {dag.py:3954} INFO - Setting next_dagrun for example_task_group to 2024-05-01 00:00:00+00:00, run_after=2024-05-02 00:00:00+00:00
[2024-05-02T10:53:33.415+0000] {processor.py:183} INFO - Processing /home/airflow/.local/lib/python3.12/site-packages/airflow/example_dags/example_task_group.py took 0.077 seconds
[2024-05-02T10:54:04.377+0000] {processor.py:161} INFO - Started process (PID=617) to work on /home/airflow/.local/lib/python3.12/site-packages/airflow/example_dags/example_task_group.py
[2024-05-02T10:54:04.378+0000] {processor.py:830} INFO - Processing file /home/airflow/.local/lib/python3.12/site-packages/airflow/example_dags/example_task_group.py for tasks to queue
[2024-05-02T10:54:04.400+0000] {logging_mixin.py:188} INFO - [2024-05-02T10:54:04.400+0000] {dagbag.py:540} INFO - Filling up the DagBag from /home/airflow/.local/lib/python3.12/site-packages/airflow/example_dags/example_task_group.py
[2024-05-02T10:54:04.405+0000] {processor.py:840} INFO - DAG(s) 'example_task_group' retrieved from /home/airflow/.local/lib/python3.12/site-packages/airflow/example_dags/example_task_group.py
[2024-05-02T10:54:04.421+0000] {logging_mixin.py:188} INFO - [2024-05-02T10:54:04.421+0000] {dag.py:3096} INFO - Sync 1 DAGs
[2024-05-02T10:54:04.458+0000] {logging_mixin.py:188} INFO - [2024-05-02T10:54:04.457+0000] {dag.py:3954} INFO - Setting next_dagrun for example_task_group to 2024-05-01 00:00:00+00:00, run_after=2024-05-02 00:00:00+00:00
[2024-05-02T10:54:04.471+0000] {processor.py:183} INFO - Processing /home/airflow/.local/lib/python3.12/site-packages/airflow/example_dags/example_task_group.py took 0.101 seconds
[2024-05-02T10:54:34.834+0000] {processor.py:161} INFO - Started process (PID=677) to work on /home/airflow/.local/lib/python3.12/site-packages/airflow/example_dags/example_task_group.py
[2024-05-02T10:54:34.834+0000] {processor.py:830} INFO - Processing file /home/airflow/.local/lib/python3.12/site-packages/airflow/example_dags/example_task_group.py for tasks to queue
[2024-05-02T10:54:34.861+0000] {logging_mixin.py:188} INFO - [2024-05-02T10:54:34.861+0000] {dagbag.py:540} INFO - Filling up the DagBag from /home/airflow/.local/lib/python3.12/site-packages/airflow/example_dags/example_task_group.py
[2024-05-02T10:54:34.865+0000] {processor.py:840} INFO - DAG(s) 'example_task_group' retrieved from /home/airflow/.local/lib/python3.12/site-packages/airflow/example_dags/example_task_group.py
[2024-05-02T10:54:34.878+0000] {logging_mixin.py:188} INFO - [2024-05-02T10:54:34.877+0000] {dag.py:3096} INFO - Sync 1 DAGs
[2024-05-02T10:54:34.892+0000] {logging_mixin.py:188} INFO - [2024-05-02T10:54:34.892+0000] {dag.py:3954} INFO - Setting next_dagrun for example_task_group to 2024-05-01 00:00:00+00:00, run_after=2024-05-02 00:00:00+00:00
[2024-05-02T10:54:34.920+0000] {processor.py:183} INFO - Processing /home/airflow/.local/lib/python3.12/site-packages/airflow/example_dags/example_task_group.py took 0.091 seconds
[2024-05-02T10:55:05.243+0000] {processor.py:161} INFO - Started process (PID=737) to work on /home/airflow/.local/lib/python3.12/site-packages/airflow/example_dags/example_task_group.py
[2024-05-02T10:55:05.243+0000] {processor.py:830} INFO - Processing file /home/airflow/.local/lib/python3.12/site-packages/airflow/example_dags/example_task_group.py for tasks to queue
[2024-05-02T10:55:05.264+0000] {logging_mixin.py:188} INFO - [2024-05-02T10:55:05.263+0000] {dagbag.py:540} INFO - Filling up the DagBag from /home/airflow/.local/lib/python3.12/site-packages/airflow/example_dags/example_task_group.py
[2024-05-02T10:55:05.269+0000] {processor.py:840} INFO - DAG(s) 'example_task_group' retrieved from /home/airflow/.local/lib/python3.12/site-packages/airflow/example_dags/example_task_group.py
[2024-05-02T10:55:05.283+0000] {logging_mixin.py:188} INFO - [2024-05-02T10:55:05.283+0000] {dag.py:3096} INFO - Sync 1 DAGs
[2024-05-02T10:55:05.299+0000] {logging_mixin.py:188} INFO - [2024-05-02T10:55:05.299+0000] {dag.py:3954} INFO - Setting next_dagrun for example_task_group to 2024-05-01 00:00:00+00:00, run_after=2024-05-02 00:00:00+00:00
[2024-05-02T10:55:05.317+0000] {processor.py:183} INFO - Processing /home/airflow/.local/lib/python3.12/site-packages/airflow/example_dags/example_task_group.py took 0.079 seconds
[2024-05-02T10:55:35.687+0000] {processor.py:161} INFO - Started process (PID=797) to work on /home/airflow/.local/lib/python3.12/site-packages/airflow/example_dags/example_task_group.py
[2024-05-02T10:55:35.688+0000] {processor.py:830} INFO - Processing file /home/airflow/.local/lib/python3.12/site-packages/airflow/example_dags/example_task_group.py for tasks to queue
[2024-05-02T10:55:35.716+0000] {logging_mixin.py:188} INFO - [2024-05-02T10:55:35.716+0000] {dagbag.py:540} INFO - Filling up the DagBag from /home/airflow/.local/lib/python3.12/site-packages/airflow/example_dags/example_task_group.py
[2024-05-02T10:55:35.721+0000] {processor.py:840} INFO - DAG(s) 'example_task_group' retrieved from /home/airflow/.local/lib/python3.12/site-packages/airflow/example_dags/example_task_group.py
[2024-05-02T10:55:35.734+0000] {logging_mixin.py:188} INFO - [2024-05-02T10:55:35.734+0000] {dag.py:3096} INFO - Sync 1 DAGs
[2024-05-02T10:55:35.748+0000] {logging_mixin.py:188} INFO - [2024-05-02T10:55:35.748+0000] {dag.py:3954} INFO - Setting next_dagrun for example_task_group to 2024-05-01 00:00:00+00:00, run_after=2024-05-02 00:00:00+00:00
[2024-05-02T10:55:35.783+0000] {processor.py:183} INFO - Processing /home/airflow/.local/lib/python3.12/site-packages/airflow/example_dags/example_task_group.py took 0.101 seconds
[2024-05-02T10:56:06.020+0000] {processor.py:161} INFO - Started process (PID=858) to work on /home/airflow/.local/lib/python3.12/site-packages/airflow/example_dags/example_task_group.py
[2024-05-02T10:56:06.021+0000] {processor.py:830} INFO - Processing file /home/airflow/.local/lib/python3.12/site-packages/airflow/example_dags/example_task_group.py for tasks to queue
[2024-05-02T10:56:06.045+0000] {logging_mixin.py:188} INFO - [2024-05-02T10:56:06.045+0000] {dagbag.py:540} INFO - Filling up the DagBag from /home/airflow/.local/lib/python3.12/site-packages/airflow/example_dags/example_task_group.py
[2024-05-02T10:56:06.050+0000] {processor.py:840} INFO - DAG(s) 'example_task_group' retrieved from /home/airflow/.local/lib/python3.12/site-packages/airflow/example_dags/example_task_group.py
[2024-05-02T10:56:06.064+0000] {logging_mixin.py:188} INFO - [2024-05-02T10:56:06.064+0000] {dag.py:3096} INFO - Sync 1 DAGs
[2024-05-02T10:56:06.107+0000] {logging_mixin.py:188} INFO - [2024-05-02T10:56:06.107+0000] {dag.py:3954} INFO - Setting next_dagrun for example_task_group to 2024-05-01 00:00:00+00:00, run_after=2024-05-02 00:00:00+00:00
[2024-05-02T10:56:06.127+0000] {processor.py:183} INFO - Processing /home/airflow/.local/lib/python3.12/site-packages/airflow/example_dags/example_task_group.py took 0.110 seconds
[2024-05-02T10:56:36.270+0000] {processor.py:161} INFO - Started process (PID=917) to work on /home/airflow/.local/lib/python3.12/site-packages/airflow/example_dags/example_task_group.py
[2024-05-02T10:56:36.271+0000] {processor.py:830} INFO - Processing file /home/airflow/.local/lib/python3.12/site-packages/airflow/example_dags/example_task_group.py for tasks to queue
[2024-05-02T10:56:36.295+0000] {logging_mixin.py:188} INFO - [2024-05-02T10:56:36.294+0000] {dagbag.py:540} INFO - Filling up the DagBag from /home/airflow/.local/lib/python3.12/site-packages/airflow/example_dags/example_task_group.py
[2024-05-02T10:56:36.325+0000] {processor.py:840} INFO - DAG(s) 'example_task_group' retrieved from /home/airflow/.local/lib/python3.12/site-packages/airflow/example_dags/example_task_group.py
[2024-05-02T10:56:36.350+0000] {logging_mixin.py:188} INFO - [2024-05-02T10:56:36.350+0000] {dag.py:3096} INFO - Sync 1 DAGs
[2024-05-02T10:56:36.365+0000] {logging_mixin.py:188} INFO - [2024-05-02T10:56:36.365+0000] {dag.py:3954} INFO - Setting next_dagrun for example_task_group to 2024-05-01 00:00:00+00:00, run_after=2024-05-02 00:00:00+00:00
[2024-05-02T10:56:36.395+0000] {processor.py:183} INFO - Processing /home/airflow/.local/lib/python3.12/site-packages/airflow/example_dags/example_task_group.py took 0.128 seconds
[2024-05-02T10:57:06.484+0000] {processor.py:161} INFO - Started process (PID=975) to work on /home/airflow/.local/lib/python3.12/site-packages/airflow/example_dags/example_task_group.py
[2024-05-02T10:57:06.485+0000] {processor.py:830} INFO - Processing file /home/airflow/.local/lib/python3.12/site-packages/airflow/example_dags/example_task_group.py for tasks to queue
[2024-05-02T10:57:06.486+0000] {logging_mixin.py:188} INFO - [2024-05-02T10:57:06.486+0000] {dagbag.py:540} INFO - Filling up the DagBag from /home/airflow/.local/lib/python3.12/site-packages/airflow/example_dags/example_task_group.py
[2024-05-02T10:57:06.490+0000] {processor.py:840} INFO - DAG(s) 'example_task_group' retrieved from /home/airflow/.local/lib/python3.12/site-packages/airflow/example_dags/example_task_group.py
[2024-05-02T10:57:06.507+0000] {logging_mixin.py:188} INFO - [2024-05-02T10:57:06.507+0000] {dag.py:3096} INFO - Sync 1 DAGs
[2024-05-02T10:57:06.521+0000] {logging_mixin.py:188} INFO - [2024-05-02T10:57:06.521+0000] {dag.py:3954} INFO - Setting next_dagrun for example_task_group to 2024-05-01 00:00:00+00:00, run_after=2024-05-02 00:00:00+00:00
[2024-05-02T10:57:06.557+0000] {processor.py:183} INFO - Processing /home/airflow/.local/lib/python3.12/site-packages/airflow/example_dags/example_task_group.py took 0.076 seconds
