[2024-05-02T10:20:08.079+0000] {processor.py:161} INFO - Started process (PID=75) to work on /home/airflow/.local/lib/python3.12/site-packages/airflow/example_dags/example_latest_only.py
[2024-05-02T10:20:08.079+0000] {processor.py:830} INFO - Processing file /home/airflow/.local/lib/python3.12/site-packages/airflow/example_dags/example_latest_only.py for tasks to queue
[2024-05-02T10:20:08.080+0000] {logging_mixin.py:188} INFO - [2024-05-02T10:20:08.080+0000] {dagbag.py:540} INFO - Filling up the DagBag from /home/airflow/.local/lib/python3.12/site-packages/airflow/example_dags/example_latest_only.py
[2024-05-02T10:20:08.084+0000] {processor.py:840} INFO - DAG(s) 'latest_only' retrieved from /home/airflow/.local/lib/python3.12/site-packages/airflow/example_dags/example_latest_only.py
[2024-05-02T10:20:08.091+0000] {logging_mixin.py:188} INFO - [2024-05-02T10:20:08.091+0000] {dag.py:3096} INFO - Sync 1 DAGs
[2024-05-02T10:20:08.108+0000] {logging_mixin.py:188} INFO - [2024-05-02T10:20:08.108+0000] {dag.py:3954} INFO - Setting next_dagrun for latest_only to 2024-05-02 04:00:00+00:00, run_after=2024-05-02 08:00:00+00:00
[2024-05-02T10:20:08.121+0000] {processor.py:183} INFO - Processing /home/airflow/.local/lib/python3.12/site-packages/airflow/example_dags/example_latest_only.py took 0.046 seconds
[2024-05-02T10:20:39.315+0000] {processor.py:161} INFO - Started process (PID=133) to work on /home/airflow/.local/lib/python3.12/site-packages/airflow/example_dags/example_latest_only.py
[2024-05-02T10:20:39.315+0000] {processor.py:830} INFO - Processing file /home/airflow/.local/lib/python3.12/site-packages/airflow/example_dags/example_latest_only.py for tasks to queue
[2024-05-02T10:20:39.317+0000] {logging_mixin.py:188} INFO - [2024-05-02T10:20:39.316+0000] {dagbag.py:540} INFO - Filling up the DagBag from /home/airflow/.local/lib/python3.12/site-packages/airflow/example_dags/example_latest_only.py
[2024-05-02T10:20:39.320+0000] {processor.py:840} INFO - DAG(s) 'latest_only' retrieved from /home/airflow/.local/lib/python3.12/site-packages/airflow/example_dags/example_latest_only.py
[2024-05-02T10:20:39.398+0000] {logging_mixin.py:188} INFO - [2024-05-02T10:20:39.397+0000] {dag.py:3096} INFO - Sync 1 DAGs
[2024-05-02T10:20:39.413+0000] {logging_mixin.py:188} INFO - [2024-05-02T10:20:39.412+0000] {dag.py:3954} INFO - Setting next_dagrun for latest_only to 2024-05-02 04:00:00+00:00, run_after=2024-05-02 08:00:00+00:00
[2024-05-02T10:20:39.424+0000] {processor.py:183} INFO - Processing /home/airflow/.local/lib/python3.12/site-packages/airflow/example_dags/example_latest_only.py took 0.113 seconds
[2024-05-02T10:21:10.302+0000] {processor.py:161} INFO - Started process (PID=192) to work on /home/airflow/.local/lib/python3.12/site-packages/airflow/example_dags/example_latest_only.py
[2024-05-02T10:21:10.302+0000] {processor.py:830} INFO - Processing file /home/airflow/.local/lib/python3.12/site-packages/airflow/example_dags/example_latest_only.py for tasks to queue
[2024-05-02T10:21:10.303+0000] {logging_mixin.py:188} INFO - [2024-05-02T10:21:10.303+0000] {dagbag.py:540} INFO - Filling up the DagBag from /home/airflow/.local/lib/python3.12/site-packages/airflow/example_dags/example_latest_only.py
[2024-05-02T10:21:10.306+0000] {processor.py:840} INFO - DAG(s) 'latest_only' retrieved from /home/airflow/.local/lib/python3.12/site-packages/airflow/example_dags/example_latest_only.py
[2024-05-02T10:21:10.319+0000] {logging_mixin.py:188} INFO - [2024-05-02T10:21:10.318+0000] {dag.py:3096} INFO - Sync 1 DAGs
[2024-05-02T10:21:10.333+0000] {logging_mixin.py:188} INFO - [2024-05-02T10:21:10.333+0000] {dag.py:3954} INFO - Setting next_dagrun for latest_only to 2024-05-02 04:00:00+00:00, run_after=2024-05-02 08:00:00+00:00
[2024-05-02T10:21:10.345+0000] {processor.py:183} INFO - Processing /home/airflow/.local/lib/python3.12/site-packages/airflow/example_dags/example_latest_only.py took 0.047 seconds
[2024-05-02T10:21:41.046+0000] {processor.py:161} INFO - Started process (PID=250) to work on /home/airflow/.local/lib/python3.12/site-packages/airflow/example_dags/example_latest_only.py
[2024-05-02T10:21:41.047+0000] {processor.py:830} INFO - Processing file /home/airflow/.local/lib/python3.12/site-packages/airflow/example_dags/example_latest_only.py for tasks to queue
[2024-05-02T10:21:41.048+0000] {logging_mixin.py:188} INFO - [2024-05-02T10:21:41.047+0000] {dagbag.py:540} INFO - Filling up the DagBag from /home/airflow/.local/lib/python3.12/site-packages/airflow/example_dags/example_latest_only.py
[2024-05-02T10:21:41.050+0000] {processor.py:840} INFO - DAG(s) 'latest_only' retrieved from /home/airflow/.local/lib/python3.12/site-packages/airflow/example_dags/example_latest_only.py
[2024-05-02T10:21:41.062+0000] {logging_mixin.py:188} INFO - [2024-05-02T10:21:41.062+0000] {dag.py:3096} INFO - Sync 1 DAGs
[2024-05-02T10:21:41.075+0000] {logging_mixin.py:188} INFO - [2024-05-02T10:21:41.075+0000] {dag.py:3954} INFO - Setting next_dagrun for latest_only to 2024-05-02 04:00:00+00:00, run_after=2024-05-02 08:00:00+00:00
[2024-05-02T10:21:41.089+0000] {processor.py:183} INFO - Processing /home/airflow/.local/lib/python3.12/site-packages/airflow/example_dags/example_latest_only.py took 0.047 seconds
[2024-05-02T10:22:11.486+0000] {processor.py:161} INFO - Started process (PID=308) to work on /home/airflow/.local/lib/python3.12/site-packages/airflow/example_dags/example_latest_only.py
[2024-05-02T10:22:11.487+0000] {processor.py:830} INFO - Processing file /home/airflow/.local/lib/python3.12/site-packages/airflow/example_dags/example_latest_only.py for tasks to queue
[2024-05-02T10:22:11.488+0000] {logging_mixin.py:188} INFO - [2024-05-02T10:22:11.488+0000] {dagbag.py:540} INFO - Filling up the DagBag from /home/airflow/.local/lib/python3.12/site-packages/airflow/example_dags/example_latest_only.py
[2024-05-02T10:22:11.491+0000] {processor.py:840} INFO - DAG(s) 'latest_only' retrieved from /home/airflow/.local/lib/python3.12/site-packages/airflow/example_dags/example_latest_only.py
[2024-05-02T10:22:11.502+0000] {logging_mixin.py:188} INFO - [2024-05-02T10:22:11.501+0000] {dag.py:3096} INFO - Sync 1 DAGs
[2024-05-02T10:22:11.514+0000] {logging_mixin.py:188} INFO - [2024-05-02T10:22:11.514+0000] {dag.py:3954} INFO - Setting next_dagrun for latest_only to 2024-05-02 04:00:00+00:00, run_after=2024-05-02 08:00:00+00:00
[2024-05-02T10:22:11.525+0000] {processor.py:183} INFO - Processing /home/airflow/.local/lib/python3.12/site-packages/airflow/example_dags/example_latest_only.py took 0.043 seconds
[2024-05-02T10:22:42.403+0000] {processor.py:161} INFO - Started process (PID=366) to work on /home/airflow/.local/lib/python3.12/site-packages/airflow/example_dags/example_latest_only.py
[2024-05-02T10:22:42.403+0000] {processor.py:830} INFO - Processing file /home/airflow/.local/lib/python3.12/site-packages/airflow/example_dags/example_latest_only.py for tasks to queue
[2024-05-02T10:22:42.405+0000] {logging_mixin.py:188} INFO - [2024-05-02T10:22:42.404+0000] {dagbag.py:540} INFO - Filling up the DagBag from /home/airflow/.local/lib/python3.12/site-packages/airflow/example_dags/example_latest_only.py
[2024-05-02T10:22:42.409+0000] {processor.py:840} INFO - DAG(s) 'latest_only' retrieved from /home/airflow/.local/lib/python3.12/site-packages/airflow/example_dags/example_latest_only.py
[2024-05-02T10:22:42.421+0000] {logging_mixin.py:188} INFO - [2024-05-02T10:22:42.421+0000] {dag.py:3096} INFO - Sync 1 DAGs
[2024-05-02T10:22:42.435+0000] {logging_mixin.py:188} INFO - [2024-05-02T10:22:42.435+0000] {dag.py:3954} INFO - Setting next_dagrun for latest_only to 2024-05-02 04:00:00+00:00, run_after=2024-05-02 08:00:00+00:00
[2024-05-02T10:22:42.446+0000] {processor.py:183} INFO - Processing /home/airflow/.local/lib/python3.12/site-packages/airflow/example_dags/example_latest_only.py took 0.047 seconds
[2024-05-02T10:23:12.646+0000] {processor.py:161} INFO - Started process (PID=424) to work on /home/airflow/.local/lib/python3.12/site-packages/airflow/example_dags/example_latest_only.py
[2024-05-02T10:23:12.646+0000] {processor.py:830} INFO - Processing file /home/airflow/.local/lib/python3.12/site-packages/airflow/example_dags/example_latest_only.py for tasks to queue
[2024-05-02T10:23:12.647+0000] {logging_mixin.py:188} INFO - [2024-05-02T10:23:12.647+0000] {dagbag.py:540} INFO - Filling up the DagBag from /home/airflow/.local/lib/python3.12/site-packages/airflow/example_dags/example_latest_only.py
[2024-05-02T10:23:12.650+0000] {processor.py:840} INFO - DAG(s) 'latest_only' retrieved from /home/airflow/.local/lib/python3.12/site-packages/airflow/example_dags/example_latest_only.py
[2024-05-02T10:23:12.662+0000] {logging_mixin.py:188} INFO - [2024-05-02T10:23:12.661+0000] {dag.py:3096} INFO - Sync 1 DAGs
[2024-05-02T10:23:12.674+0000] {logging_mixin.py:188} INFO - [2024-05-02T10:23:12.674+0000] {dag.py:3954} INFO - Setting next_dagrun for latest_only to 2024-05-02 04:00:00+00:00, run_after=2024-05-02 08:00:00+00:00
[2024-05-02T10:23:12.686+0000] {processor.py:183} INFO - Processing /home/airflow/.local/lib/python3.12/site-packages/airflow/example_dags/example_latest_only.py took 0.043 seconds
[2024-05-02T10:23:43.944+0000] {processor.py:161} INFO - Started process (PID=482) to work on /home/airflow/.local/lib/python3.12/site-packages/airflow/example_dags/example_latest_only.py
[2024-05-02T10:23:43.944+0000] {processor.py:830} INFO - Processing file /home/airflow/.local/lib/python3.12/site-packages/airflow/example_dags/example_latest_only.py for tasks to queue
[2024-05-02T10:23:43.946+0000] {logging_mixin.py:188} INFO - [2024-05-02T10:23:43.945+0000] {dagbag.py:540} INFO - Filling up the DagBag from /home/airflow/.local/lib/python3.12/site-packages/airflow/example_dags/example_latest_only.py
[2024-05-02T10:23:43.949+0000] {processor.py:840} INFO - DAG(s) 'latest_only' retrieved from /home/airflow/.local/lib/python3.12/site-packages/airflow/example_dags/example_latest_only.py
[2024-05-02T10:23:43.961+0000] {logging_mixin.py:188} INFO - [2024-05-02T10:23:43.961+0000] {dag.py:3096} INFO - Sync 1 DAGs
[2024-05-02T10:23:43.974+0000] {logging_mixin.py:188} INFO - [2024-05-02T10:23:43.974+0000] {dag.py:3954} INFO - Setting next_dagrun for latest_only to 2024-05-02 04:00:00+00:00, run_after=2024-05-02 08:00:00+00:00
[2024-05-02T10:23:43.986+0000] {processor.py:183} INFO - Processing /home/airflow/.local/lib/python3.12/site-packages/airflow/example_dags/example_latest_only.py took 0.047 seconds
[2024-05-02T10:24:15.383+0000] {processor.py:161} INFO - Started process (PID=540) to work on /home/airflow/.local/lib/python3.12/site-packages/airflow/example_dags/example_latest_only.py
[2024-05-02T10:24:15.384+0000] {processor.py:830} INFO - Processing file /home/airflow/.local/lib/python3.12/site-packages/airflow/example_dags/example_latest_only.py for tasks to queue
[2024-05-02T10:24:15.386+0000] {logging_mixin.py:188} INFO - [2024-05-02T10:24:15.385+0000] {dagbag.py:540} INFO - Filling up the DagBag from /home/airflow/.local/lib/python3.12/site-packages/airflow/example_dags/example_latest_only.py
[2024-05-02T10:24:15.390+0000] {processor.py:840} INFO - DAG(s) 'latest_only' retrieved from /home/airflow/.local/lib/python3.12/site-packages/airflow/example_dags/example_latest_only.py
[2024-05-02T10:24:15.402+0000] {logging_mixin.py:188} INFO - [2024-05-02T10:24:15.402+0000] {dag.py:3096} INFO - Sync 1 DAGs
[2024-05-02T10:24:15.415+0000] {logging_mixin.py:188} INFO - [2024-05-02T10:24:15.415+0000] {dag.py:3954} INFO - Setting next_dagrun for latest_only to 2024-05-02 04:00:00+00:00, run_after=2024-05-02 08:00:00+00:00
[2024-05-02T10:24:15.431+0000] {processor.py:183} INFO - Processing /home/airflow/.local/lib/python3.12/site-packages/airflow/example_dags/example_latest_only.py took 0.054 seconds
[2024-05-02T10:24:46.189+0000] {processor.py:161} INFO - Started process (PID=598) to work on /home/airflow/.local/lib/python3.12/site-packages/airflow/example_dags/example_latest_only.py
[2024-05-02T10:24:46.190+0000] {processor.py:830} INFO - Processing file /home/airflow/.local/lib/python3.12/site-packages/airflow/example_dags/example_latest_only.py for tasks to queue
[2024-05-02T10:24:46.191+0000] {logging_mixin.py:188} INFO - [2024-05-02T10:24:46.191+0000] {dagbag.py:540} INFO - Filling up the DagBag from /home/airflow/.local/lib/python3.12/site-packages/airflow/example_dags/example_latest_only.py
[2024-05-02T10:24:46.194+0000] {processor.py:840} INFO - DAG(s) 'latest_only' retrieved from /home/airflow/.local/lib/python3.12/site-packages/airflow/example_dags/example_latest_only.py
[2024-05-02T10:24:46.211+0000] {logging_mixin.py:188} INFO - [2024-05-02T10:24:46.211+0000] {dag.py:3096} INFO - Sync 1 DAGs
[2024-05-02T10:24:46.256+0000] {logging_mixin.py:188} INFO - [2024-05-02T10:24:46.256+0000] {dag.py:3954} INFO - Setting next_dagrun for latest_only to 2024-05-02 04:00:00+00:00, run_after=2024-05-02 08:00:00+00:00
[2024-05-02T10:24:46.278+0000] {processor.py:183} INFO - Processing /home/airflow/.local/lib/python3.12/site-packages/airflow/example_dags/example_latest_only.py took 0.093 seconds
[2024-05-02T10:25:17.762+0000] {processor.py:161} INFO - Started process (PID=657) to work on /home/airflow/.local/lib/python3.12/site-packages/airflow/example_dags/example_latest_only.py
[2024-05-02T10:25:17.762+0000] {processor.py:830} INFO - Processing file /home/airflow/.local/lib/python3.12/site-packages/airflow/example_dags/example_latest_only.py for tasks to queue
[2024-05-02T10:25:17.763+0000] {logging_mixin.py:188} INFO - [2024-05-02T10:25:17.763+0000] {dagbag.py:540} INFO - Filling up the DagBag from /home/airflow/.local/lib/python3.12/site-packages/airflow/example_dags/example_latest_only.py
[2024-05-02T10:25:17.766+0000] {processor.py:840} INFO - DAG(s) 'latest_only' retrieved from /home/airflow/.local/lib/python3.12/site-packages/airflow/example_dags/example_latest_only.py
[2024-05-02T10:25:17.780+0000] {logging_mixin.py:188} INFO - [2024-05-02T10:25:17.780+0000] {dag.py:3096} INFO - Sync 1 DAGs
[2024-05-02T10:25:17.797+0000] {logging_mixin.py:188} INFO - [2024-05-02T10:25:17.797+0000] {dag.py:3954} INFO - Setting next_dagrun for latest_only to 2024-05-02 04:00:00+00:00, run_after=2024-05-02 08:00:00+00:00
[2024-05-02T10:25:17.930+0000] {processor.py:183} INFO - Processing /home/airflow/.local/lib/python3.12/site-packages/airflow/example_dags/example_latest_only.py took 0.172 seconds
[2024-05-02T10:25:48.566+0000] {processor.py:161} INFO - Started process (PID=717) to work on /home/airflow/.local/lib/python3.12/site-packages/airflow/example_dags/example_latest_only.py
[2024-05-02T10:25:48.566+0000] {processor.py:830} INFO - Processing file /home/airflow/.local/lib/python3.12/site-packages/airflow/example_dags/example_latest_only.py for tasks to queue
[2024-05-02T10:25:48.567+0000] {logging_mixin.py:188} INFO - [2024-05-02T10:25:48.567+0000] {dagbag.py:540} INFO - Filling up the DagBag from /home/airflow/.local/lib/python3.12/site-packages/airflow/example_dags/example_latest_only.py
[2024-05-02T10:25:48.570+0000] {processor.py:840} INFO - DAG(s) 'latest_only' retrieved from /home/airflow/.local/lib/python3.12/site-packages/airflow/example_dags/example_latest_only.py
[2024-05-02T10:25:48.582+0000] {logging_mixin.py:188} INFO - [2024-05-02T10:25:48.582+0000] {dag.py:3096} INFO - Sync 1 DAGs
[2024-05-02T10:25:48.595+0000] {logging_mixin.py:188} INFO - [2024-05-02T10:25:48.595+0000] {dag.py:3954} INFO - Setting next_dagrun for latest_only to 2024-05-02 04:00:00+00:00, run_after=2024-05-02 08:00:00+00:00
[2024-05-02T10:25:48.607+0000] {processor.py:183} INFO - Processing /home/airflow/.local/lib/python3.12/site-packages/airflow/example_dags/example_latest_only.py took 0.047 seconds
[2024-05-02T10:26:19.372+0000] {processor.py:161} INFO - Started process (PID=776) to work on /home/airflow/.local/lib/python3.12/site-packages/airflow/example_dags/example_latest_only.py
[2024-05-02T10:26:19.372+0000] {processor.py:830} INFO - Processing file /home/airflow/.local/lib/python3.12/site-packages/airflow/example_dags/example_latest_only.py for tasks to queue
[2024-05-02T10:26:19.373+0000] {logging_mixin.py:188} INFO - [2024-05-02T10:26:19.373+0000] {dagbag.py:540} INFO - Filling up the DagBag from /home/airflow/.local/lib/python3.12/site-packages/airflow/example_dags/example_latest_only.py
[2024-05-02T10:26:19.376+0000] {processor.py:840} INFO - DAG(s) 'latest_only' retrieved from /home/airflow/.local/lib/python3.12/site-packages/airflow/example_dags/example_latest_only.py
[2024-05-02T10:26:19.391+0000] {logging_mixin.py:188} INFO - [2024-05-02T10:26:19.391+0000] {dag.py:3096} INFO - Sync 1 DAGs
[2024-05-02T10:26:19.411+0000] {logging_mixin.py:188} INFO - [2024-05-02T10:26:19.411+0000] {dag.py:3954} INFO - Setting next_dagrun for latest_only to 2024-05-02 04:00:00+00:00, run_after=2024-05-02 08:00:00+00:00
[2024-05-02T10:26:19.429+0000] {processor.py:183} INFO - Processing /home/airflow/.local/lib/python3.12/site-packages/airflow/example_dags/example_latest_only.py took 0.061 seconds
[2024-05-02T10:26:50.555+0000] {processor.py:161} INFO - Started process (PID=841) to work on /home/airflow/.local/lib/python3.12/site-packages/airflow/example_dags/example_latest_only.py
[2024-05-02T10:26:50.556+0000] {processor.py:830} INFO - Processing file /home/airflow/.local/lib/python3.12/site-packages/airflow/example_dags/example_latest_only.py for tasks to queue
[2024-05-02T10:26:50.557+0000] {logging_mixin.py:188} INFO - [2024-05-02T10:26:50.556+0000] {dagbag.py:540} INFO - Filling up the DagBag from /home/airflow/.local/lib/python3.12/site-packages/airflow/example_dags/example_latest_only.py
[2024-05-02T10:26:50.559+0000] {processor.py:840} INFO - DAG(s) 'latest_only' retrieved from /home/airflow/.local/lib/python3.12/site-packages/airflow/example_dags/example_latest_only.py
[2024-05-02T10:26:50.571+0000] {logging_mixin.py:188} INFO - [2024-05-02T10:26:50.571+0000] {dag.py:3096} INFO - Sync 1 DAGs
[2024-05-02T10:26:50.587+0000] {logging_mixin.py:188} INFO - [2024-05-02T10:26:50.587+0000] {dag.py:3954} INFO - Setting next_dagrun for latest_only to 2024-05-02 04:00:00+00:00, run_after=2024-05-02 08:00:00+00:00
[2024-05-02T10:26:50.611+0000] {processor.py:183} INFO - Processing /home/airflow/.local/lib/python3.12/site-packages/airflow/example_dags/example_latest_only.py took 0.059 seconds
[2024-05-02T10:27:21.776+0000] {processor.py:161} INFO - Started process (PID=900) to work on /home/airflow/.local/lib/python3.12/site-packages/airflow/example_dags/example_latest_only.py
[2024-05-02T10:27:21.776+0000] {processor.py:830} INFO - Processing file /home/airflow/.local/lib/python3.12/site-packages/airflow/example_dags/example_latest_only.py for tasks to queue
[2024-05-02T10:27:21.798+0000] {logging_mixin.py:188} INFO - [2024-05-02T10:27:21.798+0000] {dagbag.py:540} INFO - Filling up the DagBag from /home/airflow/.local/lib/python3.12/site-packages/airflow/example_dags/example_latest_only.py
[2024-05-02T10:27:21.801+0000] {processor.py:840} INFO - DAG(s) 'latest_only' retrieved from /home/airflow/.local/lib/python3.12/site-packages/airflow/example_dags/example_latest_only.py
[2024-05-02T10:27:21.813+0000] {logging_mixin.py:188} INFO - [2024-05-02T10:27:21.813+0000] {dag.py:3096} INFO - Sync 1 DAGs
[2024-05-02T10:27:21.852+0000] {logging_mixin.py:188} INFO - [2024-05-02T10:27:21.852+0000] {dag.py:3954} INFO - Setting next_dagrun for latest_only to 2024-05-02 04:00:00+00:00, run_after=2024-05-02 08:00:00+00:00
[2024-05-02T10:27:21.882+0000] {processor.py:183} INFO - Processing /home/airflow/.local/lib/python3.12/site-packages/airflow/example_dags/example_latest_only.py took 0.111 seconds
[2024-05-02T10:27:52.471+0000] {processor.py:161} INFO - Started process (PID=959) to work on /home/airflow/.local/lib/python3.12/site-packages/airflow/example_dags/example_latest_only.py
[2024-05-02T10:27:52.472+0000] {processor.py:830} INFO - Processing file /home/airflow/.local/lib/python3.12/site-packages/airflow/example_dags/example_latest_only.py for tasks to queue
[2024-05-02T10:27:52.473+0000] {logging_mixin.py:188} INFO - [2024-05-02T10:27:52.472+0000] {dagbag.py:540} INFO - Filling up the DagBag from /home/airflow/.local/lib/python3.12/site-packages/airflow/example_dags/example_latest_only.py
[2024-05-02T10:27:52.476+0000] {processor.py:840} INFO - DAG(s) 'latest_only' retrieved from /home/airflow/.local/lib/python3.12/site-packages/airflow/example_dags/example_latest_only.py
[2024-05-02T10:27:52.488+0000] {logging_mixin.py:188} INFO - [2024-05-02T10:27:52.488+0000] {dag.py:3096} INFO - Sync 1 DAGs
[2024-05-02T10:27:52.503+0000] {logging_mixin.py:188} INFO - [2024-05-02T10:27:52.503+0000] {dag.py:3954} INFO - Setting next_dagrun for latest_only to 2024-05-02 04:00:00+00:00, run_after=2024-05-02 08:00:00+00:00
[2024-05-02T10:27:52.627+0000] {processor.py:183} INFO - Processing /home/airflow/.local/lib/python3.12/site-packages/airflow/example_dags/example_latest_only.py took 0.159 seconds
[2024-05-02T10:28:23.158+0000] {processor.py:161} INFO - Started process (PID=1018) to work on /home/airflow/.local/lib/python3.12/site-packages/airflow/example_dags/example_latest_only.py
[2024-05-02T10:28:23.158+0000] {processor.py:830} INFO - Processing file /home/airflow/.local/lib/python3.12/site-packages/airflow/example_dags/example_latest_only.py for tasks to queue
[2024-05-02T10:28:23.159+0000] {logging_mixin.py:188} INFO - [2024-05-02T10:28:23.159+0000] {dagbag.py:540} INFO - Filling up the DagBag from /home/airflow/.local/lib/python3.12/site-packages/airflow/example_dags/example_latest_only.py
[2024-05-02T10:28:23.162+0000] {processor.py:840} INFO - DAG(s) 'latest_only' retrieved from /home/airflow/.local/lib/python3.12/site-packages/airflow/example_dags/example_latest_only.py
[2024-05-02T10:28:23.174+0000] {logging_mixin.py:188} INFO - [2024-05-02T10:28:23.174+0000] {dag.py:3096} INFO - Sync 1 DAGs
[2024-05-02T10:28:23.210+0000] {logging_mixin.py:188} INFO - [2024-05-02T10:28:23.210+0000] {dag.py:3954} INFO - Setting next_dagrun for latest_only to 2024-05-02 04:00:00+00:00, run_after=2024-05-02 08:00:00+00:00
[2024-05-02T10:28:23.222+0000] {processor.py:183} INFO - Processing /home/airflow/.local/lib/python3.12/site-packages/airflow/example_dags/example_latest_only.py took 0.067 seconds
[2024-05-02T10:28:54.403+0000] {processor.py:161} INFO - Started process (PID=1077) to work on /home/airflow/.local/lib/python3.12/site-packages/airflow/example_dags/example_latest_only.py
[2024-05-02T10:28:54.403+0000] {processor.py:830} INFO - Processing file /home/airflow/.local/lib/python3.12/site-packages/airflow/example_dags/example_latest_only.py for tasks to queue
[2024-05-02T10:28:54.404+0000] {logging_mixin.py:188} INFO - [2024-05-02T10:28:54.404+0000] {dagbag.py:540} INFO - Filling up the DagBag from /home/airflow/.local/lib/python3.12/site-packages/airflow/example_dags/example_latest_only.py
[2024-05-02T10:28:54.407+0000] {processor.py:840} INFO - DAG(s) 'latest_only' retrieved from /home/airflow/.local/lib/python3.12/site-packages/airflow/example_dags/example_latest_only.py
[2024-05-02T10:28:54.421+0000] {logging_mixin.py:188} INFO - [2024-05-02T10:28:54.421+0000] {dag.py:3096} INFO - Sync 1 DAGs
[2024-05-02T10:28:54.452+0000] {logging_mixin.py:188} INFO - [2024-05-02T10:28:54.452+0000] {dag.py:3954} INFO - Setting next_dagrun for latest_only to 2024-05-02 04:00:00+00:00, run_after=2024-05-02 08:00:00+00:00
[2024-05-02T10:28:54.467+0000] {processor.py:183} INFO - Processing /home/airflow/.local/lib/python3.12/site-packages/airflow/example_dags/example_latest_only.py took 0.068 seconds
[2024-05-02T10:29:24.560+0000] {processor.py:161} INFO - Started process (PID=1136) to work on /home/airflow/.local/lib/python3.12/site-packages/airflow/example_dags/example_latest_only.py
[2024-05-02T10:29:24.560+0000] {processor.py:830} INFO - Processing file /home/airflow/.local/lib/python3.12/site-packages/airflow/example_dags/example_latest_only.py for tasks to queue
[2024-05-02T10:29:24.561+0000] {logging_mixin.py:188} INFO - [2024-05-02T10:29:24.561+0000] {dagbag.py:540} INFO - Filling up the DagBag from /home/airflow/.local/lib/python3.12/site-packages/airflow/example_dags/example_latest_only.py
[2024-05-02T10:29:24.564+0000] {processor.py:840} INFO - DAG(s) 'latest_only' retrieved from /home/airflow/.local/lib/python3.12/site-packages/airflow/example_dags/example_latest_only.py
[2024-05-02T10:29:24.576+0000] {logging_mixin.py:188} INFO - [2024-05-02T10:29:24.576+0000] {dag.py:3096} INFO - Sync 1 DAGs
[2024-05-02T10:29:24.615+0000] {logging_mixin.py:188} INFO - [2024-05-02T10:29:24.614+0000] {dag.py:3954} INFO - Setting next_dagrun for latest_only to 2024-05-02 04:00:00+00:00, run_after=2024-05-02 08:00:00+00:00
[2024-05-02T10:29:24.625+0000] {processor.py:183} INFO - Processing /home/airflow/.local/lib/python3.12/site-packages/airflow/example_dags/example_latest_only.py took 0.069 seconds
[2024-05-02T10:29:55.108+0000] {processor.py:161} INFO - Started process (PID=1195) to work on /home/airflow/.local/lib/python3.12/site-packages/airflow/example_dags/example_latest_only.py
[2024-05-02T10:29:55.108+0000] {processor.py:830} INFO - Processing file /home/airflow/.local/lib/python3.12/site-packages/airflow/example_dags/example_latest_only.py for tasks to queue
[2024-05-02T10:29:55.109+0000] {logging_mixin.py:188} INFO - [2024-05-02T10:29:55.109+0000] {dagbag.py:540} INFO - Filling up the DagBag from /home/airflow/.local/lib/python3.12/site-packages/airflow/example_dags/example_latest_only.py
[2024-05-02T10:29:55.112+0000] {processor.py:840} INFO - DAG(s) 'latest_only' retrieved from /home/airflow/.local/lib/python3.12/site-packages/airflow/example_dags/example_latest_only.py
[2024-05-02T10:29:55.125+0000] {logging_mixin.py:188} INFO - [2024-05-02T10:29:55.125+0000] {dag.py:3096} INFO - Sync 1 DAGs
[2024-05-02T10:29:55.157+0000] {logging_mixin.py:188} INFO - [2024-05-02T10:29:55.157+0000] {dag.py:3954} INFO - Setting next_dagrun for latest_only to 2024-05-02 04:00:00+00:00, run_after=2024-05-02 08:00:00+00:00
[2024-05-02T10:29:55.169+0000] {processor.py:183} INFO - Processing /home/airflow/.local/lib/python3.12/site-packages/airflow/example_dags/example_latest_only.py took 0.066 seconds
[2024-05-02T10:30:25.570+0000] {processor.py:161} INFO - Started process (PID=1254) to work on /home/airflow/.local/lib/python3.12/site-packages/airflow/example_dags/example_latest_only.py
[2024-05-02T10:30:25.571+0000] {processor.py:830} INFO - Processing file /home/airflow/.local/lib/python3.12/site-packages/airflow/example_dags/example_latest_only.py for tasks to queue
[2024-05-02T10:30:25.571+0000] {logging_mixin.py:188} INFO - [2024-05-02T10:30:25.571+0000] {dagbag.py:540} INFO - Filling up the DagBag from /home/airflow/.local/lib/python3.12/site-packages/airflow/example_dags/example_latest_only.py
[2024-05-02T10:30:25.574+0000] {processor.py:840} INFO - DAG(s) 'latest_only' retrieved from /home/airflow/.local/lib/python3.12/site-packages/airflow/example_dags/example_latest_only.py
[2024-05-02T10:30:25.586+0000] {logging_mixin.py:188} INFO - [2024-05-02T10:30:25.586+0000] {dag.py:3096} INFO - Sync 1 DAGs
[2024-05-02T10:30:25.600+0000] {logging_mixin.py:188} INFO - [2024-05-02T10:30:25.600+0000] {dag.py:3954} INFO - Setting next_dagrun for latest_only to 2024-05-02 04:00:00+00:00, run_after=2024-05-02 08:00:00+00:00
[2024-05-02T10:30:25.611+0000] {processor.py:183} INFO - Processing /home/airflow/.local/lib/python3.12/site-packages/airflow/example_dags/example_latest_only.py took 0.044 seconds
[2024-05-02T10:30:56.523+0000] {processor.py:161} INFO - Started process (PID=1313) to work on /home/airflow/.local/lib/python3.12/site-packages/airflow/example_dags/example_latest_only.py
[2024-05-02T10:30:56.523+0000] {processor.py:830} INFO - Processing file /home/airflow/.local/lib/python3.12/site-packages/airflow/example_dags/example_latest_only.py for tasks to queue
[2024-05-02T10:30:56.525+0000] {logging_mixin.py:188} INFO - [2024-05-02T10:30:56.525+0000] {dagbag.py:540} INFO - Filling up the DagBag from /home/airflow/.local/lib/python3.12/site-packages/airflow/example_dags/example_latest_only.py
[2024-05-02T10:30:56.530+0000] {processor.py:840} INFO - DAG(s) 'latest_only' retrieved from /home/airflow/.local/lib/python3.12/site-packages/airflow/example_dags/example_latest_only.py
[2024-05-02T10:30:56.543+0000] {logging_mixin.py:188} INFO - [2024-05-02T10:30:56.543+0000] {dag.py:3096} INFO - Sync 1 DAGs
[2024-05-02T10:30:56.557+0000] {logging_mixin.py:188} INFO - [2024-05-02T10:30:56.557+0000] {dag.py:3954} INFO - Setting next_dagrun for latest_only to 2024-05-02 04:00:00+00:00, run_after=2024-05-02 08:00:00+00:00
[2024-05-02T10:30:56.583+0000] {processor.py:183} INFO - Processing /home/airflow/.local/lib/python3.12/site-packages/airflow/example_dags/example_latest_only.py took 0.065 seconds
[2024-05-02T10:31:27.614+0000] {processor.py:161} INFO - Started process (PID=1371) to work on /home/airflow/.local/lib/python3.12/site-packages/airflow/example_dags/example_latest_only.py
[2024-05-02T10:31:27.614+0000] {processor.py:830} INFO - Processing file /home/airflow/.local/lib/python3.12/site-packages/airflow/example_dags/example_latest_only.py for tasks to queue
[2024-05-02T10:31:27.615+0000] {logging_mixin.py:188} INFO - [2024-05-02T10:31:27.615+0000] {dagbag.py:540} INFO - Filling up the DagBag from /home/airflow/.local/lib/python3.12/site-packages/airflow/example_dags/example_latest_only.py
[2024-05-02T10:31:27.619+0000] {processor.py:840} INFO - DAG(s) 'latest_only' retrieved from /home/airflow/.local/lib/python3.12/site-packages/airflow/example_dags/example_latest_only.py
[2024-05-02T10:31:27.651+0000] {logging_mixin.py:188} INFO - [2024-05-02T10:31:27.651+0000] {dag.py:3096} INFO - Sync 1 DAGs
[2024-05-02T10:31:27.665+0000] {logging_mixin.py:188} INFO - [2024-05-02T10:31:27.665+0000] {dag.py:3954} INFO - Setting next_dagrun for latest_only to 2024-05-02 04:00:00+00:00, run_after=2024-05-02 08:00:00+00:00
[2024-05-02T10:31:27.676+0000] {processor.py:183} INFO - Processing /home/airflow/.local/lib/python3.12/site-packages/airflow/example_dags/example_latest_only.py took 0.066 seconds
[2024-05-02T10:31:58.237+0000] {processor.py:161} INFO - Started process (PID=1430) to work on /home/airflow/.local/lib/python3.12/site-packages/airflow/example_dags/example_latest_only.py
[2024-05-02T10:31:58.238+0000] {processor.py:830} INFO - Processing file /home/airflow/.local/lib/python3.12/site-packages/airflow/example_dags/example_latest_only.py for tasks to queue
[2024-05-02T10:31:58.240+0000] {logging_mixin.py:188} INFO - [2024-05-02T10:31:58.239+0000] {dagbag.py:540} INFO - Filling up the DagBag from /home/airflow/.local/lib/python3.12/site-packages/airflow/example_dags/example_latest_only.py
[2024-05-02T10:31:58.244+0000] {processor.py:840} INFO - DAG(s) 'latest_only' retrieved from /home/airflow/.local/lib/python3.12/site-packages/airflow/example_dags/example_latest_only.py
[2024-05-02T10:31:58.292+0000] {logging_mixin.py:188} INFO - [2024-05-02T10:31:58.292+0000] {dag.py:3096} INFO - Sync 1 DAGs
[2024-05-02T10:31:58.306+0000] {logging_mixin.py:188} INFO - [2024-05-02T10:31:58.306+0000] {dag.py:3954} INFO - Setting next_dagrun for latest_only to 2024-05-02 04:00:00+00:00, run_after=2024-05-02 08:00:00+00:00
[2024-05-02T10:31:58.317+0000] {processor.py:183} INFO - Processing /home/airflow/.local/lib/python3.12/site-packages/airflow/example_dags/example_latest_only.py took 0.091 seconds
[2024-05-02T10:32:29.350+0000] {processor.py:161} INFO - Started process (PID=1490) to work on /home/airflow/.local/lib/python3.12/site-packages/airflow/example_dags/example_latest_only.py
[2024-05-02T10:32:29.351+0000] {processor.py:830} INFO - Processing file /home/airflow/.local/lib/python3.12/site-packages/airflow/example_dags/example_latest_only.py for tasks to queue
[2024-05-02T10:32:29.353+0000] {logging_mixin.py:188} INFO - [2024-05-02T10:32:29.352+0000] {dagbag.py:540} INFO - Filling up the DagBag from /home/airflow/.local/lib/python3.12/site-packages/airflow/example_dags/example_latest_only.py
[2024-05-02T10:32:29.357+0000] {processor.py:840} INFO - DAG(s) 'latest_only' retrieved from /home/airflow/.local/lib/python3.12/site-packages/airflow/example_dags/example_latest_only.py
[2024-05-02T10:32:29.375+0000] {logging_mixin.py:188} INFO - [2024-05-02T10:32:29.375+0000] {dag.py:3096} INFO - Sync 1 DAGs
[2024-05-02T10:32:29.389+0000] {logging_mixin.py:188} INFO - [2024-05-02T10:32:29.389+0000] {dag.py:3954} INFO - Setting next_dagrun for latest_only to 2024-05-02 04:00:00+00:00, run_after=2024-05-02 08:00:00+00:00
[2024-05-02T10:32:29.417+0000] {processor.py:183} INFO - Processing /home/airflow/.local/lib/python3.12/site-packages/airflow/example_dags/example_latest_only.py took 0.073 seconds
[2024-05-02T10:32:59.668+0000] {processor.py:161} INFO - Started process (PID=1549) to work on /home/airflow/.local/lib/python3.12/site-packages/airflow/example_dags/example_latest_only.py
[2024-05-02T10:32:59.668+0000] {processor.py:830} INFO - Processing file /home/airflow/.local/lib/python3.12/site-packages/airflow/example_dags/example_latest_only.py for tasks to queue
[2024-05-02T10:32:59.669+0000] {logging_mixin.py:188} INFO - [2024-05-02T10:32:59.669+0000] {dagbag.py:540} INFO - Filling up the DagBag from /home/airflow/.local/lib/python3.12/site-packages/airflow/example_dags/example_latest_only.py
[2024-05-02T10:32:59.672+0000] {processor.py:840} INFO - DAG(s) 'latest_only' retrieved from /home/airflow/.local/lib/python3.12/site-packages/airflow/example_dags/example_latest_only.py
[2024-05-02T10:32:59.684+0000] {logging_mixin.py:188} INFO - [2024-05-02T10:32:59.683+0000] {dag.py:3096} INFO - Sync 1 DAGs
[2024-05-02T10:32:59.697+0000] {logging_mixin.py:188} INFO - [2024-05-02T10:32:59.696+0000] {dag.py:3954} INFO - Setting next_dagrun for latest_only to 2024-05-02 04:00:00+00:00, run_after=2024-05-02 08:00:00+00:00
[2024-05-02T10:32:59.708+0000] {processor.py:183} INFO - Processing /home/airflow/.local/lib/python3.12/site-packages/airflow/example_dags/example_latest_only.py took 0.043 seconds
[2024-05-02T10:33:30.484+0000] {processor.py:161} INFO - Started process (PID=1608) to work on /home/airflow/.local/lib/python3.12/site-packages/airflow/example_dags/example_latest_only.py
[2024-05-02T10:33:30.484+0000] {processor.py:830} INFO - Processing file /home/airflow/.local/lib/python3.12/site-packages/airflow/example_dags/example_latest_only.py for tasks to queue
[2024-05-02T10:33:30.485+0000] {logging_mixin.py:188} INFO - [2024-05-02T10:33:30.485+0000] {dagbag.py:540} INFO - Filling up the DagBag from /home/airflow/.local/lib/python3.12/site-packages/airflow/example_dags/example_latest_only.py
[2024-05-02T10:33:30.488+0000] {processor.py:840} INFO - DAG(s) 'latest_only' retrieved from /home/airflow/.local/lib/python3.12/site-packages/airflow/example_dags/example_latest_only.py
[2024-05-02T10:33:30.501+0000] {logging_mixin.py:188} INFO - [2024-05-02T10:33:30.500+0000] {dag.py:3096} INFO - Sync 1 DAGs
[2024-05-02T10:33:30.515+0000] {logging_mixin.py:188} INFO - [2024-05-02T10:33:30.515+0000] {dag.py:3954} INFO - Setting next_dagrun for latest_only to 2024-05-02 04:00:00+00:00, run_after=2024-05-02 08:00:00+00:00
[2024-05-02T10:33:30.529+0000] {processor.py:183} INFO - Processing /home/airflow/.local/lib/python3.12/site-packages/airflow/example_dags/example_latest_only.py took 0.049 seconds
[2024-05-02T10:34:00.967+0000] {processor.py:161} INFO - Started process (PID=1667) to work on /home/airflow/.local/lib/python3.12/site-packages/airflow/example_dags/example_latest_only.py
[2024-05-02T10:34:00.967+0000] {processor.py:830} INFO - Processing file /home/airflow/.local/lib/python3.12/site-packages/airflow/example_dags/example_latest_only.py for tasks to queue
[2024-05-02T10:34:00.994+0000] {logging_mixin.py:188} INFO - [2024-05-02T10:34:00.994+0000] {dagbag.py:540} INFO - Filling up the DagBag from /home/airflow/.local/lib/python3.12/site-packages/airflow/example_dags/example_latest_only.py
[2024-05-02T10:34:00.997+0000] {processor.py:840} INFO - DAG(s) 'latest_only' retrieved from /home/airflow/.local/lib/python3.12/site-packages/airflow/example_dags/example_latest_only.py
[2024-05-02T10:34:01.009+0000] {logging_mixin.py:188} INFO - [2024-05-02T10:34:01.009+0000] {dag.py:3096} INFO - Sync 1 DAGs
[2024-05-02T10:34:01.023+0000] {logging_mixin.py:188} INFO - [2024-05-02T10:34:01.023+0000] {dag.py:3954} INFO - Setting next_dagrun for latest_only to 2024-05-02 04:00:00+00:00, run_after=2024-05-02 08:00:00+00:00
[2024-05-02T10:34:01.053+0000] {processor.py:183} INFO - Processing /home/airflow/.local/lib/python3.12/site-packages/airflow/example_dags/example_latest_only.py took 0.093 seconds
[2024-05-02T10:34:31.287+0000] {processor.py:161} INFO - Started process (PID=1726) to work on /home/airflow/.local/lib/python3.12/site-packages/airflow/example_dags/example_latest_only.py
[2024-05-02T10:34:31.288+0000] {processor.py:830} INFO - Processing file /home/airflow/.local/lib/python3.12/site-packages/airflow/example_dags/example_latest_only.py for tasks to queue
[2024-05-02T10:34:31.289+0000] {logging_mixin.py:188} INFO - [2024-05-02T10:34:31.289+0000] {dagbag.py:540} INFO - Filling up the DagBag from /home/airflow/.local/lib/python3.12/site-packages/airflow/example_dags/example_latest_only.py
[2024-05-02T10:34:31.292+0000] {processor.py:840} INFO - DAG(s) 'latest_only' retrieved from /home/airflow/.local/lib/python3.12/site-packages/airflow/example_dags/example_latest_only.py
[2024-05-02T10:34:31.304+0000] {logging_mixin.py:188} INFO - [2024-05-02T10:34:31.304+0000] {dag.py:3096} INFO - Sync 1 DAGs
[2024-05-02T10:34:31.331+0000] {logging_mixin.py:188} INFO - [2024-05-02T10:34:31.331+0000] {dag.py:3954} INFO - Setting next_dagrun for latest_only to 2024-05-02 04:00:00+00:00, run_after=2024-05-02 08:00:00+00:00
[2024-05-02T10:34:31.343+0000] {processor.py:183} INFO - Processing /home/airflow/.local/lib/python3.12/site-packages/airflow/example_dags/example_latest_only.py took 0.059 seconds
[2024-05-02T10:35:02.586+0000] {processor.py:161} INFO - Started process (PID=1785) to work on /home/airflow/.local/lib/python3.12/site-packages/airflow/example_dags/example_latest_only.py
[2024-05-02T10:35:02.586+0000] {processor.py:830} INFO - Processing file /home/airflow/.local/lib/python3.12/site-packages/airflow/example_dags/example_latest_only.py for tasks to queue
[2024-05-02T10:35:02.608+0000] {logging_mixin.py:188} INFO - [2024-05-02T10:35:02.607+0000] {dagbag.py:540} INFO - Filling up the DagBag from /home/airflow/.local/lib/python3.12/site-packages/airflow/example_dags/example_latest_only.py
[2024-05-02T10:35:02.611+0000] {processor.py:840} INFO - DAG(s) 'latest_only' retrieved from /home/airflow/.local/lib/python3.12/site-packages/airflow/example_dags/example_latest_only.py
[2024-05-02T10:35:02.622+0000] {logging_mixin.py:188} INFO - [2024-05-02T10:35:02.622+0000] {dag.py:3096} INFO - Sync 1 DAGs
[2024-05-02T10:35:02.637+0000] {logging_mixin.py:188} INFO - [2024-05-02T10:35:02.637+0000] {dag.py:3954} INFO - Setting next_dagrun for latest_only to 2024-05-02 04:00:00+00:00, run_after=2024-05-02 08:00:00+00:00
[2024-05-02T10:35:02.662+0000] {processor.py:183} INFO - Processing /home/airflow/.local/lib/python3.12/site-packages/airflow/example_dags/example_latest_only.py took 0.081 seconds
[2024-05-02T10:35:32.943+0000] {processor.py:161} INFO - Started process (PID=1844) to work on /home/airflow/.local/lib/python3.12/site-packages/airflow/example_dags/example_latest_only.py
[2024-05-02T10:35:32.943+0000] {processor.py:830} INFO - Processing file /home/airflow/.local/lib/python3.12/site-packages/airflow/example_dags/example_latest_only.py for tasks to queue
[2024-05-02T10:35:32.967+0000] {logging_mixin.py:188} INFO - [2024-05-02T10:35:32.967+0000] {dagbag.py:540} INFO - Filling up the DagBag from /home/airflow/.local/lib/python3.12/site-packages/airflow/example_dags/example_latest_only.py
[2024-05-02T10:35:32.970+0000] {processor.py:840} INFO - DAG(s) 'latest_only' retrieved from /home/airflow/.local/lib/python3.12/site-packages/airflow/example_dags/example_latest_only.py
[2024-05-02T10:35:32.983+0000] {logging_mixin.py:188} INFO - [2024-05-02T10:35:32.982+0000] {dag.py:3096} INFO - Sync 1 DAGs
[2024-05-02T10:35:32.998+0000] {logging_mixin.py:188} INFO - [2024-05-02T10:35:32.998+0000] {dag.py:3954} INFO - Setting next_dagrun for latest_only to 2024-05-02 04:00:00+00:00, run_after=2024-05-02 08:00:00+00:00
[2024-05-02T10:35:33.059+0000] {processor.py:183} INFO - Processing /home/airflow/.local/lib/python3.12/site-packages/airflow/example_dags/example_latest_only.py took 0.121 seconds
[2024-05-02T10:36:03.430+0000] {processor.py:161} INFO - Started process (PID=1903) to work on /home/airflow/.local/lib/python3.12/site-packages/airflow/example_dags/example_latest_only.py
[2024-05-02T10:36:03.430+0000] {processor.py:830} INFO - Processing file /home/airflow/.local/lib/python3.12/site-packages/airflow/example_dags/example_latest_only.py for tasks to queue
[2024-05-02T10:36:03.471+0000] {logging_mixin.py:188} INFO - [2024-05-02T10:36:03.471+0000] {dagbag.py:540} INFO - Filling up the DagBag from /home/airflow/.local/lib/python3.12/site-packages/airflow/example_dags/example_latest_only.py
[2024-05-02T10:36:03.475+0000] {processor.py:840} INFO - DAG(s) 'latest_only' retrieved from /home/airflow/.local/lib/python3.12/site-packages/airflow/example_dags/example_latest_only.py
[2024-05-02T10:36:03.487+0000] {logging_mixin.py:188} INFO - [2024-05-02T10:36:03.487+0000] {dag.py:3096} INFO - Sync 1 DAGs
[2024-05-02T10:36:03.500+0000] {logging_mixin.py:188} INFO - [2024-05-02T10:36:03.500+0000] {dag.py:3954} INFO - Setting next_dagrun for latest_only to 2024-05-02 04:00:00+00:00, run_after=2024-05-02 08:00:00+00:00
[2024-05-02T10:36:03.512+0000] {processor.py:183} INFO - Processing /home/airflow/.local/lib/python3.12/site-packages/airflow/example_dags/example_latest_only.py took 0.085 seconds
[2024-05-02T10:36:33.715+0000] {processor.py:161} INFO - Started process (PID=1962) to work on /home/airflow/.local/lib/python3.12/site-packages/airflow/example_dags/example_latest_only.py
[2024-05-02T10:36:33.715+0000] {processor.py:830} INFO - Processing file /home/airflow/.local/lib/python3.12/site-packages/airflow/example_dags/example_latest_only.py for tasks to queue
[2024-05-02T10:36:33.747+0000] {logging_mixin.py:188} INFO - [2024-05-02T10:36:33.747+0000] {dagbag.py:540} INFO - Filling up the DagBag from /home/airflow/.local/lib/python3.12/site-packages/airflow/example_dags/example_latest_only.py
[2024-05-02T10:36:33.751+0000] {processor.py:840} INFO - DAG(s) 'latest_only' retrieved from /home/airflow/.local/lib/python3.12/site-packages/airflow/example_dags/example_latest_only.py
[2024-05-02T10:36:33.763+0000] {logging_mixin.py:188} INFO - [2024-05-02T10:36:33.763+0000] {dag.py:3096} INFO - Sync 1 DAGs
[2024-05-02T10:36:33.776+0000] {logging_mixin.py:188} INFO - [2024-05-02T10:36:33.776+0000] {dag.py:3954} INFO - Setting next_dagrun for latest_only to 2024-05-02 04:00:00+00:00, run_after=2024-05-02 08:00:00+00:00
[2024-05-02T10:36:33.817+0000] {processor.py:183} INFO - Processing /home/airflow/.local/lib/python3.12/site-packages/airflow/example_dags/example_latest_only.py took 0.106 seconds
[2024-05-02T10:37:04.323+0000] {processor.py:161} INFO - Started process (PID=2021) to work on /home/airflow/.local/lib/python3.12/site-packages/airflow/example_dags/example_latest_only.py
[2024-05-02T10:37:04.323+0000] {processor.py:830} INFO - Processing file /home/airflow/.local/lib/python3.12/site-packages/airflow/example_dags/example_latest_only.py for tasks to queue
[2024-05-02T10:37:04.352+0000] {logging_mixin.py:188} INFO - [2024-05-02T10:37:04.352+0000] {dagbag.py:540} INFO - Filling up the DagBag from /home/airflow/.local/lib/python3.12/site-packages/airflow/example_dags/example_latest_only.py
[2024-05-02T10:37:04.355+0000] {processor.py:840} INFO - DAG(s) 'latest_only' retrieved from /home/airflow/.local/lib/python3.12/site-packages/airflow/example_dags/example_latest_only.py
[2024-05-02T10:37:04.367+0000] {logging_mixin.py:188} INFO - [2024-05-02T10:37:04.367+0000] {dag.py:3096} INFO - Sync 1 DAGs
[2024-05-02T10:37:04.381+0000] {logging_mixin.py:188} INFO - [2024-05-02T10:37:04.381+0000] {dag.py:3954} INFO - Setting next_dagrun for latest_only to 2024-05-02 04:00:00+00:00, run_after=2024-05-02 08:00:00+00:00
[2024-05-02T10:37:04.420+0000] {processor.py:183} INFO - Processing /home/airflow/.local/lib/python3.12/site-packages/airflow/example_dags/example_latest_only.py took 0.102 seconds
[2024-05-02T10:37:34.790+0000] {processor.py:161} INFO - Started process (PID=2080) to work on /home/airflow/.local/lib/python3.12/site-packages/airflow/example_dags/example_latest_only.py
[2024-05-02T10:37:34.790+0000] {processor.py:830} INFO - Processing file /home/airflow/.local/lib/python3.12/site-packages/airflow/example_dags/example_latest_only.py for tasks to queue
[2024-05-02T10:37:34.791+0000] {logging_mixin.py:188} INFO - [2024-05-02T10:37:34.791+0000] {dagbag.py:540} INFO - Filling up the DagBag from /home/airflow/.local/lib/python3.12/site-packages/airflow/example_dags/example_latest_only.py
[2024-05-02T10:37:34.794+0000] {processor.py:840} INFO - DAG(s) 'latest_only' retrieved from /home/airflow/.local/lib/python3.12/site-packages/airflow/example_dags/example_latest_only.py
[2024-05-02T10:37:34.807+0000] {logging_mixin.py:188} INFO - [2024-05-02T10:37:34.806+0000] {dag.py:3096} INFO - Sync 1 DAGs
[2024-05-02T10:37:34.842+0000] {logging_mixin.py:188} INFO - [2024-05-02T10:37:34.842+0000] {dag.py:3954} INFO - Setting next_dagrun for latest_only to 2024-05-02 04:00:00+00:00, run_after=2024-05-02 08:00:00+00:00
[2024-05-02T10:37:34.853+0000] {processor.py:183} INFO - Processing /home/airflow/.local/lib/python3.12/site-packages/airflow/example_dags/example_latest_only.py took 0.068 seconds
[2024-05-02T10:38:05.696+0000] {processor.py:161} INFO - Started process (PID=2139) to work on /home/airflow/.local/lib/python3.12/site-packages/airflow/example_dags/example_latest_only.py
[2024-05-02T10:38:05.696+0000] {processor.py:830} INFO - Processing file /home/airflow/.local/lib/python3.12/site-packages/airflow/example_dags/example_latest_only.py for tasks to queue
[2024-05-02T10:38:05.697+0000] {logging_mixin.py:188} INFO - [2024-05-02T10:38:05.697+0000] {dagbag.py:540} INFO - Filling up the DagBag from /home/airflow/.local/lib/python3.12/site-packages/airflow/example_dags/example_latest_only.py
[2024-05-02T10:38:05.701+0000] {processor.py:840} INFO - DAG(s) 'latest_only' retrieved from /home/airflow/.local/lib/python3.12/site-packages/airflow/example_dags/example_latest_only.py
[2024-05-02T10:38:05.713+0000] {logging_mixin.py:188} INFO - [2024-05-02T10:38:05.712+0000] {dag.py:3096} INFO - Sync 1 DAGs
[2024-05-02T10:38:05.751+0000] {logging_mixin.py:188} INFO - [2024-05-02T10:38:05.751+0000] {dag.py:3954} INFO - Setting next_dagrun for latest_only to 2024-05-02 04:00:00+00:00, run_after=2024-05-02 08:00:00+00:00
[2024-05-02T10:38:05.764+0000] {processor.py:183} INFO - Processing /home/airflow/.local/lib/python3.12/site-packages/airflow/example_dags/example_latest_only.py took 0.072 seconds
[2024-05-02T10:38:36.635+0000] {processor.py:161} INFO - Started process (PID=2198) to work on /home/airflow/.local/lib/python3.12/site-packages/airflow/example_dags/example_latest_only.py
[2024-05-02T10:38:36.635+0000] {processor.py:830} INFO - Processing file /home/airflow/.local/lib/python3.12/site-packages/airflow/example_dags/example_latest_only.py for tasks to queue
[2024-05-02T10:38:36.636+0000] {logging_mixin.py:188} INFO - [2024-05-02T10:38:36.636+0000] {dagbag.py:540} INFO - Filling up the DagBag from /home/airflow/.local/lib/python3.12/site-packages/airflow/example_dags/example_latest_only.py
[2024-05-02T10:38:36.639+0000] {processor.py:840} INFO - DAG(s) 'latest_only' retrieved from /home/airflow/.local/lib/python3.12/site-packages/airflow/example_dags/example_latest_only.py
[2024-05-02T10:38:36.651+0000] {logging_mixin.py:188} INFO - [2024-05-02T10:38:36.651+0000] {dag.py:3096} INFO - Sync 1 DAGs
[2024-05-02T10:38:36.664+0000] {logging_mixin.py:188} INFO - [2024-05-02T10:38:36.664+0000] {dag.py:3954} INFO - Setting next_dagrun for latest_only to 2024-05-02 04:00:00+00:00, run_after=2024-05-02 08:00:00+00:00
[2024-05-02T10:38:36.676+0000] {processor.py:183} INFO - Processing /home/airflow/.local/lib/python3.12/site-packages/airflow/example_dags/example_latest_only.py took 0.045 seconds
[2024-05-02T10:39:06.825+0000] {processor.py:161} INFO - Started process (PID=2256) to work on /home/airflow/.local/lib/python3.12/site-packages/airflow/example_dags/example_latest_only.py
[2024-05-02T10:39:06.825+0000] {processor.py:830} INFO - Processing file /home/airflow/.local/lib/python3.12/site-packages/airflow/example_dags/example_latest_only.py for tasks to queue
[2024-05-02T10:39:06.850+0000] {logging_mixin.py:188} INFO - [2024-05-02T10:39:06.850+0000] {dagbag.py:540} INFO - Filling up the DagBag from /home/airflow/.local/lib/python3.12/site-packages/airflow/example_dags/example_latest_only.py
[2024-05-02T10:39:06.881+0000] {processor.py:840} INFO - DAG(s) 'latest_only' retrieved from /home/airflow/.local/lib/python3.12/site-packages/airflow/example_dags/example_latest_only.py
[2024-05-02T10:39:06.908+0000] {logging_mixin.py:188} INFO - [2024-05-02T10:39:06.908+0000] {dag.py:3096} INFO - Sync 1 DAGs
[2024-05-02T10:39:06.937+0000] {logging_mixin.py:188} INFO - [2024-05-02T10:39:06.936+0000] {dag.py:3954} INFO - Setting next_dagrun for latest_only to 2024-05-02 04:00:00+00:00, run_after=2024-05-02 08:00:00+00:00
[2024-05-02T10:39:06.958+0000] {processor.py:183} INFO - Processing /home/airflow/.local/lib/python3.12/site-packages/airflow/example_dags/example_latest_only.py took 0.137 seconds
[2024-05-02T10:39:37.918+0000] {processor.py:161} INFO - Started process (PID=2315) to work on /home/airflow/.local/lib/python3.12/site-packages/airflow/example_dags/example_latest_only.py
[2024-05-02T10:39:37.918+0000] {processor.py:830} INFO - Processing file /home/airflow/.local/lib/python3.12/site-packages/airflow/example_dags/example_latest_only.py for tasks to queue
[2024-05-02T10:39:37.936+0000] {logging_mixin.py:188} INFO - [2024-05-02T10:39:37.936+0000] {dagbag.py:540} INFO - Filling up the DagBag from /home/airflow/.local/lib/python3.12/site-packages/airflow/example_dags/example_latest_only.py
[2024-05-02T10:39:37.954+0000] {processor.py:840} INFO - DAG(s) 'latest_only' retrieved from /home/airflow/.local/lib/python3.12/site-packages/airflow/example_dags/example_latest_only.py
[2024-05-02T10:39:37.980+0000] {logging_mixin.py:188} INFO - [2024-05-02T10:39:37.980+0000] {dag.py:3096} INFO - Sync 1 DAGs
[2024-05-02T10:39:37.998+0000] {logging_mixin.py:188} INFO - [2024-05-02T10:39:37.998+0000] {dag.py:3954} INFO - Setting next_dagrun for latest_only to 2024-05-02 04:00:00+00:00, run_after=2024-05-02 08:00:00+00:00
[2024-05-02T10:39:38.013+0000] {processor.py:183} INFO - Processing /home/airflow/.local/lib/python3.12/site-packages/airflow/example_dags/example_latest_only.py took 0.101 seconds
[2024-05-02T10:40:08.603+0000] {processor.py:161} INFO - Started process (PID=2375) to work on /home/airflow/.local/lib/python3.12/site-packages/airflow/example_dags/example_latest_only.py
[2024-05-02T10:40:08.603+0000] {processor.py:830} INFO - Processing file /home/airflow/.local/lib/python3.12/site-packages/airflow/example_dags/example_latest_only.py for tasks to queue
[2024-05-02T10:40:08.604+0000] {logging_mixin.py:188} INFO - [2024-05-02T10:40:08.604+0000] {dagbag.py:540} INFO - Filling up the DagBag from /home/airflow/.local/lib/python3.12/site-packages/airflow/example_dags/example_latest_only.py
[2024-05-02T10:40:08.607+0000] {processor.py:840} INFO - DAG(s) 'latest_only' retrieved from /home/airflow/.local/lib/python3.12/site-packages/airflow/example_dags/example_latest_only.py
[2024-05-02T10:40:08.619+0000] {logging_mixin.py:188} INFO - [2024-05-02T10:40:08.619+0000] {dag.py:3096} INFO - Sync 1 DAGs
[2024-05-02T10:40:08.633+0000] {logging_mixin.py:188} INFO - [2024-05-02T10:40:08.633+0000] {dag.py:3954} INFO - Setting next_dagrun for latest_only to 2024-05-02 04:00:00+00:00, run_after=2024-05-02 08:00:00+00:00
[2024-05-02T10:40:08.669+0000] {processor.py:183} INFO - Processing /home/airflow/.local/lib/python3.12/site-packages/airflow/example_dags/example_latest_only.py took 0.069 seconds
[2024-05-02T10:40:38.796+0000] {processor.py:161} INFO - Started process (PID=2434) to work on /home/airflow/.local/lib/python3.12/site-packages/airflow/example_dags/example_latest_only.py
[2024-05-02T10:40:38.797+0000] {processor.py:830} INFO - Processing file /home/airflow/.local/lib/python3.12/site-packages/airflow/example_dags/example_latest_only.py for tasks to queue
[2024-05-02T10:40:38.798+0000] {logging_mixin.py:188} INFO - [2024-05-02T10:40:38.798+0000] {dagbag.py:540} INFO - Filling up the DagBag from /home/airflow/.local/lib/python3.12/site-packages/airflow/example_dags/example_latest_only.py
[2024-05-02T10:40:38.801+0000] {processor.py:840} INFO - DAG(s) 'latest_only' retrieved from /home/airflow/.local/lib/python3.12/site-packages/airflow/example_dags/example_latest_only.py
[2024-05-02T10:40:38.815+0000] {logging_mixin.py:188} INFO - [2024-05-02T10:40:38.814+0000] {dag.py:3096} INFO - Sync 1 DAGs
[2024-05-02T10:40:38.856+0000] {logging_mixin.py:188} INFO - [2024-05-02T10:40:38.856+0000] {dag.py:3954} INFO - Setting next_dagrun for latest_only to 2024-05-02 04:00:00+00:00, run_after=2024-05-02 08:00:00+00:00
[2024-05-02T10:40:38.871+0000] {processor.py:183} INFO - Processing /home/airflow/.local/lib/python3.12/site-packages/airflow/example_dags/example_latest_only.py took 0.079 seconds
[2024-05-02T10:42:31.211+0000] {processor.py:161} INFO - Started process (PID=101) to work on /home/airflow/.local/lib/python3.12/site-packages/airflow/example_dags/example_latest_only.py
[2024-05-02T10:42:31.213+0000] {processor.py:830} INFO - Processing file /home/airflow/.local/lib/python3.12/site-packages/airflow/example_dags/example_latest_only.py for tasks to queue
[2024-05-02T10:42:31.231+0000] {logging_mixin.py:188} INFO - [2024-05-02T10:42:31.231+0000] {dagbag.py:540} INFO - Filling up the DagBag from /home/airflow/.local/lib/python3.12/site-packages/airflow/example_dags/example_latest_only.py
[2024-05-02T10:42:31.260+0000] {processor.py:840} INFO - DAG(s) 'latest_only' retrieved from /home/airflow/.local/lib/python3.12/site-packages/airflow/example_dags/example_latest_only.py
[2024-05-02T10:42:31.371+0000] {logging_mixin.py:188} INFO - [2024-05-02T10:42:31.371+0000] {dag.py:3096} INFO - Sync 1 DAGs
[2024-05-02T10:42:31.393+0000] {logging_mixin.py:188} INFO - [2024-05-02T10:42:31.393+0000] {dag.py:3954} INFO - Setting next_dagrun for latest_only to 2024-05-02 04:00:00+00:00, run_after=2024-05-02 08:00:00+00:00
[2024-05-02T10:42:31.448+0000] {processor.py:183} INFO - Processing /home/airflow/.local/lib/python3.12/site-packages/airflow/example_dags/example_latest_only.py took 0.243 seconds
[2024-05-02T10:43:02.345+0000] {processor.py:161} INFO - Started process (PID=161) to work on /home/airflow/.local/lib/python3.12/site-packages/airflow/example_dags/example_latest_only.py
[2024-05-02T10:43:02.345+0000] {processor.py:830} INFO - Processing file /home/airflow/.local/lib/python3.12/site-packages/airflow/example_dags/example_latest_only.py for tasks to queue
[2024-05-02T10:43:02.346+0000] {logging_mixin.py:188} INFO - [2024-05-02T10:43:02.346+0000] {dagbag.py:540} INFO - Filling up the DagBag from /home/airflow/.local/lib/python3.12/site-packages/airflow/example_dags/example_latest_only.py
[2024-05-02T10:43:02.350+0000] {processor.py:840} INFO - DAG(s) 'latest_only' retrieved from /home/airflow/.local/lib/python3.12/site-packages/airflow/example_dags/example_latest_only.py
[2024-05-02T10:43:02.362+0000] {logging_mixin.py:188} INFO - [2024-05-02T10:43:02.362+0000] {dag.py:3096} INFO - Sync 1 DAGs
[2024-05-02T10:43:02.378+0000] {logging_mixin.py:188} INFO - [2024-05-02T10:43:02.378+0000] {dag.py:3954} INFO - Setting next_dagrun for latest_only to 2024-05-02 04:00:00+00:00, run_after=2024-05-02 08:00:00+00:00
[2024-05-02T10:43:02.408+0000] {processor.py:183} INFO - Processing /home/airflow/.local/lib/python3.12/site-packages/airflow/example_dags/example_latest_only.py took 0.067 seconds
[2024-05-02T10:43:32.939+0000] {processor.py:161} INFO - Started process (PID=221) to work on /home/airflow/.local/lib/python3.12/site-packages/airflow/example_dags/example_latest_only.py
[2024-05-02T10:43:32.940+0000] {processor.py:830} INFO - Processing file /home/airflow/.local/lib/python3.12/site-packages/airflow/example_dags/example_latest_only.py for tasks to queue
[2024-05-02T10:43:32.941+0000] {logging_mixin.py:188} INFO - [2024-05-02T10:43:32.941+0000] {dagbag.py:540} INFO - Filling up the DagBag from /home/airflow/.local/lib/python3.12/site-packages/airflow/example_dags/example_latest_only.py
[2024-05-02T10:43:32.944+0000] {processor.py:840} INFO - DAG(s) 'latest_only' retrieved from /home/airflow/.local/lib/python3.12/site-packages/airflow/example_dags/example_latest_only.py
[2024-05-02T10:43:32.957+0000] {logging_mixin.py:188} INFO - [2024-05-02T10:43:32.957+0000] {dag.py:3096} INFO - Sync 1 DAGs
[2024-05-02T10:43:32.983+0000] {logging_mixin.py:188} INFO - [2024-05-02T10:43:32.983+0000] {dag.py:3954} INFO - Setting next_dagrun for latest_only to 2024-05-02 04:00:00+00:00, run_after=2024-05-02 08:00:00+00:00
[2024-05-02T10:43:32.998+0000] {processor.py:183} INFO - Processing /home/airflow/.local/lib/python3.12/site-packages/airflow/example_dags/example_latest_only.py took 0.064 seconds
[2024-05-02T10:44:03.860+0000] {processor.py:161} INFO - Started process (PID=281) to work on /home/airflow/.local/lib/python3.12/site-packages/airflow/example_dags/example_latest_only.py
[2024-05-02T10:44:03.860+0000] {processor.py:830} INFO - Processing file /home/airflow/.local/lib/python3.12/site-packages/airflow/example_dags/example_latest_only.py for tasks to queue
[2024-05-02T10:44:03.861+0000] {logging_mixin.py:188} INFO - [2024-05-02T10:44:03.861+0000] {dagbag.py:540} INFO - Filling up the DagBag from /home/airflow/.local/lib/python3.12/site-packages/airflow/example_dags/example_latest_only.py
[2024-05-02T10:44:03.864+0000] {processor.py:840} INFO - DAG(s) 'latest_only' retrieved from /home/airflow/.local/lib/python3.12/site-packages/airflow/example_dags/example_latest_only.py
[2024-05-02T10:44:03.876+0000] {logging_mixin.py:188} INFO - [2024-05-02T10:44:03.876+0000] {dag.py:3096} INFO - Sync 1 DAGs
[2024-05-02T10:44:03.889+0000] {logging_mixin.py:188} INFO - [2024-05-02T10:44:03.889+0000] {dag.py:3954} INFO - Setting next_dagrun for latest_only to 2024-05-02 04:00:00+00:00, run_after=2024-05-02 08:00:00+00:00
[2024-05-02T10:44:03.924+0000] {processor.py:183} INFO - Processing /home/airflow/.local/lib/python3.12/site-packages/airflow/example_dags/example_latest_only.py took 0.070 seconds
[2024-05-02T10:44:34.454+0000] {processor.py:161} INFO - Started process (PID=341) to work on /home/airflow/.local/lib/python3.12/site-packages/airflow/example_dags/example_latest_only.py
[2024-05-02T10:44:34.454+0000] {processor.py:830} INFO - Processing file /home/airflow/.local/lib/python3.12/site-packages/airflow/example_dags/example_latest_only.py for tasks to queue
[2024-05-02T10:44:34.456+0000] {logging_mixin.py:188} INFO - [2024-05-02T10:44:34.455+0000] {dagbag.py:540} INFO - Filling up the DagBag from /home/airflow/.local/lib/python3.12/site-packages/airflow/example_dags/example_latest_only.py
[2024-05-02T10:44:34.459+0000] {processor.py:840} INFO - DAG(s) 'latest_only' retrieved from /home/airflow/.local/lib/python3.12/site-packages/airflow/example_dags/example_latest_only.py
[2024-05-02T10:44:34.474+0000] {logging_mixin.py:188} INFO - [2024-05-02T10:44:34.473+0000] {dag.py:3096} INFO - Sync 1 DAGs
[2024-05-02T10:44:34.511+0000] {logging_mixin.py:188} INFO - [2024-05-02T10:44:34.511+0000] {dag.py:3954} INFO - Setting next_dagrun for latest_only to 2024-05-02 04:00:00+00:00, run_after=2024-05-02 08:00:00+00:00
[2024-05-02T10:44:34.526+0000] {processor.py:183} INFO - Processing /home/airflow/.local/lib/python3.12/site-packages/airflow/example_dags/example_latest_only.py took 0.076 seconds
[2024-05-02T10:45:05.090+0000] {processor.py:161} INFO - Started process (PID=401) to work on /home/airflow/.local/lib/python3.12/site-packages/airflow/example_dags/example_latest_only.py
[2024-05-02T10:45:05.091+0000] {processor.py:830} INFO - Processing file /home/airflow/.local/lib/python3.12/site-packages/airflow/example_dags/example_latest_only.py for tasks to queue
[2024-05-02T10:45:05.091+0000] {logging_mixin.py:188} INFO - [2024-05-02T10:45:05.091+0000] {dagbag.py:540} INFO - Filling up the DagBag from /home/airflow/.local/lib/python3.12/site-packages/airflow/example_dags/example_latest_only.py
[2024-05-02T10:45:05.094+0000] {processor.py:840} INFO - DAG(s) 'latest_only' retrieved from /home/airflow/.local/lib/python3.12/site-packages/airflow/example_dags/example_latest_only.py
[2024-05-02T10:45:05.108+0000] {logging_mixin.py:188} INFO - [2024-05-02T10:45:05.108+0000] {dag.py:3096} INFO - Sync 1 DAGs
[2024-05-02T10:45:05.122+0000] {logging_mixin.py:188} INFO - [2024-05-02T10:45:05.122+0000] {dag.py:3954} INFO - Setting next_dagrun for latest_only to 2024-05-02 04:00:00+00:00, run_after=2024-05-02 08:00:00+00:00
[2024-05-02T10:45:05.134+0000] {processor.py:183} INFO - Processing /home/airflow/.local/lib/python3.12/site-packages/airflow/example_dags/example_latest_only.py took 0.047 seconds
[2024-05-02T10:45:35.838+0000] {processor.py:161} INFO - Started process (PID=461) to work on /home/airflow/.local/lib/python3.12/site-packages/airflow/example_dags/example_latest_only.py
[2024-05-02T10:45:35.839+0000] {processor.py:830} INFO - Processing file /home/airflow/.local/lib/python3.12/site-packages/airflow/example_dags/example_latest_only.py for tasks to queue
[2024-05-02T10:45:35.840+0000] {logging_mixin.py:188} INFO - [2024-05-02T10:45:35.840+0000] {dagbag.py:540} INFO - Filling up the DagBag from /home/airflow/.local/lib/python3.12/site-packages/airflow/example_dags/example_latest_only.py
[2024-05-02T10:45:35.844+0000] {processor.py:840} INFO - DAG(s) 'latest_only' retrieved from /home/airflow/.local/lib/python3.12/site-packages/airflow/example_dags/example_latest_only.py
[2024-05-02T10:45:35.859+0000] {logging_mixin.py:188} INFO - [2024-05-02T10:45:35.858+0000] {dag.py:3096} INFO - Sync 1 DAGs
[2024-05-02T10:45:35.884+0000] {logging_mixin.py:188} INFO - [2024-05-02T10:45:35.884+0000] {dag.py:3954} INFO - Setting next_dagrun for latest_only to 2024-05-02 04:00:00+00:00, run_after=2024-05-02 08:00:00+00:00
[2024-05-02T10:45:35.899+0000] {processor.py:183} INFO - Processing /home/airflow/.local/lib/python3.12/site-packages/airflow/example_dags/example_latest_only.py took 0.064 seconds
[2024-05-02T10:46:06.598+0000] {processor.py:161} INFO - Started process (PID=521) to work on /home/airflow/.local/lib/python3.12/site-packages/airflow/example_dags/example_latest_only.py
[2024-05-02T10:46:06.598+0000] {processor.py:830} INFO - Processing file /home/airflow/.local/lib/python3.12/site-packages/airflow/example_dags/example_latest_only.py for tasks to queue
[2024-05-02T10:46:06.599+0000] {logging_mixin.py:188} INFO - [2024-05-02T10:46:06.599+0000] {dagbag.py:540} INFO - Filling up the DagBag from /home/airflow/.local/lib/python3.12/site-packages/airflow/example_dags/example_latest_only.py
[2024-05-02T10:46:06.602+0000] {processor.py:840} INFO - DAG(s) 'latest_only' retrieved from /home/airflow/.local/lib/python3.12/site-packages/airflow/example_dags/example_latest_only.py
[2024-05-02T10:46:06.613+0000] {logging_mixin.py:188} INFO - [2024-05-02T10:46:06.613+0000] {dag.py:3096} INFO - Sync 1 DAGs
[2024-05-02T10:46:06.627+0000] {logging_mixin.py:188} INFO - [2024-05-02T10:46:06.627+0000] {dag.py:3954} INFO - Setting next_dagrun for latest_only to 2024-05-02 04:00:00+00:00, run_after=2024-05-02 08:00:00+00:00
[2024-05-02T10:46:06.909+0000] {processor.py:183} INFO - Processing /home/airflow/.local/lib/python3.12/site-packages/airflow/example_dags/example_latest_only.py took 0.315 seconds
[2024-05-02T10:46:37.720+0000] {processor.py:161} INFO - Started process (PID=581) to work on /home/airflow/.local/lib/python3.12/site-packages/airflow/example_dags/example_latest_only.py
[2024-05-02T10:46:37.720+0000] {processor.py:830} INFO - Processing file /home/airflow/.local/lib/python3.12/site-packages/airflow/example_dags/example_latest_only.py for tasks to queue
[2024-05-02T10:46:37.721+0000] {logging_mixin.py:188} INFO - [2024-05-02T10:46:37.721+0000] {dagbag.py:540} INFO - Filling up the DagBag from /home/airflow/.local/lib/python3.12/site-packages/airflow/example_dags/example_latest_only.py
[2024-05-02T10:46:37.724+0000] {processor.py:840} INFO - DAG(s) 'latest_only' retrieved from /home/airflow/.local/lib/python3.12/site-packages/airflow/example_dags/example_latest_only.py
[2024-05-02T10:46:37.740+0000] {logging_mixin.py:188} INFO - [2024-05-02T10:46:37.740+0000] {dag.py:3096} INFO - Sync 1 DAGs
[2024-05-02T10:46:37.755+0000] {logging_mixin.py:188} INFO - [2024-05-02T10:46:37.754+0000] {dag.py:3954} INFO - Setting next_dagrun for latest_only to 2024-05-02 04:00:00+00:00, run_after=2024-05-02 08:00:00+00:00
[2024-05-02T10:46:37.777+0000] {processor.py:183} INFO - Processing /home/airflow/.local/lib/python3.12/site-packages/airflow/example_dags/example_latest_only.py took 0.060 seconds
[2024-05-02T10:47:07.879+0000] {processor.py:161} INFO - Started process (PID=641) to work on /home/airflow/.local/lib/python3.12/site-packages/airflow/example_dags/example_latest_only.py
[2024-05-02T10:47:07.880+0000] {processor.py:830} INFO - Processing file /home/airflow/.local/lib/python3.12/site-packages/airflow/example_dags/example_latest_only.py for tasks to queue
[2024-05-02T10:47:07.881+0000] {logging_mixin.py:188} INFO - [2024-05-02T10:47:07.881+0000] {dagbag.py:540} INFO - Filling up the DagBag from /home/airflow/.local/lib/python3.12/site-packages/airflow/example_dags/example_latest_only.py
[2024-05-02T10:47:07.884+0000] {processor.py:840} INFO - DAG(s) 'latest_only' retrieved from /home/airflow/.local/lib/python3.12/site-packages/airflow/example_dags/example_latest_only.py
[2024-05-02T10:47:07.897+0000] {logging_mixin.py:188} INFO - [2024-05-02T10:47:07.897+0000] {dag.py:3096} INFO - Sync 1 DAGs
[2024-05-02T10:47:07.911+0000] {logging_mixin.py:188} INFO - [2024-05-02T10:47:07.911+0000] {dag.py:3954} INFO - Setting next_dagrun for latest_only to 2024-05-02 04:00:00+00:00, run_after=2024-05-02 08:00:00+00:00
[2024-05-02T10:47:07.923+0000] {processor.py:183} INFO - Processing /home/airflow/.local/lib/python3.12/site-packages/airflow/example_dags/example_latest_only.py took 0.048 seconds
[2024-05-02T10:47:38.197+0000] {processor.py:161} INFO - Started process (PID=701) to work on /home/airflow/.local/lib/python3.12/site-packages/airflow/example_dags/example_latest_only.py
[2024-05-02T10:47:38.197+0000] {processor.py:830} INFO - Processing file /home/airflow/.local/lib/python3.12/site-packages/airflow/example_dags/example_latest_only.py for tasks to queue
[2024-05-02T10:47:38.198+0000] {logging_mixin.py:188} INFO - [2024-05-02T10:47:38.198+0000] {dagbag.py:540} INFO - Filling up the DagBag from /home/airflow/.local/lib/python3.12/site-packages/airflow/example_dags/example_latest_only.py
[2024-05-02T10:47:38.201+0000] {processor.py:840} INFO - DAG(s) 'latest_only' retrieved from /home/airflow/.local/lib/python3.12/site-packages/airflow/example_dags/example_latest_only.py
[2024-05-02T10:47:38.215+0000] {logging_mixin.py:188} INFO - [2024-05-02T10:47:38.215+0000] {dag.py:3096} INFO - Sync 1 DAGs
[2024-05-02T10:47:38.230+0000] {logging_mixin.py:188} INFO - [2024-05-02T10:47:38.230+0000] {dag.py:3954} INFO - Setting next_dagrun for latest_only to 2024-05-02 04:00:00+00:00, run_after=2024-05-02 08:00:00+00:00
[2024-05-02T10:47:38.260+0000] {processor.py:183} INFO - Processing /home/airflow/.local/lib/python3.12/site-packages/airflow/example_dags/example_latest_only.py took 0.068 seconds
[2024-05-02T10:48:08.580+0000] {processor.py:161} INFO - Started process (PID=761) to work on /home/airflow/.local/lib/python3.12/site-packages/airflow/example_dags/example_latest_only.py
[2024-05-02T10:48:08.581+0000] {processor.py:830} INFO - Processing file /home/airflow/.local/lib/python3.12/site-packages/airflow/example_dags/example_latest_only.py for tasks to queue
[2024-05-02T10:48:08.582+0000] {logging_mixin.py:188} INFO - [2024-05-02T10:48:08.582+0000] {dagbag.py:540} INFO - Filling up the DagBag from /home/airflow/.local/lib/python3.12/site-packages/airflow/example_dags/example_latest_only.py
[2024-05-02T10:48:08.585+0000] {processor.py:840} INFO - DAG(s) 'latest_only' retrieved from /home/airflow/.local/lib/python3.12/site-packages/airflow/example_dags/example_latest_only.py
[2024-05-02T10:48:08.596+0000] {logging_mixin.py:188} INFO - [2024-05-02T10:48:08.596+0000] {dag.py:3096} INFO - Sync 1 DAGs
[2024-05-02T10:48:08.610+0000] {logging_mixin.py:188} INFO - [2024-05-02T10:48:08.610+0000] {dag.py:3954} INFO - Setting next_dagrun for latest_only to 2024-05-02 04:00:00+00:00, run_after=2024-05-02 08:00:00+00:00
[2024-05-02T10:48:08.622+0000] {processor.py:183} INFO - Processing /home/airflow/.local/lib/python3.12/site-packages/airflow/example_dags/example_latest_only.py took 0.047 seconds
[2024-05-02T10:49:30.082+0000] {processor.py:161} INFO - Started process (PID=96) to work on /home/airflow/.local/lib/python3.12/site-packages/airflow/example_dags/example_latest_only.py
[2024-05-02T10:49:30.083+0000] {processor.py:830} INFO - Processing file /home/airflow/.local/lib/python3.12/site-packages/airflow/example_dags/example_latest_only.py for tasks to queue
[2024-05-02T10:49:30.084+0000] {logging_mixin.py:188} INFO - [2024-05-02T10:49:30.084+0000] {dagbag.py:540} INFO - Filling up the DagBag from /home/airflow/.local/lib/python3.12/site-packages/airflow/example_dags/example_latest_only.py
[2024-05-02T10:49:30.087+0000] {processor.py:840} INFO - DAG(s) 'latest_only' retrieved from /home/airflow/.local/lib/python3.12/site-packages/airflow/example_dags/example_latest_only.py
[2024-05-02T10:49:30.176+0000] {logging_mixin.py:188} INFO - [2024-05-02T10:49:30.176+0000] {dag.py:3096} INFO - Sync 1 DAGs
[2024-05-02T10:49:30.195+0000] {logging_mixin.py:188} INFO - [2024-05-02T10:49:30.195+0000] {dag.py:3954} INFO - Setting next_dagrun for latest_only to 2024-05-02 04:00:00+00:00, run_after=2024-05-02 08:00:00+00:00
[2024-05-02T10:49:30.209+0000] {processor.py:183} INFO - Processing /home/airflow/.local/lib/python3.12/site-packages/airflow/example_dags/example_latest_only.py took 0.131 seconds
[2024-05-02T10:50:01.098+0000] {processor.py:161} INFO - Started process (PID=162) to work on /home/airflow/.local/lib/python3.12/site-packages/airflow/example_dags/example_latest_only.py
[2024-05-02T10:50:01.098+0000] {processor.py:830} INFO - Processing file /home/airflow/.local/lib/python3.12/site-packages/airflow/example_dags/example_latest_only.py for tasks to queue
[2024-05-02T10:50:01.099+0000] {logging_mixin.py:188} INFO - [2024-05-02T10:50:01.099+0000] {dagbag.py:540} INFO - Filling up the DagBag from /home/airflow/.local/lib/python3.12/site-packages/airflow/example_dags/example_latest_only.py
[2024-05-02T10:50:01.103+0000] {processor.py:840} INFO - DAG(s) 'latest_only' retrieved from /home/airflow/.local/lib/python3.12/site-packages/airflow/example_dags/example_latest_only.py
[2024-05-02T10:50:01.115+0000] {logging_mixin.py:188} INFO - [2024-05-02T10:50:01.115+0000] {dag.py:3096} INFO - Sync 1 DAGs
[2024-05-02T10:50:01.128+0000] {logging_mixin.py:188} INFO - [2024-05-02T10:50:01.128+0000] {dag.py:3954} INFO - Setting next_dagrun for latest_only to 2024-05-02 04:00:00+00:00, run_after=2024-05-02 08:00:00+00:00
[2024-05-02T10:50:01.139+0000] {processor.py:183} INFO - Processing /home/airflow/.local/lib/python3.12/site-packages/airflow/example_dags/example_latest_only.py took 0.046 seconds
[2024-05-02T10:50:32.068+0000] {processor.py:161} INFO - Started process (PID=222) to work on /home/airflow/.local/lib/python3.12/site-packages/airflow/example_dags/example_latest_only.py
[2024-05-02T10:50:32.069+0000] {processor.py:830} INFO - Processing file /home/airflow/.local/lib/python3.12/site-packages/airflow/example_dags/example_latest_only.py for tasks to queue
[2024-05-02T10:50:32.070+0000] {logging_mixin.py:188} INFO - [2024-05-02T10:50:32.070+0000] {dagbag.py:540} INFO - Filling up the DagBag from /home/airflow/.local/lib/python3.12/site-packages/airflow/example_dags/example_latest_only.py
[2024-05-02T10:50:32.074+0000] {processor.py:840} INFO - DAG(s) 'latest_only' retrieved from /home/airflow/.local/lib/python3.12/site-packages/airflow/example_dags/example_latest_only.py
[2024-05-02T10:50:32.087+0000] {logging_mixin.py:188} INFO - [2024-05-02T10:50:32.087+0000] {dag.py:3096} INFO - Sync 1 DAGs
[2024-05-02T10:50:32.101+0000] {logging_mixin.py:188} INFO - [2024-05-02T10:50:32.101+0000] {dag.py:3954} INFO - Setting next_dagrun for latest_only to 2024-05-02 04:00:00+00:00, run_after=2024-05-02 08:00:00+00:00
[2024-05-02T10:50:32.112+0000] {processor.py:183} INFO - Processing /home/airflow/.local/lib/python3.12/site-packages/airflow/example_dags/example_latest_only.py took 0.048 seconds
[2024-05-02T10:51:02.848+0000] {processor.py:161} INFO - Started process (PID=282) to work on /home/airflow/.local/lib/python3.12/site-packages/airflow/example_dags/example_latest_only.py
[2024-05-02T10:51:02.849+0000] {processor.py:830} INFO - Processing file /home/airflow/.local/lib/python3.12/site-packages/airflow/example_dags/example_latest_only.py for tasks to queue
[2024-05-02T10:51:02.850+0000] {logging_mixin.py:188} INFO - [2024-05-02T10:51:02.850+0000] {dagbag.py:540} INFO - Filling up the DagBag from /home/airflow/.local/lib/python3.12/site-packages/airflow/example_dags/example_latest_only.py
[2024-05-02T10:51:02.853+0000] {processor.py:840} INFO - DAG(s) 'latest_only' retrieved from /home/airflow/.local/lib/python3.12/site-packages/airflow/example_dags/example_latest_only.py
[2024-05-02T10:51:02.866+0000] {logging_mixin.py:188} INFO - [2024-05-02T10:51:02.866+0000] {dag.py:3096} INFO - Sync 1 DAGs
[2024-05-02T10:51:02.880+0000] {logging_mixin.py:188} INFO - [2024-05-02T10:51:02.880+0000] {dag.py:3954} INFO - Setting next_dagrun for latest_only to 2024-05-02 04:00:00+00:00, run_after=2024-05-02 08:00:00+00:00
[2024-05-02T10:51:02.914+0000] {processor.py:183} INFO - Processing /home/airflow/.local/lib/python3.12/site-packages/airflow/example_dags/example_latest_only.py took 0.070 seconds
[2024-05-02T10:51:33.418+0000] {processor.py:161} INFO - Started process (PID=342) to work on /home/airflow/.local/lib/python3.12/site-packages/airflow/example_dags/example_latest_only.py
[2024-05-02T10:51:33.418+0000] {processor.py:830} INFO - Processing file /home/airflow/.local/lib/python3.12/site-packages/airflow/example_dags/example_latest_only.py for tasks to queue
[2024-05-02T10:51:33.420+0000] {logging_mixin.py:188} INFO - [2024-05-02T10:51:33.419+0000] {dagbag.py:540} INFO - Filling up the DagBag from /home/airflow/.local/lib/python3.12/site-packages/airflow/example_dags/example_latest_only.py
[2024-05-02T10:51:33.422+0000] {processor.py:840} INFO - DAG(s) 'latest_only' retrieved from /home/airflow/.local/lib/python3.12/site-packages/airflow/example_dags/example_latest_only.py
[2024-05-02T10:51:33.434+0000] {logging_mixin.py:188} INFO - [2024-05-02T10:51:33.434+0000] {dag.py:3096} INFO - Sync 1 DAGs
[2024-05-02T10:51:33.449+0000] {logging_mixin.py:188} INFO - [2024-05-02T10:51:33.449+0000] {dag.py:3954} INFO - Setting next_dagrun for latest_only to 2024-05-02 04:00:00+00:00, run_after=2024-05-02 08:00:00+00:00
[2024-05-02T10:51:33.493+0000] {processor.py:183} INFO - Processing /home/airflow/.local/lib/python3.12/site-packages/airflow/example_dags/example_latest_only.py took 0.081 seconds
[2024-05-02T10:52:04.304+0000] {processor.py:161} INFO - Started process (PID=402) to work on /home/airflow/.local/lib/python3.12/site-packages/airflow/example_dags/example_latest_only.py
[2024-05-02T10:52:04.304+0000] {processor.py:830} INFO - Processing file /home/airflow/.local/lib/python3.12/site-packages/airflow/example_dags/example_latest_only.py for tasks to queue
[2024-05-02T10:52:04.305+0000] {logging_mixin.py:188} INFO - [2024-05-02T10:52:04.305+0000] {dagbag.py:540} INFO - Filling up the DagBag from /home/airflow/.local/lib/python3.12/site-packages/airflow/example_dags/example_latest_only.py
[2024-05-02T10:52:04.309+0000] {processor.py:840} INFO - DAG(s) 'latest_only' retrieved from /home/airflow/.local/lib/python3.12/site-packages/airflow/example_dags/example_latest_only.py
[2024-05-02T10:52:04.322+0000] {logging_mixin.py:188} INFO - [2024-05-02T10:52:04.321+0000] {dag.py:3096} INFO - Sync 1 DAGs
[2024-05-02T10:52:04.351+0000] {logging_mixin.py:188} INFO - [2024-05-02T10:52:04.351+0000] {dag.py:3954} INFO - Setting next_dagrun for latest_only to 2024-05-02 04:00:00+00:00, run_after=2024-05-02 08:00:00+00:00
[2024-05-02T10:52:04.379+0000] {processor.py:183} INFO - Processing /home/airflow/.local/lib/python3.12/site-packages/airflow/example_dags/example_latest_only.py took 0.079 seconds
[2024-05-02T10:52:35.071+0000] {processor.py:161} INFO - Started process (PID=462) to work on /home/airflow/.local/lib/python3.12/site-packages/airflow/example_dags/example_latest_only.py
[2024-05-02T10:52:35.072+0000] {processor.py:830} INFO - Processing file /home/airflow/.local/lib/python3.12/site-packages/airflow/example_dags/example_latest_only.py for tasks to queue
[2024-05-02T10:52:35.073+0000] {logging_mixin.py:188} INFO - [2024-05-02T10:52:35.073+0000] {dagbag.py:540} INFO - Filling up the DagBag from /home/airflow/.local/lib/python3.12/site-packages/airflow/example_dags/example_latest_only.py
[2024-05-02T10:52:35.075+0000] {processor.py:840} INFO - DAG(s) 'latest_only' retrieved from /home/airflow/.local/lib/python3.12/site-packages/airflow/example_dags/example_latest_only.py
[2024-05-02T10:52:35.088+0000] {logging_mixin.py:188} INFO - [2024-05-02T10:52:35.087+0000] {dag.py:3096} INFO - Sync 1 DAGs
[2024-05-02T10:52:35.106+0000] {logging_mixin.py:188} INFO - [2024-05-02T10:52:35.106+0000] {dag.py:3954} INFO - Setting next_dagrun for latest_only to 2024-05-02 04:00:00+00:00, run_after=2024-05-02 08:00:00+00:00
[2024-05-02T10:52:35.122+0000] {processor.py:183} INFO - Processing /home/airflow/.local/lib/python3.12/site-packages/airflow/example_dags/example_latest_only.py took 0.054 seconds
[2024-05-02T10:53:06.015+0000] {processor.py:161} INFO - Started process (PID=522) to work on /home/airflow/.local/lib/python3.12/site-packages/airflow/example_dags/example_latest_only.py
[2024-05-02T10:53:06.015+0000] {processor.py:830} INFO - Processing file /home/airflow/.local/lib/python3.12/site-packages/airflow/example_dags/example_latest_only.py for tasks to queue
[2024-05-02T10:53:06.039+0000] {logging_mixin.py:188} INFO - [2024-05-02T10:53:06.039+0000] {dagbag.py:540} INFO - Filling up the DagBag from /home/airflow/.local/lib/python3.12/site-packages/airflow/example_dags/example_latest_only.py
[2024-05-02T10:53:06.042+0000] {processor.py:840} INFO - DAG(s) 'latest_only' retrieved from /home/airflow/.local/lib/python3.12/site-packages/airflow/example_dags/example_latest_only.py
[2024-05-02T10:53:06.056+0000] {logging_mixin.py:188} INFO - [2024-05-02T10:53:06.056+0000] {dag.py:3096} INFO - Sync 1 DAGs
[2024-05-02T10:53:06.070+0000] {logging_mixin.py:188} INFO - [2024-05-02T10:53:06.070+0000] {dag.py:3954} INFO - Setting next_dagrun for latest_only to 2024-05-02 04:00:00+00:00, run_after=2024-05-02 08:00:00+00:00
[2024-05-02T10:53:06.099+0000] {processor.py:183} INFO - Processing /home/airflow/.local/lib/python3.12/site-packages/airflow/example_dags/example_latest_only.py took 0.090 seconds
[2024-05-02T10:53:36.308+0000] {processor.py:161} INFO - Started process (PID=582) to work on /home/airflow/.local/lib/python3.12/site-packages/airflow/example_dags/example_latest_only.py
[2024-05-02T10:53:36.308+0000] {processor.py:830} INFO - Processing file /home/airflow/.local/lib/python3.12/site-packages/airflow/example_dags/example_latest_only.py for tasks to queue
[2024-05-02T10:53:36.309+0000] {logging_mixin.py:188} INFO - [2024-05-02T10:53:36.309+0000] {dagbag.py:540} INFO - Filling up the DagBag from /home/airflow/.local/lib/python3.12/site-packages/airflow/example_dags/example_latest_only.py
[2024-05-02T10:53:36.312+0000] {processor.py:840} INFO - DAG(s) 'latest_only' retrieved from /home/airflow/.local/lib/python3.12/site-packages/airflow/example_dags/example_latest_only.py
[2024-05-02T10:53:36.324+0000] {logging_mixin.py:188} INFO - [2024-05-02T10:53:36.324+0000] {dag.py:3096} INFO - Sync 1 DAGs
[2024-05-02T10:53:36.337+0000] {logging_mixin.py:188} INFO - [2024-05-02T10:53:36.337+0000] {dag.py:3954} INFO - Setting next_dagrun for latest_only to 2024-05-02 04:00:00+00:00, run_after=2024-05-02 08:00:00+00:00
[2024-05-02T10:53:36.349+0000] {processor.py:183} INFO - Processing /home/airflow/.local/lib/python3.12/site-packages/airflow/example_dags/example_latest_only.py took 0.045 seconds
[2024-05-02T10:54:07.261+0000] {processor.py:161} INFO - Started process (PID=642) to work on /home/airflow/.local/lib/python3.12/site-packages/airflow/example_dags/example_latest_only.py
[2024-05-02T10:54:07.262+0000] {processor.py:830} INFO - Processing file /home/airflow/.local/lib/python3.12/site-packages/airflow/example_dags/example_latest_only.py for tasks to queue
[2024-05-02T10:54:07.263+0000] {logging_mixin.py:188} INFO - [2024-05-02T10:54:07.263+0000] {dagbag.py:540} INFO - Filling up the DagBag from /home/airflow/.local/lib/python3.12/site-packages/airflow/example_dags/example_latest_only.py
[2024-05-02T10:54:07.266+0000] {processor.py:840} INFO - DAG(s) 'latest_only' retrieved from /home/airflow/.local/lib/python3.12/site-packages/airflow/example_dags/example_latest_only.py
[2024-05-02T10:54:07.292+0000] {logging_mixin.py:188} INFO - [2024-05-02T10:54:07.292+0000] {dag.py:3096} INFO - Sync 1 DAGs
[2024-05-02T10:54:07.307+0000] {logging_mixin.py:188} INFO - [2024-05-02T10:54:07.307+0000] {dag.py:3954} INFO - Setting next_dagrun for latest_only to 2024-05-02 04:00:00+00:00, run_after=2024-05-02 08:00:00+00:00
[2024-05-02T10:54:07.322+0000] {processor.py:183} INFO - Processing /home/airflow/.local/lib/python3.12/site-packages/airflow/example_dags/example_latest_only.py took 0.064 seconds
[2024-05-02T10:54:37.714+0000] {processor.py:161} INFO - Started process (PID=702) to work on /home/airflow/.local/lib/python3.12/site-packages/airflow/example_dags/example_latest_only.py
[2024-05-02T10:54:37.715+0000] {processor.py:830} INFO - Processing file /home/airflow/.local/lib/python3.12/site-packages/airflow/example_dags/example_latest_only.py for tasks to queue
[2024-05-02T10:54:37.716+0000] {logging_mixin.py:188} INFO - [2024-05-02T10:54:37.715+0000] {dagbag.py:540} INFO - Filling up the DagBag from /home/airflow/.local/lib/python3.12/site-packages/airflow/example_dags/example_latest_only.py
[2024-05-02T10:54:37.719+0000] {processor.py:840} INFO - DAG(s) 'latest_only' retrieved from /home/airflow/.local/lib/python3.12/site-packages/airflow/example_dags/example_latest_only.py
[2024-05-02T10:54:37.734+0000] {logging_mixin.py:188} INFO - [2024-05-02T10:54:37.734+0000] {dag.py:3096} INFO - Sync 1 DAGs
[2024-05-02T10:54:37.769+0000] {logging_mixin.py:188} INFO - [2024-05-02T10:54:37.769+0000] {dag.py:3954} INFO - Setting next_dagrun for latest_only to 2024-05-02 04:00:00+00:00, run_after=2024-05-02 08:00:00+00:00
[2024-05-02T10:54:37.782+0000] {processor.py:183} INFO - Processing /home/airflow/.local/lib/python3.12/site-packages/airflow/example_dags/example_latest_only.py took 0.072 seconds
[2024-05-02T10:55:08.246+0000] {processor.py:161} INFO - Started process (PID=762) to work on /home/airflow/.local/lib/python3.12/site-packages/airflow/example_dags/example_latest_only.py
[2024-05-02T10:55:08.247+0000] {processor.py:830} INFO - Processing file /home/airflow/.local/lib/python3.12/site-packages/airflow/example_dags/example_latest_only.py for tasks to queue
[2024-05-02T10:55:08.248+0000] {logging_mixin.py:188} INFO - [2024-05-02T10:55:08.248+0000] {dagbag.py:540} INFO - Filling up the DagBag from /home/airflow/.local/lib/python3.12/site-packages/airflow/example_dags/example_latest_only.py
[2024-05-02T10:55:08.251+0000] {processor.py:840} INFO - DAG(s) 'latest_only' retrieved from /home/airflow/.local/lib/python3.12/site-packages/airflow/example_dags/example_latest_only.py
[2024-05-02T10:55:08.264+0000] {logging_mixin.py:188} INFO - [2024-05-02T10:55:08.264+0000] {dag.py:3096} INFO - Sync 1 DAGs
[2024-05-02T10:55:08.301+0000] {logging_mixin.py:188} INFO - [2024-05-02T10:55:08.301+0000] {dag.py:3954} INFO - Setting next_dagrun for latest_only to 2024-05-02 04:00:00+00:00, run_after=2024-05-02 08:00:00+00:00
[2024-05-02T10:55:08.314+0000] {processor.py:183} INFO - Processing /home/airflow/.local/lib/python3.12/site-packages/airflow/example_dags/example_latest_only.py took 0.071 seconds
[2024-05-02T10:55:38.429+0000] {processor.py:161} INFO - Started process (PID=822) to work on /home/airflow/.local/lib/python3.12/site-packages/airflow/example_dags/example_latest_only.py
[2024-05-02T10:55:38.429+0000] {processor.py:830} INFO - Processing file /home/airflow/.local/lib/python3.12/site-packages/airflow/example_dags/example_latest_only.py for tasks to queue
[2024-05-02T10:55:38.430+0000] {logging_mixin.py:188} INFO - [2024-05-02T10:55:38.430+0000] {dagbag.py:540} INFO - Filling up the DagBag from /home/airflow/.local/lib/python3.12/site-packages/airflow/example_dags/example_latest_only.py
[2024-05-02T10:55:38.433+0000] {processor.py:840} INFO - DAG(s) 'latest_only' retrieved from /home/airflow/.local/lib/python3.12/site-packages/airflow/example_dags/example_latest_only.py
[2024-05-02T10:55:38.446+0000] {logging_mixin.py:188} INFO - [2024-05-02T10:55:38.446+0000] {dag.py:3096} INFO - Sync 1 DAGs
[2024-05-02T10:55:38.483+0000] {logging_mixin.py:188} INFO - [2024-05-02T10:55:38.483+0000] {dag.py:3954} INFO - Setting next_dagrun for latest_only to 2024-05-02 04:00:00+00:00, run_after=2024-05-02 08:00:00+00:00
[2024-05-02T10:55:38.495+0000] {processor.py:183} INFO - Processing /home/airflow/.local/lib/python3.12/site-packages/airflow/example_dags/example_latest_only.py took 0.069 seconds
[2024-05-02T10:56:09.275+0000] {processor.py:161} INFO - Started process (PID=882) to work on /home/airflow/.local/lib/python3.12/site-packages/airflow/example_dags/example_latest_only.py
[2024-05-02T10:56:09.276+0000] {processor.py:830} INFO - Processing file /home/airflow/.local/lib/python3.12/site-packages/airflow/example_dags/example_latest_only.py for tasks to queue
[2024-05-02T10:56:09.303+0000] {logging_mixin.py:188} INFO - [2024-05-02T10:56:09.303+0000] {dagbag.py:540} INFO - Filling up the DagBag from /home/airflow/.local/lib/python3.12/site-packages/airflow/example_dags/example_latest_only.py
[2024-05-02T10:56:09.307+0000] {processor.py:840} INFO - DAG(s) 'latest_only' retrieved from /home/airflow/.local/lib/python3.12/site-packages/airflow/example_dags/example_latest_only.py
[2024-05-02T10:56:09.319+0000] {logging_mixin.py:188} INFO - [2024-05-02T10:56:09.319+0000] {dag.py:3096} INFO - Sync 1 DAGs
[2024-05-02T10:56:09.334+0000] {logging_mixin.py:188} INFO - [2024-05-02T10:56:09.334+0000] {dag.py:3954} INFO - Setting next_dagrun for latest_only to 2024-05-02 04:00:00+00:00, run_after=2024-05-02 08:00:00+00:00
[2024-05-02T10:56:09.374+0000] {processor.py:183} INFO - Processing /home/airflow/.local/lib/python3.12/site-packages/airflow/example_dags/example_latest_only.py took 0.107 seconds
[2024-05-02T10:56:39.841+0000] {processor.py:161} INFO - Started process (PID=942) to work on /home/airflow/.local/lib/python3.12/site-packages/airflow/example_dags/example_latest_only.py
[2024-05-02T10:56:39.842+0000] {processor.py:830} INFO - Processing file /home/airflow/.local/lib/python3.12/site-packages/airflow/example_dags/example_latest_only.py for tasks to queue
[2024-05-02T10:56:39.877+0000] {logging_mixin.py:188} INFO - [2024-05-02T10:56:39.877+0000] {dagbag.py:540} INFO - Filling up the DagBag from /home/airflow/.local/lib/python3.12/site-packages/airflow/example_dags/example_latest_only.py
[2024-05-02T10:56:39.880+0000] {processor.py:840} INFO - DAG(s) 'latest_only' retrieved from /home/airflow/.local/lib/python3.12/site-packages/airflow/example_dags/example_latest_only.py
[2024-05-02T10:56:39.892+0000] {logging_mixin.py:188} INFO - [2024-05-02T10:56:39.892+0000] {dag.py:3096} INFO - Sync 1 DAGs
[2024-05-02T10:56:39.906+0000] {logging_mixin.py:188} INFO - [2024-05-02T10:56:39.906+0000] {dag.py:3954} INFO - Setting next_dagrun for latest_only to 2024-05-02 04:00:00+00:00, run_after=2024-05-02 08:00:00+00:00
[2024-05-02T10:56:40.043+0000] {processor.py:183} INFO - Processing /home/airflow/.local/lib/python3.12/site-packages/airflow/example_dags/example_latest_only.py took 0.211 seconds
[2024-05-02T10:57:10.821+0000] {processor.py:161} INFO - Started process (PID=1002) to work on /home/airflow/.local/lib/python3.12/site-packages/airflow/example_dags/example_latest_only.py
[2024-05-02T10:57:10.822+0000] {processor.py:830} INFO - Processing file /home/airflow/.local/lib/python3.12/site-packages/airflow/example_dags/example_latest_only.py for tasks to queue
[2024-05-02T10:57:10.822+0000] {logging_mixin.py:188} INFO - [2024-05-02T10:57:10.822+0000] {dagbag.py:540} INFO - Filling up the DagBag from /home/airflow/.local/lib/python3.12/site-packages/airflow/example_dags/example_latest_only.py
[2024-05-02T10:57:10.825+0000] {processor.py:840} INFO - DAG(s) 'latest_only' retrieved from /home/airflow/.local/lib/python3.12/site-packages/airflow/example_dags/example_latest_only.py
[2024-05-02T10:57:10.838+0000] {logging_mixin.py:188} INFO - [2024-05-02T10:57:10.838+0000] {dag.py:3096} INFO - Sync 1 DAGs
[2024-05-02T10:57:10.877+0000] {logging_mixin.py:188} INFO - [2024-05-02T10:57:10.877+0000] {dag.py:3954} INFO - Setting next_dagrun for latest_only to 2024-05-02 04:00:00+00:00, run_after=2024-05-02 08:00:00+00:00
[2024-05-02T10:57:10.890+0000] {processor.py:183} INFO - Processing /home/airflow/.local/lib/python3.12/site-packages/airflow/example_dags/example_latest_only.py took 0.072 seconds
