[2024-05-02T10:20:05.758+0000] {processor.py:161} INFO - Started process (PID=41) to work on /home/airflow/.local/lib/python3.12/site-packages/airflow/example_dags/example_branch_labels.py
[2024-05-02T10:20:05.759+0000] {processor.py:830} INFO - Processing file /home/airflow/.local/lib/python3.12/site-packages/airflow/example_dags/example_branch_labels.py for tasks to queue
[2024-05-02T10:20:05.760+0000] {logging_mixin.py:188} INFO - [2024-05-02T10:20:05.760+0000] {dagbag.py:540} INFO - Filling up the DagBag from /home/airflow/.local/lib/python3.12/site-packages/airflow/example_dags/example_branch_labels.py
[2024-05-02T10:20:05.771+0000] {processor.py:840} INFO - DAG(s) 'example_branch_labels' retrieved from /home/airflow/.local/lib/python3.12/site-packages/airflow/example_dags/example_branch_labels.py
[2024-05-02T10:20:05.780+0000] {logging_mixin.py:188} INFO - [2024-05-02T10:20:05.780+0000] {dag.py:3096} INFO - Sync 1 DAGs
[2024-05-02T10:20:05.802+0000] {logging_mixin.py:188} INFO - [2024-05-02T10:20:05.802+0000] {dag.py:3954} INFO - Setting next_dagrun for example_branch_labels to 2024-05-01 00:00:00+00:00, run_after=2024-05-02 00:00:00+00:00
[2024-05-02T10:20:05.820+0000] {processor.py:183} INFO - Processing /home/airflow/.local/lib/python3.12/site-packages/airflow/example_dags/example_branch_labels.py took 0.067 seconds
[2024-05-02T10:20:36.493+0000] {processor.py:161} INFO - Started process (PID=99) to work on /home/airflow/.local/lib/python3.12/site-packages/airflow/example_dags/example_branch_labels.py
[2024-05-02T10:20:36.494+0000] {processor.py:830} INFO - Processing file /home/airflow/.local/lib/python3.12/site-packages/airflow/example_dags/example_branch_labels.py for tasks to queue
[2024-05-02T10:20:36.495+0000] {logging_mixin.py:188} INFO - [2024-05-02T10:20:36.495+0000] {dagbag.py:540} INFO - Filling up the DagBag from /home/airflow/.local/lib/python3.12/site-packages/airflow/example_dags/example_branch_labels.py
[2024-05-02T10:20:36.499+0000] {processor.py:840} INFO - DAG(s) 'example_branch_labels' retrieved from /home/airflow/.local/lib/python3.12/site-packages/airflow/example_dags/example_branch_labels.py
[2024-05-02T10:20:36.564+0000] {logging_mixin.py:188} INFO - [2024-05-02T10:20:36.564+0000] {dag.py:3096} INFO - Sync 1 DAGs
[2024-05-02T10:20:36.577+0000] {logging_mixin.py:188} INFO - [2024-05-02T10:20:36.577+0000] {dag.py:3954} INFO - Setting next_dagrun for example_branch_labels to 2024-05-01 00:00:00+00:00, run_after=2024-05-02 00:00:00+00:00
[2024-05-02T10:20:36.594+0000] {processor.py:183} INFO - Processing /home/airflow/.local/lib/python3.12/site-packages/airflow/example_dags/example_branch_labels.py took 0.103 seconds
[2024-05-02T10:21:06.810+0000] {processor.py:161} INFO - Started process (PID=158) to work on /home/airflow/.local/lib/python3.12/site-packages/airflow/example_dags/example_branch_labels.py
[2024-05-02T10:21:06.811+0000] {processor.py:830} INFO - Processing file /home/airflow/.local/lib/python3.12/site-packages/airflow/example_dags/example_branch_labels.py for tasks to queue
[2024-05-02T10:21:06.812+0000] {logging_mixin.py:188} INFO - [2024-05-02T10:21:06.812+0000] {dagbag.py:540} INFO - Filling up the DagBag from /home/airflow/.local/lib/python3.12/site-packages/airflow/example_dags/example_branch_labels.py
[2024-05-02T10:21:06.817+0000] {processor.py:840} INFO - DAG(s) 'example_branch_labels' retrieved from /home/airflow/.local/lib/python3.12/site-packages/airflow/example_dags/example_branch_labels.py
[2024-05-02T10:21:06.830+0000] {logging_mixin.py:188} INFO - [2024-05-02T10:21:06.830+0000] {dag.py:3096} INFO - Sync 1 DAGs
[2024-05-02T10:21:06.844+0000] {logging_mixin.py:188} INFO - [2024-05-02T10:21:06.844+0000] {dag.py:3954} INFO - Setting next_dagrun for example_branch_labels to 2024-05-01 00:00:00+00:00, run_after=2024-05-02 00:00:00+00:00
[2024-05-02T10:21:06.856+0000] {processor.py:183} INFO - Processing /home/airflow/.local/lib/python3.12/site-packages/airflow/example_dags/example_branch_labels.py took 0.050 seconds
[2024-05-02T10:21:37.191+0000] {processor.py:161} INFO - Started process (PID=216) to work on /home/airflow/.local/lib/python3.12/site-packages/airflow/example_dags/example_branch_labels.py
[2024-05-02T10:21:37.192+0000] {processor.py:830} INFO - Processing file /home/airflow/.local/lib/python3.12/site-packages/airflow/example_dags/example_branch_labels.py for tasks to queue
[2024-05-02T10:21:37.193+0000] {logging_mixin.py:188} INFO - [2024-05-02T10:21:37.192+0000] {dagbag.py:540} INFO - Filling up the DagBag from /home/airflow/.local/lib/python3.12/site-packages/airflow/example_dags/example_branch_labels.py
[2024-05-02T10:21:37.197+0000] {processor.py:840} INFO - DAG(s) 'example_branch_labels' retrieved from /home/airflow/.local/lib/python3.12/site-packages/airflow/example_dags/example_branch_labels.py
[2024-05-02T10:21:37.209+0000] {logging_mixin.py:188} INFO - [2024-05-02T10:21:37.209+0000] {dag.py:3096} INFO - Sync 1 DAGs
[2024-05-02T10:21:37.223+0000] {logging_mixin.py:188} INFO - [2024-05-02T10:21:37.223+0000] {dag.py:3954} INFO - Setting next_dagrun for example_branch_labels to 2024-05-01 00:00:00+00:00, run_after=2024-05-02 00:00:00+00:00
[2024-05-02T10:21:37.234+0000] {processor.py:183} INFO - Processing /home/airflow/.local/lib/python3.12/site-packages/airflow/example_dags/example_branch_labels.py took 0.046 seconds
[2024-05-02T10:22:08.733+0000] {processor.py:161} INFO - Started process (PID=274) to work on /home/airflow/.local/lib/python3.12/site-packages/airflow/example_dags/example_branch_labels.py
[2024-05-02T10:22:08.733+0000] {processor.py:830} INFO - Processing file /home/airflow/.local/lib/python3.12/site-packages/airflow/example_dags/example_branch_labels.py for tasks to queue
[2024-05-02T10:22:08.734+0000] {logging_mixin.py:188} INFO - [2024-05-02T10:22:08.734+0000] {dagbag.py:540} INFO - Filling up the DagBag from /home/airflow/.local/lib/python3.12/site-packages/airflow/example_dags/example_branch_labels.py
[2024-05-02T10:22:08.739+0000] {processor.py:840} INFO - DAG(s) 'example_branch_labels' retrieved from /home/airflow/.local/lib/python3.12/site-packages/airflow/example_dags/example_branch_labels.py
[2024-05-02T10:22:08.752+0000] {logging_mixin.py:188} INFO - [2024-05-02T10:22:08.752+0000] {dag.py:3096} INFO - Sync 1 DAGs
[2024-05-02T10:22:08.767+0000] {logging_mixin.py:188} INFO - [2024-05-02T10:22:08.767+0000] {dag.py:3954} INFO - Setting next_dagrun for example_branch_labels to 2024-05-01 00:00:00+00:00, run_after=2024-05-02 00:00:00+00:00
[2024-05-02T10:22:08.779+0000] {processor.py:183} INFO - Processing /home/airflow/.local/lib/python3.12/site-packages/airflow/example_dags/example_branch_labels.py took 0.049 seconds
[2024-05-02T10:22:39.554+0000] {processor.py:161} INFO - Started process (PID=332) to work on /home/airflow/.local/lib/python3.12/site-packages/airflow/example_dags/example_branch_labels.py
[2024-05-02T10:22:39.554+0000] {processor.py:830} INFO - Processing file /home/airflow/.local/lib/python3.12/site-packages/airflow/example_dags/example_branch_labels.py for tasks to queue
[2024-05-02T10:22:39.555+0000] {logging_mixin.py:188} INFO - [2024-05-02T10:22:39.555+0000] {dagbag.py:540} INFO - Filling up the DagBag from /home/airflow/.local/lib/python3.12/site-packages/airflow/example_dags/example_branch_labels.py
[2024-05-02T10:22:39.561+0000] {processor.py:840} INFO - DAG(s) 'example_branch_labels' retrieved from /home/airflow/.local/lib/python3.12/site-packages/airflow/example_dags/example_branch_labels.py
[2024-05-02T10:22:39.577+0000] {logging_mixin.py:188} INFO - [2024-05-02T10:22:39.577+0000] {dag.py:3096} INFO - Sync 1 DAGs
[2024-05-02T10:22:39.592+0000] {logging_mixin.py:188} INFO - [2024-05-02T10:22:39.592+0000] {dag.py:3954} INFO - Setting next_dagrun for example_branch_labels to 2024-05-01 00:00:00+00:00, run_after=2024-05-02 00:00:00+00:00
[2024-05-02T10:22:39.604+0000] {processor.py:183} INFO - Processing /home/airflow/.local/lib/python3.12/site-packages/airflow/example_dags/example_branch_labels.py took 0.053 seconds
[2024-05-02T10:23:10.440+0000] {processor.py:161} INFO - Started process (PID=390) to work on /home/airflow/.local/lib/python3.12/site-packages/airflow/example_dags/example_branch_labels.py
[2024-05-02T10:23:10.440+0000] {processor.py:830} INFO - Processing file /home/airflow/.local/lib/python3.12/site-packages/airflow/example_dags/example_branch_labels.py for tasks to queue
[2024-05-02T10:23:10.442+0000] {logging_mixin.py:188} INFO - [2024-05-02T10:23:10.442+0000] {dagbag.py:540} INFO - Filling up the DagBag from /home/airflow/.local/lib/python3.12/site-packages/airflow/example_dags/example_branch_labels.py
[2024-05-02T10:23:10.448+0000] {processor.py:840} INFO - DAG(s) 'example_branch_labels' retrieved from /home/airflow/.local/lib/python3.12/site-packages/airflow/example_dags/example_branch_labels.py
[2024-05-02T10:23:10.461+0000] {logging_mixin.py:188} INFO - [2024-05-02T10:23:10.461+0000] {dag.py:3096} INFO - Sync 1 DAGs
[2024-05-02T10:23:10.475+0000] {logging_mixin.py:188} INFO - [2024-05-02T10:23:10.475+0000] {dag.py:3954} INFO - Setting next_dagrun for example_branch_labels to 2024-05-01 00:00:00+00:00, run_after=2024-05-02 00:00:00+00:00
[2024-05-02T10:23:10.487+0000] {processor.py:183} INFO - Processing /home/airflow/.local/lib/python3.12/site-packages/airflow/example_dags/example_branch_labels.py took 0.054 seconds
[2024-05-02T10:23:40.751+0000] {processor.py:161} INFO - Started process (PID=448) to work on /home/airflow/.local/lib/python3.12/site-packages/airflow/example_dags/example_branch_labels.py
[2024-05-02T10:23:40.752+0000] {processor.py:830} INFO - Processing file /home/airflow/.local/lib/python3.12/site-packages/airflow/example_dags/example_branch_labels.py for tasks to queue
[2024-05-02T10:23:40.754+0000] {logging_mixin.py:188} INFO - [2024-05-02T10:23:40.754+0000] {dagbag.py:540} INFO - Filling up the DagBag from /home/airflow/.local/lib/python3.12/site-packages/airflow/example_dags/example_branch_labels.py
[2024-05-02T10:23:40.761+0000] {processor.py:840} INFO - DAG(s) 'example_branch_labels' retrieved from /home/airflow/.local/lib/python3.12/site-packages/airflow/example_dags/example_branch_labels.py
[2024-05-02T10:23:40.773+0000] {logging_mixin.py:188} INFO - [2024-05-02T10:23:40.773+0000] {dag.py:3096} INFO - Sync 1 DAGs
[2024-05-02T10:23:40.788+0000] {logging_mixin.py:188} INFO - [2024-05-02T10:23:40.788+0000] {dag.py:3954} INFO - Setting next_dagrun for example_branch_labels to 2024-05-01 00:00:00+00:00, run_after=2024-05-02 00:00:00+00:00
[2024-05-02T10:23:40.804+0000] {processor.py:183} INFO - Processing /home/airflow/.local/lib/python3.12/site-packages/airflow/example_dags/example_branch_labels.py took 0.064 seconds
[2024-05-02T10:24:11.322+0000] {processor.py:161} INFO - Started process (PID=506) to work on /home/airflow/.local/lib/python3.12/site-packages/airflow/example_dags/example_branch_labels.py
[2024-05-02T10:24:11.323+0000] {processor.py:830} INFO - Processing file /home/airflow/.local/lib/python3.12/site-packages/airflow/example_dags/example_branch_labels.py for tasks to queue
[2024-05-02T10:24:11.324+0000] {logging_mixin.py:188} INFO - [2024-05-02T10:24:11.324+0000] {dagbag.py:540} INFO - Filling up the DagBag from /home/airflow/.local/lib/python3.12/site-packages/airflow/example_dags/example_branch_labels.py
[2024-05-02T10:24:11.329+0000] {processor.py:840} INFO - DAG(s) 'example_branch_labels' retrieved from /home/airflow/.local/lib/python3.12/site-packages/airflow/example_dags/example_branch_labels.py
[2024-05-02T10:24:11.343+0000] {logging_mixin.py:188} INFO - [2024-05-02T10:24:11.343+0000] {dag.py:3096} INFO - Sync 1 DAGs
[2024-05-02T10:24:11.356+0000] {logging_mixin.py:188} INFO - [2024-05-02T10:24:11.356+0000] {dag.py:3954} INFO - Setting next_dagrun for example_branch_labels to 2024-05-01 00:00:00+00:00, run_after=2024-05-02 00:00:00+00:00
[2024-05-02T10:24:11.367+0000] {processor.py:183} INFO - Processing /home/airflow/.local/lib/python3.12/site-packages/airflow/example_dags/example_branch_labels.py took 0.051 seconds
[2024-05-02T10:24:41.561+0000] {processor.py:161} INFO - Started process (PID=564) to work on /home/airflow/.local/lib/python3.12/site-packages/airflow/example_dags/example_branch_labels.py
[2024-05-02T10:24:41.562+0000] {processor.py:830} INFO - Processing file /home/airflow/.local/lib/python3.12/site-packages/airflow/example_dags/example_branch_labels.py for tasks to queue
[2024-05-02T10:24:41.563+0000] {logging_mixin.py:188} INFO - [2024-05-02T10:24:41.562+0000] {dagbag.py:540} INFO - Filling up the DagBag from /home/airflow/.local/lib/python3.12/site-packages/airflow/example_dags/example_branch_labels.py
[2024-05-02T10:24:41.567+0000] {processor.py:840} INFO - DAG(s) 'example_branch_labels' retrieved from /home/airflow/.local/lib/python3.12/site-packages/airflow/example_dags/example_branch_labels.py
[2024-05-02T10:24:41.581+0000] {logging_mixin.py:188} INFO - [2024-05-02T10:24:41.581+0000] {dag.py:3096} INFO - Sync 1 DAGs
[2024-05-02T10:24:41.595+0000] {logging_mixin.py:188} INFO - [2024-05-02T10:24:41.595+0000] {dag.py:3954} INFO - Setting next_dagrun for example_branch_labels to 2024-05-01 00:00:00+00:00, run_after=2024-05-02 00:00:00+00:00
[2024-05-02T10:24:41.607+0000] {processor.py:183} INFO - Processing /home/airflow/.local/lib/python3.12/site-packages/airflow/example_dags/example_branch_labels.py took 0.049 seconds
[2024-05-02T10:25:11.687+0000] {processor.py:161} INFO - Started process (PID=623) to work on /home/airflow/.local/lib/python3.12/site-packages/airflow/example_dags/example_branch_labels.py
[2024-05-02T10:25:11.688+0000] {processor.py:830} INFO - Processing file /home/airflow/.local/lib/python3.12/site-packages/airflow/example_dags/example_branch_labels.py for tasks to queue
[2024-05-02T10:25:11.716+0000] {logging_mixin.py:188} INFO - [2024-05-02T10:25:11.716+0000] {dagbag.py:540} INFO - Filling up the DagBag from /home/airflow/.local/lib/python3.12/site-packages/airflow/example_dags/example_branch_labels.py
[2024-05-02T10:25:11.721+0000] {processor.py:840} INFO - DAG(s) 'example_branch_labels' retrieved from /home/airflow/.local/lib/python3.12/site-packages/airflow/example_dags/example_branch_labels.py
[2024-05-02T10:25:11.735+0000] {logging_mixin.py:188} INFO - [2024-05-02T10:25:11.734+0000] {dag.py:3096} INFO - Sync 1 DAGs
[2024-05-02T10:25:11.750+0000] {logging_mixin.py:188} INFO - [2024-05-02T10:25:11.750+0000] {dag.py:3954} INFO - Setting next_dagrun for example_branch_labels to 2024-05-01 00:00:00+00:00, run_after=2024-05-02 00:00:00+00:00
[2024-05-02T10:25:11.783+0000] {processor.py:183} INFO - Processing /home/airflow/.local/lib/python3.12/site-packages/airflow/example_dags/example_branch_labels.py took 0.099 seconds
[2024-05-02T10:25:42.134+0000] {processor.py:161} INFO - Started process (PID=683) to work on /home/airflow/.local/lib/python3.12/site-packages/airflow/example_dags/example_branch_labels.py
[2024-05-02T10:25:42.135+0000] {processor.py:830} INFO - Processing file /home/airflow/.local/lib/python3.12/site-packages/airflow/example_dags/example_branch_labels.py for tasks to queue
[2024-05-02T10:25:42.136+0000] {logging_mixin.py:188} INFO - [2024-05-02T10:25:42.136+0000] {dagbag.py:540} INFO - Filling up the DagBag from /home/airflow/.local/lib/python3.12/site-packages/airflow/example_dags/example_branch_labels.py
[2024-05-02T10:25:42.141+0000] {processor.py:840} INFO - DAG(s) 'example_branch_labels' retrieved from /home/airflow/.local/lib/python3.12/site-packages/airflow/example_dags/example_branch_labels.py
[2024-05-02T10:25:42.154+0000] {logging_mixin.py:188} INFO - [2024-05-02T10:25:42.154+0000] {dag.py:3096} INFO - Sync 1 DAGs
[2024-05-02T10:25:42.169+0000] {logging_mixin.py:188} INFO - [2024-05-02T10:25:42.169+0000] {dag.py:3954} INFO - Setting next_dagrun for example_branch_labels to 2024-05-01 00:00:00+00:00, run_after=2024-05-02 00:00:00+00:00
[2024-05-02T10:25:42.180+0000] {processor.py:183} INFO - Processing /home/airflow/.local/lib/python3.12/site-packages/airflow/example_dags/example_branch_labels.py took 0.051 seconds
[2024-05-02T10:26:12.629+0000] {processor.py:161} INFO - Started process (PID=742) to work on /home/airflow/.local/lib/python3.12/site-packages/airflow/example_dags/example_branch_labels.py
[2024-05-02T10:26:12.630+0000] {processor.py:830} INFO - Processing file /home/airflow/.local/lib/python3.12/site-packages/airflow/example_dags/example_branch_labels.py for tasks to queue
[2024-05-02T10:26:12.632+0000] {logging_mixin.py:188} INFO - [2024-05-02T10:26:12.631+0000] {dagbag.py:540} INFO - Filling up the DagBag from /home/airflow/.local/lib/python3.12/site-packages/airflow/example_dags/example_branch_labels.py
[2024-05-02T10:26:12.640+0000] {processor.py:840} INFO - DAG(s) 'example_branch_labels' retrieved from /home/airflow/.local/lib/python3.12/site-packages/airflow/example_dags/example_branch_labels.py
[2024-05-02T10:26:12.662+0000] {logging_mixin.py:188} INFO - [2024-05-02T10:26:12.662+0000] {dag.py:3096} INFO - Sync 1 DAGs
[2024-05-02T10:26:12.693+0000] {logging_mixin.py:188} INFO - [2024-05-02T10:26:12.692+0000] {dag.py:3954} INFO - Setting next_dagrun for example_branch_labels to 2024-05-01 00:00:00+00:00, run_after=2024-05-02 00:00:00+00:00
[2024-05-02T10:26:12.714+0000] {processor.py:183} INFO - Processing /home/airflow/.local/lib/python3.12/site-packages/airflow/example_dags/example_branch_labels.py took 0.091 seconds
[2024-05-02T10:26:43.247+0000] {processor.py:161} INFO - Started process (PID=801) to work on /home/airflow/.local/lib/python3.12/site-packages/airflow/example_dags/example_branch_labels.py
[2024-05-02T10:26:43.247+0000] {processor.py:830} INFO - Processing file /home/airflow/.local/lib/python3.12/site-packages/airflow/example_dags/example_branch_labels.py for tasks to queue
[2024-05-02T10:26:43.288+0000] {logging_mixin.py:188} INFO - [2024-05-02T10:26:43.288+0000] {dagbag.py:540} INFO - Filling up the DagBag from /home/airflow/.local/lib/python3.12/site-packages/airflow/example_dags/example_branch_labels.py
[2024-05-02T10:26:43.294+0000] {processor.py:840} INFO - DAG(s) 'example_branch_labels' retrieved from /home/airflow/.local/lib/python3.12/site-packages/airflow/example_dags/example_branch_labels.py
[2024-05-02T10:26:43.307+0000] {logging_mixin.py:188} INFO - [2024-05-02T10:26:43.307+0000] {dag.py:3096} INFO - Sync 1 DAGs
[2024-05-02T10:26:43.326+0000] {logging_mixin.py:188} INFO - [2024-05-02T10:26:43.326+0000] {dag.py:3954} INFO - Setting next_dagrun for example_branch_labels to 2024-05-01 00:00:00+00:00, run_after=2024-05-02 00:00:00+00:00
[2024-05-02T10:26:43.475+0000] {processor.py:183} INFO - Processing /home/airflow/.local/lib/python3.12/site-packages/airflow/example_dags/example_branch_labels.py took 0.232 seconds
[2024-05-02T10:27:14.369+0000] {processor.py:161} INFO - Started process (PID=860) to work on /home/airflow/.local/lib/python3.12/site-packages/airflow/example_dags/example_branch_labels.py
[2024-05-02T10:27:14.369+0000] {processor.py:830} INFO - Processing file /home/airflow/.local/lib/python3.12/site-packages/airflow/example_dags/example_branch_labels.py for tasks to queue
[2024-05-02T10:27:14.371+0000] {logging_mixin.py:188} INFO - [2024-05-02T10:27:14.371+0000] {dagbag.py:540} INFO - Filling up the DagBag from /home/airflow/.local/lib/python3.12/site-packages/airflow/example_dags/example_branch_labels.py
[2024-05-02T10:27:14.376+0000] {processor.py:840} INFO - DAG(s) 'example_branch_labels' retrieved from /home/airflow/.local/lib/python3.12/site-packages/airflow/example_dags/example_branch_labels.py
[2024-05-02T10:27:14.389+0000] {logging_mixin.py:188} INFO - [2024-05-02T10:27:14.389+0000] {dag.py:3096} INFO - Sync 1 DAGs
[2024-05-02T10:27:14.403+0000] {logging_mixin.py:188} INFO - [2024-05-02T10:27:14.403+0000] {dag.py:3954} INFO - Setting next_dagrun for example_branch_labels to 2024-05-01 00:00:00+00:00, run_after=2024-05-02 00:00:00+00:00
[2024-05-02T10:27:14.439+0000] {processor.py:183} INFO - Processing /home/airflow/.local/lib/python3.12/site-packages/airflow/example_dags/example_branch_labels.py took 0.079 seconds
[2024-05-02T10:27:45.621+0000] {processor.py:161} INFO - Started process (PID=919) to work on /home/airflow/.local/lib/python3.12/site-packages/airflow/example_dags/example_branch_labels.py
[2024-05-02T10:27:45.622+0000] {processor.py:830} INFO - Processing file /home/airflow/.local/lib/python3.12/site-packages/airflow/example_dags/example_branch_labels.py for tasks to queue
[2024-05-02T10:27:45.625+0000] {logging_mixin.py:188} INFO - [2024-05-02T10:27:45.624+0000] {dagbag.py:540} INFO - Filling up the DagBag from /home/airflow/.local/lib/python3.12/site-packages/airflow/example_dags/example_branch_labels.py
[2024-05-02T10:27:45.631+0000] {processor.py:840} INFO - DAG(s) 'example_branch_labels' retrieved from /home/airflow/.local/lib/python3.12/site-packages/airflow/example_dags/example_branch_labels.py
[2024-05-02T10:27:45.644+0000] {logging_mixin.py:188} INFO - [2024-05-02T10:27:45.644+0000] {dag.py:3096} INFO - Sync 1 DAGs
[2024-05-02T10:27:45.658+0000] {logging_mixin.py:188} INFO - [2024-05-02T10:27:45.657+0000] {dag.py:3954} INFO - Setting next_dagrun for example_branch_labels to 2024-05-01 00:00:00+00:00, run_after=2024-05-02 00:00:00+00:00
[2024-05-02T10:27:45.673+0000] {processor.py:183} INFO - Processing /home/airflow/.local/lib/python3.12/site-packages/airflow/example_dags/example_branch_labels.py took 0.062 seconds
[2024-05-02T10:28:15.936+0000] {processor.py:161} INFO - Started process (PID=978) to work on /home/airflow/.local/lib/python3.12/site-packages/airflow/example_dags/example_branch_labels.py
[2024-05-02T10:28:15.936+0000] {processor.py:830} INFO - Processing file /home/airflow/.local/lib/python3.12/site-packages/airflow/example_dags/example_branch_labels.py for tasks to queue
[2024-05-02T10:28:15.938+0000] {logging_mixin.py:188} INFO - [2024-05-02T10:28:15.937+0000] {dagbag.py:540} INFO - Filling up the DagBag from /home/airflow/.local/lib/python3.12/site-packages/airflow/example_dags/example_branch_labels.py
[2024-05-02T10:28:15.943+0000] {processor.py:840} INFO - DAG(s) 'example_branch_labels' retrieved from /home/airflow/.local/lib/python3.12/site-packages/airflow/example_dags/example_branch_labels.py
[2024-05-02T10:28:15.956+0000] {logging_mixin.py:188} INFO - [2024-05-02T10:28:15.956+0000] {dag.py:3096} INFO - Sync 1 DAGs
[2024-05-02T10:28:15.972+0000] {logging_mixin.py:188} INFO - [2024-05-02T10:28:15.972+0000] {dag.py:3954} INFO - Setting next_dagrun for example_branch_labels to 2024-05-01 00:00:00+00:00, run_after=2024-05-02 00:00:00+00:00
[2024-05-02T10:28:16.001+0000] {processor.py:183} INFO - Processing /home/airflow/.local/lib/python3.12/site-packages/airflow/example_dags/example_branch_labels.py took 0.070 seconds
[2024-05-02T10:28:46.560+0000] {processor.py:161} INFO - Started process (PID=1037) to work on /home/airflow/.local/lib/python3.12/site-packages/airflow/example_dags/example_branch_labels.py
[2024-05-02T10:28:46.560+0000] {processor.py:830} INFO - Processing file /home/airflow/.local/lib/python3.12/site-packages/airflow/example_dags/example_branch_labels.py for tasks to queue
[2024-05-02T10:28:46.561+0000] {logging_mixin.py:188} INFO - [2024-05-02T10:28:46.561+0000] {dagbag.py:540} INFO - Filling up the DagBag from /home/airflow/.local/lib/python3.12/site-packages/airflow/example_dags/example_branch_labels.py
[2024-05-02T10:28:46.567+0000] {processor.py:840} INFO - DAG(s) 'example_branch_labels' retrieved from /home/airflow/.local/lib/python3.12/site-packages/airflow/example_dags/example_branch_labels.py
[2024-05-02T10:28:46.581+0000] {logging_mixin.py:188} INFO - [2024-05-02T10:28:46.580+0000] {dag.py:3096} INFO - Sync 1 DAGs
[2024-05-02T10:28:46.688+0000] {logging_mixin.py:188} INFO - [2024-05-02T10:28:46.688+0000] {dag.py:3954} INFO - Setting next_dagrun for example_branch_labels to 2024-05-01 00:00:00+00:00, run_after=2024-05-02 00:00:00+00:00
[2024-05-02T10:28:46.704+0000] {processor.py:183} INFO - Processing /home/airflow/.local/lib/python3.12/site-packages/airflow/example_dags/example_branch_labels.py took 0.148 seconds
[2024-05-02T10:29:16.911+0000] {processor.py:161} INFO - Started process (PID=1096) to work on /home/airflow/.local/lib/python3.12/site-packages/airflow/example_dags/example_branch_labels.py
[2024-05-02T10:29:16.912+0000] {processor.py:830} INFO - Processing file /home/airflow/.local/lib/python3.12/site-packages/airflow/example_dags/example_branch_labels.py for tasks to queue
[2024-05-02T10:29:16.913+0000] {logging_mixin.py:188} INFO - [2024-05-02T10:29:16.913+0000] {dagbag.py:540} INFO - Filling up the DagBag from /home/airflow/.local/lib/python3.12/site-packages/airflow/example_dags/example_branch_labels.py
[2024-05-02T10:29:16.918+0000] {processor.py:840} INFO - DAG(s) 'example_branch_labels' retrieved from /home/airflow/.local/lib/python3.12/site-packages/airflow/example_dags/example_branch_labels.py
[2024-05-02T10:29:16.931+0000] {logging_mixin.py:188} INFO - [2024-05-02T10:29:16.931+0000] {dag.py:3096} INFO - Sync 1 DAGs
[2024-05-02T10:29:16.946+0000] {logging_mixin.py:188} INFO - [2024-05-02T10:29:16.946+0000] {dag.py:3954} INFO - Setting next_dagrun for example_branch_labels to 2024-05-01 00:00:00+00:00, run_after=2024-05-02 00:00:00+00:00
[2024-05-02T10:29:16.957+0000] {processor.py:183} INFO - Processing /home/airflow/.local/lib/python3.12/site-packages/airflow/example_dags/example_branch_labels.py took 0.050 seconds
[2024-05-02T10:29:47.218+0000] {processor.py:161} INFO - Started process (PID=1155) to work on /home/airflow/.local/lib/python3.12/site-packages/airflow/example_dags/example_branch_labels.py
[2024-05-02T10:29:47.218+0000] {processor.py:830} INFO - Processing file /home/airflow/.local/lib/python3.12/site-packages/airflow/example_dags/example_branch_labels.py for tasks to queue
[2024-05-02T10:29:47.219+0000] {logging_mixin.py:188} INFO - [2024-05-02T10:29:47.219+0000] {dagbag.py:540} INFO - Filling up the DagBag from /home/airflow/.local/lib/python3.12/site-packages/airflow/example_dags/example_branch_labels.py
[2024-05-02T10:29:47.224+0000] {processor.py:840} INFO - DAG(s) 'example_branch_labels' retrieved from /home/airflow/.local/lib/python3.12/site-packages/airflow/example_dags/example_branch_labels.py
[2024-05-02T10:29:47.239+0000] {logging_mixin.py:188} INFO - [2024-05-02T10:29:47.239+0000] {dag.py:3096} INFO - Sync 1 DAGs
[2024-05-02T10:29:47.275+0000] {logging_mixin.py:188} INFO - [2024-05-02T10:29:47.275+0000] {dag.py:3954} INFO - Setting next_dagrun for example_branch_labels to 2024-05-01 00:00:00+00:00, run_after=2024-05-02 00:00:00+00:00
[2024-05-02T10:29:47.288+0000] {processor.py:183} INFO - Processing /home/airflow/.local/lib/python3.12/site-packages/airflow/example_dags/example_branch_labels.py took 0.074 seconds
[2024-05-02T10:30:18.011+0000] {processor.py:161} INFO - Started process (PID=1214) to work on /home/airflow/.local/lib/python3.12/site-packages/airflow/example_dags/example_branch_labels.py
[2024-05-02T10:30:18.012+0000] {processor.py:830} INFO - Processing file /home/airflow/.local/lib/python3.12/site-packages/airflow/example_dags/example_branch_labels.py for tasks to queue
[2024-05-02T10:30:18.091+0000] {logging_mixin.py:188} INFO - [2024-05-02T10:30:18.091+0000] {dagbag.py:540} INFO - Filling up the DagBag from /home/airflow/.local/lib/python3.12/site-packages/airflow/example_dags/example_branch_labels.py
[2024-05-02T10:30:18.122+0000] {processor.py:840} INFO - DAG(s) 'example_branch_labels' retrieved from /home/airflow/.local/lib/python3.12/site-packages/airflow/example_dags/example_branch_labels.py
[2024-05-02T10:30:18.176+0000] {logging_mixin.py:188} INFO - [2024-05-02T10:30:18.176+0000] {dag.py:3096} INFO - Sync 1 DAGs
[2024-05-02T10:30:18.193+0000] {logging_mixin.py:188} INFO - [2024-05-02T10:30:18.193+0000] {dag.py:3954} INFO - Setting next_dagrun for example_branch_labels to 2024-05-01 00:00:00+00:00, run_after=2024-05-02 00:00:00+00:00
[2024-05-02T10:30:18.212+0000] {processor.py:183} INFO - Processing /home/airflow/.local/lib/python3.12/site-packages/airflow/example_dags/example_branch_labels.py took 0.204 seconds
[2024-05-02T10:30:48.523+0000] {processor.py:161} INFO - Started process (PID=1273) to work on /home/airflow/.local/lib/python3.12/site-packages/airflow/example_dags/example_branch_labels.py
[2024-05-02T10:30:48.523+0000] {processor.py:830} INFO - Processing file /home/airflow/.local/lib/python3.12/site-packages/airflow/example_dags/example_branch_labels.py for tasks to queue
[2024-05-02T10:30:48.524+0000] {logging_mixin.py:188} INFO - [2024-05-02T10:30:48.524+0000] {dagbag.py:540} INFO - Filling up the DagBag from /home/airflow/.local/lib/python3.12/site-packages/airflow/example_dags/example_branch_labels.py
[2024-05-02T10:30:48.529+0000] {processor.py:840} INFO - DAG(s) 'example_branch_labels' retrieved from /home/airflow/.local/lib/python3.12/site-packages/airflow/example_dags/example_branch_labels.py
[2024-05-02T10:30:48.565+0000] {logging_mixin.py:188} INFO - [2024-05-02T10:30:48.565+0000] {dag.py:3096} INFO - Sync 1 DAGs
[2024-05-02T10:30:48.579+0000] {logging_mixin.py:188} INFO - [2024-05-02T10:30:48.579+0000] {dag.py:3954} INFO - Setting next_dagrun for example_branch_labels to 2024-05-01 00:00:00+00:00, run_after=2024-05-02 00:00:00+00:00
[2024-05-02T10:30:48.608+0000] {processor.py:183} INFO - Processing /home/airflow/.local/lib/python3.12/site-packages/airflow/example_dags/example_branch_labels.py took 0.089 seconds
[2024-05-02T10:31:18.865+0000] {processor.py:161} INFO - Started process (PID=1332) to work on /home/airflow/.local/lib/python3.12/site-packages/airflow/example_dags/example_branch_labels.py
[2024-05-02T10:31:18.866+0000] {processor.py:830} INFO - Processing file /home/airflow/.local/lib/python3.12/site-packages/airflow/example_dags/example_branch_labels.py for tasks to queue
[2024-05-02T10:31:18.979+0000] {logging_mixin.py:188} INFO - [2024-05-02T10:31:18.979+0000] {dagbag.py:540} INFO - Filling up the DagBag from /home/airflow/.local/lib/python3.12/site-packages/airflow/example_dags/example_branch_labels.py
[2024-05-02T10:31:19.011+0000] {processor.py:840} INFO - DAG(s) 'example_branch_labels' retrieved from /home/airflow/.local/lib/python3.12/site-packages/airflow/example_dags/example_branch_labels.py
[2024-05-02T10:31:19.053+0000] {logging_mixin.py:188} INFO - [2024-05-02T10:31:19.053+0000] {dag.py:3096} INFO - Sync 1 DAGs
[2024-05-02T10:31:19.068+0000] {logging_mixin.py:188} INFO - [2024-05-02T10:31:19.068+0000] {dag.py:3954} INFO - Setting next_dagrun for example_branch_labels to 2024-05-01 00:00:00+00:00, run_after=2024-05-02 00:00:00+00:00
[2024-05-02T10:31:19.087+0000] {processor.py:183} INFO - Processing /home/airflow/.local/lib/python3.12/site-packages/airflow/example_dags/example_branch_labels.py took 0.225 seconds
[2024-05-02T10:31:49.566+0000] {processor.py:161} INFO - Started process (PID=1391) to work on /home/airflow/.local/lib/python3.12/site-packages/airflow/example_dags/example_branch_labels.py
[2024-05-02T10:31:49.567+0000] {processor.py:830} INFO - Processing file /home/airflow/.local/lib/python3.12/site-packages/airflow/example_dags/example_branch_labels.py for tasks to queue
[2024-05-02T10:31:49.568+0000] {logging_mixin.py:188} INFO - [2024-05-02T10:31:49.568+0000] {dagbag.py:540} INFO - Filling up the DagBag from /home/airflow/.local/lib/python3.12/site-packages/airflow/example_dags/example_branch_labels.py
[2024-05-02T10:31:49.573+0000] {processor.py:840} INFO - DAG(s) 'example_branch_labels' retrieved from /home/airflow/.local/lib/python3.12/site-packages/airflow/example_dags/example_branch_labels.py
[2024-05-02T10:31:49.586+0000] {logging_mixin.py:188} INFO - [2024-05-02T10:31:49.586+0000] {dag.py:3096} INFO - Sync 1 DAGs
[2024-05-02T10:31:49.600+0000] {logging_mixin.py:188} INFO - [2024-05-02T10:31:49.600+0000] {dag.py:3954} INFO - Setting next_dagrun for example_branch_labels to 2024-05-01 00:00:00+00:00, run_after=2024-05-02 00:00:00+00:00
[2024-05-02T10:31:49.636+0000] {processor.py:183} INFO - Processing /home/airflow/.local/lib/python3.12/site-packages/airflow/example_dags/example_branch_labels.py took 0.074 seconds
[2024-05-02T10:32:20.677+0000] {processor.py:161} INFO - Started process (PID=1450) to work on /home/airflow/.local/lib/python3.12/site-packages/airflow/example_dags/example_branch_labels.py
[2024-05-02T10:32:20.677+0000] {processor.py:830} INFO - Processing file /home/airflow/.local/lib/python3.12/site-packages/airflow/example_dags/example_branch_labels.py for tasks to queue
[2024-05-02T10:32:20.678+0000] {logging_mixin.py:188} INFO - [2024-05-02T10:32:20.678+0000] {dagbag.py:540} INFO - Filling up the DagBag from /home/airflow/.local/lib/python3.12/site-packages/airflow/example_dags/example_branch_labels.py
[2024-05-02T10:32:20.684+0000] {processor.py:840} INFO - DAG(s) 'example_branch_labels' retrieved from /home/airflow/.local/lib/python3.12/site-packages/airflow/example_dags/example_branch_labels.py
[2024-05-02T10:32:20.698+0000] {logging_mixin.py:188} INFO - [2024-05-02T10:32:20.698+0000] {dag.py:3096} INFO - Sync 1 DAGs
[2024-05-02T10:32:20.714+0000] {logging_mixin.py:188} INFO - [2024-05-02T10:32:20.714+0000] {dag.py:3954} INFO - Setting next_dagrun for example_branch_labels to 2024-05-01 00:00:00+00:00, run_after=2024-05-02 00:00:00+00:00
[2024-05-02T10:32:20.724+0000] {processor.py:183} INFO - Processing /home/airflow/.local/lib/python3.12/site-packages/airflow/example_dags/example_branch_labels.py took 0.052 seconds
[2024-05-02T10:32:51.466+0000] {processor.py:161} INFO - Started process (PID=1515) to work on /home/airflow/.local/lib/python3.12/site-packages/airflow/example_dags/example_branch_labels.py
[2024-05-02T10:32:51.467+0000] {processor.py:830} INFO - Processing file /home/airflow/.local/lib/python3.12/site-packages/airflow/example_dags/example_branch_labels.py for tasks to queue
[2024-05-02T10:32:51.468+0000] {logging_mixin.py:188} INFO - [2024-05-02T10:32:51.467+0000] {dagbag.py:540} INFO - Filling up the DagBag from /home/airflow/.local/lib/python3.12/site-packages/airflow/example_dags/example_branch_labels.py
[2024-05-02T10:32:51.473+0000] {processor.py:840} INFO - DAG(s) 'example_branch_labels' retrieved from /home/airflow/.local/lib/python3.12/site-packages/airflow/example_dags/example_branch_labels.py
[2024-05-02T10:32:51.486+0000] {logging_mixin.py:188} INFO - [2024-05-02T10:32:51.486+0000] {dag.py:3096} INFO - Sync 1 DAGs
[2024-05-02T10:32:51.519+0000] {logging_mixin.py:188} INFO - [2024-05-02T10:32:51.518+0000] {dag.py:3954} INFO - Setting next_dagrun for example_branch_labels to 2024-05-01 00:00:00+00:00, run_after=2024-05-02 00:00:00+00:00
[2024-05-02T10:32:51.560+0000] {processor.py:183} INFO - Processing /home/airflow/.local/lib/python3.12/site-packages/airflow/example_dags/example_branch_labels.py took 0.098 seconds
[2024-05-02T10:33:21.980+0000] {processor.py:161} INFO - Started process (PID=1574) to work on /home/airflow/.local/lib/python3.12/site-packages/airflow/example_dags/example_branch_labels.py
[2024-05-02T10:33:21.981+0000] {processor.py:830} INFO - Processing file /home/airflow/.local/lib/python3.12/site-packages/airflow/example_dags/example_branch_labels.py for tasks to queue
[2024-05-02T10:33:21.982+0000] {logging_mixin.py:188} INFO - [2024-05-02T10:33:21.982+0000] {dagbag.py:540} INFO - Filling up the DagBag from /home/airflow/.local/lib/python3.12/site-packages/airflow/example_dags/example_branch_labels.py
[2024-05-02T10:33:21.986+0000] {processor.py:840} INFO - DAG(s) 'example_branch_labels' retrieved from /home/airflow/.local/lib/python3.12/site-packages/airflow/example_dags/example_branch_labels.py
[2024-05-02T10:33:21.999+0000] {logging_mixin.py:188} INFO - [2024-05-02T10:33:21.999+0000] {dag.py:3096} INFO - Sync 1 DAGs
[2024-05-02T10:33:22.016+0000] {logging_mixin.py:188} INFO - [2024-05-02T10:33:22.016+0000] {dag.py:3954} INFO - Setting next_dagrun for example_branch_labels to 2024-05-01 00:00:00+00:00, run_after=2024-05-02 00:00:00+00:00
[2024-05-02T10:33:22.048+0000] {processor.py:183} INFO - Processing /home/airflow/.local/lib/python3.12/site-packages/airflow/example_dags/example_branch_labels.py took 0.071 seconds
[2024-05-02T10:33:52.267+0000] {processor.py:161} INFO - Started process (PID=1633) to work on /home/airflow/.local/lib/python3.12/site-packages/airflow/example_dags/example_branch_labels.py
[2024-05-02T10:33:52.267+0000] {processor.py:830} INFO - Processing file /home/airflow/.local/lib/python3.12/site-packages/airflow/example_dags/example_branch_labels.py for tasks to queue
[2024-05-02T10:33:52.268+0000] {logging_mixin.py:188} INFO - [2024-05-02T10:33:52.268+0000] {dagbag.py:540} INFO - Filling up the DagBag from /home/airflow/.local/lib/python3.12/site-packages/airflow/example_dags/example_branch_labels.py
[2024-05-02T10:33:52.274+0000] {processor.py:840} INFO - DAG(s) 'example_branch_labels' retrieved from /home/airflow/.local/lib/python3.12/site-packages/airflow/example_dags/example_branch_labels.py
[2024-05-02T10:33:52.298+0000] {logging_mixin.py:188} INFO - [2024-05-02T10:33:52.298+0000] {dag.py:3096} INFO - Sync 1 DAGs
[2024-05-02T10:33:52.315+0000] {logging_mixin.py:188} INFO - [2024-05-02T10:33:52.314+0000] {dag.py:3954} INFO - Setting next_dagrun for example_branch_labels to 2024-05-01 00:00:00+00:00, run_after=2024-05-02 00:00:00+00:00
[2024-05-02T10:33:52.325+0000] {processor.py:183} INFO - Processing /home/airflow/.local/lib/python3.12/site-packages/airflow/example_dags/example_branch_labels.py took 0.062 seconds
[2024-05-02T10:34:22.504+0000] {processor.py:161} INFO - Started process (PID=1692) to work on /home/airflow/.local/lib/python3.12/site-packages/airflow/example_dags/example_branch_labels.py
[2024-05-02T10:34:22.504+0000] {processor.py:830} INFO - Processing file /home/airflow/.local/lib/python3.12/site-packages/airflow/example_dags/example_branch_labels.py for tasks to queue
[2024-05-02T10:34:22.505+0000] {logging_mixin.py:188} INFO - [2024-05-02T10:34:22.505+0000] {dagbag.py:540} INFO - Filling up the DagBag from /home/airflow/.local/lib/python3.12/site-packages/airflow/example_dags/example_branch_labels.py
[2024-05-02T10:34:22.510+0000] {processor.py:840} INFO - DAG(s) 'example_branch_labels' retrieved from /home/airflow/.local/lib/python3.12/site-packages/airflow/example_dags/example_branch_labels.py
[2024-05-02T10:34:22.523+0000] {logging_mixin.py:188} INFO - [2024-05-02T10:34:22.523+0000] {dag.py:3096} INFO - Sync 1 DAGs
[2024-05-02T10:34:22.559+0000] {logging_mixin.py:188} INFO - [2024-05-02T10:34:22.559+0000] {dag.py:3954} INFO - Setting next_dagrun for example_branch_labels to 2024-05-01 00:00:00+00:00, run_after=2024-05-02 00:00:00+00:00
[2024-05-02T10:34:22.575+0000] {processor.py:183} INFO - Processing /home/airflow/.local/lib/python3.12/site-packages/airflow/example_dags/example_branch_labels.py took 0.074 seconds
[2024-05-02T10:34:53.680+0000] {processor.py:161} INFO - Started process (PID=1751) to work on /home/airflow/.local/lib/python3.12/site-packages/airflow/example_dags/example_branch_labels.py
[2024-05-02T10:34:53.681+0000] {processor.py:830} INFO - Processing file /home/airflow/.local/lib/python3.12/site-packages/airflow/example_dags/example_branch_labels.py for tasks to queue
[2024-05-02T10:34:53.732+0000] {logging_mixin.py:188} INFO - [2024-05-02T10:34:53.731+0000] {dagbag.py:540} INFO - Filling up the DagBag from /home/airflow/.local/lib/python3.12/site-packages/airflow/example_dags/example_branch_labels.py
[2024-05-02T10:34:53.784+0000] {processor.py:840} INFO - DAG(s) 'example_branch_labels' retrieved from /home/airflow/.local/lib/python3.12/site-packages/airflow/example_dags/example_branch_labels.py
[2024-05-02T10:34:53.838+0000] {logging_mixin.py:188} INFO - [2024-05-02T10:34:53.838+0000] {dag.py:3096} INFO - Sync 1 DAGs
[2024-05-02T10:34:53.877+0000] {logging_mixin.py:188} INFO - [2024-05-02T10:34:53.877+0000] {dag.py:3954} INFO - Setting next_dagrun for example_branch_labels to 2024-05-01 00:00:00+00:00, run_after=2024-05-02 00:00:00+00:00
[2024-05-02T10:34:53.933+0000] {processor.py:183} INFO - Processing /home/airflow/.local/lib/python3.12/site-packages/airflow/example_dags/example_branch_labels.py took 0.262 seconds
[2024-05-02T10:35:24.026+0000] {processor.py:161} INFO - Started process (PID=1810) to work on /home/airflow/.local/lib/python3.12/site-packages/airflow/example_dags/example_branch_labels.py
[2024-05-02T10:35:24.026+0000] {processor.py:830} INFO - Processing file /home/airflow/.local/lib/python3.12/site-packages/airflow/example_dags/example_branch_labels.py for tasks to queue
[2024-05-02T10:35:24.027+0000] {logging_mixin.py:188} INFO - [2024-05-02T10:35:24.027+0000] {dagbag.py:540} INFO - Filling up the DagBag from /home/airflow/.local/lib/python3.12/site-packages/airflow/example_dags/example_branch_labels.py
[2024-05-02T10:35:24.032+0000] {processor.py:840} INFO - DAG(s) 'example_branch_labels' retrieved from /home/airflow/.local/lib/python3.12/site-packages/airflow/example_dags/example_branch_labels.py
[2024-05-02T10:35:24.046+0000] {logging_mixin.py:188} INFO - [2024-05-02T10:35:24.045+0000] {dag.py:3096} INFO - Sync 1 DAGs
[2024-05-02T10:35:24.059+0000] {logging_mixin.py:188} INFO - [2024-05-02T10:35:24.059+0000] {dag.py:3954} INFO - Setting next_dagrun for example_branch_labels to 2024-05-01 00:00:00+00:00, run_after=2024-05-02 00:00:00+00:00
[2024-05-02T10:35:24.070+0000] {processor.py:183} INFO - Processing /home/airflow/.local/lib/python3.12/site-packages/airflow/example_dags/example_branch_labels.py took 0.047 seconds
[2024-05-02T10:35:54.476+0000] {processor.py:161} INFO - Started process (PID=1869) to work on /home/airflow/.local/lib/python3.12/site-packages/airflow/example_dags/example_branch_labels.py
[2024-05-02T10:35:54.477+0000] {processor.py:830} INFO - Processing file /home/airflow/.local/lib/python3.12/site-packages/airflow/example_dags/example_branch_labels.py for tasks to queue
[2024-05-02T10:35:54.478+0000] {logging_mixin.py:188} INFO - [2024-05-02T10:35:54.478+0000] {dagbag.py:540} INFO - Filling up the DagBag from /home/airflow/.local/lib/python3.12/site-packages/airflow/example_dags/example_branch_labels.py
[2024-05-02T10:35:54.483+0000] {processor.py:840} INFO - DAG(s) 'example_branch_labels' retrieved from /home/airflow/.local/lib/python3.12/site-packages/airflow/example_dags/example_branch_labels.py
[2024-05-02T10:35:54.496+0000] {logging_mixin.py:188} INFO - [2024-05-02T10:35:54.496+0000] {dag.py:3096} INFO - Sync 1 DAGs
[2024-05-02T10:35:54.510+0000] {logging_mixin.py:188} INFO - [2024-05-02T10:35:54.510+0000] {dag.py:3954} INFO - Setting next_dagrun for example_branch_labels to 2024-05-01 00:00:00+00:00, run_after=2024-05-02 00:00:00+00:00
[2024-05-02T10:35:54.552+0000] {processor.py:183} INFO - Processing /home/airflow/.local/lib/python3.12/site-packages/airflow/example_dags/example_branch_labels.py took 0.082 seconds
[2024-05-02T10:36:24.979+0000] {processor.py:161} INFO - Started process (PID=1928) to work on /home/airflow/.local/lib/python3.12/site-packages/airflow/example_dags/example_branch_labels.py
[2024-05-02T10:36:24.979+0000] {processor.py:830} INFO - Processing file /home/airflow/.local/lib/python3.12/site-packages/airflow/example_dags/example_branch_labels.py for tasks to queue
[2024-05-02T10:36:24.980+0000] {logging_mixin.py:188} INFO - [2024-05-02T10:36:24.980+0000] {dagbag.py:540} INFO - Filling up the DagBag from /home/airflow/.local/lib/python3.12/site-packages/airflow/example_dags/example_branch_labels.py
[2024-05-02T10:36:24.985+0000] {processor.py:840} INFO - DAG(s) 'example_branch_labels' retrieved from /home/airflow/.local/lib/python3.12/site-packages/airflow/example_dags/example_branch_labels.py
[2024-05-02T10:36:24.998+0000] {logging_mixin.py:188} INFO - [2024-05-02T10:36:24.998+0000] {dag.py:3096} INFO - Sync 1 DAGs
[2024-05-02T10:36:25.035+0000] {logging_mixin.py:188} INFO - [2024-05-02T10:36:25.035+0000] {dag.py:3954} INFO - Setting next_dagrun for example_branch_labels to 2024-05-01 00:00:00+00:00, run_after=2024-05-02 00:00:00+00:00
[2024-05-02T10:36:25.061+0000] {processor.py:183} INFO - Processing /home/airflow/.local/lib/python3.12/site-packages/airflow/example_dags/example_branch_labels.py took 0.085 seconds
[2024-05-02T10:36:55.147+0000] {processor.py:161} INFO - Started process (PID=1987) to work on /home/airflow/.local/lib/python3.12/site-packages/airflow/example_dags/example_branch_labels.py
[2024-05-02T10:36:55.148+0000] {processor.py:830} INFO - Processing file /home/airflow/.local/lib/python3.12/site-packages/airflow/example_dags/example_branch_labels.py for tasks to queue
[2024-05-02T10:36:55.149+0000] {logging_mixin.py:188} INFO - [2024-05-02T10:36:55.149+0000] {dagbag.py:540} INFO - Filling up the DagBag from /home/airflow/.local/lib/python3.12/site-packages/airflow/example_dags/example_branch_labels.py
[2024-05-02T10:36:55.155+0000] {processor.py:840} INFO - DAG(s) 'example_branch_labels' retrieved from /home/airflow/.local/lib/python3.12/site-packages/airflow/example_dags/example_branch_labels.py
[2024-05-02T10:36:55.168+0000] {logging_mixin.py:188} INFO - [2024-05-02T10:36:55.168+0000] {dag.py:3096} INFO - Sync 1 DAGs
[2024-05-02T10:36:55.196+0000] {logging_mixin.py:188} INFO - [2024-05-02T10:36:55.196+0000] {dag.py:3954} INFO - Setting next_dagrun for example_branch_labels to 2024-05-01 00:00:00+00:00, run_after=2024-05-02 00:00:00+00:00
[2024-05-02T10:36:55.207+0000] {processor.py:183} INFO - Processing /home/airflow/.local/lib/python3.12/site-packages/airflow/example_dags/example_branch_labels.py took 0.064 seconds
[2024-05-02T10:37:25.904+0000] {processor.py:161} INFO - Started process (PID=2046) to work on /home/airflow/.local/lib/python3.12/site-packages/airflow/example_dags/example_branch_labels.py
[2024-05-02T10:37:25.904+0000] {processor.py:830} INFO - Processing file /home/airflow/.local/lib/python3.12/site-packages/airflow/example_dags/example_branch_labels.py for tasks to queue
[2024-05-02T10:37:25.905+0000] {logging_mixin.py:188} INFO - [2024-05-02T10:37:25.905+0000] {dagbag.py:540} INFO - Filling up the DagBag from /home/airflow/.local/lib/python3.12/site-packages/airflow/example_dags/example_branch_labels.py
[2024-05-02T10:37:25.910+0000] {processor.py:840} INFO - DAG(s) 'example_branch_labels' retrieved from /home/airflow/.local/lib/python3.12/site-packages/airflow/example_dags/example_branch_labels.py
[2024-05-02T10:37:25.924+0000] {logging_mixin.py:188} INFO - [2024-05-02T10:37:25.924+0000] {dag.py:3096} INFO - Sync 1 DAGs
[2024-05-02T10:37:25.941+0000] {logging_mixin.py:188} INFO - [2024-05-02T10:37:25.941+0000] {dag.py:3954} INFO - Setting next_dagrun for example_branch_labels to 2024-05-01 00:00:00+00:00, run_after=2024-05-02 00:00:00+00:00
[2024-05-02T10:37:25.954+0000] {processor.py:183} INFO - Processing /home/airflow/.local/lib/python3.12/site-packages/airflow/example_dags/example_branch_labels.py took 0.055 seconds
[2024-05-02T10:37:56.352+0000] {processor.py:161} INFO - Started process (PID=2105) to work on /home/airflow/.local/lib/python3.12/site-packages/airflow/example_dags/example_branch_labels.py
[2024-05-02T10:37:56.352+0000] {processor.py:830} INFO - Processing file /home/airflow/.local/lib/python3.12/site-packages/airflow/example_dags/example_branch_labels.py for tasks to queue
[2024-05-02T10:37:56.353+0000] {logging_mixin.py:188} INFO - [2024-05-02T10:37:56.353+0000] {dagbag.py:540} INFO - Filling up the DagBag from /home/airflow/.local/lib/python3.12/site-packages/airflow/example_dags/example_branch_labels.py
[2024-05-02T10:37:56.358+0000] {processor.py:840} INFO - DAG(s) 'example_branch_labels' retrieved from /home/airflow/.local/lib/python3.12/site-packages/airflow/example_dags/example_branch_labels.py
[2024-05-02T10:37:56.371+0000] {logging_mixin.py:188} INFO - [2024-05-02T10:37:56.371+0000] {dag.py:3096} INFO - Sync 1 DAGs
[2024-05-02T10:37:56.386+0000] {logging_mixin.py:188} INFO - [2024-05-02T10:37:56.385+0000] {dag.py:3954} INFO - Setting next_dagrun for example_branch_labels to 2024-05-01 00:00:00+00:00, run_after=2024-05-02 00:00:00+00:00
[2024-05-02T10:37:56.398+0000] {processor.py:183} INFO - Processing /home/airflow/.local/lib/python3.12/site-packages/airflow/example_dags/example_branch_labels.py took 0.050 seconds
[2024-05-02T10:38:27.278+0000] {processor.py:161} INFO - Started process (PID=2164) to work on /home/airflow/.local/lib/python3.12/site-packages/airflow/example_dags/example_branch_labels.py
[2024-05-02T10:38:27.278+0000] {processor.py:830} INFO - Processing file /home/airflow/.local/lib/python3.12/site-packages/airflow/example_dags/example_branch_labels.py for tasks to queue
[2024-05-02T10:38:27.279+0000] {logging_mixin.py:188} INFO - [2024-05-02T10:38:27.279+0000] {dagbag.py:540} INFO - Filling up the DagBag from /home/airflow/.local/lib/python3.12/site-packages/airflow/example_dags/example_branch_labels.py
[2024-05-02T10:38:27.284+0000] {processor.py:840} INFO - DAG(s) 'example_branch_labels' retrieved from /home/airflow/.local/lib/python3.12/site-packages/airflow/example_dags/example_branch_labels.py
[2024-05-02T10:38:27.297+0000] {logging_mixin.py:188} INFO - [2024-05-02T10:38:27.297+0000] {dag.py:3096} INFO - Sync 1 DAGs
[2024-05-02T10:38:27.311+0000] {logging_mixin.py:188} INFO - [2024-05-02T10:38:27.311+0000] {dag.py:3954} INFO - Setting next_dagrun for example_branch_labels to 2024-05-01 00:00:00+00:00, run_after=2024-05-02 00:00:00+00:00
[2024-05-02T10:38:27.367+0000] {processor.py:183} INFO - Processing /home/airflow/.local/lib/python3.12/site-packages/airflow/example_dags/example_branch_labels.py took 0.093 seconds
[2024-05-02T10:38:58.046+0000] {processor.py:161} INFO - Started process (PID=2223) to work on /home/airflow/.local/lib/python3.12/site-packages/airflow/example_dags/example_branch_labels.py
[2024-05-02T10:38:58.046+0000] {processor.py:830} INFO - Processing file /home/airflow/.local/lib/python3.12/site-packages/airflow/example_dags/example_branch_labels.py for tasks to queue
[2024-05-02T10:38:58.047+0000] {logging_mixin.py:188} INFO - [2024-05-02T10:38:58.047+0000] {dagbag.py:540} INFO - Filling up the DagBag from /home/airflow/.local/lib/python3.12/site-packages/airflow/example_dags/example_branch_labels.py
[2024-05-02T10:38:58.053+0000] {processor.py:840} INFO - DAG(s) 'example_branch_labels' retrieved from /home/airflow/.local/lib/python3.12/site-packages/airflow/example_dags/example_branch_labels.py
[2024-05-02T10:38:58.069+0000] {logging_mixin.py:188} INFO - [2024-05-02T10:38:58.068+0000] {dag.py:3096} INFO - Sync 1 DAGs
[2024-05-02T10:38:58.118+0000] {logging_mixin.py:188} INFO - [2024-05-02T10:38:58.118+0000] {dag.py:3954} INFO - Setting next_dagrun for example_branch_labels to 2024-05-01 00:00:00+00:00, run_after=2024-05-02 00:00:00+00:00
[2024-05-02T10:38:58.134+0000] {processor.py:183} INFO - Processing /home/airflow/.local/lib/python3.12/site-packages/airflow/example_dags/example_branch_labels.py took 0.092 seconds
[2024-05-02T10:39:28.485+0000] {processor.py:161} INFO - Started process (PID=2282) to work on /home/airflow/.local/lib/python3.12/site-packages/airflow/example_dags/example_branch_labels.py
[2024-05-02T10:39:28.485+0000] {processor.py:830} INFO - Processing file /home/airflow/.local/lib/python3.12/site-packages/airflow/example_dags/example_branch_labels.py for tasks to queue
[2024-05-02T10:39:28.486+0000] {logging_mixin.py:188} INFO - [2024-05-02T10:39:28.486+0000] {dagbag.py:540} INFO - Filling up the DagBag from /home/airflow/.local/lib/python3.12/site-packages/airflow/example_dags/example_branch_labels.py
[2024-05-02T10:39:28.491+0000] {processor.py:840} INFO - DAG(s) 'example_branch_labels' retrieved from /home/airflow/.local/lib/python3.12/site-packages/airflow/example_dags/example_branch_labels.py
[2024-05-02T10:39:28.504+0000] {logging_mixin.py:188} INFO - [2024-05-02T10:39:28.504+0000] {dag.py:3096} INFO - Sync 1 DAGs
[2024-05-02T10:39:28.519+0000] {logging_mixin.py:188} INFO - [2024-05-02T10:39:28.518+0000] {dag.py:3954} INFO - Setting next_dagrun for example_branch_labels to 2024-05-01 00:00:00+00:00, run_after=2024-05-02 00:00:00+00:00
[2024-05-02T10:39:28.530+0000] {processor.py:183} INFO - Processing /home/airflow/.local/lib/python3.12/site-packages/airflow/example_dags/example_branch_labels.py took 0.049 seconds
[2024-05-02T10:39:58.743+0000] {processor.py:161} INFO - Started process (PID=2341) to work on /home/airflow/.local/lib/python3.12/site-packages/airflow/example_dags/example_branch_labels.py
[2024-05-02T10:39:58.743+0000] {processor.py:830} INFO - Processing file /home/airflow/.local/lib/python3.12/site-packages/airflow/example_dags/example_branch_labels.py for tasks to queue
[2024-05-02T10:39:58.744+0000] {logging_mixin.py:188} INFO - [2024-05-02T10:39:58.744+0000] {dagbag.py:540} INFO - Filling up the DagBag from /home/airflow/.local/lib/python3.12/site-packages/airflow/example_dags/example_branch_labels.py
[2024-05-02T10:39:58.749+0000] {processor.py:840} INFO - DAG(s) 'example_branch_labels' retrieved from /home/airflow/.local/lib/python3.12/site-packages/airflow/example_dags/example_branch_labels.py
[2024-05-02T10:39:58.762+0000] {logging_mixin.py:188} INFO - [2024-05-02T10:39:58.762+0000] {dag.py:3096} INFO - Sync 1 DAGs
[2024-05-02T10:39:58.776+0000] {logging_mixin.py:188} INFO - [2024-05-02T10:39:58.776+0000] {dag.py:3954} INFO - Setting next_dagrun for example_branch_labels to 2024-05-01 00:00:00+00:00, run_after=2024-05-02 00:00:00+00:00
[2024-05-02T10:39:58.787+0000] {processor.py:183} INFO - Processing /home/airflow/.local/lib/python3.12/site-packages/airflow/example_dags/example_branch_labels.py took 0.049 seconds
[2024-05-02T10:40:28.997+0000] {processor.py:161} INFO - Started process (PID=2400) to work on /home/airflow/.local/lib/python3.12/site-packages/airflow/example_dags/example_branch_labels.py
[2024-05-02T10:40:28.997+0000] {processor.py:830} INFO - Processing file /home/airflow/.local/lib/python3.12/site-packages/airflow/example_dags/example_branch_labels.py for tasks to queue
[2024-05-02T10:40:28.998+0000] {logging_mixin.py:188} INFO - [2024-05-02T10:40:28.998+0000] {dagbag.py:540} INFO - Filling up the DagBag from /home/airflow/.local/lib/python3.12/site-packages/airflow/example_dags/example_branch_labels.py
[2024-05-02T10:40:29.003+0000] {processor.py:840} INFO - DAG(s) 'example_branch_labels' retrieved from /home/airflow/.local/lib/python3.12/site-packages/airflow/example_dags/example_branch_labels.py
[2024-05-02T10:40:29.016+0000] {logging_mixin.py:188} INFO - [2024-05-02T10:40:29.015+0000] {dag.py:3096} INFO - Sync 1 DAGs
[2024-05-02T10:40:29.029+0000] {logging_mixin.py:188} INFO - [2024-05-02T10:40:29.029+0000] {dag.py:3954} INFO - Setting next_dagrun for example_branch_labels to 2024-05-01 00:00:00+00:00, run_after=2024-05-02 00:00:00+00:00
[2024-05-02T10:40:29.040+0000] {processor.py:183} INFO - Processing /home/airflow/.local/lib/python3.12/site-packages/airflow/example_dags/example_branch_labels.py took 0.046 seconds
[2024-05-02T10:42:27.501+0000] {processor.py:161} INFO - Started process (PID=62) to work on /home/airflow/.local/lib/python3.12/site-packages/airflow/example_dags/example_branch_labels.py
[2024-05-02T10:42:27.501+0000] {processor.py:830} INFO - Processing file /home/airflow/.local/lib/python3.12/site-packages/airflow/example_dags/example_branch_labels.py for tasks to queue
[2024-05-02T10:42:27.546+0000] {logging_mixin.py:188} INFO - [2024-05-02T10:42:27.546+0000] {dagbag.py:540} INFO - Filling up the DagBag from /home/airflow/.local/lib/python3.12/site-packages/airflow/example_dags/example_branch_labels.py
[2024-05-02T10:42:27.553+0000] {processor.py:840} INFO - DAG(s) 'example_branch_labels' retrieved from /home/airflow/.local/lib/python3.12/site-packages/airflow/example_dags/example_branch_labels.py
[2024-05-02T10:42:27.632+0000] {logging_mixin.py:188} INFO - [2024-05-02T10:42:27.632+0000] {dag.py:3096} INFO - Sync 1 DAGs
[2024-05-02T10:42:27.647+0000] {logging_mixin.py:188} INFO - [2024-05-02T10:42:27.647+0000] {dag.py:3954} INFO - Setting next_dagrun for example_branch_labels to 2024-05-01 00:00:00+00:00, run_after=2024-05-02 00:00:00+00:00
[2024-05-02T10:42:27.663+0000] {processor.py:183} INFO - Processing /home/airflow/.local/lib/python3.12/site-packages/airflow/example_dags/example_branch_labels.py took 0.166 seconds
[2024-05-02T10:42:58.417+0000] {processor.py:161} INFO - Started process (PID=121) to work on /home/airflow/.local/lib/python3.12/site-packages/airflow/example_dags/example_branch_labels.py
[2024-05-02T10:42:58.418+0000] {processor.py:830} INFO - Processing file /home/airflow/.local/lib/python3.12/site-packages/airflow/example_dags/example_branch_labels.py for tasks to queue
[2024-05-02T10:42:58.419+0000] {logging_mixin.py:188} INFO - [2024-05-02T10:42:58.419+0000] {dagbag.py:540} INFO - Filling up the DagBag from /home/airflow/.local/lib/python3.12/site-packages/airflow/example_dags/example_branch_labels.py
[2024-05-02T10:42:58.423+0000] {processor.py:840} INFO - DAG(s) 'example_branch_labels' retrieved from /home/airflow/.local/lib/python3.12/site-packages/airflow/example_dags/example_branch_labels.py
[2024-05-02T10:42:58.439+0000] {logging_mixin.py:188} INFO - [2024-05-02T10:42:58.438+0000] {dag.py:3096} INFO - Sync 1 DAGs
[2024-05-02T10:42:58.475+0000] {logging_mixin.py:188} INFO - [2024-05-02T10:42:58.475+0000] {dag.py:3954} INFO - Setting next_dagrun for example_branch_labels to 2024-05-01 00:00:00+00:00, run_after=2024-05-02 00:00:00+00:00
[2024-05-02T10:42:58.491+0000] {processor.py:183} INFO - Processing /home/airflow/.local/lib/python3.12/site-packages/airflow/example_dags/example_branch_labels.py took 0.079 seconds
[2024-05-02T10:43:28.746+0000] {processor.py:161} INFO - Started process (PID=181) to work on /home/airflow/.local/lib/python3.12/site-packages/airflow/example_dags/example_branch_labels.py
[2024-05-02T10:43:28.746+0000] {processor.py:830} INFO - Processing file /home/airflow/.local/lib/python3.12/site-packages/airflow/example_dags/example_branch_labels.py for tasks to queue
[2024-05-02T10:43:28.748+0000] {logging_mixin.py:188} INFO - [2024-05-02T10:43:28.748+0000] {dagbag.py:540} INFO - Filling up the DagBag from /home/airflow/.local/lib/python3.12/site-packages/airflow/example_dags/example_branch_labels.py
[2024-05-02T10:43:28.754+0000] {processor.py:840} INFO - DAG(s) 'example_branch_labels' retrieved from /home/airflow/.local/lib/python3.12/site-packages/airflow/example_dags/example_branch_labels.py
[2024-05-02T10:43:28.769+0000] {logging_mixin.py:188} INFO - [2024-05-02T10:43:28.769+0000] {dag.py:3096} INFO - Sync 1 DAGs
[2024-05-02T10:43:28.799+0000] {logging_mixin.py:188} INFO - [2024-05-02T10:43:28.799+0000] {dag.py:3954} INFO - Setting next_dagrun for example_branch_labels to 2024-05-01 00:00:00+00:00, run_after=2024-05-02 00:00:00+00:00
[2024-05-02T10:43:28.814+0000] {processor.py:183} INFO - Processing /home/airflow/.local/lib/python3.12/site-packages/airflow/example_dags/example_branch_labels.py took 0.074 seconds
[2024-05-02T10:43:58.976+0000] {processor.py:161} INFO - Started process (PID=241) to work on /home/airflow/.local/lib/python3.12/site-packages/airflow/example_dags/example_branch_labels.py
[2024-05-02T10:43:58.976+0000] {processor.py:830} INFO - Processing file /home/airflow/.local/lib/python3.12/site-packages/airflow/example_dags/example_branch_labels.py for tasks to queue
[2024-05-02T10:43:58.977+0000] {logging_mixin.py:188} INFO - [2024-05-02T10:43:58.977+0000] {dagbag.py:540} INFO - Filling up the DagBag from /home/airflow/.local/lib/python3.12/site-packages/airflow/example_dags/example_branch_labels.py
[2024-05-02T10:43:58.982+0000] {processor.py:840} INFO - DAG(s) 'example_branch_labels' retrieved from /home/airflow/.local/lib/python3.12/site-packages/airflow/example_dags/example_branch_labels.py
[2024-05-02T10:43:58.995+0000] {logging_mixin.py:188} INFO - [2024-05-02T10:43:58.994+0000] {dag.py:3096} INFO - Sync 1 DAGs
[2024-05-02T10:43:59.010+0000] {logging_mixin.py:188} INFO - [2024-05-02T10:43:59.010+0000] {dag.py:3954} INFO - Setting next_dagrun for example_branch_labels to 2024-05-01 00:00:00+00:00, run_after=2024-05-02 00:00:00+00:00
[2024-05-02T10:43:59.037+0000] {processor.py:183} INFO - Processing /home/airflow/.local/lib/python3.12/site-packages/airflow/example_dags/example_branch_labels.py took 0.065 seconds
[2024-05-02T10:44:29.278+0000] {processor.py:161} INFO - Started process (PID=300) to work on /home/airflow/.local/lib/python3.12/site-packages/airflow/example_dags/example_branch_labels.py
[2024-05-02T10:44:29.279+0000] {processor.py:830} INFO - Processing file /home/airflow/.local/lib/python3.12/site-packages/airflow/example_dags/example_branch_labels.py for tasks to queue
[2024-05-02T10:44:29.304+0000] {logging_mixin.py:188} INFO - [2024-05-02T10:44:29.303+0000] {dagbag.py:540} INFO - Filling up the DagBag from /home/airflow/.local/lib/python3.12/site-packages/airflow/example_dags/example_branch_labels.py
[2024-05-02T10:44:29.330+0000] {processor.py:840} INFO - DAG(s) 'example_branch_labels' retrieved from /home/airflow/.local/lib/python3.12/site-packages/airflow/example_dags/example_branch_labels.py
[2024-05-02T10:44:29.361+0000] {logging_mixin.py:188} INFO - [2024-05-02T10:44:29.360+0000] {dag.py:3096} INFO - Sync 1 DAGs
[2024-05-02T10:44:29.383+0000] {logging_mixin.py:188} INFO - [2024-05-02T10:44:29.383+0000] {dag.py:3954} INFO - Setting next_dagrun for example_branch_labels to 2024-05-01 00:00:00+00:00, run_after=2024-05-02 00:00:00+00:00
[2024-05-02T10:44:29.411+0000] {processor.py:183} INFO - Processing /home/airflow/.local/lib/python3.12/site-packages/airflow/example_dags/example_branch_labels.py took 0.136 seconds
[2024-05-02T10:44:59.519+0000] {processor.py:161} INFO - Started process (PID=359) to work on /home/airflow/.local/lib/python3.12/site-packages/airflow/example_dags/example_branch_labels.py
[2024-05-02T10:44:59.519+0000] {processor.py:830} INFO - Processing file /home/airflow/.local/lib/python3.12/site-packages/airflow/example_dags/example_branch_labels.py for tasks to queue
[2024-05-02T10:44:59.520+0000] {logging_mixin.py:188} INFO - [2024-05-02T10:44:59.520+0000] {dagbag.py:540} INFO - Filling up the DagBag from /home/airflow/.local/lib/python3.12/site-packages/airflow/example_dags/example_branch_labels.py
[2024-05-02T10:44:59.524+0000] {processor.py:840} INFO - DAG(s) 'example_branch_labels' retrieved from /home/airflow/.local/lib/python3.12/site-packages/airflow/example_dags/example_branch_labels.py
[2024-05-02T10:44:59.537+0000] {logging_mixin.py:188} INFO - [2024-05-02T10:44:59.537+0000] {dag.py:3096} INFO - Sync 1 DAGs
[2024-05-02T10:44:59.552+0000] {logging_mixin.py:188} INFO - [2024-05-02T10:44:59.551+0000] {dag.py:3954} INFO - Setting next_dagrun for example_branch_labels to 2024-05-01 00:00:00+00:00, run_after=2024-05-02 00:00:00+00:00
[2024-05-02T10:44:59.576+0000] {processor.py:183} INFO - Processing /home/airflow/.local/lib/python3.12/site-packages/airflow/example_dags/example_branch_labels.py took 0.061 seconds
[2024-05-02T10:45:30.286+0000] {processor.py:161} INFO - Started process (PID=420) to work on /home/airflow/.local/lib/python3.12/site-packages/airflow/example_dags/example_branch_labels.py
[2024-05-02T10:45:30.286+0000] {processor.py:830} INFO - Processing file /home/airflow/.local/lib/python3.12/site-packages/airflow/example_dags/example_branch_labels.py for tasks to queue
[2024-05-02T10:45:30.324+0000] {logging_mixin.py:188} INFO - [2024-05-02T10:45:30.323+0000] {dagbag.py:540} INFO - Filling up the DagBag from /home/airflow/.local/lib/python3.12/site-packages/airflow/example_dags/example_branch_labels.py
[2024-05-02T10:45:30.356+0000] {processor.py:840} INFO - DAG(s) 'example_branch_labels' retrieved from /home/airflow/.local/lib/python3.12/site-packages/airflow/example_dags/example_branch_labels.py
[2024-05-02T10:45:30.391+0000] {logging_mixin.py:188} INFO - [2024-05-02T10:45:30.390+0000] {dag.py:3096} INFO - Sync 1 DAGs
[2024-05-02T10:45:30.419+0000] {logging_mixin.py:188} INFO - [2024-05-02T10:45:30.419+0000] {dag.py:3954} INFO - Setting next_dagrun for example_branch_labels to 2024-05-01 00:00:00+00:00, run_after=2024-05-02 00:00:00+00:00
[2024-05-02T10:45:30.444+0000] {processor.py:183} INFO - Processing /home/airflow/.local/lib/python3.12/site-packages/airflow/example_dags/example_branch_labels.py took 0.162 seconds
[2024-05-02T10:46:00.512+0000] {processor.py:161} INFO - Started process (PID=479) to work on /home/airflow/.local/lib/python3.12/site-packages/airflow/example_dags/example_branch_labels.py
[2024-05-02T10:46:00.513+0000] {processor.py:830} INFO - Processing file /home/airflow/.local/lib/python3.12/site-packages/airflow/example_dags/example_branch_labels.py for tasks to queue
[2024-05-02T10:46:00.515+0000] {logging_mixin.py:188} INFO - [2024-05-02T10:46:00.514+0000] {dagbag.py:540} INFO - Filling up the DagBag from /home/airflow/.local/lib/python3.12/site-packages/airflow/example_dags/example_branch_labels.py
[2024-05-02T10:46:00.521+0000] {processor.py:840} INFO - DAG(s) 'example_branch_labels' retrieved from /home/airflow/.local/lib/python3.12/site-packages/airflow/example_dags/example_branch_labels.py
[2024-05-02T10:46:00.536+0000] {logging_mixin.py:188} INFO - [2024-05-02T10:46:00.535+0000] {dag.py:3096} INFO - Sync 1 DAGs
[2024-05-02T10:46:00.567+0000] {logging_mixin.py:188} INFO - [2024-05-02T10:46:00.567+0000] {dag.py:3954} INFO - Setting next_dagrun for example_branch_labels to 2024-05-01 00:00:00+00:00, run_after=2024-05-02 00:00:00+00:00
[2024-05-02T10:46:00.582+0000] {processor.py:183} INFO - Processing /home/airflow/.local/lib/python3.12/site-packages/airflow/example_dags/example_branch_labels.py took 0.075 seconds
[2024-05-02T10:46:30.875+0000] {processor.py:161} INFO - Started process (PID=539) to work on /home/airflow/.local/lib/python3.12/site-packages/airflow/example_dags/example_branch_labels.py
[2024-05-02T10:46:30.875+0000] {processor.py:830} INFO - Processing file /home/airflow/.local/lib/python3.12/site-packages/airflow/example_dags/example_branch_labels.py for tasks to queue
[2024-05-02T10:46:30.876+0000] {logging_mixin.py:188} INFO - [2024-05-02T10:46:30.876+0000] {dagbag.py:540} INFO - Filling up the DagBag from /home/airflow/.local/lib/python3.12/site-packages/airflow/example_dags/example_branch_labels.py
[2024-05-02T10:46:30.881+0000] {processor.py:840} INFO - DAG(s) 'example_branch_labels' retrieved from /home/airflow/.local/lib/python3.12/site-packages/airflow/example_dags/example_branch_labels.py
[2024-05-02T10:46:30.895+0000] {logging_mixin.py:188} INFO - [2024-05-02T10:46:30.895+0000] {dag.py:3096} INFO - Sync 1 DAGs
[2024-05-02T10:46:30.935+0000] {logging_mixin.py:188} INFO - [2024-05-02T10:46:30.935+0000] {dag.py:3954} INFO - Setting next_dagrun for example_branch_labels to 2024-05-01 00:00:00+00:00, run_after=2024-05-02 00:00:00+00:00
[2024-05-02T10:46:30.947+0000] {processor.py:183} INFO - Processing /home/airflow/.local/lib/python3.12/site-packages/airflow/example_dags/example_branch_labels.py took 0.077 seconds
[2024-05-02T10:47:01.197+0000] {processor.py:161} INFO - Started process (PID=599) to work on /home/airflow/.local/lib/python3.12/site-packages/airflow/example_dags/example_branch_labels.py
[2024-05-02T10:47:01.198+0000] {processor.py:830} INFO - Processing file /home/airflow/.local/lib/python3.12/site-packages/airflow/example_dags/example_branch_labels.py for tasks to queue
[2024-05-02T10:47:01.199+0000] {logging_mixin.py:188} INFO - [2024-05-02T10:47:01.198+0000] {dagbag.py:540} INFO - Filling up the DagBag from /home/airflow/.local/lib/python3.12/site-packages/airflow/example_dags/example_branch_labels.py
[2024-05-02T10:47:01.203+0000] {processor.py:840} INFO - DAG(s) 'example_branch_labels' retrieved from /home/airflow/.local/lib/python3.12/site-packages/airflow/example_dags/example_branch_labels.py
[2024-05-02T10:47:01.217+0000] {logging_mixin.py:188} INFO - [2024-05-02T10:47:01.217+0000] {dag.py:3096} INFO - Sync 1 DAGs
[2024-05-02T10:47:01.259+0000] {logging_mixin.py:188} INFO - [2024-05-02T10:47:01.259+0000] {dag.py:3954} INFO - Setting next_dagrun for example_branch_labels to 2024-05-01 00:00:00+00:00, run_after=2024-05-02 00:00:00+00:00
[2024-05-02T10:47:01.276+0000] {processor.py:183} INFO - Processing /home/airflow/.local/lib/python3.12/site-packages/airflow/example_dags/example_branch_labels.py took 0.082 seconds
[2024-05-02T10:47:31.442+0000] {processor.py:161} INFO - Started process (PID=665) to work on /home/airflow/.local/lib/python3.12/site-packages/airflow/example_dags/example_branch_labels.py
[2024-05-02T10:47:31.442+0000] {processor.py:830} INFO - Processing file /home/airflow/.local/lib/python3.12/site-packages/airflow/example_dags/example_branch_labels.py for tasks to queue
[2024-05-02T10:47:31.443+0000] {logging_mixin.py:188} INFO - [2024-05-02T10:47:31.443+0000] {dagbag.py:540} INFO - Filling up the DagBag from /home/airflow/.local/lib/python3.12/site-packages/airflow/example_dags/example_branch_labels.py
[2024-05-02T10:47:31.448+0000] {processor.py:840} INFO - DAG(s) 'example_branch_labels' retrieved from /home/airflow/.local/lib/python3.12/site-packages/airflow/example_dags/example_branch_labels.py
[2024-05-02T10:47:31.462+0000] {logging_mixin.py:188} INFO - [2024-05-02T10:47:31.462+0000] {dag.py:3096} INFO - Sync 1 DAGs
[2024-05-02T10:47:31.477+0000] {logging_mixin.py:188} INFO - [2024-05-02T10:47:31.477+0000] {dag.py:3954} INFO - Setting next_dagrun for example_branch_labels to 2024-05-01 00:00:00+00:00, run_after=2024-05-02 00:00:00+00:00
[2024-05-02T10:47:31.489+0000] {processor.py:183} INFO - Processing /home/airflow/.local/lib/python3.12/site-packages/airflow/example_dags/example_branch_labels.py took 0.052 seconds
[2024-05-02T10:48:01.958+0000] {processor.py:161} INFO - Started process (PID=725) to work on /home/airflow/.local/lib/python3.12/site-packages/airflow/example_dags/example_branch_labels.py
[2024-05-02T10:48:01.959+0000] {processor.py:830} INFO - Processing file /home/airflow/.local/lib/python3.12/site-packages/airflow/example_dags/example_branch_labels.py for tasks to queue
[2024-05-02T10:48:01.961+0000] {logging_mixin.py:188} INFO - [2024-05-02T10:48:01.961+0000] {dagbag.py:540} INFO - Filling up the DagBag from /home/airflow/.local/lib/python3.12/site-packages/airflow/example_dags/example_branch_labels.py
[2024-05-02T10:48:01.973+0000] {processor.py:840} INFO - DAG(s) 'example_branch_labels' retrieved from /home/airflow/.local/lib/python3.12/site-packages/airflow/example_dags/example_branch_labels.py
[2024-05-02T10:48:01.989+0000] {logging_mixin.py:188} INFO - [2024-05-02T10:48:01.989+0000] {dag.py:3096} INFO - Sync 1 DAGs
[2024-05-02T10:48:02.003+0000] {logging_mixin.py:188} INFO - [2024-05-02T10:48:02.003+0000] {dag.py:3954} INFO - Setting next_dagrun for example_branch_labels to 2024-05-01 00:00:00+00:00, run_after=2024-05-02 00:00:00+00:00
[2024-05-02T10:48:02.020+0000] {processor.py:183} INFO - Processing /home/airflow/.local/lib/python3.12/site-packages/airflow/example_dags/example_branch_labels.py took 0.067 seconds
[2024-05-02T10:49:26.157+0000] {processor.py:161} INFO - Started process (PID=62) to work on /home/airflow/.local/lib/python3.12/site-packages/airflow/example_dags/example_branch_labels.py
[2024-05-02T10:49:26.157+0000] {processor.py:830} INFO - Processing file /home/airflow/.local/lib/python3.12/site-packages/airflow/example_dags/example_branch_labels.py for tasks to queue
[2024-05-02T10:49:26.158+0000] {logging_mixin.py:188} INFO - [2024-05-02T10:49:26.158+0000] {dagbag.py:540} INFO - Filling up the DagBag from /home/airflow/.local/lib/python3.12/site-packages/airflow/example_dags/example_branch_labels.py
[2024-05-02T10:49:26.166+0000] {processor.py:840} INFO - DAG(s) 'example_branch_labels' retrieved from /home/airflow/.local/lib/python3.12/site-packages/airflow/example_dags/example_branch_labels.py
[2024-05-02T10:49:26.252+0000] {logging_mixin.py:188} INFO - [2024-05-02T10:49:26.251+0000] {dag.py:3096} INFO - Sync 1 DAGs
[2024-05-02T10:49:26.274+0000] {logging_mixin.py:188} INFO - [2024-05-02T10:49:26.274+0000] {dag.py:3954} INFO - Setting next_dagrun for example_branch_labels to 2024-05-01 00:00:00+00:00, run_after=2024-05-02 00:00:00+00:00
[2024-05-02T10:49:26.293+0000] {processor.py:183} INFO - Processing /home/airflow/.local/lib/python3.12/site-packages/airflow/example_dags/example_branch_labels.py took 0.140 seconds
[2024-05-02T10:49:57.237+0000] {processor.py:161} INFO - Started process (PID=122) to work on /home/airflow/.local/lib/python3.12/site-packages/airflow/example_dags/example_branch_labels.py
[2024-05-02T10:49:57.238+0000] {processor.py:830} INFO - Processing file /home/airflow/.local/lib/python3.12/site-packages/airflow/example_dags/example_branch_labels.py for tasks to queue
[2024-05-02T10:49:57.239+0000] {logging_mixin.py:188} INFO - [2024-05-02T10:49:57.239+0000] {dagbag.py:540} INFO - Filling up the DagBag from /home/airflow/.local/lib/python3.12/site-packages/airflow/example_dags/example_branch_labels.py
[2024-05-02T10:49:57.246+0000] {processor.py:840} INFO - DAG(s) 'example_branch_labels' retrieved from /home/airflow/.local/lib/python3.12/site-packages/airflow/example_dags/example_branch_labels.py
[2024-05-02T10:49:57.259+0000] {logging_mixin.py:188} INFO - [2024-05-02T10:49:57.259+0000] {dag.py:3096} INFO - Sync 1 DAGs
[2024-05-02T10:49:57.275+0000] {logging_mixin.py:188} INFO - [2024-05-02T10:49:57.275+0000] {dag.py:3954} INFO - Setting next_dagrun for example_branch_labels to 2024-05-01 00:00:00+00:00, run_after=2024-05-02 00:00:00+00:00
[2024-05-02T10:49:57.301+0000] {processor.py:183} INFO - Processing /home/airflow/.local/lib/python3.12/site-packages/airflow/example_dags/example_branch_labels.py took 0.067 seconds
[2024-05-02T10:50:27.903+0000] {processor.py:161} INFO - Started process (PID=182) to work on /home/airflow/.local/lib/python3.12/site-packages/airflow/example_dags/example_branch_labels.py
[2024-05-02T10:50:27.903+0000] {processor.py:830} INFO - Processing file /home/airflow/.local/lib/python3.12/site-packages/airflow/example_dags/example_branch_labels.py for tasks to queue
[2024-05-02T10:50:27.904+0000] {logging_mixin.py:188} INFO - [2024-05-02T10:50:27.904+0000] {dagbag.py:540} INFO - Filling up the DagBag from /home/airflow/.local/lib/python3.12/site-packages/airflow/example_dags/example_branch_labels.py
[2024-05-02T10:50:27.911+0000] {processor.py:840} INFO - DAG(s) 'example_branch_labels' retrieved from /home/airflow/.local/lib/python3.12/site-packages/airflow/example_dags/example_branch_labels.py
[2024-05-02T10:50:27.923+0000] {logging_mixin.py:188} INFO - [2024-05-02T10:50:27.923+0000] {dag.py:3096} INFO - Sync 1 DAGs
[2024-05-02T10:50:27.953+0000] {logging_mixin.py:188} INFO - [2024-05-02T10:50:27.953+0000] {dag.py:3954} INFO - Setting next_dagrun for example_branch_labels to 2024-05-01 00:00:00+00:00, run_after=2024-05-02 00:00:00+00:00
[2024-05-02T10:50:27.967+0000] {processor.py:183} INFO - Processing /home/airflow/.local/lib/python3.12/site-packages/airflow/example_dags/example_branch_labels.py took 0.068 seconds
[2024-05-02T10:50:58.162+0000] {processor.py:161} INFO - Started process (PID=242) to work on /home/airflow/.local/lib/python3.12/site-packages/airflow/example_dags/example_branch_labels.py
[2024-05-02T10:50:58.163+0000] {processor.py:830} INFO - Processing file /home/airflow/.local/lib/python3.12/site-packages/airflow/example_dags/example_branch_labels.py for tasks to queue
[2024-05-02T10:50:58.164+0000] {logging_mixin.py:188} INFO - [2024-05-02T10:50:58.164+0000] {dagbag.py:540} INFO - Filling up the DagBag from /home/airflow/.local/lib/python3.12/site-packages/airflow/example_dags/example_branch_labels.py
[2024-05-02T10:50:58.170+0000] {processor.py:840} INFO - DAG(s) 'example_branch_labels' retrieved from /home/airflow/.local/lib/python3.12/site-packages/airflow/example_dags/example_branch_labels.py
[2024-05-02T10:50:58.183+0000] {logging_mixin.py:188} INFO - [2024-05-02T10:50:58.182+0000] {dag.py:3096} INFO - Sync 1 DAGs
[2024-05-02T10:50:58.224+0000] {logging_mixin.py:188} INFO - [2024-05-02T10:50:58.224+0000] {dag.py:3954} INFO - Setting next_dagrun for example_branch_labels to 2024-05-01 00:00:00+00:00, run_after=2024-05-02 00:00:00+00:00
[2024-05-02T10:50:58.236+0000] {processor.py:183} INFO - Processing /home/airflow/.local/lib/python3.12/site-packages/airflow/example_dags/example_branch_labels.py took 0.079 seconds
[2024-05-02T10:51:28.676+0000] {processor.py:161} INFO - Started process (PID=301) to work on /home/airflow/.local/lib/python3.12/site-packages/airflow/example_dags/example_branch_labels.py
[2024-05-02T10:51:28.677+0000] {processor.py:830} INFO - Processing file /home/airflow/.local/lib/python3.12/site-packages/airflow/example_dags/example_branch_labels.py for tasks to queue
[2024-05-02T10:51:28.712+0000] {logging_mixin.py:188} INFO - [2024-05-02T10:51:28.712+0000] {dagbag.py:540} INFO - Filling up the DagBag from /home/airflow/.local/lib/python3.12/site-packages/airflow/example_dags/example_branch_labels.py
[2024-05-02T10:51:28.743+0000] {processor.py:840} INFO - DAG(s) 'example_branch_labels' retrieved from /home/airflow/.local/lib/python3.12/site-packages/airflow/example_dags/example_branch_labels.py
[2024-05-02T10:51:28.780+0000] {logging_mixin.py:188} INFO - [2024-05-02T10:51:28.780+0000] {dag.py:3096} INFO - Sync 1 DAGs
[2024-05-02T10:51:28.806+0000] {logging_mixin.py:188} INFO - [2024-05-02T10:51:28.806+0000] {dag.py:3954} INFO - Setting next_dagrun for example_branch_labels to 2024-05-01 00:00:00+00:00, run_after=2024-05-02 00:00:00+00:00
[2024-05-02T10:51:28.836+0000] {processor.py:183} INFO - Processing /home/airflow/.local/lib/python3.12/site-packages/airflow/example_dags/example_branch_labels.py took 0.163 seconds
[2024-05-02T10:51:59.760+0000] {processor.py:161} INFO - Started process (PID=361) to work on /home/airflow/.local/lib/python3.12/site-packages/airflow/example_dags/example_branch_labels.py
[2024-05-02T10:51:59.760+0000] {processor.py:830} INFO - Processing file /home/airflow/.local/lib/python3.12/site-packages/airflow/example_dags/example_branch_labels.py for tasks to queue
[2024-05-02T10:51:59.761+0000] {logging_mixin.py:188} INFO - [2024-05-02T10:51:59.761+0000] {dagbag.py:540} INFO - Filling up the DagBag from /home/airflow/.local/lib/python3.12/site-packages/airflow/example_dags/example_branch_labels.py
[2024-05-02T10:51:59.766+0000] {processor.py:840} INFO - DAG(s) 'example_branch_labels' retrieved from /home/airflow/.local/lib/python3.12/site-packages/airflow/example_dags/example_branch_labels.py
[2024-05-02T10:51:59.781+0000] {logging_mixin.py:188} INFO - [2024-05-02T10:51:59.781+0000] {dag.py:3096} INFO - Sync 1 DAGs
[2024-05-02T10:51:59.807+0000] {logging_mixin.py:188} INFO - [2024-05-02T10:51:59.807+0000] {dag.py:3954} INFO - Setting next_dagrun for example_branch_labels to 2024-05-01 00:00:00+00:00, run_after=2024-05-02 00:00:00+00:00
[2024-05-02T10:51:59.846+0000] {processor.py:183} INFO - Processing /home/airflow/.local/lib/python3.12/site-packages/airflow/example_dags/example_branch_labels.py took 0.090 seconds
[2024-05-02T10:52:30.431+0000] {processor.py:161} INFO - Started process (PID=421) to work on /home/airflow/.local/lib/python3.12/site-packages/airflow/example_dags/example_branch_labels.py
[2024-05-02T10:52:30.432+0000] {processor.py:830} INFO - Processing file /home/airflow/.local/lib/python3.12/site-packages/airflow/example_dags/example_branch_labels.py for tasks to queue
[2024-05-02T10:52:30.433+0000] {logging_mixin.py:188} INFO - [2024-05-02T10:52:30.433+0000] {dagbag.py:540} INFO - Filling up the DagBag from /home/airflow/.local/lib/python3.12/site-packages/airflow/example_dags/example_branch_labels.py
[2024-05-02T10:52:30.438+0000] {processor.py:840} INFO - DAG(s) 'example_branch_labels' retrieved from /home/airflow/.local/lib/python3.12/site-packages/airflow/example_dags/example_branch_labels.py
[2024-05-02T10:52:30.451+0000] {logging_mixin.py:188} INFO - [2024-05-02T10:52:30.451+0000] {dag.py:3096} INFO - Sync 1 DAGs
[2024-05-02T10:52:30.484+0000] {logging_mixin.py:188} INFO - [2024-05-02T10:52:30.483+0000] {dag.py:3954} INFO - Setting next_dagrun for example_branch_labels to 2024-05-01 00:00:00+00:00, run_after=2024-05-02 00:00:00+00:00
[2024-05-02T10:52:30.495+0000] {processor.py:183} INFO - Processing /home/airflow/.local/lib/python3.12/site-packages/airflow/example_dags/example_branch_labels.py took 0.067 seconds
[2024-05-02T10:53:00.674+0000] {processor.py:161} INFO - Started process (PID=480) to work on /home/airflow/.local/lib/python3.12/site-packages/airflow/example_dags/example_branch_labels.py
[2024-05-02T10:53:00.675+0000] {processor.py:830} INFO - Processing file /home/airflow/.local/lib/python3.12/site-packages/airflow/example_dags/example_branch_labels.py for tasks to queue
[2024-05-02T10:53:00.697+0000] {logging_mixin.py:188} INFO - [2024-05-02T10:53:00.697+0000] {dagbag.py:540} INFO - Filling up the DagBag from /home/airflow/.local/lib/python3.12/site-packages/airflow/example_dags/example_branch_labels.py
[2024-05-02T10:53:00.731+0000] {processor.py:840} INFO - DAG(s) 'example_branch_labels' retrieved from /home/airflow/.local/lib/python3.12/site-packages/airflow/example_dags/example_branch_labels.py
[2024-05-02T10:53:00.761+0000] {logging_mixin.py:188} INFO - [2024-05-02T10:53:00.761+0000] {dag.py:3096} INFO - Sync 1 DAGs
[2024-05-02T10:53:00.792+0000] {logging_mixin.py:188} INFO - [2024-05-02T10:53:00.792+0000] {dag.py:3954} INFO - Setting next_dagrun for example_branch_labels to 2024-05-01 00:00:00+00:00, run_after=2024-05-02 00:00:00+00:00
[2024-05-02T10:53:00.806+0000] {processor.py:183} INFO - Processing /home/airflow/.local/lib/python3.12/site-packages/airflow/example_dags/example_branch_labels.py took 0.141 seconds
[2024-05-02T10:53:31.267+0000] {processor.py:161} INFO - Started process (PID=546) to work on /home/airflow/.local/lib/python3.12/site-packages/airflow/example_dags/example_branch_labels.py
[2024-05-02T10:53:31.268+0000] {processor.py:830} INFO - Processing file /home/airflow/.local/lib/python3.12/site-packages/airflow/example_dags/example_branch_labels.py for tasks to queue
[2024-05-02T10:53:31.300+0000] {logging_mixin.py:188} INFO - [2024-05-02T10:53:31.300+0000] {dagbag.py:540} INFO - Filling up the DagBag from /home/airflow/.local/lib/python3.12/site-packages/airflow/example_dags/example_branch_labels.py
[2024-05-02T10:53:31.306+0000] {processor.py:840} INFO - DAG(s) 'example_branch_labels' retrieved from /home/airflow/.local/lib/python3.12/site-packages/airflow/example_dags/example_branch_labels.py
[2024-05-02T10:53:31.319+0000] {logging_mixin.py:188} INFO - [2024-05-02T10:53:31.319+0000] {dag.py:3096} INFO - Sync 1 DAGs
[2024-05-02T10:53:31.336+0000] {logging_mixin.py:188} INFO - [2024-05-02T10:53:31.336+0000] {dag.py:3954} INFO - Setting next_dagrun for example_branch_labels to 2024-05-01 00:00:00+00:00, run_after=2024-05-02 00:00:00+00:00
[2024-05-02T10:53:31.381+0000] {processor.py:183} INFO - Processing /home/airflow/.local/lib/python3.12/site-packages/airflow/example_dags/example_branch_labels.py took 0.118 seconds
[2024-05-02T10:54:01.707+0000] {processor.py:161} INFO - Started process (PID=606) to work on /home/airflow/.local/lib/python3.12/site-packages/airflow/example_dags/example_branch_labels.py
[2024-05-02T10:54:01.708+0000] {processor.py:830} INFO - Processing file /home/airflow/.local/lib/python3.12/site-packages/airflow/example_dags/example_branch_labels.py for tasks to queue
[2024-05-02T10:54:01.734+0000] {logging_mixin.py:188} INFO - [2024-05-02T10:54:01.733+0000] {dagbag.py:540} INFO - Filling up the DagBag from /home/airflow/.local/lib/python3.12/site-packages/airflow/example_dags/example_branch_labels.py
[2024-05-02T10:54:01.739+0000] {processor.py:840} INFO - DAG(s) 'example_branch_labels' retrieved from /home/airflow/.local/lib/python3.12/site-packages/airflow/example_dags/example_branch_labels.py
[2024-05-02T10:54:01.752+0000] {logging_mixin.py:188} INFO - [2024-05-02T10:54:01.752+0000] {dag.py:3096} INFO - Sync 1 DAGs
[2024-05-02T10:54:01.768+0000] {logging_mixin.py:188} INFO - [2024-05-02T10:54:01.768+0000] {dag.py:3954} INFO - Setting next_dagrun for example_branch_labels to 2024-05-01 00:00:00+00:00, run_after=2024-05-02 00:00:00+00:00
[2024-05-02T10:54:01.795+0000] {processor.py:183} INFO - Processing /home/airflow/.local/lib/python3.12/site-packages/airflow/example_dags/example_branch_labels.py took 0.092 seconds
[2024-05-02T10:54:31.899+0000] {processor.py:161} INFO - Started process (PID=666) to work on /home/airflow/.local/lib/python3.12/site-packages/airflow/example_dags/example_branch_labels.py
[2024-05-02T10:54:31.899+0000] {processor.py:830} INFO - Processing file /home/airflow/.local/lib/python3.12/site-packages/airflow/example_dags/example_branch_labels.py for tasks to queue
[2024-05-02T10:54:31.921+0000] {logging_mixin.py:188} INFO - [2024-05-02T10:54:31.921+0000] {dagbag.py:540} INFO - Filling up the DagBag from /home/airflow/.local/lib/python3.12/site-packages/airflow/example_dags/example_branch_labels.py
[2024-05-02T10:54:31.926+0000] {processor.py:840} INFO - DAG(s) 'example_branch_labels' retrieved from /home/airflow/.local/lib/python3.12/site-packages/airflow/example_dags/example_branch_labels.py
[2024-05-02T10:54:31.939+0000] {logging_mixin.py:188} INFO - [2024-05-02T10:54:31.939+0000] {dag.py:3096} INFO - Sync 1 DAGs
[2024-05-02T10:54:31.954+0000] {logging_mixin.py:188} INFO - [2024-05-02T10:54:31.954+0000] {dag.py:3954} INFO - Setting next_dagrun for example_branch_labels to 2024-05-01 00:00:00+00:00, run_after=2024-05-02 00:00:00+00:00
[2024-05-02T10:54:31.976+0000] {processor.py:183} INFO - Processing /home/airflow/.local/lib/python3.12/site-packages/airflow/example_dags/example_branch_labels.py took 0.082 seconds
[2024-05-02T10:55:02.244+0000] {processor.py:161} INFO - Started process (PID=726) to work on /home/airflow/.local/lib/python3.12/site-packages/airflow/example_dags/example_branch_labels.py
[2024-05-02T10:55:02.245+0000] {processor.py:830} INFO - Processing file /home/airflow/.local/lib/python3.12/site-packages/airflow/example_dags/example_branch_labels.py for tasks to queue
[2024-05-02T10:55:02.271+0000] {logging_mixin.py:188} INFO - [2024-05-02T10:55:02.271+0000] {dagbag.py:540} INFO - Filling up the DagBag from /home/airflow/.local/lib/python3.12/site-packages/airflow/example_dags/example_branch_labels.py
[2024-05-02T10:55:02.276+0000] {processor.py:840} INFO - DAG(s) 'example_branch_labels' retrieved from /home/airflow/.local/lib/python3.12/site-packages/airflow/example_dags/example_branch_labels.py
[2024-05-02T10:55:02.294+0000] {logging_mixin.py:188} INFO - [2024-05-02T10:55:02.294+0000] {dag.py:3096} INFO - Sync 1 DAGs
[2024-05-02T10:55:02.313+0000] {logging_mixin.py:188} INFO - [2024-05-02T10:55:02.313+0000] {dag.py:3954} INFO - Setting next_dagrun for example_branch_labels to 2024-05-01 00:00:00+00:00, run_after=2024-05-02 00:00:00+00:00
[2024-05-02T10:55:02.351+0000] {processor.py:183} INFO - Processing /home/airflow/.local/lib/python3.12/site-packages/airflow/example_dags/example_branch_labels.py took 0.111 seconds
[2024-05-02T10:55:32.728+0000] {processor.py:161} INFO - Started process (PID=786) to work on /home/airflow/.local/lib/python3.12/site-packages/airflow/example_dags/example_branch_labels.py
[2024-05-02T10:55:32.729+0000] {processor.py:830} INFO - Processing file /home/airflow/.local/lib/python3.12/site-packages/airflow/example_dags/example_branch_labels.py for tasks to queue
[2024-05-02T10:55:32.843+0000] {logging_mixin.py:188} INFO - [2024-05-02T10:55:32.842+0000] {dagbag.py:540} INFO - Filling up the DagBag from /home/airflow/.local/lib/python3.12/site-packages/airflow/example_dags/example_branch_labels.py
[2024-05-02T10:55:32.914+0000] {processor.py:840} INFO - DAG(s) 'example_branch_labels' retrieved from /home/airflow/.local/lib/python3.12/site-packages/airflow/example_dags/example_branch_labels.py
[2024-05-02T10:55:32.928+0000] {logging_mixin.py:188} INFO - [2024-05-02T10:55:32.928+0000] {dag.py:3096} INFO - Sync 1 DAGs
[2024-05-02T10:55:32.944+0000] {logging_mixin.py:188} INFO - [2024-05-02T10:55:32.943+0000] {dag.py:3954} INFO - Setting next_dagrun for example_branch_labels to 2024-05-01 00:00:00+00:00, run_after=2024-05-02 00:00:00+00:00
[2024-05-02T10:55:32.958+0000] {processor.py:183} INFO - Processing /home/airflow/.local/lib/python3.12/site-packages/airflow/example_dags/example_branch_labels.py took 0.236 seconds
[2024-05-02T10:56:03.081+0000] {processor.py:161} INFO - Started process (PID=847) to work on /home/airflow/.local/lib/python3.12/site-packages/airflow/example_dags/example_branch_labels.py
[2024-05-02T10:56:03.082+0000] {processor.py:830} INFO - Processing file /home/airflow/.local/lib/python3.12/site-packages/airflow/example_dags/example_branch_labels.py for tasks to queue
[2024-05-02T10:56:03.109+0000] {logging_mixin.py:188} INFO - [2024-05-02T10:56:03.109+0000] {dagbag.py:540} INFO - Filling up the DagBag from /home/airflow/.local/lib/python3.12/site-packages/airflow/example_dags/example_branch_labels.py
[2024-05-02T10:56:03.114+0000] {processor.py:840} INFO - DAG(s) 'example_branch_labels' retrieved from /home/airflow/.local/lib/python3.12/site-packages/airflow/example_dags/example_branch_labels.py
[2024-05-02T10:56:03.126+0000] {logging_mixin.py:188} INFO - [2024-05-02T10:56:03.126+0000] {dag.py:3096} INFO - Sync 1 DAGs
[2024-05-02T10:56:03.141+0000] {logging_mixin.py:188} INFO - [2024-05-02T10:56:03.141+0000] {dag.py:3954} INFO - Setting next_dagrun for example_branch_labels to 2024-05-01 00:00:00+00:00, run_after=2024-05-02 00:00:00+00:00
[2024-05-02T10:56:03.163+0000] {processor.py:183} INFO - Processing /home/airflow/.local/lib/python3.12/site-packages/airflow/example_dags/example_branch_labels.py took 0.087 seconds
[2024-05-02T10:56:33.333+0000] {processor.py:161} INFO - Started process (PID=906) to work on /home/airflow/.local/lib/python3.12/site-packages/airflow/example_dags/example_branch_labels.py
[2024-05-02T10:56:33.334+0000] {processor.py:830} INFO - Processing file /home/airflow/.local/lib/python3.12/site-packages/airflow/example_dags/example_branch_labels.py for tasks to queue
[2024-05-02T10:56:33.357+0000] {logging_mixin.py:188} INFO - [2024-05-02T10:56:33.357+0000] {dagbag.py:540} INFO - Filling up the DagBag from /home/airflow/.local/lib/python3.12/site-packages/airflow/example_dags/example_branch_labels.py
[2024-05-02T10:56:33.362+0000] {processor.py:840} INFO - DAG(s) 'example_branch_labels' retrieved from /home/airflow/.local/lib/python3.12/site-packages/airflow/example_dags/example_branch_labels.py
[2024-05-02T10:56:33.374+0000] {logging_mixin.py:188} INFO - [2024-05-02T10:56:33.374+0000] {dag.py:3096} INFO - Sync 1 DAGs
[2024-05-02T10:56:33.388+0000] {logging_mixin.py:188} INFO - [2024-05-02T10:56:33.388+0000] {dag.py:3954} INFO - Setting next_dagrun for example_branch_labels to 2024-05-01 00:00:00+00:00, run_after=2024-05-02 00:00:00+00:00
[2024-05-02T10:56:33.411+0000] {processor.py:183} INFO - Processing /home/airflow/.local/lib/python3.12/site-packages/airflow/example_dags/example_branch_labels.py took 0.083 seconds
[2024-05-02T10:57:03.936+0000] {processor.py:161} INFO - Started process (PID=966) to work on /home/airflow/.local/lib/python3.12/site-packages/airflow/example_dags/example_branch_labels.py
[2024-05-02T10:57:03.936+0000] {processor.py:830} INFO - Processing file /home/airflow/.local/lib/python3.12/site-packages/airflow/example_dags/example_branch_labels.py for tasks to queue
[2024-05-02T10:57:03.960+0000] {logging_mixin.py:188} INFO - [2024-05-02T10:57:03.960+0000] {dagbag.py:540} INFO - Filling up the DagBag from /home/airflow/.local/lib/python3.12/site-packages/airflow/example_dags/example_branch_labels.py
[2024-05-02T10:57:03.965+0000] {processor.py:840} INFO - DAG(s) 'example_branch_labels' retrieved from /home/airflow/.local/lib/python3.12/site-packages/airflow/example_dags/example_branch_labels.py
[2024-05-02T10:57:03.978+0000] {logging_mixin.py:188} INFO - [2024-05-02T10:57:03.978+0000] {dag.py:3096} INFO - Sync 1 DAGs
[2024-05-02T10:57:03.991+0000] {logging_mixin.py:188} INFO - [2024-05-02T10:57:03.991+0000] {dag.py:3954} INFO - Setting next_dagrun for example_branch_labels to 2024-05-01 00:00:00+00:00, run_after=2024-05-02 00:00:00+00:00
[2024-05-02T10:57:04.024+0000] {processor.py:183} INFO - Processing /home/airflow/.local/lib/python3.12/site-packages/airflow/example_dags/example_branch_labels.py took 0.094 seconds
