[2024-05-02T10:20:06.159+0000] {processor.py:161} INFO - Started process (PID=47) to work on /home/airflow/.local/lib/python3.12/site-packages/airflow/example_dags/example_display_name.py
[2024-05-02T10:20:06.159+0000] {processor.py:830} INFO - Processing file /home/airflow/.local/lib/python3.12/site-packages/airflow/example_dags/example_display_name.py for tasks to queue
[2024-05-02T10:20:06.160+0000] {logging_mixin.py:188} INFO - [2024-05-02T10:20:06.160+0000] {dagbag.py:540} INFO - Filling up the DagBag from /home/airflow/.local/lib/python3.12/site-packages/airflow/example_dags/example_display_name.py
[2024-05-02T10:20:06.165+0000] {processor.py:840} INFO - DAG(s) 'example_display_name' retrieved from /home/airflow/.local/lib/python3.12/site-packages/airflow/example_dags/example_display_name.py
[2024-05-02T10:20:06.172+0000] {logging_mixin.py:188} INFO - [2024-05-02T10:20:06.172+0000] {dag.py:3096} INFO - Sync 1 DAGs
[2024-05-02T10:20:06.182+0000] {logging_mixin.py:188} INFO - [2024-05-02T10:20:06.181+0000] {dag.py:3954} INFO - Setting next_dagrun for example_display_name to None, run_after=None
[2024-05-02T10:20:06.195+0000] {processor.py:183} INFO - Processing /home/airflow/.local/lib/python3.12/site-packages/airflow/example_dags/example_display_name.py took 0.040 seconds
[2024-05-02T10:20:36.925+0000] {processor.py:161} INFO - Started process (PID=105) to work on /home/airflow/.local/lib/python3.12/site-packages/airflow/example_dags/example_display_name.py
[2024-05-02T10:20:36.925+0000] {processor.py:830} INFO - Processing file /home/airflow/.local/lib/python3.12/site-packages/airflow/example_dags/example_display_name.py for tasks to queue
[2024-05-02T10:20:36.926+0000] {logging_mixin.py:188} INFO - [2024-05-02T10:20:36.926+0000] {dagbag.py:540} INFO - Filling up the DagBag from /home/airflow/.local/lib/python3.12/site-packages/airflow/example_dags/example_display_name.py
[2024-05-02T10:20:36.929+0000] {processor.py:840} INFO - DAG(s) 'example_display_name' retrieved from /home/airflow/.local/lib/python3.12/site-packages/airflow/example_dags/example_display_name.py
[2024-05-02T10:20:36.992+0000] {logging_mixin.py:188} INFO - [2024-05-02T10:20:36.992+0000] {dag.py:3096} INFO - Sync 1 DAGs
[2024-05-02T10:20:36.998+0000] {logging_mixin.py:188} INFO - [2024-05-02T10:20:36.998+0000] {dag.py:3954} INFO - Setting next_dagrun for example_display_name to None, run_after=None
[2024-05-02T10:20:37.010+0000] {processor.py:183} INFO - Processing /home/airflow/.local/lib/python3.12/site-packages/airflow/example_dags/example_display_name.py took 0.089 seconds
[2024-05-02T10:21:07.262+0000] {processor.py:161} INFO - Started process (PID=164) to work on /home/airflow/.local/lib/python3.12/site-packages/airflow/example_dags/example_display_name.py
[2024-05-02T10:21:07.263+0000] {processor.py:830} INFO - Processing file /home/airflow/.local/lib/python3.12/site-packages/airflow/example_dags/example_display_name.py for tasks to queue
[2024-05-02T10:21:07.264+0000] {logging_mixin.py:188} INFO - [2024-05-02T10:21:07.263+0000] {dagbag.py:540} INFO - Filling up the DagBag from /home/airflow/.local/lib/python3.12/site-packages/airflow/example_dags/example_display_name.py
[2024-05-02T10:21:07.267+0000] {processor.py:840} INFO - DAG(s) 'example_display_name' retrieved from /home/airflow/.local/lib/python3.12/site-packages/airflow/example_dags/example_display_name.py
[2024-05-02T10:21:07.280+0000] {logging_mixin.py:188} INFO - [2024-05-02T10:21:07.280+0000] {dag.py:3096} INFO - Sync 1 DAGs
[2024-05-02T10:21:07.288+0000] {logging_mixin.py:188} INFO - [2024-05-02T10:21:07.288+0000] {dag.py:3954} INFO - Setting next_dagrun for example_display_name to None, run_after=None
[2024-05-02T10:21:07.300+0000] {processor.py:183} INFO - Processing /home/airflow/.local/lib/python3.12/site-packages/airflow/example_dags/example_display_name.py took 0.043 seconds
[2024-05-02T10:21:37.545+0000] {processor.py:161} INFO - Started process (PID=222) to work on /home/airflow/.local/lib/python3.12/site-packages/airflow/example_dags/example_display_name.py
[2024-05-02T10:21:37.546+0000] {processor.py:830} INFO - Processing file /home/airflow/.local/lib/python3.12/site-packages/airflow/example_dags/example_display_name.py for tasks to queue
[2024-05-02T10:21:37.548+0000] {logging_mixin.py:188} INFO - [2024-05-02T10:21:37.548+0000] {dagbag.py:540} INFO - Filling up the DagBag from /home/airflow/.local/lib/python3.12/site-packages/airflow/example_dags/example_display_name.py
[2024-05-02T10:21:37.553+0000] {processor.py:840} INFO - DAG(s) 'example_display_name' retrieved from /home/airflow/.local/lib/python3.12/site-packages/airflow/example_dags/example_display_name.py
[2024-05-02T10:21:37.565+0000] {logging_mixin.py:188} INFO - [2024-05-02T10:21:37.565+0000] {dag.py:3096} INFO - Sync 1 DAGs
[2024-05-02T10:21:37.573+0000] {logging_mixin.py:188} INFO - [2024-05-02T10:21:37.573+0000] {dag.py:3954} INFO - Setting next_dagrun for example_display_name to None, run_after=None
[2024-05-02T10:21:37.588+0000] {processor.py:183} INFO - Processing /home/airflow/.local/lib/python3.12/site-packages/airflow/example_dags/example_display_name.py took 0.054 seconds
[2024-05-02T10:22:09.020+0000] {processor.py:161} INFO - Started process (PID=280) to work on /home/airflow/.local/lib/python3.12/site-packages/airflow/example_dags/example_display_name.py
[2024-05-02T10:22:09.020+0000] {processor.py:830} INFO - Processing file /home/airflow/.local/lib/python3.12/site-packages/airflow/example_dags/example_display_name.py for tasks to queue
[2024-05-02T10:22:09.021+0000] {logging_mixin.py:188} INFO - [2024-05-02T10:22:09.021+0000] {dagbag.py:540} INFO - Filling up the DagBag from /home/airflow/.local/lib/python3.12/site-packages/airflow/example_dags/example_display_name.py
[2024-05-02T10:22:09.024+0000] {processor.py:840} INFO - DAG(s) 'example_display_name' retrieved from /home/airflow/.local/lib/python3.12/site-packages/airflow/example_dags/example_display_name.py
[2024-05-02T10:22:09.036+0000] {logging_mixin.py:188} INFO - [2024-05-02T10:22:09.036+0000] {dag.py:3096} INFO - Sync 1 DAGs
[2024-05-02T10:22:09.044+0000] {logging_mixin.py:188} INFO - [2024-05-02T10:22:09.044+0000] {dag.py:3954} INFO - Setting next_dagrun for example_display_name to None, run_after=None
[2024-05-02T10:22:09.055+0000] {processor.py:183} INFO - Processing /home/airflow/.local/lib/python3.12/site-packages/airflow/example_dags/example_display_name.py took 0.039 seconds
[2024-05-02T10:22:39.815+0000] {processor.py:161} INFO - Started process (PID=338) to work on /home/airflow/.local/lib/python3.12/site-packages/airflow/example_dags/example_display_name.py
[2024-05-02T10:22:39.815+0000] {processor.py:830} INFO - Processing file /home/airflow/.local/lib/python3.12/site-packages/airflow/example_dags/example_display_name.py for tasks to queue
[2024-05-02T10:22:39.816+0000] {logging_mixin.py:188} INFO - [2024-05-02T10:22:39.816+0000] {dagbag.py:540} INFO - Filling up the DagBag from /home/airflow/.local/lib/python3.12/site-packages/airflow/example_dags/example_display_name.py
[2024-05-02T10:22:39.820+0000] {processor.py:840} INFO - DAG(s) 'example_display_name' retrieved from /home/airflow/.local/lib/python3.12/site-packages/airflow/example_dags/example_display_name.py
[2024-05-02T10:22:39.831+0000] {logging_mixin.py:188} INFO - [2024-05-02T10:22:39.831+0000] {dag.py:3096} INFO - Sync 1 DAGs
[2024-05-02T10:22:39.839+0000] {logging_mixin.py:188} INFO - [2024-05-02T10:22:39.838+0000] {dag.py:3954} INFO - Setting next_dagrun for example_display_name to None, run_after=None
[2024-05-02T10:22:39.850+0000] {processor.py:183} INFO - Processing /home/airflow/.local/lib/python3.12/site-packages/airflow/example_dags/example_display_name.py took 0.038 seconds
[2024-05-02T10:23:10.761+0000] {processor.py:161} INFO - Started process (PID=396) to work on /home/airflow/.local/lib/python3.12/site-packages/airflow/example_dags/example_display_name.py
[2024-05-02T10:23:10.761+0000] {processor.py:830} INFO - Processing file /home/airflow/.local/lib/python3.12/site-packages/airflow/example_dags/example_display_name.py for tasks to queue
[2024-05-02T10:23:10.762+0000] {logging_mixin.py:188} INFO - [2024-05-02T10:23:10.762+0000] {dagbag.py:540} INFO - Filling up the DagBag from /home/airflow/.local/lib/python3.12/site-packages/airflow/example_dags/example_display_name.py
[2024-05-02T10:23:10.766+0000] {processor.py:840} INFO - DAG(s) 'example_display_name' retrieved from /home/airflow/.local/lib/python3.12/site-packages/airflow/example_dags/example_display_name.py
[2024-05-02T10:23:10.778+0000] {logging_mixin.py:188} INFO - [2024-05-02T10:23:10.778+0000] {dag.py:3096} INFO - Sync 1 DAGs
[2024-05-02T10:23:10.787+0000] {logging_mixin.py:188} INFO - [2024-05-02T10:23:10.787+0000] {dag.py:3954} INFO - Setting next_dagrun for example_display_name to None, run_after=None
[2024-05-02T10:23:10.799+0000] {processor.py:183} INFO - Processing /home/airflow/.local/lib/python3.12/site-packages/airflow/example_dags/example_display_name.py took 0.042 seconds
[2024-05-02T10:23:41.161+0000] {processor.py:161} INFO - Started process (PID=454) to work on /home/airflow/.local/lib/python3.12/site-packages/airflow/example_dags/example_display_name.py
[2024-05-02T10:23:41.162+0000] {processor.py:830} INFO - Processing file /home/airflow/.local/lib/python3.12/site-packages/airflow/example_dags/example_display_name.py for tasks to queue
[2024-05-02T10:23:41.163+0000] {logging_mixin.py:188} INFO - [2024-05-02T10:23:41.163+0000] {dagbag.py:540} INFO - Filling up the DagBag from /home/airflow/.local/lib/python3.12/site-packages/airflow/example_dags/example_display_name.py
[2024-05-02T10:23:41.166+0000] {processor.py:840} INFO - DAG(s) 'example_display_name' retrieved from /home/airflow/.local/lib/python3.12/site-packages/airflow/example_dags/example_display_name.py
[2024-05-02T10:23:41.177+0000] {logging_mixin.py:188} INFO - [2024-05-02T10:23:41.177+0000] {dag.py:3096} INFO - Sync 1 DAGs
[2024-05-02T10:23:41.185+0000] {logging_mixin.py:188} INFO - [2024-05-02T10:23:41.184+0000] {dag.py:3954} INFO - Setting next_dagrun for example_display_name to None, run_after=None
[2024-05-02T10:23:41.196+0000] {processor.py:183} INFO - Processing /home/airflow/.local/lib/python3.12/site-packages/airflow/example_dags/example_display_name.py took 0.037 seconds
[2024-05-02T10:24:11.856+0000] {processor.py:161} INFO - Started process (PID=512) to work on /home/airflow/.local/lib/python3.12/site-packages/airflow/example_dags/example_display_name.py
[2024-05-02T10:24:11.857+0000] {processor.py:830} INFO - Processing file /home/airflow/.local/lib/python3.12/site-packages/airflow/example_dags/example_display_name.py for tasks to queue
[2024-05-02T10:24:11.858+0000] {logging_mixin.py:188} INFO - [2024-05-02T10:24:11.858+0000] {dagbag.py:540} INFO - Filling up the DagBag from /home/airflow/.local/lib/python3.12/site-packages/airflow/example_dags/example_display_name.py
[2024-05-02T10:24:11.861+0000] {processor.py:840} INFO - DAG(s) 'example_display_name' retrieved from /home/airflow/.local/lib/python3.12/site-packages/airflow/example_dags/example_display_name.py
[2024-05-02T10:24:11.873+0000] {logging_mixin.py:188} INFO - [2024-05-02T10:24:11.873+0000] {dag.py:3096} INFO - Sync 1 DAGs
[2024-05-02T10:24:11.881+0000] {logging_mixin.py:188} INFO - [2024-05-02T10:24:11.880+0000] {dag.py:3954} INFO - Setting next_dagrun for example_display_name to None, run_after=None
[2024-05-02T10:24:11.892+0000] {processor.py:183} INFO - Processing /home/airflow/.local/lib/python3.12/site-packages/airflow/example_dags/example_display_name.py took 0.039 seconds
[2024-05-02T10:24:42.870+0000] {processor.py:161} INFO - Started process (PID=570) to work on /home/airflow/.local/lib/python3.12/site-packages/airflow/example_dags/example_display_name.py
[2024-05-02T10:24:42.870+0000] {processor.py:830} INFO - Processing file /home/airflow/.local/lib/python3.12/site-packages/airflow/example_dags/example_display_name.py for tasks to queue
[2024-05-02T10:24:42.894+0000] {logging_mixin.py:188} INFO - [2024-05-02T10:24:42.894+0000] {dagbag.py:540} INFO - Filling up the DagBag from /home/airflow/.local/lib/python3.12/site-packages/airflow/example_dags/example_display_name.py
[2024-05-02T10:24:42.919+0000] {processor.py:840} INFO - DAG(s) 'example_display_name' retrieved from /home/airflow/.local/lib/python3.12/site-packages/airflow/example_dags/example_display_name.py
[2024-05-02T10:24:42.959+0000] {logging_mixin.py:188} INFO - [2024-05-02T10:24:42.959+0000] {dag.py:3096} INFO - Sync 1 DAGs
[2024-05-02T10:24:42.983+0000] {logging_mixin.py:188} INFO - [2024-05-02T10:24:42.983+0000] {dag.py:3954} INFO - Setting next_dagrun for example_display_name to None, run_after=None
[2024-05-02T10:24:43.012+0000] {processor.py:183} INFO - Processing /home/airflow/.local/lib/python3.12/site-packages/airflow/example_dags/example_display_name.py took 0.146 seconds
[2024-05-02T10:25:13.130+0000] {processor.py:161} INFO - Started process (PID=629) to work on /home/airflow/.local/lib/python3.12/site-packages/airflow/example_dags/example_display_name.py
[2024-05-02T10:25:13.131+0000] {processor.py:830} INFO - Processing file /home/airflow/.local/lib/python3.12/site-packages/airflow/example_dags/example_display_name.py for tasks to queue
[2024-05-02T10:25:13.157+0000] {logging_mixin.py:188} INFO - [2024-05-02T10:25:13.157+0000] {dagbag.py:540} INFO - Filling up the DagBag from /home/airflow/.local/lib/python3.12/site-packages/airflow/example_dags/example_display_name.py
[2024-05-02T10:25:13.193+0000] {processor.py:840} INFO - DAG(s) 'example_display_name' retrieved from /home/airflow/.local/lib/python3.12/site-packages/airflow/example_dags/example_display_name.py
[2024-05-02T10:25:13.224+0000] {logging_mixin.py:188} INFO - [2024-05-02T10:25:13.224+0000] {dag.py:3096} INFO - Sync 1 DAGs
[2024-05-02T10:25:13.232+0000] {logging_mixin.py:188} INFO - [2024-05-02T10:25:13.232+0000] {dag.py:3954} INFO - Setting next_dagrun for example_display_name to None, run_after=None
[2024-05-02T10:25:13.521+0000] {processor.py:183} INFO - Processing /home/airflow/.local/lib/python3.12/site-packages/airflow/example_dags/example_display_name.py took 0.400 seconds
[2024-05-02T10:25:44.395+0000] {processor.py:161} INFO - Started process (PID=689) to work on /home/airflow/.local/lib/python3.12/site-packages/airflow/example_dags/example_display_name.py
[2024-05-02T10:25:44.396+0000] {processor.py:830} INFO - Processing file /home/airflow/.local/lib/python3.12/site-packages/airflow/example_dags/example_display_name.py for tasks to queue
[2024-05-02T10:25:44.397+0000] {logging_mixin.py:188} INFO - [2024-05-02T10:25:44.397+0000] {dagbag.py:540} INFO - Filling up the DagBag from /home/airflow/.local/lib/python3.12/site-packages/airflow/example_dags/example_display_name.py
[2024-05-02T10:25:44.401+0000] {processor.py:840} INFO - DAG(s) 'example_display_name' retrieved from /home/airflow/.local/lib/python3.12/site-packages/airflow/example_dags/example_display_name.py
[2024-05-02T10:25:44.414+0000] {logging_mixin.py:188} INFO - [2024-05-02T10:25:44.413+0000] {dag.py:3096} INFO - Sync 1 DAGs
[2024-05-02T10:25:44.421+0000] {logging_mixin.py:188} INFO - [2024-05-02T10:25:44.421+0000] {dag.py:3954} INFO - Setting next_dagrun for example_display_name to None, run_after=None
[2024-05-02T10:25:44.437+0000] {processor.py:183} INFO - Processing /home/airflow/.local/lib/python3.12/site-packages/airflow/example_dags/example_display_name.py took 0.047 seconds
[2024-05-02T10:26:14.982+0000] {processor.py:161} INFO - Started process (PID=748) to work on /home/airflow/.local/lib/python3.12/site-packages/airflow/example_dags/example_display_name.py
[2024-05-02T10:26:14.982+0000] {processor.py:830} INFO - Processing file /home/airflow/.local/lib/python3.12/site-packages/airflow/example_dags/example_display_name.py for tasks to queue
[2024-05-02T10:26:14.984+0000] {logging_mixin.py:188} INFO - [2024-05-02T10:26:14.983+0000] {dagbag.py:540} INFO - Filling up the DagBag from /home/airflow/.local/lib/python3.12/site-packages/airflow/example_dags/example_display_name.py
[2024-05-02T10:26:14.987+0000] {processor.py:840} INFO - DAG(s) 'example_display_name' retrieved from /home/airflow/.local/lib/python3.12/site-packages/airflow/example_dags/example_display_name.py
[2024-05-02T10:26:15.000+0000] {logging_mixin.py:188} INFO - [2024-05-02T10:26:14.999+0000] {dag.py:3096} INFO - Sync 1 DAGs
[2024-05-02T10:26:15.010+0000] {logging_mixin.py:188} INFO - [2024-05-02T10:26:15.010+0000] {dag.py:3954} INFO - Setting next_dagrun for example_display_name to None, run_after=None
[2024-05-02T10:26:15.025+0000] {processor.py:183} INFO - Processing /home/airflow/.local/lib/python3.12/site-packages/airflow/example_dags/example_display_name.py took 0.048 seconds
[2024-05-02T10:26:45.851+0000] {processor.py:161} INFO - Started process (PID=807) to work on /home/airflow/.local/lib/python3.12/site-packages/airflow/example_dags/example_display_name.py
[2024-05-02T10:26:45.851+0000] {processor.py:830} INFO - Processing file /home/airflow/.local/lib/python3.12/site-packages/airflow/example_dags/example_display_name.py for tasks to queue
[2024-05-02T10:26:45.873+0000] {logging_mixin.py:188} INFO - [2024-05-02T10:26:45.873+0000] {dagbag.py:540} INFO - Filling up the DagBag from /home/airflow/.local/lib/python3.12/site-packages/airflow/example_dags/example_display_name.py
[2024-05-02T10:26:45.878+0000] {processor.py:840} INFO - DAG(s) 'example_display_name' retrieved from /home/airflow/.local/lib/python3.12/site-packages/airflow/example_dags/example_display_name.py
[2024-05-02T10:26:45.891+0000] {logging_mixin.py:188} INFO - [2024-05-02T10:26:45.891+0000] {dag.py:3096} INFO - Sync 1 DAGs
[2024-05-02T10:26:45.924+0000] {logging_mixin.py:188} INFO - [2024-05-02T10:26:45.924+0000] {dag.py:3954} INFO - Setting next_dagrun for example_display_name to None, run_after=None
[2024-05-02T10:26:45.952+0000] {processor.py:183} INFO - Processing /home/airflow/.local/lib/python3.12/site-packages/airflow/example_dags/example_display_name.py took 0.105 seconds
[2024-05-02T10:27:16.776+0000] {processor.py:161} INFO - Started process (PID=866) to work on /home/airflow/.local/lib/python3.12/site-packages/airflow/example_dags/example_display_name.py
[2024-05-02T10:27:16.777+0000] {processor.py:830} INFO - Processing file /home/airflow/.local/lib/python3.12/site-packages/airflow/example_dags/example_display_name.py for tasks to queue
[2024-05-02T10:27:16.803+0000] {logging_mixin.py:188} INFO - [2024-05-02T10:27:16.803+0000] {dagbag.py:540} INFO - Filling up the DagBag from /home/airflow/.local/lib/python3.12/site-packages/airflow/example_dags/example_display_name.py
[2024-05-02T10:27:16.807+0000] {processor.py:840} INFO - DAG(s) 'example_display_name' retrieved from /home/airflow/.local/lib/python3.12/site-packages/airflow/example_dags/example_display_name.py
[2024-05-02T10:27:16.825+0000] {logging_mixin.py:188} INFO - [2024-05-02T10:27:16.824+0000] {dag.py:3096} INFO - Sync 1 DAGs
[2024-05-02T10:27:16.862+0000] {logging_mixin.py:188} INFO - [2024-05-02T10:27:16.862+0000] {dag.py:3954} INFO - Setting next_dagrun for example_display_name to None, run_after=None
[2024-05-02T10:27:16.892+0000] {processor.py:183} INFO - Processing /home/airflow/.local/lib/python3.12/site-packages/airflow/example_dags/example_display_name.py took 0.120 seconds
[2024-05-02T10:27:47.051+0000] {processor.py:161} INFO - Started process (PID=925) to work on /home/airflow/.local/lib/python3.12/site-packages/airflow/example_dags/example_display_name.py
[2024-05-02T10:27:47.051+0000] {processor.py:830} INFO - Processing file /home/airflow/.local/lib/python3.12/site-packages/airflow/example_dags/example_display_name.py for tasks to queue
[2024-05-02T10:27:47.102+0000] {logging_mixin.py:188} INFO - [2024-05-02T10:27:47.102+0000] {dagbag.py:540} INFO - Filling up the DagBag from /home/airflow/.local/lib/python3.12/site-packages/airflow/example_dags/example_display_name.py
[2024-05-02T10:27:47.106+0000] {processor.py:840} INFO - DAG(s) 'example_display_name' retrieved from /home/airflow/.local/lib/python3.12/site-packages/airflow/example_dags/example_display_name.py
[2024-05-02T10:27:47.118+0000] {logging_mixin.py:188} INFO - [2024-05-02T10:27:47.118+0000] {dag.py:3096} INFO - Sync 1 DAGs
[2024-05-02T10:27:47.127+0000] {logging_mixin.py:188} INFO - [2024-05-02T10:27:47.127+0000] {dag.py:3954} INFO - Setting next_dagrun for example_display_name to None, run_after=None
[2024-05-02T10:27:47.144+0000] {processor.py:183} INFO - Processing /home/airflow/.local/lib/python3.12/site-packages/airflow/example_dags/example_display_name.py took 0.096 seconds
[2024-05-02T10:28:17.452+0000] {processor.py:161} INFO - Started process (PID=984) to work on /home/airflow/.local/lib/python3.12/site-packages/airflow/example_dags/example_display_name.py
[2024-05-02T10:28:17.452+0000] {processor.py:830} INFO - Processing file /home/airflow/.local/lib/python3.12/site-packages/airflow/example_dags/example_display_name.py for tasks to queue
[2024-05-02T10:28:17.475+0000] {logging_mixin.py:188} INFO - [2024-05-02T10:28:17.475+0000] {dagbag.py:540} INFO - Filling up the DagBag from /home/airflow/.local/lib/python3.12/site-packages/airflow/example_dags/example_display_name.py
[2024-05-02T10:28:17.479+0000] {processor.py:840} INFO - DAG(s) 'example_display_name' retrieved from /home/airflow/.local/lib/python3.12/site-packages/airflow/example_dags/example_display_name.py
[2024-05-02T10:28:17.491+0000] {logging_mixin.py:188} INFO - [2024-05-02T10:28:17.490+0000] {dag.py:3096} INFO - Sync 1 DAGs
[2024-05-02T10:28:17.499+0000] {logging_mixin.py:188} INFO - [2024-05-02T10:28:17.499+0000] {dag.py:3954} INFO - Setting next_dagrun for example_display_name to None, run_after=None
[2024-05-02T10:28:17.511+0000] {processor.py:183} INFO - Processing /home/airflow/.local/lib/python3.12/site-packages/airflow/example_dags/example_display_name.py took 0.064 seconds
[2024-05-02T10:28:48.191+0000] {processor.py:161} INFO - Started process (PID=1043) to work on /home/airflow/.local/lib/python3.12/site-packages/airflow/example_dags/example_display_name.py
[2024-05-02T10:28:48.192+0000] {processor.py:830} INFO - Processing file /home/airflow/.local/lib/python3.12/site-packages/airflow/example_dags/example_display_name.py for tasks to queue
[2024-05-02T10:28:48.214+0000] {logging_mixin.py:188} INFO - [2024-05-02T10:28:48.214+0000] {dagbag.py:540} INFO - Filling up the DagBag from /home/airflow/.local/lib/python3.12/site-packages/airflow/example_dags/example_display_name.py
[2024-05-02T10:28:48.218+0000] {processor.py:840} INFO - DAG(s) 'example_display_name' retrieved from /home/airflow/.local/lib/python3.12/site-packages/airflow/example_dags/example_display_name.py
[2024-05-02T10:28:48.341+0000] {logging_mixin.py:188} INFO - [2024-05-02T10:28:48.341+0000] {dag.py:3096} INFO - Sync 1 DAGs
[2024-05-02T10:28:48.349+0000] {logging_mixin.py:188} INFO - [2024-05-02T10:28:48.349+0000] {dag.py:3954} INFO - Setting next_dagrun for example_display_name to None, run_after=None
[2024-05-02T10:28:48.378+0000] {processor.py:183} INFO - Processing /home/airflow/.local/lib/python3.12/site-packages/airflow/example_dags/example_display_name.py took 0.192 seconds
[2024-05-02T10:29:18.511+0000] {processor.py:161} INFO - Started process (PID=1102) to work on /home/airflow/.local/lib/python3.12/site-packages/airflow/example_dags/example_display_name.py
[2024-05-02T10:29:18.511+0000] {processor.py:830} INFO - Processing file /home/airflow/.local/lib/python3.12/site-packages/airflow/example_dags/example_display_name.py for tasks to queue
[2024-05-02T10:29:18.543+0000] {logging_mixin.py:188} INFO - [2024-05-02T10:29:18.542+0000] {dagbag.py:540} INFO - Filling up the DagBag from /home/airflow/.local/lib/python3.12/site-packages/airflow/example_dags/example_display_name.py
[2024-05-02T10:29:18.547+0000] {processor.py:840} INFO - DAG(s) 'example_display_name' retrieved from /home/airflow/.local/lib/python3.12/site-packages/airflow/example_dags/example_display_name.py
[2024-05-02T10:29:18.558+0000] {logging_mixin.py:188} INFO - [2024-05-02T10:29:18.558+0000] {dag.py:3096} INFO - Sync 1 DAGs
[2024-05-02T10:29:18.568+0000] {logging_mixin.py:188} INFO - [2024-05-02T10:29:18.567+0000] {dag.py:3954} INFO - Setting next_dagrun for example_display_name to None, run_after=None
[2024-05-02T10:29:18.583+0000] {processor.py:183} INFO - Processing /home/airflow/.local/lib/python3.12/site-packages/airflow/example_dags/example_display_name.py took 0.077 seconds
[2024-05-02T10:29:48.652+0000] {processor.py:161} INFO - Started process (PID=1161) to work on /home/airflow/.local/lib/python3.12/site-packages/airflow/example_dags/example_display_name.py
[2024-05-02T10:29:48.653+0000] {processor.py:830} INFO - Processing file /home/airflow/.local/lib/python3.12/site-packages/airflow/example_dags/example_display_name.py for tasks to queue
[2024-05-02T10:29:48.654+0000] {logging_mixin.py:188} INFO - [2024-05-02T10:29:48.654+0000] {dagbag.py:540} INFO - Filling up the DagBag from /home/airflow/.local/lib/python3.12/site-packages/airflow/example_dags/example_display_name.py
[2024-05-02T10:29:48.657+0000] {processor.py:840} INFO - DAG(s) 'example_display_name' retrieved from /home/airflow/.local/lib/python3.12/site-packages/airflow/example_dags/example_display_name.py
[2024-05-02T10:29:48.693+0000] {logging_mixin.py:188} INFO - [2024-05-02T10:29:48.693+0000] {dag.py:3096} INFO - Sync 1 DAGs
[2024-05-02T10:29:48.702+0000] {logging_mixin.py:188} INFO - [2024-05-02T10:29:48.701+0000] {dag.py:3954} INFO - Setting next_dagrun for example_display_name to None, run_after=None
[2024-05-02T10:29:48.713+0000] {processor.py:183} INFO - Processing /home/airflow/.local/lib/python3.12/site-packages/airflow/example_dags/example_display_name.py took 0.064 seconds
[2024-05-02T10:30:19.511+0000] {processor.py:161} INFO - Started process (PID=1220) to work on /home/airflow/.local/lib/python3.12/site-packages/airflow/example_dags/example_display_name.py
[2024-05-02T10:30:19.511+0000] {processor.py:830} INFO - Processing file /home/airflow/.local/lib/python3.12/site-packages/airflow/example_dags/example_display_name.py for tasks to queue
[2024-05-02T10:30:19.512+0000] {logging_mixin.py:188} INFO - [2024-05-02T10:30:19.512+0000] {dagbag.py:540} INFO - Filling up the DagBag from /home/airflow/.local/lib/python3.12/site-packages/airflow/example_dags/example_display_name.py
[2024-05-02T10:30:19.517+0000] {processor.py:840} INFO - DAG(s) 'example_display_name' retrieved from /home/airflow/.local/lib/python3.12/site-packages/airflow/example_dags/example_display_name.py
[2024-05-02T10:30:19.530+0000] {logging_mixin.py:188} INFO - [2024-05-02T10:30:19.530+0000] {dag.py:3096} INFO - Sync 1 DAGs
[2024-05-02T10:30:19.538+0000] {logging_mixin.py:188} INFO - [2024-05-02T10:30:19.538+0000] {dag.py:3954} INFO - Setting next_dagrun for example_display_name to None, run_after=None
[2024-05-02T10:30:19.578+0000] {processor.py:183} INFO - Processing /home/airflow/.local/lib/python3.12/site-packages/airflow/example_dags/example_display_name.py took 0.071 seconds
[2024-05-02T10:30:49.923+0000] {processor.py:161} INFO - Started process (PID=1278) to work on /home/airflow/.local/lib/python3.12/site-packages/airflow/example_dags/example_display_name.py
[2024-05-02T10:30:49.924+0000] {processor.py:830} INFO - Processing file /home/airflow/.local/lib/python3.12/site-packages/airflow/example_dags/example_display_name.py for tasks to queue
[2024-05-02T10:30:49.954+0000] {logging_mixin.py:188} INFO - [2024-05-02T10:30:49.953+0000] {dagbag.py:540} INFO - Filling up the DagBag from /home/airflow/.local/lib/python3.12/site-packages/airflow/example_dags/example_display_name.py
[2024-05-02T10:30:50.002+0000] {processor.py:840} INFO - DAG(s) 'example_display_name' retrieved from /home/airflow/.local/lib/python3.12/site-packages/airflow/example_dags/example_display_name.py
[2024-05-02T10:30:50.046+0000] {logging_mixin.py:188} INFO - [2024-05-02T10:30:50.046+0000] {dag.py:3096} INFO - Sync 1 DAGs
[2024-05-02T10:30:50.073+0000] {logging_mixin.py:188} INFO - [2024-05-02T10:30:50.073+0000] {dag.py:3954} INFO - Setting next_dagrun for example_display_name to None, run_after=None
[2024-05-02T10:30:50.109+0000] {processor.py:183} INFO - Processing /home/airflow/.local/lib/python3.12/site-packages/airflow/example_dags/example_display_name.py took 0.200 seconds
[2024-05-02T10:31:20.441+0000] {processor.py:161} INFO - Started process (PID=1337) to work on /home/airflow/.local/lib/python3.12/site-packages/airflow/example_dags/example_display_name.py
[2024-05-02T10:31:20.442+0000] {processor.py:830} INFO - Processing file /home/airflow/.local/lib/python3.12/site-packages/airflow/example_dags/example_display_name.py for tasks to queue
[2024-05-02T10:31:20.468+0000] {logging_mixin.py:188} INFO - [2024-05-02T10:31:20.467+0000] {dagbag.py:540} INFO - Filling up the DagBag from /home/airflow/.local/lib/python3.12/site-packages/airflow/example_dags/example_display_name.py
[2024-05-02T10:31:20.504+0000] {processor.py:840} INFO - DAG(s) 'example_display_name' retrieved from /home/airflow/.local/lib/python3.12/site-packages/airflow/example_dags/example_display_name.py
[2024-05-02T10:31:20.539+0000] {logging_mixin.py:188} INFO - [2024-05-02T10:31:20.538+0000] {dag.py:3096} INFO - Sync 1 DAGs
[2024-05-02T10:31:20.557+0000] {logging_mixin.py:188} INFO - [2024-05-02T10:31:20.557+0000] {dag.py:3954} INFO - Setting next_dagrun for example_display_name to None, run_after=None
[2024-05-02T10:31:20.602+0000] {processor.py:183} INFO - Processing /home/airflow/.local/lib/python3.12/site-packages/airflow/example_dags/example_display_name.py took 0.170 seconds
[2024-05-02T10:31:50.863+0000] {processor.py:161} INFO - Started process (PID=1403) to work on /home/airflow/.local/lib/python3.12/site-packages/airflow/example_dags/example_display_name.py
[2024-05-02T10:31:50.864+0000] {processor.py:830} INFO - Processing file /home/airflow/.local/lib/python3.12/site-packages/airflow/example_dags/example_display_name.py for tasks to queue
[2024-05-02T10:31:50.865+0000] {logging_mixin.py:188} INFO - [2024-05-02T10:31:50.865+0000] {dagbag.py:540} INFO - Filling up the DagBag from /home/airflow/.local/lib/python3.12/site-packages/airflow/example_dags/example_display_name.py
[2024-05-02T10:31:50.869+0000] {processor.py:840} INFO - DAG(s) 'example_display_name' retrieved from /home/airflow/.local/lib/python3.12/site-packages/airflow/example_dags/example_display_name.py
[2024-05-02T10:31:50.880+0000] {logging_mixin.py:188} INFO - [2024-05-02T10:31:50.880+0000] {dag.py:3096} INFO - Sync 1 DAGs
[2024-05-02T10:31:50.888+0000] {logging_mixin.py:188} INFO - [2024-05-02T10:31:50.888+0000] {dag.py:3954} INFO - Setting next_dagrun for example_display_name to None, run_after=None
[2024-05-02T10:31:50.899+0000] {processor.py:183} INFO - Processing /home/airflow/.local/lib/python3.12/site-packages/airflow/example_dags/example_display_name.py took 0.039 seconds
[2024-05-02T10:32:21.712+0000] {processor.py:161} INFO - Started process (PID=1462) to work on /home/airflow/.local/lib/python3.12/site-packages/airflow/example_dags/example_display_name.py
[2024-05-02T10:32:21.713+0000] {processor.py:830} INFO - Processing file /home/airflow/.local/lib/python3.12/site-packages/airflow/example_dags/example_display_name.py for tasks to queue
[2024-05-02T10:32:21.714+0000] {logging_mixin.py:188} INFO - [2024-05-02T10:32:21.714+0000] {dagbag.py:540} INFO - Filling up the DagBag from /home/airflow/.local/lib/python3.12/site-packages/airflow/example_dags/example_display_name.py
[2024-05-02T10:32:21.718+0000] {processor.py:840} INFO - DAG(s) 'example_display_name' retrieved from /home/airflow/.local/lib/python3.12/site-packages/airflow/example_dags/example_display_name.py
[2024-05-02T10:32:21.730+0000] {logging_mixin.py:188} INFO - [2024-05-02T10:32:21.729+0000] {dag.py:3096} INFO - Sync 1 DAGs
[2024-05-02T10:32:21.737+0000] {logging_mixin.py:188} INFO - [2024-05-02T10:32:21.737+0000] {dag.py:3954} INFO - Setting next_dagrun for example_display_name to None, run_after=None
[2024-05-02T10:32:21.750+0000] {processor.py:183} INFO - Processing /home/airflow/.local/lib/python3.12/site-packages/airflow/example_dags/example_display_name.py took 0.045 seconds
[2024-05-02T10:32:51.955+0000] {processor.py:161} INFO - Started process (PID=1521) to work on /home/airflow/.local/lib/python3.12/site-packages/airflow/example_dags/example_display_name.py
[2024-05-02T10:32:51.955+0000] {processor.py:830} INFO - Processing file /home/airflow/.local/lib/python3.12/site-packages/airflow/example_dags/example_display_name.py for tasks to queue
[2024-05-02T10:32:51.956+0000] {logging_mixin.py:188} INFO - [2024-05-02T10:32:51.956+0000] {dagbag.py:540} INFO - Filling up the DagBag from /home/airflow/.local/lib/python3.12/site-packages/airflow/example_dags/example_display_name.py
[2024-05-02T10:32:51.959+0000] {processor.py:840} INFO - DAG(s) 'example_display_name' retrieved from /home/airflow/.local/lib/python3.12/site-packages/airflow/example_dags/example_display_name.py
[2024-05-02T10:32:51.971+0000] {logging_mixin.py:188} INFO - [2024-05-02T10:32:51.971+0000] {dag.py:3096} INFO - Sync 1 DAGs
[2024-05-02T10:32:51.979+0000] {logging_mixin.py:188} INFO - [2024-05-02T10:32:51.979+0000] {dag.py:3954} INFO - Setting next_dagrun for example_display_name to None, run_after=None
[2024-05-02T10:32:52.010+0000] {processor.py:183} INFO - Processing /home/airflow/.local/lib/python3.12/site-packages/airflow/example_dags/example_display_name.py took 0.060 seconds
[2024-05-02T10:33:22.396+0000] {processor.py:161} INFO - Started process (PID=1580) to work on /home/airflow/.local/lib/python3.12/site-packages/airflow/example_dags/example_display_name.py
[2024-05-02T10:33:22.396+0000] {processor.py:830} INFO - Processing file /home/airflow/.local/lib/python3.12/site-packages/airflow/example_dags/example_display_name.py for tasks to queue
[2024-05-02T10:33:22.423+0000] {logging_mixin.py:188} INFO - [2024-05-02T10:33:22.422+0000] {dagbag.py:540} INFO - Filling up the DagBag from /home/airflow/.local/lib/python3.12/site-packages/airflow/example_dags/example_display_name.py
[2024-05-02T10:33:22.459+0000] {processor.py:840} INFO - DAG(s) 'example_display_name' retrieved from /home/airflow/.local/lib/python3.12/site-packages/airflow/example_dags/example_display_name.py
[2024-05-02T10:33:22.484+0000] {logging_mixin.py:188} INFO - [2024-05-02T10:33:22.484+0000] {dag.py:3096} INFO - Sync 1 DAGs
[2024-05-02T10:33:22.492+0000] {logging_mixin.py:188} INFO - [2024-05-02T10:33:22.492+0000] {dag.py:3954} INFO - Setting next_dagrun for example_display_name to None, run_after=None
[2024-05-02T10:33:22.526+0000] {processor.py:183} INFO - Processing /home/airflow/.local/lib/python3.12/site-packages/airflow/example_dags/example_display_name.py took 0.136 seconds
[2024-05-02T10:33:52.943+0000] {processor.py:161} INFO - Started process (PID=1639) to work on /home/airflow/.local/lib/python3.12/site-packages/airflow/example_dags/example_display_name.py
[2024-05-02T10:33:52.944+0000] {processor.py:830} INFO - Processing file /home/airflow/.local/lib/python3.12/site-packages/airflow/example_dags/example_display_name.py for tasks to queue
[2024-05-02T10:33:52.968+0000] {logging_mixin.py:188} INFO - [2024-05-02T10:33:52.967+0000] {dagbag.py:540} INFO - Filling up the DagBag from /home/airflow/.local/lib/python3.12/site-packages/airflow/example_dags/example_display_name.py
[2024-05-02T10:33:53.004+0000] {processor.py:840} INFO - DAG(s) 'example_display_name' retrieved from /home/airflow/.local/lib/python3.12/site-packages/airflow/example_dags/example_display_name.py
[2024-05-02T10:33:53.051+0000] {logging_mixin.py:188} INFO - [2024-05-02T10:33:53.050+0000] {dag.py:3096} INFO - Sync 1 DAGs
[2024-05-02T10:33:53.059+0000] {logging_mixin.py:188} INFO - [2024-05-02T10:33:53.059+0000] {dag.py:3954} INFO - Setting next_dagrun for example_display_name to None, run_after=None
[2024-05-02T10:33:53.090+0000] {processor.py:183} INFO - Processing /home/airflow/.local/lib/python3.12/site-packages/airflow/example_dags/example_display_name.py took 0.153 seconds
[2024-05-02T10:34:23.213+0000] {processor.py:161} INFO - Started process (PID=1698) to work on /home/airflow/.local/lib/python3.12/site-packages/airflow/example_dags/example_display_name.py
[2024-05-02T10:34:23.213+0000] {processor.py:830} INFO - Processing file /home/airflow/.local/lib/python3.12/site-packages/airflow/example_dags/example_display_name.py for tasks to queue
[2024-05-02T10:34:23.236+0000] {logging_mixin.py:188} INFO - [2024-05-02T10:34:23.235+0000] {dagbag.py:540} INFO - Filling up the DagBag from /home/airflow/.local/lib/python3.12/site-packages/airflow/example_dags/example_display_name.py
[2024-05-02T10:34:23.267+0000] {processor.py:840} INFO - DAG(s) 'example_display_name' retrieved from /home/airflow/.local/lib/python3.12/site-packages/airflow/example_dags/example_display_name.py
[2024-05-02T10:34:23.304+0000] {logging_mixin.py:188} INFO - [2024-05-02T10:34:23.304+0000] {dag.py:3096} INFO - Sync 1 DAGs
[2024-05-02T10:34:23.312+0000] {logging_mixin.py:188} INFO - [2024-05-02T10:34:23.312+0000] {dag.py:3954} INFO - Setting next_dagrun for example_display_name to None, run_after=None
[2024-05-02T10:34:23.345+0000] {processor.py:183} INFO - Processing /home/airflow/.local/lib/python3.12/site-packages/airflow/example_dags/example_display_name.py took 0.141 seconds
[2024-05-02T10:34:54.681+0000] {processor.py:161} INFO - Started process (PID=1757) to work on /home/airflow/.local/lib/python3.12/site-packages/airflow/example_dags/example_display_name.py
[2024-05-02T10:34:54.681+0000] {processor.py:830} INFO - Processing file /home/airflow/.local/lib/python3.12/site-packages/airflow/example_dags/example_display_name.py for tasks to queue
[2024-05-02T10:34:54.741+0000] {logging_mixin.py:188} INFO - [2024-05-02T10:34:54.741+0000] {dagbag.py:540} INFO - Filling up the DagBag from /home/airflow/.local/lib/python3.12/site-packages/airflow/example_dags/example_display_name.py
[2024-05-02T10:34:54.801+0000] {processor.py:840} INFO - DAG(s) 'example_display_name' retrieved from /home/airflow/.local/lib/python3.12/site-packages/airflow/example_dags/example_display_name.py
[2024-05-02T10:34:54.854+0000] {logging_mixin.py:188} INFO - [2024-05-02T10:34:54.854+0000] {dag.py:3096} INFO - Sync 1 DAGs
[2024-05-02T10:34:54.907+0000] {logging_mixin.py:188} INFO - [2024-05-02T10:34:54.907+0000] {dag.py:3954} INFO - Setting next_dagrun for example_display_name to None, run_after=None
[2024-05-02T10:34:54.963+0000] {processor.py:183} INFO - Processing /home/airflow/.local/lib/python3.12/site-packages/airflow/example_dags/example_display_name.py took 0.286 seconds
[2024-05-02T10:35:25.625+0000] {processor.py:161} INFO - Started process (PID=1816) to work on /home/airflow/.local/lib/python3.12/site-packages/airflow/example_dags/example_display_name.py
[2024-05-02T10:35:25.625+0000] {processor.py:830} INFO - Processing file /home/airflow/.local/lib/python3.12/site-packages/airflow/example_dags/example_display_name.py for tasks to queue
[2024-05-02T10:35:25.651+0000] {logging_mixin.py:188} INFO - [2024-05-02T10:35:25.650+0000] {dagbag.py:540} INFO - Filling up the DagBag from /home/airflow/.local/lib/python3.12/site-packages/airflow/example_dags/example_display_name.py
[2024-05-02T10:35:25.681+0000] {processor.py:840} INFO - DAG(s) 'example_display_name' retrieved from /home/airflow/.local/lib/python3.12/site-packages/airflow/example_dags/example_display_name.py
[2024-05-02T10:35:25.715+0000] {logging_mixin.py:188} INFO - [2024-05-02T10:35:25.715+0000] {dag.py:3096} INFO - Sync 1 DAGs
[2024-05-02T10:35:25.736+0000] {logging_mixin.py:188} INFO - [2024-05-02T10:35:25.736+0000] {dag.py:3954} INFO - Setting next_dagrun for example_display_name to None, run_after=None
[2024-05-02T10:35:25.760+0000] {processor.py:183} INFO - Processing /home/airflow/.local/lib/python3.12/site-packages/airflow/example_dags/example_display_name.py took 0.139 seconds
[2024-05-02T10:35:55.968+0000] {processor.py:161} INFO - Started process (PID=1875) to work on /home/airflow/.local/lib/python3.12/site-packages/airflow/example_dags/example_display_name.py
[2024-05-02T10:35:55.968+0000] {processor.py:830} INFO - Processing file /home/airflow/.local/lib/python3.12/site-packages/airflow/example_dags/example_display_name.py for tasks to queue
[2024-05-02T10:35:55.992+0000] {logging_mixin.py:188} INFO - [2024-05-02T10:35:55.992+0000] {dagbag.py:540} INFO - Filling up the DagBag from /home/airflow/.local/lib/python3.12/site-packages/airflow/example_dags/example_display_name.py
[2024-05-02T10:35:55.996+0000] {processor.py:840} INFO - DAG(s) 'example_display_name' retrieved from /home/airflow/.local/lib/python3.12/site-packages/airflow/example_dags/example_display_name.py
[2024-05-02T10:35:56.008+0000] {logging_mixin.py:188} INFO - [2024-05-02T10:35:56.008+0000] {dag.py:3096} INFO - Sync 1 DAGs
[2024-05-02T10:35:56.016+0000] {logging_mixin.py:188} INFO - [2024-05-02T10:35:56.016+0000] {dag.py:3954} INFO - Setting next_dagrun for example_display_name to None, run_after=None
[2024-05-02T10:35:56.046+0000] {processor.py:183} INFO - Processing /home/airflow/.local/lib/python3.12/site-packages/airflow/example_dags/example_display_name.py took 0.083 seconds
[2024-05-02T10:36:26.438+0000] {processor.py:161} INFO - Started process (PID=1934) to work on /home/airflow/.local/lib/python3.12/site-packages/airflow/example_dags/example_display_name.py
[2024-05-02T10:36:26.439+0000] {processor.py:830} INFO - Processing file /home/airflow/.local/lib/python3.12/site-packages/airflow/example_dags/example_display_name.py for tasks to queue
[2024-05-02T10:36:26.464+0000] {logging_mixin.py:188} INFO - [2024-05-02T10:36:26.464+0000] {dagbag.py:540} INFO - Filling up the DagBag from /home/airflow/.local/lib/python3.12/site-packages/airflow/example_dags/example_display_name.py
[2024-05-02T10:36:26.468+0000] {processor.py:840} INFO - DAG(s) 'example_display_name' retrieved from /home/airflow/.local/lib/python3.12/site-packages/airflow/example_dags/example_display_name.py
[2024-05-02T10:36:26.480+0000] {logging_mixin.py:188} INFO - [2024-05-02T10:36:26.480+0000] {dag.py:3096} INFO - Sync 1 DAGs
[2024-05-02T10:36:26.489+0000] {logging_mixin.py:188} INFO - [2024-05-02T10:36:26.488+0000] {dag.py:3954} INFO - Setting next_dagrun for example_display_name to None, run_after=None
[2024-05-02T10:36:26.501+0000] {processor.py:183} INFO - Processing /home/airflow/.local/lib/python3.12/site-packages/airflow/example_dags/example_display_name.py took 0.067 seconds
[2024-05-02T10:36:57.885+0000] {processor.py:161} INFO - Started process (PID=1993) to work on /home/airflow/.local/lib/python3.12/site-packages/airflow/example_dags/example_display_name.py
[2024-05-02T10:36:57.885+0000] {processor.py:830} INFO - Processing file /home/airflow/.local/lib/python3.12/site-packages/airflow/example_dags/example_display_name.py for tasks to queue
[2024-05-02T10:36:58.094+0000] {logging_mixin.py:188} INFO - [2024-05-02T10:36:58.094+0000] {dagbag.py:540} INFO - Filling up the DagBag from /home/airflow/.local/lib/python3.12/site-packages/airflow/example_dags/example_display_name.py
[2024-05-02T10:36:58.141+0000] {processor.py:840} INFO - DAG(s) 'example_display_name' retrieved from /home/airflow/.local/lib/python3.12/site-packages/airflow/example_dags/example_display_name.py
[2024-05-02T10:36:58.173+0000] {logging_mixin.py:188} INFO - [2024-05-02T10:36:58.173+0000] {dag.py:3096} INFO - Sync 1 DAGs
[2024-05-02T10:36:58.200+0000] {logging_mixin.py:188} INFO - [2024-05-02T10:36:58.200+0000] {dag.py:3954} INFO - Setting next_dagrun for example_display_name to None, run_after=None
[2024-05-02T10:36:58.232+0000] {processor.py:183} INFO - Processing /home/airflow/.local/lib/python3.12/site-packages/airflow/example_dags/example_display_name.py took 0.354 seconds
[2024-05-02T10:37:28.323+0000] {processor.py:161} INFO - Started process (PID=2052) to work on /home/airflow/.local/lib/python3.12/site-packages/airflow/example_dags/example_display_name.py
[2024-05-02T10:37:28.323+0000] {processor.py:830} INFO - Processing file /home/airflow/.local/lib/python3.12/site-packages/airflow/example_dags/example_display_name.py for tasks to queue
[2024-05-02T10:37:28.355+0000] {logging_mixin.py:188} INFO - [2024-05-02T10:37:28.354+0000] {dagbag.py:540} INFO - Filling up the DagBag from /home/airflow/.local/lib/python3.12/site-packages/airflow/example_dags/example_display_name.py
[2024-05-02T10:37:28.385+0000] {processor.py:840} INFO - DAG(s) 'example_display_name' retrieved from /home/airflow/.local/lib/python3.12/site-packages/airflow/example_dags/example_display_name.py
[2024-05-02T10:37:28.432+0000] {logging_mixin.py:188} INFO - [2024-05-02T10:37:28.432+0000] {dag.py:3096} INFO - Sync 1 DAGs
[2024-05-02T10:37:28.440+0000] {logging_mixin.py:188} INFO - [2024-05-02T10:37:28.440+0000] {dag.py:3954} INFO - Setting next_dagrun for example_display_name to None, run_after=None
[2024-05-02T10:37:28.501+0000] {processor.py:183} INFO - Processing /home/airflow/.local/lib/python3.12/site-packages/airflow/example_dags/example_display_name.py took 0.183 seconds
[2024-05-02T10:37:59.396+0000] {processor.py:161} INFO - Started process (PID=2111) to work on /home/airflow/.local/lib/python3.12/site-packages/airflow/example_dags/example_display_name.py
[2024-05-02T10:37:59.397+0000] {processor.py:830} INFO - Processing file /home/airflow/.local/lib/python3.12/site-packages/airflow/example_dags/example_display_name.py for tasks to queue
[2024-05-02T10:37:59.499+0000] {logging_mixin.py:188} INFO - [2024-05-02T10:37:59.499+0000] {dagbag.py:540} INFO - Filling up the DagBag from /home/airflow/.local/lib/python3.12/site-packages/airflow/example_dags/example_display_name.py
[2024-05-02T10:37:59.505+0000] {processor.py:840} INFO - DAG(s) 'example_display_name' retrieved from /home/airflow/.local/lib/python3.12/site-packages/airflow/example_dags/example_display_name.py
[2024-05-02T10:37:59.529+0000] {logging_mixin.py:188} INFO - [2024-05-02T10:37:59.528+0000] {dag.py:3096} INFO - Sync 1 DAGs
[2024-05-02T10:37:59.541+0000] {logging_mixin.py:188} INFO - [2024-05-02T10:37:59.541+0000] {dag.py:3954} INFO - Setting next_dagrun for example_display_name to None, run_after=None
[2024-05-02T10:37:59.553+0000] {processor.py:183} INFO - Processing /home/airflow/.local/lib/python3.12/site-packages/airflow/example_dags/example_display_name.py took 0.167 seconds
[2024-05-02T10:38:29.703+0000] {processor.py:161} INFO - Started process (PID=2170) to work on /home/airflow/.local/lib/python3.12/site-packages/airflow/example_dags/example_display_name.py
[2024-05-02T10:38:29.703+0000] {processor.py:830} INFO - Processing file /home/airflow/.local/lib/python3.12/site-packages/airflow/example_dags/example_display_name.py for tasks to queue
[2024-05-02T10:38:29.704+0000] {logging_mixin.py:188} INFO - [2024-05-02T10:38:29.704+0000] {dagbag.py:540} INFO - Filling up the DagBag from /home/airflow/.local/lib/python3.12/site-packages/airflow/example_dags/example_display_name.py
[2024-05-02T10:38:29.708+0000] {processor.py:840} INFO - DAG(s) 'example_display_name' retrieved from /home/airflow/.local/lib/python3.12/site-packages/airflow/example_dags/example_display_name.py
[2024-05-02T10:38:29.733+0000] {logging_mixin.py:188} INFO - [2024-05-02T10:38:29.733+0000] {dag.py:3096} INFO - Sync 1 DAGs
[2024-05-02T10:38:29.744+0000] {logging_mixin.py:188} INFO - [2024-05-02T10:38:29.744+0000] {dag.py:3954} INFO - Setting next_dagrun for example_display_name to None, run_after=None
[2024-05-02T10:38:29.756+0000] {processor.py:183} INFO - Processing /home/airflow/.local/lib/python3.12/site-packages/airflow/example_dags/example_display_name.py took 0.057 seconds
[2024-05-02T10:39:00.647+0000] {processor.py:161} INFO - Started process (PID=2229) to work on /home/airflow/.local/lib/python3.12/site-packages/airflow/example_dags/example_display_name.py
[2024-05-02T10:39:00.647+0000] {processor.py:830} INFO - Processing file /home/airflow/.local/lib/python3.12/site-packages/airflow/example_dags/example_display_name.py for tasks to queue
[2024-05-02T10:39:00.740+0000] {logging_mixin.py:188} INFO - [2024-05-02T10:39:00.739+0000] {dagbag.py:540} INFO - Filling up the DagBag from /home/airflow/.local/lib/python3.12/site-packages/airflow/example_dags/example_display_name.py
[2024-05-02T10:39:00.946+0000] {processor.py:840} INFO - DAG(s) 'example_display_name' retrieved from /home/airflow/.local/lib/python3.12/site-packages/airflow/example_dags/example_display_name.py
[2024-05-02T10:39:01.062+0000] {logging_mixin.py:188} INFO - [2024-05-02T10:39:01.061+0000] {dag.py:3096} INFO - Sync 1 DAGs
[2024-05-02T10:39:01.108+0000] {logging_mixin.py:188} INFO - [2024-05-02T10:39:01.107+0000] {dag.py:3954} INFO - Setting next_dagrun for example_display_name to None, run_after=None
[2024-05-02T10:39:01.136+0000] {processor.py:183} INFO - Processing /home/airflow/.local/lib/python3.12/site-packages/airflow/example_dags/example_display_name.py took 0.497 seconds
[2024-05-02T10:39:31.879+0000] {processor.py:161} INFO - Started process (PID=2288) to work on /home/airflow/.local/lib/python3.12/site-packages/airflow/example_dags/example_display_name.py
[2024-05-02T10:39:31.879+0000] {processor.py:830} INFO - Processing file /home/airflow/.local/lib/python3.12/site-packages/airflow/example_dags/example_display_name.py for tasks to queue
[2024-05-02T10:39:31.916+0000] {logging_mixin.py:188} INFO - [2024-05-02T10:39:31.916+0000] {dagbag.py:540} INFO - Filling up the DagBag from /home/airflow/.local/lib/python3.12/site-packages/airflow/example_dags/example_display_name.py
[2024-05-02T10:39:31.920+0000] {processor.py:840} INFO - DAG(s) 'example_display_name' retrieved from /home/airflow/.local/lib/python3.12/site-packages/airflow/example_dags/example_display_name.py
[2024-05-02T10:39:31.931+0000] {logging_mixin.py:188} INFO - [2024-05-02T10:39:31.931+0000] {dag.py:3096} INFO - Sync 1 DAGs
[2024-05-02T10:39:31.939+0000] {logging_mixin.py:188} INFO - [2024-05-02T10:39:31.939+0000] {dag.py:3954} INFO - Setting next_dagrun for example_display_name to None, run_after=None
[2024-05-02T10:39:31.978+0000] {processor.py:183} INFO - Processing /home/airflow/.local/lib/python3.12/site-packages/airflow/example_dags/example_display_name.py took 0.102 seconds
[2024-05-02T10:40:02.147+0000] {processor.py:161} INFO - Started process (PID=2347) to work on /home/airflow/.local/lib/python3.12/site-packages/airflow/example_dags/example_display_name.py
[2024-05-02T10:40:02.147+0000] {processor.py:830} INFO - Processing file /home/airflow/.local/lib/python3.12/site-packages/airflow/example_dags/example_display_name.py for tasks to queue
[2024-05-02T10:40:02.176+0000] {logging_mixin.py:188} INFO - [2024-05-02T10:40:02.176+0000] {dagbag.py:540} INFO - Filling up the DagBag from /home/airflow/.local/lib/python3.12/site-packages/airflow/example_dags/example_display_name.py
[2024-05-02T10:40:02.180+0000] {processor.py:840} INFO - DAG(s) 'example_display_name' retrieved from /home/airflow/.local/lib/python3.12/site-packages/airflow/example_dags/example_display_name.py
[2024-05-02T10:40:02.194+0000] {logging_mixin.py:188} INFO - [2024-05-02T10:40:02.194+0000] {dag.py:3096} INFO - Sync 1 DAGs
[2024-05-02T10:40:02.204+0000] {logging_mixin.py:188} INFO - [2024-05-02T10:40:02.203+0000] {dag.py:3954} INFO - Setting next_dagrun for example_display_name to None, run_after=None
[2024-05-02T10:40:02.238+0000] {processor.py:183} INFO - Processing /home/airflow/.local/lib/python3.12/site-packages/airflow/example_dags/example_display_name.py took 0.095 seconds
[2024-05-02T10:40:32.334+0000] {processor.py:161} INFO - Started process (PID=2406) to work on /home/airflow/.local/lib/python3.12/site-packages/airflow/example_dags/example_display_name.py
[2024-05-02T10:40:32.335+0000] {processor.py:830} INFO - Processing file /home/airflow/.local/lib/python3.12/site-packages/airflow/example_dags/example_display_name.py for tasks to queue
[2024-05-02T10:40:32.358+0000] {logging_mixin.py:188} INFO - [2024-05-02T10:40:32.358+0000] {dagbag.py:540} INFO - Filling up the DagBag from /home/airflow/.local/lib/python3.12/site-packages/airflow/example_dags/example_display_name.py
[2024-05-02T10:40:32.362+0000] {processor.py:840} INFO - DAG(s) 'example_display_name' retrieved from /home/airflow/.local/lib/python3.12/site-packages/airflow/example_dags/example_display_name.py
[2024-05-02T10:40:32.375+0000] {logging_mixin.py:188} INFO - [2024-05-02T10:40:32.375+0000] {dag.py:3096} INFO - Sync 1 DAGs
[2024-05-02T10:40:32.385+0000] {logging_mixin.py:188} INFO - [2024-05-02T10:40:32.385+0000] {dag.py:3954} INFO - Setting next_dagrun for example_display_name to None, run_after=None
[2024-05-02T10:40:32.422+0000] {processor.py:183} INFO - Processing /home/airflow/.local/lib/python3.12/site-packages/airflow/example_dags/example_display_name.py took 0.094 seconds
[2024-05-02T10:42:28.088+0000] {processor.py:161} INFO - Started process (PID=68) to work on /home/airflow/.local/lib/python3.12/site-packages/airflow/example_dags/example_display_name.py
[2024-05-02T10:42:28.089+0000] {processor.py:830} INFO - Processing file /home/airflow/.local/lib/python3.12/site-packages/airflow/example_dags/example_display_name.py for tasks to queue
[2024-05-02T10:42:28.090+0000] {logging_mixin.py:188} INFO - [2024-05-02T10:42:28.089+0000] {dagbag.py:540} INFO - Filling up the DagBag from /home/airflow/.local/lib/python3.12/site-packages/airflow/example_dags/example_display_name.py
[2024-05-02T10:42:28.095+0000] {processor.py:840} INFO - DAG(s) 'example_display_name' retrieved from /home/airflow/.local/lib/python3.12/site-packages/airflow/example_dags/example_display_name.py
[2024-05-02T10:42:28.175+0000] {logging_mixin.py:188} INFO - [2024-05-02T10:42:28.175+0000] {dag.py:3096} INFO - Sync 1 DAGs
[2024-05-02T10:42:28.183+0000] {logging_mixin.py:188} INFO - [2024-05-02T10:42:28.183+0000] {dag.py:3954} INFO - Setting next_dagrun for example_display_name to None, run_after=None
[2024-05-02T10:42:28.223+0000] {processor.py:183} INFO - Processing /home/airflow/.local/lib/python3.12/site-packages/airflow/example_dags/example_display_name.py took 0.139 seconds
[2024-05-02T10:42:58.823+0000] {processor.py:161} INFO - Started process (PID=127) to work on /home/airflow/.local/lib/python3.12/site-packages/airflow/example_dags/example_display_name.py
[2024-05-02T10:42:58.823+0000] {processor.py:830} INFO - Processing file /home/airflow/.local/lib/python3.12/site-packages/airflow/example_dags/example_display_name.py for tasks to queue
[2024-05-02T10:42:58.824+0000] {logging_mixin.py:188} INFO - [2024-05-02T10:42:58.824+0000] {dagbag.py:540} INFO - Filling up the DagBag from /home/airflow/.local/lib/python3.12/site-packages/airflow/example_dags/example_display_name.py
[2024-05-02T10:42:58.827+0000] {processor.py:840} INFO - DAG(s) 'example_display_name' retrieved from /home/airflow/.local/lib/python3.12/site-packages/airflow/example_dags/example_display_name.py
[2024-05-02T10:42:58.839+0000] {logging_mixin.py:188} INFO - [2024-05-02T10:42:58.839+0000] {dag.py:3096} INFO - Sync 1 DAGs
[2024-05-02T10:42:58.873+0000] {logging_mixin.py:188} INFO - [2024-05-02T10:42:58.872+0000] {dag.py:3954} INFO - Setting next_dagrun for example_display_name to None, run_after=None
[2024-05-02T10:42:58.883+0000] {processor.py:183} INFO - Processing /home/airflow/.local/lib/python3.12/site-packages/airflow/example_dags/example_display_name.py took 0.064 seconds
[2024-05-02T10:43:29.125+0000] {processor.py:161} INFO - Started process (PID=187) to work on /home/airflow/.local/lib/python3.12/site-packages/airflow/example_dags/example_display_name.py
[2024-05-02T10:43:29.125+0000] {processor.py:830} INFO - Processing file /home/airflow/.local/lib/python3.12/site-packages/airflow/example_dags/example_display_name.py for tasks to queue
[2024-05-02T10:43:29.126+0000] {logging_mixin.py:188} INFO - [2024-05-02T10:43:29.126+0000] {dagbag.py:540} INFO - Filling up the DagBag from /home/airflow/.local/lib/python3.12/site-packages/airflow/example_dags/example_display_name.py
[2024-05-02T10:43:29.130+0000] {processor.py:840} INFO - DAG(s) 'example_display_name' retrieved from /home/airflow/.local/lib/python3.12/site-packages/airflow/example_dags/example_display_name.py
[2024-05-02T10:43:29.141+0000] {logging_mixin.py:188} INFO - [2024-05-02T10:43:29.140+0000] {dag.py:3096} INFO - Sync 1 DAGs
[2024-05-02T10:43:29.183+0000] {logging_mixin.py:188} INFO - [2024-05-02T10:43:29.182+0000] {dag.py:3954} INFO - Setting next_dagrun for example_display_name to None, run_after=None
[2024-05-02T10:43:29.194+0000] {processor.py:183} INFO - Processing /home/airflow/.local/lib/python3.12/site-packages/airflow/example_dags/example_display_name.py took 0.073 seconds
[2024-05-02T10:43:59.562+0000] {processor.py:161} INFO - Started process (PID=247) to work on /home/airflow/.local/lib/python3.12/site-packages/airflow/example_dags/example_display_name.py
[2024-05-02T10:43:59.562+0000] {processor.py:830} INFO - Processing file /home/airflow/.local/lib/python3.12/site-packages/airflow/example_dags/example_display_name.py for tasks to queue
[2024-05-02T10:43:59.563+0000] {logging_mixin.py:188} INFO - [2024-05-02T10:43:59.563+0000] {dagbag.py:540} INFO - Filling up the DagBag from /home/airflow/.local/lib/python3.12/site-packages/airflow/example_dags/example_display_name.py
[2024-05-02T10:43:59.567+0000] {processor.py:840} INFO - DAG(s) 'example_display_name' retrieved from /home/airflow/.local/lib/python3.12/site-packages/airflow/example_dags/example_display_name.py
[2024-05-02T10:43:59.580+0000] {logging_mixin.py:188} INFO - [2024-05-02T10:43:59.580+0000] {dag.py:3096} INFO - Sync 1 DAGs
[2024-05-02T10:43:59.588+0000] {logging_mixin.py:188} INFO - [2024-05-02T10:43:59.588+0000] {dag.py:3954} INFO - Setting next_dagrun for example_display_name to None, run_after=None
[2024-05-02T10:43:59.620+0000] {processor.py:183} INFO - Processing /home/airflow/.local/lib/python3.12/site-packages/airflow/example_dags/example_display_name.py took 0.062 seconds
[2024-05-02T10:44:29.765+0000] {processor.py:161} INFO - Started process (PID=306) to work on /home/airflow/.local/lib/python3.12/site-packages/airflow/example_dags/example_display_name.py
[2024-05-02T10:44:29.765+0000] {processor.py:830} INFO - Processing file /home/airflow/.local/lib/python3.12/site-packages/airflow/example_dags/example_display_name.py for tasks to queue
[2024-05-02T10:44:29.766+0000] {logging_mixin.py:188} INFO - [2024-05-02T10:44:29.766+0000] {dagbag.py:540} INFO - Filling up the DagBag from /home/airflow/.local/lib/python3.12/site-packages/airflow/example_dags/example_display_name.py
[2024-05-02T10:44:29.769+0000] {processor.py:840} INFO - DAG(s) 'example_display_name' retrieved from /home/airflow/.local/lib/python3.12/site-packages/airflow/example_dags/example_display_name.py
[2024-05-02T10:44:29.781+0000] {logging_mixin.py:188} INFO - [2024-05-02T10:44:29.781+0000] {dag.py:3096} INFO - Sync 1 DAGs
[2024-05-02T10:44:29.803+0000] {logging_mixin.py:188} INFO - [2024-05-02T10:44:29.803+0000] {dag.py:3954} INFO - Setting next_dagrun for example_display_name to None, run_after=None
[2024-05-02T10:44:29.815+0000] {processor.py:183} INFO - Processing /home/airflow/.local/lib/python3.12/site-packages/airflow/example_dags/example_display_name.py took 0.054 seconds
[2024-05-02T10:45:00.282+0000] {processor.py:161} INFO - Started process (PID=367) to work on /home/airflow/.local/lib/python3.12/site-packages/airflow/example_dags/example_display_name.py
[2024-05-02T10:45:00.282+0000] {processor.py:830} INFO - Processing file /home/airflow/.local/lib/python3.12/site-packages/airflow/example_dags/example_display_name.py for tasks to queue
[2024-05-02T10:45:00.283+0000] {logging_mixin.py:188} INFO - [2024-05-02T10:45:00.283+0000] {dagbag.py:540} INFO - Filling up the DagBag from /home/airflow/.local/lib/python3.12/site-packages/airflow/example_dags/example_display_name.py
[2024-05-02T10:45:00.288+0000] {processor.py:840} INFO - DAG(s) 'example_display_name' retrieved from /home/airflow/.local/lib/python3.12/site-packages/airflow/example_dags/example_display_name.py
[2024-05-02T10:45:00.325+0000] {logging_mixin.py:188} INFO - [2024-05-02T10:45:00.325+0000] {dag.py:3096} INFO - Sync 1 DAGs
[2024-05-02T10:45:00.353+0000] {logging_mixin.py:188} INFO - [2024-05-02T10:45:00.353+0000] {dag.py:3954} INFO - Setting next_dagrun for example_display_name to None, run_after=None
[2024-05-02T10:45:00.380+0000] {processor.py:183} INFO - Processing /home/airflow/.local/lib/python3.12/site-packages/airflow/example_dags/example_display_name.py took 0.102 seconds
[2024-05-02T10:45:30.968+0000] {processor.py:161} INFO - Started process (PID=427) to work on /home/airflow/.local/lib/python3.12/site-packages/airflow/example_dags/example_display_name.py
[2024-05-02T10:45:30.968+0000] {processor.py:830} INFO - Processing file /home/airflow/.local/lib/python3.12/site-packages/airflow/example_dags/example_display_name.py for tasks to queue
[2024-05-02T10:45:30.969+0000] {logging_mixin.py:188} INFO - [2024-05-02T10:45:30.969+0000] {dagbag.py:540} INFO - Filling up the DagBag from /home/airflow/.local/lib/python3.12/site-packages/airflow/example_dags/example_display_name.py
[2024-05-02T10:45:30.973+0000] {processor.py:840} INFO - DAG(s) 'example_display_name' retrieved from /home/airflow/.local/lib/python3.12/site-packages/airflow/example_dags/example_display_name.py
[2024-05-02T10:45:30.984+0000] {logging_mixin.py:188} INFO - [2024-05-02T10:45:30.984+0000] {dag.py:3096} INFO - Sync 1 DAGs
[2024-05-02T10:45:30.994+0000] {logging_mixin.py:188} INFO - [2024-05-02T10:45:30.994+0000] {dag.py:3954} INFO - Setting next_dagrun for example_display_name to None, run_after=None
[2024-05-02T10:45:31.005+0000] {processor.py:183} INFO - Processing /home/airflow/.local/lib/python3.12/site-packages/airflow/example_dags/example_display_name.py took 0.040 seconds
[2024-05-02T10:46:02.202+0000] {processor.py:161} INFO - Started process (PID=493) to work on /home/airflow/.local/lib/python3.12/site-packages/airflow/example_dags/example_display_name.py
[2024-05-02T10:46:02.203+0000] {processor.py:830} INFO - Processing file /home/airflow/.local/lib/python3.12/site-packages/airflow/example_dags/example_display_name.py for tasks to queue
[2024-05-02T10:46:02.204+0000] {logging_mixin.py:188} INFO - [2024-05-02T10:46:02.204+0000] {dagbag.py:540} INFO - Filling up the DagBag from /home/airflow/.local/lib/python3.12/site-packages/airflow/example_dags/example_display_name.py
[2024-05-02T10:46:02.207+0000] {processor.py:840} INFO - DAG(s) 'example_display_name' retrieved from /home/airflow/.local/lib/python3.12/site-packages/airflow/example_dags/example_display_name.py
[2024-05-02T10:46:02.219+0000] {logging_mixin.py:188} INFO - [2024-05-02T10:46:02.219+0000] {dag.py:3096} INFO - Sync 1 DAGs
[2024-05-02T10:46:02.227+0000] {logging_mixin.py:188} INFO - [2024-05-02T10:46:02.227+0000] {dag.py:3954} INFO - Setting next_dagrun for example_display_name to None, run_after=None
[2024-05-02T10:46:02.239+0000] {processor.py:183} INFO - Processing /home/airflow/.local/lib/python3.12/site-packages/airflow/example_dags/example_display_name.py took 0.040 seconds
[2024-05-02T10:46:32.603+0000] {processor.py:161} INFO - Started process (PID=553) to work on /home/airflow/.local/lib/python3.12/site-packages/airflow/example_dags/example_display_name.py
[2024-05-02T10:46:32.603+0000] {processor.py:830} INFO - Processing file /home/airflow/.local/lib/python3.12/site-packages/airflow/example_dags/example_display_name.py for tasks to queue
[2024-05-02T10:46:32.622+0000] {logging_mixin.py:188} INFO - [2024-05-02T10:46:32.622+0000] {dagbag.py:540} INFO - Filling up the DagBag from /home/airflow/.local/lib/python3.12/site-packages/airflow/example_dags/example_display_name.py
[2024-05-02T10:46:32.653+0000] {processor.py:840} INFO - DAG(s) 'example_display_name' retrieved from /home/airflow/.local/lib/python3.12/site-packages/airflow/example_dags/example_display_name.py
[2024-05-02T10:46:32.691+0000] {logging_mixin.py:188} INFO - [2024-05-02T10:46:32.691+0000] {dag.py:3096} INFO - Sync 1 DAGs
[2024-05-02T10:46:32.711+0000] {logging_mixin.py:188} INFO - [2024-05-02T10:46:32.710+0000] {dag.py:3954} INFO - Setting next_dagrun for example_display_name to None, run_after=None
[2024-05-02T10:46:32.722+0000] {processor.py:183} INFO - Processing /home/airflow/.local/lib/python3.12/site-packages/airflow/example_dags/example_display_name.py took 0.123 seconds
[2024-05-02T10:47:02.962+0000] {processor.py:161} INFO - Started process (PID=612) to work on /home/airflow/.local/lib/python3.12/site-packages/airflow/example_dags/example_display_name.py
[2024-05-02T10:47:02.962+0000] {processor.py:830} INFO - Processing file /home/airflow/.local/lib/python3.12/site-packages/airflow/example_dags/example_display_name.py for tasks to queue
[2024-05-02T10:47:02.963+0000] {logging_mixin.py:188} INFO - [2024-05-02T10:47:02.963+0000] {dagbag.py:540} INFO - Filling up the DagBag from /home/airflow/.local/lib/python3.12/site-packages/airflow/example_dags/example_display_name.py
[2024-05-02T10:47:02.966+0000] {processor.py:840} INFO - DAG(s) 'example_display_name' retrieved from /home/airflow/.local/lib/python3.12/site-packages/airflow/example_dags/example_display_name.py
[2024-05-02T10:47:02.977+0000] {logging_mixin.py:188} INFO - [2024-05-02T10:47:02.977+0000] {dag.py:3096} INFO - Sync 1 DAGs
[2024-05-02T10:47:02.985+0000] {logging_mixin.py:188} INFO - [2024-05-02T10:47:02.984+0000] {dag.py:3954} INFO - Setting next_dagrun for example_display_name to None, run_after=None
[2024-05-02T10:47:03.024+0000] {processor.py:183} INFO - Processing /home/airflow/.local/lib/python3.12/site-packages/airflow/example_dags/example_display_name.py took 0.065 seconds
[2024-05-02T10:47:33.147+0000] {processor.py:161} INFO - Started process (PID=671) to work on /home/airflow/.local/lib/python3.12/site-packages/airflow/example_dags/example_display_name.py
[2024-05-02T10:47:33.148+0000] {processor.py:830} INFO - Processing file /home/airflow/.local/lib/python3.12/site-packages/airflow/example_dags/example_display_name.py for tasks to queue
[2024-05-02T10:47:33.173+0000] {logging_mixin.py:188} INFO - [2024-05-02T10:47:33.173+0000] {dagbag.py:540} INFO - Filling up the DagBag from /home/airflow/.local/lib/python3.12/site-packages/airflow/example_dags/example_display_name.py
[2024-05-02T10:47:33.198+0000] {processor.py:840} INFO - DAG(s) 'example_display_name' retrieved from /home/airflow/.local/lib/python3.12/site-packages/airflow/example_dags/example_display_name.py
[2024-05-02T10:47:33.226+0000] {logging_mixin.py:188} INFO - [2024-05-02T10:47:33.226+0000] {dag.py:3096} INFO - Sync 1 DAGs
[2024-05-02T10:47:33.237+0000] {logging_mixin.py:188} INFO - [2024-05-02T10:47:33.237+0000] {dag.py:3954} INFO - Setting next_dagrun for example_display_name to None, run_after=None
[2024-05-02T10:47:33.256+0000] {processor.py:183} INFO - Processing /home/airflow/.local/lib/python3.12/site-packages/airflow/example_dags/example_display_name.py took 0.113 seconds
[2024-05-02T10:48:03.377+0000] {processor.py:161} INFO - Started process (PID=731) to work on /home/airflow/.local/lib/python3.12/site-packages/airflow/example_dags/example_display_name.py
[2024-05-02T10:48:03.378+0000] {processor.py:830} INFO - Processing file /home/airflow/.local/lib/python3.12/site-packages/airflow/example_dags/example_display_name.py for tasks to queue
[2024-05-02T10:48:03.398+0000] {logging_mixin.py:188} INFO - [2024-05-02T10:48:03.397+0000] {dagbag.py:540} INFO - Filling up the DagBag from /home/airflow/.local/lib/python3.12/site-packages/airflow/example_dags/example_display_name.py
[2024-05-02T10:48:03.427+0000] {processor.py:840} INFO - DAG(s) 'example_display_name' retrieved from /home/airflow/.local/lib/python3.12/site-packages/airflow/example_dags/example_display_name.py
[2024-05-02T10:48:03.483+0000] {logging_mixin.py:188} INFO - [2024-05-02T10:48:03.482+0000] {dag.py:3096} INFO - Sync 1 DAGs
[2024-05-02T10:48:03.493+0000] {logging_mixin.py:188} INFO - [2024-05-02T10:48:03.493+0000] {dag.py:3954} INFO - Setting next_dagrun for example_display_name to None, run_after=None
[2024-05-02T10:48:03.525+0000] {processor.py:183} INFO - Processing /home/airflow/.local/lib/python3.12/site-packages/airflow/example_dags/example_display_name.py took 0.157 seconds
[2024-05-02T10:49:26.812+0000] {processor.py:161} INFO - Started process (PID=68) to work on /home/airflow/.local/lib/python3.12/site-packages/airflow/example_dags/example_display_name.py
[2024-05-02T10:49:26.812+0000] {processor.py:830} INFO - Processing file /home/airflow/.local/lib/python3.12/site-packages/airflow/example_dags/example_display_name.py for tasks to queue
[2024-05-02T10:49:26.834+0000] {logging_mixin.py:188} INFO - [2024-05-02T10:49:26.834+0000] {dagbag.py:540} INFO - Filling up the DagBag from /home/airflow/.local/lib/python3.12/site-packages/airflow/example_dags/example_display_name.py
[2024-05-02T10:49:26.866+0000] {processor.py:840} INFO - DAG(s) 'example_display_name' retrieved from /home/airflow/.local/lib/python3.12/site-packages/airflow/example_dags/example_display_name.py
[2024-05-02T10:49:26.967+0000] {logging_mixin.py:188} INFO - [2024-05-02T10:49:26.967+0000] {dag.py:3096} INFO - Sync 1 DAGs
[2024-05-02T10:49:26.974+0000] {logging_mixin.py:188} INFO - [2024-05-02T10:49:26.974+0000] {dag.py:3954} INFO - Setting next_dagrun for example_display_name to None, run_after=None
[2024-05-02T10:49:26.988+0000] {processor.py:183} INFO - Processing /home/airflow/.local/lib/python3.12/site-packages/airflow/example_dags/example_display_name.py took 0.180 seconds
[2024-05-02T10:49:57.861+0000] {processor.py:161} INFO - Started process (PID=128) to work on /home/airflow/.local/lib/python3.12/site-packages/airflow/example_dags/example_display_name.py
[2024-05-02T10:49:57.861+0000] {processor.py:830} INFO - Processing file /home/airflow/.local/lib/python3.12/site-packages/airflow/example_dags/example_display_name.py for tasks to queue
[2024-05-02T10:49:57.886+0000] {logging_mixin.py:188} INFO - [2024-05-02T10:49:57.886+0000] {dagbag.py:540} INFO - Filling up the DagBag from /home/airflow/.local/lib/python3.12/site-packages/airflow/example_dags/example_display_name.py
[2024-05-02T10:49:57.890+0000] {processor.py:840} INFO - DAG(s) 'example_display_name' retrieved from /home/airflow/.local/lib/python3.12/site-packages/airflow/example_dags/example_display_name.py
[2024-05-02T10:49:57.902+0000] {logging_mixin.py:188} INFO - [2024-05-02T10:49:57.901+0000] {dag.py:3096} INFO - Sync 1 DAGs
[2024-05-02T10:49:57.911+0000] {logging_mixin.py:188} INFO - [2024-05-02T10:49:57.911+0000] {dag.py:3954} INFO - Setting next_dagrun for example_display_name to None, run_after=None
[2024-05-02T10:49:57.924+0000] {processor.py:183} INFO - Processing /home/airflow/.local/lib/python3.12/site-packages/airflow/example_dags/example_display_name.py took 0.069 seconds
[2024-05-02T10:50:28.513+0000] {processor.py:161} INFO - Started process (PID=188) to work on /home/airflow/.local/lib/python3.12/site-packages/airflow/example_dags/example_display_name.py
[2024-05-02T10:50:28.514+0000] {processor.py:830} INFO - Processing file /home/airflow/.local/lib/python3.12/site-packages/airflow/example_dags/example_display_name.py for tasks to queue
[2024-05-02T10:50:28.515+0000] {logging_mixin.py:188} INFO - [2024-05-02T10:50:28.515+0000] {dagbag.py:540} INFO - Filling up the DagBag from /home/airflow/.local/lib/python3.12/site-packages/airflow/example_dags/example_display_name.py
[2024-05-02T10:50:28.518+0000] {processor.py:840} INFO - DAG(s) 'example_display_name' retrieved from /home/airflow/.local/lib/python3.12/site-packages/airflow/example_dags/example_display_name.py
[2024-05-02T10:50:28.530+0000] {logging_mixin.py:188} INFO - [2024-05-02T10:50:28.529+0000] {dag.py:3096} INFO - Sync 1 DAGs
[2024-05-02T10:50:28.564+0000] {logging_mixin.py:188} INFO - [2024-05-02T10:50:28.563+0000] {dag.py:3954} INFO - Setting next_dagrun for example_display_name to None, run_after=None
[2024-05-02T10:50:28.575+0000] {processor.py:183} INFO - Processing /home/airflow/.local/lib/python3.12/site-packages/airflow/example_dags/example_display_name.py took 0.065 seconds
[2024-05-02T10:50:58.749+0000] {processor.py:161} INFO - Started process (PID=248) to work on /home/airflow/.local/lib/python3.12/site-packages/airflow/example_dags/example_display_name.py
[2024-05-02T10:50:58.750+0000] {processor.py:830} INFO - Processing file /home/airflow/.local/lib/python3.12/site-packages/airflow/example_dags/example_display_name.py for tasks to queue
[2024-05-02T10:50:58.772+0000] {logging_mixin.py:188} INFO - [2024-05-02T10:50:58.771+0000] {dagbag.py:540} INFO - Filling up the DagBag from /home/airflow/.local/lib/python3.12/site-packages/airflow/example_dags/example_display_name.py
[2024-05-02T10:50:58.808+0000] {processor.py:840} INFO - DAG(s) 'example_display_name' retrieved from /home/airflow/.local/lib/python3.12/site-packages/airflow/example_dags/example_display_name.py
[2024-05-02T10:50:58.839+0000] {logging_mixin.py:188} INFO - [2024-05-02T10:50:58.839+0000] {dag.py:3096} INFO - Sync 1 DAGs
[2024-05-02T10:50:58.848+0000] {logging_mixin.py:188} INFO - [2024-05-02T10:50:58.848+0000] {dag.py:3954} INFO - Setting next_dagrun for example_display_name to None, run_after=None
[2024-05-02T10:50:58.887+0000] {processor.py:183} INFO - Processing /home/airflow/.local/lib/python3.12/site-packages/airflow/example_dags/example_display_name.py took 0.144 seconds
[2024-05-02T10:51:29.257+0000] {processor.py:161} INFO - Started process (PID=308) to work on /home/airflow/.local/lib/python3.12/site-packages/airflow/example_dags/example_display_name.py
[2024-05-02T10:51:29.258+0000] {processor.py:830} INFO - Processing file /home/airflow/.local/lib/python3.12/site-packages/airflow/example_dags/example_display_name.py for tasks to queue
[2024-05-02T10:51:29.259+0000] {logging_mixin.py:188} INFO - [2024-05-02T10:51:29.259+0000] {dagbag.py:540} INFO - Filling up the DagBag from /home/airflow/.local/lib/python3.12/site-packages/airflow/example_dags/example_display_name.py
[2024-05-02T10:51:29.262+0000] {processor.py:840} INFO - DAG(s) 'example_display_name' retrieved from /home/airflow/.local/lib/python3.12/site-packages/airflow/example_dags/example_display_name.py
[2024-05-02T10:51:29.274+0000] {logging_mixin.py:188} INFO - [2024-05-02T10:51:29.274+0000] {dag.py:3096} INFO - Sync 1 DAGs
[2024-05-02T10:51:29.316+0000] {logging_mixin.py:188} INFO - [2024-05-02T10:51:29.315+0000] {dag.py:3954} INFO - Setting next_dagrun for example_display_name to None, run_after=None
[2024-05-02T10:51:29.351+0000] {processor.py:183} INFO - Processing /home/airflow/.local/lib/python3.12/site-packages/airflow/example_dags/example_display_name.py took 0.097 seconds
[2024-05-02T10:52:00.385+0000] {processor.py:161} INFO - Started process (PID=368) to work on /home/airflow/.local/lib/python3.12/site-packages/airflow/example_dags/example_display_name.py
[2024-05-02T10:52:00.386+0000] {processor.py:830} INFO - Processing file /home/airflow/.local/lib/python3.12/site-packages/airflow/example_dags/example_display_name.py for tasks to queue
[2024-05-02T10:52:00.387+0000] {logging_mixin.py:188} INFO - [2024-05-02T10:52:00.386+0000] {dagbag.py:540} INFO - Filling up the DagBag from /home/airflow/.local/lib/python3.12/site-packages/airflow/example_dags/example_display_name.py
[2024-05-02T10:52:00.390+0000] {processor.py:840} INFO - DAG(s) 'example_display_name' retrieved from /home/airflow/.local/lib/python3.12/site-packages/airflow/example_dags/example_display_name.py
[2024-05-02T10:52:00.416+0000] {logging_mixin.py:188} INFO - [2024-05-02T10:52:00.415+0000] {dag.py:3096} INFO - Sync 1 DAGs
[2024-05-02T10:52:00.423+0000] {logging_mixin.py:188} INFO - [2024-05-02T10:52:00.423+0000] {dag.py:3954} INFO - Setting next_dagrun for example_display_name to None, run_after=None
[2024-05-02T10:52:00.457+0000] {processor.py:183} INFO - Processing /home/airflow/.local/lib/python3.12/site-packages/airflow/example_dags/example_display_name.py took 0.075 seconds
[2024-05-02T10:52:31.342+0000] {processor.py:161} INFO - Started process (PID=434) to work on /home/airflow/.local/lib/python3.12/site-packages/airflow/example_dags/example_display_name.py
[2024-05-02T10:52:31.342+0000] {processor.py:830} INFO - Processing file /home/airflow/.local/lib/python3.12/site-packages/airflow/example_dags/example_display_name.py for tasks to queue
[2024-05-02T10:52:31.343+0000] {logging_mixin.py:188} INFO - [2024-05-02T10:52:31.343+0000] {dagbag.py:540} INFO - Filling up the DagBag from /home/airflow/.local/lib/python3.12/site-packages/airflow/example_dags/example_display_name.py
[2024-05-02T10:52:31.347+0000] {processor.py:840} INFO - DAG(s) 'example_display_name' retrieved from /home/airflow/.local/lib/python3.12/site-packages/airflow/example_dags/example_display_name.py
[2024-05-02T10:52:31.358+0000] {logging_mixin.py:188} INFO - [2024-05-02T10:52:31.358+0000] {dag.py:3096} INFO - Sync 1 DAGs
[2024-05-02T10:52:31.366+0000] {logging_mixin.py:188} INFO - [2024-05-02T10:52:31.366+0000] {dag.py:3954} INFO - Setting next_dagrun for example_display_name to None, run_after=None
[2024-05-02T10:52:31.408+0000] {processor.py:183} INFO - Processing /home/airflow/.local/lib/python3.12/site-packages/airflow/example_dags/example_display_name.py took 0.070 seconds
[2024-05-02T10:53:01.516+0000] {processor.py:161} INFO - Started process (PID=493) to work on /home/airflow/.local/lib/python3.12/site-packages/airflow/example_dags/example_display_name.py
[2024-05-02T10:53:01.516+0000] {processor.py:830} INFO - Processing file /home/airflow/.local/lib/python3.12/site-packages/airflow/example_dags/example_display_name.py for tasks to queue
[2024-05-02T10:53:01.518+0000] {logging_mixin.py:188} INFO - [2024-05-02T10:53:01.518+0000] {dagbag.py:540} INFO - Filling up the DagBag from /home/airflow/.local/lib/python3.12/site-packages/airflow/example_dags/example_display_name.py
[2024-05-02T10:53:01.522+0000] {processor.py:840} INFO - DAG(s) 'example_display_name' retrieved from /home/airflow/.local/lib/python3.12/site-packages/airflow/example_dags/example_display_name.py
[2024-05-02T10:53:01.572+0000] {logging_mixin.py:188} INFO - [2024-05-02T10:53:01.571+0000] {dag.py:3096} INFO - Sync 1 DAGs
[2024-05-02T10:53:01.580+0000] {logging_mixin.py:188} INFO - [2024-05-02T10:53:01.580+0000] {dag.py:3954} INFO - Setting next_dagrun for example_display_name to None, run_after=None
[2024-05-02T10:53:01.629+0000] {processor.py:183} INFO - Processing /home/airflow/.local/lib/python3.12/site-packages/airflow/example_dags/example_display_name.py took 0.117 seconds
[2024-05-02T10:53:31.825+0000] {processor.py:161} INFO - Started process (PID=552) to work on /home/airflow/.local/lib/python3.12/site-packages/airflow/example_dags/example_display_name.py
[2024-05-02T10:53:31.825+0000] {processor.py:830} INFO - Processing file /home/airflow/.local/lib/python3.12/site-packages/airflow/example_dags/example_display_name.py for tasks to queue
[2024-05-02T10:53:31.848+0000] {logging_mixin.py:188} INFO - [2024-05-02T10:53:31.848+0000] {dagbag.py:540} INFO - Filling up the DagBag from /home/airflow/.local/lib/python3.12/site-packages/airflow/example_dags/example_display_name.py
[2024-05-02T10:53:31.878+0000] {processor.py:840} INFO - DAG(s) 'example_display_name' retrieved from /home/airflow/.local/lib/python3.12/site-packages/airflow/example_dags/example_display_name.py
[2024-05-02T10:53:31.912+0000] {logging_mixin.py:188} INFO - [2024-05-02T10:53:31.912+0000] {dag.py:3096} INFO - Sync 1 DAGs
[2024-05-02T10:53:31.935+0000] {logging_mixin.py:188} INFO - [2024-05-02T10:53:31.935+0000] {dag.py:3954} INFO - Setting next_dagrun for example_display_name to None, run_after=None
[2024-05-02T10:53:31.959+0000] {processor.py:183} INFO - Processing /home/airflow/.local/lib/python3.12/site-packages/airflow/example_dags/example_display_name.py took 0.138 seconds
[2024-05-02T10:54:02.074+0000] {processor.py:161} INFO - Started process (PID=611) to work on /home/airflow/.local/lib/python3.12/site-packages/airflow/example_dags/example_display_name.py
[2024-05-02T10:54:02.075+0000] {processor.py:830} INFO - Processing file /home/airflow/.local/lib/python3.12/site-packages/airflow/example_dags/example_display_name.py for tasks to queue
[2024-05-02T10:54:02.098+0000] {logging_mixin.py:188} INFO - [2024-05-02T10:54:02.098+0000] {dagbag.py:540} INFO - Filling up the DagBag from /home/airflow/.local/lib/python3.12/site-packages/airflow/example_dags/example_display_name.py
[2024-05-02T10:54:02.116+0000] {processor.py:840} INFO - DAG(s) 'example_display_name' retrieved from /home/airflow/.local/lib/python3.12/site-packages/airflow/example_dags/example_display_name.py
[2024-05-02T10:54:02.377+0000] {logging_mixin.py:188} INFO - [2024-05-02T10:54:02.377+0000] {dag.py:3096} INFO - Sync 1 DAGs
[2024-05-02T10:54:02.407+0000] {logging_mixin.py:188} INFO - [2024-05-02T10:54:02.406+0000] {dag.py:3954} INFO - Setting next_dagrun for example_display_name to None, run_after=None
[2024-05-02T10:54:02.438+0000] {processor.py:183} INFO - Processing /home/airflow/.local/lib/python3.12/site-packages/airflow/example_dags/example_display_name.py took 0.368 seconds
[2024-05-02T10:54:33.177+0000] {processor.py:161} INFO - Started process (PID=671) to work on /home/airflow/.local/lib/python3.12/site-packages/airflow/example_dags/example_display_name.py
[2024-05-02T10:54:33.177+0000] {processor.py:830} INFO - Processing file /home/airflow/.local/lib/python3.12/site-packages/airflow/example_dags/example_display_name.py for tasks to queue
[2024-05-02T10:54:33.203+0000] {logging_mixin.py:188} INFO - [2024-05-02T10:54:33.203+0000] {dagbag.py:540} INFO - Filling up the DagBag from /home/airflow/.local/lib/python3.12/site-packages/airflow/example_dags/example_display_name.py
[2024-05-02T10:54:33.233+0000] {processor.py:840} INFO - DAG(s) 'example_display_name' retrieved from /home/airflow/.local/lib/python3.12/site-packages/airflow/example_dags/example_display_name.py
[2024-05-02T10:54:33.284+0000] {logging_mixin.py:188} INFO - [2024-05-02T10:54:33.283+0000] {dag.py:3096} INFO - Sync 1 DAGs
[2024-05-02T10:54:33.292+0000] {logging_mixin.py:188} INFO - [2024-05-02T10:54:33.292+0000] {dag.py:3954} INFO - Setting next_dagrun for example_display_name to None, run_after=None
[2024-05-02T10:54:33.319+0000] {processor.py:183} INFO - Processing /home/airflow/.local/lib/python3.12/site-packages/airflow/example_dags/example_display_name.py took 0.148 seconds
[2024-05-02T10:55:03.569+0000] {processor.py:161} INFO - Started process (PID=731) to work on /home/airflow/.local/lib/python3.12/site-packages/airflow/example_dags/example_display_name.py
[2024-05-02T10:55:03.569+0000] {processor.py:830} INFO - Processing file /home/airflow/.local/lib/python3.12/site-packages/airflow/example_dags/example_display_name.py for tasks to queue
[2024-05-02T10:55:03.593+0000] {logging_mixin.py:188} INFO - [2024-05-02T10:55:03.592+0000] {dagbag.py:540} INFO - Filling up the DagBag from /home/airflow/.local/lib/python3.12/site-packages/airflow/example_dags/example_display_name.py
[2024-05-02T10:55:03.628+0000] {processor.py:840} INFO - DAG(s) 'example_display_name' retrieved from /home/airflow/.local/lib/python3.12/site-packages/airflow/example_dags/example_display_name.py
[2024-05-02T10:55:03.661+0000] {logging_mixin.py:188} INFO - [2024-05-02T10:55:03.661+0000] {dag.py:3096} INFO - Sync 1 DAGs
[2024-05-02T10:55:03.685+0000] {logging_mixin.py:188} INFO - [2024-05-02T10:55:03.685+0000] {dag.py:3954} INFO - Setting next_dagrun for example_display_name to None, run_after=None
[2024-05-02T10:55:03.713+0000] {processor.py:183} INFO - Processing /home/airflow/.local/lib/python3.12/site-packages/airflow/example_dags/example_display_name.py took 0.149 seconds
[2024-05-02T10:55:34.309+0000] {processor.py:161} INFO - Started process (PID=792) to work on /home/airflow/.local/lib/python3.12/site-packages/airflow/example_dags/example_display_name.py
[2024-05-02T10:55:34.309+0000] {processor.py:830} INFO - Processing file /home/airflow/.local/lib/python3.12/site-packages/airflow/example_dags/example_display_name.py for tasks to queue
[2024-05-02T10:55:34.310+0000] {logging_mixin.py:188} INFO - [2024-05-02T10:55:34.310+0000] {dagbag.py:540} INFO - Filling up the DagBag from /home/airflow/.local/lib/python3.12/site-packages/airflow/example_dags/example_display_name.py
[2024-05-02T10:55:34.314+0000] {processor.py:840} INFO - DAG(s) 'example_display_name' retrieved from /home/airflow/.local/lib/python3.12/site-packages/airflow/example_dags/example_display_name.py
[2024-05-02T10:55:34.326+0000] {logging_mixin.py:188} INFO - [2024-05-02T10:55:34.325+0000] {dag.py:3096} INFO - Sync 1 DAGs
[2024-05-02T10:55:34.333+0000] {logging_mixin.py:188} INFO - [2024-05-02T10:55:34.333+0000] {dag.py:3954} INFO - Setting next_dagrun for example_display_name to None, run_after=None
[2024-05-02T10:55:34.348+0000] {processor.py:183} INFO - Processing /home/airflow/.local/lib/python3.12/site-packages/airflow/example_dags/example_display_name.py took 0.043 seconds
[2024-05-02T10:56:04.480+0000] {processor.py:161} INFO - Started process (PID=851) to work on /home/airflow/.local/lib/python3.12/site-packages/airflow/example_dags/example_display_name.py
[2024-05-02T10:56:04.480+0000] {processor.py:830} INFO - Processing file /home/airflow/.local/lib/python3.12/site-packages/airflow/example_dags/example_display_name.py for tasks to queue
[2024-05-02T10:56:04.509+0000] {logging_mixin.py:188} INFO - [2024-05-02T10:56:04.509+0000] {dagbag.py:540} INFO - Filling up the DagBag from /home/airflow/.local/lib/python3.12/site-packages/airflow/example_dags/example_display_name.py
[2024-05-02T10:56:04.539+0000] {processor.py:840} INFO - DAG(s) 'example_display_name' retrieved from /home/airflow/.local/lib/python3.12/site-packages/airflow/example_dags/example_display_name.py
[2024-05-02T10:56:04.576+0000] {logging_mixin.py:188} INFO - [2024-05-02T10:56:04.575+0000] {dag.py:3096} INFO - Sync 1 DAGs
[2024-05-02T10:56:04.602+0000] {logging_mixin.py:188} INFO - [2024-05-02T10:56:04.602+0000] {dag.py:3954} INFO - Setting next_dagrun for example_display_name to None, run_after=None
[2024-05-02T10:56:04.863+0000] {processor.py:183} INFO - Processing /home/airflow/.local/lib/python3.12/site-packages/airflow/example_dags/example_display_name.py took 0.387 seconds
[2024-05-02T10:56:35.583+0000] {processor.py:161} INFO - Started process (PID=912) to work on /home/airflow/.local/lib/python3.12/site-packages/airflow/example_dags/example_display_name.py
[2024-05-02T10:56:35.583+0000] {processor.py:830} INFO - Processing file /home/airflow/.local/lib/python3.12/site-packages/airflow/example_dags/example_display_name.py for tasks to queue
[2024-05-02T10:56:35.584+0000] {logging_mixin.py:188} INFO - [2024-05-02T10:56:35.584+0000] {dagbag.py:540} INFO - Filling up the DagBag from /home/airflow/.local/lib/python3.12/site-packages/airflow/example_dags/example_display_name.py
[2024-05-02T10:56:35.587+0000] {processor.py:840} INFO - DAG(s) 'example_display_name' retrieved from /home/airflow/.local/lib/python3.12/site-packages/airflow/example_dags/example_display_name.py
[2024-05-02T10:56:35.599+0000] {logging_mixin.py:188} INFO - [2024-05-02T10:56:35.599+0000] {dag.py:3096} INFO - Sync 1 DAGs
[2024-05-02T10:56:35.607+0000] {logging_mixin.py:188} INFO - [2024-05-02T10:56:35.607+0000] {dag.py:3954} INFO - Setting next_dagrun for example_display_name to None, run_after=None
[2024-05-02T10:56:35.643+0000] {processor.py:183} INFO - Processing /home/airflow/.local/lib/python3.12/site-packages/airflow/example_dags/example_display_name.py took 0.064 seconds
[2024-05-02T10:57:06.231+0000] {processor.py:161} INFO - Started process (PID=972) to work on /home/airflow/.local/lib/python3.12/site-packages/airflow/example_dags/example_display_name.py
[2024-05-02T10:57:06.232+0000] {processor.py:830} INFO - Processing file /home/airflow/.local/lib/python3.12/site-packages/airflow/example_dags/example_display_name.py for tasks to queue
[2024-05-02T10:57:06.233+0000] {logging_mixin.py:188} INFO - [2024-05-02T10:57:06.232+0000] {dagbag.py:540} INFO - Filling up the DagBag from /home/airflow/.local/lib/python3.12/site-packages/airflow/example_dags/example_display_name.py
[2024-05-02T10:57:06.236+0000] {processor.py:840} INFO - DAG(s) 'example_display_name' retrieved from /home/airflow/.local/lib/python3.12/site-packages/airflow/example_dags/example_display_name.py
[2024-05-02T10:57:06.249+0000] {logging_mixin.py:188} INFO - [2024-05-02T10:57:06.249+0000] {dag.py:3096} INFO - Sync 1 DAGs
[2024-05-02T10:57:06.279+0000] {logging_mixin.py:188} INFO - [2024-05-02T10:57:06.279+0000] {dag.py:3954} INFO - Setting next_dagrun for example_display_name to None, run_after=None
[2024-05-02T10:57:06.296+0000] {processor.py:183} INFO - Processing /home/airflow/.local/lib/python3.12/site-packages/airflow/example_dags/example_display_name.py took 0.068 seconds
