[2024-05-02T10:20:05.135+0000] {processor.py:161} INFO - Started process (PID=34) to work on /home/airflow/.local/lib/python3.12/site-packages/airflow/example_dags/example_bash_decorator.py
[2024-05-02T10:20:05.136+0000] {processor.py:830} INFO - Processing file /home/airflow/.local/lib/python3.12/site-packages/airflow/example_dags/example_bash_decorator.py for tasks to queue
[2024-05-02T10:20:05.137+0000] {logging_mixin.py:188} INFO - [2024-05-02T10:20:05.136+0000] {dagbag.py:540} INFO - Filling up the DagBag from /home/airflow/.local/lib/python3.12/site-packages/airflow/example_dags/example_bash_decorator.py
[2024-05-02T10:20:05.152+0000] {processor.py:840} INFO - DAG(s) 'example_bash_decorator' retrieved from /home/airflow/.local/lib/python3.12/site-packages/airflow/example_dags/example_bash_decorator.py
[2024-05-02T10:20:05.160+0000] {logging_mixin.py:188} INFO - [2024-05-02T10:20:05.160+0000] {dag.py:3096} INFO - Sync 1 DAGs
[2024-05-02T10:20:05.170+0000] {logging_mixin.py:188} INFO - [2024-05-02T10:20:05.170+0000] {dag.py:3954} INFO - Setting next_dagrun for example_bash_decorator to None, run_after=None
[2024-05-02T10:20:05.185+0000] {processor.py:183} INFO - Processing /home/airflow/.local/lib/python3.12/site-packages/airflow/example_dags/example_bash_decorator.py took 0.053 seconds
[2024-05-02T10:20:35.898+0000] {processor.py:161} INFO - Started process (PID=92) to work on /home/airflow/.local/lib/python3.12/site-packages/airflow/example_dags/example_bash_decorator.py
[2024-05-02T10:20:35.899+0000] {processor.py:830} INFO - Processing file /home/airflow/.local/lib/python3.12/site-packages/airflow/example_dags/example_bash_decorator.py for tasks to queue
[2024-05-02T10:20:35.900+0000] {logging_mixin.py:188} INFO - [2024-05-02T10:20:35.900+0000] {dagbag.py:540} INFO - Filling up the DagBag from /home/airflow/.local/lib/python3.12/site-packages/airflow/example_dags/example_bash_decorator.py
[2024-05-02T10:20:35.908+0000] {processor.py:840} INFO - DAG(s) 'example_bash_decorator' retrieved from /home/airflow/.local/lib/python3.12/site-packages/airflow/example_dags/example_bash_decorator.py
[2024-05-02T10:20:35.973+0000] {logging_mixin.py:188} INFO - [2024-05-02T10:20:35.973+0000] {dag.py:3096} INFO - Sync 1 DAGs
[2024-05-02T10:20:35.979+0000] {logging_mixin.py:188} INFO - [2024-05-02T10:20:35.979+0000] {dag.py:3954} INFO - Setting next_dagrun for example_bash_decorator to None, run_after=None
[2024-05-02T10:20:35.995+0000] {processor.py:183} INFO - Processing /home/airflow/.local/lib/python3.12/site-packages/airflow/example_dags/example_bash_decorator.py took 0.102 seconds
[2024-05-02T10:21:06.300+0000] {processor.py:161} INFO - Started process (PID=151) to work on /home/airflow/.local/lib/python3.12/site-packages/airflow/example_dags/example_bash_decorator.py
[2024-05-02T10:21:06.301+0000] {processor.py:830} INFO - Processing file /home/airflow/.local/lib/python3.12/site-packages/airflow/example_dags/example_bash_decorator.py for tasks to queue
[2024-05-02T10:21:06.302+0000] {logging_mixin.py:188} INFO - [2024-05-02T10:21:06.302+0000] {dagbag.py:540} INFO - Filling up the DagBag from /home/airflow/.local/lib/python3.12/site-packages/airflow/example_dags/example_bash_decorator.py
[2024-05-02T10:21:06.310+0000] {processor.py:840} INFO - DAG(s) 'example_bash_decorator' retrieved from /home/airflow/.local/lib/python3.12/site-packages/airflow/example_dags/example_bash_decorator.py
[2024-05-02T10:21:06.323+0000] {logging_mixin.py:188} INFO - [2024-05-02T10:21:06.323+0000] {dag.py:3096} INFO - Sync 1 DAGs
[2024-05-02T10:21:06.331+0000] {logging_mixin.py:188} INFO - [2024-05-02T10:21:06.331+0000] {dag.py:3954} INFO - Setting next_dagrun for example_bash_decorator to None, run_after=None
[2024-05-02T10:21:06.346+0000] {processor.py:183} INFO - Processing /home/airflow/.local/lib/python3.12/site-packages/airflow/example_dags/example_bash_decorator.py took 0.051 seconds
[2024-05-02T10:21:36.907+0000] {processor.py:161} INFO - Started process (PID=209) to work on /home/airflow/.local/lib/python3.12/site-packages/airflow/example_dags/example_bash_decorator.py
[2024-05-02T10:21:36.907+0000] {processor.py:830} INFO - Processing file /home/airflow/.local/lib/python3.12/site-packages/airflow/example_dags/example_bash_decorator.py for tasks to queue
[2024-05-02T10:21:36.908+0000] {logging_mixin.py:188} INFO - [2024-05-02T10:21:36.908+0000] {dagbag.py:540} INFO - Filling up the DagBag from /home/airflow/.local/lib/python3.12/site-packages/airflow/example_dags/example_bash_decorator.py
[2024-05-02T10:21:36.916+0000] {processor.py:840} INFO - DAG(s) 'example_bash_decorator' retrieved from /home/airflow/.local/lib/python3.12/site-packages/airflow/example_dags/example_bash_decorator.py
[2024-05-02T10:21:36.931+0000] {logging_mixin.py:188} INFO - [2024-05-02T10:21:36.931+0000] {dag.py:3096} INFO - Sync 1 DAGs
[2024-05-02T10:21:36.939+0000] {logging_mixin.py:188} INFO - [2024-05-02T10:21:36.939+0000] {dag.py:3954} INFO - Setting next_dagrun for example_bash_decorator to None, run_after=None
[2024-05-02T10:21:36.950+0000] {processor.py:183} INFO - Processing /home/airflow/.local/lib/python3.12/site-packages/airflow/example_dags/example_bash_decorator.py took 0.046 seconds
[2024-05-02T10:22:08.399+0000] {processor.py:161} INFO - Started process (PID=267) to work on /home/airflow/.local/lib/python3.12/site-packages/airflow/example_dags/example_bash_decorator.py
[2024-05-02T10:22:08.400+0000] {processor.py:830} INFO - Processing file /home/airflow/.local/lib/python3.12/site-packages/airflow/example_dags/example_bash_decorator.py for tasks to queue
[2024-05-02T10:22:08.401+0000] {logging_mixin.py:188} INFO - [2024-05-02T10:22:08.400+0000] {dagbag.py:540} INFO - Filling up the DagBag from /home/airflow/.local/lib/python3.12/site-packages/airflow/example_dags/example_bash_decorator.py
[2024-05-02T10:22:08.408+0000] {processor.py:840} INFO - DAG(s) 'example_bash_decorator' retrieved from /home/airflow/.local/lib/python3.12/site-packages/airflow/example_dags/example_bash_decorator.py
[2024-05-02T10:22:08.423+0000] {logging_mixin.py:188} INFO - [2024-05-02T10:22:08.423+0000] {dag.py:3096} INFO - Sync 1 DAGs
[2024-05-02T10:22:08.431+0000] {logging_mixin.py:188} INFO - [2024-05-02T10:22:08.431+0000] {dag.py:3954} INFO - Setting next_dagrun for example_bash_decorator to None, run_after=None
[2024-05-02T10:22:08.445+0000] {processor.py:183} INFO - Processing /home/airflow/.local/lib/python3.12/site-packages/airflow/example_dags/example_bash_decorator.py took 0.051 seconds
[2024-05-02T10:22:39.197+0000] {processor.py:161} INFO - Started process (PID=325) to work on /home/airflow/.local/lib/python3.12/site-packages/airflow/example_dags/example_bash_decorator.py
[2024-05-02T10:22:39.198+0000] {processor.py:830} INFO - Processing file /home/airflow/.local/lib/python3.12/site-packages/airflow/example_dags/example_bash_decorator.py for tasks to queue
[2024-05-02T10:22:39.199+0000] {logging_mixin.py:188} INFO - [2024-05-02T10:22:39.198+0000] {dagbag.py:540} INFO - Filling up the DagBag from /home/airflow/.local/lib/python3.12/site-packages/airflow/example_dags/example_bash_decorator.py
[2024-05-02T10:22:39.206+0000] {processor.py:840} INFO - DAG(s) 'example_bash_decorator' retrieved from /home/airflow/.local/lib/python3.12/site-packages/airflow/example_dags/example_bash_decorator.py
[2024-05-02T10:22:39.221+0000] {logging_mixin.py:188} INFO - [2024-05-02T10:22:39.221+0000] {dag.py:3096} INFO - Sync 1 DAGs
[2024-05-02T10:22:39.228+0000] {logging_mixin.py:188} INFO - [2024-05-02T10:22:39.228+0000] {dag.py:3954} INFO - Setting next_dagrun for example_bash_decorator to None, run_after=None
[2024-05-02T10:22:39.244+0000] {processor.py:183} INFO - Processing /home/airflow/.local/lib/python3.12/site-packages/airflow/example_dags/example_bash_decorator.py took 0.050 seconds
[2024-05-02T10:23:09.871+0000] {processor.py:161} INFO - Started process (PID=383) to work on /home/airflow/.local/lib/python3.12/site-packages/airflow/example_dags/example_bash_decorator.py
[2024-05-02T10:23:09.872+0000] {processor.py:830} INFO - Processing file /home/airflow/.local/lib/python3.12/site-packages/airflow/example_dags/example_bash_decorator.py for tasks to queue
[2024-05-02T10:23:09.873+0000] {logging_mixin.py:188} INFO - [2024-05-02T10:23:09.873+0000] {dagbag.py:540} INFO - Filling up the DagBag from /home/airflow/.local/lib/python3.12/site-packages/airflow/example_dags/example_bash_decorator.py
[2024-05-02T10:23:09.882+0000] {processor.py:840} INFO - DAG(s) 'example_bash_decorator' retrieved from /home/airflow/.local/lib/python3.12/site-packages/airflow/example_dags/example_bash_decorator.py
[2024-05-02T10:23:09.895+0000] {logging_mixin.py:188} INFO - [2024-05-02T10:23:09.895+0000] {dag.py:3096} INFO - Sync 1 DAGs
[2024-05-02T10:23:09.903+0000] {logging_mixin.py:188} INFO - [2024-05-02T10:23:09.903+0000] {dag.py:3954} INFO - Setting next_dagrun for example_bash_decorator to None, run_after=None
[2024-05-02T10:23:09.915+0000] {processor.py:183} INFO - Processing /home/airflow/.local/lib/python3.12/site-packages/airflow/example_dags/example_bash_decorator.py took 0.050 seconds
[2024-05-02T10:23:40.087+0000] {processor.py:161} INFO - Started process (PID=441) to work on /home/airflow/.local/lib/python3.12/site-packages/airflow/example_dags/example_bash_decorator.py
[2024-05-02T10:23:40.087+0000] {processor.py:830} INFO - Processing file /home/airflow/.local/lib/python3.12/site-packages/airflow/example_dags/example_bash_decorator.py for tasks to queue
[2024-05-02T10:23:40.088+0000] {logging_mixin.py:188} INFO - [2024-05-02T10:23:40.088+0000] {dagbag.py:540} INFO - Filling up the DagBag from /home/airflow/.local/lib/python3.12/site-packages/airflow/example_dags/example_bash_decorator.py
[2024-05-02T10:23:40.096+0000] {processor.py:840} INFO - DAG(s) 'example_bash_decorator' retrieved from /home/airflow/.local/lib/python3.12/site-packages/airflow/example_dags/example_bash_decorator.py
[2024-05-02T10:23:40.110+0000] {logging_mixin.py:188} INFO - [2024-05-02T10:23:40.110+0000] {dag.py:3096} INFO - Sync 1 DAGs
[2024-05-02T10:23:40.118+0000] {logging_mixin.py:188} INFO - [2024-05-02T10:23:40.118+0000] {dag.py:3954} INFO - Setting next_dagrun for example_bash_decorator to None, run_after=None
[2024-05-02T10:23:40.133+0000] {processor.py:183} INFO - Processing /home/airflow/.local/lib/python3.12/site-packages/airflow/example_dags/example_bash_decorator.py took 0.052 seconds
[2024-05-02T10:24:10.670+0000] {processor.py:161} INFO - Started process (PID=499) to work on /home/airflow/.local/lib/python3.12/site-packages/airflow/example_dags/example_bash_decorator.py
[2024-05-02T10:24:10.670+0000] {processor.py:830} INFO - Processing file /home/airflow/.local/lib/python3.12/site-packages/airflow/example_dags/example_bash_decorator.py for tasks to queue
[2024-05-02T10:24:10.671+0000] {logging_mixin.py:188} INFO - [2024-05-02T10:24:10.671+0000] {dagbag.py:540} INFO - Filling up the DagBag from /home/airflow/.local/lib/python3.12/site-packages/airflow/example_dags/example_bash_decorator.py
[2024-05-02T10:24:10.679+0000] {processor.py:840} INFO - DAG(s) 'example_bash_decorator' retrieved from /home/airflow/.local/lib/python3.12/site-packages/airflow/example_dags/example_bash_decorator.py
[2024-05-02T10:24:10.693+0000] {logging_mixin.py:188} INFO - [2024-05-02T10:24:10.693+0000] {dag.py:3096} INFO - Sync 1 DAGs
[2024-05-02T10:24:10.701+0000] {logging_mixin.py:188} INFO - [2024-05-02T10:24:10.700+0000] {dag.py:3954} INFO - Setting next_dagrun for example_bash_decorator to None, run_after=None
[2024-05-02T10:24:10.715+0000] {processor.py:183} INFO - Processing /home/airflow/.local/lib/python3.12/site-packages/airflow/example_dags/example_bash_decorator.py took 0.049 seconds
[2024-05-02T10:24:40.924+0000] {processor.py:161} INFO - Started process (PID=557) to work on /home/airflow/.local/lib/python3.12/site-packages/airflow/example_dags/example_bash_decorator.py
[2024-05-02T10:24:40.925+0000] {processor.py:830} INFO - Processing file /home/airflow/.local/lib/python3.12/site-packages/airflow/example_dags/example_bash_decorator.py for tasks to queue
[2024-05-02T10:24:40.926+0000] {logging_mixin.py:188} INFO - [2024-05-02T10:24:40.926+0000] {dagbag.py:540} INFO - Filling up the DagBag from /home/airflow/.local/lib/python3.12/site-packages/airflow/example_dags/example_bash_decorator.py
[2024-05-02T10:24:40.935+0000] {processor.py:840} INFO - DAG(s) 'example_bash_decorator' retrieved from /home/airflow/.local/lib/python3.12/site-packages/airflow/example_dags/example_bash_decorator.py
[2024-05-02T10:24:40.952+0000] {logging_mixin.py:188} INFO - [2024-05-02T10:24:40.952+0000] {dag.py:3096} INFO - Sync 1 DAGs
[2024-05-02T10:24:40.959+0000] {logging_mixin.py:188} INFO - [2024-05-02T10:24:40.959+0000] {dag.py:3954} INFO - Setting next_dagrun for example_bash_decorator to None, run_after=None
[2024-05-02T10:24:40.973+0000] {processor.py:183} INFO - Processing /home/airflow/.local/lib/python3.12/site-packages/airflow/example_dags/example_bash_decorator.py took 0.053 seconds
[2024-05-02T10:25:11.156+0000] {processor.py:161} INFO - Started process (PID=616) to work on /home/airflow/.local/lib/python3.12/site-packages/airflow/example_dags/example_bash_decorator.py
[2024-05-02T10:25:11.157+0000] {processor.py:830} INFO - Processing file /home/airflow/.local/lib/python3.12/site-packages/airflow/example_dags/example_bash_decorator.py for tasks to queue
[2024-05-02T10:25:11.158+0000] {logging_mixin.py:188} INFO - [2024-05-02T10:25:11.158+0000] {dagbag.py:540} INFO - Filling up the DagBag from /home/airflow/.local/lib/python3.12/site-packages/airflow/example_dags/example_bash_decorator.py
[2024-05-02T10:25:11.170+0000] {processor.py:840} INFO - DAG(s) 'example_bash_decorator' retrieved from /home/airflow/.local/lib/python3.12/site-packages/airflow/example_dags/example_bash_decorator.py
[2024-05-02T10:25:11.185+0000] {logging_mixin.py:188} INFO - [2024-05-02T10:25:11.185+0000] {dag.py:3096} INFO - Sync 1 DAGs
[2024-05-02T10:25:11.203+0000] {logging_mixin.py:188} INFO - [2024-05-02T10:25:11.203+0000] {dag.py:3954} INFO - Setting next_dagrun for example_bash_decorator to None, run_after=None
[2024-05-02T10:25:11.217+0000] {processor.py:183} INFO - Processing /home/airflow/.local/lib/python3.12/site-packages/airflow/example_dags/example_bash_decorator.py took 0.066 seconds
[2024-05-02T10:25:41.707+0000] {processor.py:161} INFO - Started process (PID=676) to work on /home/airflow/.local/lib/python3.12/site-packages/airflow/example_dags/example_bash_decorator.py
[2024-05-02T10:25:41.707+0000] {processor.py:830} INFO - Processing file /home/airflow/.local/lib/python3.12/site-packages/airflow/example_dags/example_bash_decorator.py for tasks to queue
[2024-05-02T10:25:41.709+0000] {logging_mixin.py:188} INFO - [2024-05-02T10:25:41.709+0000] {dagbag.py:540} INFO - Filling up the DagBag from /home/airflow/.local/lib/python3.12/site-packages/airflow/example_dags/example_bash_decorator.py
[2024-05-02T10:25:41.718+0000] {processor.py:840} INFO - DAG(s) 'example_bash_decorator' retrieved from /home/airflow/.local/lib/python3.12/site-packages/airflow/example_dags/example_bash_decorator.py
[2024-05-02T10:25:41.738+0000] {logging_mixin.py:188} INFO - [2024-05-02T10:25:41.738+0000] {dag.py:3096} INFO - Sync 1 DAGs
[2024-05-02T10:25:41.758+0000] {logging_mixin.py:188} INFO - [2024-05-02T10:25:41.758+0000] {dag.py:3954} INFO - Setting next_dagrun for example_bash_decorator to None, run_after=None
[2024-05-02T10:25:41.776+0000] {processor.py:183} INFO - Processing /home/airflow/.local/lib/python3.12/site-packages/airflow/example_dags/example_bash_decorator.py took 0.072 seconds
[2024-05-02T10:26:12.073+0000] {processor.py:161} INFO - Started process (PID=735) to work on /home/airflow/.local/lib/python3.12/site-packages/airflow/example_dags/example_bash_decorator.py
[2024-05-02T10:26:12.074+0000] {processor.py:830} INFO - Processing file /home/airflow/.local/lib/python3.12/site-packages/airflow/example_dags/example_bash_decorator.py for tasks to queue
[2024-05-02T10:26:12.075+0000] {logging_mixin.py:188} INFO - [2024-05-02T10:26:12.075+0000] {dagbag.py:540} INFO - Filling up the DagBag from /home/airflow/.local/lib/python3.12/site-packages/airflow/example_dags/example_bash_decorator.py
[2024-05-02T10:26:12.094+0000] {processor.py:840} INFO - DAG(s) 'example_bash_decorator' retrieved from /home/airflow/.local/lib/python3.12/site-packages/airflow/example_dags/example_bash_decorator.py
[2024-05-02T10:26:12.123+0000] {logging_mixin.py:188} INFO - [2024-05-02T10:26:12.122+0000] {dag.py:3096} INFO - Sync 1 DAGs
[2024-05-02T10:26:12.142+0000] {logging_mixin.py:188} INFO - [2024-05-02T10:26:12.142+0000] {dag.py:3954} INFO - Setting next_dagrun for example_bash_decorator to None, run_after=None
[2024-05-02T10:26:12.168+0000] {processor.py:183} INFO - Processing /home/airflow/.local/lib/python3.12/site-packages/airflow/example_dags/example_bash_decorator.py took 0.101 seconds
[2024-05-02T10:26:42.487+0000] {processor.py:161} INFO - Started process (PID=794) to work on /home/airflow/.local/lib/python3.12/site-packages/airflow/example_dags/example_bash_decorator.py
[2024-05-02T10:26:42.488+0000] {processor.py:830} INFO - Processing file /home/airflow/.local/lib/python3.12/site-packages/airflow/example_dags/example_bash_decorator.py for tasks to queue
[2024-05-02T10:26:42.489+0000] {logging_mixin.py:188} INFO - [2024-05-02T10:26:42.489+0000] {dagbag.py:540} INFO - Filling up the DagBag from /home/airflow/.local/lib/python3.12/site-packages/airflow/example_dags/example_bash_decorator.py
[2024-05-02T10:26:42.497+0000] {processor.py:840} INFO - DAG(s) 'example_bash_decorator' retrieved from /home/airflow/.local/lib/python3.12/site-packages/airflow/example_dags/example_bash_decorator.py
[2024-05-02T10:26:42.511+0000] {logging_mixin.py:188} INFO - [2024-05-02T10:26:42.511+0000] {dag.py:3096} INFO - Sync 1 DAGs
[2024-05-02T10:26:42.538+0000] {logging_mixin.py:188} INFO - [2024-05-02T10:26:42.538+0000] {dag.py:3954} INFO - Setting next_dagrun for example_bash_decorator to None, run_after=None
[2024-05-02T10:26:42.553+0000] {processor.py:183} INFO - Processing /home/airflow/.local/lib/python3.12/site-packages/airflow/example_dags/example_bash_decorator.py took 0.069 seconds
[2024-05-02T10:27:12.708+0000] {processor.py:161} INFO - Started process (PID=853) to work on /home/airflow/.local/lib/python3.12/site-packages/airflow/example_dags/example_bash_decorator.py
[2024-05-02T10:27:12.708+0000] {processor.py:830} INFO - Processing file /home/airflow/.local/lib/python3.12/site-packages/airflow/example_dags/example_bash_decorator.py for tasks to queue
[2024-05-02T10:27:12.710+0000] {logging_mixin.py:188} INFO - [2024-05-02T10:27:12.710+0000] {dagbag.py:540} INFO - Filling up the DagBag from /home/airflow/.local/lib/python3.12/site-packages/airflow/example_dags/example_bash_decorator.py
[2024-05-02T10:27:12.718+0000] {processor.py:840} INFO - DAG(s) 'example_bash_decorator' retrieved from /home/airflow/.local/lib/python3.12/site-packages/airflow/example_dags/example_bash_decorator.py
[2024-05-02T10:27:12.732+0000] {logging_mixin.py:188} INFO - [2024-05-02T10:27:12.732+0000] {dag.py:3096} INFO - Sync 1 DAGs
[2024-05-02T10:27:12.744+0000] {logging_mixin.py:188} INFO - [2024-05-02T10:27:12.743+0000] {dag.py:3954} INFO - Setting next_dagrun for example_bash_decorator to None, run_after=None
[2024-05-02T10:27:12.759+0000] {processor.py:183} INFO - Processing /home/airflow/.local/lib/python3.12/site-packages/airflow/example_dags/example_bash_decorator.py took 0.055 seconds
[2024-05-02T10:27:42.845+0000] {processor.py:161} INFO - Started process (PID=911) to work on /home/airflow/.local/lib/python3.12/site-packages/airflow/example_dags/example_bash_decorator.py
[2024-05-02T10:27:42.846+0000] {processor.py:830} INFO - Processing file /home/airflow/.local/lib/python3.12/site-packages/airflow/example_dags/example_bash_decorator.py for tasks to queue
[2024-05-02T10:27:42.868+0000] {logging_mixin.py:188} INFO - [2024-05-02T10:27:42.867+0000] {dagbag.py:540} INFO - Filling up the DagBag from /home/airflow/.local/lib/python3.12/site-packages/airflow/example_dags/example_bash_decorator.py
[2024-05-02T10:27:42.915+0000] {processor.py:840} INFO - DAG(s) 'example_bash_decorator' retrieved from /home/airflow/.local/lib/python3.12/site-packages/airflow/example_dags/example_bash_decorator.py
[2024-05-02T10:27:42.938+0000] {logging_mixin.py:188} INFO - [2024-05-02T10:27:42.938+0000] {dag.py:3096} INFO - Sync 1 DAGs
[2024-05-02T10:27:42.946+0000] {logging_mixin.py:188} INFO - [2024-05-02T10:27:42.946+0000] {dag.py:3954} INFO - Setting next_dagrun for example_bash_decorator to None, run_after=None
[2024-05-02T10:27:42.984+0000] {processor.py:183} INFO - Processing /home/airflow/.local/lib/python3.12/site-packages/airflow/example_dags/example_bash_decorator.py took 0.150 seconds
[2024-05-02T10:28:13.259+0000] {processor.py:161} INFO - Started process (PID=970) to work on /home/airflow/.local/lib/python3.12/site-packages/airflow/example_dags/example_bash_decorator.py
[2024-05-02T10:28:13.260+0000] {processor.py:830} INFO - Processing file /home/airflow/.local/lib/python3.12/site-packages/airflow/example_dags/example_bash_decorator.py for tasks to queue
[2024-05-02T10:28:13.262+0000] {logging_mixin.py:188} INFO - [2024-05-02T10:28:13.262+0000] {dagbag.py:540} INFO - Filling up the DagBag from /home/airflow/.local/lib/python3.12/site-packages/airflow/example_dags/example_bash_decorator.py
[2024-05-02T10:28:13.273+0000] {processor.py:840} INFO - DAG(s) 'example_bash_decorator' retrieved from /home/airflow/.local/lib/python3.12/site-packages/airflow/example_dags/example_bash_decorator.py
[2024-05-02T10:28:13.411+0000] {logging_mixin.py:188} INFO - [2024-05-02T10:28:13.411+0000] {dag.py:3096} INFO - Sync 1 DAGs
[2024-05-02T10:28:13.418+0000] {logging_mixin.py:188} INFO - [2024-05-02T10:28:13.417+0000] {dag.py:3954} INFO - Setting next_dagrun for example_bash_decorator to None, run_after=None
[2024-05-02T10:28:13.470+0000] {processor.py:183} INFO - Processing /home/airflow/.local/lib/python3.12/site-packages/airflow/example_dags/example_bash_decorator.py took 0.219 seconds
[2024-05-02T10:28:43.829+0000] {processor.py:161} INFO - Started process (PID=1030) to work on /home/airflow/.local/lib/python3.12/site-packages/airflow/example_dags/example_bash_decorator.py
[2024-05-02T10:28:43.830+0000] {processor.py:830} INFO - Processing file /home/airflow/.local/lib/python3.12/site-packages/airflow/example_dags/example_bash_decorator.py for tasks to queue
[2024-05-02T10:28:43.830+0000] {logging_mixin.py:188} INFO - [2024-05-02T10:28:43.830+0000] {dagbag.py:540} INFO - Filling up the DagBag from /home/airflow/.local/lib/python3.12/site-packages/airflow/example_dags/example_bash_decorator.py
[2024-05-02T10:28:43.838+0000] {processor.py:840} INFO - DAG(s) 'example_bash_decorator' retrieved from /home/airflow/.local/lib/python3.12/site-packages/airflow/example_dags/example_bash_decorator.py
[2024-05-02T10:28:43.854+0000] {logging_mixin.py:188} INFO - [2024-05-02T10:28:43.854+0000] {dag.py:3096} INFO - Sync 1 DAGs
[2024-05-02T10:28:43.977+0000] {logging_mixin.py:188} INFO - [2024-05-02T10:28:43.977+0000] {dag.py:3954} INFO - Setting next_dagrun for example_bash_decorator to None, run_after=None
[2024-05-02T10:28:43.995+0000] {processor.py:183} INFO - Processing /home/airflow/.local/lib/python3.12/site-packages/airflow/example_dags/example_bash_decorator.py took 0.169 seconds
[2024-05-02T10:29:14.044+0000] {processor.py:161} INFO - Started process (PID=1089) to work on /home/airflow/.local/lib/python3.12/site-packages/airflow/example_dags/example_bash_decorator.py
[2024-05-02T10:29:14.045+0000] {processor.py:830} INFO - Processing file /home/airflow/.local/lib/python3.12/site-packages/airflow/example_dags/example_bash_decorator.py for tasks to queue
[2024-05-02T10:29:14.046+0000] {logging_mixin.py:188} INFO - [2024-05-02T10:29:14.045+0000] {dagbag.py:540} INFO - Filling up the DagBag from /home/airflow/.local/lib/python3.12/site-packages/airflow/example_dags/example_bash_decorator.py
[2024-05-02T10:29:14.054+0000] {processor.py:840} INFO - DAG(s) 'example_bash_decorator' retrieved from /home/airflow/.local/lib/python3.12/site-packages/airflow/example_dags/example_bash_decorator.py
[2024-05-02T10:29:14.093+0000] {logging_mixin.py:188} INFO - [2024-05-02T10:29:14.093+0000] {dag.py:3096} INFO - Sync 1 DAGs
[2024-05-02T10:29:14.102+0000] {logging_mixin.py:188} INFO - [2024-05-02T10:29:14.102+0000] {dag.py:3954} INFO - Setting next_dagrun for example_bash_decorator to None, run_after=None
[2024-05-02T10:29:14.159+0000] {processor.py:183} INFO - Processing /home/airflow/.local/lib/python3.12/site-packages/airflow/example_dags/example_bash_decorator.py took 0.119 seconds
[2024-05-02T10:29:44.755+0000] {processor.py:161} INFO - Started process (PID=1148) to work on /home/airflow/.local/lib/python3.12/site-packages/airflow/example_dags/example_bash_decorator.py
[2024-05-02T10:29:44.755+0000] {processor.py:830} INFO - Processing file /home/airflow/.local/lib/python3.12/site-packages/airflow/example_dags/example_bash_decorator.py for tasks to queue
[2024-05-02T10:29:44.756+0000] {logging_mixin.py:188} INFO - [2024-05-02T10:29:44.756+0000] {dagbag.py:540} INFO - Filling up the DagBag from /home/airflow/.local/lib/python3.12/site-packages/airflow/example_dags/example_bash_decorator.py
[2024-05-02T10:29:44.766+0000] {processor.py:840} INFO - DAG(s) 'example_bash_decorator' retrieved from /home/airflow/.local/lib/python3.12/site-packages/airflow/example_dags/example_bash_decorator.py
[2024-05-02T10:29:44.801+0000] {logging_mixin.py:188} INFO - [2024-05-02T10:29:44.801+0000] {dag.py:3096} INFO - Sync 1 DAGs
[2024-05-02T10:29:44.809+0000] {logging_mixin.py:188} INFO - [2024-05-02T10:29:44.808+0000] {dag.py:3954} INFO - Setting next_dagrun for example_bash_decorator to None, run_after=None
[2024-05-02T10:29:44.820+0000] {processor.py:183} INFO - Processing /home/airflow/.local/lib/python3.12/site-packages/airflow/example_dags/example_bash_decorator.py took 0.070 seconds
[2024-05-02T10:30:15.511+0000] {processor.py:161} INFO - Started process (PID=1207) to work on /home/airflow/.local/lib/python3.12/site-packages/airflow/example_dags/example_bash_decorator.py
[2024-05-02T10:30:15.511+0000] {processor.py:830} INFO - Processing file /home/airflow/.local/lib/python3.12/site-packages/airflow/example_dags/example_bash_decorator.py for tasks to queue
[2024-05-02T10:30:15.512+0000] {logging_mixin.py:188} INFO - [2024-05-02T10:30:15.512+0000] {dagbag.py:540} INFO - Filling up the DagBag from /home/airflow/.local/lib/python3.12/site-packages/airflow/example_dags/example_bash_decorator.py
[2024-05-02T10:30:15.521+0000] {processor.py:840} INFO - DAG(s) 'example_bash_decorator' retrieved from /home/airflow/.local/lib/python3.12/site-packages/airflow/example_dags/example_bash_decorator.py
[2024-05-02T10:30:15.537+0000] {logging_mixin.py:188} INFO - [2024-05-02T10:30:15.536+0000] {dag.py:3096} INFO - Sync 1 DAGs
[2024-05-02T10:30:15.566+0000] {logging_mixin.py:188} INFO - [2024-05-02T10:30:15.566+0000] {dag.py:3954} INFO - Setting next_dagrun for example_bash_decorator to None, run_after=None
[2024-05-02T10:30:15.616+0000] {processor.py:183} INFO - Processing /home/airflow/.local/lib/python3.12/site-packages/airflow/example_dags/example_bash_decorator.py took 0.108 seconds
[2024-05-02T10:30:46.138+0000] {processor.py:161} INFO - Started process (PID=1266) to work on /home/airflow/.local/lib/python3.12/site-packages/airflow/example_dags/example_bash_decorator.py
[2024-05-02T10:30:46.139+0000] {processor.py:830} INFO - Processing file /home/airflow/.local/lib/python3.12/site-packages/airflow/example_dags/example_bash_decorator.py for tasks to queue
[2024-05-02T10:30:46.140+0000] {logging_mixin.py:188} INFO - [2024-05-02T10:30:46.139+0000] {dagbag.py:540} INFO - Filling up the DagBag from /home/airflow/.local/lib/python3.12/site-packages/airflow/example_dags/example_bash_decorator.py
[2024-05-02T10:30:46.148+0000] {processor.py:840} INFO - DAG(s) 'example_bash_decorator' retrieved from /home/airflow/.local/lib/python3.12/site-packages/airflow/example_dags/example_bash_decorator.py
[2024-05-02T10:30:46.163+0000] {logging_mixin.py:188} INFO - [2024-05-02T10:30:46.163+0000] {dag.py:3096} INFO - Sync 1 DAGs
[2024-05-02T10:30:46.171+0000] {logging_mixin.py:188} INFO - [2024-05-02T10:30:46.171+0000] {dag.py:3954} INFO - Setting next_dagrun for example_bash_decorator to None, run_after=None
[2024-05-02T10:30:46.182+0000] {processor.py:183} INFO - Processing /home/airflow/.local/lib/python3.12/site-packages/airflow/example_dags/example_bash_decorator.py took 0.047 seconds
[2024-05-02T10:31:16.471+0000] {processor.py:161} INFO - Started process (PID=1325) to work on /home/airflow/.local/lib/python3.12/site-packages/airflow/example_dags/example_bash_decorator.py
[2024-05-02T10:31:16.472+0000] {processor.py:830} INFO - Processing file /home/airflow/.local/lib/python3.12/site-packages/airflow/example_dags/example_bash_decorator.py for tasks to queue
[2024-05-02T10:31:16.473+0000] {logging_mixin.py:188} INFO - [2024-05-02T10:31:16.473+0000] {dagbag.py:540} INFO - Filling up the DagBag from /home/airflow/.local/lib/python3.12/site-packages/airflow/example_dags/example_bash_decorator.py
[2024-05-02T10:31:16.482+0000] {processor.py:840} INFO - DAG(s) 'example_bash_decorator' retrieved from /home/airflow/.local/lib/python3.12/site-packages/airflow/example_dags/example_bash_decorator.py
[2024-05-02T10:31:16.497+0000] {logging_mixin.py:188} INFO - [2024-05-02T10:31:16.496+0000] {dag.py:3096} INFO - Sync 1 DAGs
[2024-05-02T10:31:16.504+0000] {logging_mixin.py:188} INFO - [2024-05-02T10:31:16.504+0000] {dag.py:3954} INFO - Setting next_dagrun for example_bash_decorator to None, run_after=None
[2024-05-02T10:31:16.516+0000] {processor.py:183} INFO - Processing /home/airflow/.local/lib/python3.12/site-packages/airflow/example_dags/example_bash_decorator.py took 0.048 seconds
[2024-05-02T10:31:47.093+0000] {processor.py:161} INFO - Started process (PID=1384) to work on /home/airflow/.local/lib/python3.12/site-packages/airflow/example_dags/example_bash_decorator.py
[2024-05-02T10:31:47.094+0000] {processor.py:830} INFO - Processing file /home/airflow/.local/lib/python3.12/site-packages/airflow/example_dags/example_bash_decorator.py for tasks to queue
[2024-05-02T10:31:47.244+0000] {logging_mixin.py:188} INFO - [2024-05-02T10:31:47.243+0000] {dagbag.py:540} INFO - Filling up the DagBag from /home/airflow/.local/lib/python3.12/site-packages/airflow/example_dags/example_bash_decorator.py
[2024-05-02T10:31:47.424+0000] {processor.py:840} INFO - DAG(s) 'example_bash_decorator' retrieved from /home/airflow/.local/lib/python3.12/site-packages/airflow/example_dags/example_bash_decorator.py
[2024-05-02T10:31:47.785+0000] {logging_mixin.py:188} INFO - [2024-05-02T10:31:47.784+0000] {dag.py:3096} INFO - Sync 1 DAGs
[2024-05-02T10:31:47.824+0000] {logging_mixin.py:188} INFO - [2024-05-02T10:31:47.824+0000] {dag.py:3954} INFO - Setting next_dagrun for example_bash_decorator to None, run_after=None
[2024-05-02T10:31:47.857+0000] {processor.py:183} INFO - Processing /home/airflow/.local/lib/python3.12/site-packages/airflow/example_dags/example_bash_decorator.py took 0.776 seconds
[2024-05-02T10:32:18.881+0000] {processor.py:161} INFO - Started process (PID=1443) to work on /home/airflow/.local/lib/python3.12/site-packages/airflow/example_dags/example_bash_decorator.py
[2024-05-02T10:32:18.881+0000] {processor.py:830} INFO - Processing file /home/airflow/.local/lib/python3.12/site-packages/airflow/example_dags/example_bash_decorator.py for tasks to queue
[2024-05-02T10:32:18.906+0000] {logging_mixin.py:188} INFO - [2024-05-02T10:32:18.905+0000] {dagbag.py:540} INFO - Filling up the DagBag from /home/airflow/.local/lib/python3.12/site-packages/airflow/example_dags/example_bash_decorator.py
[2024-05-02T10:32:18.914+0000] {processor.py:840} INFO - DAG(s) 'example_bash_decorator' retrieved from /home/airflow/.local/lib/python3.12/site-packages/airflow/example_dags/example_bash_decorator.py
[2024-05-02T10:32:18.928+0000] {logging_mixin.py:188} INFO - [2024-05-02T10:32:18.928+0000] {dag.py:3096} INFO - Sync 1 DAGs
[2024-05-02T10:32:18.937+0000] {logging_mixin.py:188} INFO - [2024-05-02T10:32:18.936+0000] {dag.py:3954} INFO - Setting next_dagrun for example_bash_decorator to None, run_after=None
[2024-05-02T10:32:18.972+0000] {processor.py:183} INFO - Processing /home/airflow/.local/lib/python3.12/site-packages/airflow/example_dags/example_bash_decorator.py took 0.096 seconds
[2024-05-02T10:32:49.219+0000] {processor.py:161} INFO - Started process (PID=1502) to work on /home/airflow/.local/lib/python3.12/site-packages/airflow/example_dags/example_bash_decorator.py
[2024-05-02T10:32:49.219+0000] {processor.py:830} INFO - Processing file /home/airflow/.local/lib/python3.12/site-packages/airflow/example_dags/example_bash_decorator.py for tasks to queue
[2024-05-02T10:32:49.241+0000] {logging_mixin.py:188} INFO - [2024-05-02T10:32:49.241+0000] {dagbag.py:540} INFO - Filling up the DagBag from /home/airflow/.local/lib/python3.12/site-packages/airflow/example_dags/example_bash_decorator.py
[2024-05-02T10:32:49.250+0000] {processor.py:840} INFO - DAG(s) 'example_bash_decorator' retrieved from /home/airflow/.local/lib/python3.12/site-packages/airflow/example_dags/example_bash_decorator.py
[2024-05-02T10:32:49.266+0000] {logging_mixin.py:188} INFO - [2024-05-02T10:32:49.265+0000] {dag.py:3096} INFO - Sync 1 DAGs
[2024-05-02T10:32:49.275+0000] {logging_mixin.py:188} INFO - [2024-05-02T10:32:49.274+0000] {dag.py:3954} INFO - Setting next_dagrun for example_bash_decorator to None, run_after=None
[2024-05-02T10:32:49.305+0000] {processor.py:183} INFO - Processing /home/airflow/.local/lib/python3.12/site-packages/airflow/example_dags/example_bash_decorator.py took 0.091 seconds
[2024-05-02T10:33:19.571+0000] {processor.py:161} INFO - Started process (PID=1561) to work on /home/airflow/.local/lib/python3.12/site-packages/airflow/example_dags/example_bash_decorator.py
[2024-05-02T10:33:19.571+0000] {processor.py:830} INFO - Processing file /home/airflow/.local/lib/python3.12/site-packages/airflow/example_dags/example_bash_decorator.py for tasks to queue
[2024-05-02T10:33:19.600+0000] {logging_mixin.py:188} INFO - [2024-05-02T10:33:19.600+0000] {dagbag.py:540} INFO - Filling up the DagBag from /home/airflow/.local/lib/python3.12/site-packages/airflow/example_dags/example_bash_decorator.py
[2024-05-02T10:33:19.609+0000] {processor.py:840} INFO - DAG(s) 'example_bash_decorator' retrieved from /home/airflow/.local/lib/python3.12/site-packages/airflow/example_dags/example_bash_decorator.py
[2024-05-02T10:33:19.623+0000] {logging_mixin.py:188} INFO - [2024-05-02T10:33:19.623+0000] {dag.py:3096} INFO - Sync 1 DAGs
[2024-05-02T10:33:19.631+0000] {logging_mixin.py:188} INFO - [2024-05-02T10:33:19.631+0000] {dag.py:3954} INFO - Setting next_dagrun for example_bash_decorator to None, run_after=None
[2024-05-02T10:33:19.667+0000] {processor.py:183} INFO - Processing /home/airflow/.local/lib/python3.12/site-packages/airflow/example_dags/example_bash_decorator.py took 0.100 seconds
[2024-05-02T10:33:50.461+0000] {processor.py:161} INFO - Started process (PID=1620) to work on /home/airflow/.local/lib/python3.12/site-packages/airflow/example_dags/example_bash_decorator.py
[2024-05-02T10:33:50.461+0000] {processor.py:830} INFO - Processing file /home/airflow/.local/lib/python3.12/site-packages/airflow/example_dags/example_bash_decorator.py for tasks to queue
[2024-05-02T10:33:50.492+0000] {logging_mixin.py:188} INFO - [2024-05-02T10:33:50.491+0000] {dagbag.py:540} INFO - Filling up the DagBag from /home/airflow/.local/lib/python3.12/site-packages/airflow/example_dags/example_bash_decorator.py
[2024-05-02T10:33:50.539+0000] {processor.py:840} INFO - DAG(s) 'example_bash_decorator' retrieved from /home/airflow/.local/lib/python3.12/site-packages/airflow/example_dags/example_bash_decorator.py
[2024-05-02T10:33:50.562+0000] {logging_mixin.py:188} INFO - [2024-05-02T10:33:50.562+0000] {dag.py:3096} INFO - Sync 1 DAGs
[2024-05-02T10:33:50.579+0000] {logging_mixin.py:188} INFO - [2024-05-02T10:33:50.579+0000] {dag.py:3954} INFO - Setting next_dagrun for example_bash_decorator to None, run_after=None
[2024-05-02T10:33:50.625+0000] {processor.py:183} INFO - Processing /home/airflow/.local/lib/python3.12/site-packages/airflow/example_dags/example_bash_decorator.py took 0.170 seconds
[2024-05-02T10:34:21.937+0000] {processor.py:161} INFO - Started process (PID=1685) to work on /home/airflow/.local/lib/python3.12/site-packages/airflow/example_dags/example_bash_decorator.py
[2024-05-02T10:34:21.938+0000] {processor.py:830} INFO - Processing file /home/airflow/.local/lib/python3.12/site-packages/airflow/example_dags/example_bash_decorator.py for tasks to queue
[2024-05-02T10:34:21.962+0000] {logging_mixin.py:188} INFO - [2024-05-02T10:34:21.962+0000] {dagbag.py:540} INFO - Filling up the DagBag from /home/airflow/.local/lib/python3.12/site-packages/airflow/example_dags/example_bash_decorator.py
[2024-05-02T10:34:21.971+0000] {processor.py:840} INFO - DAG(s) 'example_bash_decorator' retrieved from /home/airflow/.local/lib/python3.12/site-packages/airflow/example_dags/example_bash_decorator.py
[2024-05-02T10:34:21.986+0000] {logging_mixin.py:188} INFO - [2024-05-02T10:34:21.986+0000] {dag.py:3096} INFO - Sync 1 DAGs
[2024-05-02T10:34:21.994+0000] {logging_mixin.py:188} INFO - [2024-05-02T10:34:21.994+0000] {dag.py:3954} INFO - Setting next_dagrun for example_bash_decorator to None, run_after=None
[2024-05-02T10:34:22.026+0000] {processor.py:183} INFO - Processing /home/airflow/.local/lib/python3.12/site-packages/airflow/example_dags/example_bash_decorator.py took 0.095 seconds
[2024-05-02T10:34:52.179+0000] {processor.py:161} INFO - Started process (PID=1745) to work on /home/airflow/.local/lib/python3.12/site-packages/airflow/example_dags/example_bash_decorator.py
[2024-05-02T10:34:52.180+0000] {processor.py:830} INFO - Processing file /home/airflow/.local/lib/python3.12/site-packages/airflow/example_dags/example_bash_decorator.py for tasks to queue
[2024-05-02T10:34:52.206+0000] {logging_mixin.py:188} INFO - [2024-05-02T10:34:52.205+0000] {dagbag.py:540} INFO - Filling up the DagBag from /home/airflow/.local/lib/python3.12/site-packages/airflow/example_dags/example_bash_decorator.py
[2024-05-02T10:34:52.215+0000] {processor.py:840} INFO - DAG(s) 'example_bash_decorator' retrieved from /home/airflow/.local/lib/python3.12/site-packages/airflow/example_dags/example_bash_decorator.py
[2024-05-02T10:34:52.230+0000] {logging_mixin.py:188} INFO - [2024-05-02T10:34:52.229+0000] {dag.py:3096} INFO - Sync 1 DAGs
[2024-05-02T10:34:52.256+0000] {logging_mixin.py:188} INFO - [2024-05-02T10:34:52.256+0000] {dag.py:3954} INFO - Setting next_dagrun for example_bash_decorator to None, run_after=None
[2024-05-02T10:34:52.276+0000] {processor.py:183} INFO - Processing /home/airflow/.local/lib/python3.12/site-packages/airflow/example_dags/example_bash_decorator.py took 0.101 seconds
[2024-05-02T10:35:22.538+0000] {processor.py:161} INFO - Started process (PID=1803) to work on /home/airflow/.local/lib/python3.12/site-packages/airflow/example_dags/example_bash_decorator.py
[2024-05-02T10:35:22.539+0000] {processor.py:830} INFO - Processing file /home/airflow/.local/lib/python3.12/site-packages/airflow/example_dags/example_bash_decorator.py for tasks to queue
[2024-05-02T10:35:22.540+0000] {logging_mixin.py:188} INFO - [2024-05-02T10:35:22.539+0000] {dagbag.py:540} INFO - Filling up the DagBag from /home/airflow/.local/lib/python3.12/site-packages/airflow/example_dags/example_bash_decorator.py
[2024-05-02T10:35:22.548+0000] {processor.py:840} INFO - DAG(s) 'example_bash_decorator' retrieved from /home/airflow/.local/lib/python3.12/site-packages/airflow/example_dags/example_bash_decorator.py
[2024-05-02T10:35:22.562+0000] {logging_mixin.py:188} INFO - [2024-05-02T10:35:22.562+0000] {dag.py:3096} INFO - Sync 1 DAGs
[2024-05-02T10:35:22.595+0000] {logging_mixin.py:188} INFO - [2024-05-02T10:35:22.595+0000] {dag.py:3954} INFO - Setting next_dagrun for example_bash_decorator to None, run_after=None
[2024-05-02T10:35:22.611+0000] {processor.py:183} INFO - Processing /home/airflow/.local/lib/python3.12/site-packages/airflow/example_dags/example_bash_decorator.py took 0.077 seconds
[2024-05-02T10:35:53.090+0000] {processor.py:161} INFO - Started process (PID=1862) to work on /home/airflow/.local/lib/python3.12/site-packages/airflow/example_dags/example_bash_decorator.py
[2024-05-02T10:35:53.091+0000] {processor.py:830} INFO - Processing file /home/airflow/.local/lib/python3.12/site-packages/airflow/example_dags/example_bash_decorator.py for tasks to queue
[2024-05-02T10:35:53.092+0000] {logging_mixin.py:188} INFO - [2024-05-02T10:35:53.091+0000] {dagbag.py:540} INFO - Filling up the DagBag from /home/airflow/.local/lib/python3.12/site-packages/airflow/example_dags/example_bash_decorator.py
[2024-05-02T10:35:53.099+0000] {processor.py:840} INFO - DAG(s) 'example_bash_decorator' retrieved from /home/airflow/.local/lib/python3.12/site-packages/airflow/example_dags/example_bash_decorator.py
[2024-05-02T10:35:53.116+0000] {logging_mixin.py:188} INFO - [2024-05-02T10:35:53.116+0000] {dag.py:3096} INFO - Sync 1 DAGs
[2024-05-02T10:35:53.141+0000] {logging_mixin.py:188} INFO - [2024-05-02T10:35:53.141+0000] {dag.py:3954} INFO - Setting next_dagrun for example_bash_decorator to None, run_after=None
[2024-05-02T10:35:53.156+0000] {processor.py:183} INFO - Processing /home/airflow/.local/lib/python3.12/site-packages/airflow/example_dags/example_bash_decorator.py took 0.070 seconds
[2024-05-02T10:36:23.512+0000] {processor.py:161} INFO - Started process (PID=1921) to work on /home/airflow/.local/lib/python3.12/site-packages/airflow/example_dags/example_bash_decorator.py
[2024-05-02T10:36:23.512+0000] {processor.py:830} INFO - Processing file /home/airflow/.local/lib/python3.12/site-packages/airflow/example_dags/example_bash_decorator.py for tasks to queue
[2024-05-02T10:36:23.513+0000] {logging_mixin.py:188} INFO - [2024-05-02T10:36:23.513+0000] {dagbag.py:540} INFO - Filling up the DagBag from /home/airflow/.local/lib/python3.12/site-packages/airflow/example_dags/example_bash_decorator.py
[2024-05-02T10:36:23.523+0000] {processor.py:840} INFO - DAG(s) 'example_bash_decorator' retrieved from /home/airflow/.local/lib/python3.12/site-packages/airflow/example_dags/example_bash_decorator.py
[2024-05-02T10:36:23.563+0000] {logging_mixin.py:188} INFO - [2024-05-02T10:36:23.563+0000] {dag.py:3096} INFO - Sync 1 DAGs
[2024-05-02T10:36:23.571+0000] {logging_mixin.py:188} INFO - [2024-05-02T10:36:23.571+0000] {dag.py:3954} INFO - Setting next_dagrun for example_bash_decorator to None, run_after=None
[2024-05-02T10:36:23.604+0000] {processor.py:183} INFO - Processing /home/airflow/.local/lib/python3.12/site-packages/airflow/example_dags/example_bash_decorator.py took 0.096 seconds
[2024-05-02T10:36:53.710+0000] {processor.py:161} INFO - Started process (PID=1980) to work on /home/airflow/.local/lib/python3.12/site-packages/airflow/example_dags/example_bash_decorator.py
[2024-05-02T10:36:53.710+0000] {processor.py:830} INFO - Processing file /home/airflow/.local/lib/python3.12/site-packages/airflow/example_dags/example_bash_decorator.py for tasks to queue
[2024-05-02T10:36:53.711+0000] {logging_mixin.py:188} INFO - [2024-05-02T10:36:53.711+0000] {dagbag.py:540} INFO - Filling up the DagBag from /home/airflow/.local/lib/python3.12/site-packages/airflow/example_dags/example_bash_decorator.py
[2024-05-02T10:36:53.719+0000] {processor.py:840} INFO - DAG(s) 'example_bash_decorator' retrieved from /home/airflow/.local/lib/python3.12/site-packages/airflow/example_dags/example_bash_decorator.py
[2024-05-02T10:36:53.735+0000] {logging_mixin.py:188} INFO - [2024-05-02T10:36:53.735+0000] {dag.py:3096} INFO - Sync 1 DAGs
[2024-05-02T10:36:53.758+0000] {logging_mixin.py:188} INFO - [2024-05-02T10:36:53.758+0000] {dag.py:3954} INFO - Setting next_dagrun for example_bash_decorator to None, run_after=None
[2024-05-02T10:36:53.773+0000] {processor.py:183} INFO - Processing /home/airflow/.local/lib/python3.12/site-packages/airflow/example_dags/example_bash_decorator.py took 0.067 seconds
[2024-05-02T10:37:23.986+0000] {processor.py:161} INFO - Started process (PID=2039) to work on /home/airflow/.local/lib/python3.12/site-packages/airflow/example_dags/example_bash_decorator.py
[2024-05-02T10:37:23.987+0000] {processor.py:830} INFO - Processing file /home/airflow/.local/lib/python3.12/site-packages/airflow/example_dags/example_bash_decorator.py for tasks to queue
[2024-05-02T10:37:23.988+0000] {logging_mixin.py:188} INFO - [2024-05-02T10:37:23.988+0000] {dagbag.py:540} INFO - Filling up the DagBag from /home/airflow/.local/lib/python3.12/site-packages/airflow/example_dags/example_bash_decorator.py
[2024-05-02T10:37:23.996+0000] {processor.py:840} INFO - DAG(s) 'example_bash_decorator' retrieved from /home/airflow/.local/lib/python3.12/site-packages/airflow/example_dags/example_bash_decorator.py
[2024-05-02T10:37:24.011+0000] {logging_mixin.py:188} INFO - [2024-05-02T10:37:24.010+0000] {dag.py:3096} INFO - Sync 1 DAGs
[2024-05-02T10:37:24.036+0000] {logging_mixin.py:188} INFO - [2024-05-02T10:37:24.036+0000] {dag.py:3954} INFO - Setting next_dagrun for example_bash_decorator to None, run_after=None
[2024-05-02T10:37:24.048+0000] {processor.py:183} INFO - Processing /home/airflow/.local/lib/python3.12/site-packages/airflow/example_dags/example_bash_decorator.py took 0.066 seconds
[2024-05-02T10:37:54.538+0000] {processor.py:161} INFO - Started process (PID=2098) to work on /home/airflow/.local/lib/python3.12/site-packages/airflow/example_dags/example_bash_decorator.py
[2024-05-02T10:37:54.539+0000] {processor.py:830} INFO - Processing file /home/airflow/.local/lib/python3.12/site-packages/airflow/example_dags/example_bash_decorator.py for tasks to queue
[2024-05-02T10:37:54.540+0000] {logging_mixin.py:188} INFO - [2024-05-02T10:37:54.539+0000] {dagbag.py:540} INFO - Filling up the DagBag from /home/airflow/.local/lib/python3.12/site-packages/airflow/example_dags/example_bash_decorator.py
[2024-05-02T10:37:54.548+0000] {processor.py:840} INFO - DAG(s) 'example_bash_decorator' retrieved from /home/airflow/.local/lib/python3.12/site-packages/airflow/example_dags/example_bash_decorator.py
[2024-05-02T10:37:54.584+0000] {logging_mixin.py:188} INFO - [2024-05-02T10:37:54.584+0000] {dag.py:3096} INFO - Sync 1 DAGs
[2024-05-02T10:37:54.591+0000] {logging_mixin.py:188} INFO - [2024-05-02T10:37:54.591+0000] {dag.py:3954} INFO - Setting next_dagrun for example_bash_decorator to None, run_after=None
[2024-05-02T10:37:54.603+0000] {processor.py:183} INFO - Processing /home/airflow/.local/lib/python3.12/site-packages/airflow/example_dags/example_bash_decorator.py took 0.069 seconds
[2024-05-02T10:38:24.833+0000] {processor.py:161} INFO - Started process (PID=2157) to work on /home/airflow/.local/lib/python3.12/site-packages/airflow/example_dags/example_bash_decorator.py
[2024-05-02T10:38:24.833+0000] {processor.py:830} INFO - Processing file /home/airflow/.local/lib/python3.12/site-packages/airflow/example_dags/example_bash_decorator.py for tasks to queue
[2024-05-02T10:38:24.834+0000] {logging_mixin.py:188} INFO - [2024-05-02T10:38:24.834+0000] {dagbag.py:540} INFO - Filling up the DagBag from /home/airflow/.local/lib/python3.12/site-packages/airflow/example_dags/example_bash_decorator.py
[2024-05-02T10:38:24.843+0000] {processor.py:840} INFO - DAG(s) 'example_bash_decorator' retrieved from /home/airflow/.local/lib/python3.12/site-packages/airflow/example_dags/example_bash_decorator.py
[2024-05-02T10:38:24.858+0000] {logging_mixin.py:188} INFO - [2024-05-02T10:38:24.858+0000] {dag.py:3096} INFO - Sync 1 DAGs
[2024-05-02T10:38:24.877+0000] {logging_mixin.py:188} INFO - [2024-05-02T10:38:24.876+0000] {dag.py:3954} INFO - Setting next_dagrun for example_bash_decorator to None, run_after=None
[2024-05-02T10:38:24.890+0000] {processor.py:183} INFO - Processing /home/airflow/.local/lib/python3.12/site-packages/airflow/example_dags/example_bash_decorator.py took 0.061 seconds
[2024-05-02T10:38:55.445+0000] {processor.py:161} INFO - Started process (PID=2216) to work on /home/airflow/.local/lib/python3.12/site-packages/airflow/example_dags/example_bash_decorator.py
[2024-05-02T10:38:55.445+0000] {processor.py:830} INFO - Processing file /home/airflow/.local/lib/python3.12/site-packages/airflow/example_dags/example_bash_decorator.py for tasks to queue
[2024-05-02T10:38:55.446+0000] {logging_mixin.py:188} INFO - [2024-05-02T10:38:55.446+0000] {dagbag.py:540} INFO - Filling up the DagBag from /home/airflow/.local/lib/python3.12/site-packages/airflow/example_dags/example_bash_decorator.py
[2024-05-02T10:38:55.455+0000] {processor.py:840} INFO - DAG(s) 'example_bash_decorator' retrieved from /home/airflow/.local/lib/python3.12/site-packages/airflow/example_dags/example_bash_decorator.py
[2024-05-02T10:38:55.472+0000] {logging_mixin.py:188} INFO - [2024-05-02T10:38:55.472+0000] {dag.py:3096} INFO - Sync 1 DAGs
[2024-05-02T10:38:55.494+0000] {logging_mixin.py:188} INFO - [2024-05-02T10:38:55.494+0000] {dag.py:3954} INFO - Setting next_dagrun for example_bash_decorator to None, run_after=None
[2024-05-02T10:38:55.507+0000] {processor.py:183} INFO - Processing /home/airflow/.local/lib/python3.12/site-packages/airflow/example_dags/example_bash_decorator.py took 0.066 seconds
[2024-05-02T10:39:25.932+0000] {processor.py:161} INFO - Started process (PID=2275) to work on /home/airflow/.local/lib/python3.12/site-packages/airflow/example_dags/example_bash_decorator.py
[2024-05-02T10:39:25.933+0000] {processor.py:830} INFO - Processing file /home/airflow/.local/lib/python3.12/site-packages/airflow/example_dags/example_bash_decorator.py for tasks to queue
[2024-05-02T10:39:25.951+0000] {logging_mixin.py:188} INFO - [2024-05-02T10:39:25.950+0000] {dagbag.py:540} INFO - Filling up the DagBag from /home/airflow/.local/lib/python3.12/site-packages/airflow/example_dags/example_bash_decorator.py
[2024-05-02T10:39:25.988+0000] {processor.py:840} INFO - DAG(s) 'example_bash_decorator' retrieved from /home/airflow/.local/lib/python3.12/site-packages/airflow/example_dags/example_bash_decorator.py
[2024-05-02T10:39:26.020+0000] {logging_mixin.py:188} INFO - [2024-05-02T10:39:26.019+0000] {dag.py:3096} INFO - Sync 1 DAGs
[2024-05-02T10:39:26.027+0000] {logging_mixin.py:188} INFO - [2024-05-02T10:39:26.027+0000] {dag.py:3954} INFO - Setting next_dagrun for example_bash_decorator to None, run_after=None
[2024-05-02T10:39:26.049+0000] {processor.py:183} INFO - Processing /home/airflow/.local/lib/python3.12/site-packages/airflow/example_dags/example_bash_decorator.py took 0.124 seconds
[2024-05-02T10:39:56.255+0000] {processor.py:161} INFO - Started process (PID=2334) to work on /home/airflow/.local/lib/python3.12/site-packages/airflow/example_dags/example_bash_decorator.py
[2024-05-02T10:39:56.256+0000] {processor.py:830} INFO - Processing file /home/airflow/.local/lib/python3.12/site-packages/airflow/example_dags/example_bash_decorator.py for tasks to queue
[2024-05-02T10:39:56.257+0000] {logging_mixin.py:188} INFO - [2024-05-02T10:39:56.257+0000] {dagbag.py:540} INFO - Filling up the DagBag from /home/airflow/.local/lib/python3.12/site-packages/airflow/example_dags/example_bash_decorator.py
[2024-05-02T10:39:56.266+0000] {processor.py:840} INFO - DAG(s) 'example_bash_decorator' retrieved from /home/airflow/.local/lib/python3.12/site-packages/airflow/example_dags/example_bash_decorator.py
[2024-05-02T10:39:56.281+0000] {logging_mixin.py:188} INFO - [2024-05-02T10:39:56.281+0000] {dag.py:3096} INFO - Sync 1 DAGs
[2024-05-02T10:39:56.315+0000] {logging_mixin.py:188} INFO - [2024-05-02T10:39:56.315+0000] {dag.py:3954} INFO - Setting next_dagrun for example_bash_decorator to None, run_after=None
[2024-05-02T10:39:56.330+0000] {processor.py:183} INFO - Processing /home/airflow/.local/lib/python3.12/site-packages/airflow/example_dags/example_bash_decorator.py took 0.078 seconds
[2024-05-02T10:40:27.253+0000] {processor.py:161} INFO - Started process (PID=2393) to work on /home/airflow/.local/lib/python3.12/site-packages/airflow/example_dags/example_bash_decorator.py
[2024-05-02T10:40:27.253+0000] {processor.py:830} INFO - Processing file /home/airflow/.local/lib/python3.12/site-packages/airflow/example_dags/example_bash_decorator.py for tasks to queue
[2024-05-02T10:40:27.255+0000] {logging_mixin.py:188} INFO - [2024-05-02T10:40:27.255+0000] {dagbag.py:540} INFO - Filling up the DagBag from /home/airflow/.local/lib/python3.12/site-packages/airflow/example_dags/example_bash_decorator.py
[2024-05-02T10:40:27.264+0000] {processor.py:840} INFO - DAG(s) 'example_bash_decorator' retrieved from /home/airflow/.local/lib/python3.12/site-packages/airflow/example_dags/example_bash_decorator.py
[2024-05-02T10:40:27.306+0000] {logging_mixin.py:188} INFO - [2024-05-02T10:40:27.306+0000] {dag.py:3096} INFO - Sync 1 DAGs
[2024-05-02T10:40:27.315+0000] {logging_mixin.py:188} INFO - [2024-05-02T10:40:27.314+0000] {dag.py:3954} INFO - Setting next_dagrun for example_bash_decorator to None, run_after=None
[2024-05-02T10:40:27.326+0000] {processor.py:183} INFO - Processing /home/airflow/.local/lib/python3.12/site-packages/airflow/example_dags/example_bash_decorator.py took 0.078 seconds
[2024-05-02T10:42:25.372+0000] {processor.py:161} INFO - Started process (PID=55) to work on /home/airflow/.local/lib/python3.12/site-packages/airflow/example_dags/example_bash_decorator.py
[2024-05-02T10:42:25.372+0000] {processor.py:830} INFO - Processing file /home/airflow/.local/lib/python3.12/site-packages/airflow/example_dags/example_bash_decorator.py for tasks to queue
[2024-05-02T10:42:25.395+0000] {logging_mixin.py:188} INFO - [2024-05-02T10:42:25.394+0000] {dagbag.py:540} INFO - Filling up the DagBag from /home/airflow/.local/lib/python3.12/site-packages/airflow/example_dags/example_bash_decorator.py
[2024-05-02T10:42:25.444+0000] {processor.py:840} INFO - DAG(s) 'example_bash_decorator' retrieved from /home/airflow/.local/lib/python3.12/site-packages/airflow/example_dags/example_bash_decorator.py
[2024-05-02T10:42:25.454+0000] {logging_mixin.py:188} INFO - [2024-05-02T10:42:25.454+0000] {dag.py:3096} INFO - Sync 1 DAGs
[2024-05-02T10:42:25.478+0000] {logging_mixin.py:188} INFO - [2024-05-02T10:42:25.478+0000] {dag.py:3954} INFO - Setting next_dagrun for example_bash_decorator to None, run_after=None
[2024-05-02T10:42:25.734+0000] {processor.py:183} INFO - Processing /home/airflow/.local/lib/python3.12/site-packages/airflow/example_dags/example_bash_decorator.py took 0.367 seconds
[2024-05-02T10:42:55.814+0000] {processor.py:161} INFO - Started process (PID=112) to work on /home/airflow/.local/lib/python3.12/site-packages/airflow/example_dags/example_bash_decorator.py
[2024-05-02T10:42:55.815+0000] {processor.py:830} INFO - Processing file /home/airflow/.local/lib/python3.12/site-packages/airflow/example_dags/example_bash_decorator.py for tasks to queue
[2024-05-02T10:42:55.840+0000] {logging_mixin.py:188} INFO - [2024-05-02T10:42:55.840+0000] {dagbag.py:540} INFO - Filling up the DagBag from /home/airflow/.local/lib/python3.12/site-packages/airflow/example_dags/example_bash_decorator.py
[2024-05-02T10:42:55.875+0000] {processor.py:840} INFO - DAG(s) 'example_bash_decorator' retrieved from /home/airflow/.local/lib/python3.12/site-packages/airflow/example_dags/example_bash_decorator.py
[2024-05-02T10:42:55.961+0000] {logging_mixin.py:188} INFO - [2024-05-02T10:42:55.961+0000] {dag.py:3096} INFO - Sync 1 DAGs
[2024-05-02T10:42:55.969+0000] {logging_mixin.py:188} INFO - [2024-05-02T10:42:55.969+0000] {dag.py:3954} INFO - Setting next_dagrun for example_bash_decorator to None, run_after=None
[2024-05-02T10:42:55.997+0000] {processor.py:183} INFO - Processing /home/airflow/.local/lib/python3.12/site-packages/airflow/example_dags/example_bash_decorator.py took 0.187 seconds
[2024-05-02T10:43:26.060+0000] {processor.py:161} INFO - Started process (PID=172) to work on /home/airflow/.local/lib/python3.12/site-packages/airflow/example_dags/example_bash_decorator.py
[2024-05-02T10:43:26.060+0000] {processor.py:830} INFO - Processing file /home/airflow/.local/lib/python3.12/site-packages/airflow/example_dags/example_bash_decorator.py for tasks to queue
[2024-05-02T10:43:26.061+0000] {logging_mixin.py:188} INFO - [2024-05-02T10:43:26.061+0000] {dagbag.py:540} INFO - Filling up the DagBag from /home/airflow/.local/lib/python3.12/site-packages/airflow/example_dags/example_bash_decorator.py
[2024-05-02T10:43:26.070+0000] {processor.py:840} INFO - DAG(s) 'example_bash_decorator' retrieved from /home/airflow/.local/lib/python3.12/site-packages/airflow/example_dags/example_bash_decorator.py
[2024-05-02T10:43:26.084+0000] {logging_mixin.py:188} INFO - [2024-05-02T10:43:26.084+0000] {dag.py:3096} INFO - Sync 1 DAGs
[2024-05-02T10:43:26.092+0000] {logging_mixin.py:188} INFO - [2024-05-02T10:43:26.092+0000] {dag.py:3954} INFO - Setting next_dagrun for example_bash_decorator to None, run_after=None
[2024-05-02T10:43:26.104+0000] {processor.py:183} INFO - Processing /home/airflow/.local/lib/python3.12/site-packages/airflow/example_dags/example_bash_decorator.py took 0.047 seconds
[2024-05-02T10:43:56.521+0000] {processor.py:161} INFO - Started process (PID=232) to work on /home/airflow/.local/lib/python3.12/site-packages/airflow/example_dags/example_bash_decorator.py
[2024-05-02T10:43:56.521+0000] {processor.py:830} INFO - Processing file /home/airflow/.local/lib/python3.12/site-packages/airflow/example_dags/example_bash_decorator.py for tasks to queue
[2024-05-02T10:43:56.522+0000] {logging_mixin.py:188} INFO - [2024-05-02T10:43:56.522+0000] {dagbag.py:540} INFO - Filling up the DagBag from /home/airflow/.local/lib/python3.12/site-packages/airflow/example_dags/example_bash_decorator.py
[2024-05-02T10:43:56.530+0000] {processor.py:840} INFO - DAG(s) 'example_bash_decorator' retrieved from /home/airflow/.local/lib/python3.12/site-packages/airflow/example_dags/example_bash_decorator.py
[2024-05-02T10:43:56.546+0000] {logging_mixin.py:188} INFO - [2024-05-02T10:43:56.546+0000] {dag.py:3096} INFO - Sync 1 DAGs
[2024-05-02T10:43:56.554+0000] {logging_mixin.py:188} INFO - [2024-05-02T10:43:56.554+0000] {dag.py:3954} INFO - Setting next_dagrun for example_bash_decorator to None, run_after=None
[2024-05-02T10:43:56.579+0000] {processor.py:183} INFO - Processing /home/airflow/.local/lib/python3.12/site-packages/airflow/example_dags/example_bash_decorator.py took 0.062 seconds
[2024-05-02T10:44:26.751+0000] {processor.py:161} INFO - Started process (PID=292) to work on /home/airflow/.local/lib/python3.12/site-packages/airflow/example_dags/example_bash_decorator.py
[2024-05-02T10:44:26.752+0000] {processor.py:830} INFO - Processing file /home/airflow/.local/lib/python3.12/site-packages/airflow/example_dags/example_bash_decorator.py for tasks to queue
[2024-05-02T10:44:26.753+0000] {logging_mixin.py:188} INFO - [2024-05-02T10:44:26.753+0000] {dagbag.py:540} INFO - Filling up the DagBag from /home/airflow/.local/lib/python3.12/site-packages/airflow/example_dags/example_bash_decorator.py
[2024-05-02T10:44:26.761+0000] {processor.py:840} INFO - DAG(s) 'example_bash_decorator' retrieved from /home/airflow/.local/lib/python3.12/site-packages/airflow/example_dags/example_bash_decorator.py
[2024-05-02T10:44:26.777+0000] {logging_mixin.py:188} INFO - [2024-05-02T10:44:26.777+0000] {dag.py:3096} INFO - Sync 1 DAGs
[2024-05-02T10:44:26.819+0000] {logging_mixin.py:188} INFO - [2024-05-02T10:44:26.819+0000] {dag.py:3954} INFO - Setting next_dagrun for example_bash_decorator to None, run_after=None
[2024-05-02T10:44:26.842+0000] {processor.py:183} INFO - Processing /home/airflow/.local/lib/python3.12/site-packages/airflow/example_dags/example_bash_decorator.py took 0.095 seconds
[2024-05-02T10:44:57.151+0000] {processor.py:161} INFO - Started process (PID=352) to work on /home/airflow/.local/lib/python3.12/site-packages/airflow/example_dags/example_bash_decorator.py
[2024-05-02T10:44:57.151+0000] {processor.py:830} INFO - Processing file /home/airflow/.local/lib/python3.12/site-packages/airflow/example_dags/example_bash_decorator.py for tasks to queue
[2024-05-02T10:44:57.152+0000] {logging_mixin.py:188} INFO - [2024-05-02T10:44:57.152+0000] {dagbag.py:540} INFO - Filling up the DagBag from /home/airflow/.local/lib/python3.12/site-packages/airflow/example_dags/example_bash_decorator.py
[2024-05-02T10:44:57.160+0000] {processor.py:840} INFO - DAG(s) 'example_bash_decorator' retrieved from /home/airflow/.local/lib/python3.12/site-packages/airflow/example_dags/example_bash_decorator.py
[2024-05-02T10:44:57.174+0000] {logging_mixin.py:188} INFO - [2024-05-02T10:44:57.174+0000] {dag.py:3096} INFO - Sync 1 DAGs
[2024-05-02T10:44:57.182+0000] {logging_mixin.py:188} INFO - [2024-05-02T10:44:57.182+0000] {dag.py:3954} INFO - Setting next_dagrun for example_bash_decorator to None, run_after=None
[2024-05-02T10:44:57.192+0000] {processor.py:183} INFO - Processing /home/airflow/.local/lib/python3.12/site-packages/airflow/example_dags/example_bash_decorator.py took 0.045 seconds
[2024-05-02T10:45:27.837+0000] {processor.py:161} INFO - Started process (PID=412) to work on /home/airflow/.local/lib/python3.12/site-packages/airflow/example_dags/example_bash_decorator.py
[2024-05-02T10:45:27.837+0000] {processor.py:830} INFO - Processing file /home/airflow/.local/lib/python3.12/site-packages/airflow/example_dags/example_bash_decorator.py for tasks to queue
[2024-05-02T10:45:27.838+0000] {logging_mixin.py:188} INFO - [2024-05-02T10:45:27.838+0000] {dagbag.py:540} INFO - Filling up the DagBag from /home/airflow/.local/lib/python3.12/site-packages/airflow/example_dags/example_bash_decorator.py
[2024-05-02T10:45:27.846+0000] {processor.py:840} INFO - DAG(s) 'example_bash_decorator' retrieved from /home/airflow/.local/lib/python3.12/site-packages/airflow/example_dags/example_bash_decorator.py
[2024-05-02T10:45:27.886+0000] {logging_mixin.py:188} INFO - [2024-05-02T10:45:27.885+0000] {dag.py:3096} INFO - Sync 1 DAGs
[2024-05-02T10:45:27.903+0000] {logging_mixin.py:188} INFO - [2024-05-02T10:45:27.903+0000] {dag.py:3954} INFO - Setting next_dagrun for example_bash_decorator to None, run_after=None
[2024-05-02T10:45:27.945+0000] {processor.py:183} INFO - Processing /home/airflow/.local/lib/python3.12/site-packages/airflow/example_dags/example_bash_decorator.py took 0.112 seconds
[2024-05-02T10:45:58.159+0000] {processor.py:161} INFO - Started process (PID=472) to work on /home/airflow/.local/lib/python3.12/site-packages/airflow/example_dags/example_bash_decorator.py
[2024-05-02T10:45:58.160+0000] {processor.py:830} INFO - Processing file /home/airflow/.local/lib/python3.12/site-packages/airflow/example_dags/example_bash_decorator.py for tasks to queue
[2024-05-02T10:45:58.161+0000] {logging_mixin.py:188} INFO - [2024-05-02T10:45:58.160+0000] {dagbag.py:540} INFO - Filling up the DagBag from /home/airflow/.local/lib/python3.12/site-packages/airflow/example_dags/example_bash_decorator.py
[2024-05-02T10:45:58.169+0000] {processor.py:840} INFO - DAG(s) 'example_bash_decorator' retrieved from /home/airflow/.local/lib/python3.12/site-packages/airflow/example_dags/example_bash_decorator.py
[2024-05-02T10:45:58.184+0000] {logging_mixin.py:188} INFO - [2024-05-02T10:45:58.184+0000] {dag.py:3096} INFO - Sync 1 DAGs
[2024-05-02T10:45:58.207+0000] {logging_mixin.py:188} INFO - [2024-05-02T10:45:58.207+0000] {dag.py:3954} INFO - Setting next_dagrun for example_bash_decorator to None, run_after=None
[2024-05-02T10:45:58.221+0000] {processor.py:183} INFO - Processing /home/airflow/.local/lib/python3.12/site-packages/airflow/example_dags/example_bash_decorator.py took 0.066 seconds
[2024-05-02T10:46:28.511+0000] {processor.py:161} INFO - Started process (PID=532) to work on /home/airflow/.local/lib/python3.12/site-packages/airflow/example_dags/example_bash_decorator.py
[2024-05-02T10:46:28.512+0000] {processor.py:830} INFO - Processing file /home/airflow/.local/lib/python3.12/site-packages/airflow/example_dags/example_bash_decorator.py for tasks to queue
[2024-05-02T10:46:28.540+0000] {logging_mixin.py:188} INFO - [2024-05-02T10:46:28.539+0000] {dagbag.py:540} INFO - Filling up the DagBag from /home/airflow/.local/lib/python3.12/site-packages/airflow/example_dags/example_bash_decorator.py
[2024-05-02T10:46:28.596+0000] {processor.py:840} INFO - DAG(s) 'example_bash_decorator' retrieved from /home/airflow/.local/lib/python3.12/site-packages/airflow/example_dags/example_bash_decorator.py
[2024-05-02T10:46:28.619+0000] {logging_mixin.py:188} INFO - [2024-05-02T10:46:28.619+0000] {dag.py:3096} INFO - Sync 1 DAGs
[2024-05-02T10:46:28.631+0000] {logging_mixin.py:188} INFO - [2024-05-02T10:46:28.631+0000] {dag.py:3954} INFO - Setting next_dagrun for example_bash_decorator to None, run_after=None
[2024-05-02T10:46:28.667+0000] {processor.py:183} INFO - Processing /home/airflow/.local/lib/python3.12/site-packages/airflow/example_dags/example_bash_decorator.py took 0.164 seconds
[2024-05-02T10:46:58.729+0000] {processor.py:161} INFO - Started process (PID=592) to work on /home/airflow/.local/lib/python3.12/site-packages/airflow/example_dags/example_bash_decorator.py
[2024-05-02T10:46:58.730+0000] {processor.py:830} INFO - Processing file /home/airflow/.local/lib/python3.12/site-packages/airflow/example_dags/example_bash_decorator.py for tasks to queue
[2024-05-02T10:46:58.752+0000] {logging_mixin.py:188} INFO - [2024-05-02T10:46:58.751+0000] {dagbag.py:540} INFO - Filling up the DagBag from /home/airflow/.local/lib/python3.12/site-packages/airflow/example_dags/example_bash_decorator.py
[2024-05-02T10:46:58.792+0000] {processor.py:840} INFO - DAG(s) 'example_bash_decorator' retrieved from /home/airflow/.local/lib/python3.12/site-packages/airflow/example_dags/example_bash_decorator.py
[2024-05-02T10:46:58.808+0000] {logging_mixin.py:188} INFO - [2024-05-02T10:46:58.808+0000] {dag.py:3096} INFO - Sync 1 DAGs
[2024-05-02T10:46:58.823+0000] {logging_mixin.py:188} INFO - [2024-05-02T10:46:58.823+0000] {dag.py:3954} INFO - Setting next_dagrun for example_bash_decorator to None, run_after=None
[2024-05-02T10:46:58.875+0000] {processor.py:183} INFO - Processing /home/airflow/.local/lib/python3.12/site-packages/airflow/example_dags/example_bash_decorator.py took 0.151 seconds
[2024-05-02T10:47:29.124+0000] {processor.py:161} INFO - Started process (PID=652) to work on /home/airflow/.local/lib/python3.12/site-packages/airflow/example_dags/example_bash_decorator.py
[2024-05-02T10:47:29.124+0000] {processor.py:830} INFO - Processing file /home/airflow/.local/lib/python3.12/site-packages/airflow/example_dags/example_bash_decorator.py for tasks to queue
[2024-05-02T10:47:29.125+0000] {logging_mixin.py:188} INFO - [2024-05-02T10:47:29.125+0000] {dagbag.py:540} INFO - Filling up the DagBag from /home/airflow/.local/lib/python3.12/site-packages/airflow/example_dags/example_bash_decorator.py
[2024-05-02T10:47:29.135+0000] {processor.py:840} INFO - DAG(s) 'example_bash_decorator' retrieved from /home/airflow/.local/lib/python3.12/site-packages/airflow/example_dags/example_bash_decorator.py
[2024-05-02T10:47:29.151+0000] {logging_mixin.py:188} INFO - [2024-05-02T10:47:29.150+0000] {dag.py:3096} INFO - Sync 1 DAGs
[2024-05-02T10:47:29.175+0000] {logging_mixin.py:188} INFO - [2024-05-02T10:47:29.174+0000] {dag.py:3954} INFO - Setting next_dagrun for example_bash_decorator to None, run_after=None
[2024-05-02T10:47:29.212+0000] {processor.py:183} INFO - Processing /home/airflow/.local/lib/python3.12/site-packages/airflow/example_dags/example_bash_decorator.py took 0.093 seconds
[2024-05-02T10:47:59.576+0000] {processor.py:161} INFO - Started process (PID=712) to work on /home/airflow/.local/lib/python3.12/site-packages/airflow/example_dags/example_bash_decorator.py
[2024-05-02T10:47:59.577+0000] {processor.py:830} INFO - Processing file /home/airflow/.local/lib/python3.12/site-packages/airflow/example_dags/example_bash_decorator.py for tasks to queue
[2024-05-02T10:47:59.578+0000] {logging_mixin.py:188} INFO - [2024-05-02T10:47:59.578+0000] {dagbag.py:540} INFO - Filling up the DagBag from /home/airflow/.local/lib/python3.12/site-packages/airflow/example_dags/example_bash_decorator.py
[2024-05-02T10:47:59.586+0000] {processor.py:840} INFO - DAG(s) 'example_bash_decorator' retrieved from /home/airflow/.local/lib/python3.12/site-packages/airflow/example_dags/example_bash_decorator.py
[2024-05-02T10:47:59.601+0000] {logging_mixin.py:188} INFO - [2024-05-02T10:47:59.601+0000] {dag.py:3096} INFO - Sync 1 DAGs
[2024-05-02T10:47:59.610+0000] {logging_mixin.py:188} INFO - [2024-05-02T10:47:59.609+0000] {dag.py:3954} INFO - Setting next_dagrun for example_bash_decorator to None, run_after=None
[2024-05-02T10:47:59.621+0000] {processor.py:183} INFO - Processing /home/airflow/.local/lib/python3.12/site-packages/airflow/example_dags/example_bash_decorator.py took 0.048 seconds
[2024-05-02T10:49:24.709+0000] {processor.py:161} INFO - Started process (PID=55) to work on /home/airflow/.local/lib/python3.12/site-packages/airflow/example_dags/example_bash_decorator.py
[2024-05-02T10:49:24.710+0000] {processor.py:830} INFO - Processing file /home/airflow/.local/lib/python3.12/site-packages/airflow/example_dags/example_bash_decorator.py for tasks to queue
[2024-05-02T10:49:24.728+0000] {logging_mixin.py:188} INFO - [2024-05-02T10:49:24.728+0000] {dagbag.py:540} INFO - Filling up the DagBag from /home/airflow/.local/lib/python3.12/site-packages/airflow/example_dags/example_bash_decorator.py
[2024-05-02T10:49:24.774+0000] {processor.py:840} INFO - DAG(s) 'example_bash_decorator' retrieved from /home/airflow/.local/lib/python3.12/site-packages/airflow/example_dags/example_bash_decorator.py
[2024-05-02T10:49:24.790+0000] {logging_mixin.py:188} INFO - [2024-05-02T10:49:24.789+0000] {dag.py:3096} INFO - Sync 1 DAGs
[2024-05-02T10:49:24.822+0000] {logging_mixin.py:188} INFO - [2024-05-02T10:49:24.822+0000] {dag.py:3954} INFO - Setting next_dagrun for example_bash_decorator to None, run_after=None
[2024-05-02T10:49:24.853+0000] {processor.py:183} INFO - Processing /home/airflow/.local/lib/python3.12/site-packages/airflow/example_dags/example_bash_decorator.py took 0.148 seconds
[2024-05-02T10:49:55.274+0000] {processor.py:161} INFO - Started process (PID=113) to work on /home/airflow/.local/lib/python3.12/site-packages/airflow/example_dags/example_bash_decorator.py
[2024-05-02T10:49:55.274+0000] {processor.py:830} INFO - Processing file /home/airflow/.local/lib/python3.12/site-packages/airflow/example_dags/example_bash_decorator.py for tasks to queue
[2024-05-02T10:49:55.276+0000] {logging_mixin.py:188} INFO - [2024-05-02T10:49:55.275+0000] {dagbag.py:540} INFO - Filling up the DagBag from /home/airflow/.local/lib/python3.12/site-packages/airflow/example_dags/example_bash_decorator.py
[2024-05-02T10:49:55.284+0000] {processor.py:840} INFO - DAG(s) 'example_bash_decorator' retrieved from /home/airflow/.local/lib/python3.12/site-packages/airflow/example_dags/example_bash_decorator.py
[2024-05-02T10:49:55.352+0000] {logging_mixin.py:188} INFO - [2024-05-02T10:49:55.352+0000] {dag.py:3096} INFO - Sync 1 DAGs
[2024-05-02T10:49:55.387+0000] {logging_mixin.py:188} INFO - [2024-05-02T10:49:55.387+0000] {dag.py:3954} INFO - Setting next_dagrun for example_bash_decorator to None, run_after=None
[2024-05-02T10:49:55.402+0000] {processor.py:183} INFO - Processing /home/airflow/.local/lib/python3.12/site-packages/airflow/example_dags/example_bash_decorator.py took 0.134 seconds
[2024-05-02T10:50:25.634+0000] {processor.py:161} INFO - Started process (PID=173) to work on /home/airflow/.local/lib/python3.12/site-packages/airflow/example_dags/example_bash_decorator.py
[2024-05-02T10:50:25.634+0000] {processor.py:830} INFO - Processing file /home/airflow/.local/lib/python3.12/site-packages/airflow/example_dags/example_bash_decorator.py for tasks to queue
[2024-05-02T10:50:25.635+0000] {logging_mixin.py:188} INFO - [2024-05-02T10:50:25.635+0000] {dagbag.py:540} INFO - Filling up the DagBag from /home/airflow/.local/lib/python3.12/site-packages/airflow/example_dags/example_bash_decorator.py
[2024-05-02T10:50:25.644+0000] {processor.py:840} INFO - DAG(s) 'example_bash_decorator' retrieved from /home/airflow/.local/lib/python3.12/site-packages/airflow/example_dags/example_bash_decorator.py
[2024-05-02T10:50:25.659+0000] {logging_mixin.py:188} INFO - [2024-05-02T10:50:25.659+0000] {dag.py:3096} INFO - Sync 1 DAGs
[2024-05-02T10:50:25.693+0000] {logging_mixin.py:188} INFO - [2024-05-02T10:50:25.692+0000] {dag.py:3954} INFO - Setting next_dagrun for example_bash_decorator to None, run_after=None
[2024-05-02T10:50:25.707+0000] {processor.py:183} INFO - Processing /home/airflow/.local/lib/python3.12/site-packages/airflow/example_dags/example_bash_decorator.py took 0.077 seconds
[2024-05-02T10:50:56.321+0000] {processor.py:161} INFO - Started process (PID=233) to work on /home/airflow/.local/lib/python3.12/site-packages/airflow/example_dags/example_bash_decorator.py
[2024-05-02T10:50:56.322+0000] {processor.py:830} INFO - Processing file /home/airflow/.local/lib/python3.12/site-packages/airflow/example_dags/example_bash_decorator.py for tasks to queue
[2024-05-02T10:50:56.323+0000] {logging_mixin.py:188} INFO - [2024-05-02T10:50:56.323+0000] {dagbag.py:540} INFO - Filling up the DagBag from /home/airflow/.local/lib/python3.12/site-packages/airflow/example_dags/example_bash_decorator.py
[2024-05-02T10:50:56.332+0000] {processor.py:840} INFO - DAG(s) 'example_bash_decorator' retrieved from /home/airflow/.local/lib/python3.12/site-packages/airflow/example_dags/example_bash_decorator.py
[2024-05-02T10:50:56.347+0000] {logging_mixin.py:188} INFO - [2024-05-02T10:50:56.347+0000] {dag.py:3096} INFO - Sync 1 DAGs
[2024-05-02T10:50:56.355+0000] {logging_mixin.py:188} INFO - [2024-05-02T10:50:56.355+0000] {dag.py:3954} INFO - Setting next_dagrun for example_bash_decorator to None, run_after=None
[2024-05-02T10:50:56.366+0000] {processor.py:183} INFO - Processing /home/airflow/.local/lib/python3.12/site-packages/airflow/example_dags/example_bash_decorator.py took 0.049 seconds
[2024-05-02T10:51:27.089+0000] {processor.py:161} INFO - Started process (PID=293) to work on /home/airflow/.local/lib/python3.12/site-packages/airflow/example_dags/example_bash_decorator.py
[2024-05-02T10:51:27.090+0000] {processor.py:830} INFO - Processing file /home/airflow/.local/lib/python3.12/site-packages/airflow/example_dags/example_bash_decorator.py for tasks to queue
[2024-05-02T10:51:27.091+0000] {logging_mixin.py:188} INFO - [2024-05-02T10:51:27.091+0000] {dagbag.py:540} INFO - Filling up the DagBag from /home/airflow/.local/lib/python3.12/site-packages/airflow/example_dags/example_bash_decorator.py
[2024-05-02T10:51:27.098+0000] {processor.py:840} INFO - DAG(s) 'example_bash_decorator' retrieved from /home/airflow/.local/lib/python3.12/site-packages/airflow/example_dags/example_bash_decorator.py
[2024-05-02T10:51:27.113+0000] {logging_mixin.py:188} INFO - [2024-05-02T10:51:27.113+0000] {dag.py:3096} INFO - Sync 1 DAGs
[2024-05-02T10:51:27.122+0000] {logging_mixin.py:188} INFO - [2024-05-02T10:51:27.122+0000] {dag.py:3954} INFO - Setting next_dagrun for example_bash_decorator to None, run_after=None
[2024-05-02T10:51:27.135+0000] {processor.py:183} INFO - Processing /home/airflow/.local/lib/python3.12/site-packages/airflow/example_dags/example_bash_decorator.py took 0.050 seconds
[2024-05-02T10:51:57.400+0000] {processor.py:161} INFO - Started process (PID=353) to work on /home/airflow/.local/lib/python3.12/site-packages/airflow/example_dags/example_bash_decorator.py
[2024-05-02T10:51:57.401+0000] {processor.py:830} INFO - Processing file /home/airflow/.local/lib/python3.12/site-packages/airflow/example_dags/example_bash_decorator.py for tasks to queue
[2024-05-02T10:51:57.402+0000] {logging_mixin.py:188} INFO - [2024-05-02T10:51:57.402+0000] {dagbag.py:540} INFO - Filling up the DagBag from /home/airflow/.local/lib/python3.12/site-packages/airflow/example_dags/example_bash_decorator.py
[2024-05-02T10:51:57.410+0000] {processor.py:840} INFO - DAG(s) 'example_bash_decorator' retrieved from /home/airflow/.local/lib/python3.12/site-packages/airflow/example_dags/example_bash_decorator.py
[2024-05-02T10:51:57.425+0000] {logging_mixin.py:188} INFO - [2024-05-02T10:51:57.425+0000] {dag.py:3096} INFO - Sync 1 DAGs
[2024-05-02T10:51:57.433+0000] {logging_mixin.py:188} INFO - [2024-05-02T10:51:57.433+0000] {dag.py:3954} INFO - Setting next_dagrun for example_bash_decorator to None, run_after=None
[2024-05-02T10:51:57.445+0000] {processor.py:183} INFO - Processing /home/airflow/.local/lib/python3.12/site-packages/airflow/example_dags/example_bash_decorator.py took 0.050 seconds
[2024-05-02T10:52:28.733+0000] {processor.py:161} INFO - Started process (PID=413) to work on /home/airflow/.local/lib/python3.12/site-packages/airflow/example_dags/example_bash_decorator.py
[2024-05-02T10:52:28.734+0000] {processor.py:830} INFO - Processing file /home/airflow/.local/lib/python3.12/site-packages/airflow/example_dags/example_bash_decorator.py for tasks to queue
[2024-05-02T10:52:28.755+0000] {logging_mixin.py:188} INFO - [2024-05-02T10:52:28.754+0000] {dagbag.py:540} INFO - Filling up the DagBag from /home/airflow/.local/lib/python3.12/site-packages/airflow/example_dags/example_bash_decorator.py
[2024-05-02T10:52:28.815+0000] {processor.py:840} INFO - DAG(s) 'example_bash_decorator' retrieved from /home/airflow/.local/lib/python3.12/site-packages/airflow/example_dags/example_bash_decorator.py
[2024-05-02T10:52:28.873+0000] {logging_mixin.py:188} INFO - [2024-05-02T10:52:28.873+0000] {dag.py:3096} INFO - Sync 1 DAGs
[2024-05-02T10:52:28.881+0000] {logging_mixin.py:188} INFO - [2024-05-02T10:52:28.881+0000] {dag.py:3954} INFO - Setting next_dagrun for example_bash_decorator to None, run_after=None
[2024-05-02T10:52:28.937+0000] {processor.py:183} INFO - Processing /home/airflow/.local/lib/python3.12/site-packages/airflow/example_dags/example_bash_decorator.py took 0.215 seconds
[2024-05-02T10:52:59.078+0000] {processor.py:161} INFO - Started process (PID=473) to work on /home/airflow/.local/lib/python3.12/site-packages/airflow/example_dags/example_bash_decorator.py
[2024-05-02T10:52:59.079+0000] {processor.py:830} INFO - Processing file /home/airflow/.local/lib/python3.12/site-packages/airflow/example_dags/example_bash_decorator.py for tasks to queue
[2024-05-02T10:52:59.080+0000] {logging_mixin.py:188} INFO - [2024-05-02T10:52:59.079+0000] {dagbag.py:540} INFO - Filling up the DagBag from /home/airflow/.local/lib/python3.12/site-packages/airflow/example_dags/example_bash_decorator.py
[2024-05-02T10:52:59.087+0000] {processor.py:840} INFO - DAG(s) 'example_bash_decorator' retrieved from /home/airflow/.local/lib/python3.12/site-packages/airflow/example_dags/example_bash_decorator.py
[2024-05-02T10:52:59.102+0000] {logging_mixin.py:188} INFO - [2024-05-02T10:52:59.101+0000] {dag.py:3096} INFO - Sync 1 DAGs
[2024-05-02T10:52:59.109+0000] {logging_mixin.py:188} INFO - [2024-05-02T10:52:59.109+0000] {dag.py:3954} INFO - Setting next_dagrun for example_bash_decorator to None, run_after=None
[2024-05-02T10:52:59.125+0000] {processor.py:183} INFO - Processing /home/airflow/.local/lib/python3.12/site-packages/airflow/example_dags/example_bash_decorator.py took 0.050 seconds
[2024-05-02T10:53:29.706+0000] {processor.py:161} INFO - Started process (PID=533) to work on /home/airflow/.local/lib/python3.12/site-packages/airflow/example_dags/example_bash_decorator.py
[2024-05-02T10:53:29.706+0000] {processor.py:830} INFO - Processing file /home/airflow/.local/lib/python3.12/site-packages/airflow/example_dags/example_bash_decorator.py for tasks to queue
[2024-05-02T10:53:29.707+0000] {logging_mixin.py:188} INFO - [2024-05-02T10:53:29.707+0000] {dagbag.py:540} INFO - Filling up the DagBag from /home/airflow/.local/lib/python3.12/site-packages/airflow/example_dags/example_bash_decorator.py
[2024-05-02T10:53:29.715+0000] {processor.py:840} INFO - DAG(s) 'example_bash_decorator' retrieved from /home/airflow/.local/lib/python3.12/site-packages/airflow/example_dags/example_bash_decorator.py
[2024-05-02T10:53:29.730+0000] {logging_mixin.py:188} INFO - [2024-05-02T10:53:29.729+0000] {dag.py:3096} INFO - Sync 1 DAGs
[2024-05-02T10:53:29.738+0000] {logging_mixin.py:188} INFO - [2024-05-02T10:53:29.737+0000] {dag.py:3954} INFO - Setting next_dagrun for example_bash_decorator to None, run_after=None
[2024-05-02T10:53:29.754+0000] {processor.py:183} INFO - Processing /home/airflow/.local/lib/python3.12/site-packages/airflow/example_dags/example_bash_decorator.py took 0.051 seconds
[2024-05-02T10:54:00.061+0000] {processor.py:161} INFO - Started process (PID=593) to work on /home/airflow/.local/lib/python3.12/site-packages/airflow/example_dags/example_bash_decorator.py
[2024-05-02T10:54:00.062+0000] {processor.py:830} INFO - Processing file /home/airflow/.local/lib/python3.12/site-packages/airflow/example_dags/example_bash_decorator.py for tasks to queue
[2024-05-02T10:54:00.062+0000] {logging_mixin.py:188} INFO - [2024-05-02T10:54:00.062+0000] {dagbag.py:540} INFO - Filling up the DagBag from /home/airflow/.local/lib/python3.12/site-packages/airflow/example_dags/example_bash_decorator.py
[2024-05-02T10:54:00.070+0000] {processor.py:840} INFO - DAG(s) 'example_bash_decorator' retrieved from /home/airflow/.local/lib/python3.12/site-packages/airflow/example_dags/example_bash_decorator.py
[2024-05-02T10:54:00.084+0000] {logging_mixin.py:188} INFO - [2024-05-02T10:54:00.084+0000] {dag.py:3096} INFO - Sync 1 DAGs
[2024-05-02T10:54:00.116+0000] {logging_mixin.py:188} INFO - [2024-05-02T10:54:00.116+0000] {dag.py:3954} INFO - Setting next_dagrun for example_bash_decorator to None, run_after=None
[2024-05-02T10:54:00.130+0000] {processor.py:183} INFO - Processing /home/airflow/.local/lib/python3.12/site-packages/airflow/example_dags/example_bash_decorator.py took 0.072 seconds
[2024-05-02T10:54:30.370+0000] {processor.py:161} INFO - Started process (PID=653) to work on /home/airflow/.local/lib/python3.12/site-packages/airflow/example_dags/example_bash_decorator.py
[2024-05-02T10:54:30.371+0000] {processor.py:830} INFO - Processing file /home/airflow/.local/lib/python3.12/site-packages/airflow/example_dags/example_bash_decorator.py for tasks to queue
[2024-05-02T10:54:30.371+0000] {logging_mixin.py:188} INFO - [2024-05-02T10:54:30.371+0000] {dagbag.py:540} INFO - Filling up the DagBag from /home/airflow/.local/lib/python3.12/site-packages/airflow/example_dags/example_bash_decorator.py
[2024-05-02T10:54:30.379+0000] {processor.py:840} INFO - DAG(s) 'example_bash_decorator' retrieved from /home/airflow/.local/lib/python3.12/site-packages/airflow/example_dags/example_bash_decorator.py
[2024-05-02T10:54:30.395+0000] {logging_mixin.py:188} INFO - [2024-05-02T10:54:30.395+0000] {dag.py:3096} INFO - Sync 1 DAGs
[2024-05-02T10:54:30.403+0000] {logging_mixin.py:188} INFO - [2024-05-02T10:54:30.403+0000] {dag.py:3954} INFO - Setting next_dagrun for example_bash_decorator to None, run_after=None
[2024-05-02T10:54:30.419+0000] {processor.py:183} INFO - Processing /home/airflow/.local/lib/python3.12/site-packages/airflow/example_dags/example_bash_decorator.py took 0.053 seconds
[2024-05-02T10:55:00.667+0000] {processor.py:161} INFO - Started process (PID=713) to work on /home/airflow/.local/lib/python3.12/site-packages/airflow/example_dags/example_bash_decorator.py
[2024-05-02T10:55:00.667+0000] {processor.py:830} INFO - Processing file /home/airflow/.local/lib/python3.12/site-packages/airflow/example_dags/example_bash_decorator.py for tasks to queue
[2024-05-02T10:55:00.668+0000] {logging_mixin.py:188} INFO - [2024-05-02T10:55:00.668+0000] {dagbag.py:540} INFO - Filling up the DagBag from /home/airflow/.local/lib/python3.12/site-packages/airflow/example_dags/example_bash_decorator.py
[2024-05-02T10:55:00.676+0000] {processor.py:840} INFO - DAG(s) 'example_bash_decorator' retrieved from /home/airflow/.local/lib/python3.12/site-packages/airflow/example_dags/example_bash_decorator.py
[2024-05-02T10:55:00.691+0000] {logging_mixin.py:188} INFO - [2024-05-02T10:55:00.691+0000] {dag.py:3096} INFO - Sync 1 DAGs
[2024-05-02T10:55:00.720+0000] {logging_mixin.py:188} INFO - [2024-05-02T10:55:00.720+0000] {dag.py:3954} INFO - Setting next_dagrun for example_bash_decorator to None, run_after=None
[2024-05-02T10:55:00.735+0000] {processor.py:183} INFO - Processing /home/airflow/.local/lib/python3.12/site-packages/airflow/example_dags/example_bash_decorator.py took 0.072 seconds
[2024-05-02T10:55:31.172+0000] {processor.py:161} INFO - Started process (PID=773) to work on /home/airflow/.local/lib/python3.12/site-packages/airflow/example_dags/example_bash_decorator.py
[2024-05-02T10:55:31.172+0000] {processor.py:830} INFO - Processing file /home/airflow/.local/lib/python3.12/site-packages/airflow/example_dags/example_bash_decorator.py for tasks to queue
[2024-05-02T10:55:31.173+0000] {logging_mixin.py:188} INFO - [2024-05-02T10:55:31.173+0000] {dagbag.py:540} INFO - Filling up the DagBag from /home/airflow/.local/lib/python3.12/site-packages/airflow/example_dags/example_bash_decorator.py
[2024-05-02T10:55:31.182+0000] {processor.py:840} INFO - DAG(s) 'example_bash_decorator' retrieved from /home/airflow/.local/lib/python3.12/site-packages/airflow/example_dags/example_bash_decorator.py
[2024-05-02T10:55:31.196+0000] {logging_mixin.py:188} INFO - [2024-05-02T10:55:31.196+0000] {dag.py:3096} INFO - Sync 1 DAGs
[2024-05-02T10:55:31.206+0000] {logging_mixin.py:188} INFO - [2024-05-02T10:55:31.206+0000] {dag.py:3954} INFO - Setting next_dagrun for example_bash_decorator to None, run_after=None
[2024-05-02T10:55:31.237+0000] {processor.py:183} INFO - Processing /home/airflow/.local/lib/python3.12/site-packages/airflow/example_dags/example_bash_decorator.py took 0.070 seconds
[2024-05-02T10:56:01.372+0000] {processor.py:161} INFO - Started process (PID=832) to work on /home/airflow/.local/lib/python3.12/site-packages/airflow/example_dags/example_bash_decorator.py
[2024-05-02T10:56:01.372+0000] {processor.py:830} INFO - Processing file /home/airflow/.local/lib/python3.12/site-packages/airflow/example_dags/example_bash_decorator.py for tasks to queue
[2024-05-02T10:56:01.397+0000] {logging_mixin.py:188} INFO - [2024-05-02T10:56:01.396+0000] {dagbag.py:540} INFO - Filling up the DagBag from /home/airflow/.local/lib/python3.12/site-packages/airflow/example_dags/example_bash_decorator.py
[2024-05-02T10:56:01.424+0000] {processor.py:840} INFO - DAG(s) 'example_bash_decorator' retrieved from /home/airflow/.local/lib/python3.12/site-packages/airflow/example_dags/example_bash_decorator.py
[2024-05-02T10:56:01.439+0000] {logging_mixin.py:188} INFO - [2024-05-02T10:56:01.439+0000] {dag.py:3096} INFO - Sync 1 DAGs
[2024-05-02T10:56:01.474+0000] {logging_mixin.py:188} INFO - [2024-05-02T10:56:01.474+0000] {dag.py:3954} INFO - Setting next_dagrun for example_bash_decorator to None, run_after=None
[2024-05-02T10:56:01.486+0000] {processor.py:183} INFO - Processing /home/airflow/.local/lib/python3.12/site-packages/airflow/example_dags/example_bash_decorator.py took 0.119 seconds
[2024-05-02T10:56:31.790+0000] {processor.py:161} INFO - Started process (PID=899) to work on /home/airflow/.local/lib/python3.12/site-packages/airflow/example_dags/example_bash_decorator.py
[2024-05-02T10:56:31.790+0000] {processor.py:830} INFO - Processing file /home/airflow/.local/lib/python3.12/site-packages/airflow/example_dags/example_bash_decorator.py for tasks to queue
[2024-05-02T10:56:31.792+0000] {logging_mixin.py:188} INFO - [2024-05-02T10:56:31.791+0000] {dagbag.py:540} INFO - Filling up the DagBag from /home/airflow/.local/lib/python3.12/site-packages/airflow/example_dags/example_bash_decorator.py
[2024-05-02T10:56:31.800+0000] {processor.py:840} INFO - DAG(s) 'example_bash_decorator' retrieved from /home/airflow/.local/lib/python3.12/site-packages/airflow/example_dags/example_bash_decorator.py
[2024-05-02T10:56:31.815+0000] {logging_mixin.py:188} INFO - [2024-05-02T10:56:31.815+0000] {dag.py:3096} INFO - Sync 1 DAGs
[2024-05-02T10:56:31.840+0000] {logging_mixin.py:188} INFO - [2024-05-02T10:56:31.840+0000] {dag.py:3954} INFO - Setting next_dagrun for example_bash_decorator to None, run_after=None
[2024-05-02T10:56:31.855+0000] {processor.py:183} INFO - Processing /home/airflow/.local/lib/python3.12/site-packages/airflow/example_dags/example_bash_decorator.py took 0.069 seconds
[2024-05-02T10:57:02.446+0000] {processor.py:161} INFO - Started process (PID=959) to work on /home/airflow/.local/lib/python3.12/site-packages/airflow/example_dags/example_bash_decorator.py
[2024-05-02T10:57:02.446+0000] {processor.py:830} INFO - Processing file /home/airflow/.local/lib/python3.12/site-packages/airflow/example_dags/example_bash_decorator.py for tasks to queue
[2024-05-02T10:57:02.447+0000] {logging_mixin.py:188} INFO - [2024-05-02T10:57:02.447+0000] {dagbag.py:540} INFO - Filling up the DagBag from /home/airflow/.local/lib/python3.12/site-packages/airflow/example_dags/example_bash_decorator.py
[2024-05-02T10:57:02.456+0000] {processor.py:840} INFO - DAG(s) 'example_bash_decorator' retrieved from /home/airflow/.local/lib/python3.12/site-packages/airflow/example_dags/example_bash_decorator.py
[2024-05-02T10:57:02.472+0000] {logging_mixin.py:188} INFO - [2024-05-02T10:57:02.471+0000] {dag.py:3096} INFO - Sync 1 DAGs
[2024-05-02T10:57:02.490+0000] {logging_mixin.py:188} INFO - [2024-05-02T10:57:02.490+0000] {dag.py:3954} INFO - Setting next_dagrun for example_bash_decorator to None, run_after=None
[2024-05-02T10:57:02.502+0000] {processor.py:183} INFO - Processing /home/airflow/.local/lib/python3.12/site-packages/airflow/example_dags/example_bash_decorator.py took 0.060 seconds
