[2024-05-02T10:20:07.625+0000] {processor.py:161} INFO - Started process (PID=67) to work on /home/airflow/.local/lib/python3.12/site-packages/airflow/example_dags/example_nested_branch_dag.py
[2024-05-02T10:20:07.625+0000] {processor.py:830} INFO - Processing file /home/airflow/.local/lib/python3.12/site-packages/airflow/example_dags/example_nested_branch_dag.py for tasks to queue
[2024-05-02T10:20:07.626+0000] {logging_mixin.py:188} INFO - [2024-05-02T10:20:07.626+0000] {dagbag.py:540} INFO - Filling up the DagBag from /home/airflow/.local/lib/python3.12/site-packages/airflow/example_dags/example_nested_branch_dag.py
[2024-05-02T10:20:07.633+0000] {processor.py:840} INFO - DAG(s) 'example_nested_branch_dag' retrieved from /home/airflow/.local/lib/python3.12/site-packages/airflow/example_dags/example_nested_branch_dag.py
[2024-05-02T10:20:07.640+0000] {logging_mixin.py:188} INFO - [2024-05-02T10:20:07.640+0000] {dag.py:3096} INFO - Sync 1 DAGs
[2024-05-02T10:20:07.658+0000] {logging_mixin.py:188} INFO - [2024-05-02T10:20:07.658+0000] {dag.py:3954} INFO - Setting next_dagrun for example_nested_branch_dag to 2024-05-01 00:00:00+00:00, run_after=2024-05-02 00:00:00+00:00
[2024-05-02T10:20:07.672+0000] {processor.py:183} INFO - Processing /home/airflow/.local/lib/python3.12/site-packages/airflow/example_dags/example_nested_branch_dag.py took 0.051 seconds
[2024-05-02T10:20:38.694+0000] {processor.py:161} INFO - Started process (PID=125) to work on /home/airflow/.local/lib/python3.12/site-packages/airflow/example_dags/example_nested_branch_dag.py
[2024-05-02T10:20:38.695+0000] {processor.py:830} INFO - Processing file /home/airflow/.local/lib/python3.12/site-packages/airflow/example_dags/example_nested_branch_dag.py for tasks to queue
[2024-05-02T10:20:38.696+0000] {logging_mixin.py:188} INFO - [2024-05-02T10:20:38.695+0000] {dagbag.py:540} INFO - Filling up the DagBag from /home/airflow/.local/lib/python3.12/site-packages/airflow/example_dags/example_nested_branch_dag.py
[2024-05-02T10:20:38.702+0000] {processor.py:840} INFO - DAG(s) 'example_nested_branch_dag' retrieved from /home/airflow/.local/lib/python3.12/site-packages/airflow/example_dags/example_nested_branch_dag.py
[2024-05-02T10:20:38.767+0000] {logging_mixin.py:188} INFO - [2024-05-02T10:20:38.766+0000] {dag.py:3096} INFO - Sync 1 DAGs
[2024-05-02T10:20:38.782+0000] {logging_mixin.py:188} INFO - [2024-05-02T10:20:38.781+0000] {dag.py:3954} INFO - Setting next_dagrun for example_nested_branch_dag to 2024-05-01 00:00:00+00:00, run_after=2024-05-02 00:00:00+00:00
[2024-05-02T10:20:38.798+0000] {processor.py:183} INFO - Processing /home/airflow/.local/lib/python3.12/site-packages/airflow/example_dags/example_nested_branch_dag.py took 0.107 seconds
[2024-05-02T10:21:09.965+0000] {processor.py:161} INFO - Started process (PID=184) to work on /home/airflow/.local/lib/python3.12/site-packages/airflow/example_dags/example_nested_branch_dag.py
[2024-05-02T10:21:09.966+0000] {processor.py:830} INFO - Processing file /home/airflow/.local/lib/python3.12/site-packages/airflow/example_dags/example_nested_branch_dag.py for tasks to queue
[2024-05-02T10:21:09.966+0000] {logging_mixin.py:188} INFO - [2024-05-02T10:21:09.966+0000] {dagbag.py:540} INFO - Filling up the DagBag from /home/airflow/.local/lib/python3.12/site-packages/airflow/example_dags/example_nested_branch_dag.py
[2024-05-02T10:21:09.972+0000] {processor.py:840} INFO - DAG(s) 'example_nested_branch_dag' retrieved from /home/airflow/.local/lib/python3.12/site-packages/airflow/example_dags/example_nested_branch_dag.py
[2024-05-02T10:21:09.986+0000] {logging_mixin.py:188} INFO - [2024-05-02T10:21:09.986+0000] {dag.py:3096} INFO - Sync 1 DAGs
[2024-05-02T10:21:10.000+0000] {logging_mixin.py:188} INFO - [2024-05-02T10:21:10.000+0000] {dag.py:3954} INFO - Setting next_dagrun for example_nested_branch_dag to 2024-05-01 00:00:00+00:00, run_after=2024-05-02 00:00:00+00:00
[2024-05-02T10:21:10.012+0000] {processor.py:183} INFO - Processing /home/airflow/.local/lib/python3.12/site-packages/airflow/example_dags/example_nested_branch_dag.py took 0.050 seconds
[2024-05-02T10:21:40.675+0000] {processor.py:161} INFO - Started process (PID=242) to work on /home/airflow/.local/lib/python3.12/site-packages/airflow/example_dags/example_nested_branch_dag.py
[2024-05-02T10:21:40.676+0000] {processor.py:830} INFO - Processing file /home/airflow/.local/lib/python3.12/site-packages/airflow/example_dags/example_nested_branch_dag.py for tasks to queue
[2024-05-02T10:21:40.676+0000] {logging_mixin.py:188} INFO - [2024-05-02T10:21:40.676+0000] {dagbag.py:540} INFO - Filling up the DagBag from /home/airflow/.local/lib/python3.12/site-packages/airflow/example_dags/example_nested_branch_dag.py
[2024-05-02T10:21:40.682+0000] {processor.py:840} INFO - DAG(s) 'example_nested_branch_dag' retrieved from /home/airflow/.local/lib/python3.12/site-packages/airflow/example_dags/example_nested_branch_dag.py
[2024-05-02T10:21:40.696+0000] {logging_mixin.py:188} INFO - [2024-05-02T10:21:40.695+0000] {dag.py:3096} INFO - Sync 1 DAGs
[2024-05-02T10:21:40.709+0000] {logging_mixin.py:188} INFO - [2024-05-02T10:21:40.709+0000] {dag.py:3954} INFO - Setting next_dagrun for example_nested_branch_dag to 2024-05-01 00:00:00+00:00, run_after=2024-05-02 00:00:00+00:00
[2024-05-02T10:21:40.719+0000] {processor.py:183} INFO - Processing /home/airflow/.local/lib/python3.12/site-packages/airflow/example_dags/example_nested_branch_dag.py took 0.048 seconds
[2024-05-02T10:22:11.113+0000] {processor.py:161} INFO - Started process (PID=300) to work on /home/airflow/.local/lib/python3.12/site-packages/airflow/example_dags/example_nested_branch_dag.py
[2024-05-02T10:22:11.113+0000] {processor.py:830} INFO - Processing file /home/airflow/.local/lib/python3.12/site-packages/airflow/example_dags/example_nested_branch_dag.py for tasks to queue
[2024-05-02T10:22:11.114+0000] {logging_mixin.py:188} INFO - [2024-05-02T10:22:11.114+0000] {dagbag.py:540} INFO - Filling up the DagBag from /home/airflow/.local/lib/python3.12/site-packages/airflow/example_dags/example_nested_branch_dag.py
[2024-05-02T10:22:11.120+0000] {processor.py:840} INFO - DAG(s) 'example_nested_branch_dag' retrieved from /home/airflow/.local/lib/python3.12/site-packages/airflow/example_dags/example_nested_branch_dag.py
[2024-05-02T10:22:11.133+0000] {logging_mixin.py:188} INFO - [2024-05-02T10:22:11.133+0000] {dag.py:3096} INFO - Sync 1 DAGs
[2024-05-02T10:22:11.146+0000] {logging_mixin.py:188} INFO - [2024-05-02T10:22:11.146+0000] {dag.py:3954} INFO - Setting next_dagrun for example_nested_branch_dag to 2024-05-01 00:00:00+00:00, run_after=2024-05-02 00:00:00+00:00
[2024-05-02T10:22:11.158+0000] {processor.py:183} INFO - Processing /home/airflow/.local/lib/python3.12/site-packages/airflow/example_dags/example_nested_branch_dag.py took 0.050 seconds
[2024-05-02T10:22:42.047+0000] {processor.py:161} INFO - Started process (PID=358) to work on /home/airflow/.local/lib/python3.12/site-packages/airflow/example_dags/example_nested_branch_dag.py
[2024-05-02T10:22:42.048+0000] {processor.py:830} INFO - Processing file /home/airflow/.local/lib/python3.12/site-packages/airflow/example_dags/example_nested_branch_dag.py for tasks to queue
[2024-05-02T10:22:42.050+0000] {logging_mixin.py:188} INFO - [2024-05-02T10:22:42.049+0000] {dagbag.py:540} INFO - Filling up the DagBag from /home/airflow/.local/lib/python3.12/site-packages/airflow/example_dags/example_nested_branch_dag.py
[2024-05-02T10:22:42.057+0000] {processor.py:840} INFO - DAG(s) 'example_nested_branch_dag' retrieved from /home/airflow/.local/lib/python3.12/site-packages/airflow/example_dags/example_nested_branch_dag.py
[2024-05-02T10:22:42.070+0000] {logging_mixin.py:188} INFO - [2024-05-02T10:22:42.070+0000] {dag.py:3096} INFO - Sync 1 DAGs
[2024-05-02T10:22:42.083+0000] {logging_mixin.py:188} INFO - [2024-05-02T10:22:42.083+0000] {dag.py:3954} INFO - Setting next_dagrun for example_nested_branch_dag to 2024-05-01 00:00:00+00:00, run_after=2024-05-02 00:00:00+00:00
[2024-05-02T10:22:42.096+0000] {processor.py:183} INFO - Processing /home/airflow/.local/lib/python3.12/site-packages/airflow/example_dags/example_nested_branch_dag.py took 0.054 seconds
[2024-05-02T10:23:12.290+0000] {processor.py:161} INFO - Started process (PID=416) to work on /home/airflow/.local/lib/python3.12/site-packages/airflow/example_dags/example_nested_branch_dag.py
[2024-05-02T10:23:12.290+0000] {processor.py:830} INFO - Processing file /home/airflow/.local/lib/python3.12/site-packages/airflow/example_dags/example_nested_branch_dag.py for tasks to queue
[2024-05-02T10:23:12.291+0000] {logging_mixin.py:188} INFO - [2024-05-02T10:23:12.291+0000] {dagbag.py:540} INFO - Filling up the DagBag from /home/airflow/.local/lib/python3.12/site-packages/airflow/example_dags/example_nested_branch_dag.py
[2024-05-02T10:23:12.298+0000] {processor.py:840} INFO - DAG(s) 'example_nested_branch_dag' retrieved from /home/airflow/.local/lib/python3.12/site-packages/airflow/example_dags/example_nested_branch_dag.py
[2024-05-02T10:23:12.311+0000] {logging_mixin.py:188} INFO - [2024-05-02T10:23:12.310+0000] {dag.py:3096} INFO - Sync 1 DAGs
[2024-05-02T10:23:12.325+0000] {logging_mixin.py:188} INFO - [2024-05-02T10:23:12.325+0000] {dag.py:3954} INFO - Setting next_dagrun for example_nested_branch_dag to 2024-05-01 00:00:00+00:00, run_after=2024-05-02 00:00:00+00:00
[2024-05-02T10:23:12.338+0000] {processor.py:183} INFO - Processing /home/airflow/.local/lib/python3.12/site-packages/airflow/example_dags/example_nested_branch_dag.py took 0.052 seconds
[2024-05-02T10:23:43.366+0000] {processor.py:161} INFO - Started process (PID=474) to work on /home/airflow/.local/lib/python3.12/site-packages/airflow/example_dags/example_nested_branch_dag.py
[2024-05-02T10:23:43.367+0000] {processor.py:830} INFO - Processing file /home/airflow/.local/lib/python3.12/site-packages/airflow/example_dags/example_nested_branch_dag.py for tasks to queue
[2024-05-02T10:23:43.367+0000] {logging_mixin.py:188} INFO - [2024-05-02T10:23:43.367+0000] {dagbag.py:540} INFO - Filling up the DagBag from /home/airflow/.local/lib/python3.12/site-packages/airflow/example_dags/example_nested_branch_dag.py
[2024-05-02T10:23:43.373+0000] {processor.py:840} INFO - DAG(s) 'example_nested_branch_dag' retrieved from /home/airflow/.local/lib/python3.12/site-packages/airflow/example_dags/example_nested_branch_dag.py
[2024-05-02T10:23:43.386+0000] {logging_mixin.py:188} INFO - [2024-05-02T10:23:43.386+0000] {dag.py:3096} INFO - Sync 1 DAGs
[2024-05-02T10:23:43.400+0000] {logging_mixin.py:188} INFO - [2024-05-02T10:23:43.400+0000] {dag.py:3954} INFO - Setting next_dagrun for example_nested_branch_dag to 2024-05-01 00:00:00+00:00, run_after=2024-05-02 00:00:00+00:00
[2024-05-02T10:23:43.412+0000] {processor.py:183} INFO - Processing /home/airflow/.local/lib/python3.12/site-packages/airflow/example_dags/example_nested_branch_dag.py took 0.049 seconds
[2024-05-02T10:24:14.852+0000] {processor.py:161} INFO - Started process (PID=532) to work on /home/airflow/.local/lib/python3.12/site-packages/airflow/example_dags/example_nested_branch_dag.py
[2024-05-02T10:24:14.852+0000] {processor.py:830} INFO - Processing file /home/airflow/.local/lib/python3.12/site-packages/airflow/example_dags/example_nested_branch_dag.py for tasks to queue
[2024-05-02T10:24:14.853+0000] {logging_mixin.py:188} INFO - [2024-05-02T10:24:14.853+0000] {dagbag.py:540} INFO - Filling up the DagBag from /home/airflow/.local/lib/python3.12/site-packages/airflow/example_dags/example_nested_branch_dag.py
[2024-05-02T10:24:14.859+0000] {processor.py:840} INFO - DAG(s) 'example_nested_branch_dag' retrieved from /home/airflow/.local/lib/python3.12/site-packages/airflow/example_dags/example_nested_branch_dag.py
[2024-05-02T10:24:14.872+0000] {logging_mixin.py:188} INFO - [2024-05-02T10:24:14.872+0000] {dag.py:3096} INFO - Sync 1 DAGs
[2024-05-02T10:24:14.886+0000] {logging_mixin.py:188} INFO - [2024-05-02T10:24:14.886+0000] {dag.py:3954} INFO - Setting next_dagrun for example_nested_branch_dag to 2024-05-01 00:00:00+00:00, run_after=2024-05-02 00:00:00+00:00
[2024-05-02T10:24:14.898+0000] {processor.py:183} INFO - Processing /home/airflow/.local/lib/python3.12/site-packages/airflow/example_dags/example_nested_branch_dag.py took 0.050 seconds
[2024-05-02T10:24:45.805+0000] {processor.py:161} INFO - Started process (PID=590) to work on /home/airflow/.local/lib/python3.12/site-packages/airflow/example_dags/example_nested_branch_dag.py
[2024-05-02T10:24:45.805+0000] {processor.py:830} INFO - Processing file /home/airflow/.local/lib/python3.12/site-packages/airflow/example_dags/example_nested_branch_dag.py for tasks to queue
[2024-05-02T10:24:45.806+0000] {logging_mixin.py:188} INFO - [2024-05-02T10:24:45.806+0000] {dagbag.py:540} INFO - Filling up the DagBag from /home/airflow/.local/lib/python3.12/site-packages/airflow/example_dags/example_nested_branch_dag.py
[2024-05-02T10:24:45.813+0000] {processor.py:840} INFO - DAG(s) 'example_nested_branch_dag' retrieved from /home/airflow/.local/lib/python3.12/site-packages/airflow/example_dags/example_nested_branch_dag.py
[2024-05-02T10:24:45.826+0000] {logging_mixin.py:188} INFO - [2024-05-02T10:24:45.826+0000] {dag.py:3096} INFO - Sync 1 DAGs
[2024-05-02T10:24:45.841+0000] {logging_mixin.py:188} INFO - [2024-05-02T10:24:45.841+0000] {dag.py:3954} INFO - Setting next_dagrun for example_nested_branch_dag to 2024-05-01 00:00:00+00:00, run_after=2024-05-02 00:00:00+00:00
[2024-05-02T10:24:45.853+0000] {processor.py:183} INFO - Processing /home/airflow/.local/lib/python3.12/site-packages/airflow/example_dags/example_nested_branch_dag.py took 0.052 seconds
[2024-05-02T10:25:16.872+0000] {processor.py:161} INFO - Started process (PID=649) to work on /home/airflow/.local/lib/python3.12/site-packages/airflow/example_dags/example_nested_branch_dag.py
[2024-05-02T10:25:16.873+0000] {processor.py:830} INFO - Processing file /home/airflow/.local/lib/python3.12/site-packages/airflow/example_dags/example_nested_branch_dag.py for tasks to queue
[2024-05-02T10:25:16.874+0000] {logging_mixin.py:188} INFO - [2024-05-02T10:25:16.874+0000] {dagbag.py:540} INFO - Filling up the DagBag from /home/airflow/.local/lib/python3.12/site-packages/airflow/example_dags/example_nested_branch_dag.py
[2024-05-02T10:25:16.881+0000] {processor.py:840} INFO - DAG(s) 'example_nested_branch_dag' retrieved from /home/airflow/.local/lib/python3.12/site-packages/airflow/example_dags/example_nested_branch_dag.py
[2024-05-02T10:25:16.898+0000] {logging_mixin.py:188} INFO - [2024-05-02T10:25:16.898+0000] {dag.py:3096} INFO - Sync 1 DAGs
[2024-05-02T10:25:16.933+0000] {logging_mixin.py:188} INFO - [2024-05-02T10:25:16.933+0000] {dag.py:3954} INFO - Setting next_dagrun for example_nested_branch_dag to 2024-05-01 00:00:00+00:00, run_after=2024-05-02 00:00:00+00:00
[2024-05-02T10:25:16.962+0000] {processor.py:183} INFO - Processing /home/airflow/.local/lib/python3.12/site-packages/airflow/example_dags/example_nested_branch_dag.py took 0.094 seconds
[2024-05-02T10:25:48.011+0000] {processor.py:161} INFO - Started process (PID=709) to work on /home/airflow/.local/lib/python3.12/site-packages/airflow/example_dags/example_nested_branch_dag.py
[2024-05-02T10:25:48.011+0000] {processor.py:830} INFO - Processing file /home/airflow/.local/lib/python3.12/site-packages/airflow/example_dags/example_nested_branch_dag.py for tasks to queue
[2024-05-02T10:25:48.012+0000] {logging_mixin.py:188} INFO - [2024-05-02T10:25:48.012+0000] {dagbag.py:540} INFO - Filling up the DagBag from /home/airflow/.local/lib/python3.12/site-packages/airflow/example_dags/example_nested_branch_dag.py
[2024-05-02T10:25:48.019+0000] {processor.py:840} INFO - DAG(s) 'example_nested_branch_dag' retrieved from /home/airflow/.local/lib/python3.12/site-packages/airflow/example_dags/example_nested_branch_dag.py
[2024-05-02T10:25:48.033+0000] {logging_mixin.py:188} INFO - [2024-05-02T10:25:48.032+0000] {dag.py:3096} INFO - Sync 1 DAGs
[2024-05-02T10:25:48.047+0000] {logging_mixin.py:188} INFO - [2024-05-02T10:25:48.047+0000] {dag.py:3954} INFO - Setting next_dagrun for example_nested_branch_dag to 2024-05-01 00:00:00+00:00, run_after=2024-05-02 00:00:00+00:00
[2024-05-02T10:25:48.059+0000] {processor.py:183} INFO - Processing /home/airflow/.local/lib/python3.12/site-packages/airflow/example_dags/example_nested_branch_dag.py took 0.055 seconds
[2024-05-02T10:26:19.019+0000] {processor.py:161} INFO - Started process (PID=768) to work on /home/airflow/.local/lib/python3.12/site-packages/airflow/example_dags/example_nested_branch_dag.py
[2024-05-02T10:26:19.020+0000] {processor.py:830} INFO - Processing file /home/airflow/.local/lib/python3.12/site-packages/airflow/example_dags/example_nested_branch_dag.py for tasks to queue
[2024-05-02T10:26:19.021+0000] {logging_mixin.py:188} INFO - [2024-05-02T10:26:19.020+0000] {dagbag.py:540} INFO - Filling up the DagBag from /home/airflow/.local/lib/python3.12/site-packages/airflow/example_dags/example_nested_branch_dag.py
[2024-05-02T10:26:19.027+0000] {processor.py:840} INFO - DAG(s) 'example_nested_branch_dag' retrieved from /home/airflow/.local/lib/python3.12/site-packages/airflow/example_dags/example_nested_branch_dag.py
[2024-05-02T10:26:19.040+0000] {logging_mixin.py:188} INFO - [2024-05-02T10:26:19.040+0000] {dag.py:3096} INFO - Sync 1 DAGs
[2024-05-02T10:26:19.055+0000] {logging_mixin.py:188} INFO - [2024-05-02T10:26:19.054+0000] {dag.py:3954} INFO - Setting next_dagrun for example_nested_branch_dag to 2024-05-01 00:00:00+00:00, run_after=2024-05-02 00:00:00+00:00
[2024-05-02T10:26:19.067+0000] {processor.py:183} INFO - Processing /home/airflow/.local/lib/python3.12/site-packages/airflow/example_dags/example_nested_branch_dag.py took 0.052 seconds
[2024-05-02T10:26:50.110+0000] {processor.py:161} INFO - Started process (PID=827) to work on /home/airflow/.local/lib/python3.12/site-packages/airflow/example_dags/example_nested_branch_dag.py
[2024-05-02T10:26:50.110+0000] {processor.py:830} INFO - Processing file /home/airflow/.local/lib/python3.12/site-packages/airflow/example_dags/example_nested_branch_dag.py for tasks to queue
[2024-05-02T10:26:50.111+0000] {logging_mixin.py:188} INFO - [2024-05-02T10:26:50.111+0000] {dagbag.py:540} INFO - Filling up the DagBag from /home/airflow/.local/lib/python3.12/site-packages/airflow/example_dags/example_nested_branch_dag.py
[2024-05-02T10:26:50.117+0000] {processor.py:840} INFO - DAG(s) 'example_nested_branch_dag' retrieved from /home/airflow/.local/lib/python3.12/site-packages/airflow/example_dags/example_nested_branch_dag.py
[2024-05-02T10:26:50.132+0000] {logging_mixin.py:188} INFO - [2024-05-02T10:26:50.132+0000] {dag.py:3096} INFO - Sync 1 DAGs
[2024-05-02T10:26:50.182+0000] {logging_mixin.py:188} INFO - [2024-05-02T10:26:50.182+0000] {dag.py:3954} INFO - Setting next_dagrun for example_nested_branch_dag to 2024-05-01 00:00:00+00:00, run_after=2024-05-02 00:00:00+00:00
[2024-05-02T10:26:50.192+0000] {processor.py:183} INFO - Processing /home/airflow/.local/lib/python3.12/site-packages/airflow/example_dags/example_nested_branch_dag.py took 0.086 seconds
[2024-05-02T10:27:20.965+0000] {processor.py:161} INFO - Started process (PID=892) to work on /home/airflow/.local/lib/python3.12/site-packages/airflow/example_dags/example_nested_branch_dag.py
[2024-05-02T10:27:20.965+0000] {processor.py:830} INFO - Processing file /home/airflow/.local/lib/python3.12/site-packages/airflow/example_dags/example_nested_branch_dag.py for tasks to queue
[2024-05-02T10:27:20.966+0000] {logging_mixin.py:188} INFO - [2024-05-02T10:27:20.966+0000] {dagbag.py:540} INFO - Filling up the DagBag from /home/airflow/.local/lib/python3.12/site-packages/airflow/example_dags/example_nested_branch_dag.py
[2024-05-02T10:27:20.972+0000] {processor.py:840} INFO - DAG(s) 'example_nested_branch_dag' retrieved from /home/airflow/.local/lib/python3.12/site-packages/airflow/example_dags/example_nested_branch_dag.py
[2024-05-02T10:27:20.987+0000] {logging_mixin.py:188} INFO - [2024-05-02T10:27:20.986+0000] {dag.py:3096} INFO - Sync 1 DAGs
[2024-05-02T10:27:21.094+0000] {logging_mixin.py:188} INFO - [2024-05-02T10:27:21.094+0000] {dag.py:3954} INFO - Setting next_dagrun for example_nested_branch_dag to 2024-05-01 00:00:00+00:00, run_after=2024-05-02 00:00:00+00:00
[2024-05-02T10:27:21.106+0000] {processor.py:183} INFO - Processing /home/airflow/.local/lib/python3.12/site-packages/airflow/example_dags/example_nested_branch_dag.py took 0.145 seconds
[2024-05-02T10:27:51.589+0000] {processor.py:161} INFO - Started process (PID=951) to work on /home/airflow/.local/lib/python3.12/site-packages/airflow/example_dags/example_nested_branch_dag.py
[2024-05-02T10:27:51.590+0000] {processor.py:830} INFO - Processing file /home/airflow/.local/lib/python3.12/site-packages/airflow/example_dags/example_nested_branch_dag.py for tasks to queue
[2024-05-02T10:27:51.591+0000] {logging_mixin.py:188} INFO - [2024-05-02T10:27:51.591+0000] {dagbag.py:540} INFO - Filling up the DagBag from /home/airflow/.local/lib/python3.12/site-packages/airflow/example_dags/example_nested_branch_dag.py
[2024-05-02T10:27:51.597+0000] {processor.py:840} INFO - DAG(s) 'example_nested_branch_dag' retrieved from /home/airflow/.local/lib/python3.12/site-packages/airflow/example_dags/example_nested_branch_dag.py
[2024-05-02T10:27:51.609+0000] {logging_mixin.py:188} INFO - [2024-05-02T10:27:51.609+0000] {dag.py:3096} INFO - Sync 1 DAGs
[2024-05-02T10:27:51.624+0000] {logging_mixin.py:188} INFO - [2024-05-02T10:27:51.624+0000] {dag.py:3954} INFO - Setting next_dagrun for example_nested_branch_dag to 2024-05-01 00:00:00+00:00, run_after=2024-05-02 00:00:00+00:00
[2024-05-02T10:27:51.653+0000] {processor.py:183} INFO - Processing /home/airflow/.local/lib/python3.12/site-packages/airflow/example_dags/example_nested_branch_dag.py took 0.068 seconds
[2024-05-02T10:28:22.675+0000] {processor.py:161} INFO - Started process (PID=1010) to work on /home/airflow/.local/lib/python3.12/site-packages/airflow/example_dags/example_nested_branch_dag.py
[2024-05-02T10:28:22.675+0000] {processor.py:830} INFO - Processing file /home/airflow/.local/lib/python3.12/site-packages/airflow/example_dags/example_nested_branch_dag.py for tasks to queue
[2024-05-02T10:28:22.676+0000] {logging_mixin.py:188} INFO - [2024-05-02T10:28:22.676+0000] {dagbag.py:540} INFO - Filling up the DagBag from /home/airflow/.local/lib/python3.12/site-packages/airflow/example_dags/example_nested_branch_dag.py
[2024-05-02T10:28:22.683+0000] {processor.py:840} INFO - DAG(s) 'example_nested_branch_dag' retrieved from /home/airflow/.local/lib/python3.12/site-packages/airflow/example_dags/example_nested_branch_dag.py
[2024-05-02T10:28:22.710+0000] {logging_mixin.py:188} INFO - [2024-05-02T10:28:22.710+0000] {dag.py:3096} INFO - Sync 1 DAGs
[2024-05-02T10:28:22.729+0000] {logging_mixin.py:188} INFO - [2024-05-02T10:28:22.728+0000] {dag.py:3954} INFO - Setting next_dagrun for example_nested_branch_dag to 2024-05-01 00:00:00+00:00, run_after=2024-05-02 00:00:00+00:00
[2024-05-02T10:28:22.744+0000] {processor.py:183} INFO - Processing /home/airflow/.local/lib/python3.12/site-packages/airflow/example_dags/example_nested_branch_dag.py took 0.073 seconds
[2024-05-02T10:28:53.596+0000] {processor.py:161} INFO - Started process (PID=1069) to work on /home/airflow/.local/lib/python3.12/site-packages/airflow/example_dags/example_nested_branch_dag.py
[2024-05-02T10:28:53.596+0000] {processor.py:830} INFO - Processing file /home/airflow/.local/lib/python3.12/site-packages/airflow/example_dags/example_nested_branch_dag.py for tasks to queue
[2024-05-02T10:28:53.597+0000] {logging_mixin.py:188} INFO - [2024-05-02T10:28:53.597+0000] {dagbag.py:540} INFO - Filling up the DagBag from /home/airflow/.local/lib/python3.12/site-packages/airflow/example_dags/example_nested_branch_dag.py
[2024-05-02T10:28:53.720+0000] {processor.py:840} INFO - DAG(s) 'example_nested_branch_dag' retrieved from /home/airflow/.local/lib/python3.12/site-packages/airflow/example_dags/example_nested_branch_dag.py
[2024-05-02T10:28:53.736+0000] {logging_mixin.py:188} INFO - [2024-05-02T10:28:53.735+0000] {dag.py:3096} INFO - Sync 1 DAGs
[2024-05-02T10:28:53.769+0000] {logging_mixin.py:188} INFO - [2024-05-02T10:28:53.768+0000] {dag.py:3954} INFO - Setting next_dagrun for example_nested_branch_dag to 2024-05-01 00:00:00+00:00, run_after=2024-05-02 00:00:00+00:00
[2024-05-02T10:28:53.790+0000] {processor.py:183} INFO - Processing /home/airflow/.local/lib/python3.12/site-packages/airflow/example_dags/example_nested_branch_dag.py took 0.198 seconds
[2024-05-02T10:29:23.951+0000] {processor.py:161} INFO - Started process (PID=1128) to work on /home/airflow/.local/lib/python3.12/site-packages/airflow/example_dags/example_nested_branch_dag.py
[2024-05-02T10:29:23.951+0000] {processor.py:830} INFO - Processing file /home/airflow/.local/lib/python3.12/site-packages/airflow/example_dags/example_nested_branch_dag.py for tasks to queue
[2024-05-02T10:29:23.952+0000] {logging_mixin.py:188} INFO - [2024-05-02T10:29:23.952+0000] {dagbag.py:540} INFO - Filling up the DagBag from /home/airflow/.local/lib/python3.12/site-packages/airflow/example_dags/example_nested_branch_dag.py
[2024-05-02T10:29:23.959+0000] {processor.py:840} INFO - DAG(s) 'example_nested_branch_dag' retrieved from /home/airflow/.local/lib/python3.12/site-packages/airflow/example_dags/example_nested_branch_dag.py
[2024-05-02T10:29:23.976+0000] {logging_mixin.py:188} INFO - [2024-05-02T10:29:23.976+0000] {dag.py:3096} INFO - Sync 1 DAGs
[2024-05-02T10:29:24.005+0000] {logging_mixin.py:188} INFO - [2024-05-02T10:29:24.005+0000] {dag.py:3954} INFO - Setting next_dagrun for example_nested_branch_dag to 2024-05-01 00:00:00+00:00, run_after=2024-05-02 00:00:00+00:00
[2024-05-02T10:29:24.017+0000] {processor.py:183} INFO - Processing /home/airflow/.local/lib/python3.12/site-packages/airflow/example_dags/example_nested_branch_dag.py took 0.071 seconds
[2024-05-02T10:29:54.339+0000] {processor.py:161} INFO - Started process (PID=1187) to work on /home/airflow/.local/lib/python3.12/site-packages/airflow/example_dags/example_nested_branch_dag.py
[2024-05-02T10:29:54.340+0000] {processor.py:830} INFO - Processing file /home/airflow/.local/lib/python3.12/site-packages/airflow/example_dags/example_nested_branch_dag.py for tasks to queue
[2024-05-02T10:29:54.341+0000] {logging_mixin.py:188} INFO - [2024-05-02T10:29:54.341+0000] {dagbag.py:540} INFO - Filling up the DagBag from /home/airflow/.local/lib/python3.12/site-packages/airflow/example_dags/example_nested_branch_dag.py
[2024-05-02T10:29:54.347+0000] {processor.py:840} INFO - DAG(s) 'example_nested_branch_dag' retrieved from /home/airflow/.local/lib/python3.12/site-packages/airflow/example_dags/example_nested_branch_dag.py
[2024-05-02T10:29:54.361+0000] {logging_mixin.py:188} INFO - [2024-05-02T10:29:54.361+0000] {dag.py:3096} INFO - Sync 1 DAGs
[2024-05-02T10:29:54.378+0000] {logging_mixin.py:188} INFO - [2024-05-02T10:29:54.378+0000] {dag.py:3954} INFO - Setting next_dagrun for example_nested_branch_dag to 2024-05-01 00:00:00+00:00, run_after=2024-05-02 00:00:00+00:00
[2024-05-02T10:29:54.389+0000] {processor.py:183} INFO - Processing /home/airflow/.local/lib/python3.12/site-packages/airflow/example_dags/example_nested_branch_dag.py took 0.054 seconds
[2024-05-02T10:30:25.132+0000] {processor.py:161} INFO - Started process (PID=1246) to work on /home/airflow/.local/lib/python3.12/site-packages/airflow/example_dags/example_nested_branch_dag.py
[2024-05-02T10:30:25.132+0000] {processor.py:830} INFO - Processing file /home/airflow/.local/lib/python3.12/site-packages/airflow/example_dags/example_nested_branch_dag.py for tasks to queue
[2024-05-02T10:30:25.156+0000] {logging_mixin.py:188} INFO - [2024-05-02T10:30:25.156+0000] {dagbag.py:540} INFO - Filling up the DagBag from /home/airflow/.local/lib/python3.12/site-packages/airflow/example_dags/example_nested_branch_dag.py
[2024-05-02T10:30:25.162+0000] {processor.py:840} INFO - DAG(s) 'example_nested_branch_dag' retrieved from /home/airflow/.local/lib/python3.12/site-packages/airflow/example_dags/example_nested_branch_dag.py
[2024-05-02T10:30:25.175+0000] {logging_mixin.py:188} INFO - [2024-05-02T10:30:25.175+0000] {dag.py:3096} INFO - Sync 1 DAGs
[2024-05-02T10:30:25.189+0000] {logging_mixin.py:188} INFO - [2024-05-02T10:30:25.189+0000] {dag.py:3954} INFO - Setting next_dagrun for example_nested_branch_dag to 2024-05-01 00:00:00+00:00, run_after=2024-05-02 00:00:00+00:00
[2024-05-02T10:30:25.202+0000] {processor.py:183} INFO - Processing /home/airflow/.local/lib/python3.12/site-packages/airflow/example_dags/example_nested_branch_dag.py took 0.073 seconds
[2024-05-02T10:30:55.970+0000] {processor.py:161} INFO - Started process (PID=1305) to work on /home/airflow/.local/lib/python3.12/site-packages/airflow/example_dags/example_nested_branch_dag.py
[2024-05-02T10:30:55.970+0000] {processor.py:830} INFO - Processing file /home/airflow/.local/lib/python3.12/site-packages/airflow/example_dags/example_nested_branch_dag.py for tasks to queue
[2024-05-02T10:30:55.999+0000] {logging_mixin.py:188} INFO - [2024-05-02T10:30:55.999+0000] {dagbag.py:540} INFO - Filling up the DagBag from /home/airflow/.local/lib/python3.12/site-packages/airflow/example_dags/example_nested_branch_dag.py
[2024-05-02T10:30:56.006+0000] {processor.py:840} INFO - DAG(s) 'example_nested_branch_dag' retrieved from /home/airflow/.local/lib/python3.12/site-packages/airflow/example_dags/example_nested_branch_dag.py
[2024-05-02T10:30:56.019+0000] {logging_mixin.py:188} INFO - [2024-05-02T10:30:56.018+0000] {dag.py:3096} INFO - Sync 1 DAGs
[2024-05-02T10:30:56.033+0000] {logging_mixin.py:188} INFO - [2024-05-02T10:30:56.032+0000] {dag.py:3954} INFO - Setting next_dagrun for example_nested_branch_dag to 2024-05-01 00:00:00+00:00, run_after=2024-05-02 00:00:00+00:00
[2024-05-02T10:30:56.101+0000] {processor.py:183} INFO - Processing /home/airflow/.local/lib/python3.12/site-packages/airflow/example_dags/example_nested_branch_dag.py took 0.136 seconds
[2024-05-02T10:31:26.972+0000] {processor.py:161} INFO - Started process (PID=1364) to work on /home/airflow/.local/lib/python3.12/site-packages/airflow/example_dags/example_nested_branch_dag.py
[2024-05-02T10:31:26.972+0000] {processor.py:830} INFO - Processing file /home/airflow/.local/lib/python3.12/site-packages/airflow/example_dags/example_nested_branch_dag.py for tasks to queue
[2024-05-02T10:31:27.000+0000] {logging_mixin.py:188} INFO - [2024-05-02T10:31:27.000+0000] {dagbag.py:540} INFO - Filling up the DagBag from /home/airflow/.local/lib/python3.12/site-packages/airflow/example_dags/example_nested_branch_dag.py
[2024-05-02T10:31:27.006+0000] {processor.py:840} INFO - DAG(s) 'example_nested_branch_dag' retrieved from /home/airflow/.local/lib/python3.12/site-packages/airflow/example_dags/example_nested_branch_dag.py
[2024-05-02T10:31:27.020+0000] {logging_mixin.py:188} INFO - [2024-05-02T10:31:27.020+0000] {dag.py:3096} INFO - Sync 1 DAGs
[2024-05-02T10:31:27.033+0000] {logging_mixin.py:188} INFO - [2024-05-02T10:31:27.033+0000] {dag.py:3954} INFO - Setting next_dagrun for example_nested_branch_dag to 2024-05-01 00:00:00+00:00, run_after=2024-05-02 00:00:00+00:00
[2024-05-02T10:31:27.048+0000] {processor.py:183} INFO - Processing /home/airflow/.local/lib/python3.12/site-packages/airflow/example_dags/example_nested_branch_dag.py took 0.081 seconds
[2024-05-02T10:31:57.406+0000] {processor.py:161} INFO - Started process (PID=1423) to work on /home/airflow/.local/lib/python3.12/site-packages/airflow/example_dags/example_nested_branch_dag.py
[2024-05-02T10:31:57.406+0000] {processor.py:830} INFO - Processing file /home/airflow/.local/lib/python3.12/site-packages/airflow/example_dags/example_nested_branch_dag.py for tasks to queue
[2024-05-02T10:31:57.408+0000] {logging_mixin.py:188} INFO - [2024-05-02T10:31:57.407+0000] {dagbag.py:540} INFO - Filling up the DagBag from /home/airflow/.local/lib/python3.12/site-packages/airflow/example_dags/example_nested_branch_dag.py
[2024-05-02T10:31:57.414+0000] {processor.py:840} INFO - DAG(s) 'example_nested_branch_dag' retrieved from /home/airflow/.local/lib/python3.12/site-packages/airflow/example_dags/example_nested_branch_dag.py
[2024-05-02T10:31:57.426+0000] {logging_mixin.py:188} INFO - [2024-05-02T10:31:57.426+0000] {dag.py:3096} INFO - Sync 1 DAGs
[2024-05-02T10:31:57.456+0000] {logging_mixin.py:188} INFO - [2024-05-02T10:31:57.456+0000] {dag.py:3954} INFO - Setting next_dagrun for example_nested_branch_dag to 2024-05-01 00:00:00+00:00, run_after=2024-05-02 00:00:00+00:00
[2024-05-02T10:31:57.468+0000] {processor.py:183} INFO - Processing /home/airflow/.local/lib/python3.12/site-packages/airflow/example_dags/example_nested_branch_dag.py took 0.066 seconds
[2024-05-02T10:32:27.766+0000] {processor.py:161} INFO - Started process (PID=1482) to work on /home/airflow/.local/lib/python3.12/site-packages/airflow/example_dags/example_nested_branch_dag.py
[2024-05-02T10:32:27.766+0000] {processor.py:830} INFO - Processing file /home/airflow/.local/lib/python3.12/site-packages/airflow/example_dags/example_nested_branch_dag.py for tasks to queue
[2024-05-02T10:32:27.794+0000] {logging_mixin.py:188} INFO - [2024-05-02T10:32:27.793+0000] {dagbag.py:540} INFO - Filling up the DagBag from /home/airflow/.local/lib/python3.12/site-packages/airflow/example_dags/example_nested_branch_dag.py
[2024-05-02T10:32:27.800+0000] {processor.py:840} INFO - DAG(s) 'example_nested_branch_dag' retrieved from /home/airflow/.local/lib/python3.12/site-packages/airflow/example_dags/example_nested_branch_dag.py
[2024-05-02T10:32:27.814+0000] {logging_mixin.py:188} INFO - [2024-05-02T10:32:27.814+0000] {dag.py:3096} INFO - Sync 1 DAGs
[2024-05-02T10:32:27.830+0000] {logging_mixin.py:188} INFO - [2024-05-02T10:32:27.830+0000] {dag.py:3954} INFO - Setting next_dagrun for example_nested_branch_dag to 2024-05-01 00:00:00+00:00, run_after=2024-05-02 00:00:00+00:00
[2024-05-02T10:32:27.858+0000] {processor.py:183} INFO - Processing /home/airflow/.local/lib/python3.12/site-packages/airflow/example_dags/example_nested_branch_dag.py took 0.096 seconds
[2024-05-02T10:32:58.230+0000] {processor.py:161} INFO - Started process (PID=1541) to work on /home/airflow/.local/lib/python3.12/site-packages/airflow/example_dags/example_nested_branch_dag.py
[2024-05-02T10:32:58.230+0000] {processor.py:830} INFO - Processing file /home/airflow/.local/lib/python3.12/site-packages/airflow/example_dags/example_nested_branch_dag.py for tasks to queue
[2024-05-02T10:32:58.232+0000] {logging_mixin.py:188} INFO - [2024-05-02T10:32:58.232+0000] {dagbag.py:540} INFO - Filling up the DagBag from /home/airflow/.local/lib/python3.12/site-packages/airflow/example_dags/example_nested_branch_dag.py
[2024-05-02T10:32:58.245+0000] {processor.py:840} INFO - DAG(s) 'example_nested_branch_dag' retrieved from /home/airflow/.local/lib/python3.12/site-packages/airflow/example_dags/example_nested_branch_dag.py
[2024-05-02T10:32:58.258+0000] {logging_mixin.py:188} INFO - [2024-05-02T10:32:58.258+0000] {dag.py:3096} INFO - Sync 1 DAGs
[2024-05-02T10:32:58.272+0000] {logging_mixin.py:188} INFO - [2024-05-02T10:32:58.272+0000] {dag.py:3954} INFO - Setting next_dagrun for example_nested_branch_dag to 2024-05-01 00:00:00+00:00, run_after=2024-05-02 00:00:00+00:00
[2024-05-02T10:32:58.287+0000] {processor.py:183} INFO - Processing /home/airflow/.local/lib/python3.12/site-packages/airflow/example_dags/example_nested_branch_dag.py took 0.062 seconds
[2024-05-02T10:33:29.111+0000] {processor.py:161} INFO - Started process (PID=1600) to work on /home/airflow/.local/lib/python3.12/site-packages/airflow/example_dags/example_nested_branch_dag.py
[2024-05-02T10:33:29.111+0000] {processor.py:830} INFO - Processing file /home/airflow/.local/lib/python3.12/site-packages/airflow/example_dags/example_nested_branch_dag.py for tasks to queue
[2024-05-02T10:33:29.141+0000] {logging_mixin.py:188} INFO - [2024-05-02T10:33:29.141+0000] {dagbag.py:540} INFO - Filling up the DagBag from /home/airflow/.local/lib/python3.12/site-packages/airflow/example_dags/example_nested_branch_dag.py
[2024-05-02T10:33:29.148+0000] {processor.py:840} INFO - DAG(s) 'example_nested_branch_dag' retrieved from /home/airflow/.local/lib/python3.12/site-packages/airflow/example_dags/example_nested_branch_dag.py
[2024-05-02T10:33:29.160+0000] {logging_mixin.py:188} INFO - [2024-05-02T10:33:29.160+0000] {dag.py:3096} INFO - Sync 1 DAGs
[2024-05-02T10:33:29.174+0000] {logging_mixin.py:188} INFO - [2024-05-02T10:33:29.174+0000] {dag.py:3954} INFO - Setting next_dagrun for example_nested_branch_dag to 2024-05-01 00:00:00+00:00, run_after=2024-05-02 00:00:00+00:00
[2024-05-02T10:33:29.206+0000] {processor.py:183} INFO - Processing /home/airflow/.local/lib/python3.12/site-packages/airflow/example_dags/example_nested_branch_dag.py took 0.100 seconds
[2024-05-02T10:33:59.497+0000] {processor.py:161} INFO - Started process (PID=1659) to work on /home/airflow/.local/lib/python3.12/site-packages/airflow/example_dags/example_nested_branch_dag.py
[2024-05-02T10:33:59.497+0000] {processor.py:830} INFO - Processing file /home/airflow/.local/lib/python3.12/site-packages/airflow/example_dags/example_nested_branch_dag.py for tasks to queue
[2024-05-02T10:33:59.498+0000] {logging_mixin.py:188} INFO - [2024-05-02T10:33:59.498+0000] {dagbag.py:540} INFO - Filling up the DagBag from /home/airflow/.local/lib/python3.12/site-packages/airflow/example_dags/example_nested_branch_dag.py
[2024-05-02T10:33:59.504+0000] {processor.py:840} INFO - DAG(s) 'example_nested_branch_dag' retrieved from /home/airflow/.local/lib/python3.12/site-packages/airflow/example_dags/example_nested_branch_dag.py
[2024-05-02T10:33:59.518+0000] {logging_mixin.py:188} INFO - [2024-05-02T10:33:59.518+0000] {dag.py:3096} INFO - Sync 1 DAGs
[2024-05-02T10:33:59.531+0000] {logging_mixin.py:188} INFO - [2024-05-02T10:33:59.531+0000] {dag.py:3954} INFO - Setting next_dagrun for example_nested_branch_dag to 2024-05-01 00:00:00+00:00, run_after=2024-05-02 00:00:00+00:00
[2024-05-02T10:33:59.542+0000] {processor.py:183} INFO - Processing /home/airflow/.local/lib/python3.12/site-packages/airflow/example_dags/example_nested_branch_dag.py took 0.049 seconds
[2024-05-02T10:34:29.760+0000] {processor.py:161} INFO - Started process (PID=1718) to work on /home/airflow/.local/lib/python3.12/site-packages/airflow/example_dags/example_nested_branch_dag.py
[2024-05-02T10:34:29.760+0000] {processor.py:830} INFO - Processing file /home/airflow/.local/lib/python3.12/site-packages/airflow/example_dags/example_nested_branch_dag.py for tasks to queue
[2024-05-02T10:34:29.762+0000] {logging_mixin.py:188} INFO - [2024-05-02T10:34:29.761+0000] {dagbag.py:540} INFO - Filling up the DagBag from /home/airflow/.local/lib/python3.12/site-packages/airflow/example_dags/example_nested_branch_dag.py
[2024-05-02T10:34:29.769+0000] {processor.py:840} INFO - DAG(s) 'example_nested_branch_dag' retrieved from /home/airflow/.local/lib/python3.12/site-packages/airflow/example_dags/example_nested_branch_dag.py
[2024-05-02T10:34:29.782+0000] {logging_mixin.py:188} INFO - [2024-05-02T10:34:29.782+0000] {dag.py:3096} INFO - Sync 1 DAGs
[2024-05-02T10:34:29.817+0000] {logging_mixin.py:188} INFO - [2024-05-02T10:34:29.817+0000] {dag.py:3954} INFO - Setting next_dagrun for example_nested_branch_dag to 2024-05-01 00:00:00+00:00, run_after=2024-05-02 00:00:00+00:00
[2024-05-02T10:34:29.830+0000] {processor.py:183} INFO - Processing /home/airflow/.local/lib/python3.12/site-packages/airflow/example_dags/example_nested_branch_dag.py took 0.075 seconds
[2024-05-02T10:35:00.125+0000] {processor.py:161} INFO - Started process (PID=1777) to work on /home/airflow/.local/lib/python3.12/site-packages/airflow/example_dags/example_nested_branch_dag.py
[2024-05-02T10:35:00.125+0000] {processor.py:830} INFO - Processing file /home/airflow/.local/lib/python3.12/site-packages/airflow/example_dags/example_nested_branch_dag.py for tasks to queue
[2024-05-02T10:35:00.126+0000] {logging_mixin.py:188} INFO - [2024-05-02T10:35:00.126+0000] {dagbag.py:540} INFO - Filling up the DagBag from /home/airflow/.local/lib/python3.12/site-packages/airflow/example_dags/example_nested_branch_dag.py
[2024-05-02T10:35:00.132+0000] {processor.py:840} INFO - DAG(s) 'example_nested_branch_dag' retrieved from /home/airflow/.local/lib/python3.12/site-packages/airflow/example_dags/example_nested_branch_dag.py
[2024-05-02T10:35:00.147+0000] {logging_mixin.py:188} INFO - [2024-05-02T10:35:00.147+0000] {dag.py:3096} INFO - Sync 1 DAGs
[2024-05-02T10:35:00.170+0000] {logging_mixin.py:188} INFO - [2024-05-02T10:35:00.170+0000] {dag.py:3954} INFO - Setting next_dagrun for example_nested_branch_dag to 2024-05-01 00:00:00+00:00, run_after=2024-05-02 00:00:00+00:00
[2024-05-02T10:35:00.181+0000] {processor.py:183} INFO - Processing /home/airflow/.local/lib/python3.12/site-packages/airflow/example_dags/example_nested_branch_dag.py took 0.059 seconds
[2024-05-02T10:35:30.349+0000] {processor.py:161} INFO - Started process (PID=1836) to work on /home/airflow/.local/lib/python3.12/site-packages/airflow/example_dags/example_nested_branch_dag.py
[2024-05-02T10:35:30.350+0000] {processor.py:830} INFO - Processing file /home/airflow/.local/lib/python3.12/site-packages/airflow/example_dags/example_nested_branch_dag.py for tasks to queue
[2024-05-02T10:35:30.351+0000] {logging_mixin.py:188} INFO - [2024-05-02T10:35:30.350+0000] {dagbag.py:540} INFO - Filling up the DagBag from /home/airflow/.local/lib/python3.12/site-packages/airflow/example_dags/example_nested_branch_dag.py
[2024-05-02T10:35:30.357+0000] {processor.py:840} INFO - DAG(s) 'example_nested_branch_dag' retrieved from /home/airflow/.local/lib/python3.12/site-packages/airflow/example_dags/example_nested_branch_dag.py
[2024-05-02T10:35:30.370+0000] {logging_mixin.py:188} INFO - [2024-05-02T10:35:30.370+0000] {dag.py:3096} INFO - Sync 1 DAGs
[2024-05-02T10:35:30.384+0000] {logging_mixin.py:188} INFO - [2024-05-02T10:35:30.384+0000] {dag.py:3954} INFO - Setting next_dagrun for example_nested_branch_dag to 2024-05-01 00:00:00+00:00, run_after=2024-05-02 00:00:00+00:00
[2024-05-02T10:35:30.423+0000] {processor.py:183} INFO - Processing /home/airflow/.local/lib/python3.12/site-packages/airflow/example_dags/example_nested_branch_dag.py took 0.078 seconds
[2024-05-02T10:36:01.173+0000] {processor.py:161} INFO - Started process (PID=1895) to work on /home/airflow/.local/lib/python3.12/site-packages/airflow/example_dags/example_nested_branch_dag.py
[2024-05-02T10:36:01.174+0000] {processor.py:830} INFO - Processing file /home/airflow/.local/lib/python3.12/site-packages/airflow/example_dags/example_nested_branch_dag.py for tasks to queue
[2024-05-02T10:36:01.175+0000] {logging_mixin.py:188} INFO - [2024-05-02T10:36:01.175+0000] {dagbag.py:540} INFO - Filling up the DagBag from /home/airflow/.local/lib/python3.12/site-packages/airflow/example_dags/example_nested_branch_dag.py
[2024-05-02T10:36:01.181+0000] {processor.py:840} INFO - DAG(s) 'example_nested_branch_dag' retrieved from /home/airflow/.local/lib/python3.12/site-packages/airflow/example_dags/example_nested_branch_dag.py
[2024-05-02T10:36:01.194+0000] {logging_mixin.py:188} INFO - [2024-05-02T10:36:01.194+0000] {dag.py:3096} INFO - Sync 1 DAGs
[2024-05-02T10:36:01.209+0000] {logging_mixin.py:188} INFO - [2024-05-02T10:36:01.209+0000] {dag.py:3954} INFO - Setting next_dagrun for example_nested_branch_dag to 2024-05-01 00:00:00+00:00, run_after=2024-05-02 00:00:00+00:00
[2024-05-02T10:36:01.221+0000] {processor.py:183} INFO - Processing /home/airflow/.local/lib/python3.12/site-packages/airflow/example_dags/example_nested_branch_dag.py took 0.054 seconds
[2024-05-02T10:36:32.211+0000] {processor.py:161} INFO - Started process (PID=1954) to work on /home/airflow/.local/lib/python3.12/site-packages/airflow/example_dags/example_nested_branch_dag.py
[2024-05-02T10:36:32.212+0000] {processor.py:830} INFO - Processing file /home/airflow/.local/lib/python3.12/site-packages/airflow/example_dags/example_nested_branch_dag.py for tasks to queue
[2024-05-02T10:36:32.213+0000] {logging_mixin.py:188} INFO - [2024-05-02T10:36:32.212+0000] {dagbag.py:540} INFO - Filling up the DagBag from /home/airflow/.local/lib/python3.12/site-packages/airflow/example_dags/example_nested_branch_dag.py
[2024-05-02T10:36:32.219+0000] {processor.py:840} INFO - DAG(s) 'example_nested_branch_dag' retrieved from /home/airflow/.local/lib/python3.12/site-packages/airflow/example_dags/example_nested_branch_dag.py
[2024-05-02T10:36:32.232+0000] {logging_mixin.py:188} INFO - [2024-05-02T10:36:32.232+0000] {dag.py:3096} INFO - Sync 1 DAGs
[2024-05-02T10:36:32.263+0000] {logging_mixin.py:188} INFO - [2024-05-02T10:36:32.262+0000] {dag.py:3954} INFO - Setting next_dagrun for example_nested_branch_dag to 2024-05-01 00:00:00+00:00, run_after=2024-05-02 00:00:00+00:00
[2024-05-02T10:36:32.274+0000] {processor.py:183} INFO - Processing /home/airflow/.local/lib/python3.12/site-packages/airflow/example_dags/example_nested_branch_dag.py took 0.066 seconds
[2024-05-02T10:37:02.913+0000] {processor.py:161} INFO - Started process (PID=2013) to work on /home/airflow/.local/lib/python3.12/site-packages/airflow/example_dags/example_nested_branch_dag.py
[2024-05-02T10:37:02.914+0000] {processor.py:830} INFO - Processing file /home/airflow/.local/lib/python3.12/site-packages/airflow/example_dags/example_nested_branch_dag.py for tasks to queue
[2024-05-02T10:37:02.915+0000] {logging_mixin.py:188} INFO - [2024-05-02T10:37:02.915+0000] {dagbag.py:540} INFO - Filling up the DagBag from /home/airflow/.local/lib/python3.12/site-packages/airflow/example_dags/example_nested_branch_dag.py
[2024-05-02T10:37:02.922+0000] {processor.py:840} INFO - DAG(s) 'example_nested_branch_dag' retrieved from /home/airflow/.local/lib/python3.12/site-packages/airflow/example_dags/example_nested_branch_dag.py
[2024-05-02T10:37:02.937+0000] {logging_mixin.py:188} INFO - [2024-05-02T10:37:02.936+0000] {dag.py:3096} INFO - Sync 1 DAGs
[2024-05-02T10:37:02.952+0000] {logging_mixin.py:188} INFO - [2024-05-02T10:37:02.952+0000] {dag.py:3954} INFO - Setting next_dagrun for example_nested_branch_dag to 2024-05-01 00:00:00+00:00, run_after=2024-05-02 00:00:00+00:00
[2024-05-02T10:37:02.978+0000] {processor.py:183} INFO - Processing /home/airflow/.local/lib/python3.12/site-packages/airflow/example_dags/example_nested_branch_dag.py took 0.069 seconds
[2024-05-02T10:37:33.914+0000] {processor.py:161} INFO - Started process (PID=2072) to work on /home/airflow/.local/lib/python3.12/site-packages/airflow/example_dags/example_nested_branch_dag.py
[2024-05-02T10:37:33.914+0000] {processor.py:830} INFO - Processing file /home/airflow/.local/lib/python3.12/site-packages/airflow/example_dags/example_nested_branch_dag.py for tasks to queue
[2024-05-02T10:37:33.916+0000] {logging_mixin.py:188} INFO - [2024-05-02T10:37:33.915+0000] {dagbag.py:540} INFO - Filling up the DagBag from /home/airflow/.local/lib/python3.12/site-packages/airflow/example_dags/example_nested_branch_dag.py
[2024-05-02T10:37:33.922+0000] {processor.py:840} INFO - DAG(s) 'example_nested_branch_dag' retrieved from /home/airflow/.local/lib/python3.12/site-packages/airflow/example_dags/example_nested_branch_dag.py
[2024-05-02T10:37:33.936+0000] {logging_mixin.py:188} INFO - [2024-05-02T10:37:33.935+0000] {dag.py:3096} INFO - Sync 1 DAGs
[2024-05-02T10:37:33.950+0000] {logging_mixin.py:188} INFO - [2024-05-02T10:37:33.950+0000] {dag.py:3954} INFO - Setting next_dagrun for example_nested_branch_dag to 2024-05-01 00:00:00+00:00, run_after=2024-05-02 00:00:00+00:00
[2024-05-02T10:37:33.967+0000] {processor.py:183} INFO - Processing /home/airflow/.local/lib/python3.12/site-packages/airflow/example_dags/example_nested_branch_dag.py took 0.062 seconds
[2024-05-02T10:38:05.116+0000] {processor.py:161} INFO - Started process (PID=2131) to work on /home/airflow/.local/lib/python3.12/site-packages/airflow/example_dags/example_nested_branch_dag.py
[2024-05-02T10:38:05.116+0000] {processor.py:830} INFO - Processing file /home/airflow/.local/lib/python3.12/site-packages/airflow/example_dags/example_nested_branch_dag.py for tasks to queue
[2024-05-02T10:38:05.118+0000] {logging_mixin.py:188} INFO - [2024-05-02T10:38:05.117+0000] {dagbag.py:540} INFO - Filling up the DagBag from /home/airflow/.local/lib/python3.12/site-packages/airflow/example_dags/example_nested_branch_dag.py
[2024-05-02T10:38:05.125+0000] {processor.py:840} INFO - DAG(s) 'example_nested_branch_dag' retrieved from /home/airflow/.local/lib/python3.12/site-packages/airflow/example_dags/example_nested_branch_dag.py
[2024-05-02T10:38:05.139+0000] {logging_mixin.py:188} INFO - [2024-05-02T10:38:05.138+0000] {dag.py:3096} INFO - Sync 1 DAGs
[2024-05-02T10:38:05.175+0000] {logging_mixin.py:188} INFO - [2024-05-02T10:38:05.174+0000] {dag.py:3954} INFO - Setting next_dagrun for example_nested_branch_dag to 2024-05-01 00:00:00+00:00, run_after=2024-05-02 00:00:00+00:00
[2024-05-02T10:38:05.186+0000] {processor.py:183} INFO - Processing /home/airflow/.local/lib/python3.12/site-packages/airflow/example_dags/example_nested_branch_dag.py took 0.074 seconds
[2024-05-02T10:38:35.341+0000] {processor.py:161} INFO - Started process (PID=2189) to work on /home/airflow/.local/lib/python3.12/site-packages/airflow/example_dags/example_nested_branch_dag.py
[2024-05-02T10:38:35.342+0000] {processor.py:830} INFO - Processing file /home/airflow/.local/lib/python3.12/site-packages/airflow/example_dags/example_nested_branch_dag.py for tasks to queue
[2024-05-02T10:38:35.704+0000] {logging_mixin.py:188} INFO - [2024-05-02T10:38:35.703+0000] {dagbag.py:540} INFO - Filling up the DagBag from /home/airflow/.local/lib/python3.12/site-packages/airflow/example_dags/example_nested_branch_dag.py
[2024-05-02T10:38:35.757+0000] {processor.py:840} INFO - DAG(s) 'example_nested_branch_dag' retrieved from /home/airflow/.local/lib/python3.12/site-packages/airflow/example_dags/example_nested_branch_dag.py
[2024-05-02T10:38:35.773+0000] {logging_mixin.py:188} INFO - [2024-05-02T10:38:35.773+0000] {dag.py:3096} INFO - Sync 1 DAGs
[2024-05-02T10:38:35.790+0000] {logging_mixin.py:188} INFO - [2024-05-02T10:38:35.790+0000] {dag.py:3954} INFO - Setting next_dagrun for example_nested_branch_dag to 2024-05-01 00:00:00+00:00, run_after=2024-05-02 00:00:00+00:00
[2024-05-02T10:38:35.831+0000] {processor.py:183} INFO - Processing /home/airflow/.local/lib/python3.12/site-packages/airflow/example_dags/example_nested_branch_dag.py took 0.495 seconds
[2024-05-02T10:39:06.190+0000] {processor.py:161} INFO - Started process (PID=2250) to work on /home/airflow/.local/lib/python3.12/site-packages/airflow/example_dags/example_nested_branch_dag.py
[2024-05-02T10:39:06.190+0000] {processor.py:830} INFO - Processing file /home/airflow/.local/lib/python3.12/site-packages/airflow/example_dags/example_nested_branch_dag.py for tasks to queue
[2024-05-02T10:39:06.192+0000] {logging_mixin.py:188} INFO - [2024-05-02T10:39:06.191+0000] {dagbag.py:540} INFO - Filling up the DagBag from /home/airflow/.local/lib/python3.12/site-packages/airflow/example_dags/example_nested_branch_dag.py
[2024-05-02T10:39:06.200+0000] {processor.py:840} INFO - DAG(s) 'example_nested_branch_dag' retrieved from /home/airflow/.local/lib/python3.12/site-packages/airflow/example_dags/example_nested_branch_dag.py
[2024-05-02T10:39:06.213+0000] {logging_mixin.py:188} INFO - [2024-05-02T10:39:06.213+0000] {dag.py:3096} INFO - Sync 1 DAGs
[2024-05-02T10:39:06.251+0000] {logging_mixin.py:188} INFO - [2024-05-02T10:39:06.250+0000] {dag.py:3954} INFO - Setting next_dagrun for example_nested_branch_dag to 2024-05-01 00:00:00+00:00, run_after=2024-05-02 00:00:00+00:00
[2024-05-02T10:39:06.267+0000] {processor.py:183} INFO - Processing /home/airflow/.local/lib/python3.12/site-packages/airflow/example_dags/example_nested_branch_dag.py took 0.082 seconds
[2024-05-02T10:39:36.390+0000] {processor.py:161} INFO - Started process (PID=2307) to work on /home/airflow/.local/lib/python3.12/site-packages/airflow/example_dags/example_nested_branch_dag.py
[2024-05-02T10:39:36.391+0000] {processor.py:830} INFO - Processing file /home/airflow/.local/lib/python3.12/site-packages/airflow/example_dags/example_nested_branch_dag.py for tasks to queue
[2024-05-02T10:39:36.418+0000] {logging_mixin.py:188} INFO - [2024-05-02T10:39:36.418+0000] {dagbag.py:540} INFO - Filling up the DagBag from /home/airflow/.local/lib/python3.12/site-packages/airflow/example_dags/example_nested_branch_dag.py
[2024-05-02T10:39:36.425+0000] {processor.py:840} INFO - DAG(s) 'example_nested_branch_dag' retrieved from /home/airflow/.local/lib/python3.12/site-packages/airflow/example_dags/example_nested_branch_dag.py
[2024-05-02T10:39:36.438+0000] {logging_mixin.py:188} INFO - [2024-05-02T10:39:36.438+0000] {dag.py:3096} INFO - Sync 1 DAGs
[2024-05-02T10:39:36.452+0000] {logging_mixin.py:188} INFO - [2024-05-02T10:39:36.452+0000] {dag.py:3954} INFO - Setting next_dagrun for example_nested_branch_dag to 2024-05-01 00:00:00+00:00, run_after=2024-05-02 00:00:00+00:00
[2024-05-02T10:39:36.484+0000] {processor.py:183} INFO - Processing /home/airflow/.local/lib/python3.12/site-packages/airflow/example_dags/example_nested_branch_dag.py took 0.098 seconds
[2024-05-02T10:40:06.761+0000] {processor.py:161} INFO - Started process (PID=2367) to work on /home/airflow/.local/lib/python3.12/site-packages/airflow/example_dags/example_nested_branch_dag.py
[2024-05-02T10:40:06.762+0000] {processor.py:830} INFO - Processing file /home/airflow/.local/lib/python3.12/site-packages/airflow/example_dags/example_nested_branch_dag.py for tasks to queue
[2024-05-02T10:40:06.763+0000] {logging_mixin.py:188} INFO - [2024-05-02T10:40:06.762+0000] {dagbag.py:540} INFO - Filling up the DagBag from /home/airflow/.local/lib/python3.12/site-packages/airflow/example_dags/example_nested_branch_dag.py
[2024-05-02T10:40:06.769+0000] {processor.py:840} INFO - DAG(s) 'example_nested_branch_dag' retrieved from /home/airflow/.local/lib/python3.12/site-packages/airflow/example_dags/example_nested_branch_dag.py
[2024-05-02T10:40:06.784+0000] {logging_mixin.py:188} INFO - [2024-05-02T10:40:06.784+0000] {dag.py:3096} INFO - Sync 1 DAGs
[2024-05-02T10:40:06.799+0000] {logging_mixin.py:188} INFO - [2024-05-02T10:40:06.799+0000] {dag.py:3954} INFO - Setting next_dagrun for example_nested_branch_dag to 2024-05-01 00:00:00+00:00, run_after=2024-05-02 00:00:00+00:00
[2024-05-02T10:40:06.843+0000] {processor.py:183} INFO - Processing /home/airflow/.local/lib/python3.12/site-packages/airflow/example_dags/example_nested_branch_dag.py took 0.085 seconds
[2024-05-02T10:40:37.314+0000] {processor.py:161} INFO - Started process (PID=2426) to work on /home/airflow/.local/lib/python3.12/site-packages/airflow/example_dags/example_nested_branch_dag.py
[2024-05-02T10:40:37.314+0000] {processor.py:830} INFO - Processing file /home/airflow/.local/lib/python3.12/site-packages/airflow/example_dags/example_nested_branch_dag.py for tasks to queue
[2024-05-02T10:40:37.316+0000] {logging_mixin.py:188} INFO - [2024-05-02T10:40:37.315+0000] {dagbag.py:540} INFO - Filling up the DagBag from /home/airflow/.local/lib/python3.12/site-packages/airflow/example_dags/example_nested_branch_dag.py
[2024-05-02T10:40:37.323+0000] {processor.py:840} INFO - DAG(s) 'example_nested_branch_dag' retrieved from /home/airflow/.local/lib/python3.12/site-packages/airflow/example_dags/example_nested_branch_dag.py
[2024-05-02T10:40:37.338+0000] {logging_mixin.py:188} INFO - [2024-05-02T10:40:37.337+0000] {dag.py:3096} INFO - Sync 1 DAGs
[2024-05-02T10:40:37.373+0000] {logging_mixin.py:188} INFO - [2024-05-02T10:40:37.373+0000] {dag.py:3954} INFO - Setting next_dagrun for example_nested_branch_dag to 2024-05-01 00:00:00+00:00, run_after=2024-05-02 00:00:00+00:00
[2024-05-02T10:40:37.404+0000] {processor.py:183} INFO - Processing /home/airflow/.local/lib/python3.12/site-packages/airflow/example_dags/example_nested_branch_dag.py took 0.094 seconds
[2024-05-02T10:42:30.286+0000] {processor.py:161} INFO - Started process (PID=88) to work on /home/airflow/.local/lib/python3.12/site-packages/airflow/example_dags/example_nested_branch_dag.py
[2024-05-02T10:42:30.287+0000] {processor.py:830} INFO - Processing file /home/airflow/.local/lib/python3.12/site-packages/airflow/example_dags/example_nested_branch_dag.py for tasks to queue
[2024-05-02T10:42:30.310+0000] {logging_mixin.py:188} INFO - [2024-05-02T10:42:30.309+0000] {dagbag.py:540} INFO - Filling up the DagBag from /home/airflow/.local/lib/python3.12/site-packages/airflow/example_dags/example_nested_branch_dag.py
[2024-05-02T10:42:30.345+0000] {processor.py:840} INFO - DAG(s) 'example_nested_branch_dag' retrieved from /home/airflow/.local/lib/python3.12/site-packages/airflow/example_dags/example_nested_branch_dag.py
[2024-05-02T10:42:30.424+0000] {logging_mixin.py:188} INFO - [2024-05-02T10:42:30.423+0000] {dag.py:3096} INFO - Sync 1 DAGs
[2024-05-02T10:42:30.441+0000] {logging_mixin.py:188} INFO - [2024-05-02T10:42:30.441+0000] {dag.py:3954} INFO - Setting next_dagrun for example_nested_branch_dag to 2024-05-01 00:00:00+00:00, run_after=2024-05-02 00:00:00+00:00
[2024-05-02T10:42:30.459+0000] {processor.py:183} INFO - Processing /home/airflow/.local/lib/python3.12/site-packages/airflow/example_dags/example_nested_branch_dag.py took 0.177 seconds
[2024-05-02T10:43:00.551+0000] {processor.py:161} INFO - Started process (PID=147) to work on /home/airflow/.local/lib/python3.12/site-packages/airflow/example_dags/example_nested_branch_dag.py
[2024-05-02T10:43:00.552+0000] {processor.py:830} INFO - Processing file /home/airflow/.local/lib/python3.12/site-packages/airflow/example_dags/example_nested_branch_dag.py for tasks to queue
[2024-05-02T10:43:00.580+0000] {logging_mixin.py:188} INFO - [2024-05-02T10:43:00.579+0000] {dagbag.py:540} INFO - Filling up the DagBag from /home/airflow/.local/lib/python3.12/site-packages/airflow/example_dags/example_nested_branch_dag.py
[2024-05-02T10:43:00.611+0000] {processor.py:840} INFO - DAG(s) 'example_nested_branch_dag' retrieved from /home/airflow/.local/lib/python3.12/site-packages/airflow/example_dags/example_nested_branch_dag.py
[2024-05-02T10:43:00.626+0000] {logging_mixin.py:188} INFO - [2024-05-02T10:43:00.626+0000] {dag.py:3096} INFO - Sync 1 DAGs
[2024-05-02T10:43:00.651+0000] {logging_mixin.py:188} INFO - [2024-05-02T10:43:00.651+0000] {dag.py:3954} INFO - Setting next_dagrun for example_nested_branch_dag to 2024-05-01 00:00:00+00:00, run_after=2024-05-02 00:00:00+00:00
[2024-05-02T10:43:00.670+0000] {processor.py:183} INFO - Processing /home/airflow/.local/lib/python3.12/site-packages/airflow/example_dags/example_nested_branch_dag.py took 0.124 seconds
[2024-05-02T10:43:31.446+0000] {processor.py:161} INFO - Started process (PID=213) to work on /home/airflow/.local/lib/python3.12/site-packages/airflow/example_dags/example_nested_branch_dag.py
[2024-05-02T10:43:31.447+0000] {processor.py:830} INFO - Processing file /home/airflow/.local/lib/python3.12/site-packages/airflow/example_dags/example_nested_branch_dag.py for tasks to queue
[2024-05-02T10:43:31.449+0000] {logging_mixin.py:188} INFO - [2024-05-02T10:43:31.449+0000] {dagbag.py:540} INFO - Filling up the DagBag from /home/airflow/.local/lib/python3.12/site-packages/airflow/example_dags/example_nested_branch_dag.py
[2024-05-02T10:43:31.458+0000] {processor.py:840} INFO - DAG(s) 'example_nested_branch_dag' retrieved from /home/airflow/.local/lib/python3.12/site-packages/airflow/example_dags/example_nested_branch_dag.py
[2024-05-02T10:43:31.498+0000] {logging_mixin.py:188} INFO - [2024-05-02T10:43:31.498+0000] {dag.py:3096} INFO - Sync 1 DAGs
[2024-05-02T10:43:31.512+0000] {logging_mixin.py:188} INFO - [2024-05-02T10:43:31.511+0000] {dag.py:3954} INFO - Setting next_dagrun for example_nested_branch_dag to 2024-05-01 00:00:00+00:00, run_after=2024-05-02 00:00:00+00:00
[2024-05-02T10:43:31.523+0000] {processor.py:183} INFO - Processing /home/airflow/.local/lib/python3.12/site-packages/airflow/example_dags/example_nested_branch_dag.py took 0.081 seconds
[2024-05-02T10:44:02.411+0000] {processor.py:161} INFO - Started process (PID=273) to work on /home/airflow/.local/lib/python3.12/site-packages/airflow/example_dags/example_nested_branch_dag.py
[2024-05-02T10:44:02.411+0000] {processor.py:830} INFO - Processing file /home/airflow/.local/lib/python3.12/site-packages/airflow/example_dags/example_nested_branch_dag.py for tasks to queue
[2024-05-02T10:44:02.413+0000] {logging_mixin.py:188} INFO - [2024-05-02T10:44:02.412+0000] {dagbag.py:540} INFO - Filling up the DagBag from /home/airflow/.local/lib/python3.12/site-packages/airflow/example_dags/example_nested_branch_dag.py
[2024-05-02T10:44:02.445+0000] {processor.py:840} INFO - DAG(s) 'example_nested_branch_dag' retrieved from /home/airflow/.local/lib/python3.12/site-packages/airflow/example_dags/example_nested_branch_dag.py
[2024-05-02T10:44:02.457+0000] {logging_mixin.py:188} INFO - [2024-05-02T10:44:02.457+0000] {dag.py:3096} INFO - Sync 1 DAGs
[2024-05-02T10:44:02.485+0000] {logging_mixin.py:188} INFO - [2024-05-02T10:44:02.485+0000] {dag.py:3954} INFO - Setting next_dagrun for example_nested_branch_dag to 2024-05-01 00:00:00+00:00, run_after=2024-05-02 00:00:00+00:00
[2024-05-02T10:44:02.497+0000] {processor.py:183} INFO - Processing /home/airflow/.local/lib/python3.12/site-packages/airflow/example_dags/example_nested_branch_dag.py took 0.091 seconds
[2024-05-02T10:44:32.873+0000] {processor.py:161} INFO - Started process (PID=333) to work on /home/airflow/.local/lib/python3.12/site-packages/airflow/example_dags/example_nested_branch_dag.py
[2024-05-02T10:44:32.873+0000] {processor.py:830} INFO - Processing file /home/airflow/.local/lib/python3.12/site-packages/airflow/example_dags/example_nested_branch_dag.py for tasks to queue
[2024-05-02T10:44:32.897+0000] {logging_mixin.py:188} INFO - [2024-05-02T10:44:32.897+0000] {dagbag.py:540} INFO - Filling up the DagBag from /home/airflow/.local/lib/python3.12/site-packages/airflow/example_dags/example_nested_branch_dag.py
[2024-05-02T10:44:32.903+0000] {processor.py:840} INFO - DAG(s) 'example_nested_branch_dag' retrieved from /home/airflow/.local/lib/python3.12/site-packages/airflow/example_dags/example_nested_branch_dag.py
[2024-05-02T10:44:32.916+0000] {logging_mixin.py:188} INFO - [2024-05-02T10:44:32.916+0000] {dag.py:3096} INFO - Sync 1 DAGs
[2024-05-02T10:44:32.941+0000] {logging_mixin.py:188} INFO - [2024-05-02T10:44:32.941+0000] {dag.py:3954} INFO - Setting next_dagrun for example_nested_branch_dag to 2024-05-01 00:00:00+00:00, run_after=2024-05-02 00:00:00+00:00
[2024-05-02T10:44:32.953+0000] {processor.py:183} INFO - Processing /home/airflow/.local/lib/python3.12/site-packages/airflow/example_dags/example_nested_branch_dag.py took 0.086 seconds
[2024-05-02T10:45:03.765+0000] {processor.py:161} INFO - Started process (PID=393) to work on /home/airflow/.local/lib/python3.12/site-packages/airflow/example_dags/example_nested_branch_dag.py
[2024-05-02T10:45:03.765+0000] {processor.py:830} INFO - Processing file /home/airflow/.local/lib/python3.12/site-packages/airflow/example_dags/example_nested_branch_dag.py for tasks to queue
[2024-05-02T10:45:03.766+0000] {logging_mixin.py:188} INFO - [2024-05-02T10:45:03.766+0000] {dagbag.py:540} INFO - Filling up the DagBag from /home/airflow/.local/lib/python3.12/site-packages/airflow/example_dags/example_nested_branch_dag.py
[2024-05-02T10:45:03.772+0000] {processor.py:840} INFO - DAG(s) 'example_nested_branch_dag' retrieved from /home/airflow/.local/lib/python3.12/site-packages/airflow/example_dags/example_nested_branch_dag.py
[2024-05-02T10:45:03.790+0000] {logging_mixin.py:188} INFO - [2024-05-02T10:45:03.789+0000] {dag.py:3096} INFO - Sync 1 DAGs
[2024-05-02T10:45:03.805+0000] {logging_mixin.py:188} INFO - [2024-05-02T10:45:03.805+0000] {dag.py:3954} INFO - Setting next_dagrun for example_nested_branch_dag to 2024-05-01 00:00:00+00:00, run_after=2024-05-02 00:00:00+00:00
[2024-05-02T10:45:03.817+0000] {processor.py:183} INFO - Processing /home/airflow/.local/lib/python3.12/site-packages/airflow/example_dags/example_nested_branch_dag.py took 0.057 seconds
[2024-05-02T10:45:34.364+0000] {processor.py:161} INFO - Started process (PID=453) to work on /home/airflow/.local/lib/python3.12/site-packages/airflow/example_dags/example_nested_branch_dag.py
[2024-05-02T10:45:34.365+0000] {processor.py:830} INFO - Processing file /home/airflow/.local/lib/python3.12/site-packages/airflow/example_dags/example_nested_branch_dag.py for tasks to queue
[2024-05-02T10:45:34.366+0000] {logging_mixin.py:188} INFO - [2024-05-02T10:45:34.366+0000] {dagbag.py:540} INFO - Filling up the DagBag from /home/airflow/.local/lib/python3.12/site-packages/airflow/example_dags/example_nested_branch_dag.py
[2024-05-02T10:45:34.373+0000] {processor.py:840} INFO - DAG(s) 'example_nested_branch_dag' retrieved from /home/airflow/.local/lib/python3.12/site-packages/airflow/example_dags/example_nested_branch_dag.py
[2024-05-02T10:45:34.386+0000] {logging_mixin.py:188} INFO - [2024-05-02T10:45:34.386+0000] {dag.py:3096} INFO - Sync 1 DAGs
[2024-05-02T10:45:34.410+0000] {logging_mixin.py:188} INFO - [2024-05-02T10:45:34.410+0000] {dag.py:3954} INFO - Setting next_dagrun for example_nested_branch_dag to 2024-05-01 00:00:00+00:00, run_after=2024-05-02 00:00:00+00:00
[2024-05-02T10:45:34.423+0000] {processor.py:183} INFO - Processing /home/airflow/.local/lib/python3.12/site-packages/airflow/example_dags/example_nested_branch_dag.py took 0.064 seconds
[2024-05-02T10:46:04.932+0000] {processor.py:161} INFO - Started process (PID=513) to work on /home/airflow/.local/lib/python3.12/site-packages/airflow/example_dags/example_nested_branch_dag.py
[2024-05-02T10:46:04.933+0000] {processor.py:830} INFO - Processing file /home/airflow/.local/lib/python3.12/site-packages/airflow/example_dags/example_nested_branch_dag.py for tasks to queue
[2024-05-02T10:46:04.934+0000] {logging_mixin.py:188} INFO - [2024-05-02T10:46:04.933+0000] {dagbag.py:540} INFO - Filling up the DagBag from /home/airflow/.local/lib/python3.12/site-packages/airflow/example_dags/example_nested_branch_dag.py
[2024-05-02T10:46:04.940+0000] {processor.py:840} INFO - DAG(s) 'example_nested_branch_dag' retrieved from /home/airflow/.local/lib/python3.12/site-packages/airflow/example_dags/example_nested_branch_dag.py
[2024-05-02T10:46:04.954+0000] {logging_mixin.py:188} INFO - [2024-05-02T10:46:04.954+0000] {dag.py:3096} INFO - Sync 1 DAGs
[2024-05-02T10:46:04.992+0000] {logging_mixin.py:188} INFO - [2024-05-02T10:46:04.991+0000] {dag.py:3954} INFO - Setting next_dagrun for example_nested_branch_dag to 2024-05-01 00:00:00+00:00, run_after=2024-05-02 00:00:00+00:00
[2024-05-02T10:46:05.027+0000] {processor.py:183} INFO - Processing /home/airflow/.local/lib/python3.12/site-packages/airflow/example_dags/example_nested_branch_dag.py took 0.099 seconds
[2024-05-02T10:46:35.352+0000] {processor.py:161} INFO - Started process (PID=573) to work on /home/airflow/.local/lib/python3.12/site-packages/airflow/example_dags/example_nested_branch_dag.py
[2024-05-02T10:46:35.352+0000] {processor.py:830} INFO - Processing file /home/airflow/.local/lib/python3.12/site-packages/airflow/example_dags/example_nested_branch_dag.py for tasks to queue
[2024-05-02T10:46:35.353+0000] {logging_mixin.py:188} INFO - [2024-05-02T10:46:35.353+0000] {dagbag.py:540} INFO - Filling up the DagBag from /home/airflow/.local/lib/python3.12/site-packages/airflow/example_dags/example_nested_branch_dag.py
[2024-05-02T10:46:35.360+0000] {processor.py:840} INFO - DAG(s) 'example_nested_branch_dag' retrieved from /home/airflow/.local/lib/python3.12/site-packages/airflow/example_dags/example_nested_branch_dag.py
[2024-05-02T10:46:35.374+0000] {logging_mixin.py:188} INFO - [2024-05-02T10:46:35.374+0000] {dag.py:3096} INFO - Sync 1 DAGs
[2024-05-02T10:46:35.389+0000] {logging_mixin.py:188} INFO - [2024-05-02T10:46:35.389+0000] {dag.py:3954} INFO - Setting next_dagrun for example_nested_branch_dag to 2024-05-01 00:00:00+00:00, run_after=2024-05-02 00:00:00+00:00
[2024-05-02T10:46:35.401+0000] {processor.py:183} INFO - Processing /home/airflow/.local/lib/python3.12/site-packages/airflow/example_dags/example_nested_branch_dag.py took 0.052 seconds
[2024-05-02T10:47:05.823+0000] {processor.py:161} INFO - Started process (PID=633) to work on /home/airflow/.local/lib/python3.12/site-packages/airflow/example_dags/example_nested_branch_dag.py
[2024-05-02T10:47:05.824+0000] {processor.py:830} INFO - Processing file /home/airflow/.local/lib/python3.12/site-packages/airflow/example_dags/example_nested_branch_dag.py for tasks to queue
[2024-05-02T10:47:05.825+0000] {logging_mixin.py:188} INFO - [2024-05-02T10:47:05.825+0000] {dagbag.py:540} INFO - Filling up the DagBag from /home/airflow/.local/lib/python3.12/site-packages/airflow/example_dags/example_nested_branch_dag.py
[2024-05-02T10:47:05.831+0000] {processor.py:840} INFO - DAG(s) 'example_nested_branch_dag' retrieved from /home/airflow/.local/lib/python3.12/site-packages/airflow/example_dags/example_nested_branch_dag.py
[2024-05-02T10:47:05.844+0000] {logging_mixin.py:188} INFO - [2024-05-02T10:47:05.844+0000] {dag.py:3096} INFO - Sync 1 DAGs
[2024-05-02T10:47:05.859+0000] {logging_mixin.py:188} INFO - [2024-05-02T10:47:05.858+0000] {dag.py:3954} INFO - Setting next_dagrun for example_nested_branch_dag to 2024-05-01 00:00:00+00:00, run_after=2024-05-02 00:00:00+00:00
[2024-05-02T10:47:05.886+0000] {processor.py:183} INFO - Processing /home/airflow/.local/lib/python3.12/site-packages/airflow/example_dags/example_nested_branch_dag.py took 0.067 seconds
[2024-05-02T10:47:36.427+0000] {processor.py:161} INFO - Started process (PID=693) to work on /home/airflow/.local/lib/python3.12/site-packages/airflow/example_dags/example_nested_branch_dag.py
[2024-05-02T10:47:36.427+0000] {processor.py:830} INFO - Processing file /home/airflow/.local/lib/python3.12/site-packages/airflow/example_dags/example_nested_branch_dag.py for tasks to queue
[2024-05-02T10:47:36.428+0000] {logging_mixin.py:188} INFO - [2024-05-02T10:47:36.428+0000] {dagbag.py:540} INFO - Filling up the DagBag from /home/airflow/.local/lib/python3.12/site-packages/airflow/example_dags/example_nested_branch_dag.py
[2024-05-02T10:47:36.434+0000] {processor.py:840} INFO - DAG(s) 'example_nested_branch_dag' retrieved from /home/airflow/.local/lib/python3.12/site-packages/airflow/example_dags/example_nested_branch_dag.py
[2024-05-02T10:47:36.469+0000] {logging_mixin.py:188} INFO - [2024-05-02T10:47:36.469+0000] {dag.py:3096} INFO - Sync 1 DAGs
[2024-05-02T10:47:36.483+0000] {logging_mixin.py:188} INFO - [2024-05-02T10:47:36.483+0000] {dag.py:3954} INFO - Setting next_dagrun for example_nested_branch_dag to 2024-05-01 00:00:00+00:00, run_after=2024-05-02 00:00:00+00:00
[2024-05-02T10:47:36.497+0000] {processor.py:183} INFO - Processing /home/airflow/.local/lib/python3.12/site-packages/airflow/example_dags/example_nested_branch_dag.py took 0.073 seconds
[2024-05-02T10:48:06.988+0000] {processor.py:161} INFO - Started process (PID=753) to work on /home/airflow/.local/lib/python3.12/site-packages/airflow/example_dags/example_nested_branch_dag.py
[2024-05-02T10:48:06.989+0000] {processor.py:830} INFO - Processing file /home/airflow/.local/lib/python3.12/site-packages/airflow/example_dags/example_nested_branch_dag.py for tasks to queue
[2024-05-02T10:48:07.027+0000] {logging_mixin.py:188} INFO - [2024-05-02T10:48:07.026+0000] {dagbag.py:540} INFO - Filling up the DagBag from /home/airflow/.local/lib/python3.12/site-packages/airflow/example_dags/example_nested_branch_dag.py
[2024-05-02T10:48:07.087+0000] {processor.py:840} INFO - DAG(s) 'example_nested_branch_dag' retrieved from /home/airflow/.local/lib/python3.12/site-packages/airflow/example_dags/example_nested_branch_dag.py
[2024-05-02T10:48:07.127+0000] {logging_mixin.py:188} INFO - [2024-05-02T10:48:07.126+0000] {dag.py:3096} INFO - Sync 1 DAGs
[2024-05-02T10:48:07.140+0000] {logging_mixin.py:188} INFO - [2024-05-02T10:48:07.140+0000] {dag.py:3954} INFO - Setting next_dagrun for example_nested_branch_dag to 2024-05-01 00:00:00+00:00, run_after=2024-05-02 00:00:00+00:00
[2024-05-02T10:48:07.162+0000] {processor.py:183} INFO - Processing /home/airflow/.local/lib/python3.12/site-packages/airflow/example_dags/example_nested_branch_dag.py took 0.184 seconds
[2024-05-02T10:49:29.291+0000] {processor.py:161} INFO - Started process (PID=88) to work on /home/airflow/.local/lib/python3.12/site-packages/airflow/example_dags/example_nested_branch_dag.py
[2024-05-02T10:49:29.292+0000] {processor.py:830} INFO - Processing file /home/airflow/.local/lib/python3.12/site-packages/airflow/example_dags/example_nested_branch_dag.py for tasks to queue
[2024-05-02T10:49:29.324+0000] {logging_mixin.py:188} INFO - [2024-05-02T10:49:29.324+0000] {dagbag.py:540} INFO - Filling up the DagBag from /home/airflow/.local/lib/python3.12/site-packages/airflow/example_dags/example_nested_branch_dag.py
[2024-05-02T10:49:29.332+0000] {processor.py:840} INFO - DAG(s) 'example_nested_branch_dag' retrieved from /home/airflow/.local/lib/python3.12/site-packages/airflow/example_dags/example_nested_branch_dag.py
[2024-05-02T10:49:29.405+0000] {logging_mixin.py:188} INFO - [2024-05-02T10:49:29.404+0000] {dag.py:3096} INFO - Sync 1 DAGs
[2024-05-02T10:49:29.420+0000] {logging_mixin.py:188} INFO - [2024-05-02T10:49:29.420+0000] {dag.py:3954} INFO - Setting next_dagrun for example_nested_branch_dag to 2024-05-01 00:00:00+00:00, run_after=2024-05-02 00:00:00+00:00
[2024-05-02T10:49:29.465+0000] {processor.py:183} INFO - Processing /home/airflow/.local/lib/python3.12/site-packages/airflow/example_dags/example_nested_branch_dag.py took 0.178 seconds
[2024-05-02T10:50:00.431+0000] {processor.py:161} INFO - Started process (PID=148) to work on /home/airflow/.local/lib/python3.12/site-packages/airflow/example_dags/example_nested_branch_dag.py
[2024-05-02T10:50:00.432+0000] {processor.py:830} INFO - Processing file /home/airflow/.local/lib/python3.12/site-packages/airflow/example_dags/example_nested_branch_dag.py for tasks to queue
[2024-05-02T10:50:00.529+0000] {logging_mixin.py:188} INFO - [2024-05-02T10:50:00.528+0000] {dagbag.py:540} INFO - Filling up the DagBag from /home/airflow/.local/lib/python3.12/site-packages/airflow/example_dags/example_nested_branch_dag.py
[2024-05-02T10:50:00.604+0000] {processor.py:840} INFO - DAG(s) 'example_nested_branch_dag' retrieved from /home/airflow/.local/lib/python3.12/site-packages/airflow/example_dags/example_nested_branch_dag.py
[2024-05-02T10:50:00.617+0000] {logging_mixin.py:188} INFO - [2024-05-02T10:50:00.617+0000] {dag.py:3096} INFO - Sync 1 DAGs
[2024-05-02T10:50:00.631+0000] {logging_mixin.py:188} INFO - [2024-05-02T10:50:00.630+0000] {dag.py:3954} INFO - Setting next_dagrun for example_nested_branch_dag to 2024-05-01 00:00:00+00:00, run_after=2024-05-02 00:00:00+00:00
[2024-05-02T10:50:00.644+0000] {processor.py:183} INFO - Processing /home/airflow/.local/lib/python3.12/site-packages/airflow/example_dags/example_nested_branch_dag.py took 0.221 seconds
[2024-05-02T10:50:31.694+0000] {processor.py:161} INFO - Started process (PID=215) to work on /home/airflow/.local/lib/python3.12/site-packages/airflow/example_dags/example_nested_branch_dag.py
[2024-05-02T10:50:31.695+0000] {processor.py:830} INFO - Processing file /home/airflow/.local/lib/python3.12/site-packages/airflow/example_dags/example_nested_branch_dag.py for tasks to queue
[2024-05-02T10:50:31.719+0000] {logging_mixin.py:188} INFO - [2024-05-02T10:50:31.719+0000] {dagbag.py:540} INFO - Filling up the DagBag from /home/airflow/.local/lib/python3.12/site-packages/airflow/example_dags/example_nested_branch_dag.py
[2024-05-02T10:50:31.726+0000] {processor.py:840} INFO - DAG(s) 'example_nested_branch_dag' retrieved from /home/airflow/.local/lib/python3.12/site-packages/airflow/example_dags/example_nested_branch_dag.py
[2024-05-02T10:50:31.742+0000] {logging_mixin.py:188} INFO - [2024-05-02T10:50:31.741+0000] {dag.py:3096} INFO - Sync 1 DAGs
[2024-05-02T10:50:31.764+0000] {logging_mixin.py:188} INFO - [2024-05-02T10:50:31.764+0000] {dag.py:3954} INFO - Setting next_dagrun for example_nested_branch_dag to 2024-05-01 00:00:00+00:00, run_after=2024-05-02 00:00:00+00:00
[2024-05-02T10:50:31.783+0000] {processor.py:183} INFO - Processing /home/airflow/.local/lib/python3.12/site-packages/airflow/example_dags/example_nested_branch_dag.py took 0.094 seconds
[2024-05-02T10:51:02.215+0000] {processor.py:161} INFO - Started process (PID=275) to work on /home/airflow/.local/lib/python3.12/site-packages/airflow/example_dags/example_nested_branch_dag.py
[2024-05-02T10:51:02.215+0000] {processor.py:830} INFO - Processing file /home/airflow/.local/lib/python3.12/site-packages/airflow/example_dags/example_nested_branch_dag.py for tasks to queue
[2024-05-02T10:51:02.242+0000] {logging_mixin.py:188} INFO - [2024-05-02T10:51:02.241+0000] {dagbag.py:540} INFO - Filling up the DagBag from /home/airflow/.local/lib/python3.12/site-packages/airflow/example_dags/example_nested_branch_dag.py
[2024-05-02T10:51:02.248+0000] {processor.py:840} INFO - DAG(s) 'example_nested_branch_dag' retrieved from /home/airflow/.local/lib/python3.12/site-packages/airflow/example_dags/example_nested_branch_dag.py
[2024-05-02T10:51:02.262+0000] {logging_mixin.py:188} INFO - [2024-05-02T10:51:02.262+0000] {dag.py:3096} INFO - Sync 1 DAGs
[2024-05-02T10:51:02.300+0000] {logging_mixin.py:188} INFO - [2024-05-02T10:51:02.300+0000] {dag.py:3954} INFO - Setting next_dagrun for example_nested_branch_dag to 2024-05-01 00:00:00+00:00, run_after=2024-05-02 00:00:00+00:00
[2024-05-02T10:51:02.317+0000] {processor.py:183} INFO - Processing /home/airflow/.local/lib/python3.12/site-packages/airflow/example_dags/example_nested_branch_dag.py took 0.105 seconds
[2024-05-02T10:51:32.441+0000] {processor.py:161} INFO - Started process (PID=335) to work on /home/airflow/.local/lib/python3.12/site-packages/airflow/example_dags/example_nested_branch_dag.py
[2024-05-02T10:51:32.442+0000] {processor.py:830} INFO - Processing file /home/airflow/.local/lib/python3.12/site-packages/airflow/example_dags/example_nested_branch_dag.py for tasks to queue
[2024-05-02T10:51:32.469+0000] {logging_mixin.py:188} INFO - [2024-05-02T10:51:32.469+0000] {dagbag.py:540} INFO - Filling up the DagBag from /home/airflow/.local/lib/python3.12/site-packages/airflow/example_dags/example_nested_branch_dag.py
[2024-05-02T10:51:32.475+0000] {processor.py:840} INFO - DAG(s) 'example_nested_branch_dag' retrieved from /home/airflow/.local/lib/python3.12/site-packages/airflow/example_dags/example_nested_branch_dag.py
[2024-05-02T10:51:32.488+0000] {logging_mixin.py:188} INFO - [2024-05-02T10:51:32.488+0000] {dag.py:3096} INFO - Sync 1 DAGs
[2024-05-02T10:51:32.502+0000] {logging_mixin.py:188} INFO - [2024-05-02T10:51:32.502+0000] {dag.py:3954} INFO - Setting next_dagrun for example_nested_branch_dag to 2024-05-01 00:00:00+00:00, run_after=2024-05-02 00:00:00+00:00
[2024-05-02T10:51:32.535+0000] {processor.py:183} INFO - Processing /home/airflow/.local/lib/python3.12/site-packages/airflow/example_dags/example_nested_branch_dag.py took 0.099 seconds
[2024-05-02T10:52:02.877+0000] {processor.py:161} INFO - Started process (PID=395) to work on /home/airflow/.local/lib/python3.12/site-packages/airflow/example_dags/example_nested_branch_dag.py
[2024-05-02T10:52:02.877+0000] {processor.py:830} INFO - Processing file /home/airflow/.local/lib/python3.12/site-packages/airflow/example_dags/example_nested_branch_dag.py for tasks to queue
[2024-05-02T10:52:02.878+0000] {logging_mixin.py:188} INFO - [2024-05-02T10:52:02.878+0000] {dagbag.py:540} INFO - Filling up the DagBag from /home/airflow/.local/lib/python3.12/site-packages/airflow/example_dags/example_nested_branch_dag.py
[2024-05-02T10:52:02.884+0000] {processor.py:840} INFO - DAG(s) 'example_nested_branch_dag' retrieved from /home/airflow/.local/lib/python3.12/site-packages/airflow/example_dags/example_nested_branch_dag.py
[2024-05-02T10:52:02.900+0000] {logging_mixin.py:188} INFO - [2024-05-02T10:52:02.900+0000] {dag.py:3096} INFO - Sync 1 DAGs
[2024-05-02T10:52:02.944+0000] {logging_mixin.py:188} INFO - [2024-05-02T10:52:02.944+0000] {dag.py:3954} INFO - Setting next_dagrun for example_nested_branch_dag to 2024-05-01 00:00:00+00:00, run_after=2024-05-02 00:00:00+00:00
[2024-05-02T10:52:02.973+0000] {processor.py:183} INFO - Processing /home/airflow/.local/lib/python3.12/site-packages/airflow/example_dags/example_nested_branch_dag.py took 0.100 seconds
[2024-05-02T10:52:33.463+0000] {processor.py:161} INFO - Started process (PID=454) to work on /home/airflow/.local/lib/python3.12/site-packages/airflow/example_dags/example_nested_branch_dag.py
[2024-05-02T10:52:33.464+0000] {processor.py:830} INFO - Processing file /home/airflow/.local/lib/python3.12/site-packages/airflow/example_dags/example_nested_branch_dag.py for tasks to queue
[2024-05-02T10:52:33.465+0000] {logging_mixin.py:188} INFO - [2024-05-02T10:52:33.464+0000] {dagbag.py:540} INFO - Filling up the DagBag from /home/airflow/.local/lib/python3.12/site-packages/airflow/example_dags/example_nested_branch_dag.py
[2024-05-02T10:52:33.470+0000] {processor.py:840} INFO - DAG(s) 'example_nested_branch_dag' retrieved from /home/airflow/.local/lib/python3.12/site-packages/airflow/example_dags/example_nested_branch_dag.py
[2024-05-02T10:52:33.484+0000] {logging_mixin.py:188} INFO - [2024-05-02T10:52:33.483+0000] {dag.py:3096} INFO - Sync 1 DAGs
[2024-05-02T10:52:33.521+0000] {logging_mixin.py:188} INFO - [2024-05-02T10:52:33.521+0000] {dag.py:3954} INFO - Setting next_dagrun for example_nested_branch_dag to 2024-05-01 00:00:00+00:00, run_after=2024-05-02 00:00:00+00:00
[2024-05-02T10:52:33.533+0000] {processor.py:183} INFO - Processing /home/airflow/.local/lib/python3.12/site-packages/airflow/example_dags/example_nested_branch_dag.py took 0.073 seconds
[2024-05-02T10:53:04.141+0000] {processor.py:161} INFO - Started process (PID=514) to work on /home/airflow/.local/lib/python3.12/site-packages/airflow/example_dags/example_nested_branch_dag.py
[2024-05-02T10:53:04.141+0000] {processor.py:830} INFO - Processing file /home/airflow/.local/lib/python3.12/site-packages/airflow/example_dags/example_nested_branch_dag.py for tasks to queue
[2024-05-02T10:53:04.142+0000] {logging_mixin.py:188} INFO - [2024-05-02T10:53:04.142+0000] {dagbag.py:540} INFO - Filling up the DagBag from /home/airflow/.local/lib/python3.12/site-packages/airflow/example_dags/example_nested_branch_dag.py
[2024-05-02T10:53:04.148+0000] {processor.py:840} INFO - DAG(s) 'example_nested_branch_dag' retrieved from /home/airflow/.local/lib/python3.12/site-packages/airflow/example_dags/example_nested_branch_dag.py
[2024-05-02T10:53:04.161+0000] {logging_mixin.py:188} INFO - [2024-05-02T10:53:04.161+0000] {dag.py:3096} INFO - Sync 1 DAGs
[2024-05-02T10:53:04.198+0000] {logging_mixin.py:188} INFO - [2024-05-02T10:53:04.198+0000] {dag.py:3954} INFO - Setting next_dagrun for example_nested_branch_dag to 2024-05-01 00:00:00+00:00, run_after=2024-05-02 00:00:00+00:00
[2024-05-02T10:53:04.210+0000] {processor.py:183} INFO - Processing /home/airflow/.local/lib/python3.12/site-packages/airflow/example_dags/example_nested_branch_dag.py took 0.073 seconds
[2024-05-02T10:53:35.276+0000] {processor.py:161} INFO - Started process (PID=574) to work on /home/airflow/.local/lib/python3.12/site-packages/airflow/example_dags/example_nested_branch_dag.py
[2024-05-02T10:53:35.277+0000] {processor.py:830} INFO - Processing file /home/airflow/.local/lib/python3.12/site-packages/airflow/example_dags/example_nested_branch_dag.py for tasks to queue
[2024-05-02T10:53:35.280+0000] {logging_mixin.py:188} INFO - [2024-05-02T10:53:35.279+0000] {dagbag.py:540} INFO - Filling up the DagBag from /home/airflow/.local/lib/python3.12/site-packages/airflow/example_dags/example_nested_branch_dag.py
[2024-05-02T10:53:35.292+0000] {processor.py:840} INFO - DAG(s) 'example_nested_branch_dag' retrieved from /home/airflow/.local/lib/python3.12/site-packages/airflow/example_dags/example_nested_branch_dag.py
[2024-05-02T10:53:35.307+0000] {logging_mixin.py:188} INFO - [2024-05-02T10:53:35.307+0000] {dag.py:3096} INFO - Sync 1 DAGs
[2024-05-02T10:53:35.322+0000] {logging_mixin.py:188} INFO - [2024-05-02T10:53:35.322+0000] {dag.py:3954} INFO - Setting next_dagrun for example_nested_branch_dag to 2024-05-01 00:00:00+00:00, run_after=2024-05-02 00:00:00+00:00
[2024-05-02T10:53:35.404+0000] {processor.py:183} INFO - Processing /home/airflow/.local/lib/python3.12/site-packages/airflow/example_dags/example_nested_branch_dag.py took 0.136 seconds
[2024-05-02T10:54:05.797+0000] {processor.py:161} INFO - Started process (PID=634) to work on /home/airflow/.local/lib/python3.12/site-packages/airflow/example_dags/example_nested_branch_dag.py
[2024-05-02T10:54:05.797+0000] {processor.py:830} INFO - Processing file /home/airflow/.local/lib/python3.12/site-packages/airflow/example_dags/example_nested_branch_dag.py for tasks to queue
[2024-05-02T10:54:05.798+0000] {logging_mixin.py:188} INFO - [2024-05-02T10:54:05.798+0000] {dagbag.py:540} INFO - Filling up the DagBag from /home/airflow/.local/lib/python3.12/site-packages/airflow/example_dags/example_nested_branch_dag.py
[2024-05-02T10:54:05.805+0000] {processor.py:840} INFO - DAG(s) 'example_nested_branch_dag' retrieved from /home/airflow/.local/lib/python3.12/site-packages/airflow/example_dags/example_nested_branch_dag.py
[2024-05-02T10:54:05.818+0000] {logging_mixin.py:188} INFO - [2024-05-02T10:54:05.818+0000] {dag.py:3096} INFO - Sync 1 DAGs
[2024-05-02T10:54:05.852+0000] {logging_mixin.py:188} INFO - [2024-05-02T10:54:05.852+0000] {dag.py:3954} INFO - Setting next_dagrun for example_nested_branch_dag to 2024-05-01 00:00:00+00:00, run_after=2024-05-02 00:00:00+00:00
[2024-05-02T10:54:05.864+0000] {processor.py:183} INFO - Processing /home/airflow/.local/lib/python3.12/site-packages/airflow/example_dags/example_nested_branch_dag.py took 0.071 seconds
[2024-05-02T10:54:36.271+0000] {processor.py:161} INFO - Started process (PID=694) to work on /home/airflow/.local/lib/python3.12/site-packages/airflow/example_dags/example_nested_branch_dag.py
[2024-05-02T10:54:36.271+0000] {processor.py:830} INFO - Processing file /home/airflow/.local/lib/python3.12/site-packages/airflow/example_dags/example_nested_branch_dag.py for tasks to queue
[2024-05-02T10:54:36.272+0000] {logging_mixin.py:188} INFO - [2024-05-02T10:54:36.272+0000] {dagbag.py:540} INFO - Filling up the DagBag from /home/airflow/.local/lib/python3.12/site-packages/airflow/example_dags/example_nested_branch_dag.py
[2024-05-02T10:54:36.279+0000] {processor.py:840} INFO - DAG(s) 'example_nested_branch_dag' retrieved from /home/airflow/.local/lib/python3.12/site-packages/airflow/example_dags/example_nested_branch_dag.py
[2024-05-02T10:54:36.292+0000] {logging_mixin.py:188} INFO - [2024-05-02T10:54:36.292+0000] {dag.py:3096} INFO - Sync 1 DAGs
[2024-05-02T10:54:36.325+0000] {logging_mixin.py:188} INFO - [2024-05-02T10:54:36.325+0000] {dag.py:3954} INFO - Setting next_dagrun for example_nested_branch_dag to 2024-05-01 00:00:00+00:00, run_after=2024-05-02 00:00:00+00:00
[2024-05-02T10:54:36.337+0000] {processor.py:183} INFO - Processing /home/airflow/.local/lib/python3.12/site-packages/airflow/example_dags/example_nested_branch_dag.py took 0.070 seconds
[2024-05-02T10:55:06.599+0000] {processor.py:161} INFO - Started process (PID=754) to work on /home/airflow/.local/lib/python3.12/site-packages/airflow/example_dags/example_nested_branch_dag.py
[2024-05-02T10:55:06.599+0000] {processor.py:830} INFO - Processing file /home/airflow/.local/lib/python3.12/site-packages/airflow/example_dags/example_nested_branch_dag.py for tasks to queue
[2024-05-02T10:55:06.600+0000] {logging_mixin.py:188} INFO - [2024-05-02T10:55:06.600+0000] {dagbag.py:540} INFO - Filling up the DagBag from /home/airflow/.local/lib/python3.12/site-packages/airflow/example_dags/example_nested_branch_dag.py
[2024-05-02T10:55:06.606+0000] {processor.py:840} INFO - DAG(s) 'example_nested_branch_dag' retrieved from /home/airflow/.local/lib/python3.12/site-packages/airflow/example_dags/example_nested_branch_dag.py
[2024-05-02T10:55:06.620+0000] {logging_mixin.py:188} INFO - [2024-05-02T10:55:06.620+0000] {dag.py:3096} INFO - Sync 1 DAGs
[2024-05-02T10:55:06.633+0000] {logging_mixin.py:188} INFO - [2024-05-02T10:55:06.633+0000] {dag.py:3954} INFO - Setting next_dagrun for example_nested_branch_dag to 2024-05-01 00:00:00+00:00, run_after=2024-05-02 00:00:00+00:00
[2024-05-02T10:55:06.645+0000] {processor.py:183} INFO - Processing /home/airflow/.local/lib/python3.12/site-packages/airflow/example_dags/example_nested_branch_dag.py took 0.049 seconds
[2024-05-02T10:55:36.946+0000] {processor.py:161} INFO - Started process (PID=814) to work on /home/airflow/.local/lib/python3.12/site-packages/airflow/example_dags/example_nested_branch_dag.py
[2024-05-02T10:55:36.946+0000] {processor.py:830} INFO - Processing file /home/airflow/.local/lib/python3.12/site-packages/airflow/example_dags/example_nested_branch_dag.py for tasks to queue
[2024-05-02T10:55:36.947+0000] {logging_mixin.py:188} INFO - [2024-05-02T10:55:36.947+0000] {dagbag.py:540} INFO - Filling up the DagBag from /home/airflow/.local/lib/python3.12/site-packages/airflow/example_dags/example_nested_branch_dag.py
[2024-05-02T10:55:36.953+0000] {processor.py:840} INFO - DAG(s) 'example_nested_branch_dag' retrieved from /home/airflow/.local/lib/python3.12/site-packages/airflow/example_dags/example_nested_branch_dag.py
[2024-05-02T10:55:36.967+0000] {logging_mixin.py:188} INFO - [2024-05-02T10:55:36.967+0000] {dag.py:3096} INFO - Sync 1 DAGs
[2024-05-02T10:55:36.982+0000] {logging_mixin.py:188} INFO - [2024-05-02T10:55:36.982+0000] {dag.py:3954} INFO - Setting next_dagrun for example_nested_branch_dag to 2024-05-01 00:00:00+00:00, run_after=2024-05-02 00:00:00+00:00
[2024-05-02T10:55:36.995+0000] {processor.py:183} INFO - Processing /home/airflow/.local/lib/python3.12/site-packages/airflow/example_dags/example_nested_branch_dag.py took 0.052 seconds
[2024-05-02T10:56:07.369+0000] {processor.py:161} INFO - Started process (PID=874) to work on /home/airflow/.local/lib/python3.12/site-packages/airflow/example_dags/example_nested_branch_dag.py
[2024-05-02T10:56:07.370+0000] {processor.py:830} INFO - Processing file /home/airflow/.local/lib/python3.12/site-packages/airflow/example_dags/example_nested_branch_dag.py for tasks to queue
[2024-05-02T10:56:07.371+0000] {logging_mixin.py:188} INFO - [2024-05-02T10:56:07.371+0000] {dagbag.py:540} INFO - Filling up the DagBag from /home/airflow/.local/lib/python3.12/site-packages/airflow/example_dags/example_nested_branch_dag.py
[2024-05-02T10:56:07.378+0000] {processor.py:840} INFO - DAG(s) 'example_nested_branch_dag' retrieved from /home/airflow/.local/lib/python3.12/site-packages/airflow/example_dags/example_nested_branch_dag.py
[2024-05-02T10:56:07.392+0000] {logging_mixin.py:188} INFO - [2024-05-02T10:56:07.392+0000] {dag.py:3096} INFO - Sync 1 DAGs
[2024-05-02T10:56:07.430+0000] {logging_mixin.py:188} INFO - [2024-05-02T10:56:07.430+0000] {dag.py:3954} INFO - Setting next_dagrun for example_nested_branch_dag to 2024-05-01 00:00:00+00:00, run_after=2024-05-02 00:00:00+00:00
[2024-05-02T10:56:07.443+0000] {processor.py:183} INFO - Processing /home/airflow/.local/lib/python3.12/site-packages/airflow/example_dags/example_nested_branch_dag.py took 0.078 seconds
[2024-05-02T10:56:37.839+0000] {processor.py:161} INFO - Started process (PID=934) to work on /home/airflow/.local/lib/python3.12/site-packages/airflow/example_dags/example_nested_branch_dag.py
[2024-05-02T10:56:37.839+0000] {processor.py:830} INFO - Processing file /home/airflow/.local/lib/python3.12/site-packages/airflow/example_dags/example_nested_branch_dag.py for tasks to queue
[2024-05-02T10:56:37.840+0000] {logging_mixin.py:188} INFO - [2024-05-02T10:56:37.840+0000] {dagbag.py:540} INFO - Filling up the DagBag from /home/airflow/.local/lib/python3.12/site-packages/airflow/example_dags/example_nested_branch_dag.py
[2024-05-02T10:56:37.846+0000] {processor.py:840} INFO - DAG(s) 'example_nested_branch_dag' retrieved from /home/airflow/.local/lib/python3.12/site-packages/airflow/example_dags/example_nested_branch_dag.py
[2024-05-02T10:56:37.860+0000] {logging_mixin.py:188} INFO - [2024-05-02T10:56:37.860+0000] {dag.py:3096} INFO - Sync 1 DAGs
[2024-05-02T10:56:37.875+0000] {logging_mixin.py:188} INFO - [2024-05-02T10:56:37.874+0000] {dag.py:3954} INFO - Setting next_dagrun for example_nested_branch_dag to 2024-05-01 00:00:00+00:00, run_after=2024-05-02 00:00:00+00:00
[2024-05-02T10:56:37.898+0000] {processor.py:183} INFO - Processing /home/airflow/.local/lib/python3.12/site-packages/airflow/example_dags/example_nested_branch_dag.py took 0.063 seconds
[2024-05-02T10:57:08.392+0000] {processor.py:161} INFO - Started process (PID=994) to work on /home/airflow/.local/lib/python3.12/site-packages/airflow/example_dags/example_nested_branch_dag.py
[2024-05-02T10:57:08.393+0000] {processor.py:830} INFO - Processing file /home/airflow/.local/lib/python3.12/site-packages/airflow/example_dags/example_nested_branch_dag.py for tasks to queue
[2024-05-02T10:57:08.394+0000] {logging_mixin.py:188} INFO - [2024-05-02T10:57:08.394+0000] {dagbag.py:540} INFO - Filling up the DagBag from /home/airflow/.local/lib/python3.12/site-packages/airflow/example_dags/example_nested_branch_dag.py
[2024-05-02T10:57:08.400+0000] {processor.py:840} INFO - DAG(s) 'example_nested_branch_dag' retrieved from /home/airflow/.local/lib/python3.12/site-packages/airflow/example_dags/example_nested_branch_dag.py
[2024-05-02T10:57:08.412+0000] {logging_mixin.py:188} INFO - [2024-05-02T10:57:08.412+0000] {dag.py:3096} INFO - Sync 1 DAGs
[2024-05-02T10:57:08.444+0000] {logging_mixin.py:188} INFO - [2024-05-02T10:57:08.443+0000] {dag.py:3954} INFO - Setting next_dagrun for example_nested_branch_dag to 2024-05-01 00:00:00+00:00, run_after=2024-05-02 00:00:00+00:00
[2024-05-02T10:57:08.469+0000] {processor.py:183} INFO - Processing /home/airflow/.local/lib/python3.12/site-packages/airflow/example_dags/example_nested_branch_dag.py took 0.080 seconds
