[2024-05-02T10:20:06.821+0000] {processor.py:161} INFO - Started process (PID=55) to work on /home/airflow/.local/lib/python3.12/site-packages/airflow/example_dags/example_short_circuit_operator.py
[2024-05-02T10:20:06.822+0000] {processor.py:830} INFO - Processing file /home/airflow/.local/lib/python3.12/site-packages/airflow/example_dags/example_short_circuit_operator.py for tasks to queue
[2024-05-02T10:20:06.823+0000] {logging_mixin.py:188} INFO - [2024-05-02T10:20:06.823+0000] {dagbag.py:540} INFO - Filling up the DagBag from /home/airflow/.local/lib/python3.12/site-packages/airflow/example_dags/example_short_circuit_operator.py
[2024-05-02T10:20:06.828+0000] {processor.py:840} INFO - DAG(s) 'example_short_circuit_operator' retrieved from /home/airflow/.local/lib/python3.12/site-packages/airflow/example_dags/example_short_circuit_operator.py
[2024-05-02T10:20:06.834+0000] {logging_mixin.py:188} INFO - [2024-05-02T10:20:06.834+0000] {dag.py:3096} INFO - Sync 1 DAGs
[2024-05-02T10:20:06.851+0000] {logging_mixin.py:188} INFO - [2024-05-02T10:20:06.851+0000] {dag.py:3954} INFO - Setting next_dagrun for example_short_circuit_operator to 2024-05-01 00:00:00+00:00, run_after=2024-05-02 00:00:00+00:00
[2024-05-02T10:20:06.865+0000] {processor.py:183} INFO - Processing /home/airflow/.local/lib/python3.12/site-packages/airflow/example_dags/example_short_circuit_operator.py took 0.047 seconds
[2024-05-02T10:20:37.501+0000] {processor.py:161} INFO - Started process (PID=113) to work on /home/airflow/.local/lib/python3.12/site-packages/airflow/example_dags/example_short_circuit_operator.py
[2024-05-02T10:20:37.501+0000] {processor.py:830} INFO - Processing file /home/airflow/.local/lib/python3.12/site-packages/airflow/example_dags/example_short_circuit_operator.py for tasks to queue
[2024-05-02T10:20:37.502+0000] {logging_mixin.py:188} INFO - [2024-05-02T10:20:37.502+0000] {dagbag.py:540} INFO - Filling up the DagBag from /home/airflow/.local/lib/python3.12/site-packages/airflow/example_dags/example_short_circuit_operator.py
[2024-05-02T10:20:37.507+0000] {processor.py:840} INFO - DAG(s) 'example_short_circuit_operator' retrieved from /home/airflow/.local/lib/python3.12/site-packages/airflow/example_dags/example_short_circuit_operator.py
[2024-05-02T10:20:37.590+0000] {logging_mixin.py:188} INFO - [2024-05-02T10:20:37.590+0000] {dag.py:3096} INFO - Sync 1 DAGs
[2024-05-02T10:20:37.607+0000] {logging_mixin.py:188} INFO - [2024-05-02T10:20:37.607+0000] {dag.py:3954} INFO - Setting next_dagrun for example_short_circuit_operator to 2024-05-01 00:00:00+00:00, run_after=2024-05-02 00:00:00+00:00
[2024-05-02T10:20:37.621+0000] {processor.py:183} INFO - Processing /home/airflow/.local/lib/python3.12/site-packages/airflow/example_dags/example_short_circuit_operator.py took 0.124 seconds
[2024-05-02T10:21:08.545+0000] {processor.py:161} INFO - Started process (PID=172) to work on /home/airflow/.local/lib/python3.12/site-packages/airflow/example_dags/example_short_circuit_operator.py
[2024-05-02T10:21:08.546+0000] {processor.py:830} INFO - Processing file /home/airflow/.local/lib/python3.12/site-packages/airflow/example_dags/example_short_circuit_operator.py for tasks to queue
[2024-05-02T10:21:08.546+0000] {logging_mixin.py:188} INFO - [2024-05-02T10:21:08.546+0000] {dagbag.py:540} INFO - Filling up the DagBag from /home/airflow/.local/lib/python3.12/site-packages/airflow/example_dags/example_short_circuit_operator.py
[2024-05-02T10:21:08.551+0000] {processor.py:840} INFO - DAG(s) 'example_short_circuit_operator' retrieved from /home/airflow/.local/lib/python3.12/site-packages/airflow/example_dags/example_short_circuit_operator.py
[2024-05-02T10:21:08.565+0000] {logging_mixin.py:188} INFO - [2024-05-02T10:21:08.565+0000] {dag.py:3096} INFO - Sync 1 DAGs
[2024-05-02T10:21:08.578+0000] {logging_mixin.py:188} INFO - [2024-05-02T10:21:08.578+0000] {dag.py:3954} INFO - Setting next_dagrun for example_short_circuit_operator to 2024-05-01 00:00:00+00:00, run_after=2024-05-02 00:00:00+00:00
[2024-05-02T10:21:08.593+0000] {processor.py:183} INFO - Processing /home/airflow/.local/lib/python3.12/site-packages/airflow/example_dags/example_short_circuit_operator.py took 0.053 seconds
[2024-05-02T10:21:39.066+0000] {processor.py:161} INFO - Started process (PID=230) to work on /home/airflow/.local/lib/python3.12/site-packages/airflow/example_dags/example_short_circuit_operator.py
[2024-05-02T10:21:39.066+0000] {processor.py:830} INFO - Processing file /home/airflow/.local/lib/python3.12/site-packages/airflow/example_dags/example_short_circuit_operator.py for tasks to queue
[2024-05-02T10:21:39.067+0000] {logging_mixin.py:188} INFO - [2024-05-02T10:21:39.067+0000] {dagbag.py:540} INFO - Filling up the DagBag from /home/airflow/.local/lib/python3.12/site-packages/airflow/example_dags/example_short_circuit_operator.py
[2024-05-02T10:21:39.071+0000] {processor.py:840} INFO - DAG(s) 'example_short_circuit_operator' retrieved from /home/airflow/.local/lib/python3.12/site-packages/airflow/example_dags/example_short_circuit_operator.py
[2024-05-02T10:21:39.085+0000] {logging_mixin.py:188} INFO - [2024-05-02T10:21:39.085+0000] {dag.py:3096} INFO - Sync 1 DAGs
[2024-05-02T10:21:39.098+0000] {logging_mixin.py:188} INFO - [2024-05-02T10:21:39.098+0000] {dag.py:3954} INFO - Setting next_dagrun for example_short_circuit_operator to 2024-05-01 00:00:00+00:00, run_after=2024-05-02 00:00:00+00:00
[2024-05-02T10:21:39.112+0000] {processor.py:183} INFO - Processing /home/airflow/.local/lib/python3.12/site-packages/airflow/example_dags/example_short_circuit_operator.py took 0.050 seconds
[2024-05-02T10:22:09.391+0000] {processor.py:161} INFO - Started process (PID=288) to work on /home/airflow/.local/lib/python3.12/site-packages/airflow/example_dags/example_short_circuit_operator.py
[2024-05-02T10:22:09.391+0000] {processor.py:830} INFO - Processing file /home/airflow/.local/lib/python3.12/site-packages/airflow/example_dags/example_short_circuit_operator.py for tasks to queue
[2024-05-02T10:22:09.392+0000] {logging_mixin.py:188} INFO - [2024-05-02T10:22:09.392+0000] {dagbag.py:540} INFO - Filling up the DagBag from /home/airflow/.local/lib/python3.12/site-packages/airflow/example_dags/example_short_circuit_operator.py
[2024-05-02T10:22:09.397+0000] {processor.py:840} INFO - DAG(s) 'example_short_circuit_operator' retrieved from /home/airflow/.local/lib/python3.12/site-packages/airflow/example_dags/example_short_circuit_operator.py
[2024-05-02T10:22:09.411+0000] {logging_mixin.py:188} INFO - [2024-05-02T10:22:09.411+0000] {dag.py:3096} INFO - Sync 1 DAGs
[2024-05-02T10:22:09.425+0000] {logging_mixin.py:188} INFO - [2024-05-02T10:22:09.425+0000] {dag.py:3954} INFO - Setting next_dagrun for example_short_circuit_operator to 2024-05-01 00:00:00+00:00, run_after=2024-05-02 00:00:00+00:00
[2024-05-02T10:22:09.436+0000] {processor.py:183} INFO - Processing /home/airflow/.local/lib/python3.12/site-packages/airflow/example_dags/example_short_circuit_operator.py took 0.049 seconds
[2024-05-02T10:22:40.137+0000] {processor.py:161} INFO - Started process (PID=346) to work on /home/airflow/.local/lib/python3.12/site-packages/airflow/example_dags/example_short_circuit_operator.py
[2024-05-02T10:22:40.138+0000] {processor.py:830} INFO - Processing file /home/airflow/.local/lib/python3.12/site-packages/airflow/example_dags/example_short_circuit_operator.py for tasks to queue
[2024-05-02T10:22:40.139+0000] {logging_mixin.py:188} INFO - [2024-05-02T10:22:40.139+0000] {dagbag.py:540} INFO - Filling up the DagBag from /home/airflow/.local/lib/python3.12/site-packages/airflow/example_dags/example_short_circuit_operator.py
[2024-05-02T10:22:40.143+0000] {processor.py:840} INFO - DAG(s) 'example_short_circuit_operator' retrieved from /home/airflow/.local/lib/python3.12/site-packages/airflow/example_dags/example_short_circuit_operator.py
[2024-05-02T10:22:40.157+0000] {logging_mixin.py:188} INFO - [2024-05-02T10:22:40.157+0000] {dag.py:3096} INFO - Sync 1 DAGs
[2024-05-02T10:22:40.171+0000] {logging_mixin.py:188} INFO - [2024-05-02T10:22:40.171+0000] {dag.py:3954} INFO - Setting next_dagrun for example_short_circuit_operator to 2024-05-01 00:00:00+00:00, run_after=2024-05-02 00:00:00+00:00
[2024-05-02T10:22:40.184+0000] {processor.py:183} INFO - Processing /home/airflow/.local/lib/python3.12/site-packages/airflow/example_dags/example_short_circuit_operator.py took 0.050 seconds
[2024-05-02T10:23:11.472+0000] {processor.py:161} INFO - Started process (PID=404) to work on /home/airflow/.local/lib/python3.12/site-packages/airflow/example_dags/example_short_circuit_operator.py
[2024-05-02T10:23:11.473+0000] {processor.py:830} INFO - Processing file /home/airflow/.local/lib/python3.12/site-packages/airflow/example_dags/example_short_circuit_operator.py for tasks to queue
[2024-05-02T10:23:11.474+0000] {logging_mixin.py:188} INFO - [2024-05-02T10:23:11.474+0000] {dagbag.py:540} INFO - Filling up the DagBag from /home/airflow/.local/lib/python3.12/site-packages/airflow/example_dags/example_short_circuit_operator.py
[2024-05-02T10:23:11.480+0000] {processor.py:840} INFO - DAG(s) 'example_short_circuit_operator' retrieved from /home/airflow/.local/lib/python3.12/site-packages/airflow/example_dags/example_short_circuit_operator.py
[2024-05-02T10:23:11.496+0000] {logging_mixin.py:188} INFO - [2024-05-02T10:23:11.495+0000] {dag.py:3096} INFO - Sync 1 DAGs
[2024-05-02T10:23:11.512+0000] {logging_mixin.py:188} INFO - [2024-05-02T10:23:11.512+0000] {dag.py:3954} INFO - Setting next_dagrun for example_short_circuit_operator to 2024-05-01 00:00:00+00:00, run_after=2024-05-02 00:00:00+00:00
[2024-05-02T10:23:11.524+0000] {processor.py:183} INFO - Processing /home/airflow/.local/lib/python3.12/site-packages/airflow/example_dags/example_short_circuit_operator.py took 0.056 seconds
[2024-05-02T10:23:41.586+0000] {processor.py:161} INFO - Started process (PID=462) to work on /home/airflow/.local/lib/python3.12/site-packages/airflow/example_dags/example_short_circuit_operator.py
[2024-05-02T10:23:41.586+0000] {processor.py:830} INFO - Processing file /home/airflow/.local/lib/python3.12/site-packages/airflow/example_dags/example_short_circuit_operator.py for tasks to queue
[2024-05-02T10:23:41.587+0000] {logging_mixin.py:188} INFO - [2024-05-02T10:23:41.587+0000] {dagbag.py:540} INFO - Filling up the DagBag from /home/airflow/.local/lib/python3.12/site-packages/airflow/example_dags/example_short_circuit_operator.py
[2024-05-02T10:23:41.592+0000] {processor.py:840} INFO - DAG(s) 'example_short_circuit_operator' retrieved from /home/airflow/.local/lib/python3.12/site-packages/airflow/example_dags/example_short_circuit_operator.py
[2024-05-02T10:23:41.605+0000] {logging_mixin.py:188} INFO - [2024-05-02T10:23:41.605+0000] {dag.py:3096} INFO - Sync 1 DAGs
[2024-05-02T10:23:41.620+0000] {logging_mixin.py:188} INFO - [2024-05-02T10:23:41.620+0000] {dag.py:3954} INFO - Setting next_dagrun for example_short_circuit_operator to 2024-05-01 00:00:00+00:00, run_after=2024-05-02 00:00:00+00:00
[2024-05-02T10:23:41.634+0000] {processor.py:183} INFO - Processing /home/airflow/.local/lib/python3.12/site-packages/airflow/example_dags/example_short_circuit_operator.py took 0.052 seconds
[2024-05-02T10:24:13.065+0000] {processor.py:161} INFO - Started process (PID=519) to work on /home/airflow/.local/lib/python3.12/site-packages/airflow/example_dags/example_short_circuit_operator.py
[2024-05-02T10:24:13.066+0000] {processor.py:830} INFO - Processing file /home/airflow/.local/lib/python3.12/site-packages/airflow/example_dags/example_short_circuit_operator.py for tasks to queue
[2024-05-02T10:24:13.069+0000] {logging_mixin.py:188} INFO - [2024-05-02T10:24:13.068+0000] {dagbag.py:540} INFO - Filling up the DagBag from /home/airflow/.local/lib/python3.12/site-packages/airflow/example_dags/example_short_circuit_operator.py
[2024-05-02T10:24:13.078+0000] {processor.py:840} INFO - DAG(s) 'example_short_circuit_operator' retrieved from /home/airflow/.local/lib/python3.12/site-packages/airflow/example_dags/example_short_circuit_operator.py
[2024-05-02T10:24:13.093+0000] {logging_mixin.py:188} INFO - [2024-05-02T10:24:13.093+0000] {dag.py:3096} INFO - Sync 1 DAGs
[2024-05-02T10:24:13.106+0000] {logging_mixin.py:188} INFO - [2024-05-02T10:24:13.105+0000] {dag.py:3954} INFO - Setting next_dagrun for example_short_circuit_operator to 2024-05-01 00:00:00+00:00, run_after=2024-05-02 00:00:00+00:00
[2024-05-02T10:24:13.122+0000] {processor.py:183} INFO - Processing /home/airflow/.local/lib/python3.12/site-packages/airflow/example_dags/example_short_circuit_operator.py took 0.070 seconds
[2024-05-02T10:24:43.617+0000] {processor.py:161} INFO - Started process (PID=577) to work on /home/airflow/.local/lib/python3.12/site-packages/airflow/example_dags/example_short_circuit_operator.py
[2024-05-02T10:24:43.618+0000] {processor.py:830} INFO - Processing file /home/airflow/.local/lib/python3.12/site-packages/airflow/example_dags/example_short_circuit_operator.py for tasks to queue
[2024-05-02T10:24:43.619+0000] {logging_mixin.py:188} INFO - [2024-05-02T10:24:43.619+0000] {dagbag.py:540} INFO - Filling up the DagBag from /home/airflow/.local/lib/python3.12/site-packages/airflow/example_dags/example_short_circuit_operator.py
[2024-05-02T10:24:43.623+0000] {processor.py:840} INFO - DAG(s) 'example_short_circuit_operator' retrieved from /home/airflow/.local/lib/python3.12/site-packages/airflow/example_dags/example_short_circuit_operator.py
[2024-05-02T10:24:43.639+0000] {logging_mixin.py:188} INFO - [2024-05-02T10:24:43.639+0000] {dag.py:3096} INFO - Sync 1 DAGs
[2024-05-02T10:24:43.666+0000] {logging_mixin.py:188} INFO - [2024-05-02T10:24:43.665+0000] {dag.py:3954} INFO - Setting next_dagrun for example_short_circuit_operator to 2024-05-01 00:00:00+00:00, run_after=2024-05-02 00:00:00+00:00
[2024-05-02T10:24:43.678+0000] {processor.py:183} INFO - Processing /home/airflow/.local/lib/python3.12/site-packages/airflow/example_dags/example_short_circuit_operator.py took 0.064 seconds
[2024-05-02T10:25:13.844+0000] {processor.py:161} INFO - Started process (PID=636) to work on /home/airflow/.local/lib/python3.12/site-packages/airflow/example_dags/example_short_circuit_operator.py
[2024-05-02T10:25:13.844+0000] {processor.py:830} INFO - Processing file /home/airflow/.local/lib/python3.12/site-packages/airflow/example_dags/example_short_circuit_operator.py for tasks to queue
[2024-05-02T10:25:13.846+0000] {logging_mixin.py:188} INFO - [2024-05-02T10:25:13.846+0000] {dagbag.py:540} INFO - Filling up the DagBag from /home/airflow/.local/lib/python3.12/site-packages/airflow/example_dags/example_short_circuit_operator.py
[2024-05-02T10:25:13.853+0000] {processor.py:840} INFO - DAG(s) 'example_short_circuit_operator' retrieved from /home/airflow/.local/lib/python3.12/site-packages/airflow/example_dags/example_short_circuit_operator.py
[2024-05-02T10:25:13.884+0000] {logging_mixin.py:188} INFO - [2024-05-02T10:25:13.884+0000] {dag.py:3096} INFO - Sync 1 DAGs
[2024-05-02T10:25:13.918+0000] {logging_mixin.py:188} INFO - [2024-05-02T10:25:13.918+0000] {dag.py:3954} INFO - Setting next_dagrun for example_short_circuit_operator to 2024-05-01 00:00:00+00:00, run_after=2024-05-02 00:00:00+00:00
[2024-05-02T10:25:13.930+0000] {processor.py:183} INFO - Processing /home/airflow/.local/lib/python3.12/site-packages/airflow/example_dags/example_short_circuit_operator.py took 0.090 seconds
[2024-05-02T10:25:44.936+0000] {processor.py:161} INFO - Started process (PID=696) to work on /home/airflow/.local/lib/python3.12/site-packages/airflow/example_dags/example_short_circuit_operator.py
[2024-05-02T10:25:44.937+0000] {processor.py:830} INFO - Processing file /home/airflow/.local/lib/python3.12/site-packages/airflow/example_dags/example_short_circuit_operator.py for tasks to queue
[2024-05-02T10:25:44.939+0000] {logging_mixin.py:188} INFO - [2024-05-02T10:25:44.939+0000] {dagbag.py:540} INFO - Filling up the DagBag from /home/airflow/.local/lib/python3.12/site-packages/airflow/example_dags/example_short_circuit_operator.py
[2024-05-02T10:25:44.948+0000] {processor.py:840} INFO - DAG(s) 'example_short_circuit_operator' retrieved from /home/airflow/.local/lib/python3.12/site-packages/airflow/example_dags/example_short_circuit_operator.py
[2024-05-02T10:25:44.967+0000] {logging_mixin.py:188} INFO - [2024-05-02T10:25:44.967+0000] {dag.py:3096} INFO - Sync 1 DAGs
[2024-05-02T10:25:44.982+0000] {logging_mixin.py:188} INFO - [2024-05-02T10:25:44.982+0000] {dag.py:3954} INFO - Setting next_dagrun for example_short_circuit_operator to 2024-05-01 00:00:00+00:00, run_after=2024-05-02 00:00:00+00:00
[2024-05-02T10:25:44.995+0000] {processor.py:183} INFO - Processing /home/airflow/.local/lib/python3.12/site-packages/airflow/example_dags/example_short_circuit_operator.py took 0.067 seconds
[2024-05-02T10:26:15.339+0000] {processor.py:161} INFO - Started process (PID=756) to work on /home/airflow/.local/lib/python3.12/site-packages/airflow/example_dags/example_short_circuit_operator.py
[2024-05-02T10:26:15.339+0000] {processor.py:830} INFO - Processing file /home/airflow/.local/lib/python3.12/site-packages/airflow/example_dags/example_short_circuit_operator.py for tasks to queue
[2024-05-02T10:26:15.340+0000] {logging_mixin.py:188} INFO - [2024-05-02T10:26:15.340+0000] {dagbag.py:540} INFO - Filling up the DagBag from /home/airflow/.local/lib/python3.12/site-packages/airflow/example_dags/example_short_circuit_operator.py
[2024-05-02T10:26:15.345+0000] {processor.py:840} INFO - DAG(s) 'example_short_circuit_operator' retrieved from /home/airflow/.local/lib/python3.12/site-packages/airflow/example_dags/example_short_circuit_operator.py
[2024-05-02T10:26:15.360+0000] {logging_mixin.py:188} INFO - [2024-05-02T10:26:15.360+0000] {dag.py:3096} INFO - Sync 1 DAGs
[2024-05-02T10:26:15.377+0000] {logging_mixin.py:188} INFO - [2024-05-02T10:26:15.377+0000] {dag.py:3954} INFO - Setting next_dagrun for example_short_circuit_operator to 2024-05-01 00:00:00+00:00, run_after=2024-05-02 00:00:00+00:00
[2024-05-02T10:26:15.390+0000] {processor.py:183} INFO - Processing /home/airflow/.local/lib/python3.12/site-packages/airflow/example_dags/example_short_circuit_operator.py took 0.055 seconds
[2024-05-02T10:26:46.425+0000] {processor.py:161} INFO - Started process (PID=815) to work on /home/airflow/.local/lib/python3.12/site-packages/airflow/example_dags/example_short_circuit_operator.py
[2024-05-02T10:26:46.425+0000] {processor.py:830} INFO - Processing file /home/airflow/.local/lib/python3.12/site-packages/airflow/example_dags/example_short_circuit_operator.py for tasks to queue
[2024-05-02T10:26:46.426+0000] {logging_mixin.py:188} INFO - [2024-05-02T10:26:46.426+0000] {dagbag.py:540} INFO - Filling up the DagBag from /home/airflow/.local/lib/python3.12/site-packages/airflow/example_dags/example_short_circuit_operator.py
[2024-05-02T10:26:46.431+0000] {processor.py:840} INFO - DAG(s) 'example_short_circuit_operator' retrieved from /home/airflow/.local/lib/python3.12/site-packages/airflow/example_dags/example_short_circuit_operator.py
[2024-05-02T10:26:46.445+0000] {logging_mixin.py:188} INFO - [2024-05-02T10:26:46.445+0000] {dag.py:3096} INFO - Sync 1 DAGs
[2024-05-02T10:26:46.477+0000] {logging_mixin.py:188} INFO - [2024-05-02T10:26:46.477+0000] {dag.py:3954} INFO - Setting next_dagrun for example_short_circuit_operator to 2024-05-01 00:00:00+00:00, run_after=2024-05-02 00:00:00+00:00
[2024-05-02T10:26:46.491+0000] {processor.py:183} INFO - Processing /home/airflow/.local/lib/python3.12/site-packages/airflow/example_dags/example_short_circuit_operator.py took 0.070 seconds
[2024-05-02T10:27:17.707+0000] {processor.py:161} INFO - Started process (PID=874) to work on /home/airflow/.local/lib/python3.12/site-packages/airflow/example_dags/example_short_circuit_operator.py
[2024-05-02T10:27:17.707+0000] {processor.py:830} INFO - Processing file /home/airflow/.local/lib/python3.12/site-packages/airflow/example_dags/example_short_circuit_operator.py for tasks to queue
[2024-05-02T10:27:17.709+0000] {logging_mixin.py:188} INFO - [2024-05-02T10:27:17.708+0000] {dagbag.py:540} INFO - Filling up the DagBag from /home/airflow/.local/lib/python3.12/site-packages/airflow/example_dags/example_short_circuit_operator.py
[2024-05-02T10:27:17.714+0000] {processor.py:840} INFO - DAG(s) 'example_short_circuit_operator' retrieved from /home/airflow/.local/lib/python3.12/site-packages/airflow/example_dags/example_short_circuit_operator.py
[2024-05-02T10:27:17.730+0000] {logging_mixin.py:188} INFO - [2024-05-02T10:27:17.729+0000] {dag.py:3096} INFO - Sync 1 DAGs
[2024-05-02T10:27:17.863+0000] {logging_mixin.py:188} INFO - [2024-05-02T10:27:17.863+0000] {dag.py:3954} INFO - Setting next_dagrun for example_short_circuit_operator to 2024-05-01 00:00:00+00:00, run_after=2024-05-02 00:00:00+00:00
[2024-05-02T10:27:17.879+0000] {processor.py:183} INFO - Processing /home/airflow/.local/lib/python3.12/site-packages/airflow/example_dags/example_short_circuit_operator.py took 0.177 seconds
[2024-05-02T10:27:48.434+0000] {processor.py:161} INFO - Started process (PID=933) to work on /home/airflow/.local/lib/python3.12/site-packages/airflow/example_dags/example_short_circuit_operator.py
[2024-05-02T10:27:48.434+0000] {processor.py:830} INFO - Processing file /home/airflow/.local/lib/python3.12/site-packages/airflow/example_dags/example_short_circuit_operator.py for tasks to queue
[2024-05-02T10:27:48.435+0000] {logging_mixin.py:188} INFO - [2024-05-02T10:27:48.435+0000] {dagbag.py:540} INFO - Filling up the DagBag from /home/airflow/.local/lib/python3.12/site-packages/airflow/example_dags/example_short_circuit_operator.py
[2024-05-02T10:27:48.442+0000] {processor.py:840} INFO - DAG(s) 'example_short_circuit_operator' retrieved from /home/airflow/.local/lib/python3.12/site-packages/airflow/example_dags/example_short_circuit_operator.py
[2024-05-02T10:27:48.481+0000] {logging_mixin.py:188} INFO - [2024-05-02T10:27:48.481+0000] {dag.py:3096} INFO - Sync 1 DAGs
[2024-05-02T10:27:48.497+0000] {logging_mixin.py:188} INFO - [2024-05-02T10:27:48.497+0000] {dag.py:3954} INFO - Setting next_dagrun for example_short_circuit_operator to 2024-05-01 00:00:00+00:00, run_after=2024-05-02 00:00:00+00:00
[2024-05-02T10:27:48.528+0000] {processor.py:183} INFO - Processing /home/airflow/.local/lib/python3.12/site-packages/airflow/example_dags/example_short_circuit_operator.py took 0.098 seconds
[2024-05-02T10:28:19.022+0000] {processor.py:161} INFO - Started process (PID=993) to work on /home/airflow/.local/lib/python3.12/site-packages/airflow/example_dags/example_short_circuit_operator.py
[2024-05-02T10:28:19.023+0000] {processor.py:830} INFO - Processing file /home/airflow/.local/lib/python3.12/site-packages/airflow/example_dags/example_short_circuit_operator.py for tasks to queue
[2024-05-02T10:28:19.048+0000] {logging_mixin.py:188} INFO - [2024-05-02T10:28:19.048+0000] {dagbag.py:540} INFO - Filling up the DagBag from /home/airflow/.local/lib/python3.12/site-packages/airflow/example_dags/example_short_circuit_operator.py
[2024-05-02T10:28:19.053+0000] {processor.py:840} INFO - DAG(s) 'example_short_circuit_operator' retrieved from /home/airflow/.local/lib/python3.12/site-packages/airflow/example_dags/example_short_circuit_operator.py
[2024-05-02T10:28:19.068+0000] {logging_mixin.py:188} INFO - [2024-05-02T10:28:19.067+0000] {dag.py:3096} INFO - Sync 1 DAGs
[2024-05-02T10:28:19.083+0000] {logging_mixin.py:188} INFO - [2024-05-02T10:28:19.082+0000] {dag.py:3954} INFO - Setting next_dagrun for example_short_circuit_operator to 2024-05-01 00:00:00+00:00, run_after=2024-05-02 00:00:00+00:00
[2024-05-02T10:28:19.109+0000] {processor.py:183} INFO - Processing /home/airflow/.local/lib/python3.12/site-packages/airflow/example_dags/example_short_circuit_operator.py took 0.091 seconds
[2024-05-02T10:28:50.456+0000] {processor.py:161} INFO - Started process (PID=1057) to work on /home/airflow/.local/lib/python3.12/site-packages/airflow/example_dags/example_short_circuit_operator.py
[2024-05-02T10:28:50.457+0000] {processor.py:830} INFO - Processing file /home/airflow/.local/lib/python3.12/site-packages/airflow/example_dags/example_short_circuit_operator.py for tasks to queue
[2024-05-02T10:28:50.504+0000] {logging_mixin.py:188} INFO - [2024-05-02T10:28:50.503+0000] {dagbag.py:540} INFO - Filling up the DagBag from /home/airflow/.local/lib/python3.12/site-packages/airflow/example_dags/example_short_circuit_operator.py
[2024-05-02T10:28:50.509+0000] {processor.py:840} INFO - DAG(s) 'example_short_circuit_operator' retrieved from /home/airflow/.local/lib/python3.12/site-packages/airflow/example_dags/example_short_circuit_operator.py
[2024-05-02T10:28:50.523+0000] {logging_mixin.py:188} INFO - [2024-05-02T10:28:50.523+0000] {dag.py:3096} INFO - Sync 1 DAGs
[2024-05-02T10:28:50.537+0000] {logging_mixin.py:188} INFO - [2024-05-02T10:28:50.537+0000] {dag.py:3954} INFO - Setting next_dagrun for example_short_circuit_operator to 2024-05-01 00:00:00+00:00, run_after=2024-05-02 00:00:00+00:00
[2024-05-02T10:28:50.547+0000] {processor.py:183} INFO - Processing /home/airflow/.local/lib/python3.12/site-packages/airflow/example_dags/example_short_circuit_operator.py took 0.096 seconds
[2024-05-02T10:29:20.980+0000] {processor.py:161} INFO - Started process (PID=1116) to work on /home/airflow/.local/lib/python3.12/site-packages/airflow/example_dags/example_short_circuit_operator.py
[2024-05-02T10:29:20.980+0000] {processor.py:830} INFO - Processing file /home/airflow/.local/lib/python3.12/site-packages/airflow/example_dags/example_short_circuit_operator.py for tasks to queue
[2024-05-02T10:29:20.982+0000] {logging_mixin.py:188} INFO - [2024-05-02T10:29:20.982+0000] {dagbag.py:540} INFO - Filling up the DagBag from /home/airflow/.local/lib/python3.12/site-packages/airflow/example_dags/example_short_circuit_operator.py
[2024-05-02T10:29:20.987+0000] {processor.py:840} INFO - DAG(s) 'example_short_circuit_operator' retrieved from /home/airflow/.local/lib/python3.12/site-packages/airflow/example_dags/example_short_circuit_operator.py
[2024-05-02T10:29:21.001+0000] {logging_mixin.py:188} INFO - [2024-05-02T10:29:21.001+0000] {dag.py:3096} INFO - Sync 1 DAGs
[2024-05-02T10:29:21.055+0000] {logging_mixin.py:188} INFO - [2024-05-02T10:29:21.055+0000] {dag.py:3954} INFO - Setting next_dagrun for example_short_circuit_operator to 2024-05-01 00:00:00+00:00, run_after=2024-05-02 00:00:00+00:00
[2024-05-02T10:29:21.067+0000] {processor.py:183} INFO - Processing /home/airflow/.local/lib/python3.12/site-packages/airflow/example_dags/example_short_circuit_operator.py took 0.096 seconds
[2024-05-02T10:29:51.378+0000] {processor.py:161} INFO - Started process (PID=1175) to work on /home/airflow/.local/lib/python3.12/site-packages/airflow/example_dags/example_short_circuit_operator.py
[2024-05-02T10:29:51.378+0000] {processor.py:830} INFO - Processing file /home/airflow/.local/lib/python3.12/site-packages/airflow/example_dags/example_short_circuit_operator.py for tasks to queue
[2024-05-02T10:29:51.380+0000] {logging_mixin.py:188} INFO - [2024-05-02T10:29:51.379+0000] {dagbag.py:540} INFO - Filling up the DagBag from /home/airflow/.local/lib/python3.12/site-packages/airflow/example_dags/example_short_circuit_operator.py
[2024-05-02T10:29:51.384+0000] {processor.py:840} INFO - DAG(s) 'example_short_circuit_operator' retrieved from /home/airflow/.local/lib/python3.12/site-packages/airflow/example_dags/example_short_circuit_operator.py
[2024-05-02T10:29:51.399+0000] {logging_mixin.py:188} INFO - [2024-05-02T10:29:51.398+0000] {dag.py:3096} INFO - Sync 1 DAGs
[2024-05-02T10:29:51.413+0000] {logging_mixin.py:188} INFO - [2024-05-02T10:29:51.413+0000] {dag.py:3954} INFO - Setting next_dagrun for example_short_circuit_operator to 2024-05-01 00:00:00+00:00, run_after=2024-05-02 00:00:00+00:00
[2024-05-02T10:29:51.442+0000] {processor.py:183} INFO - Processing /home/airflow/.local/lib/python3.12/site-packages/airflow/example_dags/example_short_circuit_operator.py took 0.068 seconds
[2024-05-02T10:30:22.149+0000] {processor.py:161} INFO - Started process (PID=1234) to work on /home/airflow/.local/lib/python3.12/site-packages/airflow/example_dags/example_short_circuit_operator.py
[2024-05-02T10:30:22.150+0000] {processor.py:830} INFO - Processing file /home/airflow/.local/lib/python3.12/site-packages/airflow/example_dags/example_short_circuit_operator.py for tasks to queue
[2024-05-02T10:30:22.151+0000] {logging_mixin.py:188} INFO - [2024-05-02T10:30:22.150+0000] {dagbag.py:540} INFO - Filling up the DagBag from /home/airflow/.local/lib/python3.12/site-packages/airflow/example_dags/example_short_circuit_operator.py
[2024-05-02T10:30:22.155+0000] {processor.py:840} INFO - DAG(s) 'example_short_circuit_operator' retrieved from /home/airflow/.local/lib/python3.12/site-packages/airflow/example_dags/example_short_circuit_operator.py
[2024-05-02T10:30:22.169+0000] {logging_mixin.py:188} INFO - [2024-05-02T10:30:22.169+0000] {dag.py:3096} INFO - Sync 1 DAGs
[2024-05-02T10:30:22.183+0000] {logging_mixin.py:188} INFO - [2024-05-02T10:30:22.183+0000] {dag.py:3954} INFO - Setting next_dagrun for example_short_circuit_operator to 2024-05-01 00:00:00+00:00, run_after=2024-05-02 00:00:00+00:00
[2024-05-02T10:30:22.210+0000] {processor.py:183} INFO - Processing /home/airflow/.local/lib/python3.12/site-packages/airflow/example_dags/example_short_circuit_operator.py took 0.064 seconds
[2024-05-02T10:30:52.956+0000] {processor.py:161} INFO - Started process (PID=1293) to work on /home/airflow/.local/lib/python3.12/site-packages/airflow/example_dags/example_short_circuit_operator.py
[2024-05-02T10:30:52.957+0000] {processor.py:830} INFO - Processing file /home/airflow/.local/lib/python3.12/site-packages/airflow/example_dags/example_short_circuit_operator.py for tasks to queue
[2024-05-02T10:30:52.982+0000] {logging_mixin.py:188} INFO - [2024-05-02T10:30:52.982+0000] {dagbag.py:540} INFO - Filling up the DagBag from /home/airflow/.local/lib/python3.12/site-packages/airflow/example_dags/example_short_circuit_operator.py
[2024-05-02T10:30:52.987+0000] {processor.py:840} INFO - DAG(s) 'example_short_circuit_operator' retrieved from /home/airflow/.local/lib/python3.12/site-packages/airflow/example_dags/example_short_circuit_operator.py
[2024-05-02T10:30:53.000+0000] {logging_mixin.py:188} INFO - [2024-05-02T10:30:53.000+0000] {dag.py:3096} INFO - Sync 1 DAGs
[2024-05-02T10:30:53.014+0000] {logging_mixin.py:188} INFO - [2024-05-02T10:30:53.014+0000] {dag.py:3954} INFO - Setting next_dagrun for example_short_circuit_operator to 2024-05-01 00:00:00+00:00, run_after=2024-05-02 00:00:00+00:00
[2024-05-02T10:30:53.035+0000] {processor.py:183} INFO - Processing /home/airflow/.local/lib/python3.12/site-packages/airflow/example_dags/example_short_circuit_operator.py took 0.087 seconds
[2024-05-02T10:31:23.149+0000] {processor.py:161} INFO - Started process (PID=1352) to work on /home/airflow/.local/lib/python3.12/site-packages/airflow/example_dags/example_short_circuit_operator.py
[2024-05-02T10:31:23.149+0000] {processor.py:830} INFO - Processing file /home/airflow/.local/lib/python3.12/site-packages/airflow/example_dags/example_short_circuit_operator.py for tasks to queue
[2024-05-02T10:31:23.150+0000] {logging_mixin.py:188} INFO - [2024-05-02T10:31:23.150+0000] {dagbag.py:540} INFO - Filling up the DagBag from /home/airflow/.local/lib/python3.12/site-packages/airflow/example_dags/example_short_circuit_operator.py
[2024-05-02T10:31:23.155+0000] {processor.py:840} INFO - DAG(s) 'example_short_circuit_operator' retrieved from /home/airflow/.local/lib/python3.12/site-packages/airflow/example_dags/example_short_circuit_operator.py
[2024-05-02T10:31:23.170+0000] {logging_mixin.py:188} INFO - [2024-05-02T10:31:23.169+0000] {dag.py:3096} INFO - Sync 1 DAGs
[2024-05-02T10:31:23.201+0000] {logging_mixin.py:188} INFO - [2024-05-02T10:31:23.201+0000] {dag.py:3954} INFO - Setting next_dagrun for example_short_circuit_operator to 2024-05-01 00:00:00+00:00, run_after=2024-05-02 00:00:00+00:00
[2024-05-02T10:31:23.213+0000] {processor.py:183} INFO - Processing /home/airflow/.local/lib/python3.12/site-packages/airflow/example_dags/example_short_circuit_operator.py took 0.067 seconds
[2024-05-02T10:31:53.562+0000] {processor.py:161} INFO - Started process (PID=1411) to work on /home/airflow/.local/lib/python3.12/site-packages/airflow/example_dags/example_short_circuit_operator.py
[2024-05-02T10:31:53.563+0000] {processor.py:830} INFO - Processing file /home/airflow/.local/lib/python3.12/site-packages/airflow/example_dags/example_short_circuit_operator.py for tasks to queue
[2024-05-02T10:31:53.564+0000] {logging_mixin.py:188} INFO - [2024-05-02T10:31:53.564+0000] {dagbag.py:540} INFO - Filling up the DagBag from /home/airflow/.local/lib/python3.12/site-packages/airflow/example_dags/example_short_circuit_operator.py
[2024-05-02T10:31:53.568+0000] {processor.py:840} INFO - DAG(s) 'example_short_circuit_operator' retrieved from /home/airflow/.local/lib/python3.12/site-packages/airflow/example_dags/example_short_circuit_operator.py
[2024-05-02T10:31:53.595+0000] {logging_mixin.py:188} INFO - [2024-05-02T10:31:53.595+0000] {dag.py:3096} INFO - Sync 1 DAGs
[2024-05-02T10:31:53.609+0000] {logging_mixin.py:188} INFO - [2024-05-02T10:31:53.609+0000] {dag.py:3954} INFO - Setting next_dagrun for example_short_circuit_operator to 2024-05-01 00:00:00+00:00, run_after=2024-05-02 00:00:00+00:00
[2024-05-02T10:31:53.624+0000] {processor.py:183} INFO - Processing /home/airflow/.local/lib/python3.12/site-packages/airflow/example_dags/example_short_circuit_operator.py took 0.065 seconds
[2024-05-02T10:32:23.965+0000] {processor.py:161} INFO - Started process (PID=1470) to work on /home/airflow/.local/lib/python3.12/site-packages/airflow/example_dags/example_short_circuit_operator.py
[2024-05-02T10:32:23.966+0000] {processor.py:830} INFO - Processing file /home/airflow/.local/lib/python3.12/site-packages/airflow/example_dags/example_short_circuit_operator.py for tasks to queue
[2024-05-02T10:32:23.967+0000] {logging_mixin.py:188} INFO - [2024-05-02T10:32:23.966+0000] {dagbag.py:540} INFO - Filling up the DagBag from /home/airflow/.local/lib/python3.12/site-packages/airflow/example_dags/example_short_circuit_operator.py
[2024-05-02T10:32:23.972+0000] {processor.py:840} INFO - DAG(s) 'example_short_circuit_operator' retrieved from /home/airflow/.local/lib/python3.12/site-packages/airflow/example_dags/example_short_circuit_operator.py
[2024-05-02T10:32:23.987+0000] {logging_mixin.py:188} INFO - [2024-05-02T10:32:23.987+0000] {dag.py:3096} INFO - Sync 1 DAGs
[2024-05-02T10:32:24.014+0000] {logging_mixin.py:188} INFO - [2024-05-02T10:32:24.014+0000] {dag.py:3954} INFO - Setting next_dagrun for example_short_circuit_operator to 2024-05-01 00:00:00+00:00, run_after=2024-05-02 00:00:00+00:00
[2024-05-02T10:32:24.026+0000] {processor.py:183} INFO - Processing /home/airflow/.local/lib/python3.12/site-packages/airflow/example_dags/example_short_circuit_operator.py took 0.065 seconds
[2024-05-02T10:32:54.730+0000] {processor.py:161} INFO - Started process (PID=1529) to work on /home/airflow/.local/lib/python3.12/site-packages/airflow/example_dags/example_short_circuit_operator.py
[2024-05-02T10:32:54.731+0000] {processor.py:830} INFO - Processing file /home/airflow/.local/lib/python3.12/site-packages/airflow/example_dags/example_short_circuit_operator.py for tasks to queue
[2024-05-02T10:32:54.763+0000] {logging_mixin.py:188} INFO - [2024-05-02T10:32:54.762+0000] {dagbag.py:540} INFO - Filling up the DagBag from /home/airflow/.local/lib/python3.12/site-packages/airflow/example_dags/example_short_circuit_operator.py
[2024-05-02T10:32:54.798+0000] {processor.py:840} INFO - DAG(s) 'example_short_circuit_operator' retrieved from /home/airflow/.local/lib/python3.12/site-packages/airflow/example_dags/example_short_circuit_operator.py
[2024-05-02T10:32:54.829+0000] {logging_mixin.py:188} INFO - [2024-05-02T10:32:54.829+0000] {dag.py:3096} INFO - Sync 1 DAGs
[2024-05-02T10:32:54.857+0000] {logging_mixin.py:188} INFO - [2024-05-02T10:32:54.856+0000] {dag.py:3954} INFO - Setting next_dagrun for example_short_circuit_operator to 2024-05-01 00:00:00+00:00, run_after=2024-05-02 00:00:00+00:00
[2024-05-02T10:32:54.884+0000] {processor.py:183} INFO - Processing /home/airflow/.local/lib/python3.12/site-packages/airflow/example_dags/example_short_circuit_operator.py took 0.161 seconds
[2024-05-02T10:33:25.079+0000] {processor.py:161} INFO - Started process (PID=1588) to work on /home/airflow/.local/lib/python3.12/site-packages/airflow/example_dags/example_short_circuit_operator.py
[2024-05-02T10:33:25.080+0000] {processor.py:830} INFO - Processing file /home/airflow/.local/lib/python3.12/site-packages/airflow/example_dags/example_short_circuit_operator.py for tasks to queue
[2024-05-02T10:33:25.123+0000] {logging_mixin.py:188} INFO - [2024-05-02T10:33:25.122+0000] {dagbag.py:540} INFO - Filling up the DagBag from /home/airflow/.local/lib/python3.12/site-packages/airflow/example_dags/example_short_circuit_operator.py
[2024-05-02T10:33:25.156+0000] {processor.py:840} INFO - DAG(s) 'example_short_circuit_operator' retrieved from /home/airflow/.local/lib/python3.12/site-packages/airflow/example_dags/example_short_circuit_operator.py
[2024-05-02T10:33:25.189+0000] {logging_mixin.py:188} INFO - [2024-05-02T10:33:25.188+0000] {dag.py:3096} INFO - Sync 1 DAGs
[2024-05-02T10:33:25.214+0000] {logging_mixin.py:188} INFO - [2024-05-02T10:33:25.214+0000] {dag.py:3954} INFO - Setting next_dagrun for example_short_circuit_operator to 2024-05-01 00:00:00+00:00, run_after=2024-05-02 00:00:00+00:00
[2024-05-02T10:33:25.241+0000] {processor.py:183} INFO - Processing /home/airflow/.local/lib/python3.12/site-packages/airflow/example_dags/example_short_circuit_operator.py took 0.169 seconds
[2024-05-02T10:33:55.462+0000] {processor.py:161} INFO - Started process (PID=1647) to work on /home/airflow/.local/lib/python3.12/site-packages/airflow/example_dags/example_short_circuit_operator.py
[2024-05-02T10:33:55.462+0000] {processor.py:830} INFO - Processing file /home/airflow/.local/lib/python3.12/site-packages/airflow/example_dags/example_short_circuit_operator.py for tasks to queue
[2024-05-02T10:33:55.463+0000] {logging_mixin.py:188} INFO - [2024-05-02T10:33:55.463+0000] {dagbag.py:540} INFO - Filling up the DagBag from /home/airflow/.local/lib/python3.12/site-packages/airflow/example_dags/example_short_circuit_operator.py
[2024-05-02T10:33:55.468+0000] {processor.py:840} INFO - DAG(s) 'example_short_circuit_operator' retrieved from /home/airflow/.local/lib/python3.12/site-packages/airflow/example_dags/example_short_circuit_operator.py
[2024-05-02T10:33:55.483+0000] {logging_mixin.py:188} INFO - [2024-05-02T10:33:55.483+0000] {dag.py:3096} INFO - Sync 1 DAGs
[2024-05-02T10:33:55.504+0000] {logging_mixin.py:188} INFO - [2024-05-02T10:33:55.504+0000] {dag.py:3954} INFO - Setting next_dagrun for example_short_circuit_operator to 2024-05-01 00:00:00+00:00, run_after=2024-05-02 00:00:00+00:00
[2024-05-02T10:33:55.517+0000] {processor.py:183} INFO - Processing /home/airflow/.local/lib/python3.12/site-packages/airflow/example_dags/example_short_circuit_operator.py took 0.059 seconds
[2024-05-02T10:34:25.912+0000] {processor.py:161} INFO - Started process (PID=1706) to work on /home/airflow/.local/lib/python3.12/site-packages/airflow/example_dags/example_short_circuit_operator.py
[2024-05-02T10:34:25.912+0000] {processor.py:830} INFO - Processing file /home/airflow/.local/lib/python3.12/site-packages/airflow/example_dags/example_short_circuit_operator.py for tasks to queue
[2024-05-02T10:34:25.913+0000] {logging_mixin.py:188} INFO - [2024-05-02T10:34:25.913+0000] {dagbag.py:540} INFO - Filling up the DagBag from /home/airflow/.local/lib/python3.12/site-packages/airflow/example_dags/example_short_circuit_operator.py
[2024-05-02T10:34:25.918+0000] {processor.py:840} INFO - DAG(s) 'example_short_circuit_operator' retrieved from /home/airflow/.local/lib/python3.12/site-packages/airflow/example_dags/example_short_circuit_operator.py
[2024-05-02T10:34:25.933+0000] {logging_mixin.py:188} INFO - [2024-05-02T10:34:25.933+0000] {dag.py:3096} INFO - Sync 1 DAGs
[2024-05-02T10:34:25.961+0000] {logging_mixin.py:188} INFO - [2024-05-02T10:34:25.960+0000] {dag.py:3954} INFO - Setting next_dagrun for example_short_circuit_operator to 2024-05-01 00:00:00+00:00, run_after=2024-05-02 00:00:00+00:00
[2024-05-02T10:34:25.980+0000] {processor.py:183} INFO - Processing /home/airflow/.local/lib/python3.12/site-packages/airflow/example_dags/example_short_circuit_operator.py took 0.071 seconds
[2024-05-02T10:34:56.482+0000] {processor.py:161} INFO - Started process (PID=1765) to work on /home/airflow/.local/lib/python3.12/site-packages/airflow/example_dags/example_short_circuit_operator.py
[2024-05-02T10:34:56.482+0000] {processor.py:830} INFO - Processing file /home/airflow/.local/lib/python3.12/site-packages/airflow/example_dags/example_short_circuit_operator.py for tasks to queue
[2024-05-02T10:34:56.483+0000] {logging_mixin.py:188} INFO - [2024-05-02T10:34:56.483+0000] {dagbag.py:540} INFO - Filling up the DagBag from /home/airflow/.local/lib/python3.12/site-packages/airflow/example_dags/example_short_circuit_operator.py
[2024-05-02T10:34:56.488+0000] {processor.py:840} INFO - DAG(s) 'example_short_circuit_operator' retrieved from /home/airflow/.local/lib/python3.12/site-packages/airflow/example_dags/example_short_circuit_operator.py
[2024-05-02T10:34:56.502+0000] {logging_mixin.py:188} INFO - [2024-05-02T10:34:56.502+0000] {dag.py:3096} INFO - Sync 1 DAGs
[2024-05-02T10:34:56.516+0000] {logging_mixin.py:188} INFO - [2024-05-02T10:34:56.516+0000] {dag.py:3954} INFO - Setting next_dagrun for example_short_circuit_operator to 2024-05-01 00:00:00+00:00, run_after=2024-05-02 00:00:00+00:00
[2024-05-02T10:34:56.528+0000] {processor.py:183} INFO - Processing /home/airflow/.local/lib/python3.12/site-packages/airflow/example_dags/example_short_circuit_operator.py took 0.049 seconds
[2024-05-02T10:35:27.277+0000] {processor.py:161} INFO - Started process (PID=1824) to work on /home/airflow/.local/lib/python3.12/site-packages/airflow/example_dags/example_short_circuit_operator.py
[2024-05-02T10:35:27.278+0000] {processor.py:830} INFO - Processing file /home/airflow/.local/lib/python3.12/site-packages/airflow/example_dags/example_short_circuit_operator.py for tasks to queue
[2024-05-02T10:35:27.281+0000] {logging_mixin.py:188} INFO - [2024-05-02T10:35:27.280+0000] {dagbag.py:540} INFO - Filling up the DagBag from /home/airflow/.local/lib/python3.12/site-packages/airflow/example_dags/example_short_circuit_operator.py
[2024-05-02T10:35:27.287+0000] {processor.py:840} INFO - DAG(s) 'example_short_circuit_operator' retrieved from /home/airflow/.local/lib/python3.12/site-packages/airflow/example_dags/example_short_circuit_operator.py
[2024-05-02T10:35:27.303+0000] {logging_mixin.py:188} INFO - [2024-05-02T10:35:27.302+0000] {dag.py:3096} INFO - Sync 1 DAGs
[2024-05-02T10:35:27.330+0000] {logging_mixin.py:188} INFO - [2024-05-02T10:35:27.330+0000] {dag.py:3954} INFO - Setting next_dagrun for example_short_circuit_operator to 2024-05-01 00:00:00+00:00, run_after=2024-05-02 00:00:00+00:00
[2024-05-02T10:35:27.342+0000] {processor.py:183} INFO - Processing /home/airflow/.local/lib/python3.12/site-packages/airflow/example_dags/example_short_circuit_operator.py took 0.077 seconds
[2024-05-02T10:35:57.399+0000] {processor.py:161} INFO - Started process (PID=1882) to work on /home/airflow/.local/lib/python3.12/site-packages/airflow/example_dags/example_short_circuit_operator.py
[2024-05-02T10:35:57.400+0000] {processor.py:830} INFO - Processing file /home/airflow/.local/lib/python3.12/site-packages/airflow/example_dags/example_short_circuit_operator.py for tasks to queue
[2024-05-02T10:35:57.401+0000] {logging_mixin.py:188} INFO - [2024-05-02T10:35:57.400+0000] {dagbag.py:540} INFO - Filling up the DagBag from /home/airflow/.local/lib/python3.12/site-packages/airflow/example_dags/example_short_circuit_operator.py
[2024-05-02T10:35:57.405+0000] {processor.py:840} INFO - DAG(s) 'example_short_circuit_operator' retrieved from /home/airflow/.local/lib/python3.12/site-packages/airflow/example_dags/example_short_circuit_operator.py
[2024-05-02T10:35:57.420+0000] {logging_mixin.py:188} INFO - [2024-05-02T10:35:57.420+0000] {dag.py:3096} INFO - Sync 1 DAGs
[2024-05-02T10:35:57.433+0000] {logging_mixin.py:188} INFO - [2024-05-02T10:35:57.433+0000] {dag.py:3954} INFO - Setting next_dagrun for example_short_circuit_operator to 2024-05-01 00:00:00+00:00, run_after=2024-05-02 00:00:00+00:00
[2024-05-02T10:35:57.448+0000] {processor.py:183} INFO - Processing /home/airflow/.local/lib/python3.12/site-packages/airflow/example_dags/example_short_circuit_operator.py took 0.052 seconds
[2024-05-02T10:36:28.018+0000] {processor.py:161} INFO - Started process (PID=1941) to work on /home/airflow/.local/lib/python3.12/site-packages/airflow/example_dags/example_short_circuit_operator.py
[2024-05-02T10:36:28.019+0000] {processor.py:830} INFO - Processing file /home/airflow/.local/lib/python3.12/site-packages/airflow/example_dags/example_short_circuit_operator.py for tasks to queue
[2024-05-02T10:36:28.020+0000] {logging_mixin.py:188} INFO - [2024-05-02T10:36:28.020+0000] {dagbag.py:540} INFO - Filling up the DagBag from /home/airflow/.local/lib/python3.12/site-packages/airflow/example_dags/example_short_circuit_operator.py
[2024-05-02T10:36:28.027+0000] {processor.py:840} INFO - DAG(s) 'example_short_circuit_operator' retrieved from /home/airflow/.local/lib/python3.12/site-packages/airflow/example_dags/example_short_circuit_operator.py
[2024-05-02T10:36:28.045+0000] {logging_mixin.py:188} INFO - [2024-05-02T10:36:28.045+0000] {dag.py:3096} INFO - Sync 1 DAGs
[2024-05-02T10:36:28.060+0000] {logging_mixin.py:188} INFO - [2024-05-02T10:36:28.059+0000] {dag.py:3954} INFO - Setting next_dagrun for example_short_circuit_operator to 2024-05-01 00:00:00+00:00, run_after=2024-05-02 00:00:00+00:00
[2024-05-02T10:36:28.073+0000] {processor.py:183} INFO - Processing /home/airflow/.local/lib/python3.12/site-packages/airflow/example_dags/example_short_circuit_operator.py took 0.059 seconds
[2024-05-02T10:36:58.721+0000] {processor.py:161} INFO - Started process (PID=2000) to work on /home/airflow/.local/lib/python3.12/site-packages/airflow/example_dags/example_short_circuit_operator.py
[2024-05-02T10:36:58.723+0000] {processor.py:830} INFO - Processing file /home/airflow/.local/lib/python3.12/site-packages/airflow/example_dags/example_short_circuit_operator.py for tasks to queue
[2024-05-02T10:36:58.751+0000] {logging_mixin.py:188} INFO - [2024-05-02T10:36:58.751+0000] {dagbag.py:540} INFO - Filling up the DagBag from /home/airflow/.local/lib/python3.12/site-packages/airflow/example_dags/example_short_circuit_operator.py
[2024-05-02T10:36:58.792+0000] {processor.py:840} INFO - DAG(s) 'example_short_circuit_operator' retrieved from /home/airflow/.local/lib/python3.12/site-packages/airflow/example_dags/example_short_circuit_operator.py
[2024-05-02T10:36:58.835+0000] {logging_mixin.py:188} INFO - [2024-05-02T10:36:58.835+0000] {dag.py:3096} INFO - Sync 1 DAGs
[2024-05-02T10:36:58.848+0000] {logging_mixin.py:188} INFO - [2024-05-02T10:36:58.848+0000] {dag.py:3954} INFO - Setting next_dagrun for example_short_circuit_operator to 2024-05-01 00:00:00+00:00, run_after=2024-05-02 00:00:00+00:00
[2024-05-02T10:36:58.902+0000] {processor.py:183} INFO - Processing /home/airflow/.local/lib/python3.12/site-packages/airflow/example_dags/example_short_circuit_operator.py took 0.188 seconds
[2024-05-02T10:37:28.976+0000] {processor.py:161} INFO - Started process (PID=2059) to work on /home/airflow/.local/lib/python3.12/site-packages/airflow/example_dags/example_short_circuit_operator.py
[2024-05-02T10:37:28.977+0000] {processor.py:830} INFO - Processing file /home/airflow/.local/lib/python3.12/site-packages/airflow/example_dags/example_short_circuit_operator.py for tasks to queue
[2024-05-02T10:37:29.007+0000] {logging_mixin.py:188} INFO - [2024-05-02T10:37:29.006+0000] {dagbag.py:540} INFO - Filling up the DagBag from /home/airflow/.local/lib/python3.12/site-packages/airflow/example_dags/example_short_circuit_operator.py
[2024-05-02T10:37:29.065+0000] {processor.py:840} INFO - DAG(s) 'example_short_circuit_operator' retrieved from /home/airflow/.local/lib/python3.12/site-packages/airflow/example_dags/example_short_circuit_operator.py
[2024-05-02T10:37:29.113+0000] {logging_mixin.py:188} INFO - [2024-05-02T10:37:29.113+0000] {dag.py:3096} INFO - Sync 1 DAGs
[2024-05-02T10:37:29.147+0000] {logging_mixin.py:188} INFO - [2024-05-02T10:37:29.147+0000] {dag.py:3954} INFO - Setting next_dagrun for example_short_circuit_operator to 2024-05-01 00:00:00+00:00, run_after=2024-05-02 00:00:00+00:00
[2024-05-02T10:37:29.185+0000] {processor.py:183} INFO - Processing /home/airflow/.local/lib/python3.12/site-packages/airflow/example_dags/example_short_circuit_operator.py took 0.217 seconds
[2024-05-02T10:38:00.063+0000] {processor.py:161} INFO - Started process (PID=2118) to work on /home/airflow/.local/lib/python3.12/site-packages/airflow/example_dags/example_short_circuit_operator.py
[2024-05-02T10:38:00.064+0000] {processor.py:830} INFO - Processing file /home/airflow/.local/lib/python3.12/site-packages/airflow/example_dags/example_short_circuit_operator.py for tasks to queue
[2024-05-02T10:38:00.066+0000] {logging_mixin.py:188} INFO - [2024-05-02T10:38:00.065+0000] {dagbag.py:540} INFO - Filling up the DagBag from /home/airflow/.local/lib/python3.12/site-packages/airflow/example_dags/example_short_circuit_operator.py
[2024-05-02T10:38:00.072+0000] {processor.py:840} INFO - DAG(s) 'example_short_circuit_operator' retrieved from /home/airflow/.local/lib/python3.12/site-packages/airflow/example_dags/example_short_circuit_operator.py
[2024-05-02T10:38:00.086+0000] {logging_mixin.py:188} INFO - [2024-05-02T10:38:00.086+0000] {dag.py:3096} INFO - Sync 1 DAGs
[2024-05-02T10:38:00.101+0000] {logging_mixin.py:188} INFO - [2024-05-02T10:38:00.101+0000] {dag.py:3954} INFO - Setting next_dagrun for example_short_circuit_operator to 2024-05-01 00:00:00+00:00, run_after=2024-05-02 00:00:00+00:00
[2024-05-02T10:38:00.174+0000] {processor.py:183} INFO - Processing /home/airflow/.local/lib/python3.12/site-packages/airflow/example_dags/example_short_circuit_operator.py took 0.123 seconds
[2024-05-02T10:38:30.489+0000] {processor.py:161} INFO - Started process (PID=2177) to work on /home/airflow/.local/lib/python3.12/site-packages/airflow/example_dags/example_short_circuit_operator.py
[2024-05-02T10:38:30.490+0000] {processor.py:830} INFO - Processing file /home/airflow/.local/lib/python3.12/site-packages/airflow/example_dags/example_short_circuit_operator.py for tasks to queue
[2024-05-02T10:38:30.513+0000] {logging_mixin.py:188} INFO - [2024-05-02T10:38:30.513+0000] {dagbag.py:540} INFO - Filling up the DagBag from /home/airflow/.local/lib/python3.12/site-packages/airflow/example_dags/example_short_circuit_operator.py
[2024-05-02T10:38:30.518+0000] {processor.py:840} INFO - DAG(s) 'example_short_circuit_operator' retrieved from /home/airflow/.local/lib/python3.12/site-packages/airflow/example_dags/example_short_circuit_operator.py
[2024-05-02T10:38:30.533+0000] {logging_mixin.py:188} INFO - [2024-05-02T10:38:30.533+0000] {dag.py:3096} INFO - Sync 1 DAGs
[2024-05-02T10:38:30.581+0000] {logging_mixin.py:188} INFO - [2024-05-02T10:38:30.581+0000] {dag.py:3954} INFO - Setting next_dagrun for example_short_circuit_operator to 2024-05-01 00:00:00+00:00, run_after=2024-05-02 00:00:00+00:00
[2024-05-02T10:38:30.617+0000] {processor.py:183} INFO - Processing /home/airflow/.local/lib/python3.12/site-packages/airflow/example_dags/example_short_circuit_operator.py took 0.131 seconds
[2024-05-02T10:39:01.668+0000] {processor.py:161} INFO - Started process (PID=2236) to work on /home/airflow/.local/lib/python3.12/site-packages/airflow/example_dags/example_short_circuit_operator.py
[2024-05-02T10:39:01.668+0000] {processor.py:830} INFO - Processing file /home/airflow/.local/lib/python3.12/site-packages/airflow/example_dags/example_short_circuit_operator.py for tasks to queue
[2024-05-02T10:39:01.669+0000] {logging_mixin.py:188} INFO - [2024-05-02T10:39:01.669+0000] {dagbag.py:540} INFO - Filling up the DagBag from /home/airflow/.local/lib/python3.12/site-packages/airflow/example_dags/example_short_circuit_operator.py
[2024-05-02T10:39:01.675+0000] {processor.py:840} INFO - DAG(s) 'example_short_circuit_operator' retrieved from /home/airflow/.local/lib/python3.12/site-packages/airflow/example_dags/example_short_circuit_operator.py
[2024-05-02T10:39:01.691+0000] {logging_mixin.py:188} INFO - [2024-05-02T10:39:01.691+0000] {dag.py:3096} INFO - Sync 1 DAGs
[2024-05-02T10:39:01.716+0000] {logging_mixin.py:188} INFO - [2024-05-02T10:39:01.716+0000] {dag.py:3954} INFO - Setting next_dagrun for example_short_circuit_operator to 2024-05-01 00:00:00+00:00, run_after=2024-05-02 00:00:00+00:00
[2024-05-02T10:39:01.745+0000] {processor.py:183} INFO - Processing /home/airflow/.local/lib/python3.12/site-packages/airflow/example_dags/example_short_circuit_operator.py took 0.081 seconds
[2024-05-02T10:39:32.914+0000] {processor.py:161} INFO - Started process (PID=2295) to work on /home/airflow/.local/lib/python3.12/site-packages/airflow/example_dags/example_short_circuit_operator.py
[2024-05-02T10:39:32.915+0000] {processor.py:830} INFO - Processing file /home/airflow/.local/lib/python3.12/site-packages/airflow/example_dags/example_short_circuit_operator.py for tasks to queue
[2024-05-02T10:39:32.917+0000] {logging_mixin.py:188} INFO - [2024-05-02T10:39:32.916+0000] {dagbag.py:540} INFO - Filling up the DagBag from /home/airflow/.local/lib/python3.12/site-packages/airflow/example_dags/example_short_circuit_operator.py
[2024-05-02T10:39:32.922+0000] {processor.py:840} INFO - DAG(s) 'example_short_circuit_operator' retrieved from /home/airflow/.local/lib/python3.12/site-packages/airflow/example_dags/example_short_circuit_operator.py
[2024-05-02T10:39:32.940+0000] {logging_mixin.py:188} INFO - [2024-05-02T10:39:32.940+0000] {dag.py:3096} INFO - Sync 1 DAGs
[2024-05-02T10:39:32.986+0000] {logging_mixin.py:188} INFO - [2024-05-02T10:39:32.985+0000] {dag.py:3954} INFO - Setting next_dagrun for example_short_circuit_operator to 2024-05-01 00:00:00+00:00, run_after=2024-05-02 00:00:00+00:00
[2024-05-02T10:39:33.028+0000] {processor.py:183} INFO - Processing /home/airflow/.local/lib/python3.12/site-packages/airflow/example_dags/example_short_circuit_operator.py took 0.120 seconds
[2024-05-02T10:40:03.766+0000] {processor.py:161} INFO - Started process (PID=2354) to work on /home/airflow/.local/lib/python3.12/site-packages/airflow/example_dags/example_short_circuit_operator.py
[2024-05-02T10:40:03.767+0000] {processor.py:830} INFO - Processing file /home/airflow/.local/lib/python3.12/site-packages/airflow/example_dags/example_short_circuit_operator.py for tasks to queue
[2024-05-02T10:40:03.768+0000] {logging_mixin.py:188} INFO - [2024-05-02T10:40:03.768+0000] {dagbag.py:540} INFO - Filling up the DagBag from /home/airflow/.local/lib/python3.12/site-packages/airflow/example_dags/example_short_circuit_operator.py
[2024-05-02T10:40:03.773+0000] {processor.py:840} INFO - DAG(s) 'example_short_circuit_operator' retrieved from /home/airflow/.local/lib/python3.12/site-packages/airflow/example_dags/example_short_circuit_operator.py
[2024-05-02T10:40:03.787+0000] {logging_mixin.py:188} INFO - [2024-05-02T10:40:03.787+0000] {dag.py:3096} INFO - Sync 1 DAGs
[2024-05-02T10:40:03.802+0000] {logging_mixin.py:188} INFO - [2024-05-02T10:40:03.802+0000] {dag.py:3954} INFO - Setting next_dagrun for example_short_circuit_operator to 2024-05-01 00:00:00+00:00, run_after=2024-05-02 00:00:00+00:00
[2024-05-02T10:40:03.864+0000] {processor.py:183} INFO - Processing /home/airflow/.local/lib/python3.12/site-packages/airflow/example_dags/example_short_circuit_operator.py took 0.104 seconds
[2024-05-02T10:40:35.351+0000] {processor.py:161} INFO - Started process (PID=2413) to work on /home/airflow/.local/lib/python3.12/site-packages/airflow/example_dags/example_short_circuit_operator.py
[2024-05-02T10:40:35.352+0000] {processor.py:830} INFO - Processing file /home/airflow/.local/lib/python3.12/site-packages/airflow/example_dags/example_short_circuit_operator.py for tasks to queue
[2024-05-02T10:40:35.386+0000] {logging_mixin.py:188} INFO - [2024-05-02T10:40:35.385+0000] {dagbag.py:540} INFO - Filling up the DagBag from /home/airflow/.local/lib/python3.12/site-packages/airflow/example_dags/example_short_circuit_operator.py
[2024-05-02T10:40:35.427+0000] {processor.py:840} INFO - DAG(s) 'example_short_circuit_operator' retrieved from /home/airflow/.local/lib/python3.12/site-packages/airflow/example_dags/example_short_circuit_operator.py
[2024-05-02T10:40:35.470+0000] {logging_mixin.py:188} INFO - [2024-05-02T10:40:35.469+0000] {dag.py:3096} INFO - Sync 1 DAGs
[2024-05-02T10:40:35.484+0000] {logging_mixin.py:188} INFO - [2024-05-02T10:40:35.484+0000] {dag.py:3954} INFO - Setting next_dagrun for example_short_circuit_operator to 2024-05-01 00:00:00+00:00, run_after=2024-05-02 00:00:00+00:00
[2024-05-02T10:40:35.504+0000] {processor.py:183} INFO - Processing /home/airflow/.local/lib/python3.12/site-packages/airflow/example_dags/example_short_circuit_operator.py took 0.160 seconds
[2024-05-02T10:42:28.953+0000] {processor.py:161} INFO - Started process (PID=76) to work on /home/airflow/.local/lib/python3.12/site-packages/airflow/example_dags/example_short_circuit_operator.py
[2024-05-02T10:42:28.953+0000] {processor.py:830} INFO - Processing file /home/airflow/.local/lib/python3.12/site-packages/airflow/example_dags/example_short_circuit_operator.py for tasks to queue
[2024-05-02T10:42:28.955+0000] {logging_mixin.py:188} INFO - [2024-05-02T10:42:28.954+0000] {dagbag.py:540} INFO - Filling up the DagBag from /home/airflow/.local/lib/python3.12/site-packages/airflow/example_dags/example_short_circuit_operator.py
[2024-05-02T10:42:28.960+0000] {processor.py:840} INFO - DAG(s) 'example_short_circuit_operator' retrieved from /home/airflow/.local/lib/python3.12/site-packages/airflow/example_dags/example_short_circuit_operator.py
[2024-05-02T10:42:29.043+0000] {logging_mixin.py:188} INFO - [2024-05-02T10:42:29.043+0000] {dag.py:3096} INFO - Sync 1 DAGs
[2024-05-02T10:42:29.059+0000] {logging_mixin.py:188} INFO - [2024-05-02T10:42:29.059+0000] {dag.py:3954} INFO - Setting next_dagrun for example_short_circuit_operator to 2024-05-01 00:00:00+00:00, run_after=2024-05-02 00:00:00+00:00
[2024-05-02T10:42:29.085+0000] {processor.py:183} INFO - Processing /home/airflow/.local/lib/python3.12/site-packages/airflow/example_dags/example_short_circuit_operator.py took 0.136 seconds
[2024-05-02T10:42:59.340+0000] {processor.py:161} INFO - Started process (PID=135) to work on /home/airflow/.local/lib/python3.12/site-packages/airflow/example_dags/example_short_circuit_operator.py
[2024-05-02T10:42:59.341+0000] {processor.py:830} INFO - Processing file /home/airflow/.local/lib/python3.12/site-packages/airflow/example_dags/example_short_circuit_operator.py for tasks to queue
[2024-05-02T10:42:59.342+0000] {logging_mixin.py:188} INFO - [2024-05-02T10:42:59.342+0000] {dagbag.py:540} INFO - Filling up the DagBag from /home/airflow/.local/lib/python3.12/site-packages/airflow/example_dags/example_short_circuit_operator.py
[2024-05-02T10:42:59.346+0000] {processor.py:840} INFO - DAG(s) 'example_short_circuit_operator' retrieved from /home/airflow/.local/lib/python3.12/site-packages/airflow/example_dags/example_short_circuit_operator.py
[2024-05-02T10:42:59.360+0000] {logging_mixin.py:188} INFO - [2024-05-02T10:42:59.360+0000] {dag.py:3096} INFO - Sync 1 DAGs
[2024-05-02T10:42:59.397+0000] {logging_mixin.py:188} INFO - [2024-05-02T10:42:59.397+0000] {dag.py:3954} INFO - Setting next_dagrun for example_short_circuit_operator to 2024-05-01 00:00:00+00:00, run_after=2024-05-02 00:00:00+00:00
[2024-05-02T10:42:59.407+0000] {processor.py:183} INFO - Processing /home/airflow/.local/lib/python3.12/site-packages/airflow/example_dags/example_short_circuit_operator.py took 0.070 seconds
[2024-05-02T10:43:30.438+0000] {processor.py:161} INFO - Started process (PID=195) to work on /home/airflow/.local/lib/python3.12/site-packages/airflow/example_dags/example_short_circuit_operator.py
[2024-05-02T10:43:30.439+0000] {processor.py:830} INFO - Processing file /home/airflow/.local/lib/python3.12/site-packages/airflow/example_dags/example_short_circuit_operator.py for tasks to queue
[2024-05-02T10:43:30.472+0000] {logging_mixin.py:188} INFO - [2024-05-02T10:43:30.472+0000] {dagbag.py:540} INFO - Filling up the DagBag from /home/airflow/.local/lib/python3.12/site-packages/airflow/example_dags/example_short_circuit_operator.py
[2024-05-02T10:43:30.477+0000] {processor.py:840} INFO - DAG(s) 'example_short_circuit_operator' retrieved from /home/airflow/.local/lib/python3.12/site-packages/airflow/example_dags/example_short_circuit_operator.py
[2024-05-02T10:43:30.491+0000] {logging_mixin.py:188} INFO - [2024-05-02T10:43:30.491+0000] {dag.py:3096} INFO - Sync 1 DAGs
[2024-05-02T10:43:30.504+0000] {logging_mixin.py:188} INFO - [2024-05-02T10:43:30.504+0000] {dag.py:3954} INFO - Setting next_dagrun for example_short_circuit_operator to 2024-05-01 00:00:00+00:00, run_after=2024-05-02 00:00:00+00:00
[2024-05-02T10:43:30.540+0000] {processor.py:183} INFO - Processing /home/airflow/.local/lib/python3.12/site-packages/airflow/example_dags/example_short_circuit_operator.py took 0.106 seconds
[2024-05-02T10:44:01.096+0000] {processor.py:161} INFO - Started process (PID=261) to work on /home/airflow/.local/lib/python3.12/site-packages/airflow/example_dags/example_short_circuit_operator.py
[2024-05-02T10:44:01.096+0000] {processor.py:830} INFO - Processing file /home/airflow/.local/lib/python3.12/site-packages/airflow/example_dags/example_short_circuit_operator.py for tasks to queue
[2024-05-02T10:44:01.097+0000] {logging_mixin.py:188} INFO - [2024-05-02T10:44:01.097+0000] {dagbag.py:540} INFO - Filling up the DagBag from /home/airflow/.local/lib/python3.12/site-packages/airflow/example_dags/example_short_circuit_operator.py
[2024-05-02T10:44:01.102+0000] {processor.py:840} INFO - DAG(s) 'example_short_circuit_operator' retrieved from /home/airflow/.local/lib/python3.12/site-packages/airflow/example_dags/example_short_circuit_operator.py
[2024-05-02T10:44:01.116+0000] {logging_mixin.py:188} INFO - [2024-05-02T10:44:01.115+0000] {dag.py:3096} INFO - Sync 1 DAGs
[2024-05-02T10:44:01.129+0000] {logging_mixin.py:188} INFO - [2024-05-02T10:44:01.129+0000] {dag.py:3954} INFO - Setting next_dagrun for example_short_circuit_operator to 2024-05-01 00:00:00+00:00, run_after=2024-05-02 00:00:00+00:00
[2024-05-02T10:44:01.139+0000] {processor.py:183} INFO - Processing /home/airflow/.local/lib/python3.12/site-packages/airflow/example_dags/example_short_circuit_operator.py took 0.047 seconds
[2024-05-02T10:44:31.613+0000] {processor.py:161} INFO - Started process (PID=321) to work on /home/airflow/.local/lib/python3.12/site-packages/airflow/example_dags/example_short_circuit_operator.py
[2024-05-02T10:44:31.614+0000] {processor.py:830} INFO - Processing file /home/airflow/.local/lib/python3.12/site-packages/airflow/example_dags/example_short_circuit_operator.py for tasks to queue
[2024-05-02T10:44:31.615+0000] {logging_mixin.py:188} INFO - [2024-05-02T10:44:31.614+0000] {dagbag.py:540} INFO - Filling up the DagBag from /home/airflow/.local/lib/python3.12/site-packages/airflow/example_dags/example_short_circuit_operator.py
[2024-05-02T10:44:31.619+0000] {processor.py:840} INFO - DAG(s) 'example_short_circuit_operator' retrieved from /home/airflow/.local/lib/python3.12/site-packages/airflow/example_dags/example_short_circuit_operator.py
[2024-05-02T10:44:31.633+0000] {logging_mixin.py:188} INFO - [2024-05-02T10:44:31.633+0000] {dag.py:3096} INFO - Sync 1 DAGs
[2024-05-02T10:44:31.647+0000] {logging_mixin.py:188} INFO - [2024-05-02T10:44:31.647+0000] {dag.py:3954} INFO - Setting next_dagrun for example_short_circuit_operator to 2024-05-01 00:00:00+00:00, run_after=2024-05-02 00:00:00+00:00
[2024-05-02T10:44:31.686+0000] {processor.py:183} INFO - Processing /home/airflow/.local/lib/python3.12/site-packages/airflow/example_dags/example_short_circuit_operator.py took 0.076 seconds
[2024-05-02T10:45:01.879+0000] {processor.py:161} INFO - Started process (PID=381) to work on /home/airflow/.local/lib/python3.12/site-packages/airflow/example_dags/example_short_circuit_operator.py
[2024-05-02T10:45:01.879+0000] {processor.py:830} INFO - Processing file /home/airflow/.local/lib/python3.12/site-packages/airflow/example_dags/example_short_circuit_operator.py for tasks to queue
[2024-05-02T10:45:01.880+0000] {logging_mixin.py:188} INFO - [2024-05-02T10:45:01.880+0000] {dagbag.py:540} INFO - Filling up the DagBag from /home/airflow/.local/lib/python3.12/site-packages/airflow/example_dags/example_short_circuit_operator.py
[2024-05-02T10:45:01.885+0000] {processor.py:840} INFO - DAG(s) 'example_short_circuit_operator' retrieved from /home/airflow/.local/lib/python3.12/site-packages/airflow/example_dags/example_short_circuit_operator.py
[2024-05-02T10:45:01.900+0000] {logging_mixin.py:188} INFO - [2024-05-02T10:45:01.900+0000] {dag.py:3096} INFO - Sync 1 DAGs
[2024-05-02T10:45:01.939+0000] {logging_mixin.py:188} INFO - [2024-05-02T10:45:01.939+0000] {dag.py:3954} INFO - Setting next_dagrun for example_short_circuit_operator to 2024-05-01 00:00:00+00:00, run_after=2024-05-02 00:00:00+00:00
[2024-05-02T10:45:01.951+0000] {processor.py:183} INFO - Processing /home/airflow/.local/lib/python3.12/site-packages/airflow/example_dags/example_short_circuit_operator.py took 0.075 seconds
[2024-05-02T10:45:32.411+0000] {processor.py:161} INFO - Started process (PID=441) to work on /home/airflow/.local/lib/python3.12/site-packages/airflow/example_dags/example_short_circuit_operator.py
[2024-05-02T10:45:32.411+0000] {processor.py:830} INFO - Processing file /home/airflow/.local/lib/python3.12/site-packages/airflow/example_dags/example_short_circuit_operator.py for tasks to queue
[2024-05-02T10:45:32.412+0000] {logging_mixin.py:188} INFO - [2024-05-02T10:45:32.412+0000] {dagbag.py:540} INFO - Filling up the DagBag from /home/airflow/.local/lib/python3.12/site-packages/airflow/example_dags/example_short_circuit_operator.py
[2024-05-02T10:45:32.418+0000] {processor.py:840} INFO - DAG(s) 'example_short_circuit_operator' retrieved from /home/airflow/.local/lib/python3.12/site-packages/airflow/example_dags/example_short_circuit_operator.py
[2024-05-02T10:45:32.433+0000] {logging_mixin.py:188} INFO - [2024-05-02T10:45:32.433+0000] {dag.py:3096} INFO - Sync 1 DAGs
[2024-05-02T10:45:32.446+0000] {logging_mixin.py:188} INFO - [2024-05-02T10:45:32.446+0000] {dag.py:3954} INFO - Setting next_dagrun for example_short_circuit_operator to 2024-05-01 00:00:00+00:00, run_after=2024-05-02 00:00:00+00:00
[2024-05-02T10:45:32.459+0000] {processor.py:183} INFO - Processing /home/airflow/.local/lib/python3.12/site-packages/airflow/example_dags/example_short_circuit_operator.py took 0.052 seconds
[2024-05-02T10:46:03.014+0000] {processor.py:161} INFO - Started process (PID=501) to work on /home/airflow/.local/lib/python3.12/site-packages/airflow/example_dags/example_short_circuit_operator.py
[2024-05-02T10:46:03.015+0000] {processor.py:830} INFO - Processing file /home/airflow/.local/lib/python3.12/site-packages/airflow/example_dags/example_short_circuit_operator.py for tasks to queue
[2024-05-02T10:46:03.016+0000] {logging_mixin.py:188} INFO - [2024-05-02T10:46:03.016+0000] {dagbag.py:540} INFO - Filling up the DagBag from /home/airflow/.local/lib/python3.12/site-packages/airflow/example_dags/example_short_circuit_operator.py
[2024-05-02T10:46:03.020+0000] {processor.py:840} INFO - DAG(s) 'example_short_circuit_operator' retrieved from /home/airflow/.local/lib/python3.12/site-packages/airflow/example_dags/example_short_circuit_operator.py
[2024-05-02T10:46:03.035+0000] {logging_mixin.py:188} INFO - [2024-05-02T10:46:03.035+0000] {dag.py:3096} INFO - Sync 1 DAGs
[2024-05-02T10:46:03.049+0000] {logging_mixin.py:188} INFO - [2024-05-02T10:46:03.049+0000] {dag.py:3954} INFO - Setting next_dagrun for example_short_circuit_operator to 2024-05-01 00:00:00+00:00, run_after=2024-05-02 00:00:00+00:00
[2024-05-02T10:46:03.079+0000] {processor.py:183} INFO - Processing /home/airflow/.local/lib/python3.12/site-packages/airflow/example_dags/example_short_circuit_operator.py took 0.070 seconds
[2024-05-02T10:46:33.366+0000] {processor.py:161} INFO - Started process (PID=561) to work on /home/airflow/.local/lib/python3.12/site-packages/airflow/example_dags/example_short_circuit_operator.py
[2024-05-02T10:46:33.366+0000] {processor.py:830} INFO - Processing file /home/airflow/.local/lib/python3.12/site-packages/airflow/example_dags/example_short_circuit_operator.py for tasks to queue
[2024-05-02T10:46:33.367+0000] {logging_mixin.py:188} INFO - [2024-05-02T10:46:33.367+0000] {dagbag.py:540} INFO - Filling up the DagBag from /home/airflow/.local/lib/python3.12/site-packages/airflow/example_dags/example_short_circuit_operator.py
[2024-05-02T10:46:33.373+0000] {processor.py:840} INFO - DAG(s) 'example_short_circuit_operator' retrieved from /home/airflow/.local/lib/python3.12/site-packages/airflow/example_dags/example_short_circuit_operator.py
[2024-05-02T10:46:33.389+0000] {logging_mixin.py:188} INFO - [2024-05-02T10:46:33.389+0000] {dag.py:3096} INFO - Sync 1 DAGs
[2024-05-02T10:46:33.418+0000] {logging_mixin.py:188} INFO - [2024-05-02T10:46:33.417+0000] {dag.py:3954} INFO - Setting next_dagrun for example_short_circuit_operator to 2024-05-01 00:00:00+00:00, run_after=2024-05-02 00:00:00+00:00
[2024-05-02T10:46:33.429+0000] {processor.py:183} INFO - Processing /home/airflow/.local/lib/python3.12/site-packages/airflow/example_dags/example_short_circuit_operator.py took 0.067 seconds
[2024-05-02T10:47:03.707+0000] {processor.py:161} INFO - Started process (PID=621) to work on /home/airflow/.local/lib/python3.12/site-packages/airflow/example_dags/example_short_circuit_operator.py
[2024-05-02T10:47:03.708+0000] {processor.py:830} INFO - Processing file /home/airflow/.local/lib/python3.12/site-packages/airflow/example_dags/example_short_circuit_operator.py for tasks to queue
[2024-05-02T10:47:03.709+0000] {logging_mixin.py:188} INFO - [2024-05-02T10:47:03.709+0000] {dagbag.py:540} INFO - Filling up the DagBag from /home/airflow/.local/lib/python3.12/site-packages/airflow/example_dags/example_short_circuit_operator.py
[2024-05-02T10:47:03.714+0000] {processor.py:840} INFO - DAG(s) 'example_short_circuit_operator' retrieved from /home/airflow/.local/lib/python3.12/site-packages/airflow/example_dags/example_short_circuit_operator.py
[2024-05-02T10:47:03.729+0000] {logging_mixin.py:188} INFO - [2024-05-02T10:47:03.729+0000] {dag.py:3096} INFO - Sync 1 DAGs
[2024-05-02T10:47:03.747+0000] {logging_mixin.py:188} INFO - [2024-05-02T10:47:03.747+0000] {dag.py:3954} INFO - Setting next_dagrun for example_short_circuit_operator to 2024-05-01 00:00:00+00:00, run_after=2024-05-02 00:00:00+00:00
[2024-05-02T10:47:03.761+0000] {processor.py:183} INFO - Processing /home/airflow/.local/lib/python3.12/site-packages/airflow/example_dags/example_short_circuit_operator.py took 0.057 seconds
[2024-05-02T10:47:34.255+0000] {processor.py:161} INFO - Started process (PID=681) to work on /home/airflow/.local/lib/python3.12/site-packages/airflow/example_dags/example_short_circuit_operator.py
[2024-05-02T10:47:34.256+0000] {processor.py:830} INFO - Processing file /home/airflow/.local/lib/python3.12/site-packages/airflow/example_dags/example_short_circuit_operator.py for tasks to queue
[2024-05-02T10:47:34.257+0000] {logging_mixin.py:188} INFO - [2024-05-02T10:47:34.257+0000] {dagbag.py:540} INFO - Filling up the DagBag from /home/airflow/.local/lib/python3.12/site-packages/airflow/example_dags/example_short_circuit_operator.py
[2024-05-02T10:47:34.262+0000] {processor.py:840} INFO - DAG(s) 'example_short_circuit_operator' retrieved from /home/airflow/.local/lib/python3.12/site-packages/airflow/example_dags/example_short_circuit_operator.py
[2024-05-02T10:47:34.278+0000] {logging_mixin.py:188} INFO - [2024-05-02T10:47:34.277+0000] {dag.py:3096} INFO - Sync 1 DAGs
[2024-05-02T10:47:34.300+0000] {logging_mixin.py:188} INFO - [2024-05-02T10:47:34.300+0000] {dag.py:3954} INFO - Setting next_dagrun for example_short_circuit_operator to 2024-05-01 00:00:00+00:00, run_after=2024-05-02 00:00:00+00:00
[2024-05-02T10:47:34.313+0000] {processor.py:183} INFO - Processing /home/airflow/.local/lib/python3.12/site-packages/airflow/example_dags/example_short_circuit_operator.py took 0.061 seconds
[2024-05-02T10:48:04.829+0000] {processor.py:161} INFO - Started process (PID=741) to work on /home/airflow/.local/lib/python3.12/site-packages/airflow/example_dags/example_short_circuit_operator.py
[2024-05-02T10:48:04.830+0000] {processor.py:830} INFO - Processing file /home/airflow/.local/lib/python3.12/site-packages/airflow/example_dags/example_short_circuit_operator.py for tasks to queue
[2024-05-02T10:48:04.831+0000] {logging_mixin.py:188} INFO - [2024-05-02T10:48:04.831+0000] {dagbag.py:540} INFO - Filling up the DagBag from /home/airflow/.local/lib/python3.12/site-packages/airflow/example_dags/example_short_circuit_operator.py
[2024-05-02T10:48:04.835+0000] {processor.py:840} INFO - DAG(s) 'example_short_circuit_operator' retrieved from /home/airflow/.local/lib/python3.12/site-packages/airflow/example_dags/example_short_circuit_operator.py
[2024-05-02T10:48:04.849+0000] {logging_mixin.py:188} INFO - [2024-05-02T10:48:04.849+0000] {dag.py:3096} INFO - Sync 1 DAGs
[2024-05-02T10:48:04.880+0000] {logging_mixin.py:188} INFO - [2024-05-02T10:48:04.880+0000] {dag.py:3954} INFO - Setting next_dagrun for example_short_circuit_operator to 2024-05-01 00:00:00+00:00, run_after=2024-05-02 00:00:00+00:00
[2024-05-02T10:48:04.891+0000] {processor.py:183} INFO - Processing /home/airflow/.local/lib/python3.12/site-packages/airflow/example_dags/example_short_circuit_operator.py took 0.065 seconds
[2024-05-02T10:49:27.803+0000] {processor.py:161} INFO - Started process (PID=76) to work on /home/airflow/.local/lib/python3.12/site-packages/airflow/example_dags/example_short_circuit_operator.py
[2024-05-02T10:49:27.804+0000] {processor.py:830} INFO - Processing file /home/airflow/.local/lib/python3.12/site-packages/airflow/example_dags/example_short_circuit_operator.py for tasks to queue
[2024-05-02T10:49:27.805+0000] {logging_mixin.py:188} INFO - [2024-05-02T10:49:27.805+0000] {dagbag.py:540} INFO - Filling up the DagBag from /home/airflow/.local/lib/python3.12/site-packages/airflow/example_dags/example_short_circuit_operator.py
[2024-05-02T10:49:27.811+0000] {processor.py:840} INFO - DAG(s) 'example_short_circuit_operator' retrieved from /home/airflow/.local/lib/python3.12/site-packages/airflow/example_dags/example_short_circuit_operator.py
[2024-05-02T10:49:27.896+0000] {logging_mixin.py:188} INFO - [2024-05-02T10:49:27.896+0000] {dag.py:3096} INFO - Sync 1 DAGs
[2024-05-02T10:49:27.911+0000] {logging_mixin.py:188} INFO - [2024-05-02T10:49:27.911+0000] {dag.py:3954} INFO - Setting next_dagrun for example_short_circuit_operator to 2024-05-01 00:00:00+00:00, run_after=2024-05-02 00:00:00+00:00
[2024-05-02T10:49:27.926+0000] {processor.py:183} INFO - Processing /home/airflow/.local/lib/python3.12/site-packages/airflow/example_dags/example_short_circuit_operator.py took 0.128 seconds
[2024-05-02T10:49:58.366+0000] {processor.py:161} INFO - Started process (PID=136) to work on /home/airflow/.local/lib/python3.12/site-packages/airflow/example_dags/example_short_circuit_operator.py
[2024-05-02T10:49:58.367+0000] {processor.py:830} INFO - Processing file /home/airflow/.local/lib/python3.12/site-packages/airflow/example_dags/example_short_circuit_operator.py for tasks to queue
[2024-05-02T10:49:58.368+0000] {logging_mixin.py:188} INFO - [2024-05-02T10:49:58.368+0000] {dagbag.py:540} INFO - Filling up the DagBag from /home/airflow/.local/lib/python3.12/site-packages/airflow/example_dags/example_short_circuit_operator.py
[2024-05-02T10:49:58.374+0000] {processor.py:840} INFO - DAG(s) 'example_short_circuit_operator' retrieved from /home/airflow/.local/lib/python3.12/site-packages/airflow/example_dags/example_short_circuit_operator.py
[2024-05-02T10:49:58.388+0000] {logging_mixin.py:188} INFO - [2024-05-02T10:49:58.388+0000] {dag.py:3096} INFO - Sync 1 DAGs
[2024-05-02T10:49:58.413+0000] {logging_mixin.py:188} INFO - [2024-05-02T10:49:58.412+0000] {dag.py:3954} INFO - Setting next_dagrun for example_short_circuit_operator to 2024-05-01 00:00:00+00:00, run_after=2024-05-02 00:00:00+00:00
[2024-05-02T10:49:58.440+0000] {processor.py:183} INFO - Processing /home/airflow/.local/lib/python3.12/site-packages/airflow/example_dags/example_short_circuit_operator.py took 0.077 seconds
[2024-05-02T10:50:28.949+0000] {processor.py:161} INFO - Started process (PID=196) to work on /home/airflow/.local/lib/python3.12/site-packages/airflow/example_dags/example_short_circuit_operator.py
[2024-05-02T10:50:28.949+0000] {processor.py:830} INFO - Processing file /home/airflow/.local/lib/python3.12/site-packages/airflow/example_dags/example_short_circuit_operator.py for tasks to queue
[2024-05-02T10:50:28.950+0000] {logging_mixin.py:188} INFO - [2024-05-02T10:50:28.950+0000] {dagbag.py:540} INFO - Filling up the DagBag from /home/airflow/.local/lib/python3.12/site-packages/airflow/example_dags/example_short_circuit_operator.py
[2024-05-02T10:50:28.954+0000] {processor.py:840} INFO - DAG(s) 'example_short_circuit_operator' retrieved from /home/airflow/.local/lib/python3.12/site-packages/airflow/example_dags/example_short_circuit_operator.py
[2024-05-02T10:50:28.968+0000] {logging_mixin.py:188} INFO - [2024-05-02T10:50:28.968+0000] {dag.py:3096} INFO - Sync 1 DAGs
[2024-05-02T10:50:28.981+0000] {logging_mixin.py:188} INFO - [2024-05-02T10:50:28.981+0000] {dag.py:3954} INFO - Setting next_dagrun for example_short_circuit_operator to 2024-05-01 00:00:00+00:00, run_after=2024-05-02 00:00:00+00:00
[2024-05-02T10:50:29.000+0000] {processor.py:183} INFO - Processing /home/airflow/.local/lib/python3.12/site-packages/airflow/example_dags/example_short_circuit_operator.py took 0.056 seconds
[2024-05-02T10:50:59.380+0000] {processor.py:161} INFO - Started process (PID=256) to work on /home/airflow/.local/lib/python3.12/site-packages/airflow/example_dags/example_short_circuit_operator.py
[2024-05-02T10:50:59.380+0000] {processor.py:830} INFO - Processing file /home/airflow/.local/lib/python3.12/site-packages/airflow/example_dags/example_short_circuit_operator.py for tasks to queue
[2024-05-02T10:50:59.381+0000] {logging_mixin.py:188} INFO - [2024-05-02T10:50:59.381+0000] {dagbag.py:540} INFO - Filling up the DagBag from /home/airflow/.local/lib/python3.12/site-packages/airflow/example_dags/example_short_circuit_operator.py
[2024-05-02T10:50:59.386+0000] {processor.py:840} INFO - DAG(s) 'example_short_circuit_operator' retrieved from /home/airflow/.local/lib/python3.12/site-packages/airflow/example_dags/example_short_circuit_operator.py
[2024-05-02T10:50:59.422+0000] {logging_mixin.py:188} INFO - [2024-05-02T10:50:59.422+0000] {dag.py:3096} INFO - Sync 1 DAGs
[2024-05-02T10:50:59.436+0000] {logging_mixin.py:188} INFO - [2024-05-02T10:50:59.436+0000] {dag.py:3954} INFO - Setting next_dagrun for example_short_circuit_operator to 2024-05-01 00:00:00+00:00, run_after=2024-05-02 00:00:00+00:00
[2024-05-02T10:50:59.450+0000] {processor.py:183} INFO - Processing /home/airflow/.local/lib/python3.12/site-packages/airflow/example_dags/example_short_circuit_operator.py took 0.075 seconds
[2024-05-02T10:51:29.943+0000] {processor.py:161} INFO - Started process (PID=316) to work on /home/airflow/.local/lib/python3.12/site-packages/airflow/example_dags/example_short_circuit_operator.py
[2024-05-02T10:51:29.944+0000] {processor.py:830} INFO - Processing file /home/airflow/.local/lib/python3.12/site-packages/airflow/example_dags/example_short_circuit_operator.py for tasks to queue
[2024-05-02T10:51:29.970+0000] {logging_mixin.py:188} INFO - [2024-05-02T10:51:29.969+0000] {dagbag.py:540} INFO - Filling up the DagBag from /home/airflow/.local/lib/python3.12/site-packages/airflow/example_dags/example_short_circuit_operator.py
[2024-05-02T10:51:29.981+0000] {processor.py:840} INFO - DAG(s) 'example_short_circuit_operator' retrieved from /home/airflow/.local/lib/python3.12/site-packages/airflow/example_dags/example_short_circuit_operator.py
[2024-05-02T10:51:29.998+0000] {logging_mixin.py:188} INFO - [2024-05-02T10:51:29.998+0000] {dag.py:3096} INFO - Sync 1 DAGs
[2024-05-02T10:51:30.025+0000] {logging_mixin.py:188} INFO - [2024-05-02T10:51:30.024+0000] {dag.py:3954} INFO - Setting next_dagrun for example_short_circuit_operator to 2024-05-01 00:00:00+00:00, run_after=2024-05-02 00:00:00+00:00
[2024-05-02T10:51:30.042+0000] {processor.py:183} INFO - Processing /home/airflow/.local/lib/python3.12/site-packages/airflow/example_dags/example_short_circuit_operator.py took 0.104 seconds
[2024-05-02T10:52:01.260+0000] {processor.py:161} INFO - Started process (PID=382) to work on /home/airflow/.local/lib/python3.12/site-packages/airflow/example_dags/example_short_circuit_operator.py
[2024-05-02T10:52:01.260+0000] {processor.py:830} INFO - Processing file /home/airflow/.local/lib/python3.12/site-packages/airflow/example_dags/example_short_circuit_operator.py for tasks to queue
[2024-05-02T10:52:01.262+0000] {logging_mixin.py:188} INFO - [2024-05-02T10:52:01.261+0000] {dagbag.py:540} INFO - Filling up the DagBag from /home/airflow/.local/lib/python3.12/site-packages/airflow/example_dags/example_short_circuit_operator.py
[2024-05-02T10:52:01.266+0000] {processor.py:840} INFO - DAG(s) 'example_short_circuit_operator' retrieved from /home/airflow/.local/lib/python3.12/site-packages/airflow/example_dags/example_short_circuit_operator.py
[2024-05-02T10:52:01.293+0000] {logging_mixin.py:188} INFO - [2024-05-02T10:52:01.292+0000] {dag.py:3096} INFO - Sync 1 DAGs
[2024-05-02T10:52:01.310+0000] {logging_mixin.py:188} INFO - [2024-05-02T10:52:01.309+0000] {dag.py:3954} INFO - Setting next_dagrun for example_short_circuit_operator to 2024-05-01 00:00:00+00:00, run_after=2024-05-02 00:00:00+00:00
[2024-05-02T10:52:01.332+0000] {processor.py:183} INFO - Processing /home/airflow/.local/lib/python3.12/site-packages/airflow/example_dags/example_short_circuit_operator.py took 0.075 seconds
[2024-05-02T10:52:32.158+0000] {processor.py:161} INFO - Started process (PID=442) to work on /home/airflow/.local/lib/python3.12/site-packages/airflow/example_dags/example_short_circuit_operator.py
[2024-05-02T10:52:32.159+0000] {processor.py:830} INFO - Processing file /home/airflow/.local/lib/python3.12/site-packages/airflow/example_dags/example_short_circuit_operator.py for tasks to queue
[2024-05-02T10:52:32.160+0000] {logging_mixin.py:188} INFO - [2024-05-02T10:52:32.159+0000] {dagbag.py:540} INFO - Filling up the DagBag from /home/airflow/.local/lib/python3.12/site-packages/airflow/example_dags/example_short_circuit_operator.py
[2024-05-02T10:52:32.165+0000] {processor.py:840} INFO - DAG(s) 'example_short_circuit_operator' retrieved from /home/airflow/.local/lib/python3.12/site-packages/airflow/example_dags/example_short_circuit_operator.py
[2024-05-02T10:52:32.180+0000] {logging_mixin.py:188} INFO - [2024-05-02T10:52:32.180+0000] {dag.py:3096} INFO - Sync 1 DAGs
[2024-05-02T10:52:32.227+0000] {logging_mixin.py:188} INFO - [2024-05-02T10:52:32.227+0000] {dag.py:3954} INFO - Setting next_dagrun for example_short_circuit_operator to 2024-05-01 00:00:00+00:00, run_after=2024-05-02 00:00:00+00:00
[2024-05-02T10:52:32.244+0000] {processor.py:183} INFO - Processing /home/airflow/.local/lib/python3.12/site-packages/airflow/example_dags/example_short_circuit_operator.py took 0.090 seconds
[2024-05-02T10:53:03.103+0000] {processor.py:161} INFO - Started process (PID=502) to work on /home/airflow/.local/lib/python3.12/site-packages/airflow/example_dags/example_short_circuit_operator.py
[2024-05-02T10:53:03.104+0000] {processor.py:830} INFO - Processing file /home/airflow/.local/lib/python3.12/site-packages/airflow/example_dags/example_short_circuit_operator.py for tasks to queue
[2024-05-02T10:53:03.129+0000] {logging_mixin.py:188} INFO - [2024-05-02T10:53:03.129+0000] {dagbag.py:540} INFO - Filling up the DagBag from /home/airflow/.local/lib/python3.12/site-packages/airflow/example_dags/example_short_circuit_operator.py
[2024-05-02T10:53:03.169+0000] {processor.py:840} INFO - DAG(s) 'example_short_circuit_operator' retrieved from /home/airflow/.local/lib/python3.12/site-packages/airflow/example_dags/example_short_circuit_operator.py
[2024-05-02T10:53:03.206+0000] {logging_mixin.py:188} INFO - [2024-05-02T10:53:03.206+0000] {dag.py:3096} INFO - Sync 1 DAGs
[2024-05-02T10:53:03.222+0000] {logging_mixin.py:188} INFO - [2024-05-02T10:53:03.222+0000] {dag.py:3954} INFO - Setting next_dagrun for example_short_circuit_operator to 2024-05-01 00:00:00+00:00, run_after=2024-05-02 00:00:00+00:00
[2024-05-02T10:53:03.252+0000] {processor.py:183} INFO - Processing /home/airflow/.local/lib/python3.12/site-packages/airflow/example_dags/example_short_circuit_operator.py took 0.154 seconds
[2024-05-02T10:53:33.953+0000] {processor.py:161} INFO - Started process (PID=562) to work on /home/airflow/.local/lib/python3.12/site-packages/airflow/example_dags/example_short_circuit_operator.py
[2024-05-02T10:53:33.953+0000] {processor.py:830} INFO - Processing file /home/airflow/.local/lib/python3.12/site-packages/airflow/example_dags/example_short_circuit_operator.py for tasks to queue
[2024-05-02T10:53:33.954+0000] {logging_mixin.py:188} INFO - [2024-05-02T10:53:33.954+0000] {dagbag.py:540} INFO - Filling up the DagBag from /home/airflow/.local/lib/python3.12/site-packages/airflow/example_dags/example_short_circuit_operator.py
[2024-05-02T10:53:33.959+0000] {processor.py:840} INFO - DAG(s) 'example_short_circuit_operator' retrieved from /home/airflow/.local/lib/python3.12/site-packages/airflow/example_dags/example_short_circuit_operator.py
[2024-05-02T10:53:33.973+0000] {logging_mixin.py:188} INFO - [2024-05-02T10:53:33.973+0000] {dag.py:3096} INFO - Sync 1 DAGs
[2024-05-02T10:53:34.017+0000] {logging_mixin.py:188} INFO - [2024-05-02T10:53:34.017+0000] {dag.py:3954} INFO - Setting next_dagrun for example_short_circuit_operator to 2024-05-01 00:00:00+00:00, run_after=2024-05-02 00:00:00+00:00
[2024-05-02T10:53:34.030+0000] {processor.py:183} INFO - Processing /home/airflow/.local/lib/python3.12/site-packages/airflow/example_dags/example_short_circuit_operator.py took 0.083 seconds
[2024-05-02T10:54:04.640+0000] {processor.py:161} INFO - Started process (PID=622) to work on /home/airflow/.local/lib/python3.12/site-packages/airflow/example_dags/example_short_circuit_operator.py
[2024-05-02T10:54:04.640+0000] {processor.py:830} INFO - Processing file /home/airflow/.local/lib/python3.12/site-packages/airflow/example_dags/example_short_circuit_operator.py for tasks to queue
[2024-05-02T10:54:04.641+0000] {logging_mixin.py:188} INFO - [2024-05-02T10:54:04.641+0000] {dagbag.py:540} INFO - Filling up the DagBag from /home/airflow/.local/lib/python3.12/site-packages/airflow/example_dags/example_short_circuit_operator.py
[2024-05-02T10:54:04.646+0000] {processor.py:840} INFO - DAG(s) 'example_short_circuit_operator' retrieved from /home/airflow/.local/lib/python3.12/site-packages/airflow/example_dags/example_short_circuit_operator.py
[2024-05-02T10:54:04.685+0000] {logging_mixin.py:188} INFO - [2024-05-02T10:54:04.685+0000] {dag.py:3096} INFO - Sync 1 DAGs
[2024-05-02T10:54:04.699+0000] {logging_mixin.py:188} INFO - [2024-05-02T10:54:04.699+0000] {dag.py:3954} INFO - Setting next_dagrun for example_short_circuit_operator to 2024-05-01 00:00:00+00:00, run_after=2024-05-02 00:00:00+00:00
[2024-05-02T10:54:04.981+0000] {processor.py:183} INFO - Processing /home/airflow/.local/lib/python3.12/site-packages/airflow/example_dags/example_short_circuit_operator.py took 0.345 seconds
[2024-05-02T10:54:35.115+0000] {processor.py:161} INFO - Started process (PID=682) to work on /home/airflow/.local/lib/python3.12/site-packages/airflow/example_dags/example_short_circuit_operator.py
[2024-05-02T10:54:35.115+0000] {processor.py:830} INFO - Processing file /home/airflow/.local/lib/python3.12/site-packages/airflow/example_dags/example_short_circuit_operator.py for tasks to queue
[2024-05-02T10:54:35.116+0000] {logging_mixin.py:188} INFO - [2024-05-02T10:54:35.116+0000] {dagbag.py:540} INFO - Filling up the DagBag from /home/airflow/.local/lib/python3.12/site-packages/airflow/example_dags/example_short_circuit_operator.py
[2024-05-02T10:54:35.121+0000] {processor.py:840} INFO - DAG(s) 'example_short_circuit_operator' retrieved from /home/airflow/.local/lib/python3.12/site-packages/airflow/example_dags/example_short_circuit_operator.py
[2024-05-02T10:54:35.135+0000] {logging_mixin.py:188} INFO - [2024-05-02T10:54:35.134+0000] {dag.py:3096} INFO - Sync 1 DAGs
[2024-05-02T10:54:35.169+0000] {logging_mixin.py:188} INFO - [2024-05-02T10:54:35.169+0000] {dag.py:3954} INFO - Setting next_dagrun for example_short_circuit_operator to 2024-05-01 00:00:00+00:00, run_after=2024-05-02 00:00:00+00:00
[2024-05-02T10:54:35.184+0000] {processor.py:183} INFO - Processing /home/airflow/.local/lib/python3.12/site-packages/airflow/example_dags/example_short_circuit_operator.py took 0.073 seconds
[2024-05-02T10:55:05.508+0000] {processor.py:161} INFO - Started process (PID=741) to work on /home/airflow/.local/lib/python3.12/site-packages/airflow/example_dags/example_short_circuit_operator.py
[2024-05-02T10:55:05.509+0000] {processor.py:830} INFO - Processing file /home/airflow/.local/lib/python3.12/site-packages/airflow/example_dags/example_short_circuit_operator.py for tasks to queue
[2024-05-02T10:55:05.510+0000] {logging_mixin.py:188} INFO - [2024-05-02T10:55:05.510+0000] {dagbag.py:540} INFO - Filling up the DagBag from /home/airflow/.local/lib/python3.12/site-packages/airflow/example_dags/example_short_circuit_operator.py
[2024-05-02T10:55:05.514+0000] {processor.py:840} INFO - DAG(s) 'example_short_circuit_operator' retrieved from /home/airflow/.local/lib/python3.12/site-packages/airflow/example_dags/example_short_circuit_operator.py
[2024-05-02T10:55:05.530+0000] {logging_mixin.py:188} INFO - [2024-05-02T10:55:05.529+0000] {dag.py:3096} INFO - Sync 1 DAGs
[2024-05-02T10:55:05.557+0000] {logging_mixin.py:188} INFO - [2024-05-02T10:55:05.557+0000] {dag.py:3954} INFO - Setting next_dagrun for example_short_circuit_operator to 2024-05-01 00:00:00+00:00, run_after=2024-05-02 00:00:00+00:00
[2024-05-02T10:55:05.570+0000] {processor.py:183} INFO - Processing /home/airflow/.local/lib/python3.12/site-packages/airflow/example_dags/example_short_circuit_operator.py took 0.065 seconds
[2024-05-02T10:55:35.983+0000] {processor.py:161} INFO - Started process (PID=802) to work on /home/airflow/.local/lib/python3.12/site-packages/airflow/example_dags/example_short_circuit_operator.py
[2024-05-02T10:55:35.984+0000] {processor.py:830} INFO - Processing file /home/airflow/.local/lib/python3.12/site-packages/airflow/example_dags/example_short_circuit_operator.py for tasks to queue
[2024-05-02T10:55:35.985+0000] {logging_mixin.py:188} INFO - [2024-05-02T10:55:35.985+0000] {dagbag.py:540} INFO - Filling up the DagBag from /home/airflow/.local/lib/python3.12/site-packages/airflow/example_dags/example_short_circuit_operator.py
[2024-05-02T10:55:35.992+0000] {processor.py:840} INFO - DAG(s) 'example_short_circuit_operator' retrieved from /home/airflow/.local/lib/python3.12/site-packages/airflow/example_dags/example_short_circuit_operator.py
[2024-05-02T10:55:36.007+0000] {logging_mixin.py:188} INFO - [2024-05-02T10:55:36.007+0000] {dag.py:3096} INFO - Sync 1 DAGs
[2024-05-02T10:55:36.041+0000] {logging_mixin.py:188} INFO - [2024-05-02T10:55:36.041+0000] {dag.py:3954} INFO - Setting next_dagrun for example_short_circuit_operator to 2024-05-01 00:00:00+00:00, run_after=2024-05-02 00:00:00+00:00
[2024-05-02T10:55:36.052+0000] {processor.py:183} INFO - Processing /home/airflow/.local/lib/python3.12/site-packages/airflow/example_dags/example_short_circuit_operator.py took 0.073 seconds
[2024-05-02T10:56:06.318+0000] {processor.py:161} INFO - Started process (PID=862) to work on /home/airflow/.local/lib/python3.12/site-packages/airflow/example_dags/example_short_circuit_operator.py
[2024-05-02T10:56:06.319+0000] {processor.py:830} INFO - Processing file /home/airflow/.local/lib/python3.12/site-packages/airflow/example_dags/example_short_circuit_operator.py for tasks to queue
[2024-05-02T10:56:06.343+0000] {logging_mixin.py:188} INFO - [2024-05-02T10:56:06.342+0000] {dagbag.py:540} INFO - Filling up the DagBag from /home/airflow/.local/lib/python3.12/site-packages/airflow/example_dags/example_short_circuit_operator.py
[2024-05-02T10:56:06.377+0000] {processor.py:840} INFO - DAG(s) 'example_short_circuit_operator' retrieved from /home/airflow/.local/lib/python3.12/site-packages/airflow/example_dags/example_short_circuit_operator.py
[2024-05-02T10:56:06.408+0000] {logging_mixin.py:188} INFO - [2024-05-02T10:56:06.407+0000] {dag.py:3096} INFO - Sync 1 DAGs
[2024-05-02T10:56:06.424+0000] {logging_mixin.py:188} INFO - [2024-05-02T10:56:06.424+0000] {dag.py:3954} INFO - Setting next_dagrun for example_short_circuit_operator to 2024-05-01 00:00:00+00:00, run_after=2024-05-02 00:00:00+00:00
[2024-05-02T10:56:06.455+0000] {processor.py:183} INFO - Processing /home/airflow/.local/lib/python3.12/site-packages/airflow/example_dags/example_short_circuit_operator.py took 0.147 seconds
[2024-05-02T10:56:36.703+0000] {processor.py:161} INFO - Started process (PID=922) to work on /home/airflow/.local/lib/python3.12/site-packages/airflow/example_dags/example_short_circuit_operator.py
[2024-05-02T10:56:36.703+0000] {processor.py:830} INFO - Processing file /home/airflow/.local/lib/python3.12/site-packages/airflow/example_dags/example_short_circuit_operator.py for tasks to queue
[2024-05-02T10:56:36.704+0000] {logging_mixin.py:188} INFO - [2024-05-02T10:56:36.704+0000] {dagbag.py:540} INFO - Filling up the DagBag from /home/airflow/.local/lib/python3.12/site-packages/airflow/example_dags/example_short_circuit_operator.py
[2024-05-02T10:56:36.709+0000] {processor.py:840} INFO - DAG(s) 'example_short_circuit_operator' retrieved from /home/airflow/.local/lib/python3.12/site-packages/airflow/example_dags/example_short_circuit_operator.py
[2024-05-02T10:56:36.723+0000] {logging_mixin.py:188} INFO - [2024-05-02T10:56:36.722+0000] {dag.py:3096} INFO - Sync 1 DAGs
[2024-05-02T10:56:36.752+0000] {logging_mixin.py:188} INFO - [2024-05-02T10:56:36.752+0000] {dag.py:3954} INFO - Setting next_dagrun for example_short_circuit_operator to 2024-05-01 00:00:00+00:00, run_after=2024-05-02 00:00:00+00:00
[2024-05-02T10:56:36.765+0000] {processor.py:183} INFO - Processing /home/airflow/.local/lib/python3.12/site-packages/airflow/example_dags/example_short_circuit_operator.py took 0.065 seconds
[2024-05-02T10:57:07.339+0000] {processor.py:161} INFO - Started process (PID=982) to work on /home/airflow/.local/lib/python3.12/site-packages/airflow/example_dags/example_short_circuit_operator.py
[2024-05-02T10:57:07.340+0000] {processor.py:830} INFO - Processing file /home/airflow/.local/lib/python3.12/site-packages/airflow/example_dags/example_short_circuit_operator.py for tasks to queue
[2024-05-02T10:57:07.341+0000] {logging_mixin.py:188} INFO - [2024-05-02T10:57:07.340+0000] {dagbag.py:540} INFO - Filling up the DagBag from /home/airflow/.local/lib/python3.12/site-packages/airflow/example_dags/example_short_circuit_operator.py
[2024-05-02T10:57:07.345+0000] {processor.py:840} INFO - DAG(s) 'example_short_circuit_operator' retrieved from /home/airflow/.local/lib/python3.12/site-packages/airflow/example_dags/example_short_circuit_operator.py
[2024-05-02T10:57:07.360+0000] {logging_mixin.py:188} INFO - [2024-05-02T10:57:07.360+0000] {dag.py:3096} INFO - Sync 1 DAGs
[2024-05-02T10:57:07.394+0000] {logging_mixin.py:188} INFO - [2024-05-02T10:57:07.394+0000] {dag.py:3954} INFO - Setting next_dagrun for example_short_circuit_operator to 2024-05-01 00:00:00+00:00, run_after=2024-05-02 00:00:00+00:00
[2024-05-02T10:57:07.406+0000] {processor.py:183} INFO - Processing /home/airflow/.local/lib/python3.12/site-packages/airflow/example_dags/example_short_circuit_operator.py took 0.071 seconds
