[2024-05-02T10:20:05.904+0000] {processor.py:161} INFO - Started process (PID=44) to work on /home/airflow/.local/lib/python3.12/site-packages/airflow/example_dags/example_branch_operator.py
[2024-05-02T10:20:05.904+0000] {processor.py:830} INFO - Processing file /home/airflow/.local/lib/python3.12/site-packages/airflow/example_dags/example_branch_operator.py for tasks to queue
[2024-05-02T10:20:05.906+0000] {logging_mixin.py:188} INFO - [2024-05-02T10:20:05.905+0000] {dagbag.py:540} INFO - Filling up the DagBag from /home/airflow/.local/lib/python3.12/site-packages/airflow/example_dags/example_branch_operator.py
[2024-05-02T10:20:05.919+0000] {processor.py:840} INFO - DAG(s) 'example_branch_operator' retrieved from /home/airflow/.local/lib/python3.12/site-packages/airflow/example_dags/example_branch_operator.py
[2024-05-02T10:20:05.926+0000] {logging_mixin.py:188} INFO - [2024-05-02T10:20:05.925+0000] {dag.py:3096} INFO - Sync 1 DAGs
[2024-05-02T10:20:05.944+0000] {logging_mixin.py:188} INFO - [2024-05-02T10:20:05.943+0000] {dag.py:3954} INFO - Setting next_dagrun for example_branch_operator to 2024-05-01 00:00:00+00:00, run_after=2024-05-02 00:00:00+00:00
[2024-05-02T10:20:05.956+0000] {processor.py:183} INFO - Processing /home/airflow/.local/lib/python3.12/site-packages/airflow/example_dags/example_branch_operator.py took 0.056 seconds
[2024-05-02T10:20:36.653+0000] {processor.py:161} INFO - Started process (PID=102) to work on /home/airflow/.local/lib/python3.12/site-packages/airflow/example_dags/example_branch_operator.py
[2024-05-02T10:20:36.654+0000] {processor.py:830} INFO - Processing file /home/airflow/.local/lib/python3.12/site-packages/airflow/example_dags/example_branch_operator.py for tasks to queue
[2024-05-02T10:20:36.655+0000] {logging_mixin.py:188} INFO - [2024-05-02T10:20:36.655+0000] {dagbag.py:540} INFO - Filling up the DagBag from /home/airflow/.local/lib/python3.12/site-packages/airflow/example_dags/example_branch_operator.py
[2024-05-02T10:20:36.665+0000] {processor.py:840} INFO - DAG(s) 'example_branch_operator' retrieved from /home/airflow/.local/lib/python3.12/site-packages/airflow/example_dags/example_branch_operator.py
[2024-05-02T10:20:36.739+0000] {logging_mixin.py:188} INFO - [2024-05-02T10:20:36.739+0000] {dag.py:3096} INFO - Sync 1 DAGs
[2024-05-02T10:20:36.755+0000] {logging_mixin.py:188} INFO - [2024-05-02T10:20:36.755+0000] {dag.py:3954} INFO - Setting next_dagrun for example_branch_operator to 2024-05-01 00:00:00+00:00, run_after=2024-05-02 00:00:00+00:00
[2024-05-02T10:20:36.767+0000] {processor.py:183} INFO - Processing /home/airflow/.local/lib/python3.12/site-packages/airflow/example_dags/example_branch_operator.py took 0.117 seconds
[2024-05-02T10:21:06.921+0000] {processor.py:161} INFO - Started process (PID=161) to work on /home/airflow/.local/lib/python3.12/site-packages/airflow/example_dags/example_branch_operator.py
[2024-05-02T10:21:06.921+0000] {processor.py:830} INFO - Processing file /home/airflow/.local/lib/python3.12/site-packages/airflow/example_dags/example_branch_operator.py for tasks to queue
[2024-05-02T10:21:06.922+0000] {logging_mixin.py:188} INFO - [2024-05-02T10:21:06.922+0000] {dagbag.py:540} INFO - Filling up the DagBag from /home/airflow/.local/lib/python3.12/site-packages/airflow/example_dags/example_branch_operator.py
[2024-05-02T10:21:06.932+0000] {processor.py:840} INFO - DAG(s) 'example_branch_operator' retrieved from /home/airflow/.local/lib/python3.12/site-packages/airflow/example_dags/example_branch_operator.py
[2024-05-02T10:21:06.950+0000] {logging_mixin.py:188} INFO - [2024-05-02T10:21:06.950+0000] {dag.py:3096} INFO - Sync 1 DAGs
[2024-05-02T10:21:06.964+0000] {logging_mixin.py:188} INFO - [2024-05-02T10:21:06.963+0000] {dag.py:3954} INFO - Setting next_dagrun for example_branch_operator to 2024-05-01 00:00:00+00:00, run_after=2024-05-02 00:00:00+00:00
[2024-05-02T10:21:06.975+0000] {processor.py:183} INFO - Processing /home/airflow/.local/lib/python3.12/site-packages/airflow/example_dags/example_branch_operator.py took 0.058 seconds
[2024-05-02T10:21:37.368+0000] {processor.py:161} INFO - Started process (PID=219) to work on /home/airflow/.local/lib/python3.12/site-packages/airflow/example_dags/example_branch_operator.py
[2024-05-02T10:21:37.368+0000] {processor.py:830} INFO - Processing file /home/airflow/.local/lib/python3.12/site-packages/airflow/example_dags/example_branch_operator.py for tasks to queue
[2024-05-02T10:21:37.369+0000] {logging_mixin.py:188} INFO - [2024-05-02T10:21:37.369+0000] {dagbag.py:540} INFO - Filling up the DagBag from /home/airflow/.local/lib/python3.12/site-packages/airflow/example_dags/example_branch_operator.py
[2024-05-02T10:21:37.379+0000] {processor.py:840} INFO - DAG(s) 'example_branch_operator' retrieved from /home/airflow/.local/lib/python3.12/site-packages/airflow/example_dags/example_branch_operator.py
[2024-05-02T10:21:37.397+0000] {logging_mixin.py:188} INFO - [2024-05-02T10:21:37.396+0000] {dag.py:3096} INFO - Sync 1 DAGs
[2024-05-02T10:21:37.411+0000] {logging_mixin.py:188} INFO - [2024-05-02T10:21:37.411+0000] {dag.py:3954} INFO - Setting next_dagrun for example_branch_operator to 2024-05-01 00:00:00+00:00, run_after=2024-05-02 00:00:00+00:00
[2024-05-02T10:21:37.425+0000] {processor.py:183} INFO - Processing /home/airflow/.local/lib/python3.12/site-packages/airflow/example_dags/example_branch_operator.py took 0.062 seconds
[2024-05-02T10:22:08.883+0000] {processor.py:161} INFO - Started process (PID=277) to work on /home/airflow/.local/lib/python3.12/site-packages/airflow/example_dags/example_branch_operator.py
[2024-05-02T10:22:08.883+0000] {processor.py:830} INFO - Processing file /home/airflow/.local/lib/python3.12/site-packages/airflow/example_dags/example_branch_operator.py for tasks to queue
[2024-05-02T10:22:08.884+0000] {logging_mixin.py:188} INFO - [2024-05-02T10:22:08.884+0000] {dagbag.py:540} INFO - Filling up the DagBag from /home/airflow/.local/lib/python3.12/site-packages/airflow/example_dags/example_branch_operator.py
[2024-05-02T10:22:08.893+0000] {processor.py:840} INFO - DAG(s) 'example_branch_operator' retrieved from /home/airflow/.local/lib/python3.12/site-packages/airflow/example_dags/example_branch_operator.py
[2024-05-02T10:22:08.911+0000] {logging_mixin.py:188} INFO - [2024-05-02T10:22:08.911+0000] {dag.py:3096} INFO - Sync 1 DAGs
[2024-05-02T10:22:08.925+0000] {logging_mixin.py:188} INFO - [2024-05-02T10:22:08.925+0000] {dag.py:3954} INFO - Setting next_dagrun for example_branch_operator to 2024-05-01 00:00:00+00:00, run_after=2024-05-02 00:00:00+00:00
[2024-05-02T10:22:08.937+0000] {processor.py:183} INFO - Processing /home/airflow/.local/lib/python3.12/site-packages/airflow/example_dags/example_branch_operator.py took 0.058 seconds
[2024-05-02T10:22:39.669+0000] {processor.py:161} INFO - Started process (PID=335) to work on /home/airflow/.local/lib/python3.12/site-packages/airflow/example_dags/example_branch_operator.py
[2024-05-02T10:22:39.669+0000] {processor.py:830} INFO - Processing file /home/airflow/.local/lib/python3.12/site-packages/airflow/example_dags/example_branch_operator.py for tasks to queue
[2024-05-02T10:22:39.670+0000] {logging_mixin.py:188} INFO - [2024-05-02T10:22:39.670+0000] {dagbag.py:540} INFO - Filling up the DagBag from /home/airflow/.local/lib/python3.12/site-packages/airflow/example_dags/example_branch_operator.py
[2024-05-02T10:22:39.680+0000] {processor.py:840} INFO - DAG(s) 'example_branch_operator' retrieved from /home/airflow/.local/lib/python3.12/site-packages/airflow/example_dags/example_branch_operator.py
[2024-05-02T10:22:39.699+0000] {logging_mixin.py:188} INFO - [2024-05-02T10:22:39.699+0000] {dag.py:3096} INFO - Sync 1 DAGs
[2024-05-02T10:22:39.713+0000] {logging_mixin.py:188} INFO - [2024-05-02T10:22:39.713+0000] {dag.py:3954} INFO - Setting next_dagrun for example_branch_operator to 2024-05-01 00:00:00+00:00, run_after=2024-05-02 00:00:00+00:00
[2024-05-02T10:22:39.726+0000] {processor.py:183} INFO - Processing /home/airflow/.local/lib/python3.12/site-packages/airflow/example_dags/example_branch_operator.py took 0.060 seconds
[2024-05-02T10:23:10.547+0000] {processor.py:161} INFO - Started process (PID=393) to work on /home/airflow/.local/lib/python3.12/site-packages/airflow/example_dags/example_branch_operator.py
[2024-05-02T10:23:10.547+0000] {processor.py:830} INFO - Processing file /home/airflow/.local/lib/python3.12/site-packages/airflow/example_dags/example_branch_operator.py for tasks to queue
[2024-05-02T10:23:10.549+0000] {logging_mixin.py:188} INFO - [2024-05-02T10:23:10.548+0000] {dagbag.py:540} INFO - Filling up the DagBag from /home/airflow/.local/lib/python3.12/site-packages/airflow/example_dags/example_branch_operator.py
[2024-05-02T10:23:10.559+0000] {processor.py:840} INFO - DAG(s) 'example_branch_operator' retrieved from /home/airflow/.local/lib/python3.12/site-packages/airflow/example_dags/example_branch_operator.py
[2024-05-02T10:23:10.577+0000] {logging_mixin.py:188} INFO - [2024-05-02T10:23:10.577+0000] {dag.py:3096} INFO - Sync 1 DAGs
[2024-05-02T10:23:10.591+0000] {logging_mixin.py:188} INFO - [2024-05-02T10:23:10.591+0000] {dag.py:3954} INFO - Setting next_dagrun for example_branch_operator to 2024-05-01 00:00:00+00:00, run_after=2024-05-02 00:00:00+00:00
[2024-05-02T10:23:10.603+0000] {processor.py:183} INFO - Processing /home/airflow/.local/lib/python3.12/site-packages/airflow/example_dags/example_branch_operator.py took 0.061 seconds
[2024-05-02T10:23:40.959+0000] {processor.py:161} INFO - Started process (PID=451) to work on /home/airflow/.local/lib/python3.12/site-packages/airflow/example_dags/example_branch_operator.py
[2024-05-02T10:23:40.960+0000] {processor.py:830} INFO - Processing file /home/airflow/.local/lib/python3.12/site-packages/airflow/example_dags/example_branch_operator.py for tasks to queue
[2024-05-02T10:23:40.961+0000] {logging_mixin.py:188} INFO - [2024-05-02T10:23:40.961+0000] {dagbag.py:540} INFO - Filling up the DagBag from /home/airflow/.local/lib/python3.12/site-packages/airflow/example_dags/example_branch_operator.py
[2024-05-02T10:23:40.971+0000] {processor.py:840} INFO - DAG(s) 'example_branch_operator' retrieved from /home/airflow/.local/lib/python3.12/site-packages/airflow/example_dags/example_branch_operator.py
[2024-05-02T10:23:40.990+0000] {logging_mixin.py:188} INFO - [2024-05-02T10:23:40.989+0000] {dag.py:3096} INFO - Sync 1 DAGs
[2024-05-02T10:23:41.004+0000] {logging_mixin.py:188} INFO - [2024-05-02T10:23:41.004+0000] {dag.py:3954} INFO - Setting next_dagrun for example_branch_operator to 2024-05-01 00:00:00+00:00, run_after=2024-05-02 00:00:00+00:00
[2024-05-02T10:23:41.016+0000] {processor.py:183} INFO - Processing /home/airflow/.local/lib/python3.12/site-packages/airflow/example_dags/example_branch_operator.py took 0.061 seconds
[2024-05-02T10:24:11.516+0000] {processor.py:161} INFO - Started process (PID=509) to work on /home/airflow/.local/lib/python3.12/site-packages/airflow/example_dags/example_branch_operator.py
[2024-05-02T10:24:11.516+0000] {processor.py:830} INFO - Processing file /home/airflow/.local/lib/python3.12/site-packages/airflow/example_dags/example_branch_operator.py for tasks to queue
[2024-05-02T10:24:11.517+0000] {logging_mixin.py:188} INFO - [2024-05-02T10:24:11.517+0000] {dagbag.py:540} INFO - Filling up the DagBag from /home/airflow/.local/lib/python3.12/site-packages/airflow/example_dags/example_branch_operator.py
[2024-05-02T10:24:11.527+0000] {processor.py:840} INFO - DAG(s) 'example_branch_operator' retrieved from /home/airflow/.local/lib/python3.12/site-packages/airflow/example_dags/example_branch_operator.py
[2024-05-02T10:24:11.545+0000] {logging_mixin.py:188} INFO - [2024-05-02T10:24:11.545+0000] {dag.py:3096} INFO - Sync 1 DAGs
[2024-05-02T10:24:11.560+0000] {logging_mixin.py:188} INFO - [2024-05-02T10:24:11.560+0000] {dag.py:3954} INFO - Setting next_dagrun for example_branch_operator to 2024-05-01 00:00:00+00:00, run_after=2024-05-02 00:00:00+00:00
[2024-05-02T10:24:11.573+0000] {processor.py:183} INFO - Processing /home/airflow/.local/lib/python3.12/site-packages/airflow/example_dags/example_branch_operator.py took 0.061 seconds
[2024-05-02T10:24:42.578+0000] {processor.py:161} INFO - Started process (PID=567) to work on /home/airflow/.local/lib/python3.12/site-packages/airflow/example_dags/example_branch_operator.py
[2024-05-02T10:24:42.579+0000] {processor.py:830} INFO - Processing file /home/airflow/.local/lib/python3.12/site-packages/airflow/example_dags/example_branch_operator.py for tasks to queue
[2024-05-02T10:24:42.580+0000] {logging_mixin.py:188} INFO - [2024-05-02T10:24:42.579+0000] {dagbag.py:540} INFO - Filling up the DagBag from /home/airflow/.local/lib/python3.12/site-packages/airflow/example_dags/example_branch_operator.py
[2024-05-02T10:24:42.590+0000] {processor.py:840} INFO - DAG(s) 'example_branch_operator' retrieved from /home/airflow/.local/lib/python3.12/site-packages/airflow/example_dags/example_branch_operator.py
[2024-05-02T10:24:42.609+0000] {logging_mixin.py:188} INFO - [2024-05-02T10:24:42.609+0000] {dag.py:3096} INFO - Sync 1 DAGs
[2024-05-02T10:24:42.638+0000] {logging_mixin.py:188} INFO - [2024-05-02T10:24:42.638+0000] {dag.py:3954} INFO - Setting next_dagrun for example_branch_operator to 2024-05-01 00:00:00+00:00, run_after=2024-05-02 00:00:00+00:00
[2024-05-02T10:24:42.649+0000] {processor.py:183} INFO - Processing /home/airflow/.local/lib/python3.12/site-packages/airflow/example_dags/example_branch_operator.py took 0.075 seconds
[2024-05-02T10:25:12.835+0000] {processor.py:161} INFO - Started process (PID=626) to work on /home/airflow/.local/lib/python3.12/site-packages/airflow/example_dags/example_branch_operator.py
[2024-05-02T10:25:12.835+0000] {processor.py:830} INFO - Processing file /home/airflow/.local/lib/python3.12/site-packages/airflow/example_dags/example_branch_operator.py for tasks to queue
[2024-05-02T10:25:12.836+0000] {logging_mixin.py:188} INFO - [2024-05-02T10:25:12.836+0000] {dagbag.py:540} INFO - Filling up the DagBag from /home/airflow/.local/lib/python3.12/site-packages/airflow/example_dags/example_branch_operator.py
[2024-05-02T10:25:12.848+0000] {processor.py:840} INFO - DAG(s) 'example_branch_operator' retrieved from /home/airflow/.local/lib/python3.12/site-packages/airflow/example_dags/example_branch_operator.py
[2024-05-02T10:25:12.868+0000] {logging_mixin.py:188} INFO - [2024-05-02T10:25:12.867+0000] {dag.py:3096} INFO - Sync 1 DAGs
[2024-05-02T10:25:12.894+0000] {logging_mixin.py:188} INFO - [2024-05-02T10:25:12.894+0000] {dag.py:3954} INFO - Setting next_dagrun for example_branch_operator to 2024-05-01 00:00:00+00:00, run_after=2024-05-02 00:00:00+00:00
[2024-05-02T10:25:12.905+0000] {processor.py:183} INFO - Processing /home/airflow/.local/lib/python3.12/site-packages/airflow/example_dags/example_branch_operator.py took 0.074 seconds
[2024-05-02T10:25:43.164+0000] {processor.py:161} INFO - Started process (PID=686) to work on /home/airflow/.local/lib/python3.12/site-packages/airflow/example_dags/example_branch_operator.py
[2024-05-02T10:25:43.164+0000] {processor.py:830} INFO - Processing file /home/airflow/.local/lib/python3.12/site-packages/airflow/example_dags/example_branch_operator.py for tasks to queue
[2024-05-02T10:25:43.165+0000] {logging_mixin.py:188} INFO - [2024-05-02T10:25:43.165+0000] {dagbag.py:540} INFO - Filling up the DagBag from /home/airflow/.local/lib/python3.12/site-packages/airflow/example_dags/example_branch_operator.py
[2024-05-02T10:25:43.176+0000] {processor.py:840} INFO - DAG(s) 'example_branch_operator' retrieved from /home/airflow/.local/lib/python3.12/site-packages/airflow/example_dags/example_branch_operator.py
[2024-05-02T10:25:43.195+0000] {logging_mixin.py:188} INFO - [2024-05-02T10:25:43.195+0000] {dag.py:3096} INFO - Sync 1 DAGs
[2024-05-02T10:25:43.210+0000] {logging_mixin.py:188} INFO - [2024-05-02T10:25:43.210+0000] {dag.py:3954} INFO - Setting next_dagrun for example_branch_operator to 2024-05-01 00:00:00+00:00, run_after=2024-05-02 00:00:00+00:00
[2024-05-02T10:25:43.222+0000] {processor.py:183} INFO - Processing /home/airflow/.local/lib/python3.12/site-packages/airflow/example_dags/example_branch_operator.py took 0.062 seconds
[2024-05-02T10:26:13.787+0000] {processor.py:161} INFO - Started process (PID=745) to work on /home/airflow/.local/lib/python3.12/site-packages/airflow/example_dags/example_branch_operator.py
[2024-05-02T10:26:13.787+0000] {processor.py:830} INFO - Processing file /home/airflow/.local/lib/python3.12/site-packages/airflow/example_dags/example_branch_operator.py for tasks to queue
[2024-05-02T10:26:13.789+0000] {logging_mixin.py:188} INFO - [2024-05-02T10:26:13.788+0000] {dagbag.py:540} INFO - Filling up the DagBag from /home/airflow/.local/lib/python3.12/site-packages/airflow/example_dags/example_branch_operator.py
[2024-05-02T10:26:13.806+0000] {processor.py:840} INFO - DAG(s) 'example_branch_operator' retrieved from /home/airflow/.local/lib/python3.12/site-packages/airflow/example_dags/example_branch_operator.py
[2024-05-02T10:26:13.834+0000] {logging_mixin.py:188} INFO - [2024-05-02T10:26:13.834+0000] {dag.py:3096} INFO - Sync 1 DAGs
[2024-05-02T10:26:13.853+0000] {logging_mixin.py:188} INFO - [2024-05-02T10:26:13.852+0000] {dag.py:3954} INFO - Setting next_dagrun for example_branch_operator to 2024-05-01 00:00:00+00:00, run_after=2024-05-02 00:00:00+00:00
[2024-05-02T10:26:13.866+0000] {processor.py:183} INFO - Processing /home/airflow/.local/lib/python3.12/site-packages/airflow/example_dags/example_branch_operator.py took 0.083 seconds
[2024-05-02T10:26:44.511+0000] {processor.py:161} INFO - Started process (PID=804) to work on /home/airflow/.local/lib/python3.12/site-packages/airflow/example_dags/example_branch_operator.py
[2024-05-02T10:26:44.512+0000] {processor.py:830} INFO - Processing file /home/airflow/.local/lib/python3.12/site-packages/airflow/example_dags/example_branch_operator.py for tasks to queue
[2024-05-02T10:26:44.513+0000] {logging_mixin.py:188} INFO - [2024-05-02T10:26:44.513+0000] {dagbag.py:540} INFO - Filling up the DagBag from /home/airflow/.local/lib/python3.12/site-packages/airflow/example_dags/example_branch_operator.py
[2024-05-02T10:26:44.524+0000] {processor.py:840} INFO - DAG(s) 'example_branch_operator' retrieved from /home/airflow/.local/lib/python3.12/site-packages/airflow/example_dags/example_branch_operator.py
[2024-05-02T10:26:44.544+0000] {logging_mixin.py:188} INFO - [2024-05-02T10:26:44.543+0000] {dag.py:3096} INFO - Sync 1 DAGs
[2024-05-02T10:26:44.592+0000] {logging_mixin.py:188} INFO - [2024-05-02T10:26:44.591+0000] {dag.py:3954} INFO - Setting next_dagrun for example_branch_operator to 2024-05-01 00:00:00+00:00, run_after=2024-05-02 00:00:00+00:00
[2024-05-02T10:26:44.607+0000] {processor.py:183} INFO - Processing /home/airflow/.local/lib/python3.12/site-packages/airflow/example_dags/example_branch_operator.py took 0.099 seconds
[2024-05-02T10:27:15.500+0000] {processor.py:161} INFO - Started process (PID=863) to work on /home/airflow/.local/lib/python3.12/site-packages/airflow/example_dags/example_branch_operator.py
[2024-05-02T10:27:15.501+0000] {processor.py:830} INFO - Processing file /home/airflow/.local/lib/python3.12/site-packages/airflow/example_dags/example_branch_operator.py for tasks to queue
[2024-05-02T10:27:15.502+0000] {logging_mixin.py:188} INFO - [2024-05-02T10:27:15.502+0000] {dagbag.py:540} INFO - Filling up the DagBag from /home/airflow/.local/lib/python3.12/site-packages/airflow/example_dags/example_branch_operator.py
[2024-05-02T10:27:15.512+0000] {processor.py:840} INFO - DAG(s) 'example_branch_operator' retrieved from /home/airflow/.local/lib/python3.12/site-packages/airflow/example_dags/example_branch_operator.py
[2024-05-02T10:27:15.532+0000] {logging_mixin.py:188} INFO - [2024-05-02T10:27:15.532+0000] {dag.py:3096} INFO - Sync 1 DAGs
[2024-05-02T10:27:15.661+0000] {logging_mixin.py:188} INFO - [2024-05-02T10:27:15.660+0000] {dag.py:3954} INFO - Setting next_dagrun for example_branch_operator to 2024-05-01 00:00:00+00:00, run_after=2024-05-02 00:00:00+00:00
[2024-05-02T10:27:15.673+0000] {processor.py:183} INFO - Processing /home/airflow/.local/lib/python3.12/site-packages/airflow/example_dags/example_branch_operator.py took 0.176 seconds
[2024-05-02T10:27:45.804+0000] {processor.py:161} INFO - Started process (PID=922) to work on /home/airflow/.local/lib/python3.12/site-packages/airflow/example_dags/example_branch_operator.py
[2024-05-02T10:27:45.804+0000] {processor.py:830} INFO - Processing file /home/airflow/.local/lib/python3.12/site-packages/airflow/example_dags/example_branch_operator.py for tasks to queue
[2024-05-02T10:27:45.805+0000] {logging_mixin.py:188} INFO - [2024-05-02T10:27:45.805+0000] {dagbag.py:540} INFO - Filling up the DagBag from /home/airflow/.local/lib/python3.12/site-packages/airflow/example_dags/example_branch_operator.py
[2024-05-02T10:27:45.815+0000] {processor.py:840} INFO - DAG(s) 'example_branch_operator' retrieved from /home/airflow/.local/lib/python3.12/site-packages/airflow/example_dags/example_branch_operator.py
[2024-05-02T10:27:45.833+0000] {logging_mixin.py:188} INFO - [2024-05-02T10:27:45.833+0000] {dag.py:3096} INFO - Sync 1 DAGs
[2024-05-02T10:27:45.847+0000] {logging_mixin.py:188} INFO - [2024-05-02T10:27:45.847+0000] {dag.py:3954} INFO - Setting next_dagrun for example_branch_operator to 2024-05-01 00:00:00+00:00, run_after=2024-05-02 00:00:00+00:00
[2024-05-02T10:27:45.944+0000] {processor.py:183} INFO - Processing /home/airflow/.local/lib/python3.12/site-packages/airflow/example_dags/example_branch_operator.py took 0.144 seconds
[2024-05-02T10:28:16.273+0000] {processor.py:161} INFO - Started process (PID=981) to work on /home/airflow/.local/lib/python3.12/site-packages/airflow/example_dags/example_branch_operator.py
[2024-05-02T10:28:16.274+0000] {processor.py:830} INFO - Processing file /home/airflow/.local/lib/python3.12/site-packages/airflow/example_dags/example_branch_operator.py for tasks to queue
[2024-05-02T10:28:16.308+0000] {logging_mixin.py:188} INFO - [2024-05-02T10:28:16.308+0000] {dagbag.py:540} INFO - Filling up the DagBag from /home/airflow/.local/lib/python3.12/site-packages/airflow/example_dags/example_branch_operator.py
[2024-05-02T10:28:16.319+0000] {processor.py:840} INFO - DAG(s) 'example_branch_operator' retrieved from /home/airflow/.local/lib/python3.12/site-packages/airflow/example_dags/example_branch_operator.py
[2024-05-02T10:28:16.337+0000] {logging_mixin.py:188} INFO - [2024-05-02T10:28:16.336+0000] {dag.py:3096} INFO - Sync 1 DAGs
[2024-05-02T10:28:16.350+0000] {logging_mixin.py:188} INFO - [2024-05-02T10:28:16.350+0000] {dag.py:3954} INFO - Setting next_dagrun for example_branch_operator to 2024-05-01 00:00:00+00:00, run_after=2024-05-02 00:00:00+00:00
[2024-05-02T10:28:16.366+0000] {processor.py:183} INFO - Processing /home/airflow/.local/lib/python3.12/site-packages/airflow/example_dags/example_branch_operator.py took 0.103 seconds
[2024-05-02T10:28:46.842+0000] {processor.py:161} INFO - Started process (PID=1040) to work on /home/airflow/.local/lib/python3.12/site-packages/airflow/example_dags/example_branch_operator.py
[2024-05-02T10:28:46.842+0000] {processor.py:830} INFO - Processing file /home/airflow/.local/lib/python3.12/site-packages/airflow/example_dags/example_branch_operator.py for tasks to queue
[2024-05-02T10:28:46.869+0000] {logging_mixin.py:188} INFO - [2024-05-02T10:28:46.869+0000] {dagbag.py:540} INFO - Filling up the DagBag from /home/airflow/.local/lib/python3.12/site-packages/airflow/example_dags/example_branch_operator.py
[2024-05-02T10:28:46.905+0000] {processor.py:840} INFO - DAG(s) 'example_branch_operator' retrieved from /home/airflow/.local/lib/python3.12/site-packages/airflow/example_dags/example_branch_operator.py
[2024-05-02T10:28:47.050+0000] {logging_mixin.py:188} INFO - [2024-05-02T10:28:47.049+0000] {dag.py:3096} INFO - Sync 1 DAGs
[2024-05-02T10:28:47.065+0000] {logging_mixin.py:188} INFO - [2024-05-02T10:28:47.065+0000] {dag.py:3954} INFO - Setting next_dagrun for example_branch_operator to 2024-05-01 00:00:00+00:00, run_after=2024-05-02 00:00:00+00:00
[2024-05-02T10:28:47.098+0000] {processor.py:183} INFO - Processing /home/airflow/.local/lib/python3.12/site-packages/airflow/example_dags/example_branch_operator.py took 0.260 seconds
[2024-05-02T10:29:17.198+0000] {processor.py:161} INFO - Started process (PID=1099) to work on /home/airflow/.local/lib/python3.12/site-packages/airflow/example_dags/example_branch_operator.py
[2024-05-02T10:29:17.199+0000] {processor.py:830} INFO - Processing file /home/airflow/.local/lib/python3.12/site-packages/airflow/example_dags/example_branch_operator.py for tasks to queue
[2024-05-02T10:29:17.237+0000] {logging_mixin.py:188} INFO - [2024-05-02T10:29:17.237+0000] {dagbag.py:540} INFO - Filling up the DagBag from /home/airflow/.local/lib/python3.12/site-packages/airflow/example_dags/example_branch_operator.py
[2024-05-02T10:29:17.249+0000] {processor.py:840} INFO - DAG(s) 'example_branch_operator' retrieved from /home/airflow/.local/lib/python3.12/site-packages/airflow/example_dags/example_branch_operator.py
[2024-05-02T10:29:17.269+0000] {logging_mixin.py:188} INFO - [2024-05-02T10:29:17.268+0000] {dag.py:3096} INFO - Sync 1 DAGs
[2024-05-02T10:29:17.285+0000] {logging_mixin.py:188} INFO - [2024-05-02T10:29:17.285+0000] {dag.py:3954} INFO - Setting next_dagrun for example_branch_operator to 2024-05-01 00:00:00+00:00, run_after=2024-05-02 00:00:00+00:00
[2024-05-02T10:29:17.297+0000] {processor.py:183} INFO - Processing /home/airflow/.local/lib/python3.12/site-packages/airflow/example_dags/example_branch_operator.py took 0.106 seconds
[2024-05-02T10:29:47.472+0000] {processor.py:161} INFO - Started process (PID=1158) to work on /home/airflow/.local/lib/python3.12/site-packages/airflow/example_dags/example_branch_operator.py
[2024-05-02T10:29:47.472+0000] {processor.py:830} INFO - Processing file /home/airflow/.local/lib/python3.12/site-packages/airflow/example_dags/example_branch_operator.py for tasks to queue
[2024-05-02T10:29:47.500+0000] {logging_mixin.py:188} INFO - [2024-05-02T10:29:47.500+0000] {dagbag.py:540} INFO - Filling up the DagBag from /home/airflow/.local/lib/python3.12/site-packages/airflow/example_dags/example_branch_operator.py
[2024-05-02T10:29:47.510+0000] {processor.py:840} INFO - DAG(s) 'example_branch_operator' retrieved from /home/airflow/.local/lib/python3.12/site-packages/airflow/example_dags/example_branch_operator.py
[2024-05-02T10:29:47.529+0000] {logging_mixin.py:188} INFO - [2024-05-02T10:29:47.528+0000] {dag.py:3096} INFO - Sync 1 DAGs
[2024-05-02T10:29:47.558+0000] {logging_mixin.py:188} INFO - [2024-05-02T10:29:47.557+0000] {dag.py:3954} INFO - Setting next_dagrun for example_branch_operator to 2024-05-01 00:00:00+00:00, run_after=2024-05-02 00:00:00+00:00
[2024-05-02T10:29:47.590+0000] {processor.py:183} INFO - Processing /home/airflow/.local/lib/python3.12/site-packages/airflow/example_dags/example_branch_operator.py took 0.122 seconds
[2024-05-02T10:30:18.358+0000] {processor.py:161} INFO - Started process (PID=1217) to work on /home/airflow/.local/lib/python3.12/site-packages/airflow/example_dags/example_branch_operator.py
[2024-05-02T10:30:18.358+0000] {processor.py:830} INFO - Processing file /home/airflow/.local/lib/python3.12/site-packages/airflow/example_dags/example_branch_operator.py for tasks to queue
[2024-05-02T10:30:18.359+0000] {logging_mixin.py:188} INFO - [2024-05-02T10:30:18.359+0000] {dagbag.py:540} INFO - Filling up the DagBag from /home/airflow/.local/lib/python3.12/site-packages/airflow/example_dags/example_branch_operator.py
[2024-05-02T10:30:18.371+0000] {processor.py:840} INFO - DAG(s) 'example_branch_operator' retrieved from /home/airflow/.local/lib/python3.12/site-packages/airflow/example_dags/example_branch_operator.py
[2024-05-02T10:30:18.407+0000] {logging_mixin.py:188} INFO - [2024-05-02T10:30:18.407+0000] {dag.py:3096} INFO - Sync 1 DAGs
[2024-05-02T10:30:18.422+0000] {logging_mixin.py:188} INFO - [2024-05-02T10:30:18.421+0000] {dag.py:3954} INFO - Setting next_dagrun for example_branch_operator to 2024-05-01 00:00:00+00:00, run_after=2024-05-02 00:00:00+00:00
[2024-05-02T10:30:18.447+0000] {processor.py:183} INFO - Processing /home/airflow/.local/lib/python3.12/site-packages/airflow/example_dags/example_branch_operator.py took 0.093 seconds
[2024-05-02T10:30:48.665+0000] {processor.py:161} INFO - Started process (PID=1276) to work on /home/airflow/.local/lib/python3.12/site-packages/airflow/example_dags/example_branch_operator.py
[2024-05-02T10:30:48.665+0000] {processor.py:830} INFO - Processing file /home/airflow/.local/lib/python3.12/site-packages/airflow/example_dags/example_branch_operator.py for tasks to queue
[2024-05-02T10:30:48.667+0000] {logging_mixin.py:188} INFO - [2024-05-02T10:30:48.666+0000] {dagbag.py:540} INFO - Filling up the DagBag from /home/airflow/.local/lib/python3.12/site-packages/airflow/example_dags/example_branch_operator.py
[2024-05-02T10:30:48.677+0000] {processor.py:840} INFO - DAG(s) 'example_branch_operator' retrieved from /home/airflow/.local/lib/python3.12/site-packages/airflow/example_dags/example_branch_operator.py
[2024-05-02T10:30:48.702+0000] {logging_mixin.py:188} INFO - [2024-05-02T10:30:48.702+0000] {dag.py:3096} INFO - Sync 1 DAGs
[2024-05-02T10:30:48.716+0000] {logging_mixin.py:188} INFO - [2024-05-02T10:30:48.716+0000] {dag.py:3954} INFO - Setting next_dagrun for example_branch_operator to 2024-05-01 00:00:00+00:00, run_after=2024-05-02 00:00:00+00:00
[2024-05-02T10:30:48.729+0000] {processor.py:183} INFO - Processing /home/airflow/.local/lib/python3.12/site-packages/airflow/example_dags/example_branch_operator.py took 0.068 seconds
[2024-05-02T10:31:19.290+0000] {processor.py:161} INFO - Started process (PID=1335) to work on /home/airflow/.local/lib/python3.12/site-packages/airflow/example_dags/example_branch_operator.py
[2024-05-02T10:31:19.291+0000] {processor.py:830} INFO - Processing file /home/airflow/.local/lib/python3.12/site-packages/airflow/example_dags/example_branch_operator.py for tasks to queue
[2024-05-02T10:31:19.292+0000] {logging_mixin.py:188} INFO - [2024-05-02T10:31:19.292+0000] {dagbag.py:540} INFO - Filling up the DagBag from /home/airflow/.local/lib/python3.12/site-packages/airflow/example_dags/example_branch_operator.py
[2024-05-02T10:31:19.302+0000] {processor.py:840} INFO - DAG(s) 'example_branch_operator' retrieved from /home/airflow/.local/lib/python3.12/site-packages/airflow/example_dags/example_branch_operator.py
[2024-05-02T10:31:19.322+0000] {logging_mixin.py:188} INFO - [2024-05-02T10:31:19.322+0000] {dag.py:3096} INFO - Sync 1 DAGs
[2024-05-02T10:31:19.350+0000] {logging_mixin.py:188} INFO - [2024-05-02T10:31:19.350+0000] {dag.py:3954} INFO - Setting next_dagrun for example_branch_operator to 2024-05-01 00:00:00+00:00, run_after=2024-05-02 00:00:00+00:00
[2024-05-02T10:31:19.363+0000] {processor.py:183} INFO - Processing /home/airflow/.local/lib/python3.12/site-packages/airflow/example_dags/example_branch_operator.py took 0.076 seconds
[2024-05-02T10:31:49.706+0000] {processor.py:161} INFO - Started process (PID=1394) to work on /home/airflow/.local/lib/python3.12/site-packages/airflow/example_dags/example_branch_operator.py
[2024-05-02T10:31:49.707+0000] {processor.py:830} INFO - Processing file /home/airflow/.local/lib/python3.12/site-packages/airflow/example_dags/example_branch_operator.py for tasks to queue
[2024-05-02T10:31:49.708+0000] {logging_mixin.py:188} INFO - [2024-05-02T10:31:49.708+0000] {dagbag.py:540} INFO - Filling up the DagBag from /home/airflow/.local/lib/python3.12/site-packages/airflow/example_dags/example_branch_operator.py
[2024-05-02T10:31:49.718+0000] {processor.py:840} INFO - DAG(s) 'example_branch_operator' retrieved from /home/airflow/.local/lib/python3.12/site-packages/airflow/example_dags/example_branch_operator.py
[2024-05-02T10:31:49.760+0000] {logging_mixin.py:188} INFO - [2024-05-02T10:31:49.759+0000] {dag.py:3096} INFO - Sync 1 DAGs
[2024-05-02T10:31:49.776+0000] {logging_mixin.py:188} INFO - [2024-05-02T10:31:49.776+0000] {dag.py:3954} INFO - Setting next_dagrun for example_branch_operator to 2024-05-01 00:00:00+00:00, run_after=2024-05-02 00:00:00+00:00
[2024-05-02T10:31:49.794+0000] {processor.py:183} INFO - Processing /home/airflow/.local/lib/python3.12/site-packages/airflow/example_dags/example_branch_operator.py took 0.092 seconds
[2024-05-02T10:32:21.460+0000] {processor.py:161} INFO - Started process (PID=1459) to work on /home/airflow/.local/lib/python3.12/site-packages/airflow/example_dags/example_branch_operator.py
[2024-05-02T10:32:21.460+0000] {processor.py:830} INFO - Processing file /home/airflow/.local/lib/python3.12/site-packages/airflow/example_dags/example_branch_operator.py for tasks to queue
[2024-05-02T10:32:21.541+0000] {logging_mixin.py:188} INFO - [2024-05-02T10:32:21.541+0000] {dagbag.py:540} INFO - Filling up the DagBag from /home/airflow/.local/lib/python3.12/site-packages/airflow/example_dags/example_branch_operator.py
[2024-05-02T10:32:21.561+0000] {processor.py:840} INFO - DAG(s) 'example_branch_operator' retrieved from /home/airflow/.local/lib/python3.12/site-packages/airflow/example_dags/example_branch_operator.py
[2024-05-02T10:32:21.579+0000] {logging_mixin.py:188} INFO - [2024-05-02T10:32:21.579+0000] {dag.py:3096} INFO - Sync 1 DAGs
[2024-05-02T10:32:21.653+0000] {logging_mixin.py:188} INFO - [2024-05-02T10:32:21.653+0000] {dag.py:3954} INFO - Setting next_dagrun for example_branch_operator to 2024-05-01 00:00:00+00:00, run_after=2024-05-02 00:00:00+00:00
[2024-05-02T10:32:21.715+0000] {processor.py:183} INFO - Processing /home/airflow/.local/lib/python3.12/site-packages/airflow/example_dags/example_branch_operator.py took 0.260 seconds
[2024-05-02T10:32:51.949+0000] {processor.py:161} INFO - Started process (PID=1520) to work on /home/airflow/.local/lib/python3.12/site-packages/airflow/example_dags/example_branch_operator.py
[2024-05-02T10:32:51.950+0000] {processor.py:830} INFO - Processing file /home/airflow/.local/lib/python3.12/site-packages/airflow/example_dags/example_branch_operator.py for tasks to queue
[2024-05-02T10:32:51.979+0000] {logging_mixin.py:188} INFO - [2024-05-02T10:32:51.979+0000] {dagbag.py:540} INFO - Filling up the DagBag from /home/airflow/.local/lib/python3.12/site-packages/airflow/example_dags/example_branch_operator.py
[2024-05-02T10:32:51.990+0000] {processor.py:840} INFO - DAG(s) 'example_branch_operator' retrieved from /home/airflow/.local/lib/python3.12/site-packages/airflow/example_dags/example_branch_operator.py
[2024-05-02T10:32:52.009+0000] {logging_mixin.py:188} INFO - [2024-05-02T10:32:52.009+0000] {dag.py:3096} INFO - Sync 1 DAGs
[2024-05-02T10:32:52.026+0000] {logging_mixin.py:188} INFO - [2024-05-02T10:32:52.026+0000] {dag.py:3954} INFO - Setting next_dagrun for example_branch_operator to 2024-05-01 00:00:00+00:00, run_after=2024-05-02 00:00:00+00:00
[2024-05-02T10:32:52.053+0000] {processor.py:183} INFO - Processing /home/airflow/.local/lib/python3.12/site-packages/airflow/example_dags/example_branch_operator.py took 0.109 seconds
[2024-05-02T10:33:22.252+0000] {processor.py:161} INFO - Started process (PID=1578) to work on /home/airflow/.local/lib/python3.12/site-packages/airflow/example_dags/example_branch_operator.py
[2024-05-02T10:33:22.252+0000] {processor.py:830} INFO - Processing file /home/airflow/.local/lib/python3.12/site-packages/airflow/example_dags/example_branch_operator.py for tasks to queue
[2024-05-02T10:33:22.253+0000] {logging_mixin.py:188} INFO - [2024-05-02T10:33:22.253+0000] {dagbag.py:540} INFO - Filling up the DagBag from /home/airflow/.local/lib/python3.12/site-packages/airflow/example_dags/example_branch_operator.py
[2024-05-02T10:33:22.265+0000] {processor.py:840} INFO - DAG(s) 'example_branch_operator' retrieved from /home/airflow/.local/lib/python3.12/site-packages/airflow/example_dags/example_branch_operator.py
[2024-05-02T10:33:22.298+0000] {logging_mixin.py:188} INFO - [2024-05-02T10:33:22.298+0000] {dag.py:3096} INFO - Sync 1 DAGs
[2024-05-02T10:33:22.313+0000] {logging_mixin.py:188} INFO - [2024-05-02T10:33:22.312+0000] {dag.py:3954} INFO - Setting next_dagrun for example_branch_operator to 2024-05-01 00:00:00+00:00, run_after=2024-05-02 00:00:00+00:00
[2024-05-02T10:33:22.332+0000] {processor.py:183} INFO - Processing /home/airflow/.local/lib/python3.12/site-packages/airflow/example_dags/example_branch_operator.py took 0.085 seconds
[2024-05-02T10:33:52.806+0000] {processor.py:161} INFO - Started process (PID=1637) to work on /home/airflow/.local/lib/python3.12/site-packages/airflow/example_dags/example_branch_operator.py
[2024-05-02T10:33:52.806+0000] {processor.py:830} INFO - Processing file /home/airflow/.local/lib/python3.12/site-packages/airflow/example_dags/example_branch_operator.py for tasks to queue
[2024-05-02T10:33:52.820+0000] {logging_mixin.py:188} INFO - [2024-05-02T10:33:52.820+0000] {dagbag.py:540} INFO - Filling up the DagBag from /home/airflow/.local/lib/python3.12/site-packages/airflow/example_dags/example_branch_operator.py
[2024-05-02T10:33:52.833+0000] {processor.py:840} INFO - DAG(s) 'example_branch_operator' retrieved from /home/airflow/.local/lib/python3.12/site-packages/airflow/example_dags/example_branch_operator.py
[2024-05-02T10:33:52.856+0000] {logging_mixin.py:188} INFO - [2024-05-02T10:33:52.856+0000] {dag.py:3096} INFO - Sync 1 DAGs
[2024-05-02T10:33:52.877+0000] {logging_mixin.py:188} INFO - [2024-05-02T10:33:52.876+0000] {dag.py:3954} INFO - Setting next_dagrun for example_branch_operator to 2024-05-01 00:00:00+00:00, run_after=2024-05-02 00:00:00+00:00
[2024-05-02T10:33:52.893+0000] {processor.py:183} INFO - Processing /home/airflow/.local/lib/python3.12/site-packages/airflow/example_dags/example_branch_operator.py took 0.091 seconds
[2024-05-02T10:34:22.957+0000] {processor.py:161} INFO - Started process (PID=1696) to work on /home/airflow/.local/lib/python3.12/site-packages/airflow/example_dags/example_branch_operator.py
[2024-05-02T10:34:22.958+0000] {processor.py:830} INFO - Processing file /home/airflow/.local/lib/python3.12/site-packages/airflow/example_dags/example_branch_operator.py for tasks to queue
[2024-05-02T10:34:22.959+0000] {logging_mixin.py:188} INFO - [2024-05-02T10:34:22.959+0000] {dagbag.py:540} INFO - Filling up the DagBag from /home/airflow/.local/lib/python3.12/site-packages/airflow/example_dags/example_branch_operator.py
[2024-05-02T10:34:22.970+0000] {processor.py:840} INFO - DAG(s) 'example_branch_operator' retrieved from /home/airflow/.local/lib/python3.12/site-packages/airflow/example_dags/example_branch_operator.py
[2024-05-02T10:34:23.019+0000] {logging_mixin.py:188} INFO - [2024-05-02T10:34:23.019+0000] {dag.py:3096} INFO - Sync 1 DAGs
[2024-05-02T10:34:23.036+0000] {logging_mixin.py:188} INFO - [2024-05-02T10:34:23.036+0000] {dag.py:3954} INFO - Setting next_dagrun for example_branch_operator to 2024-05-01 00:00:00+00:00, run_after=2024-05-02 00:00:00+00:00
[2024-05-02T10:34:23.049+0000] {processor.py:183} INFO - Processing /home/airflow/.local/lib/python3.12/site-packages/airflow/example_dags/example_branch_operator.py took 0.095 seconds
[2024-05-02T10:34:54.187+0000] {processor.py:161} INFO - Started process (PID=1754) to work on /home/airflow/.local/lib/python3.12/site-packages/airflow/example_dags/example_branch_operator.py
[2024-05-02T10:34:54.187+0000] {processor.py:830} INFO - Processing file /home/airflow/.local/lib/python3.12/site-packages/airflow/example_dags/example_branch_operator.py for tasks to queue
[2024-05-02T10:34:54.231+0000] {logging_mixin.py:188} INFO - [2024-05-02T10:34:54.231+0000] {dagbag.py:540} INFO - Filling up the DagBag from /home/airflow/.local/lib/python3.12/site-packages/airflow/example_dags/example_branch_operator.py
[2024-05-02T10:34:54.297+0000] {processor.py:840} INFO - DAG(s) 'example_branch_operator' retrieved from /home/airflow/.local/lib/python3.12/site-packages/airflow/example_dags/example_branch_operator.py
[2024-05-02T10:34:54.369+0000] {logging_mixin.py:188} INFO - [2024-05-02T10:34:54.369+0000] {dag.py:3096} INFO - Sync 1 DAGs
[2024-05-02T10:34:54.383+0000] {logging_mixin.py:188} INFO - [2024-05-02T10:34:54.382+0000] {dag.py:3954} INFO - Setting next_dagrun for example_branch_operator to 2024-05-01 00:00:00+00:00, run_after=2024-05-02 00:00:00+00:00
[2024-05-02T10:34:54.434+0000] {processor.py:183} INFO - Processing /home/airflow/.local/lib/python3.12/site-packages/airflow/example_dags/example_branch_operator.py took 0.254 seconds
[2024-05-02T10:35:25.218+0000] {processor.py:161} INFO - Started process (PID=1813) to work on /home/airflow/.local/lib/python3.12/site-packages/airflow/example_dags/example_branch_operator.py
[2024-05-02T10:35:25.219+0000] {processor.py:830} INFO - Processing file /home/airflow/.local/lib/python3.12/site-packages/airflow/example_dags/example_branch_operator.py for tasks to queue
[2024-05-02T10:35:25.220+0000] {logging_mixin.py:188} INFO - [2024-05-02T10:35:25.220+0000] {dagbag.py:540} INFO - Filling up the DagBag from /home/airflow/.local/lib/python3.12/site-packages/airflow/example_dags/example_branch_operator.py
[2024-05-02T10:35:25.231+0000] {processor.py:840} INFO - DAG(s) 'example_branch_operator' retrieved from /home/airflow/.local/lib/python3.12/site-packages/airflow/example_dags/example_branch_operator.py
[2024-05-02T10:35:25.275+0000] {logging_mixin.py:188} INFO - [2024-05-02T10:35:25.274+0000] {dag.py:3096} INFO - Sync 1 DAGs
[2024-05-02T10:35:25.291+0000] {logging_mixin.py:188} INFO - [2024-05-02T10:35:25.290+0000] {dag.py:3954} INFO - Setting next_dagrun for example_branch_operator to 2024-05-01 00:00:00+00:00, run_after=2024-05-02 00:00:00+00:00
[2024-05-02T10:35:25.317+0000] {processor.py:183} INFO - Processing /home/airflow/.local/lib/python3.12/site-packages/airflow/example_dags/example_branch_operator.py took 0.103 seconds
[2024-05-02T10:35:55.645+0000] {processor.py:161} INFO - Started process (PID=1872) to work on /home/airflow/.local/lib/python3.12/site-packages/airflow/example_dags/example_branch_operator.py
[2024-05-02T10:35:55.646+0000] {processor.py:830} INFO - Processing file /home/airflow/.local/lib/python3.12/site-packages/airflow/example_dags/example_branch_operator.py for tasks to queue
[2024-05-02T10:35:55.647+0000] {logging_mixin.py:188} INFO - [2024-05-02T10:35:55.647+0000] {dagbag.py:540} INFO - Filling up the DagBag from /home/airflow/.local/lib/python3.12/site-packages/airflow/example_dags/example_branch_operator.py
[2024-05-02T10:35:55.658+0000] {processor.py:840} INFO - DAG(s) 'example_branch_operator' retrieved from /home/airflow/.local/lib/python3.12/site-packages/airflow/example_dags/example_branch_operator.py
[2024-05-02T10:35:55.692+0000] {logging_mixin.py:188} INFO - [2024-05-02T10:35:55.692+0000] {dag.py:3096} INFO - Sync 1 DAGs
[2024-05-02T10:35:55.707+0000] {logging_mixin.py:188} INFO - [2024-05-02T10:35:55.707+0000] {dag.py:3954} INFO - Setting next_dagrun for example_branch_operator to 2024-05-01 00:00:00+00:00, run_after=2024-05-02 00:00:00+00:00
[2024-05-02T10:35:55.729+0000] {processor.py:183} INFO - Processing /home/airflow/.local/lib/python3.12/site-packages/airflow/example_dags/example_branch_operator.py took 0.088 seconds
[2024-05-02T10:36:26.135+0000] {processor.py:161} INFO - Started process (PID=1931) to work on /home/airflow/.local/lib/python3.12/site-packages/airflow/example_dags/example_branch_operator.py
[2024-05-02T10:36:26.136+0000] {processor.py:830} INFO - Processing file /home/airflow/.local/lib/python3.12/site-packages/airflow/example_dags/example_branch_operator.py for tasks to queue
[2024-05-02T10:36:26.162+0000] {logging_mixin.py:188} INFO - [2024-05-02T10:36:26.161+0000] {dagbag.py:540} INFO - Filling up the DagBag from /home/airflow/.local/lib/python3.12/site-packages/airflow/example_dags/example_branch_operator.py
[2024-05-02T10:36:26.198+0000] {processor.py:840} INFO - DAG(s) 'example_branch_operator' retrieved from /home/airflow/.local/lib/python3.12/site-packages/airflow/example_dags/example_branch_operator.py
[2024-05-02T10:36:26.230+0000] {logging_mixin.py:188} INFO - [2024-05-02T10:36:26.229+0000] {dag.py:3096} INFO - Sync 1 DAGs
[2024-05-02T10:36:26.245+0000] {logging_mixin.py:188} INFO - [2024-05-02T10:36:26.245+0000] {dag.py:3954} INFO - Setting next_dagrun for example_branch_operator to 2024-05-01 00:00:00+00:00, run_after=2024-05-02 00:00:00+00:00
[2024-05-02T10:36:26.268+0000] {processor.py:183} INFO - Processing /home/airflow/.local/lib/python3.12/site-packages/airflow/example_dags/example_branch_operator.py took 0.136 seconds
[2024-05-02T10:36:57.327+0000] {processor.py:161} INFO - Started process (PID=1990) to work on /home/airflow/.local/lib/python3.12/site-packages/airflow/example_dags/example_branch_operator.py
[2024-05-02T10:36:57.328+0000] {processor.py:830} INFO - Processing file /home/airflow/.local/lib/python3.12/site-packages/airflow/example_dags/example_branch_operator.py for tasks to queue
[2024-05-02T10:36:57.570+0000] {logging_mixin.py:188} INFO - [2024-05-02T10:36:57.569+0000] {dagbag.py:540} INFO - Filling up the DagBag from /home/airflow/.local/lib/python3.12/site-packages/airflow/example_dags/example_branch_operator.py
[2024-05-02T10:36:57.629+0000] {processor.py:840} INFO - DAG(s) 'example_branch_operator' retrieved from /home/airflow/.local/lib/python3.12/site-packages/airflow/example_dags/example_branch_operator.py
[2024-05-02T10:36:57.647+0000] {logging_mixin.py:188} INFO - [2024-05-02T10:36:57.647+0000] {dag.py:3096} INFO - Sync 1 DAGs
[2024-05-02T10:36:57.660+0000] {logging_mixin.py:188} INFO - [2024-05-02T10:36:57.660+0000] {dag.py:3954} INFO - Setting next_dagrun for example_branch_operator to 2024-05-01 00:00:00+00:00, run_after=2024-05-02 00:00:00+00:00
[2024-05-02T10:36:57.674+0000] {processor.py:183} INFO - Processing /home/airflow/.local/lib/python3.12/site-packages/airflow/example_dags/example_branch_operator.py took 0.353 seconds
[2024-05-02T10:37:28.039+0000] {processor.py:161} INFO - Started process (PID=2049) to work on /home/airflow/.local/lib/python3.12/site-packages/airflow/example_dags/example_branch_operator.py
[2024-05-02T10:37:28.039+0000] {processor.py:830} INFO - Processing file /home/airflow/.local/lib/python3.12/site-packages/airflow/example_dags/example_branch_operator.py for tasks to queue
[2024-05-02T10:37:28.066+0000] {logging_mixin.py:188} INFO - [2024-05-02T10:37:28.066+0000] {dagbag.py:540} INFO - Filling up the DagBag from /home/airflow/.local/lib/python3.12/site-packages/airflow/example_dags/example_branch_operator.py
[2024-05-02T10:37:28.076+0000] {processor.py:840} INFO - DAG(s) 'example_branch_operator' retrieved from /home/airflow/.local/lib/python3.12/site-packages/airflow/example_dags/example_branch_operator.py
[2024-05-02T10:37:28.094+0000] {logging_mixin.py:188} INFO - [2024-05-02T10:37:28.094+0000] {dag.py:3096} INFO - Sync 1 DAGs
[2024-05-02T10:37:28.136+0000] {logging_mixin.py:188} INFO - [2024-05-02T10:37:28.136+0000] {dag.py:3954} INFO - Setting next_dagrun for example_branch_operator to 2024-05-01 00:00:00+00:00, run_after=2024-05-02 00:00:00+00:00
[2024-05-02T10:37:28.149+0000] {processor.py:183} INFO - Processing /home/airflow/.local/lib/python3.12/site-packages/airflow/example_dags/example_branch_operator.py took 0.114 seconds
[2024-05-02T10:37:58.502+0000] {processor.py:161} INFO - Started process (PID=2108) to work on /home/airflow/.local/lib/python3.12/site-packages/airflow/example_dags/example_branch_operator.py
[2024-05-02T10:37:58.502+0000] {processor.py:830} INFO - Processing file /home/airflow/.local/lib/python3.12/site-packages/airflow/example_dags/example_branch_operator.py for tasks to queue
[2024-05-02T10:37:58.560+0000] {logging_mixin.py:188} INFO - [2024-05-02T10:37:58.560+0000] {dagbag.py:540} INFO - Filling up the DagBag from /home/airflow/.local/lib/python3.12/site-packages/airflow/example_dags/example_branch_operator.py
[2024-05-02T10:37:58.570+0000] {processor.py:840} INFO - DAG(s) 'example_branch_operator' retrieved from /home/airflow/.local/lib/python3.12/site-packages/airflow/example_dags/example_branch_operator.py
[2024-05-02T10:37:58.590+0000] {logging_mixin.py:188} INFO - [2024-05-02T10:37:58.590+0000] {dag.py:3096} INFO - Sync 1 DAGs
[2024-05-02T10:37:58.605+0000] {logging_mixin.py:188} INFO - [2024-05-02T10:37:58.604+0000] {dag.py:3954} INFO - Setting next_dagrun for example_branch_operator to 2024-05-01 00:00:00+00:00, run_after=2024-05-02 00:00:00+00:00
[2024-05-02T10:37:58.618+0000] {processor.py:183} INFO - Processing /home/airflow/.local/lib/python3.12/site-packages/airflow/example_dags/example_branch_operator.py took 0.119 seconds
[2024-05-02T10:38:29.509+0000] {processor.py:161} INFO - Started process (PID=2167) to work on /home/airflow/.local/lib/python3.12/site-packages/airflow/example_dags/example_branch_operator.py
[2024-05-02T10:38:29.509+0000] {processor.py:830} INFO - Processing file /home/airflow/.local/lib/python3.12/site-packages/airflow/example_dags/example_branch_operator.py for tasks to queue
[2024-05-02T10:38:29.557+0000] {logging_mixin.py:188} INFO - [2024-05-02T10:38:29.557+0000] {dagbag.py:540} INFO - Filling up the DagBag from /home/airflow/.local/lib/python3.12/site-packages/airflow/example_dags/example_branch_operator.py
[2024-05-02T10:38:29.568+0000] {processor.py:840} INFO - DAG(s) 'example_branch_operator' retrieved from /home/airflow/.local/lib/python3.12/site-packages/airflow/example_dags/example_branch_operator.py
[2024-05-02T10:38:29.586+0000] {logging_mixin.py:188} INFO - [2024-05-02T10:38:29.586+0000] {dag.py:3096} INFO - Sync 1 DAGs
[2024-05-02T10:38:29.625+0000] {logging_mixin.py:188} INFO - [2024-05-02T10:38:29.625+0000] {dag.py:3954} INFO - Setting next_dagrun for example_branch_operator to 2024-05-01 00:00:00+00:00, run_after=2024-05-02 00:00:00+00:00
[2024-05-02T10:38:29.649+0000] {processor.py:183} INFO - Processing /home/airflow/.local/lib/python3.12/site-packages/airflow/example_dags/example_branch_operator.py took 0.144 seconds
[2024-05-02T10:39:00.236+0000] {processor.py:161} INFO - Started process (PID=2226) to work on /home/airflow/.local/lib/python3.12/site-packages/airflow/example_dags/example_branch_operator.py
[2024-05-02T10:39:00.237+0000] {processor.py:830} INFO - Processing file /home/airflow/.local/lib/python3.12/site-packages/airflow/example_dags/example_branch_operator.py for tasks to queue
[2024-05-02T10:39:00.473+0000] {logging_mixin.py:188} INFO - [2024-05-02T10:39:00.473+0000] {dagbag.py:540} INFO - Filling up the DagBag from /home/airflow/.local/lib/python3.12/site-packages/airflow/example_dags/example_branch_operator.py
[2024-05-02T10:39:00.520+0000] {processor.py:840} INFO - DAG(s) 'example_branch_operator' retrieved from /home/airflow/.local/lib/python3.12/site-packages/airflow/example_dags/example_branch_operator.py
[2024-05-02T10:39:00.538+0000] {logging_mixin.py:188} INFO - [2024-05-02T10:39:00.538+0000] {dag.py:3096} INFO - Sync 1 DAGs
[2024-05-02T10:39:00.552+0000] {logging_mixin.py:188} INFO - [2024-05-02T10:39:00.552+0000] {dag.py:3954} INFO - Setting next_dagrun for example_branch_operator to 2024-05-01 00:00:00+00:00, run_after=2024-05-02 00:00:00+00:00
[2024-05-02T10:39:00.598+0000] {processor.py:183} INFO - Processing /home/airflow/.local/lib/python3.12/site-packages/airflow/example_dags/example_branch_operator.py took 0.369 seconds
[2024-05-02T10:39:30.736+0000] {processor.py:161} INFO - Started process (PID=2286) to work on /home/airflow/.local/lib/python3.12/site-packages/airflow/example_dags/example_branch_operator.py
[2024-05-02T10:39:30.737+0000] {processor.py:830} INFO - Processing file /home/airflow/.local/lib/python3.12/site-packages/airflow/example_dags/example_branch_operator.py for tasks to queue
[2024-05-02T10:39:30.739+0000] {logging_mixin.py:188} INFO - [2024-05-02T10:39:30.739+0000] {dagbag.py:540} INFO - Filling up the DagBag from /home/airflow/.local/lib/python3.12/site-packages/airflow/example_dags/example_branch_operator.py
[2024-05-02T10:39:30.751+0000] {processor.py:840} INFO - DAG(s) 'example_branch_operator' retrieved from /home/airflow/.local/lib/python3.12/site-packages/airflow/example_dags/example_branch_operator.py
[2024-05-02T10:39:30.770+0000] {logging_mixin.py:188} INFO - [2024-05-02T10:39:30.770+0000] {dag.py:3096} INFO - Sync 1 DAGs
[2024-05-02T10:39:30.809+0000] {logging_mixin.py:188} INFO - [2024-05-02T10:39:30.809+0000] {dag.py:3954} INFO - Setting next_dagrun for example_branch_operator to 2024-05-01 00:00:00+00:00, run_after=2024-05-02 00:00:00+00:00
[2024-05-02T10:39:30.827+0000] {processor.py:183} INFO - Processing /home/airflow/.local/lib/python3.12/site-packages/airflow/example_dags/example_branch_operator.py took 0.097 seconds
[2024-05-02T10:40:00.974+0000] {processor.py:161} INFO - Started process (PID=2344) to work on /home/airflow/.local/lib/python3.12/site-packages/airflow/example_dags/example_branch_operator.py
[2024-05-02T10:40:00.974+0000] {processor.py:830} INFO - Processing file /home/airflow/.local/lib/python3.12/site-packages/airflow/example_dags/example_branch_operator.py for tasks to queue
[2024-05-02T10:40:01.001+0000] {logging_mixin.py:188} INFO - [2024-05-02T10:40:01.001+0000] {dagbag.py:540} INFO - Filling up the DagBag from /home/airflow/.local/lib/python3.12/site-packages/airflow/example_dags/example_branch_operator.py
[2024-05-02T10:40:01.015+0000] {processor.py:840} INFO - DAG(s) 'example_branch_operator' retrieved from /home/airflow/.local/lib/python3.12/site-packages/airflow/example_dags/example_branch_operator.py
[2024-05-02T10:40:01.054+0000] {logging_mixin.py:188} INFO - [2024-05-02T10:40:01.054+0000] {dag.py:3096} INFO - Sync 1 DAGs
[2024-05-02T10:40:01.077+0000] {logging_mixin.py:188} INFO - [2024-05-02T10:40:01.077+0000] {dag.py:3954} INFO - Setting next_dagrun for example_branch_operator to 2024-05-01 00:00:00+00:00, run_after=2024-05-02 00:00:00+00:00
[2024-05-02T10:40:01.102+0000] {processor.py:183} INFO - Processing /home/airflow/.local/lib/python3.12/site-packages/airflow/example_dags/example_branch_operator.py took 0.134 seconds
[2024-05-02T10:40:31.183+0000] {processor.py:161} INFO - Started process (PID=2403) to work on /home/airflow/.local/lib/python3.12/site-packages/airflow/example_dags/example_branch_operator.py
[2024-05-02T10:40:31.183+0000] {processor.py:830} INFO - Processing file /home/airflow/.local/lib/python3.12/site-packages/airflow/example_dags/example_branch_operator.py for tasks to queue
[2024-05-02T10:40:31.203+0000] {logging_mixin.py:188} INFO - [2024-05-02T10:40:31.203+0000] {dagbag.py:540} INFO - Filling up the DagBag from /home/airflow/.local/lib/python3.12/site-packages/airflow/example_dags/example_branch_operator.py
[2024-05-02T10:40:31.214+0000] {processor.py:840} INFO - DAG(s) 'example_branch_operator' retrieved from /home/airflow/.local/lib/python3.12/site-packages/airflow/example_dags/example_branch_operator.py
[2024-05-02T10:40:31.232+0000] {logging_mixin.py:188} INFO - [2024-05-02T10:40:31.231+0000] {dag.py:3096} INFO - Sync 1 DAGs
[2024-05-02T10:40:31.268+0000] {logging_mixin.py:188} INFO - [2024-05-02T10:40:31.268+0000] {dag.py:3954} INFO - Setting next_dagrun for example_branch_operator to 2024-05-01 00:00:00+00:00, run_after=2024-05-02 00:00:00+00:00
[2024-05-02T10:40:31.282+0000] {processor.py:183} INFO - Processing /home/airflow/.local/lib/python3.12/site-packages/airflow/example_dags/example_branch_operator.py took 0.104 seconds
[2024-05-02T10:42:27.710+0000] {processor.py:161} INFO - Started process (PID=65) to work on /home/airflow/.local/lib/python3.12/site-packages/airflow/example_dags/example_branch_operator.py
[2024-05-02T10:42:27.711+0000] {processor.py:830} INFO - Processing file /home/airflow/.local/lib/python3.12/site-packages/airflow/example_dags/example_branch_operator.py for tasks to queue
[2024-05-02T10:42:27.712+0000] {logging_mixin.py:188} INFO - [2024-05-02T10:42:27.712+0000] {dagbag.py:540} INFO - Filling up the DagBag from /home/airflow/.local/lib/python3.12/site-packages/airflow/example_dags/example_branch_operator.py
[2024-05-02T10:42:27.725+0000] {processor.py:840} INFO - DAG(s) 'example_branch_operator' retrieved from /home/airflow/.local/lib/python3.12/site-packages/airflow/example_dags/example_branch_operator.py
[2024-05-02T10:42:27.816+0000] {logging_mixin.py:188} INFO - [2024-05-02T10:42:27.816+0000] {dag.py:3096} INFO - Sync 1 DAGs
[2024-05-02T10:42:27.831+0000] {logging_mixin.py:188} INFO - [2024-05-02T10:42:27.831+0000] {dag.py:3954} INFO - Setting next_dagrun for example_branch_operator to 2024-05-01 00:00:00+00:00, run_after=2024-05-02 00:00:00+00:00
[2024-05-02T10:42:27.846+0000] {processor.py:183} INFO - Processing /home/airflow/.local/lib/python3.12/site-packages/airflow/example_dags/example_branch_operator.py took 0.140 seconds
[2024-05-02T10:42:58.631+0000] {processor.py:161} INFO - Started process (PID=124) to work on /home/airflow/.local/lib/python3.12/site-packages/airflow/example_dags/example_branch_operator.py
[2024-05-02T10:42:58.631+0000] {processor.py:830} INFO - Processing file /home/airflow/.local/lib/python3.12/site-packages/airflow/example_dags/example_branch_operator.py for tasks to queue
[2024-05-02T10:42:58.632+0000] {logging_mixin.py:188} INFO - [2024-05-02T10:42:58.632+0000] {dagbag.py:540} INFO - Filling up the DagBag from /home/airflow/.local/lib/python3.12/site-packages/airflow/example_dags/example_branch_operator.py
[2024-05-02T10:42:58.642+0000] {processor.py:840} INFO - DAG(s) 'example_branch_operator' retrieved from /home/airflow/.local/lib/python3.12/site-packages/airflow/example_dags/example_branch_operator.py
[2024-05-02T10:42:58.662+0000] {logging_mixin.py:188} INFO - [2024-05-02T10:42:58.661+0000] {dag.py:3096} INFO - Sync 1 DAGs
[2024-05-02T10:42:58.688+0000] {logging_mixin.py:188} INFO - [2024-05-02T10:42:58.688+0000] {dag.py:3954} INFO - Setting next_dagrun for example_branch_operator to 2024-05-01 00:00:00+00:00, run_after=2024-05-02 00:00:00+00:00
[2024-05-02T10:42:58.712+0000] {processor.py:183} INFO - Processing /home/airflow/.local/lib/python3.12/site-packages/airflow/example_dags/example_branch_operator.py took 0.085 seconds
[2024-05-02T10:43:28.958+0000] {processor.py:161} INFO - Started process (PID=184) to work on /home/airflow/.local/lib/python3.12/site-packages/airflow/example_dags/example_branch_operator.py
[2024-05-02T10:43:28.958+0000] {processor.py:830} INFO - Processing file /home/airflow/.local/lib/python3.12/site-packages/airflow/example_dags/example_branch_operator.py for tasks to queue
[2024-05-02T10:43:28.959+0000] {logging_mixin.py:188} INFO - [2024-05-02T10:43:28.959+0000] {dagbag.py:540} INFO - Filling up the DagBag from /home/airflow/.local/lib/python3.12/site-packages/airflow/example_dags/example_branch_operator.py
[2024-05-02T10:43:28.970+0000] {processor.py:840} INFO - DAG(s) 'example_branch_operator' retrieved from /home/airflow/.local/lib/python3.12/site-packages/airflow/example_dags/example_branch_operator.py
[2024-05-02T10:43:29.007+0000] {logging_mixin.py:188} INFO - [2024-05-02T10:43:29.007+0000] {dag.py:3096} INFO - Sync 1 DAGs
[2024-05-02T10:43:29.022+0000] {logging_mixin.py:188} INFO - [2024-05-02T10:43:29.022+0000] {dag.py:3954} INFO - Setting next_dagrun for example_branch_operator to 2024-05-01 00:00:00+00:00, run_after=2024-05-02 00:00:00+00:00
[2024-05-02T10:43:29.044+0000] {processor.py:183} INFO - Processing /home/airflow/.local/lib/python3.12/site-packages/airflow/example_dags/example_branch_operator.py took 0.089 seconds
[2024-05-02T10:43:59.202+0000] {processor.py:161} INFO - Started process (PID=244) to work on /home/airflow/.local/lib/python3.12/site-packages/airflow/example_dags/example_branch_operator.py
[2024-05-02T10:43:59.202+0000] {processor.py:830} INFO - Processing file /home/airflow/.local/lib/python3.12/site-packages/airflow/example_dags/example_branch_operator.py for tasks to queue
[2024-05-02T10:43:59.230+0000] {logging_mixin.py:188} INFO - [2024-05-02T10:43:59.229+0000] {dagbag.py:540} INFO - Filling up the DagBag from /home/airflow/.local/lib/python3.12/site-packages/airflow/example_dags/example_branch_operator.py
[2024-05-02T10:43:59.286+0000] {processor.py:840} INFO - DAG(s) 'example_branch_operator' retrieved from /home/airflow/.local/lib/python3.12/site-packages/airflow/example_dags/example_branch_operator.py
[2024-05-02T10:43:59.306+0000] {logging_mixin.py:188} INFO - [2024-05-02T10:43:59.306+0000] {dag.py:3096} INFO - Sync 1 DAGs
[2024-05-02T10:43:59.322+0000] {logging_mixin.py:188} INFO - [2024-05-02T10:43:59.322+0000] {dag.py:3954} INFO - Setting next_dagrun for example_branch_operator to 2024-05-01 00:00:00+00:00, run_after=2024-05-02 00:00:00+00:00
[2024-05-02T10:43:59.359+0000] {processor.py:183} INFO - Processing /home/airflow/.local/lib/python3.12/site-packages/airflow/example_dags/example_branch_operator.py took 0.163 seconds
[2024-05-02T10:44:29.654+0000] {processor.py:161} INFO - Started process (PID=304) to work on /home/airflow/.local/lib/python3.12/site-packages/airflow/example_dags/example_branch_operator.py
[2024-05-02T10:44:29.654+0000] {processor.py:830} INFO - Processing file /home/airflow/.local/lib/python3.12/site-packages/airflow/example_dags/example_branch_operator.py for tasks to queue
[2024-05-02T10:44:29.655+0000] {logging_mixin.py:188} INFO - [2024-05-02T10:44:29.655+0000] {dagbag.py:540} INFO - Filling up the DagBag from /home/airflow/.local/lib/python3.12/site-packages/airflow/example_dags/example_branch_operator.py
[2024-05-02T10:44:29.665+0000] {processor.py:840} INFO - DAG(s) 'example_branch_operator' retrieved from /home/airflow/.local/lib/python3.12/site-packages/airflow/example_dags/example_branch_operator.py
[2024-05-02T10:44:29.683+0000] {logging_mixin.py:188} INFO - [2024-05-02T10:44:29.683+0000] {dag.py:3096} INFO - Sync 1 DAGs
[2024-05-02T10:44:29.719+0000] {logging_mixin.py:188} INFO - [2024-05-02T10:44:29.719+0000] {dag.py:3954} INFO - Setting next_dagrun for example_branch_operator to 2024-05-01 00:00:00+00:00, run_after=2024-05-02 00:00:00+00:00
[2024-05-02T10:44:29.730+0000] {processor.py:183} INFO - Processing /home/airflow/.local/lib/python3.12/site-packages/airflow/example_dags/example_branch_operator.py took 0.080 seconds
[2024-05-02T10:44:59.976+0000] {processor.py:161} INFO - Started process (PID=364) to work on /home/airflow/.local/lib/python3.12/site-packages/airflow/example_dags/example_branch_operator.py
[2024-05-02T10:44:59.976+0000] {processor.py:830} INFO - Processing file /home/airflow/.local/lib/python3.12/site-packages/airflow/example_dags/example_branch_operator.py for tasks to queue
[2024-05-02T10:45:00.001+0000] {logging_mixin.py:188} INFO - [2024-05-02T10:45:00.001+0000] {dagbag.py:540} INFO - Filling up the DagBag from /home/airflow/.local/lib/python3.12/site-packages/airflow/example_dags/example_branch_operator.py
[2024-05-02T10:45:00.038+0000] {processor.py:840} INFO - DAG(s) 'example_branch_operator' retrieved from /home/airflow/.local/lib/python3.12/site-packages/airflow/example_dags/example_branch_operator.py
[2024-05-02T10:45:00.066+0000] {logging_mixin.py:188} INFO - [2024-05-02T10:45:00.065+0000] {dag.py:3096} INFO - Sync 1 DAGs
[2024-05-02T10:45:00.090+0000] {logging_mixin.py:188} INFO - [2024-05-02T10:45:00.089+0000] {dag.py:3954} INFO - Setting next_dagrun for example_branch_operator to 2024-05-01 00:00:00+00:00, run_after=2024-05-02 00:00:00+00:00
[2024-05-02T10:45:00.108+0000] {processor.py:183} INFO - Processing /home/airflow/.local/lib/python3.12/site-packages/airflow/example_dags/example_branch_operator.py took 0.137 seconds
[2024-05-02T10:45:30.693+0000] {processor.py:161} INFO - Started process (PID=424) to work on /home/airflow/.local/lib/python3.12/site-packages/airflow/example_dags/example_branch_operator.py
[2024-05-02T10:45:30.694+0000] {processor.py:830} INFO - Processing file /home/airflow/.local/lib/python3.12/site-packages/airflow/example_dags/example_branch_operator.py for tasks to queue
[2024-05-02T10:45:30.695+0000] {logging_mixin.py:188} INFO - [2024-05-02T10:45:30.694+0000] {dagbag.py:540} INFO - Filling up the DagBag from /home/airflow/.local/lib/python3.12/site-packages/airflow/example_dags/example_branch_operator.py
[2024-05-02T10:45:30.704+0000] {processor.py:840} INFO - DAG(s) 'example_branch_operator' retrieved from /home/airflow/.local/lib/python3.12/site-packages/airflow/example_dags/example_branch_operator.py
[2024-05-02T10:45:30.722+0000] {logging_mixin.py:188} INFO - [2024-05-02T10:45:30.722+0000] {dag.py:3096} INFO - Sync 1 DAGs
[2024-05-02T10:45:30.736+0000] {logging_mixin.py:188} INFO - [2024-05-02T10:45:30.736+0000] {dag.py:3954} INFO - Setting next_dagrun for example_branch_operator to 2024-05-01 00:00:00+00:00, run_after=2024-05-02 00:00:00+00:00
[2024-05-02T10:45:30.767+0000] {processor.py:183} INFO - Processing /home/airflow/.local/lib/python3.12/site-packages/airflow/example_dags/example_branch_operator.py took 0.077 seconds
[2024-05-02T10:46:01.854+0000] {processor.py:161} INFO - Started process (PID=490) to work on /home/airflow/.local/lib/python3.12/site-packages/airflow/example_dags/example_branch_operator.py
[2024-05-02T10:46:01.854+0000] {processor.py:830} INFO - Processing file /home/airflow/.local/lib/python3.12/site-packages/airflow/example_dags/example_branch_operator.py for tasks to queue
[2024-05-02T10:46:01.876+0000] {logging_mixin.py:188} INFO - [2024-05-02T10:46:01.875+0000] {dagbag.py:540} INFO - Filling up the DagBag from /home/airflow/.local/lib/python3.12/site-packages/airflow/example_dags/example_branch_operator.py
[2024-05-02T10:46:01.912+0000] {processor.py:840} INFO - DAG(s) 'example_branch_operator' retrieved from /home/airflow/.local/lib/python3.12/site-packages/airflow/example_dags/example_branch_operator.py
[2024-05-02T10:46:01.941+0000] {logging_mixin.py:188} INFO - [2024-05-02T10:46:01.941+0000] {dag.py:3096} INFO - Sync 1 DAGs
[2024-05-02T10:46:01.959+0000] {logging_mixin.py:188} INFO - [2024-05-02T10:46:01.959+0000] {dag.py:3954} INFO - Setting next_dagrun for example_branch_operator to 2024-05-01 00:00:00+00:00, run_after=2024-05-02 00:00:00+00:00
[2024-05-02T10:46:01.978+0000] {processor.py:183} INFO - Processing /home/airflow/.local/lib/python3.12/site-packages/airflow/example_dags/example_branch_operator.py took 0.127 seconds
[2024-05-02T10:46:32.097+0000] {processor.py:161} INFO - Started process (PID=548) to work on /home/airflow/.local/lib/python3.12/site-packages/airflow/example_dags/example_branch_operator.py
[2024-05-02T10:46:32.097+0000] {processor.py:830} INFO - Processing file /home/airflow/.local/lib/python3.12/site-packages/airflow/example_dags/example_branch_operator.py for tasks to queue
[2024-05-02T10:46:32.098+0000] {logging_mixin.py:188} INFO - [2024-05-02T10:46:32.098+0000] {dagbag.py:540} INFO - Filling up the DagBag from /home/airflow/.local/lib/python3.12/site-packages/airflow/example_dags/example_branch_operator.py
[2024-05-02T10:46:32.109+0000] {processor.py:840} INFO - DAG(s) 'example_branch_operator' retrieved from /home/airflow/.local/lib/python3.12/site-packages/airflow/example_dags/example_branch_operator.py
[2024-05-02T10:46:32.160+0000] {logging_mixin.py:188} INFO - [2024-05-02T10:46:32.160+0000] {dag.py:3096} INFO - Sync 1 DAGs
[2024-05-02T10:46:32.174+0000] {logging_mixin.py:188} INFO - [2024-05-02T10:46:32.173+0000] {dag.py:3954} INFO - Setting next_dagrun for example_branch_operator to 2024-05-01 00:00:00+00:00, run_after=2024-05-02 00:00:00+00:00
[2024-05-02T10:46:32.199+0000] {processor.py:183} INFO - Processing /home/airflow/.local/lib/python3.12/site-packages/airflow/example_dags/example_branch_operator.py took 0.106 seconds
[2024-05-02T10:47:02.437+0000] {processor.py:161} INFO - Started process (PID=608) to work on /home/airflow/.local/lib/python3.12/site-packages/airflow/example_dags/example_branch_operator.py
[2024-05-02T10:47:02.438+0000] {processor.py:830} INFO - Processing file /home/airflow/.local/lib/python3.12/site-packages/airflow/example_dags/example_branch_operator.py for tasks to queue
[2024-05-02T10:47:02.461+0000] {logging_mixin.py:188} INFO - [2024-05-02T10:47:02.461+0000] {dagbag.py:540} INFO - Filling up the DagBag from /home/airflow/.local/lib/python3.12/site-packages/airflow/example_dags/example_branch_operator.py
[2024-05-02T10:47:02.512+0000] {processor.py:840} INFO - DAG(s) 'example_branch_operator' retrieved from /home/airflow/.local/lib/python3.12/site-packages/airflow/example_dags/example_branch_operator.py
[2024-05-02T10:47:02.530+0000] {logging_mixin.py:188} INFO - [2024-05-02T10:47:02.530+0000] {dag.py:3096} INFO - Sync 1 DAGs
[2024-05-02T10:47:02.552+0000] {logging_mixin.py:188} INFO - [2024-05-02T10:47:02.552+0000] {dag.py:3954} INFO - Setting next_dagrun for example_branch_operator to 2024-05-01 00:00:00+00:00, run_after=2024-05-02 00:00:00+00:00
[2024-05-02T10:47:02.569+0000] {processor.py:183} INFO - Processing /home/airflow/.local/lib/python3.12/site-packages/airflow/example_dags/example_branch_operator.py took 0.142 seconds
[2024-05-02T10:47:32.728+0000] {processor.py:161} INFO - Started process (PID=668) to work on /home/airflow/.local/lib/python3.12/site-packages/airflow/example_dags/example_branch_operator.py
[2024-05-02T10:47:32.729+0000] {processor.py:830} INFO - Processing file /home/airflow/.local/lib/python3.12/site-packages/airflow/example_dags/example_branch_operator.py for tasks to queue
[2024-05-02T10:47:32.756+0000] {logging_mixin.py:188} INFO - [2024-05-02T10:47:32.755+0000] {dagbag.py:540} INFO - Filling up the DagBag from /home/airflow/.local/lib/python3.12/site-packages/airflow/example_dags/example_branch_operator.py
[2024-05-02T10:47:32.853+0000] {processor.py:840} INFO - DAG(s) 'example_branch_operator' retrieved from /home/airflow/.local/lib/python3.12/site-packages/airflow/example_dags/example_branch_operator.py
[2024-05-02T10:47:32.902+0000] {logging_mixin.py:188} INFO - [2024-05-02T10:47:32.902+0000] {dag.py:3096} INFO - Sync 1 DAGs
[2024-05-02T10:47:32.925+0000] {logging_mixin.py:188} INFO - [2024-05-02T10:47:32.925+0000] {dag.py:3954} INFO - Setting next_dagrun for example_branch_operator to 2024-05-01 00:00:00+00:00, run_after=2024-05-02 00:00:00+00:00
[2024-05-02T10:47:32.952+0000] {processor.py:183} INFO - Processing /home/airflow/.local/lib/python3.12/site-packages/airflow/example_dags/example_branch_operator.py took 0.230 seconds
[2024-05-02T10:48:03.095+0000] {processor.py:161} INFO - Started process (PID=728) to work on /home/airflow/.local/lib/python3.12/site-packages/airflow/example_dags/example_branch_operator.py
[2024-05-02T10:48:03.095+0000] {processor.py:830} INFO - Processing file /home/airflow/.local/lib/python3.12/site-packages/airflow/example_dags/example_branch_operator.py for tasks to queue
[2024-05-02T10:48:03.097+0000] {logging_mixin.py:188} INFO - [2024-05-02T10:48:03.096+0000] {dagbag.py:540} INFO - Filling up the DagBag from /home/airflow/.local/lib/python3.12/site-packages/airflow/example_dags/example_branch_operator.py
[2024-05-02T10:48:03.107+0000] {processor.py:840} INFO - DAG(s) 'example_branch_operator' retrieved from /home/airflow/.local/lib/python3.12/site-packages/airflow/example_dags/example_branch_operator.py
[2024-05-02T10:48:03.125+0000] {logging_mixin.py:188} INFO - [2024-05-02T10:48:03.125+0000] {dag.py:3096} INFO - Sync 1 DAGs
[2024-05-02T10:48:03.138+0000] {logging_mixin.py:188} INFO - [2024-05-02T10:48:03.138+0000] {dag.py:3954} INFO - Setting next_dagrun for example_branch_operator to 2024-05-01 00:00:00+00:00, run_after=2024-05-02 00:00:00+00:00
[2024-05-02T10:48:03.167+0000] {processor.py:183} INFO - Processing /home/airflow/.local/lib/python3.12/site-packages/airflow/example_dags/example_branch_operator.py took 0.079 seconds
[2024-05-02T10:49:26.524+0000] {processor.py:161} INFO - Started process (PID=65) to work on /home/airflow/.local/lib/python3.12/site-packages/airflow/example_dags/example_branch_operator.py
[2024-05-02T10:49:26.525+0000] {processor.py:830} INFO - Processing file /home/airflow/.local/lib/python3.12/site-packages/airflow/example_dags/example_branch_operator.py for tasks to queue
[2024-05-02T10:49:26.526+0000] {logging_mixin.py:188} INFO - [2024-05-02T10:49:26.526+0000] {dagbag.py:540} INFO - Filling up the DagBag from /home/airflow/.local/lib/python3.12/site-packages/airflow/example_dags/example_branch_operator.py
[2024-05-02T10:49:26.540+0000] {processor.py:840} INFO - DAG(s) 'example_branch_operator' retrieved from /home/airflow/.local/lib/python3.12/site-packages/airflow/example_dags/example_branch_operator.py
[2024-05-02T10:49:26.644+0000] {logging_mixin.py:188} INFO - [2024-05-02T10:49:26.644+0000] {dag.py:3096} INFO - Sync 1 DAGs
[2024-05-02T10:49:26.660+0000] {logging_mixin.py:188} INFO - [2024-05-02T10:49:26.660+0000] {dag.py:3954} INFO - Setting next_dagrun for example_branch_operator to 2024-05-01 00:00:00+00:00, run_after=2024-05-02 00:00:00+00:00
[2024-05-02T10:49:26.684+0000] {processor.py:183} INFO - Processing /home/airflow/.local/lib/python3.12/site-packages/airflow/example_dags/example_branch_operator.py took 0.163 seconds
[2024-05-02T10:49:57.477+0000] {processor.py:161} INFO - Started process (PID=125) to work on /home/airflow/.local/lib/python3.12/site-packages/airflow/example_dags/example_branch_operator.py
[2024-05-02T10:49:57.478+0000] {processor.py:830} INFO - Processing file /home/airflow/.local/lib/python3.12/site-packages/airflow/example_dags/example_branch_operator.py for tasks to queue
[2024-05-02T10:49:57.479+0000] {logging_mixin.py:188} INFO - [2024-05-02T10:49:57.478+0000] {dagbag.py:540} INFO - Filling up the DagBag from /home/airflow/.local/lib/python3.12/site-packages/airflow/example_dags/example_branch_operator.py
[2024-05-02T10:49:57.488+0000] {processor.py:840} INFO - DAG(s) 'example_branch_operator' retrieved from /home/airflow/.local/lib/python3.12/site-packages/airflow/example_dags/example_branch_operator.py
[2024-05-02T10:49:57.524+0000] {logging_mixin.py:188} INFO - [2024-05-02T10:49:57.524+0000] {dag.py:3096} INFO - Sync 1 DAGs
[2024-05-02T10:49:57.554+0000] {logging_mixin.py:188} INFO - [2024-05-02T10:49:57.554+0000] {dag.py:3954} INFO - Setting next_dagrun for example_branch_operator to 2024-05-01 00:00:00+00:00, run_after=2024-05-02 00:00:00+00:00
[2024-05-02T10:49:57.566+0000] {processor.py:183} INFO - Processing /home/airflow/.local/lib/python3.12/site-packages/airflow/example_dags/example_branch_operator.py took 0.092 seconds
[2024-05-02T10:50:28.256+0000] {processor.py:161} INFO - Started process (PID=185) to work on /home/airflow/.local/lib/python3.12/site-packages/airflow/example_dags/example_branch_operator.py
[2024-05-02T10:50:28.256+0000] {processor.py:830} INFO - Processing file /home/airflow/.local/lib/python3.12/site-packages/airflow/example_dags/example_branch_operator.py for tasks to queue
[2024-05-02T10:50:28.257+0000] {logging_mixin.py:188} INFO - [2024-05-02T10:50:28.257+0000] {dagbag.py:540} INFO - Filling up the DagBag from /home/airflow/.local/lib/python3.12/site-packages/airflow/example_dags/example_branch_operator.py
[2024-05-02T10:50:28.268+0000] {processor.py:840} INFO - DAG(s) 'example_branch_operator' retrieved from /home/airflow/.local/lib/python3.12/site-packages/airflow/example_dags/example_branch_operator.py
[2024-05-02T10:50:28.290+0000] {logging_mixin.py:188} INFO - [2024-05-02T10:50:28.289+0000] {dag.py:3096} INFO - Sync 1 DAGs
[2024-05-02T10:50:28.309+0000] {logging_mixin.py:188} INFO - [2024-05-02T10:50:28.309+0000] {dag.py:3954} INFO - Setting next_dagrun for example_branch_operator to 2024-05-01 00:00:00+00:00, run_after=2024-05-02 00:00:00+00:00
[2024-05-02T10:50:28.325+0000] {processor.py:183} INFO - Processing /home/airflow/.local/lib/python3.12/site-packages/airflow/example_dags/example_branch_operator.py took 0.073 seconds
[2024-05-02T10:50:58.491+0000] {processor.py:161} INFO - Started process (PID=245) to work on /home/airflow/.local/lib/python3.12/site-packages/airflow/example_dags/example_branch_operator.py
[2024-05-02T10:50:58.492+0000] {processor.py:830} INFO - Processing file /home/airflow/.local/lib/python3.12/site-packages/airflow/example_dags/example_branch_operator.py for tasks to queue
[2024-05-02T10:50:58.493+0000] {logging_mixin.py:188} INFO - [2024-05-02T10:50:58.492+0000] {dagbag.py:540} INFO - Filling up the DagBag from /home/airflow/.local/lib/python3.12/site-packages/airflow/example_dags/example_branch_operator.py
[2024-05-02T10:50:58.502+0000] {processor.py:840} INFO - DAG(s) 'example_branch_operator' retrieved from /home/airflow/.local/lib/python3.12/site-packages/airflow/example_dags/example_branch_operator.py
[2024-05-02T10:50:58.521+0000] {logging_mixin.py:188} INFO - [2024-05-02T10:50:58.521+0000] {dag.py:3096} INFO - Sync 1 DAGs
[2024-05-02T10:50:58.552+0000] {logging_mixin.py:188} INFO - [2024-05-02T10:50:58.552+0000] {dag.py:3954} INFO - Setting next_dagrun for example_branch_operator to 2024-05-01 00:00:00+00:00, run_after=2024-05-02 00:00:00+00:00
[2024-05-02T10:50:58.567+0000] {processor.py:183} INFO - Processing /home/airflow/.local/lib/python3.12/site-packages/airflow/example_dags/example_branch_operator.py took 0.079 seconds
[2024-05-02T10:51:29.064+0000] {processor.py:161} INFO - Started process (PID=305) to work on /home/airflow/.local/lib/python3.12/site-packages/airflow/example_dags/example_branch_operator.py
[2024-05-02T10:51:29.064+0000] {processor.py:830} INFO - Processing file /home/airflow/.local/lib/python3.12/site-packages/airflow/example_dags/example_branch_operator.py for tasks to queue
[2024-05-02T10:51:29.065+0000] {logging_mixin.py:188} INFO - [2024-05-02T10:51:29.065+0000] {dagbag.py:540} INFO - Filling up the DagBag from /home/airflow/.local/lib/python3.12/site-packages/airflow/example_dags/example_branch_operator.py
[2024-05-02T10:51:29.076+0000] {processor.py:840} INFO - DAG(s) 'example_branch_operator' retrieved from /home/airflow/.local/lib/python3.12/site-packages/airflow/example_dags/example_branch_operator.py
[2024-05-02T10:51:29.100+0000] {logging_mixin.py:188} INFO - [2024-05-02T10:51:29.100+0000] {dag.py:3096} INFO - Sync 1 DAGs
[2024-05-02T10:51:29.128+0000] {logging_mixin.py:188} INFO - [2024-05-02T10:51:29.127+0000] {dag.py:3954} INFO - Setting next_dagrun for example_branch_operator to 2024-05-01 00:00:00+00:00, run_after=2024-05-02 00:00:00+00:00
[2024-05-02T10:51:29.139+0000] {processor.py:183} INFO - Processing /home/airflow/.local/lib/python3.12/site-packages/airflow/example_dags/example_branch_operator.py took 0.079 seconds
[2024-05-02T10:52:00.248+0000] {processor.py:161} INFO - Started process (PID=365) to work on /home/airflow/.local/lib/python3.12/site-packages/airflow/example_dags/example_branch_operator.py
[2024-05-02T10:52:00.249+0000] {processor.py:830} INFO - Processing file /home/airflow/.local/lib/python3.12/site-packages/airflow/example_dags/example_branch_operator.py for tasks to queue
[2024-05-02T10:52:00.274+0000] {logging_mixin.py:188} INFO - [2024-05-02T10:52:00.274+0000] {dagbag.py:540} INFO - Filling up the DagBag from /home/airflow/.local/lib/python3.12/site-packages/airflow/example_dags/example_branch_operator.py
[2024-05-02T10:52:00.287+0000] {processor.py:840} INFO - DAG(s) 'example_branch_operator' retrieved from /home/airflow/.local/lib/python3.12/site-packages/airflow/example_dags/example_branch_operator.py
[2024-05-02T10:52:00.304+0000] {logging_mixin.py:188} INFO - [2024-05-02T10:52:00.304+0000] {dag.py:3096} INFO - Sync 1 DAGs
[2024-05-02T10:52:00.342+0000] {logging_mixin.py:188} INFO - [2024-05-02T10:52:00.342+0000] {dag.py:3954} INFO - Setting next_dagrun for example_branch_operator to 2024-05-01 00:00:00+00:00, run_after=2024-05-02 00:00:00+00:00
[2024-05-02T10:52:00.353+0000] {processor.py:183} INFO - Processing /home/airflow/.local/lib/python3.12/site-packages/airflow/example_dags/example_branch_operator.py took 0.110 seconds
[2024-05-02T10:52:30.920+0000] {processor.py:161} INFO - Started process (PID=425) to work on /home/airflow/.local/lib/python3.12/site-packages/airflow/example_dags/example_branch_operator.py
[2024-05-02T10:52:30.921+0000] {processor.py:830} INFO - Processing file /home/airflow/.local/lib/python3.12/site-packages/airflow/example_dags/example_branch_operator.py for tasks to queue
[2024-05-02T10:52:30.949+0000] {logging_mixin.py:188} INFO - [2024-05-02T10:52:30.949+0000] {dagbag.py:540} INFO - Filling up the DagBag from /home/airflow/.local/lib/python3.12/site-packages/airflow/example_dags/example_branch_operator.py
[2024-05-02T10:52:30.995+0000] {processor.py:840} INFO - DAG(s) 'example_branch_operator' retrieved from /home/airflow/.local/lib/python3.12/site-packages/airflow/example_dags/example_branch_operator.py
[2024-05-02T10:52:31.017+0000] {logging_mixin.py:188} INFO - [2024-05-02T10:52:31.016+0000] {dag.py:3096} INFO - Sync 1 DAGs
[2024-05-02T10:52:31.031+0000] {logging_mixin.py:188} INFO - [2024-05-02T10:52:31.031+0000] {dag.py:3954} INFO - Setting next_dagrun for example_branch_operator to 2024-05-01 00:00:00+00:00, run_after=2024-05-02 00:00:00+00:00
[2024-05-02T10:52:31.061+0000] {processor.py:183} INFO - Processing /home/airflow/.local/lib/python3.12/site-packages/airflow/example_dags/example_branch_operator.py took 0.149 seconds
[2024-05-02T10:53:01.188+0000] {processor.py:161} INFO - Started process (PID=490) to work on /home/airflow/.local/lib/python3.12/site-packages/airflow/example_dags/example_branch_operator.py
[2024-05-02T10:53:01.188+0000] {processor.py:830} INFO - Processing file /home/airflow/.local/lib/python3.12/site-packages/airflow/example_dags/example_branch_operator.py for tasks to queue
[2024-05-02T10:53:01.212+0000] {logging_mixin.py:188} INFO - [2024-05-02T10:53:01.212+0000] {dagbag.py:540} INFO - Filling up the DagBag from /home/airflow/.local/lib/python3.12/site-packages/airflow/example_dags/example_branch_operator.py
[2024-05-02T10:53:01.237+0000] {processor.py:840} INFO - DAG(s) 'example_branch_operator' retrieved from /home/airflow/.local/lib/python3.12/site-packages/airflow/example_dags/example_branch_operator.py
[2024-05-02T10:53:01.275+0000] {logging_mixin.py:188} INFO - [2024-05-02T10:53:01.274+0000] {dag.py:3096} INFO - Sync 1 DAGs
[2024-05-02T10:53:01.296+0000] {logging_mixin.py:188} INFO - [2024-05-02T10:53:01.296+0000] {dag.py:3954} INFO - Setting next_dagrun for example_branch_operator to 2024-05-01 00:00:00+00:00, run_after=2024-05-02 00:00:00+00:00
[2024-05-02T10:53:01.317+0000] {processor.py:183} INFO - Processing /home/airflow/.local/lib/python3.12/site-packages/airflow/example_dags/example_branch_operator.py took 0.133 seconds
[2024-05-02T10:53:31.486+0000] {processor.py:161} INFO - Started process (PID=549) to work on /home/airflow/.local/lib/python3.12/site-packages/airflow/example_dags/example_branch_operator.py
[2024-05-02T10:53:31.487+0000] {processor.py:830} INFO - Processing file /home/airflow/.local/lib/python3.12/site-packages/airflow/example_dags/example_branch_operator.py for tasks to queue
[2024-05-02T10:53:31.521+0000] {logging_mixin.py:188} INFO - [2024-05-02T10:53:31.520+0000] {dagbag.py:540} INFO - Filling up the DagBag from /home/airflow/.local/lib/python3.12/site-packages/airflow/example_dags/example_branch_operator.py
[2024-05-02T10:53:31.571+0000] {processor.py:840} INFO - DAG(s) 'example_branch_operator' retrieved from /home/airflow/.local/lib/python3.12/site-packages/airflow/example_dags/example_branch_operator.py
[2024-05-02T10:53:31.590+0000] {logging_mixin.py:188} INFO - [2024-05-02T10:53:31.590+0000] {dag.py:3096} INFO - Sync 1 DAGs
[2024-05-02T10:53:31.610+0000] {logging_mixin.py:188} INFO - [2024-05-02T10:53:31.610+0000] {dag.py:3954} INFO - Setting next_dagrun for example_branch_operator to 2024-05-01 00:00:00+00:00, run_after=2024-05-02 00:00:00+00:00
[2024-05-02T10:53:31.630+0000] {processor.py:183} INFO - Processing /home/airflow/.local/lib/python3.12/site-packages/airflow/example_dags/example_branch_operator.py took 0.155 seconds
[2024-05-02T10:54:01.837+0000] {processor.py:161} INFO - Started process (PID=609) to work on /home/airflow/.local/lib/python3.12/site-packages/airflow/example_dags/example_branch_operator.py
[2024-05-02T10:54:01.837+0000] {processor.py:830} INFO - Processing file /home/airflow/.local/lib/python3.12/site-packages/airflow/example_dags/example_branch_operator.py for tasks to queue
[2024-05-02T10:54:01.838+0000] {logging_mixin.py:188} INFO - [2024-05-02T10:54:01.838+0000] {dagbag.py:540} INFO - Filling up the DagBag from /home/airflow/.local/lib/python3.12/site-packages/airflow/example_dags/example_branch_operator.py
[2024-05-02T10:54:01.849+0000] {processor.py:840} INFO - DAG(s) 'example_branch_operator' retrieved from /home/airflow/.local/lib/python3.12/site-packages/airflow/example_dags/example_branch_operator.py
[2024-05-02T10:54:01.890+0000] {logging_mixin.py:188} INFO - [2024-05-02T10:54:01.890+0000] {dag.py:3096} INFO - Sync 1 DAGs
[2024-05-02T10:54:01.906+0000] {logging_mixin.py:188} INFO - [2024-05-02T10:54:01.906+0000] {dag.py:3954} INFO - Setting next_dagrun for example_branch_operator to 2024-05-01 00:00:00+00:00, run_after=2024-05-02 00:00:00+00:00
[2024-05-02T10:54:01.931+0000] {processor.py:183} INFO - Processing /home/airflow/.local/lib/python3.12/site-packages/airflow/example_dags/example_branch_operator.py took 0.097 seconds
[2024-05-02T10:54:32.038+0000] {processor.py:161} INFO - Started process (PID=669) to work on /home/airflow/.local/lib/python3.12/site-packages/airflow/example_dags/example_branch_operator.py
[2024-05-02T10:54:32.038+0000] {processor.py:830} INFO - Processing file /home/airflow/.local/lib/python3.12/site-packages/airflow/example_dags/example_branch_operator.py for tasks to queue
[2024-05-02T10:54:32.039+0000] {logging_mixin.py:188} INFO - [2024-05-02T10:54:32.039+0000] {dagbag.py:540} INFO - Filling up the DagBag from /home/airflow/.local/lib/python3.12/site-packages/airflow/example_dags/example_branch_operator.py
[2024-05-02T10:54:32.050+0000] {processor.py:840} INFO - DAG(s) 'example_branch_operator' retrieved from /home/airflow/.local/lib/python3.12/site-packages/airflow/example_dags/example_branch_operator.py
[2024-05-02T10:54:32.091+0000] {logging_mixin.py:188} INFO - [2024-05-02T10:54:32.091+0000] {dag.py:3096} INFO - Sync 1 DAGs
[2024-05-02T10:54:32.105+0000] {logging_mixin.py:188} INFO - [2024-05-02T10:54:32.105+0000] {dag.py:3954} INFO - Setting next_dagrun for example_branch_operator to 2024-05-01 00:00:00+00:00, run_after=2024-05-02 00:00:00+00:00
[2024-05-02T10:54:32.117+0000] {processor.py:183} INFO - Processing /home/airflow/.local/lib/python3.12/site-packages/airflow/example_dags/example_branch_operator.py took 0.084 seconds
[2024-05-02T10:55:02.408+0000] {processor.py:161} INFO - Started process (PID=729) to work on /home/airflow/.local/lib/python3.12/site-packages/airflow/example_dags/example_branch_operator.py
[2024-05-02T10:55:02.409+0000] {processor.py:830} INFO - Processing file /home/airflow/.local/lib/python3.12/site-packages/airflow/example_dags/example_branch_operator.py for tasks to queue
[2024-05-02T10:55:02.410+0000] {logging_mixin.py:188} INFO - [2024-05-02T10:55:02.409+0000] {dagbag.py:540} INFO - Filling up the DagBag from /home/airflow/.local/lib/python3.12/site-packages/airflow/example_dags/example_branch_operator.py
[2024-05-02T10:55:02.420+0000] {processor.py:840} INFO - DAG(s) 'example_branch_operator' retrieved from /home/airflow/.local/lib/python3.12/site-packages/airflow/example_dags/example_branch_operator.py
[2024-05-02T10:55:02.448+0000] {logging_mixin.py:188} INFO - [2024-05-02T10:55:02.448+0000] {dag.py:3096} INFO - Sync 1 DAGs
[2024-05-02T10:55:02.482+0000] {logging_mixin.py:188} INFO - [2024-05-02T10:55:02.481+0000] {dag.py:3954} INFO - Setting next_dagrun for example_branch_operator to 2024-05-01 00:00:00+00:00, run_after=2024-05-02 00:00:00+00:00
[2024-05-02T10:55:02.493+0000] {processor.py:183} INFO - Processing /home/airflow/.local/lib/python3.12/site-packages/airflow/example_dags/example_branch_operator.py took 0.089 seconds
[2024-05-02T10:55:33.020+0000] {processor.py:161} INFO - Started process (PID=789) to work on /home/airflow/.local/lib/python3.12/site-packages/airflow/example_dags/example_branch_operator.py
[2024-05-02T10:55:33.020+0000] {processor.py:830} INFO - Processing file /home/airflow/.local/lib/python3.12/site-packages/airflow/example_dags/example_branch_operator.py for tasks to queue
[2024-05-02T10:55:33.021+0000] {logging_mixin.py:188} INFO - [2024-05-02T10:55:33.021+0000] {dagbag.py:540} INFO - Filling up the DagBag from /home/airflow/.local/lib/python3.12/site-packages/airflow/example_dags/example_branch_operator.py
[2024-05-02T10:55:33.033+0000] {processor.py:840} INFO - DAG(s) 'example_branch_operator' retrieved from /home/airflow/.local/lib/python3.12/site-packages/airflow/example_dags/example_branch_operator.py
[2024-05-02T10:55:33.084+0000] {logging_mixin.py:188} INFO - [2024-05-02T10:55:33.084+0000] {dag.py:3096} INFO - Sync 1 DAGs
[2024-05-02T10:55:33.203+0000] {logging_mixin.py:188} INFO - [2024-05-02T10:55:33.203+0000] {dag.py:3954} INFO - Setting next_dagrun for example_branch_operator to 2024-05-01 00:00:00+00:00, run_after=2024-05-02 00:00:00+00:00
[2024-05-02T10:55:33.219+0000] {processor.py:183} INFO - Processing /home/airflow/.local/lib/python3.12/site-packages/airflow/example_dags/example_branch_operator.py took 0.205 seconds
[2024-05-02T10:56:04.190+0000] {processor.py:161} INFO - Started process (PID=849) to work on /home/airflow/.local/lib/python3.12/site-packages/airflow/example_dags/example_branch_operator.py
[2024-05-02T10:56:04.191+0000] {processor.py:830} INFO - Processing file /home/airflow/.local/lib/python3.12/site-packages/airflow/example_dags/example_branch_operator.py for tasks to queue
[2024-05-02T10:56:04.213+0000] {logging_mixin.py:188} INFO - [2024-05-02T10:56:04.213+0000] {dagbag.py:540} INFO - Filling up the DagBag from /home/airflow/.local/lib/python3.12/site-packages/airflow/example_dags/example_branch_operator.py
[2024-05-02T10:56:04.224+0000] {processor.py:840} INFO - DAG(s) 'example_branch_operator' retrieved from /home/airflow/.local/lib/python3.12/site-packages/airflow/example_dags/example_branch_operator.py
[2024-05-02T10:56:04.244+0000] {logging_mixin.py:188} INFO - [2024-05-02T10:56:04.244+0000] {dag.py:3096} INFO - Sync 1 DAGs
[2024-05-02T10:56:04.398+0000] {logging_mixin.py:188} INFO - [2024-05-02T10:56:04.398+0000] {dag.py:3954} INFO - Setting next_dagrun for example_branch_operator to 2024-05-01 00:00:00+00:00, run_after=2024-05-02 00:00:00+00:00
[2024-05-02T10:56:04.411+0000] {processor.py:183} INFO - Processing /home/airflow/.local/lib/python3.12/site-packages/airflow/example_dags/example_branch_operator.py took 0.225 seconds
[2024-05-02T10:56:34.570+0000] {processor.py:161} INFO - Started process (PID=910) to work on /home/airflow/.local/lib/python3.12/site-packages/airflow/example_dags/example_branch_operator.py
[2024-05-02T10:56:34.570+0000] {processor.py:830} INFO - Processing file /home/airflow/.local/lib/python3.12/site-packages/airflow/example_dags/example_branch_operator.py for tasks to queue
[2024-05-02T10:56:34.572+0000] {logging_mixin.py:188} INFO - [2024-05-02T10:56:34.572+0000] {dagbag.py:540} INFO - Filling up the DagBag from /home/airflow/.local/lib/python3.12/site-packages/airflow/example_dags/example_branch_operator.py
[2024-05-02T10:56:34.583+0000] {processor.py:840} INFO - DAG(s) 'example_branch_operator' retrieved from /home/airflow/.local/lib/python3.12/site-packages/airflow/example_dags/example_branch_operator.py
[2024-05-02T10:56:34.601+0000] {logging_mixin.py:188} INFO - [2024-05-02T10:56:34.601+0000] {dag.py:3096} INFO - Sync 1 DAGs
[2024-05-02T10:56:34.632+0000] {logging_mixin.py:188} INFO - [2024-05-02T10:56:34.632+0000] {dag.py:3954} INFO - Setting next_dagrun for example_branch_operator to 2024-05-01 00:00:00+00:00, run_after=2024-05-02 00:00:00+00:00
[2024-05-02T10:56:34.643+0000] {processor.py:183} INFO - Processing /home/airflow/.local/lib/python3.12/site-packages/airflow/example_dags/example_branch_operator.py took 0.082 seconds
[2024-05-02T10:57:05.092+0000] {processor.py:161} INFO - Started process (PID=969) to work on /home/airflow/.local/lib/python3.12/site-packages/airflow/example_dags/example_branch_operator.py
[2024-05-02T10:57:05.093+0000] {processor.py:830} INFO - Processing file /home/airflow/.local/lib/python3.12/site-packages/airflow/example_dags/example_branch_operator.py for tasks to queue
[2024-05-02T10:57:05.130+0000] {logging_mixin.py:188} INFO - [2024-05-02T10:57:05.129+0000] {dagbag.py:540} INFO - Filling up the DagBag from /home/airflow/.local/lib/python3.12/site-packages/airflow/example_dags/example_branch_operator.py
[2024-05-02T10:57:05.140+0000] {processor.py:840} INFO - DAG(s) 'example_branch_operator' retrieved from /home/airflow/.local/lib/python3.12/site-packages/airflow/example_dags/example_branch_operator.py
[2024-05-02T10:57:05.160+0000] {logging_mixin.py:188} INFO - [2024-05-02T10:57:05.160+0000] {dag.py:3096} INFO - Sync 1 DAGs
[2024-05-02T10:57:05.201+0000] {logging_mixin.py:188} INFO - [2024-05-02T10:57:05.201+0000] {dag.py:3954} INFO - Setting next_dagrun for example_branch_operator to 2024-05-01 00:00:00+00:00, run_after=2024-05-02 00:00:00+00:00
[2024-05-02T10:57:05.225+0000] {processor.py:183} INFO - Processing /home/airflow/.local/lib/python3.12/site-packages/airflow/example_dags/example_branch_operator.py took 0.137 seconds
