[2024-05-02T10:20:07.183+0000] {processor.py:161} INFO - Started process (PID=61) to work on /home/airflow/.local/lib/python3.12/site-packages/airflow/example_dags/example_dag_decorator.py
[2024-05-02T10:20:07.184+0000] {processor.py:830} INFO - Processing file /home/airflow/.local/lib/python3.12/site-packages/airflow/example_dags/example_dag_decorator.py for tasks to queue
[2024-05-02T10:20:07.185+0000] {logging_mixin.py:188} INFO - [2024-05-02T10:20:07.185+0000] {dagbag.py:540} INFO - Filling up the DagBag from /home/airflow/.local/lib/python3.12/site-packages/airflow/example_dags/example_dag_decorator.py
[2024-05-02T10:20:07.369+0000] {processor.py:840} INFO - DAG(s) 'example_dag_decorator' retrieved from /home/airflow/.local/lib/python3.12/site-packages/airflow/example_dags/example_dag_decorator.py
[2024-05-02T10:20:07.376+0000] {logging_mixin.py:188} INFO - [2024-05-02T10:20:07.376+0000] {dag.py:3096} INFO - Sync 1 DAGs
[2024-05-02T10:20:07.386+0000] {logging_mixin.py:188} INFO - [2024-05-02T10:20:07.386+0000] {dag.py:3954} INFO - Setting next_dagrun for example_dag_decorator to None, run_after=None
[2024-05-02T10:20:07.402+0000] {processor.py:183} INFO - Processing /home/airflow/.local/lib/python3.12/site-packages/airflow/example_dags/example_dag_decorator.py took 0.222 seconds
[2024-05-02T10:20:37.957+0000] {processor.py:161} INFO - Started process (PID=119) to work on /home/airflow/.local/lib/python3.12/site-packages/airflow/example_dags/example_dag_decorator.py
[2024-05-02T10:20:37.957+0000] {processor.py:830} INFO - Processing file /home/airflow/.local/lib/python3.12/site-packages/airflow/example_dags/example_dag_decorator.py for tasks to queue
[2024-05-02T10:20:37.959+0000] {logging_mixin.py:188} INFO - [2024-05-02T10:20:37.958+0000] {dagbag.py:540} INFO - Filling up the DagBag from /home/airflow/.local/lib/python3.12/site-packages/airflow/example_dags/example_dag_decorator.py
[2024-05-02T10:20:38.018+0000] {processor.py:840} INFO - DAG(s) 'example_dag_decorator' retrieved from /home/airflow/.local/lib/python3.12/site-packages/airflow/example_dags/example_dag_decorator.py
[2024-05-02T10:20:38.096+0000] {logging_mixin.py:188} INFO - [2024-05-02T10:20:38.096+0000] {dag.py:3096} INFO - Sync 1 DAGs
[2024-05-02T10:20:38.104+0000] {logging_mixin.py:188} INFO - [2024-05-02T10:20:38.104+0000] {dag.py:3954} INFO - Setting next_dagrun for example_dag_decorator to None, run_after=None
[2024-05-02T10:20:38.121+0000] {processor.py:183} INFO - Processing /home/airflow/.local/lib/python3.12/site-packages/airflow/example_dags/example_dag_decorator.py took 0.168 seconds
[2024-05-02T10:21:09.366+0000] {processor.py:161} INFO - Started process (PID=178) to work on /home/airflow/.local/lib/python3.12/site-packages/airflow/example_dags/example_dag_decorator.py
[2024-05-02T10:21:09.366+0000] {processor.py:830} INFO - Processing file /home/airflow/.local/lib/python3.12/site-packages/airflow/example_dags/example_dag_decorator.py for tasks to queue
[2024-05-02T10:21:09.368+0000] {logging_mixin.py:188} INFO - [2024-05-02T10:21:09.367+0000] {dagbag.py:540} INFO - Filling up the DagBag from /home/airflow/.local/lib/python3.12/site-packages/airflow/example_dags/example_dag_decorator.py
[2024-05-02T10:21:09.425+0000] {processor.py:840} INFO - DAG(s) 'example_dag_decorator' retrieved from /home/airflow/.local/lib/python3.12/site-packages/airflow/example_dags/example_dag_decorator.py
[2024-05-02T10:21:09.494+0000] {logging_mixin.py:188} INFO - [2024-05-02T10:21:09.493+0000] {dag.py:3096} INFO - Sync 1 DAGs
[2024-05-02T10:21:09.500+0000] {logging_mixin.py:188} INFO - [2024-05-02T10:21:09.500+0000] {dag.py:3954} INFO - Setting next_dagrun for example_dag_decorator to None, run_after=None
[2024-05-02T10:21:09.515+0000] {processor.py:183} INFO - Processing /home/airflow/.local/lib/python3.12/site-packages/airflow/example_dags/example_dag_decorator.py took 0.156 seconds
[2024-05-02T10:21:40.349+0000] {processor.py:161} INFO - Started process (PID=236) to work on /home/airflow/.local/lib/python3.12/site-packages/airflow/example_dags/example_dag_decorator.py
[2024-05-02T10:21:40.350+0000] {processor.py:830} INFO - Processing file /home/airflow/.local/lib/python3.12/site-packages/airflow/example_dags/example_dag_decorator.py for tasks to queue
[2024-05-02T10:21:40.351+0000] {logging_mixin.py:188} INFO - [2024-05-02T10:21:40.350+0000] {dagbag.py:540} INFO - Filling up the DagBag from /home/airflow/.local/lib/python3.12/site-packages/airflow/example_dags/example_dag_decorator.py
[2024-05-02T10:21:40.411+0000] {processor.py:840} INFO - DAG(s) 'example_dag_decorator' retrieved from /home/airflow/.local/lib/python3.12/site-packages/airflow/example_dags/example_dag_decorator.py
[2024-05-02T10:21:40.426+0000] {logging_mixin.py:188} INFO - [2024-05-02T10:21:40.426+0000] {dag.py:3096} INFO - Sync 1 DAGs
[2024-05-02T10:21:40.434+0000] {logging_mixin.py:188} INFO - [2024-05-02T10:21:40.434+0000] {dag.py:3954} INFO - Setting next_dagrun for example_dag_decorator to None, run_after=None
[2024-05-02T10:21:40.445+0000] {processor.py:183} INFO - Processing /home/airflow/.local/lib/python3.12/site-packages/airflow/example_dags/example_dag_decorator.py took 0.099 seconds
[2024-05-02T10:22:10.716+0000] {processor.py:161} INFO - Started process (PID=294) to work on /home/airflow/.local/lib/python3.12/site-packages/airflow/example_dags/example_dag_decorator.py
[2024-05-02T10:22:10.716+0000] {processor.py:830} INFO - Processing file /home/airflow/.local/lib/python3.12/site-packages/airflow/example_dags/example_dag_decorator.py for tasks to queue
[2024-05-02T10:22:10.717+0000] {logging_mixin.py:188} INFO - [2024-05-02T10:22:10.717+0000] {dagbag.py:540} INFO - Filling up the DagBag from /home/airflow/.local/lib/python3.12/site-packages/airflow/example_dags/example_dag_decorator.py
[2024-05-02T10:22:10.776+0000] {processor.py:840} INFO - DAG(s) 'example_dag_decorator' retrieved from /home/airflow/.local/lib/python3.12/site-packages/airflow/example_dags/example_dag_decorator.py
[2024-05-02T10:22:10.848+0000] {logging_mixin.py:188} INFO - [2024-05-02T10:22:10.848+0000] {dag.py:3096} INFO - Sync 1 DAGs
[2024-05-02T10:22:10.948+0000] {logging_mixin.py:188} INFO - [2024-05-02T10:22:10.948+0000] {dag.py:3954} INFO - Setting next_dagrun for example_dag_decorator to None, run_after=None
[2024-05-02T10:22:10.960+0000] {processor.py:183} INFO - Processing /home/airflow/.local/lib/python3.12/site-packages/airflow/example_dags/example_dag_decorator.py took 0.249 seconds
[2024-05-02T10:22:41.643+0000] {processor.py:161} INFO - Started process (PID=352) to work on /home/airflow/.local/lib/python3.12/site-packages/airflow/example_dags/example_dag_decorator.py
[2024-05-02T10:22:41.644+0000] {processor.py:830} INFO - Processing file /home/airflow/.local/lib/python3.12/site-packages/airflow/example_dags/example_dag_decorator.py for tasks to queue
[2024-05-02T10:22:41.645+0000] {logging_mixin.py:188} INFO - [2024-05-02T10:22:41.645+0000] {dagbag.py:540} INFO - Filling up the DagBag from /home/airflow/.local/lib/python3.12/site-packages/airflow/example_dags/example_dag_decorator.py
[2024-05-02T10:22:41.707+0000] {processor.py:840} INFO - DAG(s) 'example_dag_decorator' retrieved from /home/airflow/.local/lib/python3.12/site-packages/airflow/example_dags/example_dag_decorator.py
[2024-05-02T10:22:41.875+0000] {logging_mixin.py:188} INFO - [2024-05-02T10:22:41.875+0000] {dag.py:3096} INFO - Sync 1 DAGs
[2024-05-02T10:22:41.881+0000] {logging_mixin.py:188} INFO - [2024-05-02T10:22:41.881+0000] {dag.py:3954} INFO - Setting next_dagrun for example_dag_decorator to None, run_after=None
[2024-05-02T10:22:41.897+0000] {processor.py:183} INFO - Processing /home/airflow/.local/lib/python3.12/site-packages/airflow/example_dags/example_dag_decorator.py took 0.259 seconds
[2024-05-02T10:23:11.995+0000] {processor.py:161} INFO - Started process (PID=412) to work on /home/airflow/.local/lib/python3.12/site-packages/airflow/example_dags/example_dag_decorator.py
[2024-05-02T10:23:11.995+0000] {processor.py:830} INFO - Processing file /home/airflow/.local/lib/python3.12/site-packages/airflow/example_dags/example_dag_decorator.py for tasks to queue
[2024-05-02T10:23:11.996+0000] {logging_mixin.py:188} INFO - [2024-05-02T10:23:11.996+0000] {dagbag.py:540} INFO - Filling up the DagBag from /home/airflow/.local/lib/python3.12/site-packages/airflow/example_dags/example_dag_decorator.py
[2024-05-02T10:23:12.055+0000] {processor.py:840} INFO - DAG(s) 'example_dag_decorator' retrieved from /home/airflow/.local/lib/python3.12/site-packages/airflow/example_dags/example_dag_decorator.py
[2024-05-02T10:23:12.216+0000] {logging_mixin.py:188} INFO - [2024-05-02T10:23:12.216+0000] {dag.py:3096} INFO - Sync 1 DAGs
[2024-05-02T10:23:12.222+0000] {logging_mixin.py:188} INFO - [2024-05-02T10:23:12.222+0000] {dag.py:3954} INFO - Setting next_dagrun for example_dag_decorator to None, run_after=None
[2024-05-02T10:23:12.235+0000] {processor.py:183} INFO - Processing /home/airflow/.local/lib/python3.12/site-packages/airflow/example_dags/example_dag_decorator.py took 0.245 seconds
[2024-05-02T10:23:43.177+0000] {processor.py:161} INFO - Started process (PID=471) to work on /home/airflow/.local/lib/python3.12/site-packages/airflow/example_dags/example_dag_decorator.py
[2024-05-02T10:23:43.177+0000] {processor.py:830} INFO - Processing file /home/airflow/.local/lib/python3.12/site-packages/airflow/example_dags/example_dag_decorator.py for tasks to queue
[2024-05-02T10:23:43.178+0000] {logging_mixin.py:188} INFO - [2024-05-02T10:23:43.178+0000] {dagbag.py:540} INFO - Filling up the DagBag from /home/airflow/.local/lib/python3.12/site-packages/airflow/example_dags/example_dag_decorator.py
[2024-05-02T10:23:43.235+0000] {processor.py:840} INFO - DAG(s) 'example_dag_decorator' retrieved from /home/airflow/.local/lib/python3.12/site-packages/airflow/example_dags/example_dag_decorator.py
[2024-05-02T10:23:43.401+0000] {logging_mixin.py:188} INFO - [2024-05-02T10:23:43.400+0000] {dag.py:3096} INFO - Sync 1 DAGs
[2024-05-02T10:23:43.407+0000] {logging_mixin.py:188} INFO - [2024-05-02T10:23:43.407+0000] {dag.py:3954} INFO - Setting next_dagrun for example_dag_decorator to None, run_after=None
[2024-05-02T10:23:43.419+0000] {processor.py:183} INFO - Processing /home/airflow/.local/lib/python3.12/site-packages/airflow/example_dags/example_dag_decorator.py took 0.248 seconds
[2024-05-02T10:24:14.626+0000] {processor.py:161} INFO - Started process (PID=529) to work on /home/airflow/.local/lib/python3.12/site-packages/airflow/example_dags/example_dag_decorator.py
[2024-05-02T10:24:14.626+0000] {processor.py:830} INFO - Processing file /home/airflow/.local/lib/python3.12/site-packages/airflow/example_dags/example_dag_decorator.py for tasks to queue
[2024-05-02T10:24:14.627+0000] {logging_mixin.py:188} INFO - [2024-05-02T10:24:14.627+0000] {dagbag.py:540} INFO - Filling up the DagBag from /home/airflow/.local/lib/python3.12/site-packages/airflow/example_dags/example_dag_decorator.py
[2024-05-02T10:24:14.684+0000] {processor.py:840} INFO - DAG(s) 'example_dag_decorator' retrieved from /home/airflow/.local/lib/python3.12/site-packages/airflow/example_dags/example_dag_decorator.py
[2024-05-02T10:24:14.850+0000] {logging_mixin.py:188} INFO - [2024-05-02T10:24:14.850+0000] {dag.py:3096} INFO - Sync 1 DAGs
[2024-05-02T10:24:14.858+0000] {logging_mixin.py:188} INFO - [2024-05-02T10:24:14.857+0000] {dag.py:3954} INFO - Setting next_dagrun for example_dag_decorator to None, run_after=None
[2024-05-02T10:24:14.869+0000] {processor.py:183} INFO - Processing /home/airflow/.local/lib/python3.12/site-packages/airflow/example_dags/example_dag_decorator.py took 0.247 seconds
[2024-05-02T10:24:45.482+0000] {processor.py:161} INFO - Started process (PID=586) to work on /home/airflow/.local/lib/python3.12/site-packages/airflow/example_dags/example_dag_decorator.py
[2024-05-02T10:24:45.483+0000] {processor.py:830} INFO - Processing file /home/airflow/.local/lib/python3.12/site-packages/airflow/example_dags/example_dag_decorator.py for tasks to queue
[2024-05-02T10:24:45.484+0000] {logging_mixin.py:188} INFO - [2024-05-02T10:24:45.484+0000] {dagbag.py:540} INFO - Filling up the DagBag from /home/airflow/.local/lib/python3.12/site-packages/airflow/example_dags/example_dag_decorator.py
[2024-05-02T10:24:45.552+0000] {processor.py:840} INFO - DAG(s) 'example_dag_decorator' retrieved from /home/airflow/.local/lib/python3.12/site-packages/airflow/example_dags/example_dag_decorator.py
[2024-05-02T10:24:45.725+0000] {logging_mixin.py:188} INFO - [2024-05-02T10:24:45.725+0000] {dag.py:3096} INFO - Sync 1 DAGs
[2024-05-02T10:24:45.731+0000] {logging_mixin.py:188} INFO - [2024-05-02T10:24:45.731+0000] {dag.py:3954} INFO - Setting next_dagrun for example_dag_decorator to None, run_after=None
[2024-05-02T10:24:45.743+0000] {processor.py:183} INFO - Processing /home/airflow/.local/lib/python3.12/site-packages/airflow/example_dags/example_dag_decorator.py took 0.264 seconds
[2024-05-02T10:25:16.382+0000] {processor.py:161} INFO - Started process (PID=645) to work on /home/airflow/.local/lib/python3.12/site-packages/airflow/example_dags/example_dag_decorator.py
[2024-05-02T10:25:16.382+0000] {processor.py:830} INFO - Processing file /home/airflow/.local/lib/python3.12/site-packages/airflow/example_dags/example_dag_decorator.py for tasks to queue
[2024-05-02T10:25:16.410+0000] {logging_mixin.py:188} INFO - [2024-05-02T10:25:16.409+0000] {dagbag.py:540} INFO - Filling up the DagBag from /home/airflow/.local/lib/python3.12/site-packages/airflow/example_dags/example_dag_decorator.py
[2024-05-02T10:25:16.468+0000] {processor.py:840} INFO - DAG(s) 'example_dag_decorator' retrieved from /home/airflow/.local/lib/python3.12/site-packages/airflow/example_dags/example_dag_decorator.py
[2024-05-02T10:25:16.643+0000] {logging_mixin.py:188} INFO - [2024-05-02T10:25:16.643+0000] {dag.py:3096} INFO - Sync 1 DAGs
[2024-05-02T10:25:16.649+0000] {logging_mixin.py:188} INFO - [2024-05-02T10:25:16.649+0000] {dag.py:3954} INFO - Setting next_dagrun for example_dag_decorator to None, run_after=None
[2024-05-02T10:25:16.684+0000] {processor.py:183} INFO - Processing /home/airflow/.local/lib/python3.12/site-packages/airflow/example_dags/example_dag_decorator.py took 0.307 seconds
[2024-05-02T10:25:47.608+0000] {processor.py:161} INFO - Started process (PID=705) to work on /home/airflow/.local/lib/python3.12/site-packages/airflow/example_dags/example_dag_decorator.py
[2024-05-02T10:25:47.609+0000] {processor.py:830} INFO - Processing file /home/airflow/.local/lib/python3.12/site-packages/airflow/example_dags/example_dag_decorator.py for tasks to queue
[2024-05-02T10:25:47.610+0000] {logging_mixin.py:188} INFO - [2024-05-02T10:25:47.610+0000] {dagbag.py:540} INFO - Filling up the DagBag from /home/airflow/.local/lib/python3.12/site-packages/airflow/example_dags/example_dag_decorator.py
[2024-05-02T10:25:47.772+0000] {processor.py:840} INFO - DAG(s) 'example_dag_decorator' retrieved from /home/airflow/.local/lib/python3.12/site-packages/airflow/example_dags/example_dag_decorator.py
[2024-05-02T10:25:47.840+0000] {logging_mixin.py:188} INFO - [2024-05-02T10:25:47.840+0000] {dag.py:3096} INFO - Sync 1 DAGs
[2024-05-02T10:25:47.846+0000] {logging_mixin.py:188} INFO - [2024-05-02T10:25:47.846+0000] {dag.py:3954} INFO - Setting next_dagrun for example_dag_decorator to None, run_after=None
[2024-05-02T10:25:47.857+0000] {processor.py:183} INFO - Processing /home/airflow/.local/lib/python3.12/site-packages/airflow/example_dags/example_dag_decorator.py took 0.252 seconds
[2024-05-02T10:26:18.715+0000] {processor.py:161} INFO - Started process (PID=764) to work on /home/airflow/.local/lib/python3.12/site-packages/airflow/example_dags/example_dag_decorator.py
[2024-05-02T10:26:18.715+0000] {processor.py:830} INFO - Processing file /home/airflow/.local/lib/python3.12/site-packages/airflow/example_dags/example_dag_decorator.py for tasks to queue
[2024-05-02T10:26:18.716+0000] {logging_mixin.py:188} INFO - [2024-05-02T10:26:18.716+0000] {dagbag.py:540} INFO - Filling up the DagBag from /home/airflow/.local/lib/python3.12/site-packages/airflow/example_dags/example_dag_decorator.py
[2024-05-02T10:26:18.783+0000] {processor.py:840} INFO - DAG(s) 'example_dag_decorator' retrieved from /home/airflow/.local/lib/python3.12/site-packages/airflow/example_dags/example_dag_decorator.py
[2024-05-02T10:26:18.957+0000] {logging_mixin.py:188} INFO - [2024-05-02T10:26:18.956+0000] {dag.py:3096} INFO - Sync 1 DAGs
[2024-05-02T10:26:18.964+0000] {logging_mixin.py:188} INFO - [2024-05-02T10:26:18.964+0000] {dag.py:3954} INFO - Setting next_dagrun for example_dag_decorator to None, run_after=None
[2024-05-02T10:26:18.977+0000] {processor.py:183} INFO - Processing /home/airflow/.local/lib/python3.12/site-packages/airflow/example_dags/example_dag_decorator.py took 0.266 seconds
[2024-05-02T10:26:49.773+0000] {processor.py:161} INFO - Started process (PID=824) to work on /home/airflow/.local/lib/python3.12/site-packages/airflow/example_dags/example_dag_decorator.py
[2024-05-02T10:26:49.773+0000] {processor.py:830} INFO - Processing file /home/airflow/.local/lib/python3.12/site-packages/airflow/example_dags/example_dag_decorator.py for tasks to queue
[2024-05-02T10:26:49.802+0000] {logging_mixin.py:188} INFO - [2024-05-02T10:26:49.802+0000] {dagbag.py:540} INFO - Filling up the DagBag from /home/airflow/.local/lib/python3.12/site-packages/airflow/example_dags/example_dag_decorator.py
[2024-05-02T10:26:49.860+0000] {processor.py:840} INFO - DAG(s) 'example_dag_decorator' retrieved from /home/airflow/.local/lib/python3.12/site-packages/airflow/example_dags/example_dag_decorator.py
[2024-05-02T10:26:50.023+0000] {logging_mixin.py:188} INFO - [2024-05-02T10:26:50.023+0000] {dag.py:3096} INFO - Sync 1 DAGs
[2024-05-02T10:26:50.030+0000] {logging_mixin.py:188} INFO - [2024-05-02T10:26:50.029+0000] {dag.py:3954} INFO - Setting next_dagrun for example_dag_decorator to None, run_after=None
[2024-05-02T10:26:50.045+0000] {processor.py:183} INFO - Processing /home/airflow/.local/lib/python3.12/site-packages/airflow/example_dags/example_dag_decorator.py took 0.277 seconds
[2024-05-02T10:27:20.633+0000] {processor.py:161} INFO - Started process (PID=889) to work on /home/airflow/.local/lib/python3.12/site-packages/airflow/example_dags/example_dag_decorator.py
[2024-05-02T10:27:20.633+0000] {processor.py:830} INFO - Processing file /home/airflow/.local/lib/python3.12/site-packages/airflow/example_dags/example_dag_decorator.py for tasks to queue
[2024-05-02T10:27:20.661+0000] {logging_mixin.py:188} INFO - [2024-05-02T10:27:20.660+0000] {dagbag.py:540} INFO - Filling up the DagBag from /home/airflow/.local/lib/python3.12/site-packages/airflow/example_dags/example_dag_decorator.py
[2024-05-02T10:27:20.830+0000] {processor.py:840} INFO - DAG(s) 'example_dag_decorator' retrieved from /home/airflow/.local/lib/python3.12/site-packages/airflow/example_dags/example_dag_decorator.py
[2024-05-02T10:27:20.896+0000] {logging_mixin.py:188} INFO - [2024-05-02T10:27:20.896+0000] {dag.py:3096} INFO - Sync 1 DAGs
[2024-05-02T10:27:20.903+0000] {logging_mixin.py:188} INFO - [2024-05-02T10:27:20.903+0000] {dag.py:3954} INFO - Setting next_dagrun for example_dag_decorator to None, run_after=None
[2024-05-02T10:27:20.916+0000] {processor.py:183} INFO - Processing /home/airflow/.local/lib/python3.12/site-packages/airflow/example_dags/example_dag_decorator.py took 0.287 seconds
[2024-05-02T10:27:51.027+0000] {processor.py:161} INFO - Started process (PID=947) to work on /home/airflow/.local/lib/python3.12/site-packages/airflow/example_dags/example_dag_decorator.py
[2024-05-02T10:27:51.027+0000] {processor.py:830} INFO - Processing file /home/airflow/.local/lib/python3.12/site-packages/airflow/example_dags/example_dag_decorator.py for tasks to queue
[2024-05-02T10:27:51.051+0000] {logging_mixin.py:188} INFO - [2024-05-02T10:27:51.050+0000] {dagbag.py:540} INFO - Filling up the DagBag from /home/airflow/.local/lib/python3.12/site-packages/airflow/example_dags/example_dag_decorator.py
[2024-05-02T10:27:51.211+0000] {processor.py:840} INFO - DAG(s) 'example_dag_decorator' retrieved from /home/airflow/.local/lib/python3.12/site-packages/airflow/example_dags/example_dag_decorator.py
[2024-05-02T10:27:51.277+0000] {logging_mixin.py:188} INFO - [2024-05-02T10:27:51.276+0000] {dag.py:3096} INFO - Sync 1 DAGs
[2024-05-02T10:27:51.283+0000] {logging_mixin.py:188} INFO - [2024-05-02T10:27:51.283+0000] {dag.py:3954} INFO - Setting next_dagrun for example_dag_decorator to None, run_after=None
[2024-05-02T10:27:51.295+0000] {processor.py:183} INFO - Processing /home/airflow/.local/lib/python3.12/site-packages/airflow/example_dags/example_dag_decorator.py took 0.274 seconds
[2024-05-02T10:28:22.368+0000] {processor.py:161} INFO - Started process (PID=1007) to work on /home/airflow/.local/lib/python3.12/site-packages/airflow/example_dags/example_dag_decorator.py
[2024-05-02T10:28:22.369+0000] {processor.py:830} INFO - Processing file /home/airflow/.local/lib/python3.12/site-packages/airflow/example_dags/example_dag_decorator.py for tasks to queue
[2024-05-02T10:28:22.410+0000] {logging_mixin.py:188} INFO - [2024-05-02T10:28:22.410+0000] {dagbag.py:540} INFO - Filling up the DagBag from /home/airflow/.local/lib/python3.12/site-packages/airflow/example_dags/example_dag_decorator.py
[2024-05-02T10:28:22.585+0000] {processor.py:840} INFO - DAG(s) 'example_dag_decorator' retrieved from /home/airflow/.local/lib/python3.12/site-packages/airflow/example_dags/example_dag_decorator.py
[2024-05-02T10:28:22.659+0000] {logging_mixin.py:188} INFO - [2024-05-02T10:28:22.659+0000] {dag.py:3096} INFO - Sync 1 DAGs
[2024-05-02T10:28:22.666+0000] {logging_mixin.py:188} INFO - [2024-05-02T10:28:22.665+0000] {dag.py:3954} INFO - Setting next_dagrun for example_dag_decorator to None, run_after=None
[2024-05-02T10:28:22.691+0000] {processor.py:183} INFO - Processing /home/airflow/.local/lib/python3.12/site-packages/airflow/example_dags/example_dag_decorator.py took 0.326 seconds
[2024-05-02T10:28:52.946+0000] {processor.py:161} INFO - Started process (PID=1065) to work on /home/airflow/.local/lib/python3.12/site-packages/airflow/example_dags/example_dag_decorator.py
[2024-05-02T10:28:52.947+0000] {processor.py:830} INFO - Processing file /home/airflow/.local/lib/python3.12/site-packages/airflow/example_dags/example_dag_decorator.py for tasks to queue
[2024-05-02T10:28:52.971+0000] {logging_mixin.py:188} INFO - [2024-05-02T10:28:52.971+0000] {dagbag.py:540} INFO - Filling up the DagBag from /home/airflow/.local/lib/python3.12/site-packages/airflow/example_dags/example_dag_decorator.py
[2024-05-02T10:28:53.033+0000] {processor.py:840} INFO - DAG(s) 'example_dag_decorator' retrieved from /home/airflow/.local/lib/python3.12/site-packages/airflow/example_dags/example_dag_decorator.py
[2024-05-02T10:28:53.223+0000] {logging_mixin.py:188} INFO - [2024-05-02T10:28:53.222+0000] {dag.py:3096} INFO - Sync 1 DAGs
[2024-05-02T10:28:53.230+0000] {logging_mixin.py:188} INFO - [2024-05-02T10:28:53.230+0000] {dag.py:3954} INFO - Setting next_dagrun for example_dag_decorator to None, run_after=None
[2024-05-02T10:28:53.246+0000] {processor.py:183} INFO - Processing /home/airflow/.local/lib/python3.12/site-packages/airflow/example_dags/example_dag_decorator.py took 0.306 seconds
[2024-05-02T10:29:23.583+0000] {processor.py:161} INFO - Started process (PID=1124) to work on /home/airflow/.local/lib/python3.12/site-packages/airflow/example_dags/example_dag_decorator.py
[2024-05-02T10:29:23.584+0000] {processor.py:830} INFO - Processing file /home/airflow/.local/lib/python3.12/site-packages/airflow/example_dags/example_dag_decorator.py for tasks to queue
[2024-05-02T10:29:23.618+0000] {logging_mixin.py:188} INFO - [2024-05-02T10:29:23.618+0000] {dagbag.py:540} INFO - Filling up the DagBag from /home/airflow/.local/lib/python3.12/site-packages/airflow/example_dags/example_dag_decorator.py
[2024-05-02T10:29:23.684+0000] {processor.py:840} INFO - DAG(s) 'example_dag_decorator' retrieved from /home/airflow/.local/lib/python3.12/site-packages/airflow/example_dags/example_dag_decorator.py
[2024-05-02T10:29:23.764+0000] {logging_mixin.py:188} INFO - [2024-05-02T10:29:23.764+0000] {dag.py:3096} INFO - Sync 1 DAGs
[2024-05-02T10:29:23.772+0000] {logging_mixin.py:188} INFO - [2024-05-02T10:29:23.772+0000] {dag.py:3954} INFO - Setting next_dagrun for example_dag_decorator to None, run_after=None
[2024-05-02T10:29:23.786+0000] {processor.py:183} INFO - Processing /home/airflow/.local/lib/python3.12/site-packages/airflow/example_dags/example_dag_decorator.py took 0.207 seconds
[2024-05-02T10:29:53.981+0000] {processor.py:161} INFO - Started process (PID=1183) to work on /home/airflow/.local/lib/python3.12/site-packages/airflow/example_dags/example_dag_decorator.py
[2024-05-02T10:29:53.981+0000] {processor.py:830} INFO - Processing file /home/airflow/.local/lib/python3.12/site-packages/airflow/example_dags/example_dag_decorator.py for tasks to queue
[2024-05-02T10:29:54.026+0000] {logging_mixin.py:188} INFO - [2024-05-02T10:29:54.025+0000] {dagbag.py:540} INFO - Filling up the DagBag from /home/airflow/.local/lib/python3.12/site-packages/airflow/example_dags/example_dag_decorator.py
[2024-05-02T10:29:54.092+0000] {processor.py:840} INFO - DAG(s) 'example_dag_decorator' retrieved from /home/airflow/.local/lib/python3.12/site-packages/airflow/example_dags/example_dag_decorator.py
[2024-05-02T10:29:54.178+0000] {logging_mixin.py:188} INFO - [2024-05-02T10:29:54.178+0000] {dag.py:3096} INFO - Sync 1 DAGs
[2024-05-02T10:29:54.185+0000] {logging_mixin.py:188} INFO - [2024-05-02T10:29:54.185+0000] {dag.py:3954} INFO - Setting next_dagrun for example_dag_decorator to None, run_after=None
[2024-05-02T10:29:54.197+0000] {processor.py:183} INFO - Processing /home/airflow/.local/lib/python3.12/site-packages/airflow/example_dags/example_dag_decorator.py took 0.222 seconds
[2024-05-02T10:30:24.758+0000] {processor.py:161} INFO - Started process (PID=1242) to work on /home/airflow/.local/lib/python3.12/site-packages/airflow/example_dags/example_dag_decorator.py
[2024-05-02T10:30:24.759+0000] {processor.py:830} INFO - Processing file /home/airflow/.local/lib/python3.12/site-packages/airflow/example_dags/example_dag_decorator.py for tasks to queue
[2024-05-02T10:30:24.802+0000] {logging_mixin.py:188} INFO - [2024-05-02T10:30:24.801+0000] {dagbag.py:540} INFO - Filling up the DagBag from /home/airflow/.local/lib/python3.12/site-packages/airflow/example_dags/example_dag_decorator.py
[2024-05-02T10:30:24.865+0000] {processor.py:840} INFO - DAG(s) 'example_dag_decorator' retrieved from /home/airflow/.local/lib/python3.12/site-packages/airflow/example_dags/example_dag_decorator.py
[2024-05-02T10:30:24.941+0000] {logging_mixin.py:188} INFO - [2024-05-02T10:30:24.941+0000] {dag.py:3096} INFO - Sync 1 DAGs
[2024-05-02T10:30:24.947+0000] {logging_mixin.py:188} INFO - [2024-05-02T10:30:24.947+0000] {dag.py:3954} INFO - Setting next_dagrun for example_dag_decorator to None, run_after=None
[2024-05-02T10:30:24.962+0000] {processor.py:183} INFO - Processing /home/airflow/.local/lib/python3.12/site-packages/airflow/example_dags/example_dag_decorator.py took 0.209 seconds
[2024-05-02T10:30:55.615+0000] {processor.py:161} INFO - Started process (PID=1301) to work on /home/airflow/.local/lib/python3.12/site-packages/airflow/example_dags/example_dag_decorator.py
[2024-05-02T10:30:55.615+0000] {processor.py:830} INFO - Processing file /home/airflow/.local/lib/python3.12/site-packages/airflow/example_dags/example_dag_decorator.py for tasks to queue
[2024-05-02T10:30:55.648+0000] {logging_mixin.py:188} INFO - [2024-05-02T10:30:55.648+0000] {dagbag.py:540} INFO - Filling up the DagBag from /home/airflow/.local/lib/python3.12/site-packages/airflow/example_dags/example_dag_decorator.py
[2024-05-02T10:30:55.704+0000] {processor.py:840} INFO - DAG(s) 'example_dag_decorator' retrieved from /home/airflow/.local/lib/python3.12/site-packages/airflow/example_dags/example_dag_decorator.py
[2024-05-02T10:30:55.787+0000] {logging_mixin.py:188} INFO - [2024-05-02T10:30:55.787+0000] {dag.py:3096} INFO - Sync 1 DAGs
[2024-05-02T10:30:55.794+0000] {logging_mixin.py:188} INFO - [2024-05-02T10:30:55.794+0000] {dag.py:3954} INFO - Setting next_dagrun for example_dag_decorator to None, run_after=None
[2024-05-02T10:30:55.806+0000] {processor.py:183} INFO - Processing /home/airflow/.local/lib/python3.12/site-packages/airflow/example_dags/example_dag_decorator.py took 0.196 seconds
[2024-05-02T10:31:26.657+0000] {processor.py:161} INFO - Started process (PID=1361) to work on /home/airflow/.local/lib/python3.12/site-packages/airflow/example_dags/example_dag_decorator.py
[2024-05-02T10:31:26.657+0000] {processor.py:830} INFO - Processing file /home/airflow/.local/lib/python3.12/site-packages/airflow/example_dags/example_dag_decorator.py for tasks to queue
[2024-05-02T10:31:26.699+0000] {logging_mixin.py:188} INFO - [2024-05-02T10:31:26.699+0000] {dagbag.py:540} INFO - Filling up the DagBag from /home/airflow/.local/lib/python3.12/site-packages/airflow/example_dags/example_dag_decorator.py
[2024-05-02T10:31:26.758+0000] {processor.py:840} INFO - DAG(s) 'example_dag_decorator' retrieved from /home/airflow/.local/lib/python3.12/site-packages/airflow/example_dags/example_dag_decorator.py
[2024-05-02T10:31:26.837+0000] {logging_mixin.py:188} INFO - [2024-05-02T10:31:26.836+0000] {dag.py:3096} INFO - Sync 1 DAGs
[2024-05-02T10:31:26.843+0000] {logging_mixin.py:188} INFO - [2024-05-02T10:31:26.842+0000] {dag.py:3954} INFO - Setting next_dagrun for example_dag_decorator to None, run_after=None
[2024-05-02T10:31:26.902+0000] {processor.py:183} INFO - Processing /home/airflow/.local/lib/python3.12/site-packages/airflow/example_dags/example_dag_decorator.py took 0.250 seconds
[2024-05-02T10:31:56.989+0000] {processor.py:161} INFO - Started process (PID=1419) to work on /home/airflow/.local/lib/python3.12/site-packages/airflow/example_dags/example_dag_decorator.py
[2024-05-02T10:31:56.990+0000] {processor.py:830} INFO - Processing file /home/airflow/.local/lib/python3.12/site-packages/airflow/example_dags/example_dag_decorator.py for tasks to queue
[2024-05-02T10:31:57.032+0000] {logging_mixin.py:188} INFO - [2024-05-02T10:31:57.032+0000] {dagbag.py:540} INFO - Filling up the DagBag from /home/airflow/.local/lib/python3.12/site-packages/airflow/example_dags/example_dag_decorator.py
[2024-05-02T10:31:57.088+0000] {processor.py:840} INFO - DAG(s) 'example_dag_decorator' retrieved from /home/airflow/.local/lib/python3.12/site-packages/airflow/example_dags/example_dag_decorator.py
[2024-05-02T10:31:57.159+0000] {logging_mixin.py:188} INFO - [2024-05-02T10:31:57.159+0000] {dag.py:3096} INFO - Sync 1 DAGs
[2024-05-02T10:31:57.170+0000] {logging_mixin.py:188} INFO - [2024-05-02T10:31:57.169+0000] {dag.py:3954} INFO - Setting next_dagrun for example_dag_decorator to None, run_after=None
[2024-05-02T10:31:57.263+0000] {processor.py:183} INFO - Processing /home/airflow/.local/lib/python3.12/site-packages/airflow/example_dags/example_dag_decorator.py took 0.279 seconds
[2024-05-02T10:32:27.430+0000] {processor.py:161} INFO - Started process (PID=1478) to work on /home/airflow/.local/lib/python3.12/site-packages/airflow/example_dags/example_dag_decorator.py
[2024-05-02T10:32:27.431+0000] {processor.py:830} INFO - Processing file /home/airflow/.local/lib/python3.12/site-packages/airflow/example_dags/example_dag_decorator.py for tasks to queue
[2024-05-02T10:32:27.460+0000] {logging_mixin.py:188} INFO - [2024-05-02T10:32:27.459+0000] {dagbag.py:540} INFO - Filling up the DagBag from /home/airflow/.local/lib/python3.12/site-packages/airflow/example_dags/example_dag_decorator.py
[2024-05-02T10:32:27.519+0000] {processor.py:840} INFO - DAG(s) 'example_dag_decorator' retrieved from /home/airflow/.local/lib/python3.12/site-packages/airflow/example_dags/example_dag_decorator.py
[2024-05-02T10:32:27.588+0000] {logging_mixin.py:188} INFO - [2024-05-02T10:32:27.588+0000] {dag.py:3096} INFO - Sync 1 DAGs
[2024-05-02T10:32:27.595+0000] {logging_mixin.py:188} INFO - [2024-05-02T10:32:27.595+0000] {dag.py:3954} INFO - Setting next_dagrun for example_dag_decorator to None, run_after=None
[2024-05-02T10:32:27.607+0000] {processor.py:183} INFO - Processing /home/airflow/.local/lib/python3.12/site-packages/airflow/example_dags/example_dag_decorator.py took 0.181 seconds
[2024-05-02T10:32:57.823+0000] {processor.py:161} INFO - Started process (PID=1537) to work on /home/airflow/.local/lib/python3.12/site-packages/airflow/example_dags/example_dag_decorator.py
[2024-05-02T10:32:57.824+0000] {processor.py:830} INFO - Processing file /home/airflow/.local/lib/python3.12/site-packages/airflow/example_dags/example_dag_decorator.py for tasks to queue
[2024-05-02T10:32:57.826+0000] {logging_mixin.py:188} INFO - [2024-05-02T10:32:57.826+0000] {dagbag.py:540} INFO - Filling up the DagBag from /home/airflow/.local/lib/python3.12/site-packages/airflow/example_dags/example_dag_decorator.py
[2024-05-02T10:32:57.882+0000] {processor.py:840} INFO - DAG(s) 'example_dag_decorator' retrieved from /home/airflow/.local/lib/python3.12/site-packages/airflow/example_dags/example_dag_decorator.py
[2024-05-02T10:32:57.974+0000] {logging_mixin.py:188} INFO - [2024-05-02T10:32:57.974+0000] {dag.py:3096} INFO - Sync 1 DAGs
[2024-05-02T10:32:57.981+0000] {logging_mixin.py:188} INFO - [2024-05-02T10:32:57.981+0000] {dag.py:3954} INFO - Setting next_dagrun for example_dag_decorator to None, run_after=None
[2024-05-02T10:32:57.998+0000] {processor.py:183} INFO - Processing /home/airflow/.local/lib/python3.12/site-packages/airflow/example_dags/example_dag_decorator.py took 0.181 seconds
[2024-05-02T10:33:28.149+0000] {processor.py:161} INFO - Started process (PID=1595) to work on /home/airflow/.local/lib/python3.12/site-packages/airflow/example_dags/example_dag_decorator.py
[2024-05-02T10:33:28.149+0000] {processor.py:830} INFO - Processing file /home/airflow/.local/lib/python3.12/site-packages/airflow/example_dags/example_dag_decorator.py for tasks to queue
[2024-05-02T10:33:28.180+0000] {logging_mixin.py:188} INFO - [2024-05-02T10:33:28.180+0000] {dagbag.py:540} INFO - Filling up the DagBag from /home/airflow/.local/lib/python3.12/site-packages/airflow/example_dags/example_dag_decorator.py
[2024-05-02T10:33:28.238+0000] {processor.py:840} INFO - DAG(s) 'example_dag_decorator' retrieved from /home/airflow/.local/lib/python3.12/site-packages/airflow/example_dags/example_dag_decorator.py
[2024-05-02T10:33:28.322+0000] {logging_mixin.py:188} INFO - [2024-05-02T10:33:28.322+0000] {dag.py:3096} INFO - Sync 1 DAGs
[2024-05-02T10:33:28.328+0000] {logging_mixin.py:188} INFO - [2024-05-02T10:33:28.328+0000] {dag.py:3954} INFO - Setting next_dagrun for example_dag_decorator to None, run_after=None
[2024-05-02T10:33:28.344+0000] {processor.py:183} INFO - Processing /home/airflow/.local/lib/python3.12/site-packages/airflow/example_dags/example_dag_decorator.py took 0.200 seconds
[2024-05-02T10:33:58.845+0000] {processor.py:161} INFO - Started process (PID=1654) to work on /home/airflow/.local/lib/python3.12/site-packages/airflow/example_dags/example_dag_decorator.py
[2024-05-02T10:33:58.845+0000] {processor.py:830} INFO - Processing file /home/airflow/.local/lib/python3.12/site-packages/airflow/example_dags/example_dag_decorator.py for tasks to queue
[2024-05-02T10:33:58.981+0000] {logging_mixin.py:188} INFO - [2024-05-02T10:33:58.980+0000] {dagbag.py:540} INFO - Filling up the DagBag from /home/airflow/.local/lib/python3.12/site-packages/airflow/example_dags/example_dag_decorator.py
[2024-05-02T10:33:59.270+0000] {processor.py:840} INFO - DAG(s) 'example_dag_decorator' retrieved from /home/airflow/.local/lib/python3.12/site-packages/airflow/example_dags/example_dag_decorator.py
[2024-05-02T10:33:59.345+0000] {logging_mixin.py:188} INFO - [2024-05-02T10:33:59.345+0000] {dag.py:3096} INFO - Sync 1 DAGs
[2024-05-02T10:33:59.424+0000] {logging_mixin.py:188} INFO - [2024-05-02T10:33:59.424+0000] {dag.py:3954} INFO - Setting next_dagrun for example_dag_decorator to None, run_after=None
[2024-05-02T10:33:59.442+0000] {processor.py:183} INFO - Processing /home/airflow/.local/lib/python3.12/site-packages/airflow/example_dags/example_dag_decorator.py took 0.601 seconds
[2024-05-02T10:34:29.524+0000] {processor.py:161} INFO - Started process (PID=1716) to work on /home/airflow/.local/lib/python3.12/site-packages/airflow/example_dags/example_dag_decorator.py
[2024-05-02T10:34:29.525+0000] {processor.py:830} INFO - Processing file /home/airflow/.local/lib/python3.12/site-packages/airflow/example_dags/example_dag_decorator.py for tasks to queue
[2024-05-02T10:34:29.526+0000] {logging_mixin.py:188} INFO - [2024-05-02T10:34:29.526+0000] {dagbag.py:540} INFO - Filling up the DagBag from /home/airflow/.local/lib/python3.12/site-packages/airflow/example_dags/example_dag_decorator.py
[2024-05-02T10:34:29.585+0000] {processor.py:840} INFO - DAG(s) 'example_dag_decorator' retrieved from /home/airflow/.local/lib/python3.12/site-packages/airflow/example_dags/example_dag_decorator.py
[2024-05-02T10:34:29.657+0000] {logging_mixin.py:188} INFO - [2024-05-02T10:34:29.657+0000] {dag.py:3096} INFO - Sync 1 DAGs
[2024-05-02T10:34:29.664+0000] {logging_mixin.py:188} INFO - [2024-05-02T10:34:29.664+0000] {dag.py:3954} INFO - Setting next_dagrun for example_dag_decorator to None, run_after=None
[2024-05-02T10:34:29.705+0000] {processor.py:183} INFO - Processing /home/airflow/.local/lib/python3.12/site-packages/airflow/example_dags/example_dag_decorator.py took 0.184 seconds
[2024-05-02T10:34:59.822+0000] {processor.py:161} INFO - Started process (PID=1773) to work on /home/airflow/.local/lib/python3.12/site-packages/airflow/example_dags/example_dag_decorator.py
[2024-05-02T10:34:59.822+0000] {processor.py:830} INFO - Processing file /home/airflow/.local/lib/python3.12/site-packages/airflow/example_dags/example_dag_decorator.py for tasks to queue
[2024-05-02T10:34:59.843+0000] {logging_mixin.py:188} INFO - [2024-05-02T10:34:59.842+0000] {dagbag.py:540} INFO - Filling up the DagBag from /home/airflow/.local/lib/python3.12/site-packages/airflow/example_dags/example_dag_decorator.py
[2024-05-02T10:34:59.899+0000] {processor.py:840} INFO - DAG(s) 'example_dag_decorator' retrieved from /home/airflow/.local/lib/python3.12/site-packages/airflow/example_dags/example_dag_decorator.py
[2024-05-02T10:34:59.969+0000] {logging_mixin.py:188} INFO - [2024-05-02T10:34:59.969+0000] {dag.py:3096} INFO - Sync 1 DAGs
[2024-05-02T10:34:59.977+0000] {logging_mixin.py:188} INFO - [2024-05-02T10:34:59.977+0000] {dag.py:3954} INFO - Setting next_dagrun for example_dag_decorator to None, run_after=None
[2024-05-02T10:35:00.008+0000] {processor.py:183} INFO - Processing /home/airflow/.local/lib/python3.12/site-packages/airflow/example_dags/example_dag_decorator.py took 0.190 seconds
[2024-05-02T10:35:30.134+0000] {processor.py:161} INFO - Started process (PID=1833) to work on /home/airflow/.local/lib/python3.12/site-packages/airflow/example_dags/example_dag_decorator.py
[2024-05-02T10:35:30.134+0000] {processor.py:830} INFO - Processing file /home/airflow/.local/lib/python3.12/site-packages/airflow/example_dags/example_dag_decorator.py for tasks to queue
[2024-05-02T10:35:30.135+0000] {logging_mixin.py:188} INFO - [2024-05-02T10:35:30.135+0000] {dagbag.py:540} INFO - Filling up the DagBag from /home/airflow/.local/lib/python3.12/site-packages/airflow/example_dags/example_dag_decorator.py
[2024-05-02T10:35:30.192+0000] {processor.py:840} INFO - DAG(s) 'example_dag_decorator' retrieved from /home/airflow/.local/lib/python3.12/site-packages/airflow/example_dags/example_dag_decorator.py
[2024-05-02T10:35:30.264+0000] {logging_mixin.py:188} INFO - [2024-05-02T10:35:30.264+0000] {dag.py:3096} INFO - Sync 1 DAGs
[2024-05-02T10:35:30.271+0000] {logging_mixin.py:188} INFO - [2024-05-02T10:35:30.271+0000] {dag.py:3954} INFO - Setting next_dagrun for example_dag_decorator to None, run_after=None
[2024-05-02T10:35:30.302+0000] {processor.py:183} INFO - Processing /home/airflow/.local/lib/python3.12/site-packages/airflow/example_dags/example_dag_decorator.py took 0.172 seconds
[2024-05-02T10:36:00.537+0000] {processor.py:161} INFO - Started process (PID=1892) to work on /home/airflow/.local/lib/python3.12/site-packages/airflow/example_dags/example_dag_decorator.py
[2024-05-02T10:36:00.538+0000] {processor.py:830} INFO - Processing file /home/airflow/.local/lib/python3.12/site-packages/airflow/example_dags/example_dag_decorator.py for tasks to queue
[2024-05-02T10:36:00.539+0000] {logging_mixin.py:188} INFO - [2024-05-02T10:36:00.539+0000] {dagbag.py:540} INFO - Filling up the DagBag from /home/airflow/.local/lib/python3.12/site-packages/airflow/example_dags/example_dag_decorator.py
[2024-05-02T10:36:00.598+0000] {processor.py:840} INFO - DAG(s) 'example_dag_decorator' retrieved from /home/airflow/.local/lib/python3.12/site-packages/airflow/example_dags/example_dag_decorator.py
[2024-05-02T10:36:00.836+0000] {logging_mixin.py:188} INFO - [2024-05-02T10:36:00.835+0000] {dag.py:3096} INFO - Sync 1 DAGs
[2024-05-02T10:36:01.050+0000] {logging_mixin.py:188} INFO - [2024-05-02T10:36:01.050+0000] {dag.py:3954} INFO - Setting next_dagrun for example_dag_decorator to None, run_after=None
[2024-05-02T10:36:01.112+0000] {processor.py:183} INFO - Processing /home/airflow/.local/lib/python3.12/site-packages/airflow/example_dags/example_dag_decorator.py took 0.583 seconds
[2024-05-02T10:36:31.965+0000] {processor.py:161} INFO - Started process (PID=1951) to work on /home/airflow/.local/lib/python3.12/site-packages/airflow/example_dags/example_dag_decorator.py
[2024-05-02T10:36:31.965+0000] {processor.py:830} INFO - Processing file /home/airflow/.local/lib/python3.12/site-packages/airflow/example_dags/example_dag_decorator.py for tasks to queue
[2024-05-02T10:36:31.986+0000] {logging_mixin.py:188} INFO - [2024-05-02T10:36:31.986+0000] {dagbag.py:540} INFO - Filling up the DagBag from /home/airflow/.local/lib/python3.12/site-packages/airflow/example_dags/example_dag_decorator.py
[2024-05-02T10:36:32.046+0000] {processor.py:840} INFO - DAG(s) 'example_dag_decorator' retrieved from /home/airflow/.local/lib/python3.12/site-packages/airflow/example_dags/example_dag_decorator.py
[2024-05-02T10:36:32.124+0000] {logging_mixin.py:188} INFO - [2024-05-02T10:36:32.124+0000] {dag.py:3096} INFO - Sync 1 DAGs
[2024-05-02T10:36:32.131+0000] {logging_mixin.py:188} INFO - [2024-05-02T10:36:32.131+0000] {dag.py:3954} INFO - Setting next_dagrun for example_dag_decorator to None, run_after=None
[2024-05-02T10:36:32.163+0000] {processor.py:183} INFO - Processing /home/airflow/.local/lib/python3.12/site-packages/airflow/example_dags/example_dag_decorator.py took 0.202 seconds
[2024-05-02T10:37:02.614+0000] {processor.py:161} INFO - Started process (PID=2010) to work on /home/airflow/.local/lib/python3.12/site-packages/airflow/example_dags/example_dag_decorator.py
[2024-05-02T10:37:02.614+0000] {processor.py:830} INFO - Processing file /home/airflow/.local/lib/python3.12/site-packages/airflow/example_dags/example_dag_decorator.py for tasks to queue
[2024-05-02T10:37:02.667+0000] {logging_mixin.py:188} INFO - [2024-05-02T10:37:02.667+0000] {dagbag.py:540} INFO - Filling up the DagBag from /home/airflow/.local/lib/python3.12/site-packages/airflow/example_dags/example_dag_decorator.py
[2024-05-02T10:37:02.726+0000] {processor.py:840} INFO - DAG(s) 'example_dag_decorator' retrieved from /home/airflow/.local/lib/python3.12/site-packages/airflow/example_dags/example_dag_decorator.py
[2024-05-02T10:37:02.795+0000] {logging_mixin.py:188} INFO - [2024-05-02T10:37:02.795+0000] {dag.py:3096} INFO - Sync 1 DAGs
[2024-05-02T10:37:02.802+0000] {logging_mixin.py:188} INFO - [2024-05-02T10:37:02.801+0000] {dag.py:3954} INFO - Setting next_dagrun for example_dag_decorator to None, run_after=None
[2024-05-02T10:37:02.815+0000] {processor.py:183} INFO - Processing /home/airflow/.local/lib/python3.12/site-packages/airflow/example_dags/example_dag_decorator.py took 0.206 seconds
[2024-05-02T10:37:33.258+0000] {processor.py:161} INFO - Started process (PID=2069) to work on /home/airflow/.local/lib/python3.12/site-packages/airflow/example_dags/example_dag_decorator.py
[2024-05-02T10:37:33.259+0000] {processor.py:830} INFO - Processing file /home/airflow/.local/lib/python3.12/site-packages/airflow/example_dags/example_dag_decorator.py for tasks to queue
[2024-05-02T10:37:33.583+0000] {logging_mixin.py:188} INFO - [2024-05-02T10:37:33.582+0000] {dagbag.py:540} INFO - Filling up the DagBag from /home/airflow/.local/lib/python3.12/site-packages/airflow/example_dags/example_dag_decorator.py
[2024-05-02T10:37:33.686+0000] {processor.py:840} INFO - DAG(s) 'example_dag_decorator' retrieved from /home/airflow/.local/lib/python3.12/site-packages/airflow/example_dags/example_dag_decorator.py
[2024-05-02T10:37:33.976+0000] {logging_mixin.py:188} INFO - [2024-05-02T10:37:33.976+0000] {dag.py:3096} INFO - Sync 1 DAGs
[2024-05-02T10:37:34.175+0000] {logging_mixin.py:188} INFO - [2024-05-02T10:37:34.174+0000] {dag.py:3954} INFO - Setting next_dagrun for example_dag_decorator to None, run_after=None
[2024-05-02T10:37:34.248+0000] {processor.py:183} INFO - Processing /home/airflow/.local/lib/python3.12/site-packages/airflow/example_dags/example_dag_decorator.py took 0.997 seconds
[2024-05-02T10:38:05.111+0000] {processor.py:161} INFO - Started process (PID=2130) to work on /home/airflow/.local/lib/python3.12/site-packages/airflow/example_dags/example_dag_decorator.py
[2024-05-02T10:38:05.112+0000] {processor.py:830} INFO - Processing file /home/airflow/.local/lib/python3.12/site-packages/airflow/example_dags/example_dag_decorator.py for tasks to queue
[2024-05-02T10:38:05.134+0000] {logging_mixin.py:188} INFO - [2024-05-02T10:38:05.134+0000] {dagbag.py:540} INFO - Filling up the DagBag from /home/airflow/.local/lib/python3.12/site-packages/airflow/example_dags/example_dag_decorator.py
[2024-05-02T10:38:05.191+0000] {processor.py:840} INFO - DAG(s) 'example_dag_decorator' retrieved from /home/airflow/.local/lib/python3.12/site-packages/airflow/example_dags/example_dag_decorator.py
[2024-05-02T10:38:05.262+0000] {logging_mixin.py:188} INFO - [2024-05-02T10:38:05.262+0000] {dag.py:3096} INFO - Sync 1 DAGs
[2024-05-02T10:38:05.270+0000] {logging_mixin.py:188} INFO - [2024-05-02T10:38:05.270+0000] {dag.py:3954} INFO - Setting next_dagrun for example_dag_decorator to None, run_after=None
[2024-05-02T10:38:05.285+0000] {processor.py:183} INFO - Processing /home/airflow/.local/lib/python3.12/site-packages/airflow/example_dags/example_dag_decorator.py took 0.178 seconds
[2024-05-02T10:38:35.729+0000] {processor.py:161} INFO - Started process (PID=2191) to work on /home/airflow/.local/lib/python3.12/site-packages/airflow/example_dags/example_dag_decorator.py
[2024-05-02T10:38:35.730+0000] {processor.py:830} INFO - Processing file /home/airflow/.local/lib/python3.12/site-packages/airflow/example_dags/example_dag_decorator.py for tasks to queue
[2024-05-02T10:38:35.731+0000] {logging_mixin.py:188} INFO - [2024-05-02T10:38:35.730+0000] {dagbag.py:540} INFO - Filling up the DagBag from /home/airflow/.local/lib/python3.12/site-packages/airflow/example_dags/example_dag_decorator.py
[2024-05-02T10:38:35.794+0000] {processor.py:840} INFO - DAG(s) 'example_dag_decorator' retrieved from /home/airflow/.local/lib/python3.12/site-packages/airflow/example_dags/example_dag_decorator.py
[2024-05-02T10:38:35.864+0000] {logging_mixin.py:188} INFO - [2024-05-02T10:38:35.864+0000] {dag.py:3096} INFO - Sync 1 DAGs
[2024-05-02T10:38:35.888+0000] {logging_mixin.py:188} INFO - [2024-05-02T10:38:35.888+0000] {dag.py:3954} INFO - Setting next_dagrun for example_dag_decorator to None, run_after=None
[2024-05-02T10:38:35.941+0000] {processor.py:183} INFO - Processing /home/airflow/.local/lib/python3.12/site-packages/airflow/example_dags/example_dag_decorator.py took 0.218 seconds
[2024-05-02T10:39:06.185+0000] {processor.py:161} INFO - Started process (PID=2249) to work on /home/airflow/.local/lib/python3.12/site-packages/airflow/example_dags/example_dag_decorator.py
[2024-05-02T10:39:06.185+0000] {processor.py:830} INFO - Processing file /home/airflow/.local/lib/python3.12/site-packages/airflow/example_dags/example_dag_decorator.py for tasks to queue
[2024-05-02T10:39:06.209+0000] {logging_mixin.py:188} INFO - [2024-05-02T10:39:06.208+0000] {dagbag.py:540} INFO - Filling up the DagBag from /home/airflow/.local/lib/python3.12/site-packages/airflow/example_dags/example_dag_decorator.py
[2024-05-02T10:39:06.267+0000] {processor.py:840} INFO - DAG(s) 'example_dag_decorator' retrieved from /home/airflow/.local/lib/python3.12/site-packages/airflow/example_dags/example_dag_decorator.py
[2024-05-02T10:39:06.337+0000] {logging_mixin.py:188} INFO - [2024-05-02T10:39:06.337+0000] {dag.py:3096} INFO - Sync 1 DAGs
[2024-05-02T10:39:06.343+0000] {logging_mixin.py:188} INFO - [2024-05-02T10:39:06.343+0000] {dag.py:3954} INFO - Setting next_dagrun for example_dag_decorator to None, run_after=None
[2024-05-02T10:39:06.354+0000] {processor.py:183} INFO - Processing /home/airflow/.local/lib/python3.12/site-packages/airflow/example_dags/example_dag_decorator.py took 0.175 seconds
[2024-05-02T10:39:36.499+0000] {processor.py:161} INFO - Started process (PID=2309) to work on /home/airflow/.local/lib/python3.12/site-packages/airflow/example_dags/example_dag_decorator.py
[2024-05-02T10:39:36.500+0000] {processor.py:830} INFO - Processing file /home/airflow/.local/lib/python3.12/site-packages/airflow/example_dags/example_dag_decorator.py for tasks to queue
[2024-05-02T10:39:36.502+0000] {logging_mixin.py:188} INFO - [2024-05-02T10:39:36.501+0000] {dagbag.py:540} INFO - Filling up the DagBag from /home/airflow/.local/lib/python3.12/site-packages/airflow/example_dags/example_dag_decorator.py
[2024-05-02T10:39:36.561+0000] {processor.py:840} INFO - DAG(s) 'example_dag_decorator' retrieved from /home/airflow/.local/lib/python3.12/site-packages/airflow/example_dags/example_dag_decorator.py
[2024-05-02T10:39:36.631+0000] {logging_mixin.py:188} INFO - [2024-05-02T10:39:36.630+0000] {dag.py:3096} INFO - Sync 1 DAGs
[2024-05-02T10:39:36.637+0000] {logging_mixin.py:188} INFO - [2024-05-02T10:39:36.637+0000] {dag.py:3954} INFO - Setting next_dagrun for example_dag_decorator to None, run_after=None
[2024-05-02T10:39:36.649+0000] {processor.py:183} INFO - Processing /home/airflow/.local/lib/python3.12/site-packages/airflow/example_dags/example_dag_decorator.py took 0.155 seconds
[2024-05-02T10:40:06.755+0000] {processor.py:161} INFO - Started process (PID=2366) to work on /home/airflow/.local/lib/python3.12/site-packages/airflow/example_dags/example_dag_decorator.py
[2024-05-02T10:40:06.756+0000] {processor.py:830} INFO - Processing file /home/airflow/.local/lib/python3.12/site-packages/airflow/example_dags/example_dag_decorator.py for tasks to queue
[2024-05-02T10:40:06.790+0000] {logging_mixin.py:188} INFO - [2024-05-02T10:40:06.790+0000] {dagbag.py:540} INFO - Filling up the DagBag from /home/airflow/.local/lib/python3.12/site-packages/airflow/example_dags/example_dag_decorator.py
[2024-05-02T10:40:06.856+0000] {processor.py:840} INFO - DAG(s) 'example_dag_decorator' retrieved from /home/airflow/.local/lib/python3.12/site-packages/airflow/example_dags/example_dag_decorator.py
[2024-05-02T10:40:06.999+0000] {logging_mixin.py:188} INFO - [2024-05-02T10:40:06.999+0000] {dag.py:3096} INFO - Sync 1 DAGs
[2024-05-02T10:40:07.102+0000] {logging_mixin.py:188} INFO - [2024-05-02T10:40:07.102+0000] {dag.py:3954} INFO - Setting next_dagrun for example_dag_decorator to None, run_after=None
[2024-05-02T10:40:07.154+0000] {processor.py:183} INFO - Processing /home/airflow/.local/lib/python3.12/site-packages/airflow/example_dags/example_dag_decorator.py took 0.402 seconds
[2024-05-02T10:40:37.308+0000] {processor.py:161} INFO - Started process (PID=2425) to work on /home/airflow/.local/lib/python3.12/site-packages/airflow/example_dags/example_dag_decorator.py
[2024-05-02T10:40:37.308+0000] {processor.py:830} INFO - Processing file /home/airflow/.local/lib/python3.12/site-packages/airflow/example_dags/example_dag_decorator.py for tasks to queue
[2024-05-02T10:40:37.330+0000] {logging_mixin.py:188} INFO - [2024-05-02T10:40:37.329+0000] {dagbag.py:540} INFO - Filling up the DagBag from /home/airflow/.local/lib/python3.12/site-packages/airflow/example_dags/example_dag_decorator.py
[2024-05-02T10:40:37.394+0000] {processor.py:840} INFO - DAG(s) 'example_dag_decorator' retrieved from /home/airflow/.local/lib/python3.12/site-packages/airflow/example_dags/example_dag_decorator.py
[2024-05-02T10:40:37.409+0000] {logging_mixin.py:188} INFO - [2024-05-02T10:40:37.409+0000] {dag.py:3096} INFO - Sync 1 DAGs
[2024-05-02T10:40:37.428+0000] {logging_mixin.py:188} INFO - [2024-05-02T10:40:37.428+0000] {dag.py:3954} INFO - Setting next_dagrun for example_dag_decorator to None, run_after=None
[2024-05-02T10:40:37.442+0000] {processor.py:183} INFO - Processing /home/airflow/.local/lib/python3.12/site-packages/airflow/example_dags/example_dag_decorator.py took 0.137 seconds
[2024-05-02T10:42:29.558+0000] {processor.py:161} INFO - Started process (PID=82) to work on /home/airflow/.local/lib/python3.12/site-packages/airflow/example_dags/example_dag_decorator.py
[2024-05-02T10:42:29.559+0000] {processor.py:830} INFO - Processing file /home/airflow/.local/lib/python3.12/site-packages/airflow/example_dags/example_dag_decorator.py for tasks to queue
[2024-05-02T10:42:29.584+0000] {logging_mixin.py:188} INFO - [2024-05-02T10:42:29.583+0000] {dagbag.py:540} INFO - Filling up the DagBag from /home/airflow/.local/lib/python3.12/site-packages/airflow/example_dags/example_dag_decorator.py
[2024-05-02T10:42:29.765+0000] {processor.py:840} INFO - DAG(s) 'example_dag_decorator' retrieved from /home/airflow/.local/lib/python3.12/site-packages/airflow/example_dags/example_dag_decorator.py
[2024-05-02T10:42:29.850+0000] {logging_mixin.py:188} INFO - [2024-05-02T10:42:29.850+0000] {dag.py:3096} INFO - Sync 1 DAGs
[2024-05-02T10:42:29.858+0000] {logging_mixin.py:188} INFO - [2024-05-02T10:42:29.858+0000] {dag.py:3954} INFO - Setting next_dagrun for example_dag_decorator to None, run_after=None
[2024-05-02T10:42:29.871+0000] {processor.py:183} INFO - Processing /home/airflow/.local/lib/python3.12/site-packages/airflow/example_dags/example_dag_decorator.py took 0.316 seconds
[2024-05-02T10:43:00.055+0000] {processor.py:161} INFO - Started process (PID=141) to work on /home/airflow/.local/lib/python3.12/site-packages/airflow/example_dags/example_dag_decorator.py
[2024-05-02T10:43:00.055+0000] {processor.py:830} INFO - Processing file /home/airflow/.local/lib/python3.12/site-packages/airflow/example_dags/example_dag_decorator.py for tasks to queue
[2024-05-02T10:43:00.084+0000] {logging_mixin.py:188} INFO - [2024-05-02T10:43:00.084+0000] {dagbag.py:540} INFO - Filling up the DagBag from /home/airflow/.local/lib/python3.12/site-packages/airflow/example_dags/example_dag_decorator.py
[2024-05-02T10:43:00.142+0000] {processor.py:840} INFO - DAG(s) 'example_dag_decorator' retrieved from /home/airflow/.local/lib/python3.12/site-packages/airflow/example_dags/example_dag_decorator.py
[2024-05-02T10:43:00.217+0000] {logging_mixin.py:188} INFO - [2024-05-02T10:43:00.217+0000] {dag.py:3096} INFO - Sync 1 DAGs
[2024-05-02T10:43:00.224+0000] {logging_mixin.py:188} INFO - [2024-05-02T10:43:00.224+0000] {dag.py:3954} INFO - Setting next_dagrun for example_dag_decorator to None, run_after=None
[2024-05-02T10:43:00.252+0000] {processor.py:183} INFO - Processing /home/airflow/.local/lib/python3.12/site-packages/airflow/example_dags/example_dag_decorator.py took 0.201 seconds
[2024-05-02T10:43:30.794+0000] {processor.py:161} INFO - Started process (PID=201) to work on /home/airflow/.local/lib/python3.12/site-packages/airflow/example_dags/example_dag_decorator.py
[2024-05-02T10:43:30.795+0000] {processor.py:830} INFO - Processing file /home/airflow/.local/lib/python3.12/site-packages/airflow/example_dags/example_dag_decorator.py for tasks to queue
[2024-05-02T10:43:30.829+0000] {logging_mixin.py:188} INFO - [2024-05-02T10:43:30.829+0000] {dagbag.py:540} INFO - Filling up the DagBag from /home/airflow/.local/lib/python3.12/site-packages/airflow/example_dags/example_dag_decorator.py
[2024-05-02T10:43:30.930+0000] {processor.py:840} INFO - DAG(s) 'example_dag_decorator' retrieved from /home/airflow/.local/lib/python3.12/site-packages/airflow/example_dags/example_dag_decorator.py
[2024-05-02T10:43:31.015+0000] {logging_mixin.py:188} INFO - [2024-05-02T10:43:31.015+0000] {dag.py:3096} INFO - Sync 1 DAGs
[2024-05-02T10:43:31.022+0000] {logging_mixin.py:188} INFO - [2024-05-02T10:43:31.022+0000] {dag.py:3954} INFO - Setting next_dagrun for example_dag_decorator to None, run_after=None
[2024-05-02T10:43:31.062+0000] {processor.py:183} INFO - Processing /home/airflow/.local/lib/python3.12/site-packages/airflow/example_dags/example_dag_decorator.py took 0.271 seconds
[2024-05-02T10:44:01.572+0000] {processor.py:161} INFO - Started process (PID=267) to work on /home/airflow/.local/lib/python3.12/site-packages/airflow/example_dags/example_dag_decorator.py
[2024-05-02T10:44:01.572+0000] {processor.py:830} INFO - Processing file /home/airflow/.local/lib/python3.12/site-packages/airflow/example_dags/example_dag_decorator.py for tasks to queue
[2024-05-02T10:44:01.574+0000] {logging_mixin.py:188} INFO - [2024-05-02T10:44:01.573+0000] {dagbag.py:540} INFO - Filling up the DagBag from /home/airflow/.local/lib/python3.12/site-packages/airflow/example_dags/example_dag_decorator.py
[2024-05-02T10:44:01.634+0000] {processor.py:840} INFO - DAG(s) 'example_dag_decorator' retrieved from /home/airflow/.local/lib/python3.12/site-packages/airflow/example_dags/example_dag_decorator.py
[2024-05-02T10:44:01.806+0000] {logging_mixin.py:188} INFO - [2024-05-02T10:44:01.806+0000] {dag.py:3096} INFO - Sync 1 DAGs
[2024-05-02T10:44:01.813+0000] {logging_mixin.py:188} INFO - [2024-05-02T10:44:01.813+0000] {dag.py:3954} INFO - Setting next_dagrun for example_dag_decorator to None, run_after=None
[2024-05-02T10:44:01.828+0000] {processor.py:183} INFO - Processing /home/airflow/.local/lib/python3.12/site-packages/airflow/example_dags/example_dag_decorator.py took 0.260 seconds
[2024-05-02T10:44:32.051+0000] {processor.py:161} INFO - Started process (PID=327) to work on /home/airflow/.local/lib/python3.12/site-packages/airflow/example_dags/example_dag_decorator.py
[2024-05-02T10:44:32.051+0000] {processor.py:830} INFO - Processing file /home/airflow/.local/lib/python3.12/site-packages/airflow/example_dags/example_dag_decorator.py for tasks to queue
[2024-05-02T10:44:32.052+0000] {logging_mixin.py:188} INFO - [2024-05-02T10:44:32.052+0000] {dagbag.py:540} INFO - Filling up the DagBag from /home/airflow/.local/lib/python3.12/site-packages/airflow/example_dags/example_dag_decorator.py
[2024-05-02T10:44:32.111+0000] {processor.py:840} INFO - DAG(s) 'example_dag_decorator' retrieved from /home/airflow/.local/lib/python3.12/site-packages/airflow/example_dags/example_dag_decorator.py
[2024-05-02T10:44:32.286+0000] {logging_mixin.py:188} INFO - [2024-05-02T10:44:32.286+0000] {dag.py:3096} INFO - Sync 1 DAGs
[2024-05-02T10:44:32.293+0000] {logging_mixin.py:188} INFO - [2024-05-02T10:44:32.293+0000] {dag.py:3954} INFO - Setting next_dagrun for example_dag_decorator to None, run_after=None
[2024-05-02T10:44:32.350+0000] {processor.py:183} INFO - Processing /home/airflow/.local/lib/python3.12/site-packages/airflow/example_dags/example_dag_decorator.py took 0.302 seconds
[2024-05-02T10:45:03.363+0000] {processor.py:161} INFO - Started process (PID=387) to work on /home/airflow/.local/lib/python3.12/site-packages/airflow/example_dags/example_dag_decorator.py
[2024-05-02T10:45:03.363+0000] {processor.py:830} INFO - Processing file /home/airflow/.local/lib/python3.12/site-packages/airflow/example_dags/example_dag_decorator.py for tasks to queue
[2024-05-02T10:45:03.364+0000] {logging_mixin.py:188} INFO - [2024-05-02T10:45:03.364+0000] {dagbag.py:540} INFO - Filling up the DagBag from /home/airflow/.local/lib/python3.12/site-packages/airflow/example_dags/example_dag_decorator.py
[2024-05-02T10:45:03.423+0000] {processor.py:840} INFO - DAG(s) 'example_dag_decorator' retrieved from /home/airflow/.local/lib/python3.12/site-packages/airflow/example_dags/example_dag_decorator.py
[2024-05-02T10:45:03.586+0000] {logging_mixin.py:188} INFO - [2024-05-02T10:45:03.586+0000] {dag.py:3096} INFO - Sync 1 DAGs
[2024-05-02T10:45:03.593+0000] {logging_mixin.py:188} INFO - [2024-05-02T10:45:03.593+0000] {dag.py:3954} INFO - Setting next_dagrun for example_dag_decorator to None, run_after=None
[2024-05-02T10:45:03.608+0000] {processor.py:183} INFO - Processing /home/airflow/.local/lib/python3.12/site-packages/airflow/example_dags/example_dag_decorator.py took 0.252 seconds
[2024-05-02T10:45:33.895+0000] {processor.py:161} INFO - Started process (PID=447) to work on /home/airflow/.local/lib/python3.12/site-packages/airflow/example_dags/example_dag_decorator.py
[2024-05-02T10:45:33.895+0000] {processor.py:830} INFO - Processing file /home/airflow/.local/lib/python3.12/site-packages/airflow/example_dags/example_dag_decorator.py for tasks to queue
[2024-05-02T10:45:33.935+0000] {logging_mixin.py:188} INFO - [2024-05-02T10:45:33.935+0000] {dagbag.py:540} INFO - Filling up the DagBag from /home/airflow/.local/lib/python3.12/site-packages/airflow/example_dags/example_dag_decorator.py
[2024-05-02T10:45:33.993+0000] {processor.py:840} INFO - DAG(s) 'example_dag_decorator' retrieved from /home/airflow/.local/lib/python3.12/site-packages/airflow/example_dags/example_dag_decorator.py
[2024-05-02T10:45:34.156+0000] {logging_mixin.py:188} INFO - [2024-05-02T10:45:34.156+0000] {dag.py:3096} INFO - Sync 1 DAGs
[2024-05-02T10:45:34.163+0000] {logging_mixin.py:188} INFO - [2024-05-02T10:45:34.162+0000] {dag.py:3954} INFO - Setting next_dagrun for example_dag_decorator to None, run_after=None
[2024-05-02T10:45:34.175+0000] {processor.py:183} INFO - Processing /home/airflow/.local/lib/python3.12/site-packages/airflow/example_dags/example_dag_decorator.py took 0.284 seconds
[2024-05-02T10:46:04.435+0000] {processor.py:161} INFO - Started process (PID=507) to work on /home/airflow/.local/lib/python3.12/site-packages/airflow/example_dags/example_dag_decorator.py
[2024-05-02T10:46:04.436+0000] {processor.py:830} INFO - Processing file /home/airflow/.local/lib/python3.12/site-packages/airflow/example_dags/example_dag_decorator.py for tasks to queue
[2024-05-02T10:46:04.461+0000] {logging_mixin.py:188} INFO - [2024-05-02T10:46:04.460+0000] {dagbag.py:540} INFO - Filling up the DagBag from /home/airflow/.local/lib/python3.12/site-packages/airflow/example_dags/example_dag_decorator.py
[2024-05-02T10:46:04.519+0000] {processor.py:840} INFO - DAG(s) 'example_dag_decorator' retrieved from /home/airflow/.local/lib/python3.12/site-packages/airflow/example_dags/example_dag_decorator.py
[2024-05-02T10:46:04.682+0000] {logging_mixin.py:188} INFO - [2024-05-02T10:46:04.682+0000] {dag.py:3096} INFO - Sync 1 DAGs
[2024-05-02T10:46:04.688+0000] {logging_mixin.py:188} INFO - [2024-05-02T10:46:04.688+0000] {dag.py:3954} INFO - Setting next_dagrun for example_dag_decorator to None, run_after=None
[2024-05-02T10:46:04.700+0000] {processor.py:183} INFO - Processing /home/airflow/.local/lib/python3.12/site-packages/airflow/example_dags/example_dag_decorator.py took 0.270 seconds
[2024-05-02T10:46:34.863+0000] {processor.py:161} INFO - Started process (PID=567) to work on /home/airflow/.local/lib/python3.12/site-packages/airflow/example_dags/example_dag_decorator.py
[2024-05-02T10:46:34.864+0000] {processor.py:830} INFO - Processing file /home/airflow/.local/lib/python3.12/site-packages/airflow/example_dags/example_dag_decorator.py for tasks to queue
[2024-05-02T10:46:34.896+0000] {logging_mixin.py:188} INFO - [2024-05-02T10:46:34.896+0000] {dagbag.py:540} INFO - Filling up the DagBag from /home/airflow/.local/lib/python3.12/site-packages/airflow/example_dags/example_dag_decorator.py
[2024-05-02T10:46:34.954+0000] {processor.py:840} INFO - DAG(s) 'example_dag_decorator' retrieved from /home/airflow/.local/lib/python3.12/site-packages/airflow/example_dags/example_dag_decorator.py
[2024-05-02T10:46:35.115+0000] {logging_mixin.py:188} INFO - [2024-05-02T10:46:35.115+0000] {dag.py:3096} INFO - Sync 1 DAGs
[2024-05-02T10:46:35.122+0000] {logging_mixin.py:188} INFO - [2024-05-02T10:46:35.121+0000] {dag.py:3954} INFO - Setting next_dagrun for example_dag_decorator to None, run_after=None
[2024-05-02T10:46:35.160+0000] {processor.py:183} INFO - Processing /home/airflow/.local/lib/python3.12/site-packages/airflow/example_dags/example_dag_decorator.py took 0.302 seconds
[2024-05-02T10:47:05.290+0000] {processor.py:161} INFO - Started process (PID=627) to work on /home/airflow/.local/lib/python3.12/site-packages/airflow/example_dags/example_dag_decorator.py
[2024-05-02T10:47:05.290+0000] {processor.py:830} INFO - Processing file /home/airflow/.local/lib/python3.12/site-packages/airflow/example_dags/example_dag_decorator.py for tasks to queue
[2024-05-02T10:47:05.322+0000] {logging_mixin.py:188} INFO - [2024-05-02T10:47:05.322+0000] {dagbag.py:540} INFO - Filling up the DagBag from /home/airflow/.local/lib/python3.12/site-packages/airflow/example_dags/example_dag_decorator.py
[2024-05-02T10:47:05.384+0000] {processor.py:840} INFO - DAG(s) 'example_dag_decorator' retrieved from /home/airflow/.local/lib/python3.12/site-packages/airflow/example_dags/example_dag_decorator.py
[2024-05-02T10:47:05.556+0000] {logging_mixin.py:188} INFO - [2024-05-02T10:47:05.556+0000] {dag.py:3096} INFO - Sync 1 DAGs
[2024-05-02T10:47:05.564+0000] {logging_mixin.py:188} INFO - [2024-05-02T10:47:05.563+0000] {dag.py:3954} INFO - Setting next_dagrun for example_dag_decorator to None, run_after=None
[2024-05-02T10:47:05.576+0000] {processor.py:183} INFO - Processing /home/airflow/.local/lib/python3.12/site-packages/airflow/example_dags/example_dag_decorator.py took 0.290 seconds
[2024-05-02T10:47:35.882+0000] {processor.py:161} INFO - Started process (PID=688) to work on /home/airflow/.local/lib/python3.12/site-packages/airflow/example_dags/example_dag_decorator.py
[2024-05-02T10:47:35.882+0000] {processor.py:830} INFO - Processing file /home/airflow/.local/lib/python3.12/site-packages/airflow/example_dags/example_dag_decorator.py for tasks to queue
[2024-05-02T10:47:35.908+0000] {logging_mixin.py:188} INFO - [2024-05-02T10:47:35.908+0000] {dagbag.py:540} INFO - Filling up the DagBag from /home/airflow/.local/lib/python3.12/site-packages/airflow/example_dags/example_dag_decorator.py
[2024-05-02T10:47:36.060+0000] {processor.py:840} INFO - DAG(s) 'example_dag_decorator' retrieved from /home/airflow/.local/lib/python3.12/site-packages/airflow/example_dags/example_dag_decorator.py
[2024-05-02T10:47:36.127+0000] {logging_mixin.py:188} INFO - [2024-05-02T10:47:36.127+0000] {dag.py:3096} INFO - Sync 1 DAGs
[2024-05-02T10:47:36.133+0000] {logging_mixin.py:188} INFO - [2024-05-02T10:47:36.133+0000] {dag.py:3954} INFO - Setting next_dagrun for example_dag_decorator to None, run_after=None
[2024-05-02T10:47:36.177+0000] {processor.py:183} INFO - Processing /home/airflow/.local/lib/python3.12/site-packages/airflow/example_dags/example_dag_decorator.py took 0.301 seconds
[2024-05-02T10:48:06.441+0000] {processor.py:161} INFO - Started process (PID=747) to work on /home/airflow/.local/lib/python3.12/site-packages/airflow/example_dags/example_dag_decorator.py
[2024-05-02T10:48:06.441+0000] {processor.py:830} INFO - Processing file /home/airflow/.local/lib/python3.12/site-packages/airflow/example_dags/example_dag_decorator.py for tasks to queue
[2024-05-02T10:48:06.468+0000] {logging_mixin.py:188} INFO - [2024-05-02T10:48:06.467+0000] {dagbag.py:540} INFO - Filling up the DagBag from /home/airflow/.local/lib/python3.12/site-packages/airflow/example_dags/example_dag_decorator.py
[2024-05-02T10:48:06.530+0000] {processor.py:840} INFO - DAG(s) 'example_dag_decorator' retrieved from /home/airflow/.local/lib/python3.12/site-packages/airflow/example_dags/example_dag_decorator.py
[2024-05-02T10:48:06.691+0000] {logging_mixin.py:188} INFO - [2024-05-02T10:48:06.691+0000] {dag.py:3096} INFO - Sync 1 DAGs
[2024-05-02T10:48:06.698+0000] {logging_mixin.py:188} INFO - [2024-05-02T10:48:06.697+0000] {dag.py:3954} INFO - Setting next_dagrun for example_dag_decorator to None, run_after=None
[2024-05-02T10:48:06.708+0000] {processor.py:183} INFO - Processing /home/airflow/.local/lib/python3.12/site-packages/airflow/example_dags/example_dag_decorator.py took 0.272 seconds
[2024-05-02T10:49:28.402+0000] {processor.py:161} INFO - Started process (PID=82) to work on /home/airflow/.local/lib/python3.12/site-packages/airflow/example_dags/example_dag_decorator.py
[2024-05-02T10:49:28.402+0000] {processor.py:830} INFO - Processing file /home/airflow/.local/lib/python3.12/site-packages/airflow/example_dags/example_dag_decorator.py for tasks to queue
[2024-05-02T10:49:28.403+0000] {logging_mixin.py:188} INFO - [2024-05-02T10:49:28.403+0000] {dagbag.py:540} INFO - Filling up the DagBag from /home/airflow/.local/lib/python3.12/site-packages/airflow/example_dags/example_dag_decorator.py
[2024-05-02T10:49:28.585+0000] {processor.py:840} INFO - DAG(s) 'example_dag_decorator' retrieved from /home/airflow/.local/lib/python3.12/site-packages/airflow/example_dags/example_dag_decorator.py
[2024-05-02T10:49:28.765+0000] {logging_mixin.py:188} INFO - [2024-05-02T10:49:28.765+0000] {dag.py:3096} INFO - Sync 1 DAGs
[2024-05-02T10:49:28.774+0000] {logging_mixin.py:188} INFO - [2024-05-02T10:49:28.774+0000] {dag.py:3954} INFO - Setting next_dagrun for example_dag_decorator to None, run_after=None
[2024-05-02T10:49:28.846+0000] {processor.py:183} INFO - Processing /home/airflow/.local/lib/python3.12/site-packages/airflow/example_dags/example_dag_decorator.py took 0.448 seconds
[2024-05-02T10:49:59.354+0000] {processor.py:161} INFO - Started process (PID=142) to work on /home/airflow/.local/lib/python3.12/site-packages/airflow/example_dags/example_dag_decorator.py
[2024-05-02T10:49:59.355+0000] {processor.py:830} INFO - Processing file /home/airflow/.local/lib/python3.12/site-packages/airflow/example_dags/example_dag_decorator.py for tasks to queue
[2024-05-02T10:49:59.395+0000] {logging_mixin.py:188} INFO - [2024-05-02T10:49:59.395+0000] {dagbag.py:540} INFO - Filling up the DagBag from /home/airflow/.local/lib/python3.12/site-packages/airflow/example_dags/example_dag_decorator.py
[2024-05-02T10:49:59.452+0000] {processor.py:840} INFO - DAG(s) 'example_dag_decorator' retrieved from /home/airflow/.local/lib/python3.12/site-packages/airflow/example_dags/example_dag_decorator.py
[2024-05-02T10:49:59.526+0000] {logging_mixin.py:188} INFO - [2024-05-02T10:49:59.526+0000] {dag.py:3096} INFO - Sync 1 DAGs
[2024-05-02T10:49:59.539+0000] {logging_mixin.py:188} INFO - [2024-05-02T10:49:59.539+0000] {dag.py:3954} INFO - Setting next_dagrun for example_dag_decorator to None, run_after=None
[2024-05-02T10:49:59.633+0000] {processor.py:183} INFO - Processing /home/airflow/.local/lib/python3.12/site-packages/airflow/example_dags/example_dag_decorator.py took 0.283 seconds
[2024-05-02T10:50:29.804+0000] {processor.py:161} INFO - Started process (PID=203) to work on /home/airflow/.local/lib/python3.12/site-packages/airflow/example_dags/example_dag_decorator.py
[2024-05-02T10:50:29.804+0000] {processor.py:830} INFO - Processing file /home/airflow/.local/lib/python3.12/site-packages/airflow/example_dags/example_dag_decorator.py for tasks to queue
[2024-05-02T10:50:29.834+0000] {logging_mixin.py:188} INFO - [2024-05-02T10:50:29.833+0000] {dagbag.py:540} INFO - Filling up the DagBag from /home/airflow/.local/lib/python3.12/site-packages/airflow/example_dags/example_dag_decorator.py
[2024-05-02T10:50:29.891+0000] {processor.py:840} INFO - DAG(s) 'example_dag_decorator' retrieved from /home/airflow/.local/lib/python3.12/site-packages/airflow/example_dags/example_dag_decorator.py
[2024-05-02T10:50:29.974+0000] {logging_mixin.py:188} INFO - [2024-05-02T10:50:29.974+0000] {dag.py:3096} INFO - Sync 1 DAGs
[2024-05-02T10:50:29.981+0000] {logging_mixin.py:188} INFO - [2024-05-02T10:50:29.980+0000] {dag.py:3954} INFO - Setting next_dagrun for example_dag_decorator to None, run_after=None
[2024-05-02T10:50:30.019+0000] {processor.py:183} INFO - Processing /home/airflow/.local/lib/python3.12/site-packages/airflow/example_dags/example_dag_decorator.py took 0.219 seconds
[2024-05-02T10:51:00.174+0000] {processor.py:161} INFO - Started process (PID=264) to work on /home/airflow/.local/lib/python3.12/site-packages/airflow/example_dags/example_dag_decorator.py
[2024-05-02T10:51:00.175+0000] {processor.py:830} INFO - Processing file /home/airflow/.local/lib/python3.12/site-packages/airflow/example_dags/example_dag_decorator.py for tasks to queue
[2024-05-02T10:51:00.204+0000] {logging_mixin.py:188} INFO - [2024-05-02T10:51:00.204+0000] {dagbag.py:540} INFO - Filling up the DagBag from /home/airflow/.local/lib/python3.12/site-packages/airflow/example_dags/example_dag_decorator.py
[2024-05-02T10:51:00.299+0000] {processor.py:840} INFO - DAG(s) 'example_dag_decorator' retrieved from /home/airflow/.local/lib/python3.12/site-packages/airflow/example_dags/example_dag_decorator.py
[2024-05-02T10:51:00.457+0000] {logging_mixin.py:188} INFO - [2024-05-02T10:51:00.457+0000] {dag.py:3096} INFO - Sync 1 DAGs
[2024-05-02T10:51:00.463+0000] {logging_mixin.py:188} INFO - [2024-05-02T10:51:00.463+0000] {dag.py:3954} INFO - Setting next_dagrun for example_dag_decorator to None, run_after=None
[2024-05-02T10:51:00.522+0000] {processor.py:183} INFO - Processing /home/airflow/.local/lib/python3.12/site-packages/airflow/example_dags/example_dag_decorator.py took 0.353 seconds
[2024-05-02T10:51:31.419+0000] {processor.py:161} INFO - Started process (PID=330) to work on /home/airflow/.local/lib/python3.12/site-packages/airflow/example_dags/example_dag_decorator.py
[2024-05-02T10:51:31.419+0000] {processor.py:830} INFO - Processing file /home/airflow/.local/lib/python3.12/site-packages/airflow/example_dags/example_dag_decorator.py for tasks to queue
[2024-05-02T10:51:31.506+0000] {logging_mixin.py:188} INFO - [2024-05-02T10:51:31.506+0000] {dagbag.py:540} INFO - Filling up the DagBag from /home/airflow/.local/lib/python3.12/site-packages/airflow/example_dags/example_dag_decorator.py
[2024-05-02T10:51:31.566+0000] {processor.py:840} INFO - DAG(s) 'example_dag_decorator' retrieved from /home/airflow/.local/lib/python3.12/site-packages/airflow/example_dags/example_dag_decorator.py
[2024-05-02T10:51:31.738+0000] {logging_mixin.py:188} INFO - [2024-05-02T10:51:31.738+0000] {dag.py:3096} INFO - Sync 1 DAGs
[2024-05-02T10:51:31.745+0000] {logging_mixin.py:188} INFO - [2024-05-02T10:51:31.745+0000] {dag.py:3954} INFO - Setting next_dagrun for example_dag_decorator to None, run_after=None
[2024-05-02T10:51:31.757+0000] {processor.py:183} INFO - Processing /home/airflow/.local/lib/python3.12/site-packages/airflow/example_dags/example_dag_decorator.py took 0.343 seconds
[2024-05-02T10:52:02.523+0000] {processor.py:161} INFO - Started process (PID=391) to work on /home/airflow/.local/lib/python3.12/site-packages/airflow/example_dags/example_dag_decorator.py
[2024-05-02T10:52:02.524+0000] {processor.py:830} INFO - Processing file /home/airflow/.local/lib/python3.12/site-packages/airflow/example_dags/example_dag_decorator.py for tasks to queue
[2024-05-02T10:52:02.566+0000] {logging_mixin.py:188} INFO - [2024-05-02T10:52:02.565+0000] {dagbag.py:540} INFO - Filling up the DagBag from /home/airflow/.local/lib/python3.12/site-packages/airflow/example_dags/example_dag_decorator.py
[2024-05-02T10:52:02.624+0000] {processor.py:840} INFO - DAG(s) 'example_dag_decorator' retrieved from /home/airflow/.local/lib/python3.12/site-packages/airflow/example_dags/example_dag_decorator.py
[2024-05-02T10:52:02.791+0000] {logging_mixin.py:188} INFO - [2024-05-02T10:52:02.790+0000] {dag.py:3096} INFO - Sync 1 DAGs
[2024-05-02T10:52:02.797+0000] {logging_mixin.py:188} INFO - [2024-05-02T10:52:02.797+0000] {dag.py:3954} INFO - Setting next_dagrun for example_dag_decorator to None, run_after=None
[2024-05-02T10:52:02.835+0000] {processor.py:183} INFO - Processing /home/airflow/.local/lib/python3.12/site-packages/airflow/example_dags/example_dag_decorator.py took 0.315 seconds
[2024-05-02T10:52:33.087+0000] {processor.py:161} INFO - Started process (PID=450) to work on /home/airflow/.local/lib/python3.12/site-packages/airflow/example_dags/example_dag_decorator.py
[2024-05-02T10:52:33.087+0000] {processor.py:830} INFO - Processing file /home/airflow/.local/lib/python3.12/site-packages/airflow/example_dags/example_dag_decorator.py for tasks to queue
[2024-05-02T10:52:33.113+0000] {logging_mixin.py:188} INFO - [2024-05-02T10:52:33.113+0000] {dagbag.py:540} INFO - Filling up the DagBag from /home/airflow/.local/lib/python3.12/site-packages/airflow/example_dags/example_dag_decorator.py
[2024-05-02T10:52:33.171+0000] {processor.py:840} INFO - DAG(s) 'example_dag_decorator' retrieved from /home/airflow/.local/lib/python3.12/site-packages/airflow/example_dags/example_dag_decorator.py
[2024-05-02T10:52:33.338+0000] {logging_mixin.py:188} INFO - [2024-05-02T10:52:33.338+0000] {dag.py:3096} INFO - Sync 1 DAGs
[2024-05-02T10:52:33.344+0000] {logging_mixin.py:188} INFO - [2024-05-02T10:52:33.344+0000] {dag.py:3954} INFO - Setting next_dagrun for example_dag_decorator to None, run_after=None
[2024-05-02T10:52:33.359+0000] {processor.py:183} INFO - Processing /home/airflow/.local/lib/python3.12/site-packages/airflow/example_dags/example_dag_decorator.py took 0.276 seconds
[2024-05-02T10:53:03.611+0000] {processor.py:161} INFO - Started process (PID=508) to work on /home/airflow/.local/lib/python3.12/site-packages/airflow/example_dags/example_dag_decorator.py
[2024-05-02T10:53:03.611+0000] {processor.py:830} INFO - Processing file /home/airflow/.local/lib/python3.12/site-packages/airflow/example_dags/example_dag_decorator.py for tasks to queue
[2024-05-02T10:53:03.613+0000] {logging_mixin.py:188} INFO - [2024-05-02T10:53:03.612+0000] {dagbag.py:540} INFO - Filling up the DagBag from /home/airflow/.local/lib/python3.12/site-packages/airflow/example_dags/example_dag_decorator.py
[2024-05-02T10:53:03.677+0000] {processor.py:840} INFO - DAG(s) 'example_dag_decorator' retrieved from /home/airflow/.local/lib/python3.12/site-packages/airflow/example_dags/example_dag_decorator.py
[2024-05-02T10:53:03.841+0000] {logging_mixin.py:188} INFO - [2024-05-02T10:53:03.841+0000] {dag.py:3096} INFO - Sync 1 DAGs
[2024-05-02T10:53:03.847+0000] {logging_mixin.py:188} INFO - [2024-05-02T10:53:03.847+0000] {dag.py:3954} INFO - Setting next_dagrun for example_dag_decorator to None, run_after=None
[2024-05-02T10:53:03.861+0000] {processor.py:183} INFO - Processing /home/airflow/.local/lib/python3.12/site-packages/airflow/example_dags/example_dag_decorator.py took 0.253 seconds
[2024-05-02T10:53:34.469+0000] {processor.py:161} INFO - Started process (PID=569) to work on /home/airflow/.local/lib/python3.12/site-packages/airflow/example_dags/example_dag_decorator.py
[2024-05-02T10:53:34.470+0000] {processor.py:830} INFO - Processing file /home/airflow/.local/lib/python3.12/site-packages/airflow/example_dags/example_dag_decorator.py for tasks to queue
[2024-05-02T10:53:34.471+0000] {logging_mixin.py:188} INFO - [2024-05-02T10:53:34.471+0000] {dagbag.py:540} INFO - Filling up the DagBag from /home/airflow/.local/lib/python3.12/site-packages/airflow/example_dags/example_dag_decorator.py
[2024-05-02T10:53:34.532+0000] {processor.py:840} INFO - DAG(s) 'example_dag_decorator' retrieved from /home/airflow/.local/lib/python3.12/site-packages/airflow/example_dags/example_dag_decorator.py
[2024-05-02T10:53:34.801+0000] {logging_mixin.py:188} INFO - [2024-05-02T10:53:34.800+0000] {dag.py:3096} INFO - Sync 1 DAGs
[2024-05-02T10:53:34.807+0000] {logging_mixin.py:188} INFO - [2024-05-02T10:53:34.806+0000] {dag.py:3954} INFO - Setting next_dagrun for example_dag_decorator to None, run_after=None
[2024-05-02T10:53:34.819+0000] {processor.py:183} INFO - Processing /home/airflow/.local/lib/python3.12/site-packages/airflow/example_dags/example_dag_decorator.py took 0.353 seconds
[2024-05-02T10:54:05.293+0000] {processor.py:161} INFO - Started process (PID=628) to work on /home/airflow/.local/lib/python3.12/site-packages/airflow/example_dags/example_dag_decorator.py
[2024-05-02T10:54:05.293+0000] {processor.py:830} INFO - Processing file /home/airflow/.local/lib/python3.12/site-packages/airflow/example_dags/example_dag_decorator.py for tasks to queue
[2024-05-02T10:54:05.294+0000] {logging_mixin.py:188} INFO - [2024-05-02T10:54:05.294+0000] {dagbag.py:540} INFO - Filling up the DagBag from /home/airflow/.local/lib/python3.12/site-packages/airflow/example_dags/example_dag_decorator.py
[2024-05-02T10:54:05.355+0000] {processor.py:840} INFO - DAG(s) 'example_dag_decorator' retrieved from /home/airflow/.local/lib/python3.12/site-packages/airflow/example_dags/example_dag_decorator.py
[2024-05-02T10:54:05.518+0000] {logging_mixin.py:188} INFO - [2024-05-02T10:54:05.518+0000] {dag.py:3096} INFO - Sync 1 DAGs
[2024-05-02T10:54:05.525+0000] {logging_mixin.py:188} INFO - [2024-05-02T10:54:05.524+0000] {dag.py:3954} INFO - Setting next_dagrun for example_dag_decorator to None, run_after=None
[2024-05-02T10:54:05.536+0000] {processor.py:183} INFO - Processing /home/airflow/.local/lib/python3.12/site-packages/airflow/example_dags/example_dag_decorator.py took 0.247 seconds
[2024-05-02T10:54:35.748+0000] {processor.py:161} INFO - Started process (PID=688) to work on /home/airflow/.local/lib/python3.12/site-packages/airflow/example_dags/example_dag_decorator.py
[2024-05-02T10:54:35.749+0000] {processor.py:830} INFO - Processing file /home/airflow/.local/lib/python3.12/site-packages/airflow/example_dags/example_dag_decorator.py for tasks to queue
[2024-05-02T10:54:35.751+0000] {logging_mixin.py:188} INFO - [2024-05-02T10:54:35.751+0000] {dagbag.py:540} INFO - Filling up the DagBag from /home/airflow/.local/lib/python3.12/site-packages/airflow/example_dags/example_dag_decorator.py
[2024-05-02T10:54:35.813+0000] {processor.py:840} INFO - DAG(s) 'example_dag_decorator' retrieved from /home/airflow/.local/lib/python3.12/site-packages/airflow/example_dags/example_dag_decorator.py
[2024-05-02T10:54:35.977+0000] {logging_mixin.py:188} INFO - [2024-05-02T10:54:35.977+0000] {dag.py:3096} INFO - Sync 1 DAGs
[2024-05-02T10:54:35.983+0000] {logging_mixin.py:188} INFO - [2024-05-02T10:54:35.983+0000] {dag.py:3954} INFO - Setting next_dagrun for example_dag_decorator to None, run_after=None
[2024-05-02T10:54:35.998+0000] {processor.py:183} INFO - Processing /home/airflow/.local/lib/python3.12/site-packages/airflow/example_dags/example_dag_decorator.py took 0.257 seconds
[2024-05-02T10:55:06.113+0000] {processor.py:161} INFO - Started process (PID=749) to work on /home/airflow/.local/lib/python3.12/site-packages/airflow/example_dags/example_dag_decorator.py
[2024-05-02T10:55:06.114+0000] {processor.py:830} INFO - Processing file /home/airflow/.local/lib/python3.12/site-packages/airflow/example_dags/example_dag_decorator.py for tasks to queue
[2024-05-02T10:55:06.134+0000] {logging_mixin.py:188} INFO - [2024-05-02T10:55:06.134+0000] {dagbag.py:540} INFO - Filling up the DagBag from /home/airflow/.local/lib/python3.12/site-packages/airflow/example_dags/example_dag_decorator.py
[2024-05-02T10:55:06.193+0000] {processor.py:840} INFO - DAG(s) 'example_dag_decorator' retrieved from /home/airflow/.local/lib/python3.12/site-packages/airflow/example_dags/example_dag_decorator.py
[2024-05-02T10:55:06.306+0000] {logging_mixin.py:188} INFO - [2024-05-02T10:55:06.306+0000] {dag.py:3096} INFO - Sync 1 DAGs
[2024-05-02T10:55:06.313+0000] {logging_mixin.py:188} INFO - [2024-05-02T10:55:06.313+0000] {dag.py:3954} INFO - Setting next_dagrun for example_dag_decorator to None, run_after=None
[2024-05-02T10:55:06.354+0000] {processor.py:183} INFO - Processing /home/airflow/.local/lib/python3.12/site-packages/airflow/example_dags/example_dag_decorator.py took 0.245 seconds
[2024-05-02T10:55:36.428+0000] {processor.py:161} INFO - Started process (PID=808) to work on /home/airflow/.local/lib/python3.12/site-packages/airflow/example_dags/example_dag_decorator.py
[2024-05-02T10:55:36.428+0000] {processor.py:830} INFO - Processing file /home/airflow/.local/lib/python3.12/site-packages/airflow/example_dags/example_dag_decorator.py for tasks to queue
[2024-05-02T10:55:36.452+0000] {logging_mixin.py:188} INFO - [2024-05-02T10:55:36.452+0000] {dagbag.py:540} INFO - Filling up the DagBag from /home/airflow/.local/lib/python3.12/site-packages/airflow/example_dags/example_dag_decorator.py
[2024-05-02T10:55:36.514+0000] {processor.py:840} INFO - DAG(s) 'example_dag_decorator' retrieved from /home/airflow/.local/lib/python3.12/site-packages/airflow/example_dags/example_dag_decorator.py
[2024-05-02T10:55:36.681+0000] {logging_mixin.py:188} INFO - [2024-05-02T10:55:36.681+0000] {dag.py:3096} INFO - Sync 1 DAGs
[2024-05-02T10:55:36.689+0000] {logging_mixin.py:188} INFO - [2024-05-02T10:55:36.689+0000] {dag.py:3954} INFO - Setting next_dagrun for example_dag_decorator to None, run_after=None
[2024-05-02T10:55:36.701+0000] {processor.py:183} INFO - Processing /home/airflow/.local/lib/python3.12/site-packages/airflow/example_dags/example_dag_decorator.py took 0.278 seconds
[2024-05-02T10:56:06.972+0000] {processor.py:161} INFO - Started process (PID=868) to work on /home/airflow/.local/lib/python3.12/site-packages/airflow/example_dags/example_dag_decorator.py
[2024-05-02T10:56:06.973+0000] {processor.py:830} INFO - Processing file /home/airflow/.local/lib/python3.12/site-packages/airflow/example_dags/example_dag_decorator.py for tasks to queue
[2024-05-02T10:56:06.974+0000] {logging_mixin.py:188} INFO - [2024-05-02T10:56:06.974+0000] {dagbag.py:540} INFO - Filling up the DagBag from /home/airflow/.local/lib/python3.12/site-packages/airflow/example_dags/example_dag_decorator.py
[2024-05-02T10:56:07.037+0000] {processor.py:840} INFO - DAG(s) 'example_dag_decorator' retrieved from /home/airflow/.local/lib/python3.12/site-packages/airflow/example_dags/example_dag_decorator.py
[2024-05-02T10:56:07.051+0000] {logging_mixin.py:188} INFO - [2024-05-02T10:56:07.051+0000] {dag.py:3096} INFO - Sync 1 DAGs
[2024-05-02T10:56:07.074+0000] {logging_mixin.py:188} INFO - [2024-05-02T10:56:07.074+0000] {dag.py:3954} INFO - Setting next_dagrun for example_dag_decorator to None, run_after=None
[2024-05-02T10:56:07.088+0000] {processor.py:183} INFO - Processing /home/airflow/.local/lib/python3.12/site-packages/airflow/example_dags/example_dag_decorator.py took 0.121 seconds
[2024-05-02T10:56:37.263+0000] {processor.py:161} INFO - Started process (PID=928) to work on /home/airflow/.local/lib/python3.12/site-packages/airflow/example_dags/example_dag_decorator.py
[2024-05-02T10:56:37.263+0000] {processor.py:830} INFO - Processing file /home/airflow/.local/lib/python3.12/site-packages/airflow/example_dags/example_dag_decorator.py for tasks to queue
[2024-05-02T10:56:37.264+0000] {logging_mixin.py:188} INFO - [2024-05-02T10:56:37.264+0000] {dagbag.py:540} INFO - Filling up the DagBag from /home/airflow/.local/lib/python3.12/site-packages/airflow/example_dags/example_dag_decorator.py
[2024-05-02T10:56:37.430+0000] {processor.py:840} INFO - DAG(s) 'example_dag_decorator' retrieved from /home/airflow/.local/lib/python3.12/site-packages/airflow/example_dags/example_dag_decorator.py
[2024-05-02T10:56:37.500+0000] {logging_mixin.py:188} INFO - [2024-05-02T10:56:37.500+0000] {dag.py:3096} INFO - Sync 1 DAGs
[2024-05-02T10:56:37.507+0000] {logging_mixin.py:188} INFO - [2024-05-02T10:56:37.507+0000] {dag.py:3954} INFO - Setting next_dagrun for example_dag_decorator to None, run_after=None
[2024-05-02T10:56:37.541+0000] {processor.py:183} INFO - Processing /home/airflow/.local/lib/python3.12/site-packages/airflow/example_dags/example_dag_decorator.py took 0.283 seconds
[2024-05-02T10:57:07.794+0000] {processor.py:161} INFO - Started process (PID=989) to work on /home/airflow/.local/lib/python3.12/site-packages/airflow/example_dags/example_dag_decorator.py
[2024-05-02T10:57:07.794+0000] {processor.py:830} INFO - Processing file /home/airflow/.local/lib/python3.12/site-packages/airflow/example_dags/example_dag_decorator.py for tasks to queue
[2024-05-02T10:57:07.795+0000] {logging_mixin.py:188} INFO - [2024-05-02T10:57:07.795+0000] {dagbag.py:540} INFO - Filling up the DagBag from /home/airflow/.local/lib/python3.12/site-packages/airflow/example_dags/example_dag_decorator.py
[2024-05-02T10:57:07.969+0000] {processor.py:840} INFO - DAG(s) 'example_dag_decorator' retrieved from /home/airflow/.local/lib/python3.12/site-packages/airflow/example_dags/example_dag_decorator.py
[2024-05-02T10:57:08.138+0000] {logging_mixin.py:188} INFO - [2024-05-02T10:57:08.137+0000] {dag.py:3096} INFO - Sync 1 DAGs
[2024-05-02T10:57:08.144+0000] {logging_mixin.py:188} INFO - [2024-05-02T10:57:08.144+0000] {dag.py:3954} INFO - Setting next_dagrun for example_dag_decorator to None, run_after=None
[2024-05-02T10:57:08.183+0000] {processor.py:183} INFO - Processing /home/airflow/.local/lib/python3.12/site-packages/airflow/example_dags/example_dag_decorator.py took 0.393 seconds
