[2024-05-02T10:20:05.428+0000] {processor.py:161} INFO - Started process (PID=39) to work on /home/airflow/.local/lib/python3.12/site-packages/airflow/example_dags/tutorial.py
[2024-05-02T10:20:05.429+0000] {processor.py:830} INFO - Processing file /home/airflow/.local/lib/python3.12/site-packages/airflow/example_dags/tutorial.py for tasks to queue
[2024-05-02T10:20:05.430+0000] {logging_mixin.py:188} INFO - [2024-05-02T10:20:05.430+0000] {dagbag.py:540} INFO - Filling up the DagBag from /home/airflow/.local/lib/python3.12/site-packages/airflow/example_dags/tutorial.py
[2024-05-02T10:20:05.436+0000] {processor.py:840} INFO - DAG(s) 'tutorial' retrieved from /home/airflow/.local/lib/python3.12/site-packages/airflow/example_dags/tutorial.py
[2024-05-02T10:20:05.444+0000] {logging_mixin.py:188} INFO - [2024-05-02T10:20:05.444+0000] {dag.py:3096} INFO - Sync 1 DAGs
[2024-05-02T10:20:05.467+0000] {logging_mixin.py:188} INFO - [2024-05-02T10:20:05.467+0000] {dag.py:3954} INFO - Setting next_dagrun for tutorial to 2024-05-01 00:00:00+00:00, run_after=2024-05-02 00:00:00+00:00
[2024-05-02T10:20:05.480+0000] {processor.py:183} INFO - Processing /home/airflow/.local/lib/python3.12/site-packages/airflow/example_dags/tutorial.py took 0.056 seconds
[2024-05-02T10:20:36.357+0000] {processor.py:161} INFO - Started process (PID=97) to work on /home/airflow/.local/lib/python3.12/site-packages/airflow/example_dags/tutorial.py
[2024-05-02T10:20:36.357+0000] {processor.py:830} INFO - Processing file /home/airflow/.local/lib/python3.12/site-packages/airflow/example_dags/tutorial.py for tasks to queue
[2024-05-02T10:20:36.358+0000] {logging_mixin.py:188} INFO - [2024-05-02T10:20:36.358+0000] {dagbag.py:540} INFO - Filling up the DagBag from /home/airflow/.local/lib/python3.12/site-packages/airflow/example_dags/tutorial.py
[2024-05-02T10:20:36.361+0000] {processor.py:840} INFO - DAG(s) 'tutorial' retrieved from /home/airflow/.local/lib/python3.12/site-packages/airflow/example_dags/tutorial.py
[2024-05-02T10:20:36.430+0000] {logging_mixin.py:188} INFO - [2024-05-02T10:20:36.430+0000] {dag.py:3096} INFO - Sync 1 DAGs
[2024-05-02T10:20:36.442+0000] {logging_mixin.py:188} INFO - [2024-05-02T10:20:36.442+0000] {dag.py:3954} INFO - Setting next_dagrun for tutorial to 2024-05-01 00:00:00+00:00, run_after=2024-05-02 00:00:00+00:00
[2024-05-02T10:20:36.455+0000] {processor.py:183} INFO - Processing /home/airflow/.local/lib/python3.12/site-packages/airflow/example_dags/tutorial.py took 0.102 seconds
[2024-05-02T10:21:06.710+0000] {processor.py:161} INFO - Started process (PID=156) to work on /home/airflow/.local/lib/python3.12/site-packages/airflow/example_dags/tutorial.py
[2024-05-02T10:21:06.710+0000] {processor.py:830} INFO - Processing file /home/airflow/.local/lib/python3.12/site-packages/airflow/example_dags/tutorial.py for tasks to queue
[2024-05-02T10:21:06.711+0000] {logging_mixin.py:188} INFO - [2024-05-02T10:21:06.711+0000] {dagbag.py:540} INFO - Filling up the DagBag from /home/airflow/.local/lib/python3.12/site-packages/airflow/example_dags/tutorial.py
[2024-05-02T10:21:06.715+0000] {processor.py:840} INFO - DAG(s) 'tutorial' retrieved from /home/airflow/.local/lib/python3.12/site-packages/airflow/example_dags/tutorial.py
[2024-05-02T10:21:06.728+0000] {logging_mixin.py:188} INFO - [2024-05-02T10:21:06.727+0000] {dag.py:3096} INFO - Sync 1 DAGs
[2024-05-02T10:21:06.742+0000] {logging_mixin.py:188} INFO - [2024-05-02T10:21:06.742+0000] {dag.py:3954} INFO - Setting next_dagrun for tutorial to 2024-05-01 00:00:00+00:00, run_after=2024-05-02 00:00:00+00:00
[2024-05-02T10:21:06.754+0000] {processor.py:183} INFO - Processing /home/airflow/.local/lib/python3.12/site-packages/airflow/example_dags/tutorial.py took 0.048 seconds
[2024-05-02T10:21:37.101+0000] {processor.py:161} INFO - Started process (PID=214) to work on /home/airflow/.local/lib/python3.12/site-packages/airflow/example_dags/tutorial.py
[2024-05-02T10:21:37.101+0000] {processor.py:830} INFO - Processing file /home/airflow/.local/lib/python3.12/site-packages/airflow/example_dags/tutorial.py for tasks to queue
[2024-05-02T10:21:37.102+0000] {logging_mixin.py:188} INFO - [2024-05-02T10:21:37.102+0000] {dagbag.py:540} INFO - Filling up the DagBag from /home/airflow/.local/lib/python3.12/site-packages/airflow/example_dags/tutorial.py
[2024-05-02T10:21:37.105+0000] {processor.py:840} INFO - DAG(s) 'tutorial' retrieved from /home/airflow/.local/lib/python3.12/site-packages/airflow/example_dags/tutorial.py
[2024-05-02T10:21:37.117+0000] {logging_mixin.py:188} INFO - [2024-05-02T10:21:37.117+0000] {dag.py:3096} INFO - Sync 1 DAGs
[2024-05-02T10:21:37.130+0000] {logging_mixin.py:188} INFO - [2024-05-02T10:21:37.130+0000] {dag.py:3954} INFO - Setting next_dagrun for tutorial to 2024-05-01 00:00:00+00:00, run_after=2024-05-02 00:00:00+00:00
[2024-05-02T10:21:37.141+0000] {processor.py:183} INFO - Processing /home/airflow/.local/lib/python3.12/site-packages/airflow/example_dags/tutorial.py took 0.044 seconds
[2024-05-02T10:22:08.630+0000] {processor.py:161} INFO - Started process (PID=272) to work on /home/airflow/.local/lib/python3.12/site-packages/airflow/example_dags/tutorial.py
[2024-05-02T10:22:08.630+0000] {processor.py:830} INFO - Processing file /home/airflow/.local/lib/python3.12/site-packages/airflow/example_dags/tutorial.py for tasks to queue
[2024-05-02T10:22:08.631+0000] {logging_mixin.py:188} INFO - [2024-05-02T10:22:08.631+0000] {dagbag.py:540} INFO - Filling up the DagBag from /home/airflow/.local/lib/python3.12/site-packages/airflow/example_dags/tutorial.py
[2024-05-02T10:22:08.635+0000] {processor.py:840} INFO - DAG(s) 'tutorial' retrieved from /home/airflow/.local/lib/python3.12/site-packages/airflow/example_dags/tutorial.py
[2024-05-02T10:22:08.647+0000] {logging_mixin.py:188} INFO - [2024-05-02T10:22:08.647+0000] {dag.py:3096} INFO - Sync 1 DAGs
[2024-05-02T10:22:08.661+0000] {logging_mixin.py:188} INFO - [2024-05-02T10:22:08.661+0000] {dag.py:3954} INFO - Setting next_dagrun for tutorial to 2024-05-01 00:00:00+00:00, run_after=2024-05-02 00:00:00+00:00
[2024-05-02T10:22:08.673+0000] {processor.py:183} INFO - Processing /home/airflow/.local/lib/python3.12/site-packages/airflow/example_dags/tutorial.py took 0.048 seconds
[2024-05-02T10:22:39.467+0000] {processor.py:161} INFO - Started process (PID=330) to work on /home/airflow/.local/lib/python3.12/site-packages/airflow/example_dags/tutorial.py
[2024-05-02T10:22:39.467+0000] {processor.py:830} INFO - Processing file /home/airflow/.local/lib/python3.12/site-packages/airflow/example_dags/tutorial.py for tasks to queue
[2024-05-02T10:22:39.468+0000] {logging_mixin.py:188} INFO - [2024-05-02T10:22:39.468+0000] {dagbag.py:540} INFO - Filling up the DagBag from /home/airflow/.local/lib/python3.12/site-packages/airflow/example_dags/tutorial.py
[2024-05-02T10:22:39.471+0000] {processor.py:840} INFO - DAG(s) 'tutorial' retrieved from /home/airflow/.local/lib/python3.12/site-packages/airflow/example_dags/tutorial.py
[2024-05-02T10:22:39.483+0000] {logging_mixin.py:188} INFO - [2024-05-02T10:22:39.483+0000] {dag.py:3096} INFO - Sync 1 DAGs
[2024-05-02T10:22:39.496+0000] {logging_mixin.py:188} INFO - [2024-05-02T10:22:39.496+0000] {dag.py:3954} INFO - Setting next_dagrun for tutorial to 2024-05-01 00:00:00+00:00, run_after=2024-05-02 00:00:00+00:00
[2024-05-02T10:22:39.507+0000] {processor.py:183} INFO - Processing /home/airflow/.local/lib/python3.12/site-packages/airflow/example_dags/tutorial.py took 0.044 seconds
[2024-05-02T10:23:10.287+0000] {processor.py:161} INFO - Started process (PID=388) to work on /home/airflow/.local/lib/python3.12/site-packages/airflow/example_dags/tutorial.py
[2024-05-02T10:23:10.287+0000] {processor.py:830} INFO - Processing file /home/airflow/.local/lib/python3.12/site-packages/airflow/example_dags/tutorial.py for tasks to queue
[2024-05-02T10:23:10.288+0000] {logging_mixin.py:188} INFO - [2024-05-02T10:23:10.288+0000] {dagbag.py:540} INFO - Filling up the DagBag from /home/airflow/.local/lib/python3.12/site-packages/airflow/example_dags/tutorial.py
[2024-05-02T10:23:10.291+0000] {processor.py:840} INFO - DAG(s) 'tutorial' retrieved from /home/airflow/.local/lib/python3.12/site-packages/airflow/example_dags/tutorial.py
[2024-05-02T10:23:10.304+0000] {logging_mixin.py:188} INFO - [2024-05-02T10:23:10.304+0000] {dag.py:3096} INFO - Sync 1 DAGs
[2024-05-02T10:23:10.318+0000] {logging_mixin.py:188} INFO - [2024-05-02T10:23:10.318+0000] {dag.py:3954} INFO - Setting next_dagrun for tutorial to 2024-05-01 00:00:00+00:00, run_after=2024-05-02 00:00:00+00:00
[2024-05-02T10:23:10.332+0000] {processor.py:183} INFO - Processing /home/airflow/.local/lib/python3.12/site-packages/airflow/example_dags/tutorial.py took 0.050 seconds
[2024-05-02T10:23:40.613+0000] {processor.py:161} INFO - Started process (PID=446) to work on /home/airflow/.local/lib/python3.12/site-packages/airflow/example_dags/tutorial.py
[2024-05-02T10:23:40.614+0000] {processor.py:830} INFO - Processing file /home/airflow/.local/lib/python3.12/site-packages/airflow/example_dags/tutorial.py for tasks to queue
[2024-05-02T10:23:40.615+0000] {logging_mixin.py:188} INFO - [2024-05-02T10:23:40.615+0000] {dagbag.py:540} INFO - Filling up the DagBag from /home/airflow/.local/lib/python3.12/site-packages/airflow/example_dags/tutorial.py
[2024-05-02T10:23:40.620+0000] {processor.py:840} INFO - DAG(s) 'tutorial' retrieved from /home/airflow/.local/lib/python3.12/site-packages/airflow/example_dags/tutorial.py
[2024-05-02T10:23:40.633+0000] {logging_mixin.py:188} INFO - [2024-05-02T10:23:40.633+0000] {dag.py:3096} INFO - Sync 1 DAGs
[2024-05-02T10:23:40.646+0000] {logging_mixin.py:188} INFO - [2024-05-02T10:23:40.646+0000] {dag.py:3954} INFO - Setting next_dagrun for tutorial to 2024-05-01 00:00:00+00:00, run_after=2024-05-02 00:00:00+00:00
[2024-05-02T10:23:40.658+0000] {processor.py:183} INFO - Processing /home/airflow/.local/lib/python3.12/site-packages/airflow/example_dags/tutorial.py took 0.050 seconds
[2024-05-02T10:24:11.152+0000] {processor.py:161} INFO - Started process (PID=504) to work on /home/airflow/.local/lib/python3.12/site-packages/airflow/example_dags/tutorial.py
[2024-05-02T10:24:11.152+0000] {processor.py:830} INFO - Processing file /home/airflow/.local/lib/python3.12/site-packages/airflow/example_dags/tutorial.py for tasks to queue
[2024-05-02T10:24:11.153+0000] {logging_mixin.py:188} INFO - [2024-05-02T10:24:11.153+0000] {dagbag.py:540} INFO - Filling up the DagBag from /home/airflow/.local/lib/python3.12/site-packages/airflow/example_dags/tutorial.py
[2024-05-02T10:24:11.158+0000] {processor.py:840} INFO - DAG(s) 'tutorial' retrieved from /home/airflow/.local/lib/python3.12/site-packages/airflow/example_dags/tutorial.py
[2024-05-02T10:24:11.170+0000] {logging_mixin.py:188} INFO - [2024-05-02T10:24:11.169+0000] {dag.py:3096} INFO - Sync 1 DAGs
[2024-05-02T10:24:11.183+0000] {logging_mixin.py:188} INFO - [2024-05-02T10:24:11.183+0000] {dag.py:3954} INFO - Setting next_dagrun for tutorial to 2024-05-01 00:00:00+00:00, run_after=2024-05-02 00:00:00+00:00
[2024-05-02T10:24:11.197+0000] {processor.py:183} INFO - Processing /home/airflow/.local/lib/python3.12/site-packages/airflow/example_dags/tutorial.py took 0.051 seconds
[2024-05-02T10:24:41.376+0000] {processor.py:161} INFO - Started process (PID=562) to work on /home/airflow/.local/lib/python3.12/site-packages/airflow/example_dags/tutorial.py
[2024-05-02T10:24:41.376+0000] {processor.py:830} INFO - Processing file /home/airflow/.local/lib/python3.12/site-packages/airflow/example_dags/tutorial.py for tasks to queue
[2024-05-02T10:24:41.377+0000] {logging_mixin.py:188} INFO - [2024-05-02T10:24:41.377+0000] {dagbag.py:540} INFO - Filling up the DagBag from /home/airflow/.local/lib/python3.12/site-packages/airflow/example_dags/tutorial.py
[2024-05-02T10:24:41.382+0000] {processor.py:840} INFO - DAG(s) 'tutorial' retrieved from /home/airflow/.local/lib/python3.12/site-packages/airflow/example_dags/tutorial.py
[2024-05-02T10:24:41.394+0000] {logging_mixin.py:188} INFO - [2024-05-02T10:24:41.394+0000] {dag.py:3096} INFO - Sync 1 DAGs
[2024-05-02T10:24:41.407+0000] {logging_mixin.py:188} INFO - [2024-05-02T10:24:41.407+0000] {dag.py:3954} INFO - Setting next_dagrun for tutorial to 2024-05-01 00:00:00+00:00, run_after=2024-05-02 00:00:00+00:00
[2024-05-02T10:24:41.419+0000] {processor.py:183} INFO - Processing /home/airflow/.local/lib/python3.12/site-packages/airflow/example_dags/tutorial.py took 0.046 seconds
[2024-05-02T10:25:11.510+0000] {processor.py:161} INFO - Started process (PID=621) to work on /home/airflow/.local/lib/python3.12/site-packages/airflow/example_dags/tutorial.py
[2024-05-02T10:25:11.510+0000] {processor.py:830} INFO - Processing file /home/airflow/.local/lib/python3.12/site-packages/airflow/example_dags/tutorial.py for tasks to queue
[2024-05-02T10:25:11.511+0000] {logging_mixin.py:188} INFO - [2024-05-02T10:25:11.511+0000] {dagbag.py:540} INFO - Filling up the DagBag from /home/airflow/.local/lib/python3.12/site-packages/airflow/example_dags/tutorial.py
[2024-05-02T10:25:11.515+0000] {processor.py:840} INFO - DAG(s) 'tutorial' retrieved from /home/airflow/.local/lib/python3.12/site-packages/airflow/example_dags/tutorial.py
[2024-05-02T10:25:11.527+0000] {logging_mixin.py:188} INFO - [2024-05-02T10:25:11.527+0000] {dag.py:3096} INFO - Sync 1 DAGs
[2024-05-02T10:25:11.569+0000] {logging_mixin.py:188} INFO - [2024-05-02T10:25:11.569+0000] {dag.py:3954} INFO - Setting next_dagrun for tutorial to 2024-05-01 00:00:00+00:00, run_after=2024-05-02 00:00:00+00:00
[2024-05-02T10:25:11.590+0000] {processor.py:183} INFO - Processing /home/airflow/.local/lib/python3.12/site-packages/airflow/example_dags/tutorial.py took 0.084 seconds
[2024-05-02T10:25:42.020+0000] {processor.py:161} INFO - Started process (PID=681) to work on /home/airflow/.local/lib/python3.12/site-packages/airflow/example_dags/tutorial.py
[2024-05-02T10:25:42.020+0000] {processor.py:830} INFO - Processing file /home/airflow/.local/lib/python3.12/site-packages/airflow/example_dags/tutorial.py for tasks to queue
[2024-05-02T10:25:42.021+0000] {logging_mixin.py:188} INFO - [2024-05-02T10:25:42.021+0000] {dagbag.py:540} INFO - Filling up the DagBag from /home/airflow/.local/lib/python3.12/site-packages/airflow/example_dags/tutorial.py
[2024-05-02T10:25:42.025+0000] {processor.py:840} INFO - DAG(s) 'tutorial' retrieved from /home/airflow/.local/lib/python3.12/site-packages/airflow/example_dags/tutorial.py
[2024-05-02T10:25:42.036+0000] {logging_mixin.py:188} INFO - [2024-05-02T10:25:42.036+0000] {dag.py:3096} INFO - Sync 1 DAGs
[2024-05-02T10:25:42.050+0000] {logging_mixin.py:188} INFO - [2024-05-02T10:25:42.050+0000] {dag.py:3954} INFO - Setting next_dagrun for tutorial to 2024-05-01 00:00:00+00:00, run_after=2024-05-02 00:00:00+00:00
[2024-05-02T10:25:42.061+0000] {processor.py:183} INFO - Processing /home/airflow/.local/lib/python3.12/site-packages/airflow/example_dags/tutorial.py took 0.045 seconds
[2024-05-02T10:26:12.513+0000] {processor.py:161} INFO - Started process (PID=740) to work on /home/airflow/.local/lib/python3.12/site-packages/airflow/example_dags/tutorial.py
[2024-05-02T10:26:12.514+0000] {processor.py:830} INFO - Processing file /home/airflow/.local/lib/python3.12/site-packages/airflow/example_dags/tutorial.py for tasks to queue
[2024-05-02T10:26:12.516+0000] {logging_mixin.py:188} INFO - [2024-05-02T10:26:12.515+0000] {dagbag.py:540} INFO - Filling up the DagBag from /home/airflow/.local/lib/python3.12/site-packages/airflow/example_dags/tutorial.py
[2024-05-02T10:26:12.520+0000] {processor.py:840} INFO - DAG(s) 'tutorial' retrieved from /home/airflow/.local/lib/python3.12/site-packages/airflow/example_dags/tutorial.py
[2024-05-02T10:26:12.536+0000] {logging_mixin.py:188} INFO - [2024-05-02T10:26:12.536+0000] {dag.py:3096} INFO - Sync 1 DAGs
[2024-05-02T10:26:12.559+0000] {logging_mixin.py:188} INFO - [2024-05-02T10:26:12.559+0000] {dag.py:3954} INFO - Setting next_dagrun for tutorial to 2024-05-01 00:00:00+00:00, run_after=2024-05-02 00:00:00+00:00
[2024-05-02T10:26:12.579+0000] {processor.py:183} INFO - Processing /home/airflow/.local/lib/python3.12/site-packages/airflow/example_dags/tutorial.py took 0.070 seconds
[2024-05-02T10:26:43.006+0000] {processor.py:161} INFO - Started process (PID=799) to work on /home/airflow/.local/lib/python3.12/site-packages/airflow/example_dags/tutorial.py
[2024-05-02T10:26:43.006+0000] {processor.py:830} INFO - Processing file /home/airflow/.local/lib/python3.12/site-packages/airflow/example_dags/tutorial.py for tasks to queue
[2024-05-02T10:26:43.028+0000] {logging_mixin.py:188} INFO - [2024-05-02T10:26:43.027+0000] {dagbag.py:540} INFO - Filling up the DagBag from /home/airflow/.local/lib/python3.12/site-packages/airflow/example_dags/tutorial.py
[2024-05-02T10:26:43.051+0000] {processor.py:840} INFO - DAG(s) 'tutorial' retrieved from /home/airflow/.local/lib/python3.12/site-packages/airflow/example_dags/tutorial.py
[2024-05-02T10:26:43.063+0000] {logging_mixin.py:188} INFO - [2024-05-02T10:26:43.063+0000] {dag.py:3096} INFO - Sync 1 DAGs
[2024-05-02T10:26:43.184+0000] {logging_mixin.py:188} INFO - [2024-05-02T10:26:43.184+0000] {dag.py:3954} INFO - Setting next_dagrun for tutorial to 2024-05-01 00:00:00+00:00, run_after=2024-05-02 00:00:00+00:00
[2024-05-02T10:26:43.197+0000] {processor.py:183} INFO - Processing /home/airflow/.local/lib/python3.12/site-packages/airflow/example_dags/tutorial.py took 0.195 seconds
[2024-05-02T10:27:14.039+0000] {processor.py:161} INFO - Started process (PID=858) to work on /home/airflow/.local/lib/python3.12/site-packages/airflow/example_dags/tutorial.py
[2024-05-02T10:27:14.040+0000] {processor.py:830} INFO - Processing file /home/airflow/.local/lib/python3.12/site-packages/airflow/example_dags/tutorial.py for tasks to queue
[2024-05-02T10:27:14.064+0000] {logging_mixin.py:188} INFO - [2024-05-02T10:27:14.064+0000] {dagbag.py:540} INFO - Filling up the DagBag from /home/airflow/.local/lib/python3.12/site-packages/airflow/example_dags/tutorial.py
[2024-05-02T10:27:14.069+0000] {processor.py:840} INFO - DAG(s) 'tutorial' retrieved from /home/airflow/.local/lib/python3.12/site-packages/airflow/example_dags/tutorial.py
[2024-05-02T10:27:14.082+0000] {logging_mixin.py:188} INFO - [2024-05-02T10:27:14.082+0000] {dag.py:3096} INFO - Sync 1 DAGs
[2024-05-02T10:27:14.096+0000] {logging_mixin.py:188} INFO - [2024-05-02T10:27:14.096+0000] {dag.py:3954} INFO - Setting next_dagrun for tutorial to 2024-05-01 00:00:00+00:00, run_after=2024-05-02 00:00:00+00:00
[2024-05-02T10:27:14.373+0000] {processor.py:183} INFO - Processing /home/airflow/.local/lib/python3.12/site-packages/airflow/example_dags/tutorial.py took 0.340 seconds
[2024-05-02T10:27:45.266+0000] {processor.py:161} INFO - Started process (PID=917) to work on /home/airflow/.local/lib/python3.12/site-packages/airflow/example_dags/tutorial.py
[2024-05-02T10:27:45.267+0000] {processor.py:830} INFO - Processing file /home/airflow/.local/lib/python3.12/site-packages/airflow/example_dags/tutorial.py for tasks to queue
[2024-05-02T10:27:45.308+0000] {logging_mixin.py:188} INFO - [2024-05-02T10:27:45.308+0000] {dagbag.py:540} INFO - Filling up the DagBag from /home/airflow/.local/lib/python3.12/site-packages/airflow/example_dags/tutorial.py
[2024-05-02T10:27:45.312+0000] {processor.py:840} INFO - DAG(s) 'tutorial' retrieved from /home/airflow/.local/lib/python3.12/site-packages/airflow/example_dags/tutorial.py
[2024-05-02T10:27:45.323+0000] {logging_mixin.py:188} INFO - [2024-05-02T10:27:45.323+0000] {dag.py:3096} INFO - Sync 1 DAGs
[2024-05-02T10:27:45.336+0000] {logging_mixin.py:188} INFO - [2024-05-02T10:27:45.336+0000] {dag.py:3954} INFO - Setting next_dagrun for tutorial to 2024-05-01 00:00:00+00:00, run_after=2024-05-02 00:00:00+00:00
[2024-05-02T10:27:45.347+0000] {processor.py:183} INFO - Processing /home/airflow/.local/lib/python3.12/site-packages/airflow/example_dags/tutorial.py took 0.085 seconds
[2024-05-02T10:28:15.931+0000] {processor.py:161} INFO - Started process (PID=977) to work on /home/airflow/.local/lib/python3.12/site-packages/airflow/example_dags/tutorial.py
[2024-05-02T10:28:15.932+0000] {processor.py:830} INFO - Processing file /home/airflow/.local/lib/python3.12/site-packages/airflow/example_dags/tutorial.py for tasks to queue
[2024-05-02T10:28:15.964+0000] {logging_mixin.py:188} INFO - [2024-05-02T10:28:15.964+0000] {dagbag.py:540} INFO - Filling up the DagBag from /home/airflow/.local/lib/python3.12/site-packages/airflow/example_dags/tutorial.py
[2024-05-02T10:28:15.968+0000] {processor.py:840} INFO - DAG(s) 'tutorial' retrieved from /home/airflow/.local/lib/python3.12/site-packages/airflow/example_dags/tutorial.py
[2024-05-02T10:28:15.980+0000] {logging_mixin.py:188} INFO - [2024-05-02T10:28:15.980+0000] {dag.py:3096} INFO - Sync 1 DAGs
[2024-05-02T10:28:15.994+0000] {logging_mixin.py:188} INFO - [2024-05-02T10:28:15.994+0000] {dag.py:3954} INFO - Setting next_dagrun for tutorial to 2024-05-01 00:00:00+00:00, run_after=2024-05-02 00:00:00+00:00
[2024-05-02T10:28:16.036+0000] {processor.py:183} INFO - Processing /home/airflow/.local/lib/python3.12/site-packages/airflow/example_dags/tutorial.py took 0.110 seconds
[2024-05-02T10:28:46.352+0000] {processor.py:161} INFO - Started process (PID=1035) to work on /home/airflow/.local/lib/python3.12/site-packages/airflow/example_dags/tutorial.py
[2024-05-02T10:28:46.352+0000] {processor.py:830} INFO - Processing file /home/airflow/.local/lib/python3.12/site-packages/airflow/example_dags/tutorial.py for tasks to queue
[2024-05-02T10:28:46.381+0000] {logging_mixin.py:188} INFO - [2024-05-02T10:28:46.380+0000] {dagbag.py:540} INFO - Filling up the DagBag from /home/airflow/.local/lib/python3.12/site-packages/airflow/example_dags/tutorial.py
[2024-05-02T10:28:46.385+0000] {processor.py:840} INFO - DAG(s) 'tutorial' retrieved from /home/airflow/.local/lib/python3.12/site-packages/airflow/example_dags/tutorial.py
[2024-05-02T10:28:46.398+0000] {logging_mixin.py:188} INFO - [2024-05-02T10:28:46.398+0000] {dag.py:3096} INFO - Sync 1 DAGs
[2024-05-02T10:28:46.511+0000] {logging_mixin.py:188} INFO - [2024-05-02T10:28:46.511+0000] {dag.py:3954} INFO - Setting next_dagrun for tutorial to 2024-05-01 00:00:00+00:00, run_after=2024-05-02 00:00:00+00:00
[2024-05-02T10:28:46.523+0000] {processor.py:183} INFO - Processing /home/airflow/.local/lib/python3.12/site-packages/airflow/example_dags/tutorial.py took 0.177 seconds
[2024-05-02T10:29:16.794+0000] {processor.py:161} INFO - Started process (PID=1094) to work on /home/airflow/.local/lib/python3.12/site-packages/airflow/example_dags/tutorial.py
[2024-05-02T10:29:16.794+0000] {processor.py:830} INFO - Processing file /home/airflow/.local/lib/python3.12/site-packages/airflow/example_dags/tutorial.py for tasks to queue
[2024-05-02T10:29:16.852+0000] {logging_mixin.py:188} INFO - [2024-05-02T10:29:16.852+0000] {dagbag.py:540} INFO - Filling up the DagBag from /home/airflow/.local/lib/python3.12/site-packages/airflow/example_dags/tutorial.py
[2024-05-02T10:29:16.856+0000] {processor.py:840} INFO - DAG(s) 'tutorial' retrieved from /home/airflow/.local/lib/python3.12/site-packages/airflow/example_dags/tutorial.py
[2024-05-02T10:29:16.869+0000] {logging_mixin.py:188} INFO - [2024-05-02T10:29:16.868+0000] {dag.py:3096} INFO - Sync 1 DAGs
[2024-05-02T10:29:16.883+0000] {logging_mixin.py:188} INFO - [2024-05-02T10:29:16.883+0000] {dag.py:3954} INFO - Setting next_dagrun for tutorial to 2024-05-01 00:00:00+00:00, run_after=2024-05-02 00:00:00+00:00
[2024-05-02T10:29:16.895+0000] {processor.py:183} INFO - Processing /home/airflow/.local/lib/python3.12/site-packages/airflow/example_dags/tutorial.py took 0.106 seconds
[2024-05-02T10:29:47.111+0000] {processor.py:161} INFO - Started process (PID=1153) to work on /home/airflow/.local/lib/python3.12/site-packages/airflow/example_dags/tutorial.py
[2024-05-02T10:29:47.111+0000] {processor.py:830} INFO - Processing file /home/airflow/.local/lib/python3.12/site-packages/airflow/example_dags/tutorial.py for tasks to queue
[2024-05-02T10:29:47.138+0000] {logging_mixin.py:188} INFO - [2024-05-02T10:29:47.138+0000] {dagbag.py:540} INFO - Filling up the DagBag from /home/airflow/.local/lib/python3.12/site-packages/airflow/example_dags/tutorial.py
[2024-05-02T10:29:47.142+0000] {processor.py:840} INFO - DAG(s) 'tutorial' retrieved from /home/airflow/.local/lib/python3.12/site-packages/airflow/example_dags/tutorial.py
[2024-05-02T10:29:47.154+0000] {logging_mixin.py:188} INFO - [2024-05-02T10:29:47.154+0000] {dag.py:3096} INFO - Sync 1 DAGs
[2024-05-02T10:29:47.168+0000] {logging_mixin.py:188} INFO - [2024-05-02T10:29:47.168+0000] {dag.py:3954} INFO - Setting next_dagrun for tutorial to 2024-05-01 00:00:00+00:00, run_after=2024-05-02 00:00:00+00:00
[2024-05-02T10:29:47.199+0000] {processor.py:183} INFO - Processing /home/airflow/.local/lib/python3.12/site-packages/airflow/example_dags/tutorial.py took 0.092 seconds
[2024-05-02T10:30:17.866+0000] {processor.py:161} INFO - Started process (PID=1212) to work on /home/airflow/.local/lib/python3.12/site-packages/airflow/example_dags/tutorial.py
[2024-05-02T10:30:17.867+0000] {processor.py:830} INFO - Processing file /home/airflow/.local/lib/python3.12/site-packages/airflow/example_dags/tutorial.py for tasks to queue
[2024-05-02T10:30:17.912+0000] {logging_mixin.py:188} INFO - [2024-05-02T10:30:17.912+0000] {dagbag.py:540} INFO - Filling up the DagBag from /home/airflow/.local/lib/python3.12/site-packages/airflow/example_dags/tutorial.py
[2024-05-02T10:30:17.916+0000] {processor.py:840} INFO - DAG(s) 'tutorial' retrieved from /home/airflow/.local/lib/python3.12/site-packages/airflow/example_dags/tutorial.py
[2024-05-02T10:30:17.929+0000] {logging_mixin.py:188} INFO - [2024-05-02T10:30:17.929+0000] {dag.py:3096} INFO - Sync 1 DAGs
[2024-05-02T10:30:17.944+0000] {logging_mixin.py:188} INFO - [2024-05-02T10:30:17.943+0000] {dag.py:3954} INFO - Setting next_dagrun for tutorial to 2024-05-01 00:00:00+00:00, run_after=2024-05-02 00:00:00+00:00
[2024-05-02T10:30:17.955+0000] {processor.py:183} INFO - Processing /home/airflow/.local/lib/python3.12/site-packages/airflow/example_dags/tutorial.py took 0.094 seconds
[2024-05-02T10:30:48.414+0000] {processor.py:161} INFO - Started process (PID=1271) to work on /home/airflow/.local/lib/python3.12/site-packages/airflow/example_dags/tutorial.py
[2024-05-02T10:30:48.415+0000] {processor.py:830} INFO - Processing file /home/airflow/.local/lib/python3.12/site-packages/airflow/example_dags/tutorial.py for tasks to queue
[2024-05-02T10:30:48.440+0000] {logging_mixin.py:188} INFO - [2024-05-02T10:30:48.439+0000] {dagbag.py:540} INFO - Filling up the DagBag from /home/airflow/.local/lib/python3.12/site-packages/airflow/example_dags/tutorial.py
[2024-05-02T10:30:48.444+0000] {processor.py:840} INFO - DAG(s) 'tutorial' retrieved from /home/airflow/.local/lib/python3.12/site-packages/airflow/example_dags/tutorial.py
[2024-05-02T10:30:48.457+0000] {logging_mixin.py:188} INFO - [2024-05-02T10:30:48.456+0000] {dag.py:3096} INFO - Sync 1 DAGs
[2024-05-02T10:30:48.472+0000] {logging_mixin.py:188} INFO - [2024-05-02T10:30:48.472+0000] {dag.py:3954} INFO - Setting next_dagrun for tutorial to 2024-05-01 00:00:00+00:00, run_after=2024-05-02 00:00:00+00:00
[2024-05-02T10:30:48.496+0000] {processor.py:183} INFO - Processing /home/airflow/.local/lib/python3.12/site-packages/airflow/example_dags/tutorial.py took 0.086 seconds
[2024-05-02T10:31:18.681+0000] {processor.py:161} INFO - Started process (PID=1330) to work on /home/airflow/.local/lib/python3.12/site-packages/airflow/example_dags/tutorial.py
[2024-05-02T10:31:18.681+0000] {processor.py:830} INFO - Processing file /home/airflow/.local/lib/python3.12/site-packages/airflow/example_dags/tutorial.py for tasks to queue
[2024-05-02T10:31:18.707+0000] {logging_mixin.py:188} INFO - [2024-05-02T10:31:18.707+0000] {dagbag.py:540} INFO - Filling up the DagBag from /home/airflow/.local/lib/python3.12/site-packages/airflow/example_dags/tutorial.py
[2024-05-02T10:31:18.711+0000] {processor.py:840} INFO - DAG(s) 'tutorial' retrieved from /home/airflow/.local/lib/python3.12/site-packages/airflow/example_dags/tutorial.py
[2024-05-02T10:31:18.723+0000] {logging_mixin.py:188} INFO - [2024-05-02T10:31:18.723+0000] {dag.py:3096} INFO - Sync 1 DAGs
[2024-05-02T10:31:18.738+0000] {logging_mixin.py:188} INFO - [2024-05-02T10:31:18.738+0000] {dag.py:3954} INFO - Setting next_dagrun for tutorial to 2024-05-01 00:00:00+00:00, run_after=2024-05-02 00:00:00+00:00
[2024-05-02T10:31:18.750+0000] {processor.py:183} INFO - Processing /home/airflow/.local/lib/python3.12/site-packages/airflow/example_dags/tutorial.py took 0.073 seconds
[2024-05-02T10:31:49.400+0000] {processor.py:161} INFO - Started process (PID=1389) to work on /home/airflow/.local/lib/python3.12/site-packages/airflow/example_dags/tutorial.py
[2024-05-02T10:31:49.400+0000] {processor.py:830} INFO - Processing file /home/airflow/.local/lib/python3.12/site-packages/airflow/example_dags/tutorial.py for tasks to queue
[2024-05-02T10:31:49.401+0000] {logging_mixin.py:188} INFO - [2024-05-02T10:31:49.401+0000] {dagbag.py:540} INFO - Filling up the DagBag from /home/airflow/.local/lib/python3.12/site-packages/airflow/example_dags/tutorial.py
[2024-05-02T10:31:49.405+0000] {processor.py:840} INFO - DAG(s) 'tutorial' retrieved from /home/airflow/.local/lib/python3.12/site-packages/airflow/example_dags/tutorial.py
[2024-05-02T10:31:49.418+0000] {logging_mixin.py:188} INFO - [2024-05-02T10:31:49.417+0000] {dag.py:3096} INFO - Sync 1 DAGs
[2024-05-02T10:31:49.433+0000] {logging_mixin.py:188} INFO - [2024-05-02T10:31:49.433+0000] {dag.py:3954} INFO - Setting next_dagrun for tutorial to 2024-05-01 00:00:00+00:00, run_after=2024-05-02 00:00:00+00:00
[2024-05-02T10:31:49.468+0000] {processor.py:183} INFO - Processing /home/airflow/.local/lib/python3.12/site-packages/airflow/example_dags/tutorial.py took 0.071 seconds
[2024-05-02T10:32:20.130+0000] {processor.py:161} INFO - Started process (PID=1448) to work on /home/airflow/.local/lib/python3.12/site-packages/airflow/example_dags/tutorial.py
[2024-05-02T10:32:20.131+0000] {processor.py:830} INFO - Processing file /home/airflow/.local/lib/python3.12/site-packages/airflow/example_dags/tutorial.py for tasks to queue
[2024-05-02T10:32:20.132+0000] {logging_mixin.py:188} INFO - [2024-05-02T10:32:20.131+0000] {dagbag.py:540} INFO - Filling up the DagBag from /home/airflow/.local/lib/python3.12/site-packages/airflow/example_dags/tutorial.py
[2024-05-02T10:32:20.136+0000] {processor.py:840} INFO - DAG(s) 'tutorial' retrieved from /home/airflow/.local/lib/python3.12/site-packages/airflow/example_dags/tutorial.py
[2024-05-02T10:32:20.150+0000] {logging_mixin.py:188} INFO - [2024-05-02T10:32:20.150+0000] {dag.py:3096} INFO - Sync 1 DAGs
[2024-05-02T10:32:20.162+0000] {logging_mixin.py:188} INFO - [2024-05-02T10:32:20.162+0000] {dag.py:3954} INFO - Setting next_dagrun for tutorial to 2024-05-01 00:00:00+00:00, run_after=2024-05-02 00:00:00+00:00
[2024-05-02T10:32:20.177+0000] {processor.py:183} INFO - Processing /home/airflow/.local/lib/python3.12/site-packages/airflow/example_dags/tutorial.py took 0.050 seconds
[2024-05-02T10:32:50.496+0000] {processor.py:161} INFO - Started process (PID=1506) to work on /home/airflow/.local/lib/python3.12/site-packages/airflow/example_dags/tutorial.py
[2024-05-02T10:32:50.497+0000] {processor.py:830} INFO - Processing file /home/airflow/.local/lib/python3.12/site-packages/airflow/example_dags/tutorial.py for tasks to queue
[2024-05-02T10:32:50.766+0000] {logging_mixin.py:188} INFO - [2024-05-02T10:32:50.766+0000] {dagbag.py:540} INFO - Filling up the DagBag from /home/airflow/.local/lib/python3.12/site-packages/airflow/example_dags/tutorial.py
[2024-05-02T10:32:50.962+0000] {processor.py:840} INFO - DAG(s) 'tutorial' retrieved from /home/airflow/.local/lib/python3.12/site-packages/airflow/example_dags/tutorial.py
[2024-05-02T10:32:51.255+0000] {logging_mixin.py:188} INFO - [2024-05-02T10:32:51.254+0000] {dag.py:3096} INFO - Sync 1 DAGs
[2024-05-02T10:32:51.283+0000] {logging_mixin.py:188} INFO - [2024-05-02T10:32:51.283+0000] {dag.py:3954} INFO - Setting next_dagrun for tutorial to 2024-05-01 00:00:00+00:00, run_after=2024-05-02 00:00:00+00:00
[2024-05-02T10:32:51.300+0000] {processor.py:183} INFO - Processing /home/airflow/.local/lib/python3.12/site-packages/airflow/example_dags/tutorial.py took 0.811 seconds
[2024-05-02T10:33:21.823+0000] {processor.py:161} INFO - Started process (PID=1572) to work on /home/airflow/.local/lib/python3.12/site-packages/airflow/example_dags/tutorial.py
[2024-05-02T10:33:21.823+0000] {processor.py:830} INFO - Processing file /home/airflow/.local/lib/python3.12/site-packages/airflow/example_dags/tutorial.py for tasks to queue
[2024-05-02T10:33:21.825+0000] {logging_mixin.py:188} INFO - [2024-05-02T10:33:21.825+0000] {dagbag.py:540} INFO - Filling up the DagBag from /home/airflow/.local/lib/python3.12/site-packages/airflow/example_dags/tutorial.py
[2024-05-02T10:33:21.828+0000] {processor.py:840} INFO - DAG(s) 'tutorial' retrieved from /home/airflow/.local/lib/python3.12/site-packages/airflow/example_dags/tutorial.py
[2024-05-02T10:33:21.844+0000] {logging_mixin.py:188} INFO - [2024-05-02T10:33:21.844+0000] {dag.py:3096} INFO - Sync 1 DAGs
[2024-05-02T10:33:21.859+0000] {logging_mixin.py:188} INFO - [2024-05-02T10:33:21.859+0000] {dag.py:3954} INFO - Setting next_dagrun for tutorial to 2024-05-01 00:00:00+00:00, run_after=2024-05-02 00:00:00+00:00
[2024-05-02T10:33:21.886+0000] {processor.py:183} INFO - Processing /home/airflow/.local/lib/python3.12/site-packages/airflow/example_dags/tutorial.py took 0.068 seconds
[2024-05-02T10:33:51.973+0000] {processor.py:161} INFO - Started process (PID=1630) to work on /home/airflow/.local/lib/python3.12/site-packages/airflow/example_dags/tutorial.py
[2024-05-02T10:33:51.973+0000] {processor.py:830} INFO - Processing file /home/airflow/.local/lib/python3.12/site-packages/airflow/example_dags/tutorial.py for tasks to queue
[2024-05-02T10:33:51.989+0000] {logging_mixin.py:188} INFO - [2024-05-02T10:33:51.988+0000] {dagbag.py:540} INFO - Filling up the DagBag from /home/airflow/.local/lib/python3.12/site-packages/airflow/example_dags/tutorial.py
[2024-05-02T10:33:52.007+0000] {processor.py:840} INFO - DAG(s) 'tutorial' retrieved from /home/airflow/.local/lib/python3.12/site-packages/airflow/example_dags/tutorial.py
[2024-05-02T10:33:52.040+0000] {logging_mixin.py:188} INFO - [2024-05-02T10:33:52.039+0000] {dag.py:3096} INFO - Sync 1 DAGs
[2024-05-02T10:33:52.053+0000] {logging_mixin.py:188} INFO - [2024-05-02T10:33:52.053+0000] {dag.py:3954} INFO - Setting next_dagrun for tutorial to 2024-05-01 00:00:00+00:00, run_after=2024-05-02 00:00:00+00:00
[2024-05-02T10:33:52.080+0000] {processor.py:183} INFO - Processing /home/airflow/.local/lib/python3.12/site-packages/airflow/example_dags/tutorial.py took 0.111 seconds
[2024-05-02T10:34:22.161+0000] {processor.py:161} INFO - Started process (PID=1689) to work on /home/airflow/.local/lib/python3.12/site-packages/airflow/example_dags/tutorial.py
[2024-05-02T10:34:22.162+0000] {processor.py:830} INFO - Processing file /home/airflow/.local/lib/python3.12/site-packages/airflow/example_dags/tutorial.py for tasks to queue
[2024-05-02T10:34:22.163+0000] {logging_mixin.py:188} INFO - [2024-05-02T10:34:22.163+0000] {dagbag.py:540} INFO - Filling up the DagBag from /home/airflow/.local/lib/python3.12/site-packages/airflow/example_dags/tutorial.py
[2024-05-02T10:34:22.166+0000] {processor.py:840} INFO - DAG(s) 'tutorial' retrieved from /home/airflow/.local/lib/python3.12/site-packages/airflow/example_dags/tutorial.py
[2024-05-02T10:34:22.178+0000] {logging_mixin.py:188} INFO - [2024-05-02T10:34:22.178+0000] {dag.py:3096} INFO - Sync 1 DAGs
[2024-05-02T10:34:22.225+0000] {logging_mixin.py:188} INFO - [2024-05-02T10:34:22.225+0000] {dag.py:3954} INFO - Setting next_dagrun for tutorial to 2024-05-01 00:00:00+00:00, run_after=2024-05-02 00:00:00+00:00
[2024-05-02T10:34:22.237+0000] {processor.py:183} INFO - Processing /home/airflow/.local/lib/python3.12/site-packages/airflow/example_dags/tutorial.py took 0.079 seconds
[2024-05-02T10:34:52.334+0000] {processor.py:161} INFO - Started process (PID=1748) to work on /home/airflow/.local/lib/python3.12/site-packages/airflow/example_dags/tutorial.py
[2024-05-02T10:34:52.334+0000] {processor.py:830} INFO - Processing file /home/airflow/.local/lib/python3.12/site-packages/airflow/example_dags/tutorial.py for tasks to queue
[2024-05-02T10:34:52.335+0000] {logging_mixin.py:188} INFO - [2024-05-02T10:34:52.335+0000] {dagbag.py:540} INFO - Filling up the DagBag from /home/airflow/.local/lib/python3.12/site-packages/airflow/example_dags/tutorial.py
[2024-05-02T10:34:52.338+0000] {processor.py:840} INFO - DAG(s) 'tutorial' retrieved from /home/airflow/.local/lib/python3.12/site-packages/airflow/example_dags/tutorial.py
[2024-05-02T10:34:52.351+0000] {logging_mixin.py:188} INFO - [2024-05-02T10:34:52.351+0000] {dag.py:3096} INFO - Sync 1 DAGs
[2024-05-02T10:34:52.378+0000] {logging_mixin.py:188} INFO - [2024-05-02T10:34:52.377+0000] {dag.py:3954} INFO - Setting next_dagrun for tutorial to 2024-05-01 00:00:00+00:00, run_after=2024-05-02 00:00:00+00:00
[2024-05-02T10:34:52.389+0000] {processor.py:183} INFO - Processing /home/airflow/.local/lib/python3.12/site-packages/airflow/example_dags/tutorial.py took 0.059 seconds
[2024-05-02T10:35:22.875+0000] {processor.py:161} INFO - Started process (PID=1807) to work on /home/airflow/.local/lib/python3.12/site-packages/airflow/example_dags/tutorial.py
[2024-05-02T10:35:22.876+0000] {processor.py:830} INFO - Processing file /home/airflow/.local/lib/python3.12/site-packages/airflow/example_dags/tutorial.py for tasks to queue
[2024-05-02T10:35:22.877+0000] {logging_mixin.py:188} INFO - [2024-05-02T10:35:22.876+0000] {dagbag.py:540} INFO - Filling up the DagBag from /home/airflow/.local/lib/python3.12/site-packages/airflow/example_dags/tutorial.py
[2024-05-02T10:35:22.880+0000] {processor.py:840} INFO - DAG(s) 'tutorial' retrieved from /home/airflow/.local/lib/python3.12/site-packages/airflow/example_dags/tutorial.py
[2024-05-02T10:35:22.954+0000] {logging_mixin.py:188} INFO - [2024-05-02T10:35:22.954+0000] {dag.py:3096} INFO - Sync 1 DAGs
[2024-05-02T10:35:22.969+0000] {logging_mixin.py:188} INFO - [2024-05-02T10:35:22.969+0000] {dag.py:3954} INFO - Setting next_dagrun for tutorial to 2024-05-01 00:00:00+00:00, run_after=2024-05-02 00:00:00+00:00
[2024-05-02T10:35:23.023+0000] {processor.py:183} INFO - Processing /home/airflow/.local/lib/python3.12/site-packages/airflow/example_dags/tutorial.py took 0.151 seconds
[2024-05-02T10:35:53.339+0000] {processor.py:161} INFO - Started process (PID=1866) to work on /home/airflow/.local/lib/python3.12/site-packages/airflow/example_dags/tutorial.py
[2024-05-02T10:35:53.339+0000] {processor.py:830} INFO - Processing file /home/airflow/.local/lib/python3.12/site-packages/airflow/example_dags/tutorial.py for tasks to queue
[2024-05-02T10:35:53.340+0000] {logging_mixin.py:188} INFO - [2024-05-02T10:35:53.340+0000] {dagbag.py:540} INFO - Filling up the DagBag from /home/airflow/.local/lib/python3.12/site-packages/airflow/example_dags/tutorial.py
[2024-05-02T10:35:53.344+0000] {processor.py:840} INFO - DAG(s) 'tutorial' retrieved from /home/airflow/.local/lib/python3.12/site-packages/airflow/example_dags/tutorial.py
[2024-05-02T10:35:53.356+0000] {logging_mixin.py:188} INFO - [2024-05-02T10:35:53.355+0000] {dag.py:3096} INFO - Sync 1 DAGs
[2024-05-02T10:35:53.391+0000] {logging_mixin.py:188} INFO - [2024-05-02T10:35:53.391+0000] {dag.py:3954} INFO - Setting next_dagrun for tutorial to 2024-05-01 00:00:00+00:00, run_after=2024-05-02 00:00:00+00:00
[2024-05-02T10:35:53.403+0000] {processor.py:183} INFO - Processing /home/airflow/.local/lib/python3.12/site-packages/airflow/example_dags/tutorial.py took 0.068 seconds
[2024-05-02T10:36:23.806+0000] {processor.py:161} INFO - Started process (PID=1925) to work on /home/airflow/.local/lib/python3.12/site-packages/airflow/example_dags/tutorial.py
[2024-05-02T10:36:23.807+0000] {processor.py:830} INFO - Processing file /home/airflow/.local/lib/python3.12/site-packages/airflow/example_dags/tutorial.py for tasks to queue
[2024-05-02T10:36:23.808+0000] {logging_mixin.py:188} INFO - [2024-05-02T10:36:23.807+0000] {dagbag.py:540} INFO - Filling up the DagBag from /home/airflow/.local/lib/python3.12/site-packages/airflow/example_dags/tutorial.py
[2024-05-02T10:36:23.811+0000] {processor.py:840} INFO - DAG(s) 'tutorial' retrieved from /home/airflow/.local/lib/python3.12/site-packages/airflow/example_dags/tutorial.py
[2024-05-02T10:36:23.823+0000] {logging_mixin.py:188} INFO - [2024-05-02T10:36:23.823+0000] {dag.py:3096} INFO - Sync 1 DAGs
[2024-05-02T10:36:23.837+0000] {logging_mixin.py:188} INFO - [2024-05-02T10:36:23.836+0000] {dag.py:3954} INFO - Setting next_dagrun for tutorial to 2024-05-01 00:00:00+00:00, run_after=2024-05-02 00:00:00+00:00
[2024-05-02T10:36:23.867+0000] {processor.py:183} INFO - Processing /home/airflow/.local/lib/python3.12/site-packages/airflow/example_dags/tutorial.py took 0.067 seconds
[2024-05-02T10:36:53.979+0000] {processor.py:161} INFO - Started process (PID=1984) to work on /home/airflow/.local/lib/python3.12/site-packages/airflow/example_dags/tutorial.py
[2024-05-02T10:36:53.979+0000] {processor.py:830} INFO - Processing file /home/airflow/.local/lib/python3.12/site-packages/airflow/example_dags/tutorial.py for tasks to queue
[2024-05-02T10:36:53.980+0000] {logging_mixin.py:188} INFO - [2024-05-02T10:36:53.980+0000] {dagbag.py:540} INFO - Filling up the DagBag from /home/airflow/.local/lib/python3.12/site-packages/airflow/example_dags/tutorial.py
[2024-05-02T10:36:53.984+0000] {processor.py:840} INFO - DAG(s) 'tutorial' retrieved from /home/airflow/.local/lib/python3.12/site-packages/airflow/example_dags/tutorial.py
[2024-05-02T10:36:53.999+0000] {logging_mixin.py:188} INFO - [2024-05-02T10:36:53.999+0000] {dag.py:3096} INFO - Sync 1 DAGs
[2024-05-02T10:36:54.015+0000] {logging_mixin.py:188} INFO - [2024-05-02T10:36:54.014+0000] {dag.py:3954} INFO - Setting next_dagrun for tutorial to 2024-05-01 00:00:00+00:00, run_after=2024-05-02 00:00:00+00:00
[2024-05-02T10:36:54.028+0000] {processor.py:183} INFO - Processing /home/airflow/.local/lib/python3.12/site-packages/airflow/example_dags/tutorial.py took 0.053 seconds
[2024-05-02T10:37:24.418+0000] {processor.py:161} INFO - Started process (PID=2043) to work on /home/airflow/.local/lib/python3.12/site-packages/airflow/example_dags/tutorial.py
[2024-05-02T10:37:24.419+0000] {processor.py:830} INFO - Processing file /home/airflow/.local/lib/python3.12/site-packages/airflow/example_dags/tutorial.py for tasks to queue
[2024-05-02T10:37:24.421+0000] {logging_mixin.py:188} INFO - [2024-05-02T10:37:24.421+0000] {dagbag.py:540} INFO - Filling up the DagBag from /home/airflow/.local/lib/python3.12/site-packages/airflow/example_dags/tutorial.py
[2024-05-02T10:37:24.426+0000] {processor.py:840} INFO - DAG(s) 'tutorial' retrieved from /home/airflow/.local/lib/python3.12/site-packages/airflow/example_dags/tutorial.py
[2024-05-02T10:37:24.439+0000] {logging_mixin.py:188} INFO - [2024-05-02T10:37:24.439+0000] {dag.py:3096} INFO - Sync 1 DAGs
[2024-05-02T10:37:24.453+0000] {logging_mixin.py:188} INFO - [2024-05-02T10:37:24.452+0000] {dag.py:3954} INFO - Setting next_dagrun for tutorial to 2024-05-01 00:00:00+00:00, run_after=2024-05-02 00:00:00+00:00
[2024-05-02T10:37:24.468+0000] {processor.py:183} INFO - Processing /home/airflow/.local/lib/python3.12/site-packages/airflow/example_dags/tutorial.py took 0.060 seconds
[2024-05-02T10:37:54.734+0000] {processor.py:161} INFO - Started process (PID=2101) to work on /home/airflow/.local/lib/python3.12/site-packages/airflow/example_dags/tutorial.py
[2024-05-02T10:37:54.734+0000] {processor.py:830} INFO - Processing file /home/airflow/.local/lib/python3.12/site-packages/airflow/example_dags/tutorial.py for tasks to queue
[2024-05-02T10:37:54.735+0000] {logging_mixin.py:188} INFO - [2024-05-02T10:37:54.735+0000] {dagbag.py:540} INFO - Filling up the DagBag from /home/airflow/.local/lib/python3.12/site-packages/airflow/example_dags/tutorial.py
[2024-05-02T10:37:54.739+0000] {processor.py:840} INFO - DAG(s) 'tutorial' retrieved from /home/airflow/.local/lib/python3.12/site-packages/airflow/example_dags/tutorial.py
[2024-05-02T10:37:54.751+0000] {logging_mixin.py:188} INFO - [2024-05-02T10:37:54.751+0000] {dag.py:3096} INFO - Sync 1 DAGs
[2024-05-02T10:37:54.773+0000] {logging_mixin.py:188} INFO - [2024-05-02T10:37:54.773+0000] {dag.py:3954} INFO - Setting next_dagrun for tutorial to 2024-05-01 00:00:00+00:00, run_after=2024-05-02 00:00:00+00:00
[2024-05-02T10:37:54.785+0000] {processor.py:183} INFO - Processing /home/airflow/.local/lib/python3.12/site-packages/airflow/example_dags/tutorial.py took 0.055 seconds
[2024-05-02T10:38:25.042+0000] {processor.py:161} INFO - Started process (PID=2160) to work on /home/airflow/.local/lib/python3.12/site-packages/airflow/example_dags/tutorial.py
[2024-05-02T10:38:25.043+0000] {processor.py:830} INFO - Processing file /home/airflow/.local/lib/python3.12/site-packages/airflow/example_dags/tutorial.py for tasks to queue
[2024-05-02T10:38:25.073+0000] {logging_mixin.py:188} INFO - [2024-05-02T10:38:25.073+0000] {dagbag.py:540} INFO - Filling up the DagBag from /home/airflow/.local/lib/python3.12/site-packages/airflow/example_dags/tutorial.py
[2024-05-02T10:38:25.102+0000] {processor.py:840} INFO - DAG(s) 'tutorial' retrieved from /home/airflow/.local/lib/python3.12/site-packages/airflow/example_dags/tutorial.py
[2024-05-02T10:38:25.137+0000] {logging_mixin.py:188} INFO - [2024-05-02T10:38:25.136+0000] {dag.py:3096} INFO - Sync 1 DAGs
[2024-05-02T10:38:25.157+0000] {logging_mixin.py:188} INFO - [2024-05-02T10:38:25.156+0000] {dag.py:3954} INFO - Setting next_dagrun for tutorial to 2024-05-01 00:00:00+00:00, run_after=2024-05-02 00:00:00+00:00
[2024-05-02T10:38:25.173+0000] {processor.py:183} INFO - Processing /home/airflow/.local/lib/python3.12/site-packages/airflow/example_dags/tutorial.py took 0.135 seconds
[2024-05-02T10:38:55.861+0000] {processor.py:161} INFO - Started process (PID=2219) to work on /home/airflow/.local/lib/python3.12/site-packages/airflow/example_dags/tutorial.py
[2024-05-02T10:38:55.862+0000] {processor.py:830} INFO - Processing file /home/airflow/.local/lib/python3.12/site-packages/airflow/example_dags/tutorial.py for tasks to queue
[2024-05-02T10:38:55.863+0000] {logging_mixin.py:188} INFO - [2024-05-02T10:38:55.862+0000] {dagbag.py:540} INFO - Filling up the DagBag from /home/airflow/.local/lib/python3.12/site-packages/airflow/example_dags/tutorial.py
[2024-05-02T10:38:55.866+0000] {processor.py:840} INFO - DAG(s) 'tutorial' retrieved from /home/airflow/.local/lib/python3.12/site-packages/airflow/example_dags/tutorial.py
[2024-05-02T10:38:55.880+0000] {logging_mixin.py:188} INFO - [2024-05-02T10:38:55.880+0000] {dag.py:3096} INFO - Sync 1 DAGs
[2024-05-02T10:38:55.897+0000] {logging_mixin.py:188} INFO - [2024-05-02T10:38:55.897+0000] {dag.py:3954} INFO - Setting next_dagrun for tutorial to 2024-05-01 00:00:00+00:00, run_after=2024-05-02 00:00:00+00:00
[2024-05-02T10:38:55.931+0000] {processor.py:183} INFO - Processing /home/airflow/.local/lib/python3.12/site-packages/airflow/example_dags/tutorial.py took 0.074 seconds
[2024-05-02T10:39:26.221+0000] {processor.py:161} INFO - Started process (PID=2278) to work on /home/airflow/.local/lib/python3.12/site-packages/airflow/example_dags/tutorial.py
[2024-05-02T10:39:26.221+0000] {processor.py:830} INFO - Processing file /home/airflow/.local/lib/python3.12/site-packages/airflow/example_dags/tutorial.py for tasks to queue
[2024-05-02T10:39:26.248+0000] {logging_mixin.py:188} INFO - [2024-05-02T10:39:26.247+0000] {dagbag.py:540} INFO - Filling up the DagBag from /home/airflow/.local/lib/python3.12/site-packages/airflow/example_dags/tutorial.py
[2024-05-02T10:39:26.279+0000] {processor.py:840} INFO - DAG(s) 'tutorial' retrieved from /home/airflow/.local/lib/python3.12/site-packages/airflow/example_dags/tutorial.py
[2024-05-02T10:39:26.313+0000] {logging_mixin.py:188} INFO - [2024-05-02T10:39:26.313+0000] {dag.py:3096} INFO - Sync 1 DAGs
[2024-05-02T10:39:26.331+0000] {logging_mixin.py:188} INFO - [2024-05-02T10:39:26.331+0000] {dag.py:3954} INFO - Setting next_dagrun for tutorial to 2024-05-01 00:00:00+00:00, run_after=2024-05-02 00:00:00+00:00
[2024-05-02T10:39:26.348+0000] {processor.py:183} INFO - Processing /home/airflow/.local/lib/python3.12/site-packages/airflow/example_dags/tutorial.py took 0.131 seconds
[2024-05-02T10:39:56.481+0000] {processor.py:161} INFO - Started process (PID=2337) to work on /home/airflow/.local/lib/python3.12/site-packages/airflow/example_dags/tutorial.py
[2024-05-02T10:39:56.481+0000] {processor.py:830} INFO - Processing file /home/airflow/.local/lib/python3.12/site-packages/airflow/example_dags/tutorial.py for tasks to queue
[2024-05-02T10:39:56.482+0000] {logging_mixin.py:188} INFO - [2024-05-02T10:39:56.482+0000] {dagbag.py:540} INFO - Filling up the DagBag from /home/airflow/.local/lib/python3.12/site-packages/airflow/example_dags/tutorial.py
[2024-05-02T10:39:56.486+0000] {processor.py:840} INFO - DAG(s) 'tutorial' retrieved from /home/airflow/.local/lib/python3.12/site-packages/airflow/example_dags/tutorial.py
[2024-05-02T10:39:56.499+0000] {logging_mixin.py:188} INFO - [2024-05-02T10:39:56.498+0000] {dag.py:3096} INFO - Sync 1 DAGs
[2024-05-02T10:39:56.513+0000] {logging_mixin.py:188} INFO - [2024-05-02T10:39:56.513+0000] {dag.py:3954} INFO - Setting next_dagrun for tutorial to 2024-05-01 00:00:00+00:00, run_after=2024-05-02 00:00:00+00:00
[2024-05-02T10:39:56.525+0000] {processor.py:183} INFO - Processing /home/airflow/.local/lib/python3.12/site-packages/airflow/example_dags/tutorial.py took 0.048 seconds
[2024-05-02T10:40:27.608+0000] {processor.py:161} INFO - Started process (PID=2396) to work on /home/airflow/.local/lib/python3.12/site-packages/airflow/example_dags/tutorial.py
[2024-05-02T10:40:27.609+0000] {processor.py:830} INFO - Processing file /home/airflow/.local/lib/python3.12/site-packages/airflow/example_dags/tutorial.py for tasks to queue
[2024-05-02T10:40:27.648+0000] {logging_mixin.py:188} INFO - [2024-05-02T10:40:27.648+0000] {dagbag.py:540} INFO - Filling up the DagBag from /home/airflow/.local/lib/python3.12/site-packages/airflow/example_dags/tutorial.py
[2024-05-02T10:40:27.685+0000] {processor.py:840} INFO - DAG(s) 'tutorial' retrieved from /home/airflow/.local/lib/python3.12/site-packages/airflow/example_dags/tutorial.py
[2024-05-02T10:40:27.735+0000] {logging_mixin.py:188} INFO - [2024-05-02T10:40:27.735+0000] {dag.py:3096} INFO - Sync 1 DAGs
[2024-05-02T10:40:27.750+0000] {logging_mixin.py:188} INFO - [2024-05-02T10:40:27.750+0000] {dag.py:3954} INFO - Setting next_dagrun for tutorial to 2024-05-01 00:00:00+00:00, run_after=2024-05-02 00:00:00+00:00
[2024-05-02T10:40:27.783+0000] {processor.py:183} INFO - Processing /home/airflow/.local/lib/python3.12/site-packages/airflow/example_dags/tutorial.py took 0.186 seconds
[2024-05-02T10:42:26.798+0000] {processor.py:161} INFO - Started process (PID=60) to work on /home/airflow/.local/lib/python3.12/site-packages/airflow/example_dags/tutorial.py
[2024-05-02T10:42:26.799+0000] {processor.py:830} INFO - Processing file /home/airflow/.local/lib/python3.12/site-packages/airflow/example_dags/tutorial.py for tasks to queue
[2024-05-02T10:42:26.832+0000] {logging_mixin.py:188} INFO - [2024-05-02T10:42:26.831+0000] {dagbag.py:540} INFO - Filling up the DagBag from /home/airflow/.local/lib/python3.12/site-packages/airflow/example_dags/tutorial.py
[2024-05-02T10:42:26.838+0000] {processor.py:840} INFO - DAG(s) 'tutorial' retrieved from /home/airflow/.local/lib/python3.12/site-packages/airflow/example_dags/tutorial.py
[2024-05-02T10:42:26.918+0000] {logging_mixin.py:188} INFO - [2024-05-02T10:42:26.918+0000] {dag.py:3096} INFO - Sync 1 DAGs
[2024-05-02T10:42:26.937+0000] {logging_mixin.py:188} INFO - [2024-05-02T10:42:26.937+0000] {dag.py:3954} INFO - Setting next_dagrun for tutorial to 2024-05-01 00:00:00+00:00, run_after=2024-05-02 00:00:00+00:00
[2024-05-02T10:42:26.968+0000] {processor.py:183} INFO - Processing /home/airflow/.local/lib/python3.12/site-packages/airflow/example_dags/tutorial.py took 0.174 seconds
[2024-05-02T10:42:57.339+0000] {processor.py:161} INFO - Started process (PID=119) to work on /home/airflow/.local/lib/python3.12/site-packages/airflow/example_dags/tutorial.py
[2024-05-02T10:42:57.339+0000] {processor.py:830} INFO - Processing file /home/airflow/.local/lib/python3.12/site-packages/airflow/example_dags/tutorial.py for tasks to queue
[2024-05-02T10:42:57.340+0000] {logging_mixin.py:188} INFO - [2024-05-02T10:42:57.340+0000] {dagbag.py:540} INFO - Filling up the DagBag from /home/airflow/.local/lib/python3.12/site-packages/airflow/example_dags/tutorial.py
[2024-05-02T10:42:57.344+0000] {processor.py:840} INFO - DAG(s) 'tutorial' retrieved from /home/airflow/.local/lib/python3.12/site-packages/airflow/example_dags/tutorial.py
[2024-05-02T10:42:57.359+0000] {logging_mixin.py:188} INFO - [2024-05-02T10:42:57.358+0000] {dag.py:3096} INFO - Sync 1 DAGs
[2024-05-02T10:42:57.381+0000] {logging_mixin.py:188} INFO - [2024-05-02T10:42:57.380+0000] {dag.py:3954} INFO - Setting next_dagrun for tutorial to 2024-05-01 00:00:00+00:00, run_after=2024-05-02 00:00:00+00:00
[2024-05-02T10:42:57.392+0000] {processor.py:183} INFO - Processing /home/airflow/.local/lib/python3.12/site-packages/airflow/example_dags/tutorial.py took 0.057 seconds
[2024-05-02T10:43:27.517+0000] {processor.py:161} INFO - Started process (PID=179) to work on /home/airflow/.local/lib/python3.12/site-packages/airflow/example_dags/tutorial.py
[2024-05-02T10:43:27.517+0000] {processor.py:830} INFO - Processing file /home/airflow/.local/lib/python3.12/site-packages/airflow/example_dags/tutorial.py for tasks to queue
[2024-05-02T10:43:27.555+0000] {logging_mixin.py:188} INFO - [2024-05-02T10:43:27.554+0000] {dagbag.py:540} INFO - Filling up the DagBag from /home/airflow/.local/lib/python3.12/site-packages/airflow/example_dags/tutorial.py
[2024-05-02T10:43:27.581+0000] {processor.py:840} INFO - DAG(s) 'tutorial' retrieved from /home/airflow/.local/lib/python3.12/site-packages/airflow/example_dags/tutorial.py
[2024-05-02T10:43:27.609+0000] {logging_mixin.py:188} INFO - [2024-05-02T10:43:27.608+0000] {dag.py:3096} INFO - Sync 1 DAGs
[2024-05-02T10:43:27.628+0000] {logging_mixin.py:188} INFO - [2024-05-02T10:43:27.627+0000] {dag.py:3954} INFO - Setting next_dagrun for tutorial to 2024-05-01 00:00:00+00:00, run_after=2024-05-02 00:00:00+00:00
[2024-05-02T10:43:27.651+0000] {processor.py:183} INFO - Processing /home/airflow/.local/lib/python3.12/site-packages/airflow/example_dags/tutorial.py took 0.138 seconds
[2024-05-02T10:43:57.841+0000] {processor.py:161} INFO - Started process (PID=237) to work on /home/airflow/.local/lib/python3.12/site-packages/airflow/example_dags/tutorial.py
[2024-05-02T10:43:57.842+0000] {processor.py:830} INFO - Processing file /home/airflow/.local/lib/python3.12/site-packages/airflow/example_dags/tutorial.py for tasks to queue
[2024-05-02T10:43:57.843+0000] {logging_mixin.py:188} INFO - [2024-05-02T10:43:57.842+0000] {dagbag.py:540} INFO - Filling up the DagBag from /home/airflow/.local/lib/python3.12/site-packages/airflow/example_dags/tutorial.py
[2024-05-02T10:43:57.846+0000] {processor.py:840} INFO - DAG(s) 'tutorial' retrieved from /home/airflow/.local/lib/python3.12/site-packages/airflow/example_dags/tutorial.py
[2024-05-02T10:43:57.873+0000] {logging_mixin.py:188} INFO - [2024-05-02T10:43:57.873+0000] {dag.py:3096} INFO - Sync 1 DAGs
[2024-05-02T10:43:57.890+0000] {logging_mixin.py:188} INFO - [2024-05-02T10:43:57.890+0000] {dag.py:3954} INFO - Setting next_dagrun for tutorial to 2024-05-01 00:00:00+00:00, run_after=2024-05-02 00:00:00+00:00
[2024-05-02T10:43:57.903+0000] {processor.py:183} INFO - Processing /home/airflow/.local/lib/python3.12/site-packages/airflow/example_dags/tutorial.py took 0.066 seconds
[2024-05-02T10:44:28.059+0000] {processor.py:161} INFO - Started process (PID=297) to work on /home/airflow/.local/lib/python3.12/site-packages/airflow/example_dags/tutorial.py
[2024-05-02T10:44:28.060+0000] {processor.py:830} INFO - Processing file /home/airflow/.local/lib/python3.12/site-packages/airflow/example_dags/tutorial.py for tasks to queue
[2024-05-02T10:44:28.061+0000] {logging_mixin.py:188} INFO - [2024-05-02T10:44:28.061+0000] {dagbag.py:540} INFO - Filling up the DagBag from /home/airflow/.local/lib/python3.12/site-packages/airflow/example_dags/tutorial.py
[2024-05-02T10:44:28.064+0000] {processor.py:840} INFO - DAG(s) 'tutorial' retrieved from /home/airflow/.local/lib/python3.12/site-packages/airflow/example_dags/tutorial.py
[2024-05-02T10:44:28.078+0000] {logging_mixin.py:188} INFO - [2024-05-02T10:44:28.078+0000] {dag.py:3096} INFO - Sync 1 DAGs
[2024-05-02T10:44:28.128+0000] {logging_mixin.py:188} INFO - [2024-05-02T10:44:28.128+0000] {dag.py:3954} INFO - Setting next_dagrun for tutorial to 2024-05-01 00:00:00+00:00, run_after=2024-05-02 00:00:00+00:00
[2024-05-02T10:44:28.177+0000] {processor.py:183} INFO - Processing /home/airflow/.local/lib/python3.12/site-packages/airflow/example_dags/tutorial.py took 0.122 seconds
[2024-05-02T10:44:58.427+0000] {processor.py:161} INFO - Started process (PID=357) to work on /home/airflow/.local/lib/python3.12/site-packages/airflow/example_dags/tutorial.py
[2024-05-02T10:44:58.427+0000] {processor.py:830} INFO - Processing file /home/airflow/.local/lib/python3.12/site-packages/airflow/example_dags/tutorial.py for tasks to queue
[2024-05-02T10:44:58.428+0000] {logging_mixin.py:188} INFO - [2024-05-02T10:44:58.428+0000] {dagbag.py:540} INFO - Filling up the DagBag from /home/airflow/.local/lib/python3.12/site-packages/airflow/example_dags/tutorial.py
[2024-05-02T10:44:58.432+0000] {processor.py:840} INFO - DAG(s) 'tutorial' retrieved from /home/airflow/.local/lib/python3.12/site-packages/airflow/example_dags/tutorial.py
[2024-05-02T10:44:58.447+0000] {logging_mixin.py:188} INFO - [2024-05-02T10:44:58.447+0000] {dag.py:3096} INFO - Sync 1 DAGs
[2024-05-02T10:44:58.462+0000] {logging_mixin.py:188} INFO - [2024-05-02T10:44:58.462+0000] {dag.py:3954} INFO - Setting next_dagrun for tutorial to 2024-05-01 00:00:00+00:00, run_after=2024-05-02 00:00:00+00:00
[2024-05-02T10:44:58.479+0000] {processor.py:183} INFO - Processing /home/airflow/.local/lib/python3.12/site-packages/airflow/example_dags/tutorial.py took 0.056 seconds
[2024-05-02T10:45:29.108+0000] {processor.py:161} INFO - Started process (PID=417) to work on /home/airflow/.local/lib/python3.12/site-packages/airflow/example_dags/tutorial.py
[2024-05-02T10:45:29.108+0000] {processor.py:830} INFO - Processing file /home/airflow/.local/lib/python3.12/site-packages/airflow/example_dags/tutorial.py for tasks to queue
[2024-05-02T10:45:29.136+0000] {logging_mixin.py:188} INFO - [2024-05-02T10:45:29.135+0000] {dagbag.py:540} INFO - Filling up the DagBag from /home/airflow/.local/lib/python3.12/site-packages/airflow/example_dags/tutorial.py
[2024-05-02T10:45:29.140+0000] {processor.py:840} INFO - DAG(s) 'tutorial' retrieved from /home/airflow/.local/lib/python3.12/site-packages/airflow/example_dags/tutorial.py
[2024-05-02T10:45:29.152+0000] {logging_mixin.py:188} INFO - [2024-05-02T10:45:29.152+0000] {dag.py:3096} INFO - Sync 1 DAGs
[2024-05-02T10:45:29.206+0000] {logging_mixin.py:188} INFO - [2024-05-02T10:45:29.206+0000] {dag.py:3954} INFO - Setting next_dagrun for tutorial to 2024-05-01 00:00:00+00:00, run_after=2024-05-02 00:00:00+00:00
[2024-05-02T10:45:29.220+0000] {processor.py:183} INFO - Processing /home/airflow/.local/lib/python3.12/site-packages/airflow/example_dags/tutorial.py took 0.115 seconds
[2024-05-02T10:45:59.456+0000] {processor.py:161} INFO - Started process (PID=477) to work on /home/airflow/.local/lib/python3.12/site-packages/airflow/example_dags/tutorial.py
[2024-05-02T10:45:59.457+0000] {processor.py:830} INFO - Processing file /home/airflow/.local/lib/python3.12/site-packages/airflow/example_dags/tutorial.py for tasks to queue
[2024-05-02T10:45:59.458+0000] {logging_mixin.py:188} INFO - [2024-05-02T10:45:59.457+0000] {dagbag.py:540} INFO - Filling up the DagBag from /home/airflow/.local/lib/python3.12/site-packages/airflow/example_dags/tutorial.py
[2024-05-02T10:45:59.462+0000] {processor.py:840} INFO - DAG(s) 'tutorial' retrieved from /home/airflow/.local/lib/python3.12/site-packages/airflow/example_dags/tutorial.py
[2024-05-02T10:45:59.489+0000] {logging_mixin.py:188} INFO - [2024-05-02T10:45:59.489+0000] {dag.py:3096} INFO - Sync 1 DAGs
[2024-05-02T10:45:59.504+0000] {logging_mixin.py:188} INFO - [2024-05-02T10:45:59.504+0000] {dag.py:3954} INFO - Setting next_dagrun for tutorial to 2024-05-01 00:00:00+00:00, run_after=2024-05-02 00:00:00+00:00
[2024-05-02T10:45:59.531+0000] {processor.py:183} INFO - Processing /home/airflow/.local/lib/python3.12/site-packages/airflow/example_dags/tutorial.py took 0.079 seconds
[2024-05-02T10:46:29.777+0000] {processor.py:161} INFO - Started process (PID=537) to work on /home/airflow/.local/lib/python3.12/site-packages/airflow/example_dags/tutorial.py
[2024-05-02T10:46:29.777+0000] {processor.py:830} INFO - Processing file /home/airflow/.local/lib/python3.12/site-packages/airflow/example_dags/tutorial.py for tasks to queue
[2024-05-02T10:46:29.779+0000] {logging_mixin.py:188} INFO - [2024-05-02T10:46:29.778+0000] {dagbag.py:540} INFO - Filling up the DagBag from /home/airflow/.local/lib/python3.12/site-packages/airflow/example_dags/tutorial.py
[2024-05-02T10:46:29.782+0000] {processor.py:840} INFO - DAG(s) 'tutorial' retrieved from /home/airflow/.local/lib/python3.12/site-packages/airflow/example_dags/tutorial.py
[2024-05-02T10:46:29.795+0000] {logging_mixin.py:188} INFO - [2024-05-02T10:46:29.795+0000] {dag.py:3096} INFO - Sync 1 DAGs
[2024-05-02T10:46:29.861+0000] {logging_mixin.py:188} INFO - [2024-05-02T10:46:29.861+0000] {dag.py:3954} INFO - Setting next_dagrun for tutorial to 2024-05-01 00:00:00+00:00, run_after=2024-05-02 00:00:00+00:00
[2024-05-02T10:46:29.876+0000] {processor.py:183} INFO - Processing /home/airflow/.local/lib/python3.12/site-packages/airflow/example_dags/tutorial.py took 0.102 seconds
[2024-05-02T10:47:00.109+0000] {processor.py:161} INFO - Started process (PID=597) to work on /home/airflow/.local/lib/python3.12/site-packages/airflow/example_dags/tutorial.py
[2024-05-02T10:47:00.109+0000] {processor.py:830} INFO - Processing file /home/airflow/.local/lib/python3.12/site-packages/airflow/example_dags/tutorial.py for tasks to queue
[2024-05-02T10:47:00.110+0000] {logging_mixin.py:188} INFO - [2024-05-02T10:47:00.110+0000] {dagbag.py:540} INFO - Filling up the DagBag from /home/airflow/.local/lib/python3.12/site-packages/airflow/example_dags/tutorial.py
[2024-05-02T10:47:00.114+0000] {processor.py:840} INFO - DAG(s) 'tutorial' retrieved from /home/airflow/.local/lib/python3.12/site-packages/airflow/example_dags/tutorial.py
[2024-05-02T10:47:00.126+0000] {logging_mixin.py:188} INFO - [2024-05-02T10:47:00.126+0000] {dag.py:3096} INFO - Sync 1 DAGs
[2024-05-02T10:47:00.163+0000] {logging_mixin.py:188} INFO - [2024-05-02T10:47:00.163+0000] {dag.py:3954} INFO - Setting next_dagrun for tutorial to 2024-05-01 00:00:00+00:00, run_after=2024-05-02 00:00:00+00:00
[2024-05-02T10:47:00.174+0000] {processor.py:183} INFO - Processing /home/airflow/.local/lib/python3.12/site-packages/airflow/example_dags/tutorial.py took 0.069 seconds
[2024-05-02T10:47:30.401+0000] {processor.py:161} INFO - Started process (PID=657) to work on /home/airflow/.local/lib/python3.12/site-packages/airflow/example_dags/tutorial.py
[2024-05-02T10:47:30.401+0000] {processor.py:830} INFO - Processing file /home/airflow/.local/lib/python3.12/site-packages/airflow/example_dags/tutorial.py for tasks to queue
[2024-05-02T10:47:30.403+0000] {logging_mixin.py:188} INFO - [2024-05-02T10:47:30.402+0000] {dagbag.py:540} INFO - Filling up the DagBag from /home/airflow/.local/lib/python3.12/site-packages/airflow/example_dags/tutorial.py
[2024-05-02T10:47:30.407+0000] {processor.py:840} INFO - DAG(s) 'tutorial' retrieved from /home/airflow/.local/lib/python3.12/site-packages/airflow/example_dags/tutorial.py
[2024-05-02T10:47:30.418+0000] {logging_mixin.py:188} INFO - [2024-05-02T10:47:30.418+0000] {dag.py:3096} INFO - Sync 1 DAGs
[2024-05-02T10:47:30.465+0000] {logging_mixin.py:188} INFO - [2024-05-02T10:47:30.465+0000] {dag.py:3954} INFO - Setting next_dagrun for tutorial to 2024-05-01 00:00:00+00:00, run_after=2024-05-02 00:00:00+00:00
[2024-05-02T10:47:30.490+0000] {processor.py:183} INFO - Processing /home/airflow/.local/lib/python3.12/site-packages/airflow/example_dags/tutorial.py took 0.093 seconds
[2024-05-02T10:48:00.861+0000] {processor.py:161} INFO - Started process (PID=717) to work on /home/airflow/.local/lib/python3.12/site-packages/airflow/example_dags/tutorial.py
[2024-05-02T10:48:00.861+0000] {processor.py:830} INFO - Processing file /home/airflow/.local/lib/python3.12/site-packages/airflow/example_dags/tutorial.py for tasks to queue
[2024-05-02T10:48:00.863+0000] {logging_mixin.py:188} INFO - [2024-05-02T10:48:00.862+0000] {dagbag.py:540} INFO - Filling up the DagBag from /home/airflow/.local/lib/python3.12/site-packages/airflow/example_dags/tutorial.py
[2024-05-02T10:48:00.867+0000] {processor.py:840} INFO - DAG(s) 'tutorial' retrieved from /home/airflow/.local/lib/python3.12/site-packages/airflow/example_dags/tutorial.py
[2024-05-02T10:48:00.883+0000] {logging_mixin.py:188} INFO - [2024-05-02T10:48:00.883+0000] {dag.py:3096} INFO - Sync 1 DAGs
[2024-05-02T10:48:00.897+0000] {logging_mixin.py:188} INFO - [2024-05-02T10:48:00.897+0000] {dag.py:3954} INFO - Setting next_dagrun for tutorial to 2024-05-01 00:00:00+00:00, run_after=2024-05-02 00:00:00+00:00
[2024-05-02T10:48:00.907+0000] {processor.py:183} INFO - Processing /home/airflow/.local/lib/python3.12/site-packages/airflow/example_dags/tutorial.py took 0.050 seconds
[2024-05-02T10:49:25.696+0000] {processor.py:161} INFO - Started process (PID=60) to work on /home/airflow/.local/lib/python3.12/site-packages/airflow/example_dags/tutorial.py
[2024-05-02T10:49:25.696+0000] {processor.py:830} INFO - Processing file /home/airflow/.local/lib/python3.12/site-packages/airflow/example_dags/tutorial.py for tasks to queue
[2024-05-02T10:49:25.718+0000] {logging_mixin.py:188} INFO - [2024-05-02T10:49:25.717+0000] {dagbag.py:540} INFO - Filling up the DagBag from /home/airflow/.local/lib/python3.12/site-packages/airflow/example_dags/tutorial.py
[2024-05-02T10:49:25.751+0000] {processor.py:840} INFO - DAG(s) 'tutorial' retrieved from /home/airflow/.local/lib/python3.12/site-packages/airflow/example_dags/tutorial.py
[2024-05-02T10:49:25.944+0000] {logging_mixin.py:188} INFO - [2024-05-02T10:49:25.944+0000] {dag.py:3096} INFO - Sync 1 DAGs
[2024-05-02T10:49:25.958+0000] {logging_mixin.py:188} INFO - [2024-05-02T10:49:25.958+0000] {dag.py:3954} INFO - Setting next_dagrun for tutorial to 2024-05-01 00:00:00+00:00, run_after=2024-05-02 00:00:00+00:00
[2024-05-02T10:49:25.982+0000] {processor.py:183} INFO - Processing /home/airflow/.local/lib/python3.12/site-packages/airflow/example_dags/tutorial.py took 0.291 seconds
[2024-05-02T10:49:56.120+0000] {processor.py:161} INFO - Started process (PID=120) to work on /home/airflow/.local/lib/python3.12/site-packages/airflow/example_dags/tutorial.py
[2024-05-02T10:49:56.120+0000] {processor.py:830} INFO - Processing file /home/airflow/.local/lib/python3.12/site-packages/airflow/example_dags/tutorial.py for tasks to queue
[2024-05-02T10:49:56.121+0000] {logging_mixin.py:188} INFO - [2024-05-02T10:49:56.121+0000] {dagbag.py:540} INFO - Filling up the DagBag from /home/airflow/.local/lib/python3.12/site-packages/airflow/example_dags/tutorial.py
[2024-05-02T10:49:56.126+0000] {processor.py:840} INFO - DAG(s) 'tutorial' retrieved from /home/airflow/.local/lib/python3.12/site-packages/airflow/example_dags/tutorial.py
[2024-05-02T10:49:56.137+0000] {logging_mixin.py:188} INFO - [2024-05-02T10:49:56.137+0000] {dag.py:3096} INFO - Sync 1 DAGs
[2024-05-02T10:49:56.152+0000] {logging_mixin.py:188} INFO - [2024-05-02T10:49:56.152+0000] {dag.py:3954} INFO - Setting next_dagrun for tutorial to 2024-05-01 00:00:00+00:00, run_after=2024-05-02 00:00:00+00:00
[2024-05-02T10:49:56.174+0000] {processor.py:183} INFO - Processing /home/airflow/.local/lib/python3.12/site-packages/airflow/example_dags/tutorial.py took 0.058 seconds
[2024-05-02T10:50:26.759+0000] {processor.py:161} INFO - Started process (PID=180) to work on /home/airflow/.local/lib/python3.12/site-packages/airflow/example_dags/tutorial.py
[2024-05-02T10:50:26.760+0000] {processor.py:830} INFO - Processing file /home/airflow/.local/lib/python3.12/site-packages/airflow/example_dags/tutorial.py for tasks to queue
[2024-05-02T10:50:26.761+0000] {logging_mixin.py:188} INFO - [2024-05-02T10:50:26.761+0000] {dagbag.py:540} INFO - Filling up the DagBag from /home/airflow/.local/lib/python3.12/site-packages/airflow/example_dags/tutorial.py
[2024-05-02T10:50:26.766+0000] {processor.py:840} INFO - DAG(s) 'tutorial' retrieved from /home/airflow/.local/lib/python3.12/site-packages/airflow/example_dags/tutorial.py
[2024-05-02T10:50:26.779+0000] {logging_mixin.py:188} INFO - [2024-05-02T10:50:26.778+0000] {dag.py:3096} INFO - Sync 1 DAGs
[2024-05-02T10:50:26.815+0000] {logging_mixin.py:188} INFO - [2024-05-02T10:50:26.815+0000] {dag.py:3954} INFO - Setting next_dagrun for tutorial to 2024-05-01 00:00:00+00:00, run_after=2024-05-02 00:00:00+00:00
[2024-05-02T10:50:26.832+0000] {processor.py:183} INFO - Processing /home/airflow/.local/lib/python3.12/site-packages/airflow/example_dags/tutorial.py took 0.077 seconds
[2024-05-02T10:50:57.746+0000] {processor.py:161} INFO - Started process (PID=239) to work on /home/airflow/.local/lib/python3.12/site-packages/airflow/example_dags/tutorial.py
[2024-05-02T10:50:57.746+0000] {processor.py:830} INFO - Processing file /home/airflow/.local/lib/python3.12/site-packages/airflow/example_dags/tutorial.py for tasks to queue
[2024-05-02T10:50:57.771+0000] {logging_mixin.py:188} INFO - [2024-05-02T10:50:57.771+0000] {dagbag.py:540} INFO - Filling up the DagBag from /home/airflow/.local/lib/python3.12/site-packages/airflow/example_dags/tutorial.py
[2024-05-02T10:50:57.801+0000] {processor.py:840} INFO - DAG(s) 'tutorial' retrieved from /home/airflow/.local/lib/python3.12/site-packages/airflow/example_dags/tutorial.py
[2024-05-02T10:50:57.828+0000] {logging_mixin.py:188} INFO - [2024-05-02T10:50:57.828+0000] {dag.py:3096} INFO - Sync 1 DAGs
[2024-05-02T10:50:57.856+0000] {logging_mixin.py:188} INFO - [2024-05-02T10:50:57.856+0000] {dag.py:3954} INFO - Setting next_dagrun for tutorial to 2024-05-01 00:00:00+00:00, run_after=2024-05-02 00:00:00+00:00
[2024-05-02T10:50:57.878+0000] {processor.py:183} INFO - Processing /home/airflow/.local/lib/python3.12/site-packages/airflow/example_dags/tutorial.py took 0.136 seconds
[2024-05-02T10:51:28.083+0000] {processor.py:161} INFO - Started process (PID=298) to work on /home/airflow/.local/lib/python3.12/site-packages/airflow/example_dags/tutorial.py
[2024-05-02T10:51:28.084+0000] {processor.py:830} INFO - Processing file /home/airflow/.local/lib/python3.12/site-packages/airflow/example_dags/tutorial.py for tasks to queue
[2024-05-02T10:51:28.114+0000] {logging_mixin.py:188} INFO - [2024-05-02T10:51:28.113+0000] {dagbag.py:540} INFO - Filling up the DagBag from /home/airflow/.local/lib/python3.12/site-packages/airflow/example_dags/tutorial.py
[2024-05-02T10:51:28.149+0000] {processor.py:840} INFO - DAG(s) 'tutorial' retrieved from /home/airflow/.local/lib/python3.12/site-packages/airflow/example_dags/tutorial.py
[2024-05-02T10:51:28.197+0000] {logging_mixin.py:188} INFO - [2024-05-02T10:51:28.196+0000] {dag.py:3096} INFO - Sync 1 DAGs
[2024-05-02T10:51:28.451+0000] {logging_mixin.py:188} INFO - [2024-05-02T10:51:28.451+0000] {dag.py:3954} INFO - Setting next_dagrun for tutorial to 2024-05-01 00:00:00+00:00, run_after=2024-05-02 00:00:00+00:00
[2024-05-02T10:51:28.475+0000] {processor.py:183} INFO - Processing /home/airflow/.local/lib/python3.12/site-packages/airflow/example_dags/tutorial.py took 0.395 seconds
[2024-05-02T10:51:58.658+0000] {processor.py:161} INFO - Started process (PID=358) to work on /home/airflow/.local/lib/python3.12/site-packages/airflow/example_dags/tutorial.py
[2024-05-02T10:51:58.658+0000] {processor.py:830} INFO - Processing file /home/airflow/.local/lib/python3.12/site-packages/airflow/example_dags/tutorial.py for tasks to queue
[2024-05-02T10:51:58.659+0000] {logging_mixin.py:188} INFO - [2024-05-02T10:51:58.659+0000] {dagbag.py:540} INFO - Filling up the DagBag from /home/airflow/.local/lib/python3.12/site-packages/airflow/example_dags/tutorial.py
[2024-05-02T10:51:58.663+0000] {processor.py:840} INFO - DAG(s) 'tutorial' retrieved from /home/airflow/.local/lib/python3.12/site-packages/airflow/example_dags/tutorial.py
[2024-05-02T10:51:58.675+0000] {logging_mixin.py:188} INFO - [2024-05-02T10:51:58.674+0000] {dag.py:3096} INFO - Sync 1 DAGs
[2024-05-02T10:51:58.688+0000] {logging_mixin.py:188} INFO - [2024-05-02T10:51:58.688+0000] {dag.py:3954} INFO - Setting next_dagrun for tutorial to 2024-05-01 00:00:00+00:00, run_after=2024-05-02 00:00:00+00:00
[2024-05-02T10:51:58.714+0000] {processor.py:183} INFO - Processing /home/airflow/.local/lib/python3.12/site-packages/airflow/example_dags/tutorial.py took 0.060 seconds
[2024-05-02T10:52:29.269+0000] {processor.py:161} INFO - Started process (PID=418) to work on /home/airflow/.local/lib/python3.12/site-packages/airflow/example_dags/tutorial.py
[2024-05-02T10:52:29.269+0000] {processor.py:830} INFO - Processing file /home/airflow/.local/lib/python3.12/site-packages/airflow/example_dags/tutorial.py for tasks to queue
[2024-05-02T10:52:29.271+0000] {logging_mixin.py:188} INFO - [2024-05-02T10:52:29.270+0000] {dagbag.py:540} INFO - Filling up the DagBag from /home/airflow/.local/lib/python3.12/site-packages/airflow/example_dags/tutorial.py
[2024-05-02T10:52:29.275+0000] {processor.py:840} INFO - DAG(s) 'tutorial' retrieved from /home/airflow/.local/lib/python3.12/site-packages/airflow/example_dags/tutorial.py
[2024-05-02T10:52:29.325+0000] {logging_mixin.py:188} INFO - [2024-05-02T10:52:29.325+0000] {dag.py:3096} INFO - Sync 1 DAGs
[2024-05-02T10:52:29.338+0000] {logging_mixin.py:188} INFO - [2024-05-02T10:52:29.338+0000] {dag.py:3954} INFO - Setting next_dagrun for tutorial to 2024-05-01 00:00:00+00:00, run_after=2024-05-02 00:00:00+00:00
[2024-05-02T10:52:29.349+0000] {processor.py:183} INFO - Processing /home/airflow/.local/lib/python3.12/site-packages/airflow/example_dags/tutorial.py took 0.089 seconds
[2024-05-02T10:52:59.494+0000] {processor.py:161} INFO - Started process (PID=478) to work on /home/airflow/.local/lib/python3.12/site-packages/airflow/example_dags/tutorial.py
[2024-05-02T10:52:59.495+0000] {processor.py:830} INFO - Processing file /home/airflow/.local/lib/python3.12/site-packages/airflow/example_dags/tutorial.py for tasks to queue
[2024-05-02T10:52:59.534+0000] {logging_mixin.py:188} INFO - [2024-05-02T10:52:59.533+0000] {dagbag.py:540} INFO - Filling up the DagBag from /home/airflow/.local/lib/python3.12/site-packages/airflow/example_dags/tutorial.py
[2024-05-02T10:52:59.567+0000] {processor.py:840} INFO - DAG(s) 'tutorial' retrieved from /home/airflow/.local/lib/python3.12/site-packages/airflow/example_dags/tutorial.py
[2024-05-02T10:52:59.598+0000] {logging_mixin.py:188} INFO - [2024-05-02T10:52:59.597+0000] {dag.py:3096} INFO - Sync 1 DAGs
[2024-05-02T10:52:59.610+0000] {logging_mixin.py:188} INFO - [2024-05-02T10:52:59.610+0000] {dag.py:3954} INFO - Setting next_dagrun for tutorial to 2024-05-01 00:00:00+00:00, run_after=2024-05-02 00:00:00+00:00
[2024-05-02T10:52:59.626+0000] {processor.py:183} INFO - Processing /home/airflow/.local/lib/python3.12/site-packages/airflow/example_dags/tutorial.py took 0.138 seconds
[2024-05-02T10:53:30.100+0000] {processor.py:161} INFO - Started process (PID=538) to work on /home/airflow/.local/lib/python3.12/site-packages/airflow/example_dags/tutorial.py
[2024-05-02T10:53:30.100+0000] {processor.py:830} INFO - Processing file /home/airflow/.local/lib/python3.12/site-packages/airflow/example_dags/tutorial.py for tasks to queue
[2024-05-02T10:53:30.101+0000] {logging_mixin.py:188} INFO - [2024-05-02T10:53:30.101+0000] {dagbag.py:540} INFO - Filling up the DagBag from /home/airflow/.local/lib/python3.12/site-packages/airflow/example_dags/tutorial.py
[2024-05-02T10:53:30.105+0000] {processor.py:840} INFO - DAG(s) 'tutorial' retrieved from /home/airflow/.local/lib/python3.12/site-packages/airflow/example_dags/tutorial.py
[2024-05-02T10:53:30.116+0000] {logging_mixin.py:188} INFO - [2024-05-02T10:53:30.116+0000] {dag.py:3096} INFO - Sync 1 DAGs
[2024-05-02T10:53:30.130+0000] {logging_mixin.py:188} INFO - [2024-05-02T10:53:30.130+0000] {dag.py:3954} INFO - Setting next_dagrun for tutorial to 2024-05-01 00:00:00+00:00, run_after=2024-05-02 00:00:00+00:00
[2024-05-02T10:53:30.162+0000] {processor.py:183} INFO - Processing /home/airflow/.local/lib/python3.12/site-packages/airflow/example_dags/tutorial.py took 0.066 seconds
[2024-05-02T10:54:00.562+0000] {processor.py:161} INFO - Started process (PID=598) to work on /home/airflow/.local/lib/python3.12/site-packages/airflow/example_dags/tutorial.py
[2024-05-02T10:54:00.563+0000] {processor.py:830} INFO - Processing file /home/airflow/.local/lib/python3.12/site-packages/airflow/example_dags/tutorial.py for tasks to queue
[2024-05-02T10:54:00.565+0000] {logging_mixin.py:188} INFO - [2024-05-02T10:54:00.564+0000] {dagbag.py:540} INFO - Filling up the DagBag from /home/airflow/.local/lib/python3.12/site-packages/airflow/example_dags/tutorial.py
[2024-05-02T10:54:00.570+0000] {processor.py:840} INFO - DAG(s) 'tutorial' retrieved from /home/airflow/.local/lib/python3.12/site-packages/airflow/example_dags/tutorial.py
[2024-05-02T10:54:00.584+0000] {logging_mixin.py:188} INFO - [2024-05-02T10:54:00.583+0000] {dag.py:3096} INFO - Sync 1 DAGs
[2024-05-02T10:54:00.616+0000] {logging_mixin.py:188} INFO - [2024-05-02T10:54:00.616+0000] {dag.py:3954} INFO - Setting next_dagrun for tutorial to 2024-05-01 00:00:00+00:00, run_after=2024-05-02 00:00:00+00:00
[2024-05-02T10:54:00.626+0000] {processor.py:183} INFO - Processing /home/airflow/.local/lib/python3.12/site-packages/airflow/example_dags/tutorial.py took 0.070 seconds
[2024-05-02T10:54:30.774+0000] {processor.py:161} INFO - Started process (PID=658) to work on /home/airflow/.local/lib/python3.12/site-packages/airflow/example_dags/tutorial.py
[2024-05-02T10:54:30.775+0000] {processor.py:830} INFO - Processing file /home/airflow/.local/lib/python3.12/site-packages/airflow/example_dags/tutorial.py for tasks to queue
[2024-05-02T10:54:30.776+0000] {logging_mixin.py:188} INFO - [2024-05-02T10:54:30.776+0000] {dagbag.py:540} INFO - Filling up the DagBag from /home/airflow/.local/lib/python3.12/site-packages/airflow/example_dags/tutorial.py
[2024-05-02T10:54:30.780+0000] {processor.py:840} INFO - DAG(s) 'tutorial' retrieved from /home/airflow/.local/lib/python3.12/site-packages/airflow/example_dags/tutorial.py
[2024-05-02T10:54:30.794+0000] {logging_mixin.py:188} INFO - [2024-05-02T10:54:30.793+0000] {dag.py:3096} INFO - Sync 1 DAGs
[2024-05-02T10:54:30.827+0000] {logging_mixin.py:188} INFO - [2024-05-02T10:54:30.827+0000] {dag.py:3954} INFO - Setting next_dagrun for tutorial to 2024-05-01 00:00:00+00:00, run_after=2024-05-02 00:00:00+00:00
[2024-05-02T10:54:30.838+0000] {processor.py:183} INFO - Processing /home/airflow/.local/lib/python3.12/site-packages/airflow/example_dags/tutorial.py took 0.068 seconds
[2024-05-02T10:55:01.124+0000] {processor.py:161} INFO - Started process (PID=718) to work on /home/airflow/.local/lib/python3.12/site-packages/airflow/example_dags/tutorial.py
[2024-05-02T10:55:01.124+0000] {processor.py:830} INFO - Processing file /home/airflow/.local/lib/python3.12/site-packages/airflow/example_dags/tutorial.py for tasks to queue
[2024-05-02T10:55:01.125+0000] {logging_mixin.py:188} INFO - [2024-05-02T10:55:01.125+0000] {dagbag.py:540} INFO - Filling up the DagBag from /home/airflow/.local/lib/python3.12/site-packages/airflow/example_dags/tutorial.py
[2024-05-02T10:55:01.129+0000] {processor.py:840} INFO - DAG(s) 'tutorial' retrieved from /home/airflow/.local/lib/python3.12/site-packages/airflow/example_dags/tutorial.py
[2024-05-02T10:55:01.141+0000] {logging_mixin.py:188} INFO - [2024-05-02T10:55:01.140+0000] {dag.py:3096} INFO - Sync 1 DAGs
[2024-05-02T10:55:01.156+0000] {logging_mixin.py:188} INFO - [2024-05-02T10:55:01.156+0000] {dag.py:3954} INFO - Setting next_dagrun for tutorial to 2024-05-01 00:00:00+00:00, run_after=2024-05-02 00:00:00+00:00
[2024-05-02T10:55:01.182+0000] {processor.py:183} INFO - Processing /home/airflow/.local/lib/python3.12/site-packages/airflow/example_dags/tutorial.py took 0.062 seconds
[2024-05-02T10:55:31.549+0000] {processor.py:161} INFO - Started process (PID=784) to work on /home/airflow/.local/lib/python3.12/site-packages/airflow/example_dags/tutorial.py
[2024-05-02T10:55:31.549+0000] {processor.py:830} INFO - Processing file /home/airflow/.local/lib/python3.12/site-packages/airflow/example_dags/tutorial.py for tasks to queue
[2024-05-02T10:55:31.551+0000] {logging_mixin.py:188} INFO - [2024-05-02T10:55:31.551+0000] {dagbag.py:540} INFO - Filling up the DagBag from /home/airflow/.local/lib/python3.12/site-packages/airflow/example_dags/tutorial.py
[2024-05-02T10:55:31.555+0000] {processor.py:840} INFO - DAG(s) 'tutorial' retrieved from /home/airflow/.local/lib/python3.12/site-packages/airflow/example_dags/tutorial.py
[2024-05-02T10:55:31.570+0000] {logging_mixin.py:188} INFO - [2024-05-02T10:55:31.570+0000] {dag.py:3096} INFO - Sync 1 DAGs
[2024-05-02T10:55:31.612+0000] {logging_mixin.py:188} INFO - [2024-05-02T10:55:31.612+0000] {dag.py:3954} INFO - Setting next_dagrun for tutorial to 2024-05-01 00:00:00+00:00, run_after=2024-05-02 00:00:00+00:00
[2024-05-02T10:55:31.670+0000] {processor.py:183} INFO - Processing /home/airflow/.local/lib/python3.12/site-packages/airflow/example_dags/tutorial.py took 0.129 seconds
[2024-05-02T10:56:01.746+0000] {processor.py:161} INFO - Started process (PID=844) to work on /home/airflow/.local/lib/python3.12/site-packages/airflow/example_dags/tutorial.py
[2024-05-02T10:56:01.747+0000] {processor.py:830} INFO - Processing file /home/airflow/.local/lib/python3.12/site-packages/airflow/example_dags/tutorial.py for tasks to queue
[2024-05-02T10:56:01.748+0000] {logging_mixin.py:188} INFO - [2024-05-02T10:56:01.748+0000] {dagbag.py:540} INFO - Filling up the DagBag from /home/airflow/.local/lib/python3.12/site-packages/airflow/example_dags/tutorial.py
[2024-05-02T10:56:01.752+0000] {processor.py:840} INFO - DAG(s) 'tutorial' retrieved from /home/airflow/.local/lib/python3.12/site-packages/airflow/example_dags/tutorial.py
[2024-05-02T10:56:01.765+0000] {logging_mixin.py:188} INFO - [2024-05-02T10:56:01.765+0000] {dag.py:3096} INFO - Sync 1 DAGs
[2024-05-02T10:56:01.808+0000] {logging_mixin.py:188} INFO - [2024-05-02T10:56:01.808+0000] {dag.py:3954} INFO - Setting next_dagrun for tutorial to 2024-05-01 00:00:00+00:00, run_after=2024-05-02 00:00:00+00:00
[2024-05-02T10:56:01.830+0000] {processor.py:183} INFO - Processing /home/airflow/.local/lib/python3.12/site-packages/airflow/example_dags/tutorial.py took 0.088 seconds
[2024-05-02T10:56:32.194+0000] {processor.py:161} INFO - Started process (PID=904) to work on /home/airflow/.local/lib/python3.12/site-packages/airflow/example_dags/tutorial.py
[2024-05-02T10:56:32.195+0000] {processor.py:830} INFO - Processing file /home/airflow/.local/lib/python3.12/site-packages/airflow/example_dags/tutorial.py for tasks to queue
[2024-05-02T10:56:32.222+0000] {logging_mixin.py:188} INFO - [2024-05-02T10:56:32.222+0000] {dagbag.py:540} INFO - Filling up the DagBag from /home/airflow/.local/lib/python3.12/site-packages/airflow/example_dags/tutorial.py
[2024-05-02T10:56:32.226+0000] {processor.py:840} INFO - DAG(s) 'tutorial' retrieved from /home/airflow/.local/lib/python3.12/site-packages/airflow/example_dags/tutorial.py
[2024-05-02T10:56:32.238+0000] {logging_mixin.py:188} INFO - [2024-05-02T10:56:32.238+0000] {dag.py:3096} INFO - Sync 1 DAGs
[2024-05-02T10:56:32.254+0000] {logging_mixin.py:188} INFO - [2024-05-02T10:56:32.253+0000] {dag.py:3954} INFO - Setting next_dagrun for tutorial to 2024-05-01 00:00:00+00:00, run_after=2024-05-02 00:00:00+00:00
[2024-05-02T10:56:32.283+0000] {processor.py:183} INFO - Processing /home/airflow/.local/lib/python3.12/site-packages/airflow/example_dags/tutorial.py took 0.095 seconds
[2024-05-02T10:57:02.786+0000] {processor.py:161} INFO - Started process (PID=964) to work on /home/airflow/.local/lib/python3.12/site-packages/airflow/example_dags/tutorial.py
[2024-05-02T10:57:02.787+0000] {processor.py:830} INFO - Processing file /home/airflow/.local/lib/python3.12/site-packages/airflow/example_dags/tutorial.py for tasks to queue
[2024-05-02T10:57:02.788+0000] {logging_mixin.py:188} INFO - [2024-05-02T10:57:02.788+0000] {dagbag.py:540} INFO - Filling up the DagBag from /home/airflow/.local/lib/python3.12/site-packages/airflow/example_dags/tutorial.py
[2024-05-02T10:57:02.792+0000] {processor.py:840} INFO - DAG(s) 'tutorial' retrieved from /home/airflow/.local/lib/python3.12/site-packages/airflow/example_dags/tutorial.py
[2024-05-02T10:57:02.807+0000] {logging_mixin.py:188} INFO - [2024-05-02T10:57:02.807+0000] {dag.py:3096} INFO - Sync 1 DAGs
[2024-05-02T10:57:02.825+0000] {logging_mixin.py:188} INFO - [2024-05-02T10:57:02.825+0000] {dag.py:3954} INFO - Setting next_dagrun for tutorial to 2024-05-01 00:00:00+00:00, run_after=2024-05-02 00:00:00+00:00
[2024-05-02T10:57:02.863+0000] {processor.py:183} INFO - Processing /home/airflow/.local/lib/python3.12/site-packages/airflow/example_dags/tutorial.py took 0.083 seconds
