[2024-05-02T11:16:37.173+0000] {local_task_job_runner.py:120} INFO - ::group::Pre task execution logs
[2024-05-02T11:16:37.186+0000] {taskinstance.py:2073} INFO - Dependencies all met for dep_context=non-requeueable deps ti=<TaskInstance: cep_dag.etl_2 manual__2024-05-02T11:14:12.031292+00:00 [queued]>
[2024-05-02T11:16:37.191+0000] {taskinstance.py:2073} INFO - Dependencies all met for dep_context=requeueable deps ti=<TaskInstance: cep_dag.etl_2 manual__2024-05-02T11:14:12.031292+00:00 [queued]>
[2024-05-02T11:16:37.191+0000] {taskinstance.py:2303} INFO - Starting attempt 1 of 1
[2024-05-02T11:16:37.198+0000] {taskinstance.py:2327} INFO - Executing <Task(_PythonDecoratedOperator): etl_2> on 2024-05-02 11:14:12.031292+00:00
[2024-05-02T11:16:37.203+0000] {warnings.py:110} WARNING - /home/***/.local/lib/python3.12/site-packages/***/task/task_runner/standard_task_runner.py:61: DeprecationWarning: This process (pid=137) is multi-threaded, use of fork() may lead to deadlocks in the child.
  pid = os.fork()

[2024-05-02T11:16:37.204+0000] {standard_task_runner.py:63} INFO - Started process 139 to run task
[2024-05-02T11:16:37.204+0000] {standard_task_runner.py:90} INFO - Running: ['***', 'tasks', 'run', 'cep_dag', 'etl_2', 'manual__2024-05-02T11:14:12.031292+00:00', '--job-id', '19', '--raw', '--subdir', 'DAGS_FOLDER/cep.py', '--cfg-path', '/tmp/tmpzi055xgq']
[2024-05-02T11:16:37.205+0000] {standard_task_runner.py:91} INFO - Job 19: Subtask etl_2
[2024-05-02T11:16:37.231+0000] {task_command.py:426} INFO - Running <TaskInstance: cep_dag.etl_2 manual__2024-05-02T11:14:12.031292+00:00 [running]> on host 278214997a30
[2024-05-02T11:16:37.277+0000] {taskinstance.py:2644} INFO - Exporting env vars: AIRFLOW_CTX_DAG_OWNER='***' AIRFLOW_CTX_DAG_ID='cep_dag' AIRFLOW_CTX_TASK_ID='etl_2' AIRFLOW_CTX_EXECUTION_DATE='2024-05-02T11:14:12.031292+00:00' AIRFLOW_CTX_TRY_NUMBER='1' AIRFLOW_CTX_DAG_RUN_ID='manual__2024-05-02T11:14:12.031292+00:00'
[2024-05-02T11:16:37.278+0000] {taskinstance.py:430} INFO - ::endgroup::
[2024-05-02T11:16:37.279+0000] {logging_mixin.py:188} INFO - [{'filename': 'log_logradouro_ac.txt', 'tablename': 'log_logradouro', 'columns': ['log_nu', 'ufe_sg', 'loc_nu', 'bai_nu_ini', 'bai_nu_fim', 'log_no', 'log_complemento', 'cep', 'tlo_tx', 'log_sta_tlo', 'log_no_abrev']}, {'filename': 'log_logradouro_al.txt', 'tablename': 'log_logradouro', 'columns': ['log_nu', 'ufe_sg', 'loc_nu', 'bai_nu_ini', 'bai_nu_fim', 'log_no', 'log_complemento', 'cep', 'tlo_tx', 'log_sta_tlo', 'log_no_abrev']}, {'filename': 'log_logradouro_am.txt', 'tablename': 'log_logradouro', 'columns': ['log_nu', 'ufe_sg', 'loc_nu', 'bai_nu_ini', 'bai_nu_fim', 'log_no', 'log_complemento', 'cep', 'tlo_tx', 'log_sta_tlo', 'log_no_abrev']}, {'filename': 'log_logradouro_ap.txt', 'tablename': 'log_logradouro', 'columns': ['log_nu', 'ufe_sg', 'loc_nu', 'bai_nu_ini', 'bai_nu_fim', 'log_no', 'log_complemento', 'cep', 'tlo_tx', 'log_sta_tlo', 'log_no_abrev']}, {'filename': 'log_logradouro_ba.txt', 'tablename': 'log_logradouro', 'columns': ['log_nu', 'ufe_sg', 'loc_nu', 'bai_nu_ini', 'bai_nu_fim', 'log_no', 'log_complemento', 'cep', 'tlo_tx', 'log_sta_tlo', 'log_no_abrev']}, {'filename': 'log_logradouro_ce.txt', 'tablename': 'log_logradouro', 'columns': ['log_nu', 'ufe_sg', 'loc_nu', 'bai_nu_ini', 'bai_nu_fim', 'log_no', 'log_complemento', 'cep', 'tlo_tx', 'log_sta_tlo', 'log_no_abrev']}, {'filename': 'log_logradouro_df.txt', 'tablename': 'log_logradouro', 'columns': ['log_nu', 'ufe_sg', 'loc_nu', 'bai_nu_ini', 'bai_nu_fim', 'log_no', 'log_complemento', 'cep', 'tlo_tx', 'log_sta_tlo', 'log_no_abrev']}, {'filename': 'log_logradouro_es.txt', 'tablename': 'log_logradouro', 'columns': ['log_nu', 'ufe_sg', 'loc_nu', 'bai_nu_ini', 'bai_nu_fim', 'log_no', 'log_complemento', 'cep', 'tlo_tx', 'log_sta_tlo', 'log_no_abrev']}, {'filename': 'log_logradouro_go.txt', 'tablename': 'log_logradouro', 'columns': ['log_nu', 'ufe_sg', 'loc_nu', 'bai_nu_ini', 'bai_nu_fim', 'log_no', 'log_complemento', 'cep', 'tlo_tx', 'log_sta_tlo', 'log_no_abrev']}, {'filename': 'log_logradouro_ma.txt', 'tablename': 'log_logradouro', 'columns': ['log_nu', 'ufe_sg', 'loc_nu', 'bai_nu_ini', 'bai_nu_fim', 'log_no', 'log_complemento', 'cep', 'tlo_tx', 'log_sta_tlo', 'log_no_abrev']}, {'filename': 'log_logradouro_ms.txt', 'tablename': 'log_logradouro', 'columns': ['log_nu', 'ufe_sg', 'loc_nu', 'bai_nu_ini', 'bai_nu_fim', 'log_no', 'log_complemento', 'cep', 'tlo_tx', 'log_sta_tlo', 'log_no_abrev']}, {'filename': 'log_logradouro_mt.txt', 'tablename': 'log_logradouro', 'columns': ['log_nu', 'ufe_sg', 'loc_nu', 'bai_nu_ini', 'bai_nu_fim', 'log_no', 'log_complemento', 'cep', 'tlo_tx', 'log_sta_tlo', 'log_no_abrev']}, {'filename': 'log_logradouro_pa.txt', 'tablename': 'log_logradouro', 'columns': ['log_nu', 'ufe_sg', 'loc_nu', 'bai_nu_ini', 'bai_nu_fim', 'log_no', 'log_complemento', 'cep', 'tlo_tx', 'log_sta_tlo', 'log_no_abrev']}, {'filename': 'log_logradouro_pb.txt', 'tablename': 'log_logradouro', 'columns': ['log_nu', 'ufe_sg', 'loc_nu', 'bai_nu_ini', 'bai_nu_fim', 'log_no', 'log_complemento', 'cep', 'tlo_tx', 'log_sta_tlo', 'log_no_abrev']}, {'filename': 'log_logradouro_pe.txt', 'tablename': 'log_logradouro', 'columns': ['log_nu', 'ufe_sg', 'loc_nu', 'bai_nu_ini', 'bai_nu_fim', 'log_no', 'log_complemento', 'cep', 'tlo_tx', 'log_sta_tlo', 'log_no_abrev']}, {'filename': 'log_logradouro_pi.txt', 'tablename': 'log_logradouro', 'columns': ['log_nu', 'ufe_sg', 'loc_nu', 'bai_nu_ini', 'bai_nu_fim', 'log_no', 'log_complemento', 'cep', 'tlo_tx', 'log_sta_tlo', 'log_no_abrev']}, {'filename': 'log_logradouro_pr.txt', 'tablename': 'log_logradouro', 'columns': ['log_nu', 'ufe_sg', 'loc_nu', 'bai_nu_ini', 'bai_nu_fim', 'log_no', 'log_complemento', 'cep', 'tlo_tx', 'log_sta_tlo', 'log_no_abrev']}, {'filename': 'log_logradouro_rn.txt', 'tablename': 'log_logradouro', 'columns': ['log_nu', 'ufe_sg', 'loc_nu', 'bai_nu_ini', 'bai_nu_fim', 'log_no', 'log_complemento', 'cep', 'tlo_tx', 'log_sta_tlo', 'log_no_abrev']}, {'filename': 'log_logradouro_ro.txt', 'tablename': 'log_logradouro', 'columns': ['log_nu', 'ufe_sg', 'loc_nu', 'bai_nu_ini', 'bai_nu_fim', 'log_no', 'log_complemento', 'cep', 'tlo_tx', 'log_sta_tlo', 'log_no_abrev']}, {'filename': 'log_logradouro_rr.txt', 'tablename': 'log_logradouro', 'columns': ['log_nu', 'ufe_sg', 'loc_nu', 'bai_nu_ini', 'bai_nu_fim', 'log_no', 'log_complemento', 'cep', 'tlo_tx', 'log_sta_tlo', 'log_no_abrev']}, {'filename': 'log_logradouro_rs.txt', 'tablename': 'log_logradouro', 'columns': ['log_nu', 'ufe_sg', 'loc_nu', 'bai_nu_ini', 'bai_nu_fim', 'log_no', 'log_complemento', 'cep', 'tlo_tx', 'log_sta_tlo', 'log_no_abrev']}, {'filename': 'log_logradouro_sc.txt', 'tablename': 'log_logradouro', 'columns': ['log_nu', 'ufe_sg', 'loc_nu', 'bai_nu_ini', 'bai_nu_fim', 'log_no', 'log_complemento', 'cep', 'tlo_tx', 'log_sta_tlo', 'log_no_abrev']}, {'filename': 'log_logradouro_se.txt', 'tablename': 'log_logradouro', 'columns': ['log_nu', 'ufe_sg', 'loc_nu', 'bai_nu_ini', 'bai_nu_fim', 'log_no', 'log_complemento', 'cep', 'tlo_tx', 'log_sta_tlo', 'log_no_abrev']}, {'filename': 'log_logradouro_to.txt', 'tablename': 'log_logradouro', 'columns': ['log_nu', 'ufe_sg', 'loc_nu', 'bai_nu_ini', 'bai_nu_fim', 'log_no', 'log_complemento', 'cep', 'tlo_tx', 'log_sta_tlo', 'log_no_abrev']}]
[2024-05-02T11:16:37.279+0000] {logging_mixin.py:188} INFO - Filename: /opt/***/output/cep/log_logradouro_ac.txt, Table: log_logradouro, Columns: ['log_nu', 'ufe_sg', 'loc_nu', 'bai_nu_ini', 'bai_nu_fim', 'log_no', 'log_complemento', 'cep', 'tlo_tx', 'log_sta_tlo', 'log_no_abrev']
[2024-05-02T11:16:37.289+0000] {logging_mixin.py:188} INFO - /opt/***/output/cep/log_logradouro_ac.txt loaded into dataframe
[2024-05-02T11:16:37.878+0000] {logging_mixin.py:188} INFO - log_logradouro persisted
[2024-05-02T11:16:37.880+0000] {logging_mixin.py:188} INFO - Filename: /opt/***/output/cep/log_logradouro_al.txt, Table: log_logradouro, Columns: ['log_nu', 'ufe_sg', 'loc_nu', 'bai_nu_ini', 'bai_nu_fim', 'log_no', 'log_complemento', 'cep', 'tlo_tx', 'log_sta_tlo', 'log_no_abrev']
[2024-05-02T11:16:37.907+0000] {logging_mixin.py:188} INFO - /opt/***/output/cep/log_logradouro_al.txt loaded into dataframe
[2024-05-02T11:16:38.869+0000] {logging_mixin.py:188} INFO - log_logradouro persisted
[2024-05-02T11:16:38.870+0000] {logging_mixin.py:188} INFO - Filename: /opt/***/output/cep/log_logradouro_am.txt, Table: log_logradouro, Columns: ['log_nu', 'ufe_sg', 'loc_nu', 'bai_nu_ini', 'bai_nu_fim', 'log_no', 'log_complemento', 'cep', 'tlo_tx', 'log_sta_tlo', 'log_no_abrev']
[2024-05-02T11:16:38.890+0000] {logging_mixin.py:188} INFO - /opt/***/output/cep/log_logradouro_am.txt loaded into dataframe
[2024-05-02T11:16:40.242+0000] {logging_mixin.py:188} INFO - log_logradouro persisted
[2024-05-02T11:16:40.243+0000] {logging_mixin.py:188} INFO - Filename: /opt/***/output/cep/log_logradouro_ap.txt, Table: log_logradouro, Columns: ['log_nu', 'ufe_sg', 'loc_nu', 'bai_nu_ini', 'bai_nu_fim', 'log_no', 'log_complemento', 'cep', 'tlo_tx', 'log_sta_tlo', 'log_no_abrev']
[2024-05-02T11:16:40.249+0000] {logging_mixin.py:188} INFO - /opt/***/output/cep/log_logradouro_ap.txt loaded into dataframe
[2024-05-02T11:16:40.850+0000] {logging_mixin.py:188} INFO - log_logradouro persisted
[2024-05-02T11:16:40.851+0000] {logging_mixin.py:188} INFO - Filename: /opt/***/output/cep/log_logradouro_ba.txt, Table: log_logradouro, Columns: ['log_nu', 'ufe_sg', 'loc_nu', 'bai_nu_ini', 'bai_nu_fim', 'log_no', 'log_complemento', 'cep', 'tlo_tx', 'log_sta_tlo', 'log_no_abrev']
[2024-05-02T11:16:40.917+0000] {logging_mixin.py:188} INFO - /opt/***/output/cep/log_logradouro_ba.txt loaded into dataframe
[2024-05-02T11:16:45.796+0000] {logging_mixin.py:188} INFO - log_logradouro persisted
[2024-05-02T11:16:45.799+0000] {logging_mixin.py:188} INFO - Filename: /opt/***/output/cep/log_logradouro_ce.txt, Table: log_logradouro, Columns: ['log_nu', 'ufe_sg', 'loc_nu', 'bai_nu_ini', 'bai_nu_fim', 'log_no', 'log_complemento', 'cep', 'tlo_tx', 'log_sta_tlo', 'log_no_abrev']
[2024-05-02T11:16:45.829+0000] {logging_mixin.py:188} INFO - /opt/***/output/cep/log_logradouro_ce.txt loaded into dataframe
[2024-05-02T11:16:48.118+0000] {logging_mixin.py:188} INFO - log_logradouro persisted
[2024-05-02T11:16:48.122+0000] {logging_mixin.py:188} INFO - Filename: /opt/***/output/cep/log_logradouro_df.txt, Table: log_logradouro, Columns: ['log_nu', 'ufe_sg', 'loc_nu', 'bai_nu_ini', 'bai_nu_fim', 'log_no', 'log_complemento', 'cep', 'tlo_tx', 'log_sta_tlo', 'log_no_abrev']
[2024-05-02T11:16:48.157+0000] {logging_mixin.py:188} INFO - /opt/***/output/cep/log_logradouro_df.txt loaded into dataframe
[2024-05-02T11:16:50.831+0000] {logging_mixin.py:188} INFO - log_logradouro persisted
[2024-05-02T11:16:50.836+0000] {logging_mixin.py:188} INFO - Filename: /opt/***/output/cep/log_logradouro_es.txt, Table: log_logradouro, Columns: ['log_nu', 'ufe_sg', 'loc_nu', 'bai_nu_ini', 'bai_nu_fim', 'log_no', 'log_complemento', 'cep', 'tlo_tx', 'log_sta_tlo', 'log_no_abrev']
[2024-05-02T11:16:50.878+0000] {logging_mixin.py:188} INFO - /opt/***/output/cep/log_logradouro_es.txt loaded into dataframe
[2024-05-02T11:16:53.803+0000] {logging_mixin.py:188} INFO - log_logradouro persisted
[2024-05-02T11:16:53.808+0000] {logging_mixin.py:188} INFO - Filename: /opt/***/output/cep/log_logradouro_go.txt, Table: log_logradouro, Columns: ['log_nu', 'ufe_sg', 'loc_nu', 'bai_nu_ini', 'bai_nu_fim', 'log_no', 'log_complemento', 'cep', 'tlo_tx', 'log_sta_tlo', 'log_no_abrev']
[2024-05-02T11:16:53.877+0000] {logging_mixin.py:188} INFO - /opt/***/output/cep/log_logradouro_go.txt loaded into dataframe
[2024-05-02T11:16:58.018+0000] {logging_mixin.py:188} INFO - log_logradouro persisted
[2024-05-02T11:16:58.020+0000] {logging_mixin.py:188} INFO - Filename: /opt/***/output/cep/log_logradouro_ma.txt, Table: log_logradouro, Columns: ['log_nu', 'ufe_sg', 'loc_nu', 'bai_nu_ini', 'bai_nu_fim', 'log_no', 'log_complemento', 'cep', 'tlo_tx', 'log_sta_tlo', 'log_no_abrev']
[2024-05-02T11:16:58.037+0000] {logging_mixin.py:188} INFO - /opt/***/output/cep/log_logradouro_ma.txt loaded into dataframe
[2024-05-02T11:16:59.460+0000] {logging_mixin.py:188} INFO - log_logradouro persisted
[2024-05-02T11:16:59.461+0000] {logging_mixin.py:188} INFO - Filename: /opt/***/output/cep/log_logradouro_ms.txt, Table: log_logradouro, Columns: ['log_nu', 'ufe_sg', 'loc_nu', 'bai_nu_ini', 'bai_nu_fim', 'log_no', 'log_complemento', 'cep', 'tlo_tx', 'log_sta_tlo', 'log_no_abrev']
[2024-05-02T11:16:59.479+0000] {logging_mixin.py:188} INFO - /opt/***/output/cep/log_logradouro_ms.txt loaded into dataframe
[2024-05-02T11:17:00.600+0000] {logging_mixin.py:188} INFO - log_logradouro persisted
[2024-05-02T11:17:00.603+0000] {logging_mixin.py:188} INFO - Filename: /opt/***/output/cep/log_logradouro_mt.txt, Table: log_logradouro, Columns: ['log_nu', 'ufe_sg', 'loc_nu', 'bai_nu_ini', 'bai_nu_fim', 'log_no', 'log_complemento', 'cep', 'tlo_tx', 'log_sta_tlo', 'log_no_abrev']
[2024-05-02T11:17:00.632+0000] {logging_mixin.py:188} INFO - /opt/***/output/cep/log_logradouro_mt.txt loaded into dataframe
[2024-05-02T11:17:02.090+0000] {logging_mixin.py:188} INFO - log_logradouro persisted
[2024-05-02T11:17:02.091+0000] {logging_mixin.py:188} INFO - Filename: /opt/***/output/cep/log_logradouro_pa.txt, Table: log_logradouro, Columns: ['log_nu', 'ufe_sg', 'loc_nu', 'bai_nu_ini', 'bai_nu_fim', 'log_no', 'log_complemento', 'cep', 'tlo_tx', 'log_sta_tlo', 'log_no_abrev']
[2024-05-02T11:17:02.115+0000] {logging_mixin.py:188} INFO - /opt/***/output/cep/log_logradouro_pa.txt loaded into dataframe
[2024-05-02T11:17:04.026+0000] {logging_mixin.py:188} INFO - log_logradouro persisted
[2024-05-02T11:17:04.029+0000] {logging_mixin.py:188} INFO - Filename: /opt/***/output/cep/log_logradouro_pb.txt, Table: log_logradouro, Columns: ['log_nu', 'ufe_sg', 'loc_nu', 'bai_nu_ini', 'bai_nu_fim', 'log_no', 'log_complemento', 'cep', 'tlo_tx', 'log_sta_tlo', 'log_no_abrev']
[2024-05-02T11:17:04.056+0000] {logging_mixin.py:188} INFO - /opt/***/output/cep/log_logradouro_pb.txt loaded into dataframe
[2024-05-02T11:17:05.357+0000] {logging_mixin.py:188} INFO - log_logradouro persisted
[2024-05-02T11:17:05.358+0000] {logging_mixin.py:188} INFO - Filename: /opt/***/output/cep/log_logradouro_pe.txt, Table: log_logradouro, Columns: ['log_nu', 'ufe_sg', 'loc_nu', 'bai_nu_ini', 'bai_nu_fim', 'log_no', 'log_complemento', 'cep', 'tlo_tx', 'log_sta_tlo', 'log_no_abrev']
[2024-05-02T11:17:05.414+0000] {logging_mixin.py:188} INFO - /opt/***/output/cep/log_logradouro_pe.txt loaded into dataframe
[2024-05-02T11:17:08.821+0000] {logging_mixin.py:188} INFO - log_logradouro persisted
[2024-05-02T11:17:08.828+0000] {logging_mixin.py:188} INFO - Filename: /opt/***/output/cep/log_logradouro_pi.txt, Table: log_logradouro, Columns: ['log_nu', 'ufe_sg', 'loc_nu', 'bai_nu_ini', 'bai_nu_fim', 'log_no', 'log_complemento', 'cep', 'tlo_tx', 'log_sta_tlo', 'log_no_abrev']
[2024-05-02T11:17:08.849+0000] {logging_mixin.py:188} INFO - /opt/***/output/cep/log_logradouro_pi.txt loaded into dataframe
[2024-05-02T11:17:10.449+0000] {logging_mixin.py:188} INFO - log_logradouro persisted
[2024-05-02T11:17:10.451+0000] {logging_mixin.py:188} INFO - Filename: /opt/***/output/cep/log_logradouro_pr.txt, Table: log_logradouro, Columns: ['log_nu', 'ufe_sg', 'loc_nu', 'bai_nu_ini', 'bai_nu_fim', 'log_no', 'log_complemento', 'cep', 'tlo_tx', 'log_sta_tlo', 'log_no_abrev']
[2024-05-02T11:17:10.528+0000] {logging_mixin.py:188} INFO - /opt/***/output/cep/log_logradouro_pr.txt loaded into dataframe
[2024-05-02T11:17:14.288+0000] {logging_mixin.py:188} INFO - log_logradouro persisted
[2024-05-02T11:17:14.295+0000] {logging_mixin.py:188} INFO - Filename: /opt/***/output/cep/log_logradouro_rn.txt, Table: log_logradouro, Columns: ['log_nu', 'ufe_sg', 'loc_nu', 'bai_nu_ini', 'bai_nu_fim', 'log_no', 'log_complemento', 'cep', 'tlo_tx', 'log_sta_tlo', 'log_no_abrev']
[2024-05-02T11:17:14.315+0000] {logging_mixin.py:188} INFO - /opt/***/output/cep/log_logradouro_rn.txt loaded into dataframe
[2024-05-02T11:17:15.661+0000] {logging_mixin.py:188} INFO - log_logradouro persisted
[2024-05-02T11:17:15.662+0000] {logging_mixin.py:188} INFO - Filename: /opt/***/output/cep/log_logradouro_ro.txt, Table: log_logradouro, Columns: ['log_nu', 'ufe_sg', 'loc_nu', 'bai_nu_ini', 'bai_nu_fim', 'log_no', 'log_complemento', 'cep', 'tlo_tx', 'log_sta_tlo', 'log_no_abrev']
[2024-05-02T11:17:15.677+0000] {logging_mixin.py:188} INFO - /opt/***/output/cep/log_logradouro_ro.txt loaded into dataframe
[2024-05-02T11:17:16.727+0000] {logging_mixin.py:188} INFO - log_logradouro persisted
[2024-05-02T11:17:16.729+0000] {logging_mixin.py:188} INFO - Filename: /opt/***/output/cep/log_logradouro_rr.txt, Table: log_logradouro, Columns: ['log_nu', 'ufe_sg', 'loc_nu', 'bai_nu_ini', 'bai_nu_fim', 'log_no', 'log_complemento', 'cep', 'tlo_tx', 'log_sta_tlo', 'log_no_abrev']
[2024-05-02T11:17:16.743+0000] {logging_mixin.py:188} INFO - /opt/***/output/cep/log_logradouro_rr.txt loaded into dataframe
[2024-05-02T11:17:17.267+0000] {logging_mixin.py:188} INFO - log_logradouro persisted
[2024-05-02T11:17:17.268+0000] {logging_mixin.py:188} INFO - Filename: /opt/***/output/cep/log_logradouro_rs.txt, Table: log_logradouro, Columns: ['log_nu', 'ufe_sg', 'loc_nu', 'bai_nu_ini', 'bai_nu_fim', 'log_no', 'log_complemento', 'cep', 'tlo_tx', 'log_sta_tlo', 'log_no_abrev']
[2024-05-02T11:17:17.333+0000] {logging_mixin.py:188} INFO - /opt/***/output/cep/log_logradouro_rs.txt loaded into dataframe
[2024-05-02T11:17:20.885+0000] {logging_mixin.py:188} INFO - log_logradouro persisted
[2024-05-02T11:17:20.892+0000] {logging_mixin.py:188} INFO - Filename: /opt/***/output/cep/log_logradouro_sc.txt, Table: log_logradouro, Columns: ['log_nu', 'ufe_sg', 'loc_nu', 'bai_nu_ini', 'bai_nu_fim', 'log_no', 'log_complemento', 'cep', 'tlo_tx', 'log_sta_tlo', 'log_no_abrev']
[2024-05-02T11:17:20.945+0000] {logging_mixin.py:188} INFO - /opt/***/output/cep/log_logradouro_sc.txt loaded into dataframe
[2024-05-02T11:17:24.021+0000] {logging_mixin.py:188} INFO - log_logradouro persisted
[2024-05-02T11:17:24.028+0000] {logging_mixin.py:188} INFO - Filename: /opt/***/output/cep/log_logradouro_se.txt, Table: log_logradouro, Columns: ['log_nu', 'ufe_sg', 'loc_nu', 'bai_nu_ini', 'bai_nu_fim', 'log_no', 'log_complemento', 'cep', 'tlo_tx', 'log_sta_tlo', 'log_no_abrev']
[2024-05-02T11:17:24.043+0000] {logging_mixin.py:188} INFO - /opt/***/output/cep/log_logradouro_se.txt loaded into dataframe
[2024-05-02T11:17:24.953+0000] {logging_mixin.py:188} INFO - log_logradouro persisted
[2024-05-02T11:17:24.955+0000] {logging_mixin.py:188} INFO - Filename: /opt/***/output/cep/log_logradouro_to.txt, Table: log_logradouro, Columns: ['log_nu', 'ufe_sg', 'loc_nu', 'bai_nu_ini', 'bai_nu_fim', 'log_no', 'log_complemento', 'cep', 'tlo_tx', 'log_sta_tlo', 'log_no_abrev']
[2024-05-02T11:17:24.967+0000] {logging_mixin.py:188} INFO - /opt/***/output/cep/log_logradouro_to.txt loaded into dataframe
[2024-05-02T11:17:25.821+0000] {logging_mixin.py:188} INFO - log_logradouro persisted
[2024-05-02T11:17:25.823+0000] {logging_mixin.py:188} INFO - Done
[2024-05-02T11:17:25.824+0000] {python.py:237} INFO - Done. Returned value was: None
[2024-05-02T11:17:25.824+0000] {taskinstance.py:441} INFO - ::group::Post task execution logs
[2024-05-02T11:17:25.842+0000] {taskinstance.py:1205} INFO - Marking task as SUCCESS. dag_id=cep_dag, task_id=etl_2, execution_date=20240502T111412, start_date=20240502T111637, end_date=20240502T111725
[2024-05-02T11:17:25.910+0000] {local_task_job_runner.py:240} INFO - Task exited with return code 0
[2024-05-02T11:17:25.925+0000] {taskinstance.py:3482} INFO - 0 downstream tasks scheduled from follow-on schedule check
[2024-05-02T11:17:25.927+0000] {local_task_job_runner.py:222} INFO - ::endgroup::
