[2024-05-02T12:01:33.079+0000] {local_task_job_runner.py:120} INFO - ::group::Pre task execution logs
[2024-05-02T12:01:33.092+0000] {taskinstance.py:2073} INFO - Dependencies all met for dep_context=non-requeueable deps ti=<TaskInstance: cep_dag.delete_output_cep scheduled__2024-05-01T00:00:00+00:00 [queued]>
[2024-05-02T12:01:33.097+0000] {taskinstance.py:2073} INFO - Dependencies all met for dep_context=requeueable deps ti=<TaskInstance: cep_dag.delete_output_cep scheduled__2024-05-01T00:00:00+00:00 [queued]>
[2024-05-02T12:01:33.097+0000] {taskinstance.py:2303} INFO - Starting attempt 1 of 1
[2024-05-02T12:01:33.105+0000] {taskinstance.py:2327} INFO - Executing <Task(BashOperator): delete_output_cep> on 2024-05-01 00:00:00+00:00
[2024-05-02T12:01:33.111+0000] {warnings.py:110} WARNING - /home/***/.local/lib/python3.12/site-packages/***/task/task_runner/standard_task_runner.py:61: DeprecationWarning: This process (pid=348) is multi-threaded, use of fork() may lead to deadlocks in the child.
  pid = os.fork()

[2024-05-02T12:01:33.111+0000] {standard_task_runner.py:63} INFO - Started process 350 to run task
[2024-05-02T12:01:33.112+0000] {standard_task_runner.py:90} INFO - Running: ['***', 'tasks', 'run', 'cep_dag', 'delete_output_cep', 'scheduled__2024-05-01T00:00:00+00:00', '--job-id', '51', '--raw', '--subdir', 'DAGS_FOLDER/cep.py', '--cfg-path', '/tmp/tmpwhgjz_kq']
[2024-05-02T12:01:33.113+0000] {standard_task_runner.py:91} INFO - Job 51: Subtask delete_output_cep
[2024-05-02T12:01:33.138+0000] {task_command.py:426} INFO - Running <TaskInstance: cep_dag.delete_output_cep scheduled__2024-05-01T00:00:00+00:00 [running]> on host 0e53be1c4f92
[2024-05-02T12:01:33.184+0000] {taskinstance.py:2644} INFO - Exporting env vars: AIRFLOW_CTX_DAG_OWNER='***' AIRFLOW_CTX_DAG_ID='cep_dag' AIRFLOW_CTX_TASK_ID='delete_output_cep' AIRFLOW_CTX_EXECUTION_DATE='2024-05-01T00:00:00+00:00' AIRFLOW_CTX_TRY_NUMBER='1' AIRFLOW_CTX_DAG_RUN_ID='scheduled__2024-05-01T00:00:00+00:00'
[2024-05-02T12:01:33.184+0000] {taskinstance.py:430} INFO - ::endgroup::
[2024-05-02T12:01:33.185+0000] {subprocess.py:63} INFO - Tmp dir root location: /tmp
[2024-05-02T12:01:33.186+0000] {subprocess.py:75} INFO - Running command: ['/usr/bin/bash', '-c', 'rm -R /opt/***/output/cep']
[2024-05-02T12:01:33.196+0000] {subprocess.py:86} INFO - Output:
[2024-05-02T12:01:33.207+0000] {subprocess.py:97} INFO - Command exited with return code 0
[2024-05-02T12:01:33.207+0000] {taskinstance.py:441} INFO - ::group::Post task execution logs
[2024-05-02T12:01:33.221+0000] {taskinstance.py:1205} INFO - Marking task as SUCCESS. dag_id=cep_dag, task_id=delete_output_cep, execution_date=20240501T000000, start_date=20240502T120133, end_date=20240502T120133
[2024-05-02T12:01:33.244+0000] {local_task_job_runner.py:240} INFO - Task exited with return code 0
[2024-05-02T12:01:33.254+0000] {taskinstance.py:3482} INFO - 0 downstream tasks scheduled from follow-on schedule check
[2024-05-02T12:01:33.256+0000] {local_task_job_runner.py:222} INFO - ::endgroup::
