[2024-05-02T12:00:45.894+0000] {local_task_job_runner.py:120} INFO - ::group::Pre task execution logs
[2024-05-02T12:00:45.907+0000] {taskinstance.py:2073} INFO - Dependencies all met for dep_context=non-requeueable deps ti=<TaskInstance: cep_dag.etl_1 scheduled__2024-05-01T00:00:00+00:00 [queued]>
[2024-05-02T12:00:45.912+0000] {taskinstance.py:2073} INFO - Dependencies all met for dep_context=requeueable deps ti=<TaskInstance: cep_dag.etl_1 scheduled__2024-05-01T00:00:00+00:00 [queued]>
[2024-05-02T12:00:45.912+0000] {taskinstance.py:2303} INFO - Starting attempt 1 of 1
[2024-05-02T12:00:45.919+0000] {taskinstance.py:2327} INFO - Executing <Task(_PythonDecoratedOperator): etl_1> on 2024-05-01 00:00:00+00:00
[2024-05-02T12:00:45.926+0000] {warnings.py:110} WARNING - /home/***/.local/lib/python3.12/site-packages/***/task/task_runner/standard_task_runner.py:61: DeprecationWarning: This process (pid=319) is multi-threaded, use of fork() may lead to deadlocks in the child.
  pid = os.fork()

[2024-05-02T12:00:45.926+0000] {standard_task_runner.py:63} INFO - Started process 321 to run task
[2024-05-02T12:00:45.927+0000] {standard_task_runner.py:90} INFO - Running: ['***', 'tasks', 'run', 'cep_dag', 'etl_1', 'scheduled__2024-05-01T00:00:00+00:00', '--job-id', '46', '--raw', '--subdir', 'DAGS_FOLDER/cep.py', '--cfg-path', '/tmp/tmp7pr0jml3']
[2024-05-02T12:00:45.928+0000] {standard_task_runner.py:91} INFO - Job 46: Subtask etl_1
[2024-05-02T12:00:45.953+0000] {task_command.py:426} INFO - Running <TaskInstance: cep_dag.etl_1 scheduled__2024-05-01T00:00:00+00:00 [running]> on host 0e53be1c4f92
[2024-05-02T12:00:46.002+0000] {taskinstance.py:2644} INFO - Exporting env vars: AIRFLOW_CTX_DAG_OWNER='***' AIRFLOW_CTX_DAG_ID='cep_dag' AIRFLOW_CTX_TASK_ID='etl_1' AIRFLOW_CTX_EXECUTION_DATE='2024-05-01T00:00:00+00:00' AIRFLOW_CTX_TRY_NUMBER='1' AIRFLOW_CTX_DAG_RUN_ID='scheduled__2024-05-01T00:00:00+00:00'
[2024-05-02T12:00:46.003+0000] {taskinstance.py:430} INFO - ::endgroup::
[2024-05-02T12:00:46.003+0000] {logging_mixin.py:188} INFO - Filename: /opt/***/output/cep/log_faixa_uf.txt, Table: log_faixa_uf, Columns: ['ufe_sg', 'ufe_cep_ini', 'ufe_cep_fim']
[2024-05-02T12:00:46.008+0000] {logging_mixin.py:188} INFO - /opt/***/output/cep/log_faixa_uf.txt loaded into dataframe
[2024-05-02T12:00:46.031+0000] {logging_mixin.py:188} INFO - log_faixa_uf persisted
[2024-05-02T12:00:46.032+0000] {logging_mixin.py:188} INFO - Filename: /opt/***/output/cep/log_localidade.txt, Table: log_localidade, Columns: ['loc_nu', 'ufe_sg', 'loc_no', 'cep', 'loc_in_sit', 'loc_in_tipo_loc', 'loc_nu_sub', 'loc_no_abrev', 'mun_nu']
[2024-05-02T12:00:46.046+0000] {logging_mixin.py:188} INFO - /opt/***/output/cep/log_localidade.txt loaded into dataframe
[2024-05-02T12:00:46.331+0000] {logging_mixin.py:188} INFO - log_localidade persisted
[2024-05-02T12:00:46.332+0000] {logging_mixin.py:188} INFO - Filename: /opt/***/output/cep/log_var_loc.txt, Table: log_var_loc, Columns: ['loc_nu', 'val_nu', 'val_tx']
[2024-05-02T12:00:46.336+0000] {logging_mixin.py:188} INFO - /opt/***/output/cep/log_var_loc.txt loaded into dataframe
[2024-05-02T12:00:46.431+0000] {logging_mixin.py:188} INFO - log_var_loc persisted
[2024-05-02T12:00:46.432+0000] {logging_mixin.py:188} INFO - Filename: /opt/***/output/cep/log_faixa_localidade.txt, Table: log_faixa_localidade, Columns: ['loc_nu', 'loc_cep_ini', 'loc_cep_fim', 'loc_tipo_faixa']
[2024-05-02T12:00:46.435+0000] {logging_mixin.py:188} INFO - /opt/***/output/cep/log_faixa_localidade.txt loaded into dataframe
[2024-05-02T12:00:46.651+0000] {logging_mixin.py:188} INFO - log_faixa_localidade persisted
[2024-05-02T12:00:46.651+0000] {logging_mixin.py:188} INFO - Filename: /opt/***/output/cep/log_bairro.txt, Table: log_bairro, Columns: ['bai_nu', 'ufe_sf', 'loc_nu', 'bai_no', 'bai_no_abrev']
[2024-05-02T12:00:46.688+0000] {logging_mixin.py:188} INFO - /opt/***/output/cep/log_bairro.txt loaded into dataframe
[2024-05-02T12:00:47.579+0000] {logging_mixin.py:188} INFO - log_bairro persisted
[2024-05-02T12:00:47.581+0000] {logging_mixin.py:188} INFO - Filename: /opt/***/output/cep/log_var_bai.txt, Table: log_var_bai, Columns: ['bai_nu', 'vdb_nu', 'vdb_tx']
[2024-05-02T12:00:47.594+0000] {logging_mixin.py:188} INFO - /opt/***/output/cep/log_var_bai.txt loaded into dataframe
[2024-05-02T12:00:47.993+0000] {logging_mixin.py:188} INFO - log_var_bai persisted
[2024-05-02T12:00:47.994+0000] {logging_mixin.py:188} INFO - Filename: /opt/***/output/cep/log_faixa_bairro.txt, Table: log_faixa_bairro, Columns: ['bai_nu', 'fcb_cep_ini', 'fcb_cep_fim']
[2024-05-02T12:00:48.016+0000] {logging_mixin.py:188} INFO - /opt/***/output/cep/log_faixa_bairro.txt loaded into dataframe
[2024-05-02T12:00:49.400+0000] {logging_mixin.py:188} INFO - log_faixa_bairro persisted
[2024-05-02T12:00:49.400+0000] {logging_mixin.py:188} INFO - Filename: /opt/***/output/cep/log_cpc.txt, Table: log_cpc, Columns: ['cpc_nu', 'ufe_sg', 'loc_nu', 'cpc_no', 'cpc_endereco', 'cep']
[2024-05-02T12:00:49.406+0000] {logging_mixin.py:188} INFO - /opt/***/output/cep/log_cpc.txt loaded into dataframe
[2024-05-02T12:00:49.477+0000] {logging_mixin.py:188} INFO - log_cpc persisted
[2024-05-02T12:00:49.477+0000] {logging_mixin.py:188} INFO - Filename: /opt/***/output/cep/log_faixa_cpc.txt, Table: log_faixa_cpc, Columns: ['cpc_nu', 'cpc_inicial', 'cpc_final']
[2024-05-02T12:00:49.480+0000] {logging_mixin.py:188} INFO - /opt/***/output/cep/log_faixa_cpc.txt loaded into dataframe
[2024-05-02T12:00:49.540+0000] {logging_mixin.py:188} INFO - log_faixa_cpc persisted
[2024-05-02T12:00:49.541+0000] {logging_mixin.py:188} INFO - Filename: /opt/***/output/cep/log_var_log.txt, Table: log_var_log, Columns: ['log_nu', 'vlo_nu', 'tlo_tx', 'vlo_tx']
[2024-05-02T12:00:49.583+0000] {logging_mixin.py:188} INFO - /opt/***/output/cep/log_var_log.txt loaded into dataframe
[2024-05-02T12:00:51.143+0000] {logging_mixin.py:188} INFO - log_var_log persisted
[2024-05-02T12:00:51.145+0000] {logging_mixin.py:188} INFO - Filename: /opt/***/output/cep/log_num_sec.txt, Table: log_num_sec, Columns: ['log_nu', 'sec_nu_ini', 'sec_nu_fim', 'sec_in_lado']
[2024-05-02T12:00:51.178+0000] {logging_mixin.py:188} INFO - /opt/***/output/cep/log_num_sec.txt loaded into dataframe
[2024-05-02T12:00:52.665+0000] {logging_mixin.py:188} INFO - log_num_sec persisted
[2024-05-02T12:00:52.667+0000] {logging_mixin.py:188} INFO - Filename: /opt/***/output/cep/log_grande_usuario.txt, Table: log_grande_usuario, Columns: ['gru_nu', 'ufe_sg', 'loc_nu', 'bai_nu', 'log_nu', 'gru_no', 'gru_endereco', 'cep', 'gru_no_abrev']
[2024-05-02T12:00:52.686+0000] {logging_mixin.py:188} INFO - /opt/***/output/cep/log_grande_usuario.txt loaded into dataframe
[2024-05-02T12:00:53.037+0000] {logging_mixin.py:188} INFO - log_grande_usuario persisted
[2024-05-02T12:00:53.038+0000] {logging_mixin.py:188} INFO - Filename: /opt/***/output/cep/log_unid_oper.txt, Table: log_unid_oper, Columns: ['uop_nu', 'ufe_sg', 'loc_nu', 'bai_nu', 'log_nu', 'uop_no', 'uop_endereco', 'cep', 'uop_in_cp', 'uop_no_abrev']
[2024-05-02T12:00:53.061+0000] {logging_mixin.py:188} INFO - /opt/***/output/cep/log_unid_oper.txt loaded into dataframe
[2024-05-02T12:00:53.499+0000] {logging_mixin.py:188} INFO - log_unid_oper persisted
[2024-05-02T12:00:53.500+0000] {logging_mixin.py:188} INFO - Filename: /opt/***/output/cep/log_faixa_uop.txt, Table: log_faixa_uop, Columns: ['uop_nu', 'fnc_inicial', 'fnc_final']
[2024-05-02T12:00:53.502+0000] {logging_mixin.py:188} INFO - /opt/***/output/cep/log_faixa_uop.txt loaded into dataframe
[2024-05-02T12:00:53.578+0000] {logging_mixin.py:188} INFO - log_faixa_uop persisted
[2024-05-02T12:00:53.578+0000] {logging_mixin.py:188} INFO - Filename: /opt/***/output/cep/ect_pais.txt, Table: ect_pais, Columns: ['pai_sg', 'pai_sg_alternativa', 'pai_no_portugues', 'pai_no_ingles', 'pai_no_frances', 'pai_abreviatura']
[2024-05-02T12:00:53.580+0000] {logging_mixin.py:188} INFO - /opt/***/output/cep/ect_pais.txt loaded into dataframe
[2024-05-02T12:00:53.602+0000] {logging_mixin.py:188} INFO - ect_pais persisted
[2024-05-02T12:00:53.602+0000] {logging_mixin.py:188} INFO - Done
[2024-05-02T12:00:53.602+0000] {python.py:237} INFO - Done. Returned value was: None
[2024-05-02T12:00:53.602+0000] {taskinstance.py:441} INFO - ::group::Post task execution logs
[2024-05-02T12:00:53.607+0000] {taskinstance.py:1205} INFO - Marking task as SUCCESS. dag_id=cep_dag, task_id=etl_1, execution_date=20240501T000000, start_date=20240502T120045, end_date=20240502T120053
[2024-05-02T12:00:53.626+0000] {local_task_job_runner.py:240} INFO - Task exited with return code 0
[2024-05-02T12:00:53.642+0000] {taskinstance.py:3482} INFO - 1 downstream tasks scheduled from follow-on schedule check
[2024-05-02T12:00:53.643+0000] {local_task_job_runner.py:222} INFO - ::endgroup::
