[2024-05-02T11:14:20.053+0000] {local_task_job_runner.py:120} INFO - ::group::Pre task execution logs
[2024-05-02T11:14:20.065+0000] {taskinstance.py:2073} INFO - Dependencies all met for dep_context=non-requeueable deps ti=<TaskInstance: cep_dag.lower_directory manual__2024-05-02T11:14:12.031292+00:00 [queued]>
[2024-05-02T11:14:20.070+0000] {taskinstance.py:2073} INFO - Dependencies all met for dep_context=requeueable deps ti=<TaskInstance: cep_dag.lower_directory manual__2024-05-02T11:14:12.031292+00:00 [queued]>
[2024-05-02T11:14:20.070+0000] {taskinstance.py:2303} INFO - Starting attempt 1 of 1
[2024-05-02T11:14:20.078+0000] {taskinstance.py:2327} INFO - Executing <Task(BashOperator): lower_directory> on 2024-05-02 11:14:12.031292+00:00
[2024-05-02T11:14:20.083+0000] {warnings.py:110} WARNING - /home/***/.local/lib/python3.12/site-packages/***/task/task_runner/standard_task_runner.py:61: DeprecationWarning: This process (pid=92) is multi-threaded, use of fork() may lead to deadlocks in the child.
  pid = os.fork()

[2024-05-02T11:14:20.084+0000] {standard_task_runner.py:63} INFO - Started process 94 to run task
[2024-05-02T11:14:20.084+0000] {standard_task_runner.py:90} INFO - Running: ['***', 'tasks', 'run', 'cep_dag', 'lower_directory', 'manual__2024-05-02T11:14:12.031292+00:00', '--job-id', '14', '--raw', '--subdir', 'DAGS_FOLDER/cep.py', '--cfg-path', '/tmp/tmpx71dcp8o']
[2024-05-02T11:14:20.085+0000] {standard_task_runner.py:91} INFO - Job 14: Subtask lower_directory
[2024-05-02T11:14:20.110+0000] {task_command.py:426} INFO - Running <TaskInstance: cep_dag.lower_directory manual__2024-05-02T11:14:12.031292+00:00 [running]> on host 278214997a30
[2024-05-02T11:14:20.155+0000] {taskinstance.py:2644} INFO - Exporting env vars: AIRFLOW_CTX_DAG_OWNER='***' AIRFLOW_CTX_DAG_ID='cep_dag' AIRFLOW_CTX_TASK_ID='lower_directory' AIRFLOW_CTX_EXECUTION_DATE='2024-05-02T11:14:12.031292+00:00' AIRFLOW_CTX_TRY_NUMBER='1' AIRFLOW_CTX_DAG_RUN_ID='manual__2024-05-02T11:14:12.031292+00:00'
[2024-05-02T11:14:20.156+0000] {taskinstance.py:430} INFO - ::endgroup::
[2024-05-02T11:14:20.157+0000] {subprocess.py:63} INFO - Tmp dir root location: /tmp
[2024-05-02T11:14:20.157+0000] {subprocess.py:75} INFO - Running command: ['/usr/bin/bash', '-c', 'mv /opt/***/output/cep/Delimitado/* /opt/***/output/cep/;rm -Rvf /opt/***/output/cep/Delimitado']
[2024-05-02T11:14:20.166+0000] {subprocess.py:86} INFO - Output:
[2024-05-02T11:14:20.170+0000] {subprocess.py:93} INFO - removed directory '/opt/***/output/cep/Delimitado'
[2024-05-02T11:14:20.170+0000] {subprocess.py:97} INFO - Command exited with return code 0
[2024-05-02T11:14:20.170+0000] {taskinstance.py:441} INFO - ::group::Post task execution logs
[2024-05-02T11:14:20.187+0000] {taskinstance.py:1205} INFO - Marking task as SUCCESS. dag_id=cep_dag, task_id=lower_directory, execution_date=20240502T111412, start_date=20240502T111420, end_date=20240502T111420
[2024-05-02T11:14:20.217+0000] {local_task_job_runner.py:240} INFO - Task exited with return code 0
[2024-05-02T11:14:20.224+0000] {warnings.py:110} WARNING - /home/***/.local/lib/python3.12/site-packages/***/models/baseoperator.py:1296: AirflowProviderDeprecationWarning: Call to deprecated class PostgresOperator. (Please use `***.providers.common.sql.operators.sql.SQLExecuteQueryOperator`.Also, you can provide `hook_params={'schema': <database>}`.)
  result = cls.__new__(cls)

[2024-05-02T11:14:20.235+0000] {taskinstance.py:3482} INFO - 1 downstream tasks scheduled from follow-on schedule check
[2024-05-02T11:14:20.237+0000] {local_task_job_runner.py:222} INFO - ::endgroup::
