[2024-05-02T11:08:55.092+0000] {local_task_job_runner.py:120} INFO - ::group::Pre task execution logs
[2024-05-02T11:08:55.105+0000] {taskinstance.py:2073} INFO - Dependencies all met for dep_context=non-requeueable deps ti=<TaskInstance: cep_dag.lowercase scheduled__2024-05-01T00:00:00+00:00 [queued]>
[2024-05-02T11:08:55.109+0000] {taskinstance.py:2073} INFO - Dependencies all met for dep_context=requeueable deps ti=<TaskInstance: cep_dag.lowercase scheduled__2024-05-01T00:00:00+00:00 [queued]>
[2024-05-02T11:08:55.109+0000] {taskinstance.py:2303} INFO - Starting attempt 1 of 1
[2024-05-02T11:08:55.117+0000] {taskinstance.py:2327} INFO - Executing <Task(_PythonDecoratedOperator): lowercase> on 2024-05-01 00:00:00+00:00
[2024-05-02T11:08:55.122+0000] {warnings.py:110} WARNING - /home/***/.local/lib/python3.12/site-packages/***/task/task_runner/standard_task_runner.py:61: DeprecationWarning: This process (pid=182) is multi-threaded, use of fork() may lead to deadlocks in the child.
  pid = os.fork()

[2024-05-02T11:08:55.123+0000] {standard_task_runner.py:63} INFO - Started process 184 to run task
[2024-05-02T11:08:55.123+0000] {standard_task_runner.py:90} INFO - Running: ['***', 'tasks', 'run', 'cep_dag', 'lowercase', 'scheduled__2024-05-01T00:00:00+00:00', '--job-id', '7', '--raw', '--subdir', 'DAGS_FOLDER/cep.py', '--cfg-path', '/tmp/tmpq_tri4sx']
[2024-05-02T11:08:55.125+0000] {standard_task_runner.py:91} INFO - Job 7: Subtask lowercase
[2024-05-02T11:08:55.155+0000] {task_command.py:426} INFO - Running <TaskInstance: cep_dag.lowercase scheduled__2024-05-01T00:00:00+00:00 [running]> on host 8d3b0ff10584
[2024-05-02T11:08:55.205+0000] {taskinstance.py:2644} INFO - Exporting env vars: AIRFLOW_CTX_DAG_OWNER='***' AIRFLOW_CTX_DAG_ID='cep_dag' AIRFLOW_CTX_TASK_ID='lowercase' AIRFLOW_CTX_EXECUTION_DATE='2024-05-01T00:00:00+00:00' AIRFLOW_CTX_TRY_NUMBER='1' AIRFLOW_CTX_DAG_RUN_ID='scheduled__2024-05-01T00:00:00+00:00'
[2024-05-02T11:08:55.205+0000] {taskinstance.py:430} INFO - ::endgroup::
[2024-05-02T11:08:55.206+0000] {logging_mixin.py:188} INFO - Found LOG_FAIXA_UOP.txt
[2024-05-02T11:08:55.206+0000] {logging_mixin.py:188} INFO - Found LOG_LOGRADOURO_PB.TXT
[2024-05-02T11:08:55.206+0000] {logging_mixin.py:188} INFO - Found LOG_LOGRADOURO_PE.TXT
[2024-05-02T11:08:55.206+0000] {logging_mixin.py:188} INFO - Found LOG_CPC.TXT
[2024-05-02T11:08:55.206+0000] {logging_mixin.py:188} INFO - Found LOG_LOGRADOURO_PI.TXT
[2024-05-02T11:08:55.206+0000] {logging_mixin.py:188} INFO - Found LOG_LOGRADOURO_SC.TXT
[2024-05-02T11:08:55.206+0000] {logging_mixin.py:188} INFO - Found LOG_LOGRADOURO_MG.TXT
[2024-05-02T11:08:55.207+0000] {logging_mixin.py:188} INFO - Found LOG_LOGRADOURO_TO.TXT
[2024-05-02T11:08:55.207+0000] {logging_mixin.py:188} INFO - Found LOG_LOGRADOURO_SP.TXT
[2024-05-02T11:08:55.207+0000] {logging_mixin.py:188} INFO - Found LOG_LOGRADOURO_AM.TXT
[2024-05-02T11:08:55.207+0000] {logging_mixin.py:188} INFO - Found LOG_LOGRADOURO_AL.TXT
[2024-05-02T11:08:55.207+0000] {logging_mixin.py:188} INFO - Found Cepnet.exe
[2024-05-02T11:08:55.207+0000] {logging_mixin.py:188} INFO - Found LOG_LOGRADOURO_AC.txt
[2024-05-02T11:08:55.207+0000] {logging_mixin.py:188} INFO - Found guia tecnico_cepnet.pdf
[2024-05-02T11:08:55.207+0000] {logging_mixin.py:188} INFO - Found LOG_LOGRADOURO_SE.TXT
[2024-05-02T11:08:55.207+0000] {logging_mixin.py:188} INFO - Found ECT_PAIS.TXT
[2024-05-02T11:08:55.207+0000] {logging_mixin.py:188} INFO - Found LOG_VAR_LOG.txt
[2024-05-02T11:08:55.208+0000] {logging_mixin.py:188} INFO - Found LOG_UNID_OPER.txt
[2024-05-02T11:08:55.208+0000] {logging_mixin.py:188} INFO - Found LOG_NUM_SEC.txt
[2024-05-02T11:08:55.208+0000] {logging_mixin.py:188} INFO - Found LOG_LOGRADOURO_PR.TXT
[2024-05-02T11:08:55.208+0000] {logging_mixin.py:188} INFO - Found LOG_LOGRADOURO_ES.txt
[2024-05-02T11:08:55.208+0000] {logging_mixin.py:188} INFO - Found LOG_LOGRADOURO_RR.TXT
[2024-05-02T11:08:55.208+0000] {logging_mixin.py:188} INFO - Found LOG_LOGRADOURO_RO.TXT
[2024-05-02T11:08:55.208+0000] {logging_mixin.py:188} INFO - Found LOG_LOGRADOURO_PA.TXT
[2024-05-02T11:08:55.208+0000] {logging_mixin.py:188} INFO - Found LOG_VAR_LOC.txt
[2024-05-02T11:08:55.208+0000] {logging_mixin.py:188} INFO - Found LOG_FAIXA_LOCALIDADE.txt
[2024-05-02T11:08:55.208+0000] {logging_mixin.py:188} INFO - Found LOG_LOGRADOURO_RJ.TXT
[2024-05-02T11:08:55.208+0000] {logging_mixin.py:188} INFO - Found LOG_GRANDE_USUARIO.txt
[2024-05-02T11:08:55.209+0000] {logging_mixin.py:188} INFO - Found LOG_LOGRADOURO_RN.TXT
[2024-05-02T11:08:55.209+0000] {logging_mixin.py:188} INFO - Found guia_formato normal.pdf
[2024-05-02T11:08:55.209+0000] {logging_mixin.py:188} INFO - Found LOG_LOGRADOURO_RS.TXT
[2024-05-02T11:08:55.209+0000] {logging_mixin.py:188} INFO - Found LOG_BAIRRO.TXT
[2024-05-02T11:08:55.209+0000] {logging_mixin.py:188} INFO - Found LOG_LOCALIDADE.txt
[2024-05-02T11:08:55.209+0000] {logging_mixin.py:188} INFO - Found LOG_LOGRADOURO_MS.TXT
[2024-05-02T11:08:55.209+0000] {logging_mixin.py:188} INFO - Found LOG_LOGRADOURO_MT.TXT
[2024-05-02T11:08:55.209+0000] {logging_mixin.py:188} INFO - Found LOG_LOGRADOURO_MA.TXT
[2024-05-02T11:08:55.209+0000] {logging_mixin.py:188} INFO - Found LOG_FAIXA_UF.txt
[2024-05-02T11:08:55.209+0000] {logging_mixin.py:188} INFO - Found LOG_LOGRADOURO_GO.TXT
[2024-05-02T11:08:55.209+0000] {logging_mixin.py:188} INFO - Found LOG_VAR_BAI.txt
[2024-05-02T11:08:55.210+0000] {logging_mixin.py:188} INFO - Found LOG_LOGRADOURO_AP.TXT
[2024-05-02T11:08:55.210+0000] {logging_mixin.py:188} INFO - Found LOG_FAIXA_CPC.txt
[2024-05-02T11:08:55.210+0000] {logging_mixin.py:188} INFO - Found Leiautes_delimitador.doc
[2024-05-02T11:08:55.210+0000] {logging_mixin.py:188} INFO - Found LOG_LOGRADOURO_CE.TXT
[2024-05-02T11:08:55.210+0000] {logging_mixin.py:188} INFO - Found LOG_LOGRADOURO_DF.txt
[2024-05-02T11:08:55.210+0000] {logging_mixin.py:188} INFO - Found LOG_LOGRADOURO_BA.TXT
[2024-05-02T11:08:55.210+0000] {logging_mixin.py:188} INFO - Found LOG_FAIXA_BAIRRO.TXT
[2024-05-02T11:08:55.210+0000] {logging_mixin.py:188} INFO - /opt/***/output/cep/LOG_FAIXA_UOP.txt -> /opt/***/output/cep/log_faixa_uop.txt
[2024-05-02T11:08:55.210+0000] {logging_mixin.py:188} INFO - /opt/***/output/cep/LOG_LOGRADOURO_PB.TXT -> /opt/***/output/cep/log_logradouro_pb.txt
[2024-05-02T11:08:55.211+0000] {logging_mixin.py:188} INFO - /opt/***/output/cep/LOG_LOGRADOURO_PE.TXT -> /opt/***/output/cep/log_logradouro_pe.txt
[2024-05-02T11:08:55.211+0000] {logging_mixin.py:188} INFO - /opt/***/output/cep/LOG_CPC.TXT -> /opt/***/output/cep/log_cpc.txt
[2024-05-02T11:08:55.211+0000] {logging_mixin.py:188} INFO - /opt/***/output/cep/LOG_LOGRADOURO_PI.TXT -> /opt/***/output/cep/log_logradouro_pi.txt
[2024-05-02T11:08:55.211+0000] {logging_mixin.py:188} INFO - /opt/***/output/cep/LOG_LOGRADOURO_SC.TXT -> /opt/***/output/cep/log_logradouro_sc.txt
[2024-05-02T11:08:55.211+0000] {logging_mixin.py:188} INFO - /opt/***/output/cep/LOG_LOGRADOURO_MG.TXT -> /opt/***/output/cep/log_logradouro_mg.txt
[2024-05-02T11:08:55.211+0000] {logging_mixin.py:188} INFO - /opt/***/output/cep/LOG_LOGRADOURO_TO.TXT -> /opt/***/output/cep/log_logradouro_to.txt
[2024-05-02T11:08:55.211+0000] {logging_mixin.py:188} INFO - /opt/***/output/cep/LOG_LOGRADOURO_SP.TXT -> /opt/***/output/cep/log_logradouro_sp.txt
[2024-05-02T11:08:55.211+0000] {logging_mixin.py:188} INFO - /opt/***/output/cep/LOG_LOGRADOURO_AM.TXT -> /opt/***/output/cep/log_logradouro_am.txt
[2024-05-02T11:08:55.212+0000] {logging_mixin.py:188} INFO - /opt/***/output/cep/LOG_LOGRADOURO_AL.TXT -> /opt/***/output/cep/log_logradouro_al.txt
[2024-05-02T11:08:55.212+0000] {logging_mixin.py:188} INFO - /opt/***/output/cep/Cepnet.exe -> /opt/***/output/cep/cepnet.exe
[2024-05-02T11:08:55.212+0000] {logging_mixin.py:188} INFO - /opt/***/output/cep/LOG_LOGRADOURO_AC.txt -> /opt/***/output/cep/log_logradouro_ac.txt
[2024-05-02T11:08:55.212+0000] {logging_mixin.py:188} INFO - /opt/***/output/cep/guia tecnico_cepnet.pdf -> /opt/***/output/cep/guia tecnico_cepnet.pdf
[2024-05-02T11:08:55.212+0000] {logging_mixin.py:188} INFO - /opt/***/output/cep/LOG_LOGRADOURO_SE.TXT -> /opt/***/output/cep/log_logradouro_se.txt
[2024-05-02T11:08:55.212+0000] {logging_mixin.py:188} INFO - /opt/***/output/cep/ECT_PAIS.TXT -> /opt/***/output/cep/ect_pais.txt
[2024-05-02T11:08:55.213+0000] {logging_mixin.py:188} INFO - /opt/***/output/cep/LOG_VAR_LOG.txt -> /opt/***/output/cep/log_var_log.txt
[2024-05-02T11:08:55.213+0000] {logging_mixin.py:188} INFO - /opt/***/output/cep/LOG_UNID_OPER.txt -> /opt/***/output/cep/log_unid_oper.txt
[2024-05-02T11:08:55.213+0000] {logging_mixin.py:188} INFO - /opt/***/output/cep/LOG_NUM_SEC.txt -> /opt/***/output/cep/log_num_sec.txt
[2024-05-02T11:08:55.213+0000] {logging_mixin.py:188} INFO - /opt/***/output/cep/LOG_LOGRADOURO_PR.TXT -> /opt/***/output/cep/log_logradouro_pr.txt
[2024-05-02T11:08:55.213+0000] {logging_mixin.py:188} INFO - /opt/***/output/cep/LOG_LOGRADOURO_ES.txt -> /opt/***/output/cep/log_logradouro_es.txt
[2024-05-02T11:08:55.213+0000] {logging_mixin.py:188} INFO - /opt/***/output/cep/LOG_LOGRADOURO_RR.TXT -> /opt/***/output/cep/log_logradouro_rr.txt
[2024-05-02T11:08:55.213+0000] {logging_mixin.py:188} INFO - /opt/***/output/cep/LOG_LOGRADOURO_RO.TXT -> /opt/***/output/cep/log_logradouro_ro.txt
[2024-05-02T11:08:55.213+0000] {logging_mixin.py:188} INFO - /opt/***/output/cep/LOG_LOGRADOURO_PA.TXT -> /opt/***/output/cep/log_logradouro_pa.txt
[2024-05-02T11:08:55.214+0000] {logging_mixin.py:188} INFO - /opt/***/output/cep/LOG_VAR_LOC.txt -> /opt/***/output/cep/log_var_loc.txt
[2024-05-02T11:08:55.214+0000] {logging_mixin.py:188} INFO - /opt/***/output/cep/LOG_FAIXA_LOCALIDADE.txt -> /opt/***/output/cep/log_faixa_localidade.txt
[2024-05-02T11:08:55.214+0000] {logging_mixin.py:188} INFO - /opt/***/output/cep/LOG_LOGRADOURO_RJ.TXT -> /opt/***/output/cep/log_logradouro_rj.txt
[2024-05-02T11:08:55.214+0000] {logging_mixin.py:188} INFO - /opt/***/output/cep/LOG_GRANDE_USUARIO.txt -> /opt/***/output/cep/log_grande_usuario.txt
[2024-05-02T11:08:55.214+0000] {logging_mixin.py:188} INFO - /opt/***/output/cep/LOG_LOGRADOURO_RN.TXT -> /opt/***/output/cep/log_logradouro_rn.txt
[2024-05-02T11:08:55.214+0000] {logging_mixin.py:188} INFO - /opt/***/output/cep/guia_formato normal.pdf -> /opt/***/output/cep/guia_formato normal.pdf
[2024-05-02T11:08:55.214+0000] {logging_mixin.py:188} INFO - /opt/***/output/cep/LOG_LOGRADOURO_RS.TXT -> /opt/***/output/cep/log_logradouro_rs.txt
[2024-05-02T11:08:55.214+0000] {logging_mixin.py:188} INFO - /opt/***/output/cep/LOG_BAIRRO.TXT -> /opt/***/output/cep/log_bairro.txt
[2024-05-02T11:08:55.215+0000] {logging_mixin.py:188} INFO - /opt/***/output/cep/LOG_LOCALIDADE.txt -> /opt/***/output/cep/log_localidade.txt
[2024-05-02T11:08:55.215+0000] {logging_mixin.py:188} INFO - /opt/***/output/cep/LOG_LOGRADOURO_MS.TXT -> /opt/***/output/cep/log_logradouro_ms.txt
[2024-05-02T11:08:55.215+0000] {logging_mixin.py:188} INFO - /opt/***/output/cep/LOG_LOGRADOURO_MT.TXT -> /opt/***/output/cep/log_logradouro_mt.txt
[2024-05-02T11:08:55.215+0000] {logging_mixin.py:188} INFO - /opt/***/output/cep/LOG_LOGRADOURO_MA.TXT -> /opt/***/output/cep/log_logradouro_ma.txt
[2024-05-02T11:08:55.215+0000] {logging_mixin.py:188} INFO - /opt/***/output/cep/LOG_FAIXA_UF.txt -> /opt/***/output/cep/log_faixa_uf.txt
[2024-05-02T11:08:55.215+0000] {logging_mixin.py:188} INFO - /opt/***/output/cep/LOG_LOGRADOURO_GO.TXT -> /opt/***/output/cep/log_logradouro_go.txt
[2024-05-02T11:08:55.215+0000] {logging_mixin.py:188} INFO - /opt/***/output/cep/LOG_VAR_BAI.txt -> /opt/***/output/cep/log_var_bai.txt
[2024-05-02T11:08:55.215+0000] {logging_mixin.py:188} INFO - /opt/***/output/cep/LOG_LOGRADOURO_AP.TXT -> /opt/***/output/cep/log_logradouro_ap.txt
[2024-05-02T11:08:55.216+0000] {logging_mixin.py:188} INFO - /opt/***/output/cep/LOG_FAIXA_CPC.txt -> /opt/***/output/cep/log_faixa_cpc.txt
[2024-05-02T11:08:55.216+0000] {logging_mixin.py:188} INFO - /opt/***/output/cep/Leiautes_delimitador.doc -> /opt/***/output/cep/leiautes_delimitador.doc
[2024-05-02T11:08:55.216+0000] {logging_mixin.py:188} INFO - /opt/***/output/cep/LOG_LOGRADOURO_CE.TXT -> /opt/***/output/cep/log_logradouro_ce.txt
[2024-05-02T11:08:55.216+0000] {logging_mixin.py:188} INFO - /opt/***/output/cep/LOG_LOGRADOURO_DF.txt -> /opt/***/output/cep/log_logradouro_df.txt
[2024-05-02T11:08:55.216+0000] {logging_mixin.py:188} INFO - /opt/***/output/cep/LOG_LOGRADOURO_BA.TXT -> /opt/***/output/cep/log_logradouro_ba.txt
[2024-05-02T11:08:55.216+0000] {logging_mixin.py:188} INFO - /opt/***/output/cep/LOG_FAIXA_BAIRRO.TXT -> /opt/***/output/cep/log_faixa_bairro.txt
[2024-05-02T11:08:55.216+0000] {python.py:237} INFO - Done. Returned value was: None
[2024-05-02T11:08:55.217+0000] {taskinstance.py:441} INFO - ::group::Post task execution logs
[2024-05-02T11:08:55.222+0000] {taskinstance.py:1205} INFO - Marking task as SUCCESS. dag_id=cep_dag, task_id=lowercase, execution_date=20240501T000000, start_date=20240502T110855, end_date=20240502T110855
[2024-05-02T11:08:55.256+0000] {local_task_job_runner.py:240} INFO - Task exited with return code 0
[2024-05-02T11:08:55.262+0000] {warnings.py:110} WARNING - /home/***/.local/lib/python3.12/site-packages/***/models/baseoperator.py:1296: AirflowProviderDeprecationWarning: Call to deprecated class PostgresOperator. (Please use `***.providers.common.sql.operators.sql.SQLExecuteQueryOperator`.Also, you can provide `hook_params={'schema': <database>}`.)
  result = cls.__new__(cls)

[2024-05-02T11:08:55.275+0000] {taskinstance.py:3482} INFO - 1 downstream tasks scheduled from follow-on schedule check
[2024-05-02T11:08:55.277+0000] {local_task_job_runner.py:222} INFO - ::endgroup::
[2024-05-02T12:00:43.691+0000] {local_task_job_runner.py:120} INFO - ::group::Pre task execution logs
[2024-05-02T12:00:43.703+0000] {taskinstance.py:2073} INFO - Dependencies all met for dep_context=non-requeueable deps ti=<TaskInstance: cep_dag.lowercase scheduled__2024-05-01T00:00:00+00:00 [queued]>
[2024-05-02T12:00:43.708+0000] {taskinstance.py:2073} INFO - Dependencies all met for dep_context=requeueable deps ti=<TaskInstance: cep_dag.lowercase scheduled__2024-05-01T00:00:00+00:00 [queued]>
[2024-05-02T12:00:43.708+0000] {taskinstance.py:2303} INFO - Starting attempt 1 of 1
[2024-05-02T12:00:43.716+0000] {taskinstance.py:2327} INFO - Executing <Task(_PythonDecoratedOperator): lowercase> on 2024-05-01 00:00:00+00:00
[2024-05-02T12:00:43.723+0000] {warnings.py:110} WARNING - /home/***/.local/lib/python3.12/site-packages/***/task/task_runner/standard_task_runner.py:61: DeprecationWarning: This process (pid=313) is multi-threaded, use of fork() may lead to deadlocks in the child.
  pid = os.fork()

[2024-05-02T12:00:43.723+0000] {standard_task_runner.py:63} INFO - Started process 315 to run task
[2024-05-02T12:00:43.724+0000] {standard_task_runner.py:90} INFO - Running: ['***', 'tasks', 'run', 'cep_dag', 'lowercase', 'scheduled__2024-05-01T00:00:00+00:00', '--job-id', '44', '--raw', '--subdir', 'DAGS_FOLDER/cep.py', '--cfg-path', '/tmp/tmpcuqj4ldt']
[2024-05-02T12:00:43.725+0000] {standard_task_runner.py:91} INFO - Job 44: Subtask lowercase
[2024-05-02T12:00:43.751+0000] {task_command.py:426} INFO - Running <TaskInstance: cep_dag.lowercase scheduled__2024-05-01T00:00:00+00:00 [running]> on host 0e53be1c4f92
[2024-05-02T12:00:43.800+0000] {taskinstance.py:2644} INFO - Exporting env vars: AIRFLOW_CTX_DAG_OWNER='***' AIRFLOW_CTX_DAG_ID='cep_dag' AIRFLOW_CTX_TASK_ID='lowercase' AIRFLOW_CTX_EXECUTION_DATE='2024-05-01T00:00:00+00:00' AIRFLOW_CTX_TRY_NUMBER='1' AIRFLOW_CTX_DAG_RUN_ID='scheduled__2024-05-01T00:00:00+00:00'
[2024-05-02T12:00:43.801+0000] {taskinstance.py:430} INFO - ::endgroup::
[2024-05-02T12:00:43.801+0000] {logging_mixin.py:188} INFO - Found LOG_FAIXA_UOP.txt
[2024-05-02T12:00:43.802+0000] {logging_mixin.py:188} INFO - Found LOG_LOGRADOURO_PB.TXT
[2024-05-02T12:00:43.802+0000] {logging_mixin.py:188} INFO - Found LOG_LOGRADOURO_PE.TXT
[2024-05-02T12:00:43.802+0000] {logging_mixin.py:188} INFO - Found LOG_CPC.TXT
[2024-05-02T12:00:43.802+0000] {logging_mixin.py:188} INFO - Found LOG_LOGRADOURO_PI.TXT
[2024-05-02T12:00:43.802+0000] {logging_mixin.py:188} INFO - Found LOG_LOGRADOURO_SC.TXT
[2024-05-02T12:00:43.802+0000] {logging_mixin.py:188} INFO - Found LOG_LOGRADOURO_MG.TXT
[2024-05-02T12:00:43.802+0000] {logging_mixin.py:188} INFO - Found LOG_LOGRADOURO_TO.TXT
[2024-05-02T12:00:43.802+0000] {logging_mixin.py:188} INFO - Found LOG_LOGRADOURO_SP.TXT
[2024-05-02T12:00:43.803+0000] {logging_mixin.py:188} INFO - Found LOG_LOGRADOURO_AM.TXT
[2024-05-02T12:00:43.803+0000] {logging_mixin.py:188} INFO - Found LOG_LOGRADOURO_AL.TXT
[2024-05-02T12:00:43.803+0000] {logging_mixin.py:188} INFO - Found Cepnet.exe
[2024-05-02T12:00:43.803+0000] {logging_mixin.py:188} INFO - Found LOG_LOGRADOURO_AC.txt
[2024-05-02T12:00:43.803+0000] {logging_mixin.py:188} INFO - Found guia tecnico_cepnet.pdf
[2024-05-02T12:00:43.803+0000] {logging_mixin.py:188} INFO - Found LOG_LOGRADOURO_SE.TXT
[2024-05-02T12:00:43.803+0000] {logging_mixin.py:188} INFO - Found ECT_PAIS.TXT
[2024-05-02T12:00:43.803+0000] {logging_mixin.py:188} INFO - Found LOG_VAR_LOG.txt
[2024-05-02T12:00:43.803+0000] {logging_mixin.py:188} INFO - Found LOG_UNID_OPER.txt
[2024-05-02T12:00:43.803+0000] {logging_mixin.py:188} INFO - Found LOG_NUM_SEC.txt
[2024-05-02T12:00:43.804+0000] {logging_mixin.py:188} INFO - Found LOG_LOGRADOURO_PR.TXT
[2024-05-02T12:00:43.804+0000] {logging_mixin.py:188} INFO - Found LOG_LOGRADOURO_ES.txt
[2024-05-02T12:00:43.804+0000] {logging_mixin.py:188} INFO - Found LOG_LOGRADOURO_RR.TXT
[2024-05-02T12:00:43.804+0000] {logging_mixin.py:188} INFO - Found LOG_LOGRADOURO_RO.TXT
[2024-05-02T12:00:43.804+0000] {logging_mixin.py:188} INFO - Found LOG_LOGRADOURO_PA.TXT
[2024-05-02T12:00:43.804+0000] {logging_mixin.py:188} INFO - Found LOG_VAR_LOC.txt
[2024-05-02T12:00:43.804+0000] {logging_mixin.py:188} INFO - Found LOG_FAIXA_LOCALIDADE.txt
[2024-05-02T12:00:43.804+0000] {logging_mixin.py:188} INFO - Found LOG_LOGRADOURO_RJ.TXT
[2024-05-02T12:00:43.804+0000] {logging_mixin.py:188} INFO - Found LOG_GRANDE_USUARIO.txt
[2024-05-02T12:00:43.804+0000] {logging_mixin.py:188} INFO - Found LOG_LOGRADOURO_RN.TXT
[2024-05-02T12:00:43.804+0000] {logging_mixin.py:188} INFO - Found guia_formato normal.pdf
[2024-05-02T12:00:43.805+0000] {logging_mixin.py:188} INFO - Found LOG_LOGRADOURO_RS.TXT
[2024-05-02T12:00:43.805+0000] {logging_mixin.py:188} INFO - Found LOG_BAIRRO.TXT
[2024-05-02T12:00:43.805+0000] {logging_mixin.py:188} INFO - Found LOG_LOCALIDADE.txt
[2024-05-02T12:00:43.805+0000] {logging_mixin.py:188} INFO - Found LOG_LOGRADOURO_MS.TXT
[2024-05-02T12:00:43.805+0000] {logging_mixin.py:188} INFO - Found LOG_LOGRADOURO_MT.TXT
[2024-05-02T12:00:43.805+0000] {logging_mixin.py:188} INFO - Found LOG_LOGRADOURO_MA.TXT
[2024-05-02T12:00:43.805+0000] {logging_mixin.py:188} INFO - Found LOG_FAIXA_UF.txt
[2024-05-02T12:00:43.805+0000] {logging_mixin.py:188} INFO - Found LOG_LOGRADOURO_GO.TXT
[2024-05-02T12:00:43.805+0000] {logging_mixin.py:188} INFO - Found LOG_VAR_BAI.txt
[2024-05-02T12:00:43.805+0000] {logging_mixin.py:188} INFO - Found LOG_LOGRADOURO_AP.TXT
[2024-05-02T12:00:43.805+0000] {logging_mixin.py:188} INFO - Found LOG_FAIXA_CPC.txt
[2024-05-02T12:00:43.806+0000] {logging_mixin.py:188} INFO - Found Leiautes_delimitador.doc
[2024-05-02T12:00:43.806+0000] {logging_mixin.py:188} INFO - Found LOG_LOGRADOURO_CE.TXT
[2024-05-02T12:00:43.806+0000] {logging_mixin.py:188} INFO - Found LOG_LOGRADOURO_DF.txt
[2024-05-02T12:00:43.806+0000] {logging_mixin.py:188} INFO - Found LOG_LOGRADOURO_BA.TXT
[2024-05-02T12:00:43.806+0000] {logging_mixin.py:188} INFO - Found LOG_FAIXA_BAIRRO.TXT
[2024-05-02T12:00:43.806+0000] {logging_mixin.py:188} INFO - /opt/***/output/cep/LOG_FAIXA_UOP.txt -> /opt/***/output/cep/log_faixa_uop.txt
[2024-05-02T12:00:43.806+0000] {logging_mixin.py:188} INFO - /opt/***/output/cep/LOG_LOGRADOURO_PB.TXT -> /opt/***/output/cep/log_logradouro_pb.txt
[2024-05-02T12:00:43.806+0000] {logging_mixin.py:188} INFO - /opt/***/output/cep/LOG_LOGRADOURO_PE.TXT -> /opt/***/output/cep/log_logradouro_pe.txt
[2024-05-02T12:00:43.806+0000] {logging_mixin.py:188} INFO - /opt/***/output/cep/LOG_CPC.TXT -> /opt/***/output/cep/log_cpc.txt
[2024-05-02T12:00:43.807+0000] {logging_mixin.py:188} INFO - /opt/***/output/cep/LOG_LOGRADOURO_PI.TXT -> /opt/***/output/cep/log_logradouro_pi.txt
[2024-05-02T12:00:43.807+0000] {logging_mixin.py:188} INFO - /opt/***/output/cep/LOG_LOGRADOURO_SC.TXT -> /opt/***/output/cep/log_logradouro_sc.txt
[2024-05-02T12:00:43.807+0000] {logging_mixin.py:188} INFO - /opt/***/output/cep/LOG_LOGRADOURO_MG.TXT -> /opt/***/output/cep/log_logradouro_mg.txt
[2024-05-02T12:00:43.807+0000] {logging_mixin.py:188} INFO - /opt/***/output/cep/LOG_LOGRADOURO_TO.TXT -> /opt/***/output/cep/log_logradouro_to.txt
[2024-05-02T12:00:43.807+0000] {logging_mixin.py:188} INFO - /opt/***/output/cep/LOG_LOGRADOURO_SP.TXT -> /opt/***/output/cep/log_logradouro_sp.txt
[2024-05-02T12:00:43.807+0000] {logging_mixin.py:188} INFO - /opt/***/output/cep/LOG_LOGRADOURO_AM.TXT -> /opt/***/output/cep/log_logradouro_am.txt
[2024-05-02T12:00:43.807+0000] {logging_mixin.py:188} INFO - /opt/***/output/cep/LOG_LOGRADOURO_AL.TXT -> /opt/***/output/cep/log_logradouro_al.txt
[2024-05-02T12:00:43.807+0000] {logging_mixin.py:188} INFO - /opt/***/output/cep/Cepnet.exe -> /opt/***/output/cep/cepnet.exe
[2024-05-02T12:00:43.808+0000] {logging_mixin.py:188} INFO - /opt/***/output/cep/LOG_LOGRADOURO_AC.txt -> /opt/***/output/cep/log_logradouro_ac.txt
[2024-05-02T12:00:43.808+0000] {logging_mixin.py:188} INFO - /opt/***/output/cep/guia tecnico_cepnet.pdf -> /opt/***/output/cep/guia tecnico_cepnet.pdf
[2024-05-02T12:00:43.808+0000] {logging_mixin.py:188} INFO - /opt/***/output/cep/LOG_LOGRADOURO_SE.TXT -> /opt/***/output/cep/log_logradouro_se.txt
[2024-05-02T12:00:43.808+0000] {logging_mixin.py:188} INFO - /opt/***/output/cep/ECT_PAIS.TXT -> /opt/***/output/cep/ect_pais.txt
[2024-05-02T12:00:43.808+0000] {logging_mixin.py:188} INFO - /opt/***/output/cep/LOG_VAR_LOG.txt -> /opt/***/output/cep/log_var_log.txt
[2024-05-02T12:00:43.808+0000] {logging_mixin.py:188} INFO - /opt/***/output/cep/LOG_UNID_OPER.txt -> /opt/***/output/cep/log_unid_oper.txt
[2024-05-02T12:00:43.808+0000] {logging_mixin.py:188} INFO - /opt/***/output/cep/LOG_NUM_SEC.txt -> /opt/***/output/cep/log_num_sec.txt
[2024-05-02T12:00:43.808+0000] {logging_mixin.py:188} INFO - /opt/***/output/cep/LOG_LOGRADOURO_PR.TXT -> /opt/***/output/cep/log_logradouro_pr.txt
[2024-05-02T12:00:43.809+0000] {logging_mixin.py:188} INFO - /opt/***/output/cep/LOG_LOGRADOURO_ES.txt -> /opt/***/output/cep/log_logradouro_es.txt
[2024-05-02T12:00:43.809+0000] {logging_mixin.py:188} INFO - /opt/***/output/cep/LOG_LOGRADOURO_RR.TXT -> /opt/***/output/cep/log_logradouro_rr.txt
[2024-05-02T12:00:43.809+0000] {logging_mixin.py:188} INFO - /opt/***/output/cep/LOG_LOGRADOURO_RO.TXT -> /opt/***/output/cep/log_logradouro_ro.txt
[2024-05-02T12:00:43.809+0000] {logging_mixin.py:188} INFO - /opt/***/output/cep/LOG_LOGRADOURO_PA.TXT -> /opt/***/output/cep/log_logradouro_pa.txt
[2024-05-02T12:00:43.809+0000] {logging_mixin.py:188} INFO - /opt/***/output/cep/LOG_VAR_LOC.txt -> /opt/***/output/cep/log_var_loc.txt
[2024-05-02T12:00:43.809+0000] {logging_mixin.py:188} INFO - /opt/***/output/cep/LOG_FAIXA_LOCALIDADE.txt -> /opt/***/output/cep/log_faixa_localidade.txt
[2024-05-02T12:00:43.809+0000] {logging_mixin.py:188} INFO - /opt/***/output/cep/LOG_LOGRADOURO_RJ.TXT -> /opt/***/output/cep/log_logradouro_rj.txt
[2024-05-02T12:00:43.809+0000] {logging_mixin.py:188} INFO - /opt/***/output/cep/LOG_GRANDE_USUARIO.txt -> /opt/***/output/cep/log_grande_usuario.txt
[2024-05-02T12:00:43.810+0000] {logging_mixin.py:188} INFO - /opt/***/output/cep/LOG_LOGRADOURO_RN.TXT -> /opt/***/output/cep/log_logradouro_rn.txt
[2024-05-02T12:00:43.810+0000] {logging_mixin.py:188} INFO - /opt/***/output/cep/guia_formato normal.pdf -> /opt/***/output/cep/guia_formato normal.pdf
[2024-05-02T12:00:43.810+0000] {logging_mixin.py:188} INFO - /opt/***/output/cep/LOG_LOGRADOURO_RS.TXT -> /opt/***/output/cep/log_logradouro_rs.txt
[2024-05-02T12:00:43.810+0000] {logging_mixin.py:188} INFO - /opt/***/output/cep/LOG_BAIRRO.TXT -> /opt/***/output/cep/log_bairro.txt
[2024-05-02T12:00:43.810+0000] {logging_mixin.py:188} INFO - /opt/***/output/cep/LOG_LOCALIDADE.txt -> /opt/***/output/cep/log_localidade.txt
[2024-05-02T12:00:43.810+0000] {logging_mixin.py:188} INFO - /opt/***/output/cep/LOG_LOGRADOURO_MS.TXT -> /opt/***/output/cep/log_logradouro_ms.txt
[2024-05-02T12:00:43.810+0000] {logging_mixin.py:188} INFO - /opt/***/output/cep/LOG_LOGRADOURO_MT.TXT -> /opt/***/output/cep/log_logradouro_mt.txt
[2024-05-02T12:00:43.810+0000] {logging_mixin.py:188} INFO - /opt/***/output/cep/LOG_LOGRADOURO_MA.TXT -> /opt/***/output/cep/log_logradouro_ma.txt
[2024-05-02T12:00:43.811+0000] {logging_mixin.py:188} INFO - /opt/***/output/cep/LOG_FAIXA_UF.txt -> /opt/***/output/cep/log_faixa_uf.txt
[2024-05-02T12:00:43.811+0000] {logging_mixin.py:188} INFO - /opt/***/output/cep/LOG_LOGRADOURO_GO.TXT -> /opt/***/output/cep/log_logradouro_go.txt
[2024-05-02T12:00:43.811+0000] {logging_mixin.py:188} INFO - /opt/***/output/cep/LOG_VAR_BAI.txt -> /opt/***/output/cep/log_var_bai.txt
[2024-05-02T12:00:43.811+0000] {logging_mixin.py:188} INFO - /opt/***/output/cep/LOG_LOGRADOURO_AP.TXT -> /opt/***/output/cep/log_logradouro_ap.txt
[2024-05-02T12:00:43.811+0000] {logging_mixin.py:188} INFO - /opt/***/output/cep/LOG_FAIXA_CPC.txt -> /opt/***/output/cep/log_faixa_cpc.txt
[2024-05-02T12:00:43.811+0000] {logging_mixin.py:188} INFO - /opt/***/output/cep/Leiautes_delimitador.doc -> /opt/***/output/cep/leiautes_delimitador.doc
[2024-05-02T12:00:43.811+0000] {logging_mixin.py:188} INFO - /opt/***/output/cep/LOG_LOGRADOURO_CE.TXT -> /opt/***/output/cep/log_logradouro_ce.txt
[2024-05-02T12:00:43.811+0000] {logging_mixin.py:188} INFO - /opt/***/output/cep/LOG_LOGRADOURO_DF.txt -> /opt/***/output/cep/log_logradouro_df.txt
[2024-05-02T12:00:43.811+0000] {logging_mixin.py:188} INFO - /opt/***/output/cep/LOG_LOGRADOURO_BA.TXT -> /opt/***/output/cep/log_logradouro_ba.txt
[2024-05-02T12:00:43.812+0000] {logging_mixin.py:188} INFO - /opt/***/output/cep/LOG_FAIXA_BAIRRO.TXT -> /opt/***/output/cep/log_faixa_bairro.txt
[2024-05-02T12:00:43.812+0000] {python.py:237} INFO - Done. Returned value was: None
[2024-05-02T12:00:43.812+0000] {taskinstance.py:441} INFO - ::group::Post task execution logs
[2024-05-02T12:00:43.817+0000] {taskinstance.py:1205} INFO - Marking task as SUCCESS. dag_id=cep_dag, task_id=lowercase, execution_date=20240501T000000, start_date=20240502T120043, end_date=20240502T120043
[2024-05-02T12:00:43.856+0000] {local_task_job_runner.py:240} INFO - Task exited with return code 0
[2024-05-02T12:00:43.865+0000] {warnings.py:110} WARNING - /home/***/.local/lib/python3.12/site-packages/***/models/baseoperator.py:1296: AirflowProviderDeprecationWarning: Call to deprecated class PostgresOperator. (Please use `***.providers.common.sql.operators.sql.SQLExecuteQueryOperator`.Also, you can provide `hook_params={'schema': <database>}`.)
  result = cls.__new__(cls)

[2024-05-02T12:00:43.877+0000] {taskinstance.py:3482} INFO - 1 downstream tasks scheduled from follow-on schedule check
[2024-05-02T12:00:43.879+0000] {local_task_job_runner.py:222} INFO - ::endgroup::
