[2024-05-02T11:08:53.972+0000] {local_task_job_runner.py:120} INFO - ::group::Pre task execution logs
[2024-05-02T11:08:53.985+0000] {taskinstance.py:2073} INFO - Dependencies all met for dep_context=non-requeueable deps ti=<TaskInstance: cep_dag.lower_directory scheduled__2024-05-01T00:00:00+00:00 [queued]>
[2024-05-02T11:08:53.989+0000] {taskinstance.py:2073} INFO - Dependencies all met for dep_context=requeueable deps ti=<TaskInstance: cep_dag.lower_directory scheduled__2024-05-01T00:00:00+00:00 [queued]>
[2024-05-02T11:08:53.989+0000] {taskinstance.py:2303} INFO - Starting attempt 1 of 1
[2024-05-02T11:08:53.997+0000] {taskinstance.py:2327} INFO - Executing <Task(BashOperator): lower_directory> on 2024-05-01 00:00:00+00:00
[2024-05-02T11:08:54.002+0000] {warnings.py:110} WARNING - /home/***/.local/lib/python3.12/site-packages/***/task/task_runner/standard_task_runner.py:61: DeprecationWarning: This process (pid=177) is multi-threaded, use of fork() may lead to deadlocks in the child.
  pid = os.fork()

[2024-05-02T11:08:54.003+0000] {standard_task_runner.py:63} INFO - Started process 179 to run task
[2024-05-02T11:08:54.003+0000] {standard_task_runner.py:90} INFO - Running: ['***', 'tasks', 'run', 'cep_dag', 'lower_directory', 'scheduled__2024-05-01T00:00:00+00:00', '--job-id', '6', '--raw', '--subdir', 'DAGS_FOLDER/cep.py', '--cfg-path', '/tmp/tmpy91ac7xg']
[2024-05-02T11:08:54.005+0000] {standard_task_runner.py:91} INFO - Job 6: Subtask lower_directory
[2024-05-02T11:08:54.029+0000] {task_command.py:426} INFO - Running <TaskInstance: cep_dag.lower_directory scheduled__2024-05-01T00:00:00+00:00 [running]> on host 8d3b0ff10584
[2024-05-02T11:08:54.075+0000] {taskinstance.py:2644} INFO - Exporting env vars: AIRFLOW_CTX_DAG_OWNER='***' AIRFLOW_CTX_DAG_ID='cep_dag' AIRFLOW_CTX_TASK_ID='lower_directory' AIRFLOW_CTX_EXECUTION_DATE='2024-05-01T00:00:00+00:00' AIRFLOW_CTX_TRY_NUMBER='1' AIRFLOW_CTX_DAG_RUN_ID='scheduled__2024-05-01T00:00:00+00:00'
[2024-05-02T11:08:54.075+0000] {taskinstance.py:430} INFO - ::endgroup::
[2024-05-02T11:08:54.076+0000] {subprocess.py:63} INFO - Tmp dir root location: /tmp
[2024-05-02T11:08:54.076+0000] {subprocess.py:75} INFO - Running command: ['/usr/bin/bash', '-c', 'mv /opt/***/output/cep/Delimitado/* /opt/***/output/cep/;rm -Rvf /opt/***/output/cep/Delimitado']
[2024-05-02T11:08:54.085+0000] {subprocess.py:86} INFO - Output:
[2024-05-02T11:08:54.090+0000] {subprocess.py:93} INFO - removed directory '/opt/***/output/cep/Delimitado'
[2024-05-02T11:08:54.090+0000] {subprocess.py:97} INFO - Command exited with return code 0
[2024-05-02T11:08:54.090+0000] {taskinstance.py:441} INFO - ::group::Post task execution logs
[2024-05-02T11:08:54.104+0000] {taskinstance.py:1205} INFO - Marking task as SUCCESS. dag_id=cep_dag, task_id=lower_directory, execution_date=20240501T000000, start_date=20240502T110853, end_date=20240502T110854
[2024-05-02T11:08:54.136+0000] {local_task_job_runner.py:240} INFO - Task exited with return code 0
[2024-05-02T11:08:54.155+0000] {warnings.py:110} WARNING - /home/***/.local/lib/python3.12/site-packages/***/models/baseoperator.py:1296: AirflowProviderDeprecationWarning: Call to deprecated class PostgresOperator. (Please use `***.providers.common.sql.operators.sql.SQLExecuteQueryOperator`.Also, you can provide `hook_params={'schema': <database>}`.)
  result = cls.__new__(cls)

[2024-05-02T11:08:54.174+0000] {taskinstance.py:3482} INFO - 1 downstream tasks scheduled from follow-on schedule check
[2024-05-02T11:08:54.176+0000] {local_task_job_runner.py:222} INFO - ::endgroup::
[2024-05-02T12:00:41.861+0000] {local_task_job_runner.py:120} INFO - ::group::Pre task execution logs
[2024-05-02T12:00:41.874+0000] {taskinstance.py:2073} INFO - Dependencies all met for dep_context=non-requeueable deps ti=<TaskInstance: cep_dag.lower_directory scheduled__2024-05-01T00:00:00+00:00 [queued]>
[2024-05-02T12:00:41.879+0000] {taskinstance.py:2073} INFO - Dependencies all met for dep_context=requeueable deps ti=<TaskInstance: cep_dag.lower_directory scheduled__2024-05-01T00:00:00+00:00 [queued]>
[2024-05-02T12:00:41.879+0000] {taskinstance.py:2303} INFO - Starting attempt 1 of 1
[2024-05-02T12:00:41.887+0000] {taskinstance.py:2327} INFO - Executing <Task(BashOperator): lower_directory> on 2024-05-01 00:00:00+00:00
[2024-05-02T12:00:41.894+0000] {warnings.py:110} WARNING - /home/***/.local/lib/python3.12/site-packages/***/task/task_runner/standard_task_runner.py:61: DeprecationWarning: This process (pid=308) is multi-threaded, use of fork() may lead to deadlocks in the child.
  pid = os.fork()

[2024-05-02T12:00:41.895+0000] {standard_task_runner.py:63} INFO - Started process 310 to run task
[2024-05-02T12:00:41.896+0000] {standard_task_runner.py:90} INFO - Running: ['***', 'tasks', 'run', 'cep_dag', 'lower_directory', 'scheduled__2024-05-01T00:00:00+00:00', '--job-id', '43', '--raw', '--subdir', 'DAGS_FOLDER/cep.py', '--cfg-path', '/tmp/tmpua2iv2qc']
[2024-05-02T12:00:41.897+0000] {standard_task_runner.py:91} INFO - Job 43: Subtask lower_directory
[2024-05-02T12:00:41.923+0000] {task_command.py:426} INFO - Running <TaskInstance: cep_dag.lower_directory scheduled__2024-05-01T00:00:00+00:00 [running]> on host 0e53be1c4f92
[2024-05-02T12:00:41.973+0000] {taskinstance.py:2644} INFO - Exporting env vars: AIRFLOW_CTX_DAG_OWNER='***' AIRFLOW_CTX_DAG_ID='cep_dag' AIRFLOW_CTX_TASK_ID='lower_directory' AIRFLOW_CTX_EXECUTION_DATE='2024-05-01T00:00:00+00:00' AIRFLOW_CTX_TRY_NUMBER='1' AIRFLOW_CTX_DAG_RUN_ID='scheduled__2024-05-01T00:00:00+00:00'
[2024-05-02T12:00:41.974+0000] {taskinstance.py:430} INFO - ::endgroup::
[2024-05-02T12:00:41.974+0000] {subprocess.py:63} INFO - Tmp dir root location: /tmp
[2024-05-02T12:00:41.975+0000] {subprocess.py:75} INFO - Running command: ['/usr/bin/bash', '-c', 'mv /opt/***/output/cep/Delimitado/* /opt/***/output/cep/;rm -Rvf /opt/***/output/cep/Delimitado']
[2024-05-02T12:00:41.986+0000] {subprocess.py:86} INFO - Output:
[2024-05-02T12:00:41.991+0000] {subprocess.py:93} INFO - removed directory '/opt/***/output/cep/Delimitado'
[2024-05-02T12:00:41.991+0000] {subprocess.py:97} INFO - Command exited with return code 0
[2024-05-02T12:00:41.992+0000] {taskinstance.py:441} INFO - ::group::Post task execution logs
[2024-05-02T12:00:42.005+0000] {taskinstance.py:1205} INFO - Marking task as SUCCESS. dag_id=cep_dag, task_id=lower_directory, execution_date=20240501T000000, start_date=20240502T120041, end_date=20240502T120042
[2024-05-02T12:00:42.028+0000] {local_task_job_runner.py:240} INFO - Task exited with return code 0
[2024-05-02T12:00:42.035+0000] {warnings.py:110} WARNING - /home/***/.local/lib/python3.12/site-packages/***/models/baseoperator.py:1296: AirflowProviderDeprecationWarning: Call to deprecated class PostgresOperator. (Please use `***.providers.common.sql.operators.sql.SQLExecuteQueryOperator`.Also, you can provide `hook_params={'schema': <database>}`.)
  result = cls.__new__(cls)

[2024-05-02T12:00:42.049+0000] {taskinstance.py:3482} INFO - 1 downstream tasks scheduled from follow-on schedule check
[2024-05-02T12:00:42.051+0000] {local_task_job_runner.py:222} INFO - ::endgroup::
