[2024-05-02T12:00:54.851+0000] {local_task_job_runner.py:120} INFO - ::group::Pre task execution logs
[2024-05-02T12:00:54.866+0000] {taskinstance.py:2073} INFO - Dependencies all met for dep_context=non-requeueable deps ti=<TaskInstance: cep_dag.etl_2 scheduled__2024-05-01T00:00:00+00:00 [queued]>
[2024-05-02T12:00:54.871+0000] {taskinstance.py:2073} INFO - Dependencies all met for dep_context=requeueable deps ti=<TaskInstance: cep_dag.etl_2 scheduled__2024-05-01T00:00:00+00:00 [queued]>
[2024-05-02T12:00:54.872+0000] {taskinstance.py:2303} INFO - Starting attempt 1 of 1
[2024-05-02T12:00:54.880+0000] {taskinstance.py:2327} INFO - Executing <Task(_PythonDecoratedOperator): etl_2> on 2024-05-01 00:00:00+00:00
[2024-05-02T12:00:54.887+0000] {warnings.py:110} WARNING - /home/***/.local/lib/python3.12/site-packages/***/task/task_runner/standard_task_runner.py:61: DeprecationWarning: This process (pid=329) is multi-threaded, use of fork() may lead to deadlocks in the child.
  pid = os.fork()

[2024-05-02T12:00:54.888+0000] {standard_task_runner.py:63} INFO - Started process 331 to run task
[2024-05-02T12:00:54.888+0000] {standard_task_runner.py:90} INFO - Running: ['***', 'tasks', 'run', 'cep_dag', 'etl_2', 'scheduled__2024-05-01T00:00:00+00:00', '--job-id', '47', '--raw', '--subdir', 'DAGS_FOLDER/cep.py', '--cfg-path', '/tmp/tmpoon64tas']
[2024-05-02T12:00:54.890+0000] {standard_task_runner.py:91} INFO - Job 47: Subtask etl_2
[2024-05-02T12:00:54.918+0000] {task_command.py:426} INFO - Running <TaskInstance: cep_dag.etl_2 scheduled__2024-05-01T00:00:00+00:00 [running]> on host 0e53be1c4f92
[2024-05-02T12:00:54.974+0000] {taskinstance.py:2644} INFO - Exporting env vars: AIRFLOW_CTX_DAG_OWNER='***' AIRFLOW_CTX_DAG_ID='cep_dag' AIRFLOW_CTX_TASK_ID='etl_2' AIRFLOW_CTX_EXECUTION_DATE='2024-05-01T00:00:00+00:00' AIRFLOW_CTX_TRY_NUMBER='1' AIRFLOW_CTX_DAG_RUN_ID='scheduled__2024-05-01T00:00:00+00:00'
[2024-05-02T12:00:54.975+0000] {taskinstance.py:430} INFO - ::endgroup::
[2024-05-02T12:00:54.975+0000] {logging_mixin.py:188} INFO - [{'filename': 'log_logradouro_ac.txt', 'tablename': 'log_logradouro', 'columns': ['log_nu', 'ufe_sg', 'loc_nu', 'bai_nu_ini', 'bai_nu_fim', 'log_no', 'log_complemento', 'cep', 'tlo_tx', 'log_sta_tlo', 'log_no_abrev']}, {'filename': 'log_logradouro_al.txt', 'tablename': 'log_logradouro', 'columns': ['log_nu', 'ufe_sg', 'loc_nu', 'bai_nu_ini', 'bai_nu_fim', 'log_no', 'log_complemento', 'cep', 'tlo_tx', 'log_sta_tlo', 'log_no_abrev']}, {'filename': 'log_logradouro_am.txt', 'tablename': 'log_logradouro', 'columns': ['log_nu', 'ufe_sg', 'loc_nu', 'bai_nu_ini', 'bai_nu_fim', 'log_no', 'log_complemento', 'cep', 'tlo_tx', 'log_sta_tlo', 'log_no_abrev']}, {'filename': 'log_logradouro_ap.txt', 'tablename': 'log_logradouro', 'columns': ['log_nu', 'ufe_sg', 'loc_nu', 'bai_nu_ini', 'bai_nu_fim', 'log_no', 'log_complemento', 'cep', 'tlo_tx', 'log_sta_tlo', 'log_no_abrev']}, {'filename': 'log_logradouro_ba.txt', 'tablename': 'log_logradouro', 'columns': ['log_nu', 'ufe_sg', 'loc_nu', 'bai_nu_ini', 'bai_nu_fim', 'log_no', 'log_complemento', 'cep', 'tlo_tx', 'log_sta_tlo', 'log_no_abrev']}, {'filename': 'log_logradouro_ce.txt', 'tablename': 'log_logradouro', 'columns': ['log_nu', 'ufe_sg', 'loc_nu', 'bai_nu_ini', 'bai_nu_fim', 'log_no', 'log_complemento', 'cep', 'tlo_tx', 'log_sta_tlo', 'log_no_abrev']}, {'filename': 'log_logradouro_df.txt', 'tablename': 'log_logradouro', 'columns': ['log_nu', 'ufe_sg', 'loc_nu', 'bai_nu_ini', 'bai_nu_fim', 'log_no', 'log_complemento', 'cep', 'tlo_tx', 'log_sta_tlo', 'log_no_abrev']}, {'filename': 'log_logradouro_es.txt', 'tablename': 'log_logradouro', 'columns': ['log_nu', 'ufe_sg', 'loc_nu', 'bai_nu_ini', 'bai_nu_fim', 'log_no', 'log_complemento', 'cep', 'tlo_tx', 'log_sta_tlo', 'log_no_abrev']}, {'filename': 'log_logradouro_go.txt', 'tablename': 'log_logradouro', 'columns': ['log_nu', 'ufe_sg', 'loc_nu', 'bai_nu_ini', 'bai_nu_fim', 'log_no', 'log_complemento', 'cep', 'tlo_tx', 'log_sta_tlo', 'log_no_abrev']}, {'filename': 'log_logradouro_ma.txt', 'tablename': 'log_logradouro', 'columns': ['log_nu', 'ufe_sg', 'loc_nu', 'bai_nu_ini', 'bai_nu_fim', 'log_no', 'log_complemento', 'cep', 'tlo_tx', 'log_sta_tlo', 'log_no_abrev']}, {'filename': 'log_logradouro_ms.txt', 'tablename': 'log_logradouro', 'columns': ['log_nu', 'ufe_sg', 'loc_nu', 'bai_nu_ini', 'bai_nu_fim', 'log_no', 'log_complemento', 'cep', 'tlo_tx', 'log_sta_tlo', 'log_no_abrev']}, {'filename': 'log_logradouro_mt.txt', 'tablename': 'log_logradouro', 'columns': ['log_nu', 'ufe_sg', 'loc_nu', 'bai_nu_ini', 'bai_nu_fim', 'log_no', 'log_complemento', 'cep', 'tlo_tx', 'log_sta_tlo', 'log_no_abrev']}, {'filename': 'log_logradouro_pa.txt', 'tablename': 'log_logradouro', 'columns': ['log_nu', 'ufe_sg', 'loc_nu', 'bai_nu_ini', 'bai_nu_fim', 'log_no', 'log_complemento', 'cep', 'tlo_tx', 'log_sta_tlo', 'log_no_abrev']}, {'filename': 'log_logradouro_pb.txt', 'tablename': 'log_logradouro', 'columns': ['log_nu', 'ufe_sg', 'loc_nu', 'bai_nu_ini', 'bai_nu_fim', 'log_no', 'log_complemento', 'cep', 'tlo_tx', 'log_sta_tlo', 'log_no_abrev']}, {'filename': 'log_logradouro_pe.txt', 'tablename': 'log_logradouro', 'columns': ['log_nu', 'ufe_sg', 'loc_nu', 'bai_nu_ini', 'bai_nu_fim', 'log_no', 'log_complemento', 'cep', 'tlo_tx', 'log_sta_tlo', 'log_no_abrev']}, {'filename': 'log_logradouro_pi.txt', 'tablename': 'log_logradouro', 'columns': ['log_nu', 'ufe_sg', 'loc_nu', 'bai_nu_ini', 'bai_nu_fim', 'log_no', 'log_complemento', 'cep', 'tlo_tx', 'log_sta_tlo', 'log_no_abrev']}, {'filename': 'log_logradouro_pr.txt', 'tablename': 'log_logradouro', 'columns': ['log_nu', 'ufe_sg', 'loc_nu', 'bai_nu_ini', 'bai_nu_fim', 'log_no', 'log_complemento', 'cep', 'tlo_tx', 'log_sta_tlo', 'log_no_abrev']}, {'filename': 'log_logradouro_rn.txt', 'tablename': 'log_logradouro', 'columns': ['log_nu', 'ufe_sg', 'loc_nu', 'bai_nu_ini', 'bai_nu_fim', 'log_no', 'log_complemento', 'cep', 'tlo_tx', 'log_sta_tlo', 'log_no_abrev']}, {'filename': 'log_logradouro_ro.txt', 'tablename': 'log_logradouro', 'columns': ['log_nu', 'ufe_sg', 'loc_nu', 'bai_nu_ini', 'bai_nu_fim', 'log_no', 'log_complemento', 'cep', 'tlo_tx', 'log_sta_tlo', 'log_no_abrev']}, {'filename': 'log_logradouro_rr.txt', 'tablename': 'log_logradouro', 'columns': ['log_nu', 'ufe_sg', 'loc_nu', 'bai_nu_ini', 'bai_nu_fim', 'log_no', 'log_complemento', 'cep', 'tlo_tx', 'log_sta_tlo', 'log_no_abrev']}, {'filename': 'log_logradouro_rs.txt', 'tablename': 'log_logradouro', 'columns': ['log_nu', 'ufe_sg', 'loc_nu', 'bai_nu_ini', 'bai_nu_fim', 'log_no', 'log_complemento', 'cep', 'tlo_tx', 'log_sta_tlo', 'log_no_abrev']}, {'filename': 'log_logradouro_sc.txt', 'tablename': 'log_logradouro', 'columns': ['log_nu', 'ufe_sg', 'loc_nu', 'bai_nu_ini', 'bai_nu_fim', 'log_no', 'log_complemento', 'cep', 'tlo_tx', 'log_sta_tlo', 'log_no_abrev']}, {'filename': 'log_logradouro_se.txt', 'tablename': 'log_logradouro', 'columns': ['log_nu', 'ufe_sg', 'loc_nu', 'bai_nu_ini', 'bai_nu_fim', 'log_no', 'log_complemento', 'cep', 'tlo_tx', 'log_sta_tlo', 'log_no_abrev']}, {'filename': 'log_logradouro_to.txt', 'tablename': 'log_logradouro', 'columns': ['log_nu', 'ufe_sg', 'loc_nu', 'bai_nu_ini', 'bai_nu_fim', 'log_no', 'log_complemento', 'cep', 'tlo_tx', 'log_sta_tlo', 'log_no_abrev']}]
[2024-05-02T12:00:54.975+0000] {logging_mixin.py:188} INFO - Filename: /opt/***/output/cep/log_logradouro_ac.txt, Table: log_logradouro, Columns: ['log_nu', 'ufe_sg', 'loc_nu', 'bai_nu_ini', 'bai_nu_fim', 'log_no', 'log_complemento', 'cep', 'tlo_tx', 'log_sta_tlo', 'log_no_abrev']
[2024-05-02T12:00:54.986+0000] {logging_mixin.py:188} INFO - /opt/***/output/cep/log_logradouro_ac.txt loaded into dataframe
[2024-05-02T12:00:55.124+0000] {logging_mixin.py:188} INFO - log_logradouro persisted
[2024-05-02T12:00:55.124+0000] {logging_mixin.py:188} INFO - Filename: /opt/***/output/cep/log_logradouro_al.txt, Table: log_logradouro, Columns: ['log_nu', 'ufe_sg', 'loc_nu', 'bai_nu_ini', 'bai_nu_fim', 'log_no', 'log_complemento', 'cep', 'tlo_tx', 'log_sta_tlo', 'log_no_abrev']
[2024-05-02T12:00:55.142+0000] {logging_mixin.py:188} INFO - /opt/***/output/cep/log_logradouro_al.txt loaded into dataframe
[2024-05-02T12:00:55.466+0000] {logging_mixin.py:188} INFO - log_logradouro persisted
[2024-05-02T12:00:55.467+0000] {logging_mixin.py:188} INFO - Filename: /opt/***/output/cep/log_logradouro_am.txt, Table: log_logradouro, Columns: ['log_nu', 'ufe_sg', 'loc_nu', 'bai_nu_ini', 'bai_nu_fim', 'log_no', 'log_complemento', 'cep', 'tlo_tx', 'log_sta_tlo', 'log_no_abrev']
[2024-05-02T12:00:55.489+0000] {logging_mixin.py:188} INFO - /opt/***/output/cep/log_logradouro_am.txt loaded into dataframe
[2024-05-02T12:00:56.090+0000] {logging_mixin.py:188} INFO - log_logradouro persisted
[2024-05-02T12:00:56.091+0000] {logging_mixin.py:188} INFO - Filename: /opt/***/output/cep/log_logradouro_ap.txt, Table: log_logradouro, Columns: ['log_nu', 'ufe_sg', 'loc_nu', 'bai_nu_ini', 'bai_nu_fim', 'log_no', 'log_complemento', 'cep', 'tlo_tx', 'log_sta_tlo', 'log_no_abrev']
[2024-05-02T12:00:56.097+0000] {logging_mixin.py:188} INFO - /opt/***/output/cep/log_logradouro_ap.txt loaded into dataframe
[2024-05-02T12:00:56.197+0000] {logging_mixin.py:188} INFO - log_logradouro persisted
[2024-05-02T12:00:56.197+0000] {logging_mixin.py:188} INFO - Filename: /opt/***/output/cep/log_logradouro_ba.txt, Table: log_logradouro, Columns: ['log_nu', 'ufe_sg', 'loc_nu', 'bai_nu_ini', 'bai_nu_fim', 'log_no', 'log_complemento', 'cep', 'tlo_tx', 'log_sta_tlo', 'log_no_abrev']
[2024-05-02T12:00:56.265+0000] {logging_mixin.py:188} INFO - /opt/***/output/cep/log_logradouro_ba.txt loaded into dataframe
[2024-05-02T12:00:57.848+0000] {logging_mixin.py:188} INFO - log_logradouro persisted
[2024-05-02T12:00:57.851+0000] {logging_mixin.py:188} INFO - Filename: /opt/***/output/cep/log_logradouro_ce.txt, Table: log_logradouro, Columns: ['log_nu', 'ufe_sg', 'loc_nu', 'bai_nu_ini', 'bai_nu_fim', 'log_no', 'log_complemento', 'cep', 'tlo_tx', 'log_sta_tlo', 'log_no_abrev']
[2024-05-02T12:00:57.883+0000] {logging_mixin.py:188} INFO - /opt/***/output/cep/log_logradouro_ce.txt loaded into dataframe
[2024-05-02T12:00:58.692+0000] {logging_mixin.py:188} INFO - log_logradouro persisted
[2024-05-02T12:00:58.694+0000] {logging_mixin.py:188} INFO - Filename: /opt/***/output/cep/log_logradouro_df.txt, Table: log_logradouro, Columns: ['log_nu', 'ufe_sg', 'loc_nu', 'bai_nu_ini', 'bai_nu_fim', 'log_no', 'log_complemento', 'cep', 'tlo_tx', 'log_sta_tlo', 'log_no_abrev']
[2024-05-02T12:00:58.731+0000] {logging_mixin.py:188} INFO - /opt/***/output/cep/log_logradouro_df.txt loaded into dataframe
[2024-05-02T12:00:59.815+0000] {logging_mixin.py:188} INFO - log_logradouro persisted
[2024-05-02T12:00:59.817+0000] {logging_mixin.py:188} INFO - Filename: /opt/***/output/cep/log_logradouro_es.txt, Table: log_logradouro, Columns: ['log_nu', 'ufe_sg', 'loc_nu', 'bai_nu_ini', 'bai_nu_fim', 'log_no', 'log_complemento', 'cep', 'tlo_tx', 'log_sta_tlo', 'log_no_abrev']
[2024-05-02T12:00:59.857+0000] {logging_mixin.py:188} INFO - /opt/***/output/cep/log_logradouro_es.txt loaded into dataframe
[2024-05-02T12:01:00.885+0000] {logging_mixin.py:188} INFO - log_logradouro persisted
[2024-05-02T12:01:00.886+0000] {logging_mixin.py:188} INFO - Filename: /opt/***/output/cep/log_logradouro_go.txt, Table: log_logradouro, Columns: ['log_nu', 'ufe_sg', 'loc_nu', 'bai_nu_ini', 'bai_nu_fim', 'log_no', 'log_complemento', 'cep', 'tlo_tx', 'log_sta_tlo', 'log_no_abrev']
[2024-05-02T12:01:00.946+0000] {logging_mixin.py:188} INFO - /opt/***/output/cep/log_logradouro_go.txt loaded into dataframe
[2024-05-02T12:01:02.655+0000] {logging_mixin.py:188} INFO - log_logradouro persisted
[2024-05-02T12:01:02.657+0000] {logging_mixin.py:188} INFO - Filename: /opt/***/output/cep/log_logradouro_ma.txt, Table: log_logradouro, Columns: ['log_nu', 'ufe_sg', 'loc_nu', 'bai_nu_ini', 'bai_nu_fim', 'log_no', 'log_complemento', 'cep', 'tlo_tx', 'log_sta_tlo', 'log_no_abrev']
[2024-05-02T12:01:02.674+0000] {logging_mixin.py:188} INFO - /opt/***/output/cep/log_logradouro_ma.txt loaded into dataframe
[2024-05-02T12:01:03.134+0000] {logging_mixin.py:188} INFO - log_logradouro persisted
[2024-05-02T12:01:03.135+0000] {logging_mixin.py:188} INFO - Filename: /opt/***/output/cep/log_logradouro_ms.txt, Table: log_logradouro, Columns: ['log_nu', 'ufe_sg', 'loc_nu', 'bai_nu_ini', 'bai_nu_fim', 'log_no', 'log_complemento', 'cep', 'tlo_tx', 'log_sta_tlo', 'log_no_abrev']
[2024-05-02T12:01:03.155+0000] {logging_mixin.py:188} INFO - /opt/***/output/cep/log_logradouro_ms.txt loaded into dataframe
[2024-05-02T12:01:03.579+0000] {logging_mixin.py:188} INFO - log_logradouro persisted
[2024-05-02T12:01:03.580+0000] {logging_mixin.py:188} INFO - Filename: /opt/***/output/cep/log_logradouro_mt.txt, Table: log_logradouro, Columns: ['log_nu', 'ufe_sg', 'loc_nu', 'bai_nu_ini', 'bai_nu_fim', 'log_no', 'log_complemento', 'cep', 'tlo_tx', 'log_sta_tlo', 'log_no_abrev']
[2024-05-02T12:01:03.599+0000] {logging_mixin.py:188} INFO - /opt/***/output/cep/log_logradouro_mt.txt loaded into dataframe
[2024-05-02T12:01:04.192+0000] {logging_mixin.py:188} INFO - log_logradouro persisted
[2024-05-02T12:01:04.193+0000] {logging_mixin.py:188} INFO - Filename: /opt/***/output/cep/log_logradouro_pa.txt, Table: log_logradouro, Columns: ['log_nu', 'ufe_sg', 'loc_nu', 'bai_nu_ini', 'bai_nu_fim', 'log_no', 'log_complemento', 'cep', 'tlo_tx', 'log_sta_tlo', 'log_no_abrev']
[2024-05-02T12:01:04.220+0000] {logging_mixin.py:188} INFO - /opt/***/output/cep/log_logradouro_pa.txt loaded into dataframe
[2024-05-02T12:01:04.898+0000] {logging_mixin.py:188} INFO - log_logradouro persisted
[2024-05-02T12:01:04.899+0000] {logging_mixin.py:188} INFO - Filename: /opt/***/output/cep/log_logradouro_pb.txt, Table: log_logradouro, Columns: ['log_nu', 'ufe_sg', 'loc_nu', 'bai_nu_ini', 'bai_nu_fim', 'log_no', 'log_complemento', 'cep', 'tlo_tx', 'log_sta_tlo', 'log_no_abrev']
[2024-05-02T12:01:04.916+0000] {logging_mixin.py:188} INFO - /opt/***/output/cep/log_logradouro_pb.txt loaded into dataframe
[2024-05-02T12:01:05.290+0000] {logging_mixin.py:188} INFO - log_logradouro persisted
[2024-05-02T12:01:05.291+0000] {logging_mixin.py:188} INFO - Filename: /opt/***/output/cep/log_logradouro_pe.txt, Table: log_logradouro, Columns: ['log_nu', 'ufe_sg', 'loc_nu', 'bai_nu_ini', 'bai_nu_fim', 'log_no', 'log_complemento', 'cep', 'tlo_tx', 'log_sta_tlo', 'log_no_abrev']
[2024-05-02T12:01:05.351+0000] {logging_mixin.py:188} INFO - /opt/***/output/cep/log_logradouro_pe.txt loaded into dataframe
[2024-05-02T12:01:06.775+0000] {logging_mixin.py:188} INFO - log_logradouro persisted
[2024-05-02T12:01:06.778+0000] {logging_mixin.py:188} INFO - Filename: /opt/***/output/cep/log_logradouro_pi.txt, Table: log_logradouro, Columns: ['log_nu', 'ufe_sg', 'loc_nu', 'bai_nu_ini', 'bai_nu_fim', 'log_no', 'log_complemento', 'cep', 'tlo_tx', 'log_sta_tlo', 'log_no_abrev']
[2024-05-02T12:01:06.794+0000] {logging_mixin.py:188} INFO - /opt/***/output/cep/log_logradouro_pi.txt loaded into dataframe
[2024-05-02T12:01:07.235+0000] {logging_mixin.py:188} INFO - log_logradouro persisted
[2024-05-02T12:01:07.236+0000] {logging_mixin.py:188} INFO - Filename: /opt/***/output/cep/log_logradouro_pr.txt, Table: log_logradouro, Columns: ['log_nu', 'ufe_sg', 'loc_nu', 'bai_nu_ini', 'bai_nu_fim', 'log_no', 'log_complemento', 'cep', 'tlo_tx', 'log_sta_tlo', 'log_no_abrev']
[2024-05-02T12:01:07.309+0000] {logging_mixin.py:188} INFO - /opt/***/output/cep/log_logradouro_pr.txt loaded into dataframe
[2024-05-02T12:01:08.931+0000] {logging_mixin.py:188} INFO - log_logradouro persisted
[2024-05-02T12:01:08.934+0000] {logging_mixin.py:188} INFO - Filename: /opt/***/output/cep/log_logradouro_rn.txt, Table: log_logradouro, Columns: ['log_nu', 'ufe_sg', 'loc_nu', 'bai_nu_ini', 'bai_nu_fim', 'log_no', 'log_complemento', 'cep', 'tlo_tx', 'log_sta_tlo', 'log_no_abrev']
[2024-05-02T12:01:08.951+0000] {logging_mixin.py:188} INFO - /opt/***/output/cep/log_logradouro_rn.txt loaded into dataframe
[2024-05-02T12:01:09.323+0000] {logging_mixin.py:188} INFO - log_logradouro persisted
[2024-05-02T12:01:09.324+0000] {logging_mixin.py:188} INFO - Filename: /opt/***/output/cep/log_logradouro_ro.txt, Table: log_logradouro, Columns: ['log_nu', 'ufe_sg', 'loc_nu', 'bai_nu_ini', 'bai_nu_fim', 'log_no', 'log_complemento', 'cep', 'tlo_tx', 'log_sta_tlo', 'log_no_abrev']
[2024-05-02T12:01:09.340+0000] {logging_mixin.py:188} INFO - /opt/***/output/cep/log_logradouro_ro.txt loaded into dataframe
[2024-05-02T12:01:09.666+0000] {logging_mixin.py:188} INFO - log_logradouro persisted
[2024-05-02T12:01:09.667+0000] {logging_mixin.py:188} INFO - Filename: /opt/***/output/cep/log_logradouro_rr.txt, Table: log_logradouro, Columns: ['log_nu', 'ufe_sg', 'loc_nu', 'bai_nu_ini', 'bai_nu_fim', 'log_no', 'log_complemento', 'cep', 'tlo_tx', 'log_sta_tlo', 'log_no_abrev']
[2024-05-02T12:01:09.673+0000] {logging_mixin.py:188} INFO - /opt/***/output/cep/log_logradouro_rr.txt loaded into dataframe
[2024-05-02T12:01:09.764+0000] {logging_mixin.py:188} INFO - log_logradouro persisted
[2024-05-02T12:01:09.764+0000] {logging_mixin.py:188} INFO - Filename: /opt/***/output/cep/log_logradouro_rs.txt, Table: log_logradouro, Columns: ['log_nu', 'ufe_sg', 'loc_nu', 'bai_nu_ini', 'bai_nu_fim', 'log_no', 'log_complemento', 'cep', 'tlo_tx', 'log_sta_tlo', 'log_no_abrev']
[2024-05-02T12:01:09.823+0000] {logging_mixin.py:188} INFO - /opt/***/output/cep/log_logradouro_rs.txt loaded into dataframe
[2024-05-02T12:01:11.268+0000] {logging_mixin.py:188} INFO - log_logradouro persisted
[2024-05-02T12:01:11.270+0000] {logging_mixin.py:188} INFO - Filename: /opt/***/output/cep/log_logradouro_sc.txt, Table: log_logradouro, Columns: ['log_nu', 'ufe_sg', 'loc_nu', 'bai_nu_ini', 'bai_nu_fim', 'log_no', 'log_complemento', 'cep', 'tlo_tx', 'log_sta_tlo', 'log_no_abrev']
[2024-05-02T12:01:11.324+0000] {logging_mixin.py:188} INFO - /opt/***/output/cep/log_logradouro_sc.txt loaded into dataframe
[2024-05-02T12:01:12.574+0000] {logging_mixin.py:188} INFO - log_logradouro persisted
[2024-05-02T12:01:12.576+0000] {logging_mixin.py:188} INFO - Filename: /opt/***/output/cep/log_logradouro_se.txt, Table: log_logradouro, Columns: ['log_nu', 'ufe_sg', 'loc_nu', 'bai_nu_ini', 'bai_nu_fim', 'log_no', 'log_complemento', 'cep', 'tlo_tx', 'log_sta_tlo', 'log_no_abrev']
[2024-05-02T12:01:12.585+0000] {logging_mixin.py:188} INFO - /opt/***/output/cep/log_logradouro_se.txt loaded into dataframe
[2024-05-02T12:01:12.762+0000] {logging_mixin.py:188} INFO - log_logradouro persisted
[2024-05-02T12:01:12.763+0000] {logging_mixin.py:188} INFO - Filename: /opt/***/output/cep/log_logradouro_to.txt, Table: log_logradouro, Columns: ['log_nu', 'ufe_sg', 'loc_nu', 'bai_nu_ini', 'bai_nu_fim', 'log_no', 'log_complemento', 'cep', 'tlo_tx', 'log_sta_tlo', 'log_no_abrev']
[2024-05-02T12:01:12.773+0000] {logging_mixin.py:188} INFO - /opt/***/output/cep/log_logradouro_to.txt loaded into dataframe
[2024-05-02T12:01:13.004+0000] {logging_mixin.py:188} INFO - log_logradouro persisted
[2024-05-02T12:01:13.005+0000] {logging_mixin.py:188} INFO - Done
[2024-05-02T12:01:13.005+0000] {python.py:237} INFO - Done. Returned value was: None
[2024-05-02T12:01:13.006+0000] {taskinstance.py:441} INFO - ::group::Post task execution logs
[2024-05-02T12:01:13.011+0000] {taskinstance.py:1205} INFO - Marking task as SUCCESS. dag_id=cep_dag, task_id=etl_2, execution_date=20240501T000000, start_date=20240502T120054, end_date=20240502T120113
[2024-05-02T12:01:13.060+0000] {local_task_job_runner.py:240} INFO - Task exited with return code 0
[2024-05-02T12:01:13.076+0000] {taskinstance.py:3482} INFO - 1 downstream tasks scheduled from follow-on schedule check
[2024-05-02T12:01:13.078+0000] {local_task_job_runner.py:222} INFO - ::endgroup::
