[2024-05-02T12:01:23.033+0000] {local_task_job_runner.py:120} INFO - ::group::Pre task execution logs
[2024-05-02T12:01:23.046+0000] {taskinstance.py:2073} INFO - Dependencies all met for dep_context=non-requeueable deps ti=<TaskInstance: cep_dag.etl_5 scheduled__2024-05-01T00:00:00+00:00 [queued]>
[2024-05-02T12:01:23.051+0000] {taskinstance.py:2073} INFO - Dependencies all met for dep_context=requeueable deps ti=<TaskInstance: cep_dag.etl_5 scheduled__2024-05-01T00:00:00+00:00 [queued]>
[2024-05-02T12:01:23.051+0000] {taskinstance.py:2303} INFO - Starting attempt 1 of 1
[2024-05-02T12:01:23.060+0000] {taskinstance.py:2327} INFO - Executing <Task(_PythonDecoratedOperator): etl_5> on 2024-05-01 00:00:00+00:00
[2024-05-02T12:01:23.067+0000] {warnings.py:110} WARNING - /home/***/.local/lib/python3.12/site-packages/***/task/task_runner/standard_task_runner.py:61: DeprecationWarning: This process (pid=345) is multi-threaded, use of fork() may lead to deadlocks in the child.
  pid = os.fork()

[2024-05-02T12:01:23.067+0000] {standard_task_runner.py:63} INFO - Started process 347 to run task
[2024-05-02T12:01:23.068+0000] {standard_task_runner.py:90} INFO - Running: ['***', 'tasks', 'run', 'cep_dag', 'etl_5', 'scheduled__2024-05-01T00:00:00+00:00', '--job-id', '50', '--raw', '--subdir', 'DAGS_FOLDER/cep.py', '--cfg-path', '/tmp/tmpynsarx99']
[2024-05-02T12:01:23.069+0000] {standard_task_runner.py:91} INFO - Job 50: Subtask etl_5
[2024-05-02T12:01:23.098+0000] {task_command.py:426} INFO - Running <TaskInstance: cep_dag.etl_5 scheduled__2024-05-01T00:00:00+00:00 [running]> on host 0e53be1c4f92
[2024-05-02T12:01:23.151+0000] {taskinstance.py:2644} INFO - Exporting env vars: AIRFLOW_CTX_DAG_OWNER='***' AIRFLOW_CTX_DAG_ID='cep_dag' AIRFLOW_CTX_TASK_ID='etl_5' AIRFLOW_CTX_EXECUTION_DATE='2024-05-01T00:00:00+00:00' AIRFLOW_CTX_TRY_NUMBER='1' AIRFLOW_CTX_DAG_RUN_ID='scheduled__2024-05-01T00:00:00+00:00'
[2024-05-02T12:01:23.152+0000] {taskinstance.py:430} INFO - ::endgroup::
[2024-05-02T12:01:23.153+0000] {logging_mixin.py:188} INFO - [{'filename': 'log_logradouro_sp.txt', 'tablename': 'log_logradouro', 'columns': ['log_nu', 'ufe_sg', 'loc_nu', 'bai_nu_ini', 'bai_nu_fim', 'log_no', 'log_complemento', 'cep', 'tlo_tx', 'log_sta_tlo', 'log_no_abrev']}]
[2024-05-02T12:01:23.153+0000] {logging_mixin.py:188} INFO - Filename: /opt/***/output/cep/log_logradouro_sp.txt, Table: log_logradouro, Columns: ['log_nu', 'ufe_sg', 'loc_nu', 'bai_nu_ini', 'bai_nu_fim', 'log_no', 'log_complemento', 'cep', 'tlo_tx', 'log_sta_tlo', 'log_no_abrev']
[2024-05-02T12:01:23.544+0000] {logging_mixin.py:188} INFO - /opt/***/output/cep/log_logradouro_sp.txt loaded into dataframe
[2024-05-02T12:01:31.796+0000] {logging_mixin.py:188} INFO - log_logradouro persisted
[2024-05-02T12:01:31.807+0000] {logging_mixin.py:188} INFO - Done
[2024-05-02T12:01:31.808+0000] {python.py:237} INFO - Done. Returned value was: None
[2024-05-02T12:01:31.808+0000] {taskinstance.py:441} INFO - ::group::Post task execution logs
[2024-05-02T12:01:31.813+0000] {taskinstance.py:1205} INFO - Marking task as SUCCESS. dag_id=cep_dag, task_id=etl_5, execution_date=20240501T000000, start_date=20240502T120123, end_date=20240502T120131
[2024-05-02T12:01:31.851+0000] {local_task_job_runner.py:240} INFO - Task exited with return code 0
[2024-05-02T12:01:31.864+0000] {taskinstance.py:3482} INFO - 1 downstream tasks scheduled from follow-on schedule check
[2024-05-02T12:01:31.865+0000] {local_task_job_runner.py:222} INFO - ::endgroup::
